Namespace(tool='PERS', exper=None, gml=['topologies/topzoo/Arnes.gml', '5'], index=None, prop='SC', prop_file=None, op_req=None, repeat=1, reduce=False, opt=False, u=False, some=False, count=False, weight_bound=None, savedir='topzoo_res/SC/PERS/PERS-1', dump_bdd=False)
Running 5Arnes.gml
Policy: (Service([44, 78, 112, 146, 180]-197) & (Reach 197))
Initial path of nodes: [10, 17, 23, 7, 30, 29, 28, 27, 44, 51, 57, 41, 64, 63, 62, 61, 78, 85, 91, 75, 98, 97, 96, 95, 112, 119, 125, 109, 132, 131, 130, 129, 146, 153, 159, 143, 166, 165, 164, 163, 180, 187, 193, 177, 200, 199, 198, 197]
Final path of nodes: [10, 17, 14, 18, 7, 30, 11, 12, 26, 27, 44, 56, 57, 38, 41, 64, 45, 46, 60, 61, 78, 90, 91, 72, 75, 98, 79, 80, 94, 95, 112, 124, 125, 106, 109, 132, 113, 114, 128, 129, 146, 158, 159, 140, 143, 166, 147, 148, 162, 163, 180, 192, 193, 174, 177, 200, 181, 182, 196, 197]
Persimmon problem:  {"Initial_routing":[[10, 17], [17, 23], [23, 7], [7, 30], [30, 29], [29, 28], [28, 27], [27, 44], [44, 51], [51, 57], [57, 41], [41, 64], [64, 63], [63, 62], [62, 61], [61, 78], [78, 85], [85, 91], [91, 75], [75, 98], [98, 97], [97, 96], [96, 95], [95, 112], [112, 119], [119, 125], [125, 109], [109, 132], [132, 131], [131, 130], [130, 129], [129, 146], [146, 153], [153, 159], [159, 143], [143, 166], [166, 165], [165, 164], [164, 163], [163, 180], [180, 187], [187, 193], [193, 177], [177, 200], [200, 199], [199, 198], [198, 197]],"Final_routing":[[10, 17], [17, 14], [14, 18], [18, 7], [7, 30], [30, 11], [11, 12], [12, 26], [26, 27], [27, 44], [44, 56], [56, 57], [57, 38], [38, 41], [41, 64], [64, 45], [45, 46], [46, 60], [60, 61], [61, 78], [78, 90], [90, 91], [91, 72], [72, 75], [75, 98], [98, 79], [79, 80], [80, 94], [94, 95], [95, 112], [112, 124], [124, 125], [125, 106], [106, 109], [109, 132], [132, 113], [113, 114], [114, 128], [128, 129], [129, 146], [146, 158], [158, 159], [159, 140], [140, 143], [143, 166], [166, 147], [147, 148], [148, 162], [162, 163], [163, 180], [180, 192], [192, 193], [193, 174], [174, 177], [177, 200], [200, 181], [181, 182], [182, 196], [196, 197]],"Properties":{"ServiceChain": {"waypoint": [44,78,112,146,180]},"Reachability":{"startNode":10,"finalNode":197}}}
Persimmon stdout:  Chain equivalence reduction: 78 -> 59
Constructing all update BDD
Solution: Some([[56, 181, 182, 196, 11, 12, 26, 124, 158, 14, 18, 192, 45, 46, 60, 79, 80, 94, 113, 114, 128, 147, 148, 162, 90], [30, 44, 106, 112, 166, 98, 64, 38, 132, 180, 17, 140, 200, 72, 78, 174, 146], [153, 97, 96, 29, 28, 85, 165, 164, 125, 159, 63, 62, 187, 57, 91, 23, 131, 130, 199, 198, 193, 51, 119]])
Time elapsed: 4.83ms
Time elapsed(s): 0.004828s

Persimmon stderr:  
Time: 0.004828
Solution: [[56, 181, 182, 196, 11, 12, 26, 124, 158, 14, 18, 192, 45, 46, 60, 79, 80, 94, 113, 114, 128, 147, 148, 162, 90], [30, 44, 106, 112, 166, 98, 64, 38, 132, 180, 17, 140, 200, 72, 78, 174, 146], [153, 97, 96, 29, 28, 85, 165, 164, 125, 159, 63, 62, 187, 57, 91, 23, 131, 130, 199, 198, 193, 51, 119]]
	Command being timed: "python3 allsynth/run.py -t PERS --GML topologies/topzoo/Arnes.gml 5 --dir topzoo_res/SC/PERS/PERS-1 --e-prop SC --repeat 1"
	User time (seconds): 0.98
	System time (seconds): 1.23
	Percent of CPU this job got: 337%
	Elapsed (wall clock) time (h:mm:ss or m:ss): 0:00.65
	Average shared text size (kbytes): 0
	Average unshared data size (kbytes): 0
	Average stack size (kbytes): 0
	Average total size (kbytes): 0
	Maximum resident set size (kbytes): 71632
	Average resident set size (kbytes): 0
	Major (requiring I/O) page faults: 0
	Minor (reclaiming a frame) page faults: 13304
	Voluntary context switches: 30
	Involuntary context switches: 335
	Swaps: 0
	File system inputs: 0
	File system outputs: 24
	Socket messages sent: 0
	Socket messages received: 0
	Signals delivered: 0
	Page size (bytes): 4096
	Exit status: 0
