Namespace(tool='PERS', exper=None, gml=['topologies/topzoo/AttMpls.gml', '5'], index=None, prop='SC', prop_file=None, op_req=None, repeat=1, reduce=False, opt=False, u=False, some=False, count=False, weight_bound=None, savedir='topzoo_res/SC/PERS/PERS-1', dump_bdd=False)
Running 5AttMpls.gml
Policy: (Service([27, 76, 124]-149) & (Reach 149))
Initial path of nodes: [1, 0, 2, 9, 22, 24, 26, 25, 27, 34, 47, 49, 51, 50, 52, 59, 72, 74, 76, 75, 77, 84, 97, 99, 101, 100, 102, 109, 122, 124, 126, 125, 127, 134, 147, 149]
Final path of nodes: [1, 0, 2, 15, 13, 12, 24, 26, 31, 27, 40, 38, 37, 49, 51, 56, 52, 65, 63, 62, 74, 76, 81, 77, 90, 88, 87, 99, 101, 106, 102, 115, 113, 112, 124, 126, 131, 127, 140, 138, 137, 149]
Persimmon problem:  {"Initial_routing":[[1, 0], [0, 2], [2, 9], [9, 22], [22, 24], [24, 26], [26, 25], [25, 27], [27, 34], [34, 47], [47, 49], [49, 51], [51, 50], [50, 52], [52, 59], [59, 72], [72, 74], [74, 76], [76, 75], [75, 77], [77, 84], [84, 97], [97, 99], [99, 101], [101, 100], [100, 102], [102, 109], [109, 122], [122, 124], [124, 126], [126, 125], [125, 127], [127, 134], [134, 147], [147, 149]],"Final_routing":[[1, 0], [0, 2], [2, 15], [15, 13], [13, 12], [12, 24], [24, 26], [26, 31], [31, 27], [27, 40], [40, 38], [38, 37], [37, 49], [49, 51], [51, 56], [56, 52], [52, 65], [65, 63], [63, 62], [62, 74], [74, 76], [76, 81], [81, 77], [77, 90], [90, 88], [88, 87], [87, 99], [99, 101], [101, 106], [106, 102], [102, 115], [115, 113], [113, 112], [112, 124], [124, 126], [126, 131], [131, 127], [127, 140], [140, 138], [138, 137], [137, 149]],"Properties":{"ServiceChain": {"waypoint": [27,76,124]},"Reachability":{"startNode":1,"finalNode":149}}}
Persimmon stdout:  Chain equivalence reduction: 59 -> 40
Constructing all update BDD
Solution: Some([[15, 13, 12, 131, 40, 38, 37, 106, 140, 138, 137, 56, 115, 113, 112, 65, 63, 62, 90, 88, 87, 81, 31], [102, 101, 76, 127, 126, 52, 26, 77, 51, 2, 27], [100, 9, 22, 25, 84, 97, 125, 34, 47, 75, 109, 122, 59, 72, 134, 147, 50]])
Time elapsed: 2.39ms
Time elapsed(s): 0.002389s

Persimmon stderr:  
Time: 0.002389
Solution: [[15, 13, 12, 131, 40, 38, 37, 106, 140, 138, 137, 56, 115, 113, 112, 65, 63, 62, 90, 88, 87, 81, 31], [102, 101, 76, 127, 126, 52, 26, 77, 51, 2, 27], [100, 9, 22, 25, 84, 97, 125, 34, 47, 75, 109, 122, 59, 72, 134, 147, 50]]
	Command being timed: "python3 allsynth/run.py -t PERS --GML topologies/topzoo/AttMpls.gml 5 --dir topzoo_res/SC/PERS/PERS-1 --e-prop SC --repeat 1"
	User time (seconds): 0.90
	System time (seconds): 1.29
	Percent of CPU this job got: 368%
	Elapsed (wall clock) time (h:mm:ss or m:ss): 0:00.59
	Average shared text size (kbytes): 0
	Average unshared data size (kbytes): 0
	Average stack size (kbytes): 0
	Average total size (kbytes): 0
	Maximum resident set size (kbytes): 71740
	Average resident set size (kbytes): 0
	Major (requiring I/O) page faults: 0
	Minor (reclaiming a frame) page faults: 13258
	Voluntary context switches: 28
	Involuntary context switches: 94
	Swaps: 0
	File system inputs: 0
	File system outputs: 24
	Socket messages sent: 0
	Socket messages received: 0
	Signals delivered: 0
	Page size (bytes): 4096
	Exit status: 0
