Namespace(tool='PERS', exper=None, gml=['topologies/topzoo/Cesnet200304.gml', '5'], index=None, prop='SC', prop_file=None, op_req=None, repeat=1, reduce=False, opt=False, u=False, some=False, count=False, weight_bound=None, savedir='topzoo_res/SC/PERS/PERS-1', dump_bdd=False)
Running 5Cesnet200304.gml
Policy: (Service([23, 43, 82, 111, 141, 170]-168) & (Reach 168))
Initial path of nodes: [13, 9, 0, 26, 25, 24, 23, 39, 56, 54, 32, 29, 38, 43, 71, 67, 58, 84, 83, 82, 81, 100, 96, 87, 113, 112, 111, 110, 129, 125, 116, 142, 141, 140, 139, 158, 154, 145, 171, 170, 169, 168]
Final path of nodes: [13, 9, 0, 3, 25, 22, 24, 23, 39, 56, 54, 36, 35, 38, 43, 71, 67, 58, 61, 83, 80, 82, 81, 100, 96, 93, 94, 112, 111, 110, 129, 125, 116, 119, 141, 138, 140, 139, 158, 154, 151, 152, 170, 169, 168]
Persimmon problem:  {"Initial_routing":[[13, 9], [9, 0], [0, 26], [26, 25], [25, 24], [24, 23], [23, 39], [39, 56], [56, 54], [54, 32], [32, 29], [29, 38], [38, 43], [43, 71], [71, 67], [67, 58], [58, 84], [84, 83], [83, 82], [82, 81], [81, 100], [100, 96], [96, 87], [87, 113], [113, 112], [112, 111], [111, 110], [110, 129], [129, 125], [125, 116], [116, 142], [142, 141], [141, 140], [140, 139], [139, 158], [158, 154], [154, 145], [145, 171], [171, 170], [170, 169], [169, 168]],"Final_routing":[[13, 9], [9, 0], [0, 3], [3, 25], [25, 22], [22, 24], [24, 23], [23, 39], [39, 56], [56, 54], [54, 36], [36, 35], [35, 38], [38, 43], [43, 71], [71, 67], [67, 58], [58, 61], [61, 83], [83, 80], [80, 82], [82, 81], [81, 100], [100, 96], [96, 93], [93, 94], [94, 112], [112, 111], [111, 110], [110, 129], [129, 125], [125, 116], [116, 119], [119, 141], [141, 138], [138, 140], [140, 139], [139, 158], [158, 154], [154, 151], [151, 152], [152, 170], [170, 169], [169, 168]],"Properties":{"ServiceChain": {"waypoint": [23,43,82,111,141,170]},"Reachability":{"startNode":13,"finalNode":168}}}
Persimmon stdout:  Chain equivalence reduction: 54 -> 40
Constructing all update BDD
Solution: Some([[119, 3, 93, 94, 36, 35, 151, 152, 61], [80, 54, 22, 96, 58, 116, 138, 154, 0], [87, 113, 142, 84, 83, 145, 171, 25, 32, 29, 26, 141]])
Time elapsed: 2.48ms
Time elapsed(s): 0.002478s

Persimmon stderr:  
Time: 0.002478
Solution: [[119, 3, 93, 94, 36, 35, 151, 152, 61], [80, 54, 22, 96, 58, 116, 138, 154, 0], [87, 113, 142, 84, 83, 145, 171, 25, 32, 29, 26, 141]]
	Command being timed: "python3 allsynth/run.py -t PERS --GML topologies/topzoo/Cesnet200304.gml 5 --dir topzoo_res/SC/PERS/PERS-1 --e-prop SC --repeat 1"
	User time (seconds): 0.87
	System time (seconds): 1.33
	Percent of CPU this job got: 369%
	Elapsed (wall clock) time (h:mm:ss or m:ss): 0:00.59
	Average shared text size (kbytes): 0
	Average unshared data size (kbytes): 0
	Average stack size (kbytes): 0
	Average total size (kbytes): 0
	Maximum resident set size (kbytes): 71236
	Average resident set size (kbytes): 0
	Major (requiring I/O) page faults: 0
	Minor (reclaiming a frame) page faults: 13163
	Voluntary context switches: 35
	Involuntary context switches: 77
	Swaps: 0
	File system inputs: 0
	File system outputs: 24
	Socket messages sent: 0
	Socket messages received: 0
	Signals delivered: 0
	Page size (bytes): 4096
	Exit status: 0
