Namespace(tool='PERS', exper=None, gml=['topologies/topzoo/Funet.gml', '5'], index=None, prop='SC', prop_file=None, op_req=None, repeat=1, reduce=False, opt=False, u=False, some=False, count=False, weight_bound=None, savedir='topzoo_res/SC/PERS/PERS-1', dump_bdd=False)
Running 5Funet.gml
Policy: (Service([47, 98, 139]-151) & (Reach 151))
Initial path of nodes: [9, 8, 5, 4, 24, 23, 18, 19, 20, 21, 35, 34, 31, 30, 50, 49, 44, 45, 46, 47, 61, 60, 57, 56, 76, 75, 70, 71, 72, 73, 87, 86, 83, 82, 102, 101, 96, 97, 98, 99, 113, 112, 109, 108, 128, 127, 122, 123, 124, 125, 139, 138, 135, 134, 154, 153, 148, 149, 150, 151]
Final path of nodes: [9, 13, 12, 7, 6, 3, 2, 25, 22, 20, 21, 35, 39, 38, 33, 32, 29, 28, 51, 48, 46, 47, 61, 65, 64, 59, 58, 55, 54, 77, 74, 72, 73, 87, 91, 90, 85, 84, 81, 80, 103, 100, 98, 99, 113, 117, 116, 111, 110, 107, 106, 129, 126, 124, 125, 139, 143, 142, 137, 136, 133, 132, 155, 152, 150, 151]
Persimmon problem:  {"Initial_routing":[[9, 8], [8, 5], [5, 4], [4, 24], [24, 23], [23, 18], [18, 19], [19, 20], [20, 21], [21, 35], [35, 34], [34, 31], [31, 30], [30, 50], [50, 49], [49, 44], [44, 45], [45, 46], [46, 47], [47, 61], [61, 60], [60, 57], [57, 56], [56, 76], [76, 75], [75, 70], [70, 71], [71, 72], [72, 73], [73, 87], [87, 86], [86, 83], [83, 82], [82, 102], [102, 101], [101, 96], [96, 97], [97, 98], [98, 99], [99, 113], [113, 112], [112, 109], [109, 108], [108, 128], [128, 127], [127, 122], [122, 123], [123, 124], [124, 125], [125, 139], [139, 138], [138, 135], [135, 134], [134, 154], [154, 153], [153, 148], [148, 149], [149, 150], [150, 151]],"Final_routing":[[9, 13], [13, 12], [12, 7], [7, 6], [6, 3], [3, 2], [2, 25], [25, 22], [22, 20], [20, 21], [21, 35], [35, 39], [39, 38], [38, 33], [33, 32], [32, 29], [29, 28], [28, 51], [51, 48], [48, 46], [46, 47], [47, 61], [61, 65], [65, 64], [64, 59], [59, 58], [58, 55], [55, 54], [54, 77], [77, 74], [74, 72], [72, 73], [73, 87], [87, 91], [91, 90], [90, 85], [85, 84], [84, 81], [81, 80], [80, 103], [103, 100], [100, 98], [98, 99], [99, 113], [113, 117], [117, 116], [116, 111], [111, 110], [110, 107], [107, 106], [106, 129], [129, 126], [126, 124], [124, 125], [125, 139], [139, 143], [143, 142], [142, 137], [137, 136], [136, 133], [133, 132], [132, 155], [155, 152], [152, 150], [150, 151]],"Properties":{"ServiceChain": {"waypoint": [47,98,139]},"Reachability":{"startNode":9,"finalNode":151}}}
Persimmon stdout:  Chain equivalence reduction: 108 -> 27
Constructing all update BDD
Solution: Some([[117, 116, 111, 110, 107, 106, 129, 126, 65, 64, 59, 58, 55, 54, 77, 74, 39, 38, 33, 32, 29, 28, 51, 48, 13, 12, 7, 6, 3, 2, 25, 22, 91, 90, 85, 84, 81, 80, 103, 100, 143, 142, 137, 136, 133, 132, 155, 152], [35, 113, 9, 87, 139, 61], [86, 83, 82, 102, 101, 96, 97, 60, 57, 56, 76, 75, 70, 71, 112, 109, 108, 128, 127, 122, 123, 8, 5, 4, 24, 23, 18, 19, 34, 31, 30, 50, 49, 44, 45, 138, 135, 134, 154, 153, 148, 149]])
Time elapsed: 1.35ms
Time elapsed(s): 0.001345s

Persimmon stderr:  
Time: 0.001345
Solution: [[117, 116, 111, 110, 107, 106, 129, 126, 65, 64, 59, 58, 55, 54, 77, 74, 39, 38, 33, 32, 29, 28, 51, 48, 13, 12, 7, 6, 3, 2, 25, 22, 91, 90, 85, 84, 81, 80, 103, 100, 143, 142, 137, 136, 133, 132, 155, 152], [35, 113, 9, 87, 139, 61], [86, 83, 82, 102, 101, 96, 97, 60, 57, 56, 76, 75, 70, 71, 112, 109, 108, 128, 127, 122, 123, 8, 5, 4, 24, 23, 18, 19, 34, 31, 30, 50, 49, 44, 45, 138, 135, 134, 154, 153, 148, 149]]
	Command being timed: "python3 allsynth/run.py -t PERS --GML topologies/topzoo/Funet.gml 5 --dir topzoo_res/SC/PERS/PERS-1 --e-prop SC --repeat 1"
	User time (seconds): 0.88
	System time (seconds): 1.31
	Percent of CPU this job got: 374%
	Elapsed (wall clock) time (h:mm:ss or m:ss): 0:00.58
	Average shared text size (kbytes): 0
	Average unshared data size (kbytes): 0
	Average stack size (kbytes): 0
	Average total size (kbytes): 0
	Maximum resident set size (kbytes): 71356
	Average resident set size (kbytes): 0
	Major (requiring I/O) page faults: 0
	Minor (reclaiming a frame) page faults: 13154
	Voluntary context switches: 33
	Involuntary context switches: 75
	Swaps: 0
	File system inputs: 0
	File system outputs: 24
	Socket messages sent: 0
	Socket messages received: 0
	Signals delivered: 0
	Page size (bytes): 4096
	Exit status: 0
