Namespace(tool='PERS', exper=None, gml=['topologies/topzoo/Syringa.gml', '5'], index=None, prop='SC', prop_file=None, op_req=None, repeat=1, reduce=False, opt=False, u=False, some=False, count=False, weight_bound=None, savedir='topzoo_res/SC/PERS/PERS-1', dump_bdd=False)
Running 5Syringa.gml
Policy: (Service([72, 3, 24, 143, 76, 97, 218, 213, 173, 293, 286, 229, 297, 369, 296, 376, 442, 373, 394]-394) & (Reach 394))
Initial path of nodes: [6, 1, 71, 70, 69, 72, 73, 64, 65, 2, 3, 0, 7, 4, 10, 51, 27, 54, 53, 52, 59, 58, 57, 56, 50, 49, 41, 17, 16, 25, 23, 24, 80, 75, 145, 144, 143, 146, 147, 138, 139, 76, 77, 74, 81, 78, 84, 125, 101, 128, 127, 126, 133, 132, 131, 130, 124, 123, 115, 91, 90, 99, 97, 98, 154, 149, 219, 218, 217, 220, 221, 212, 213, 150, 151, 148, 155, 152, 158, 199, 175, 202, 201, 200, 207, 206, 205, 204, 198, 197, 189, 165, 164, 173, 171, 172, 228, 223, 293, 292, 291, 294, 295, 286, 287, 224, 225, 222, 229, 226, 232, 273, 249, 276, 275, 274, 281, 280, 279, 278, 272, 271, 263, 239, 238, 247, 245, 246, 302, 297, 367, 366, 365, 368, 369, 360, 361, 298, 299, 296, 303, 300, 306, 347, 323, 350, 349, 348, 355, 354, 353, 352, 346, 345, 337, 313, 312, 321, 319, 320, 376, 371, 441, 440, 439, 442, 443, 434, 435, 372, 373, 370, 377, 374, 380, 421, 397, 424, 423, 422, 429, 428, 427, 426, 420, 419, 411, 387, 386, 395, 393, 394]
Final path of nodes: [6, 1, 71, 70, 69, 72, 73, 64, 65, 2, 3, 0, 7, 5, 43, 47, 61, 33, 15, 14, 12, 13, 31, 48, 8, 9, 29, 39, 36, 34, 25, 23, 24, 80, 75, 145, 144, 143, 146, 147, 138, 139, 76, 77, 74, 81, 79, 117, 121, 135, 107, 89, 88, 86, 87, 105, 122, 82, 83, 103, 113, 110, 108, 99, 97, 98, 154, 149, 219, 218, 217, 220, 221, 212, 213, 150, 151, 148, 155, 153, 191, 195, 209, 181, 163, 162, 160, 161, 179, 196, 156, 157, 177, 187, 184, 182, 173, 171, 172, 228, 223, 293, 292, 291, 294, 295, 286, 287, 224, 225, 222, 229, 227, 265, 269, 283, 255, 237, 236, 234, 235, 253, 270, 230, 231, 251, 261, 258, 256, 247, 245, 246, 302, 297, 367, 366, 365, 368, 369, 360, 361, 298, 299, 296, 303, 301, 339, 343, 357, 329, 311, 310, 308, 309, 327, 344, 304, 305, 325, 335, 332, 330, 321, 319, 320, 376, 371, 441, 440, 439, 442, 443, 434, 435, 372, 373, 370, 377, 375, 413, 417, 431, 403, 385, 384, 382, 383, 401, 418, 378, 379, 399, 409, 406, 404, 395, 393, 394]
Persimmon problem:  {"Initial_routing":[[6, 1], [1, 71], [71, 70], [70, 69], [69, 72], [72, 73], [73, 64], [64, 65], [65, 2], [2, 3], [3, 0], [0, 7], [7, 4], [4, 10], [10, 51], [51, 27], [27, 54], [54, 53], [53, 52], [52, 59], [59, 58], [58, 57], [57, 56], [56, 50], [50, 49], [49, 41], [41, 17], [17, 16], [16, 25], [25, 23], [23, 24], [24, 80], [80, 75], [75, 145], [145, 144], [144, 143], [143, 146], [146, 147], [147, 138], [138, 139], [139, 76], [76, 77], [77, 74], [74, 81], [81, 78], [78, 84], [84, 125], [125, 101], [101, 128], [128, 127], [127, 126], [126, 133], [133, 132], [132, 131], [131, 130], [130, 124], [124, 123], [123, 115], [115, 91], [91, 90], [90, 99], [99, 97], [97, 98], [98, 154], [154, 149], [149, 219], [219, 218], [218, 217], [217, 220], [220, 221], [221, 212], [212, 213], [213, 150], [150, 151], [151, 148], [148, 155], [155, 152], [152, 158], [158, 199], [199, 175], [175, 202], [202, 201], [201, 200], [200, 207], [207, 206], [206, 205], [205, 204], [204, 198], [198, 197], [197, 189], [189, 165], [165, 164], [164, 173], [173, 171], [171, 172], [172, 228], [228, 223], [223, 293], [293, 292], [292, 291], [291, 294], [294, 295], [295, 286], [286, 287], [287, 224], [224, 225], [225, 222], [222, 229], [229, 226], [226, 232], [232, 273], [273, 249], [249, 276], [276, 275], [275, 274], [274, 281], [281, 280], [280, 279], [279, 278], [278, 272], [272, 271], [271, 263], [263, 239], [239, 238], [238, 247], [247, 245], [245, 246], [246, 302], [302, 297], [297, 367], [367, 366], [366, 365], [365, 368], [368, 369], [369, 360], [360, 361], [361, 298], [298, 299], [299, 296], [296, 303], [303, 300], [300, 306], [306, 347], [347, 323], [323, 350], [350, 349], [349, 348], [348, 355], [355, 354], [354, 353], [353, 352], [352, 346], [346, 345], [345, 337], [337, 313], [313, 312], [312, 321], [321, 319], [319, 320], [320, 376], [376, 371], [371, 441], [441, 440], [440, 439], [439, 442], [442, 443], [443, 434], [434, 435], [435, 372], [372, 373], [373, 370], [370, 377], [377, 374], [374, 380], [380, 421], [421, 397], [397, 424], [424, 423], [423, 422], [422, 429], [429, 428], [428, 427], [427, 426], [426, 420], [420, 419], [419, 411], [411, 387], [387, 386], [386, 395], [395, 393], [393, 394]],"Final_routing":[[6, 1], [1, 71], [71, 70], [70, 69], [69, 72], [72, 73], [73, 64], [64, 65], [65, 2], [2, 3], [3, 0], [0, 7], [7, 5], [5, 43], [43, 47], [47, 61], [61, 33], [33, 15], [15, 14], [14, 12], [12, 13], [13, 31], [31, 48], [48, 8], [8, 9], [9, 29], [29, 39], [39, 36], [36, 34], [34, 25], [25, 23], [23, 24], [24, 80], [80, 75], [75, 145], [145, 144], [144, 143], [143, 146], [146, 147], [147, 138], [138, 139], [139, 76], [76, 77], [77, 74], [74, 81], [81, 79], [79, 117], [117, 121], [121, 135], [135, 107], [107, 89], [89, 88], [88, 86], [86, 87], [87, 105], [105, 122], [122, 82], [82, 83], [83, 103], [103, 113], [113, 110], [110, 108], [108, 99], [99, 97], [97, 98], [98, 154], [154, 149], [149, 219], [219, 218], [218, 217], [217, 220], [220, 221], [221, 212], [212, 213], [213, 150], [150, 151], [151, 148], [148, 155], [155, 153], [153, 191], [191, 195], [195, 209], [209, 181], [181, 163], [163, 162], [162, 160], [160, 161], [161, 179], [179, 196], [196, 156], [156, 157], [157, 177], [177, 187], [187, 184], [184, 182], [182, 173], [173, 171], [171, 172], [172, 228], [228, 223], [223, 293], [293, 292], [292, 291], [291, 294], [294, 295], [295, 286], [286, 287], [287, 224], [224, 225], [225, 222], [222, 229], [229, 227], [227, 265], [265, 269], [269, 283], [283, 255], [255, 237], [237, 236], [236, 234], [234, 235], [235, 253], [253, 270], [270, 230], [230, 231], [231, 251], [251, 261], [261, 258], [258, 256], [256, 247], [247, 245], [245, 246], [246, 302], [302, 297], [297, 367], [367, 366], [366, 365], [365, 368], [368, 369], [369, 360], [360, 361], [361, 298], [298, 299], [299, 296], [296, 303], [303, 301], [301, 339], [339, 343], [343, 357], [357, 329], [329, 311], [311, 310], [310, 308], [308, 309], [309, 327], [327, 344], [344, 304], [304, 305], [305, 325], [325, 335], [335, 332], [332, 330], [330, 321], [321, 319], [319, 320], [320, 376], [376, 371], [371, 441], [441, 440], [440, 439], [439, 442], [442, 443], [443, 434], [434, 435], [435, 372], [372, 373], [373, 370], [370, 377], [377, 375], [375, 413], [413, 417], [417, 431], [431, 403], [403, 385], [385, 384], [384, 382], [382, 383], [383, 401], [401, 418], [418, 378], [378, 379], [379, 399], [399, 409], [409, 406], [406, 404], [404, 395], [395, 393], [393, 394]],"Properties":{"ServiceChain": {"waypoint": [72,3,24,143,76,97,218,213,173,293,286,229,297,369,296,376,442,373,394]},"Reachability":{"startNode":6,"finalNode":394}}}
Persimmon stdout:  Chain equivalence reduction: 294 -> 58
Constructing all update BDD
Solution: Some([[227, 265, 269, 283, 255, 237, 236, 234, 235, 253, 270, 230, 231, 251, 261, 258, 256, 5, 43, 47, 61, 33, 15, 14, 12, 13, 31, 48, 8, 9, 29, 39, 36, 34, 375, 413, 417, 431, 403, 385, 384, 382, 383, 401, 418, 378, 379, 399, 409, 406, 404, 79, 117, 121, 135, 107, 89, 88, 86, 87, 105, 122, 82, 83, 103, 113, 110, 108, 153, 191, 195, 209, 181, 163, 162, 160, 161, 179, 196, 156, 157, 177, 187, 184, 182, 301, 339, 343, 357, 329, 311, 310, 308, 309, 327, 344, 304, 305, 325, 335, 332, 330], [155, 229, 303, 377, 81, 7], [300, 306, 347, 323, 350, 349, 348, 355, 354, 353, 352, 346, 345, 337, 313, 312, 4, 10, 51, 27, 54, 53, 52, 59, 58, 57, 56, 50, 49, 41, 17, 16, 226, 232, 273, 249, 276, 275, 274, 281, 280, 279, 278, 272, 271, 263, 239, 238, 78, 84, 125, 101, 128, 127, 126, 133, 132, 131, 130, 124, 123, 115, 91, 90, 152, 158, 199, 175, 202, 201, 200, 207, 206, 205, 204, 198, 197, 189, 165, 164, 374, 380, 421, 397, 424, 423, 422, 429, 428, 427, 426, 420, 419, 411, 387, 386]])
Time elapsed: 4.62ms
Time elapsed(s): 0.004623s

Persimmon stderr:  
Time: 0.004623
Solution: [[227, 265, 269, 283, 255, 237, 236, 234, 235, 253, 270, 230, 231, 251, 261, 258, 256, 5, 43, 47, 61, 33, 15, 14, 12, 13, 31, 48, 8, 9, 29, 39, 36, 34, 375, 413, 417, 431, 403, 385, 384, 382, 383, 401, 418, 378, 379, 399, 409, 406, 404, 79, 117, 121, 135, 107, 89, 88, 86, 87, 105, 122, 82, 83, 103, 113, 110, 108, 153, 191, 195, 209, 181, 163, 162, 160, 161, 179, 196, 156, 157, 177, 187, 184, 182, 301, 339, 343, 357, 329, 311, 310, 308, 309, 327, 344, 304, 305, 325, 335, 332, 330], [155, 229, 303, 377, 81, 7], [300, 306, 347, 323, 350, 349, 348, 355, 354, 353, 352, 346, 345, 337, 313, 312, 4, 10, 51, 27, 54, 53, 52, 59, 58, 57, 56, 50, 49, 41, 17, 16, 226, 232, 273, 249, 276, 275, 274, 281, 280, 279, 278, 272, 271, 263, 239, 238, 78, 84, 125, 101, 128, 127, 126, 133, 132, 131, 130, 124, 123, 115, 91, 90, 152, 158, 199, 175, 202, 201, 200, 207, 206, 205, 204, 198, 197, 189, 165, 164, 374, 380, 421, 397, 424, 423, 422, 429, 428, 427, 426, 420, 419, 411, 387, 386]]
	Command being timed: "python3 allsynth/run.py -t PERS --GML topologies/topzoo/Syringa.gml 5 --dir topzoo_res/SC/PERS/PERS-1 --e-prop SC --repeat 1"
	User time (seconds): 1.09
	System time (seconds): 1.27
	Percent of CPU this job got: 312%
	Elapsed (wall clock) time (h:mm:ss or m:ss): 0:00.75
	Average shared text size (kbytes): 0
	Average unshared data size (kbytes): 0
	Average stack size (kbytes): 0
	Average total size (kbytes): 0
	Maximum resident set size (kbytes): 72892
	Average resident set size (kbytes): 0
	Major (requiring I/O) page faults: 0
	Minor (reclaiming a frame) page faults: 13615
	Voluntary context switches: 30
	Involuntary context switches: 95
	Swaps: 0
	File system inputs: 0
	File system outputs: 40
	Socket messages sent: 0
	Socket messages received: 0
	Signals delivered: 0
	Page size (bytes): 4096
	Exit status: 0
