Namespace(tool='BDD', exper=None, gml=['topologies/topzoo/Aarnet.gml', '5'], index=None, prop='Reach', prop_file=None, op_req=None, repeat=1, reduce=True, opt=False, u=False, some=False, count=False, weight_bound=None, savedir='topzoo_res/Reach/reduce/BDD-0', dump_bdd=False)
Running 5Aarnet.gml
Policy: (Reach 113)
Initial path of nodes: [5, 4, 7, 6, 0, 10, 2, 15, 13, 18, 24, 23, 26, 25, 19, 29, 21, 34, 32, 37, 43, 42, 45, 44, 38, 48, 40, 53, 51, 56, 62, 61, 64, 63, 57, 67, 59, 72, 70, 75, 81, 80, 83, 82, 76, 86, 78, 91, 89, 94, 100, 99, 102, 101, 95, 105, 97, 110, 108, 113]
Final path of nodes: [5, 4, 7, 6, 0, 3, 16, 14, 17, 18, 24, 23, 26, 25, 19, 22, 35, 33, 36, 37, 43, 42, 45, 44, 38, 41, 54, 52, 55, 56, 62, 61, 64, 63, 57, 60, 73, 71, 74, 75, 81, 80, 83, 82, 76, 79, 92, 90, 93, 94, 100, 99, 102, 101, 95, 98, 111, 109, 112, 113]
Time: 0.005879878997802734
Solution: non-empty
	Command being timed: "python3 allsynth/run.py -t BDD --GML topologies/topzoo/Aarnet.gml 5 --dir topzoo_res/Reach/reduce/BDD-0 --e-prop Reach --repeat 1 --reduce"
	User time (seconds): 0.65
	System time (seconds): 1.29
	Percent of CPU this job got: 571%
	Elapsed (wall clock) time (h:mm:ss or m:ss): 0:00.34
	Average shared text size (kbytes): 0
	Average unshared data size (kbytes): 0
	Average stack size (kbytes): 0
	Average total size (kbytes): 0
	Maximum resident set size (kbytes): 88252
	Average resident set size (kbytes): 0
	Major (requiring I/O) page faults: 0
	Minor (reclaiming a frame) page faults: 14016
	Voluntary context switches: 25
	Involuntary context switches: 59
	Swaps: 0
	File system inputs: 0
	File system outputs: 24
	Socket messages sent: 0
	Socket messages received: 0
	Signals delivered: 0
	Page size (bytes): 4096
	Exit status: 0
