Namespace(tool='BDD', exper=None, gml=['topologies/topzoo/Belnet2009.gml', '5'], index=None, prop='Reach', prop_file=None, op_req=None, repeat=1, reduce=True, opt=False, u=False, some=False, count=False, weight_bound=None, savedir='topzoo_res/Reach/reduce/BDD-0', dump_bdd=False)
Running 5Belnet2009.gml
Policy: (Reach 114)
Initial path of nodes: [2, 11, 10, 18, 4, 5, 8, 9, 21, 22, 27, 38, 28, 33, 30, 29, 44, 53, 52, 60, 46, 47, 50, 51, 65, 74, 73, 81, 67, 68, 71, 72, 86, 95, 94, 102, 88, 89, 92, 93, 107, 116, 115, 123, 109, 110, 113, 114]
Final path of nodes: [2, 3, 0, 1, 6, 17, 7, 12, 9, 21, 24, 23, 32, 31, 39, 25, 26, 29, 44, 45, 42, 43, 48, 59, 49, 54, 51, 65, 66, 63, 64, 69, 80, 70, 75, 72, 86, 87, 84, 85, 90, 101, 91, 96, 93, 107, 108, 105, 106, 111, 122, 112, 117, 114]
Time: 0.007174015045166016
Solution: non-empty
	Command being timed: "python3 allsynth/run.py -t BDD --GML topologies/topzoo/Belnet2009.gml 5 --dir topzoo_res/Reach/reduce/BDD-0 --e-prop Reach --repeat 1 --reduce"
	User time (seconds): 0.71
	System time (seconds): 1.32
	Percent of CPU this job got: 473%
	Elapsed (wall clock) time (h:mm:ss or m:ss): 0:00.43
	Average shared text size (kbytes): 0
	Average unshared data size (kbytes): 0
	Average stack size (kbytes): 0
	Average total size (kbytes): 0
	Maximum resident set size (kbytes): 88484
	Average resident set size (kbytes): 0
	Major (requiring I/O) page faults: 0
	Minor (reclaiming a frame) page faults: 14078
	Voluntary context switches: 25
	Involuntary context switches: 36
	Swaps: 0
	File system inputs: 0
	File system outputs: 24
	Socket messages sent: 0
	Socket messages received: 0
	Signals delivered: 0
	Page size (bytes): 4096
	Exit status: 0
