Namespace(tool='BDD', exper=None, gml=['topologies/topzoo/BeyondTheNetwork.gml', '5'], index=None, prop='Reach', prop_file=None, op_req=None, repeat=1, reduce=True, opt=False, u=False, some=False, count=False, weight_bound=None, savedir='topzoo_res/Reach/reduce/BDD-0', dump_bdd=False)
Running 5BeyondTheNetwork.gml
Policy: (Reach 291)
Initial path of nodes: [18, 40, 49, 35, 48, 47, 6, 26, 57, 58, 61, 62, 88, 102, 93, 77, 124, 146, 155, 141, 154, 153, 112, 132, 177, 199, 208, 194, 207, 206, 165, 185, 230, 252, 261, 247, 260, 259, 218, 238, 283, 305, 314, 300, 313, 312, 271, 291]
Final path of nodes: [18, 40, 49, 50, 43, 25, 47, 6, 26, 57, 60, 59, 100, 56, 55, 104, 102, 93, 77, 124, 146, 155, 156, 149, 131, 153, 112, 132, 177, 199, 208, 209, 202, 184, 206, 165, 185, 230, 252, 261, 262, 255, 237, 259, 218, 238, 283, 305, 314, 315, 308, 290, 312, 271, 291]
Time: 0.00723576545715332
Solution: non-empty
	Command being timed: "python3 allsynth/run.py -t BDD --GML topologies/topzoo/BeyondTheNetwork.gml 5 --dir topzoo_res/Reach/reduce/BDD-0 --e-prop Reach --repeat 1 --reduce"
	User time (seconds): 0.79
	System time (seconds): 1.23
	Percent of CPU this job got: 418%
	Elapsed (wall clock) time (h:mm:ss or m:ss): 0:00.48
	Average shared text size (kbytes): 0
	Average unshared data size (kbytes): 0
	Average stack size (kbytes): 0
	Average total size (kbytes): 0
	Maximum resident set size (kbytes): 89724
	Average resident set size (kbytes): 0
	Major (requiring I/O) page faults: 0
	Minor (reclaiming a frame) page faults: 14355
	Voluntary context switches: 26
	Involuntary context switches: 82
	Swaps: 0
	File system inputs: 0
	File system outputs: 24
	Socket messages sent: 0
	Socket messages received: 0
	Signals delivered: 0
	Page size (bytes): 4096
	Exit status: 0
