Namespace(tool='BDD', exper=None, gml=['topologies/topzoo/Cernet.gml', '5'], index=None, prop='Reach', prop_file=None, op_req=None, repeat=1, reduce=True, opt=False, u=False, some=False, count=False, weight_bound=None, savedir='topzoo_res/Reach/reduce/BDD-0', dump_bdd=False)
Running 5Cernet.gml
Policy: (Reach 243)
Initial path of nodes: [0, 7, 24, 21, 37, 38, 41, 48, 65, 62, 78, 79, 82, 89, 106, 103, 119, 120, 123, 130, 147, 144, 160, 161, 164, 171, 188, 185, 201, 202, 205, 212, 229, 226, 242, 243]
Final path of nodes: [0, 7, 24, 32, 37, 33, 38, 41, 47, 48, 65, 73, 78, 74, 79, 82, 88, 89, 106, 114, 119, 115, 120, 123, 129, 130, 147, 155, 160, 156, 161, 164, 170, 171, 188, 196, 201, 197, 202, 205, 211, 212, 229, 237, 242, 238, 243]
Time: 0.03400731086730957
Solution: non-empty
	Command being timed: "python3 allsynth/run.py -t BDD --GML topologies/topzoo/Cernet.gml 5 --dir topzoo_res/Reach/reduce/BDD-0 --e-prop Reach --repeat 1 --reduce"
	User time (seconds): 0.75
	System time (seconds): 1.25
	Percent of CPU this job got: 412%
	Elapsed (wall clock) time (h:mm:ss or m:ss): 0:00.48
	Average shared text size (kbytes): 0
	Average unshared data size (kbytes): 0
	Average stack size (kbytes): 0
	Average total size (kbytes): 0
	Maximum resident set size (kbytes): 89484
	Average resident set size (kbytes): 0
	Major (requiring I/O) page faults: 0
	Minor (reclaiming a frame) page faults: 14347
	Voluntary context switches: 21
	Involuntary context switches: 152
	Swaps: 0
	File system inputs: 0
	File system outputs: 24
	Socket messages sent: 0
	Socket messages received: 0
	Signals delivered: 0
	Page size (bytes): 4096
	Exit status: 0
