Namespace(tool='BDD', exper=None, gml=['topologies/topzoo/Claranet.gml', '5'], index=None, prop='Reach', prop_file=None, op_req=None, repeat=1, reduce=True, opt=False, u=False, some=False, count=False, weight_bound=None, savedir='topzoo_res/Reach/reduce/BDD-0', dump_bdd=False)
Running 5Claranet.gml
Policy: (Reach 88)
Initial path of nodes: [0, 3, 14, 12, 13, 15, 18, 29, 27, 28, 30, 33, 44, 42, 43, 45, 48, 59, 57, 58, 60, 63, 74, 72, 73, 75, 78, 89, 87, 88]
Final path of nodes: [0, 3, 1, 4, 12, 13, 15, 18, 16, 19, 27, 28, 30, 33, 31, 34, 42, 43, 45, 48, 46, 49, 57, 58, 60, 63, 61, 64, 72, 73, 75, 78, 76, 79, 87, 88]
Time: 0.0061833858489990234
Solution: non-empty
	Command being timed: "python3 allsynth/run.py -t BDD --GML topologies/topzoo/Claranet.gml 5 --dir topzoo_res/Reach/reduce/BDD-0 --e-prop Reach --repeat 1 --reduce"
	User time (seconds): 0.76
	System time (seconds): 1.27
	Percent of CPU this job got: 481%
	Elapsed (wall clock) time (h:mm:ss or m:ss): 0:00.42
	Average shared text size (kbytes): 0
	Average unshared data size (kbytes): 0
	Average stack size (kbytes): 0
	Average total size (kbytes): 0
	Maximum resident set size (kbytes): 87780
	Average resident set size (kbytes): 0
	Major (requiring I/O) page faults: 0
	Minor (reclaiming a frame) page faults: 13952
	Voluntary context switches: 27
	Involuntary context switches: 30
	Swaps: 0
	File system inputs: 0
	File system outputs: 24
	Socket messages sent: 0
	Socket messages received: 0
	Signals delivered: 0
	Page size (bytes): 4096
	Exit status: 0
