Namespace(tool='BDD', exper=None, gml=['topologies/topzoo/Gambia.gml', '5'], index=None, prop='Reach', prop_file=None, op_req=None, repeat=1, reduce=True, opt=False, u=False, some=False, count=False, weight_bound=None, savedir='topzoo_res/Reach/reduce/BDD-0', dump_bdd=False)
Running 5Gambia.gml
Policy: (Reach 159)
Initial path of nodes: [14, 15, 16, 20, 21, 25, 26, 18, 19, 42, 43, 44, 48, 49, 53, 54, 46, 47, 70, 71, 72, 76, 77, 81, 82, 74, 75, 98, 99, 100, 104, 105, 109, 110, 102, 103, 126, 127, 128, 132, 133, 137, 138, 130, 131, 154, 155, 156, 160, 161, 165, 166, 158, 159]
Final path of nodes: [14, 15, 16, 20, 21, 3, 2, 27, 26, 18, 19, 42, 43, 44, 48, 49, 31, 30, 55, 54, 46, 47, 70, 71, 72, 76, 77, 59, 58, 83, 82, 74, 75, 98, 99, 100, 104, 105, 87, 86, 111, 110, 102, 103, 126, 127, 128, 132, 133, 115, 114, 139, 138, 130, 131, 154, 155, 156, 160, 161, 143, 142, 167, 166, 158, 159]
Time: 0.007263660430908203
Solution: non-empty
	Command being timed: "python3 allsynth/run.py -t BDD --GML topologies/topzoo/Gambia.gml 5 --dir topzoo_res/Reach/reduce/BDD-0 --e-prop Reach --repeat 1 --reduce"
	User time (seconds): 0.79
	System time (seconds): 1.26
	Percent of CPU this job got: 457%
	Elapsed (wall clock) time (h:mm:ss or m:ss): 0:00.45
	Average shared text size (kbytes): 0
	Average unshared data size (kbytes): 0
	Average stack size (kbytes): 0
	Average total size (kbytes): 0
	Maximum resident set size (kbytes): 88404
	Average resident set size (kbytes): 0
	Major (requiring I/O) page faults: 0
	Minor (reclaiming a frame) page faults: 14102
	Voluntary context switches: 26
	Involuntary context switches: 66
	Swaps: 0
	File system inputs: 0
	File system outputs: 24
	Socket messages sent: 0
	Socket messages received: 0
	Signals delivered: 0
	Page size (bytes): 4096
	Exit status: 0
