Namespace(tool='BDD', exper=None, gml=['topologies/topzoo/Garr200212.gml', '5'], index=None, prop='Reach', prop_file=None, op_req=None, repeat=1, reduce=True, opt=False, u=False, some=False, count=False, weight_bound=None, savedir='topzoo_res/Reach/reduce/BDD-0', dump_bdd=False)
Running 5Garr200212.gml
Policy: (Reach 154)
Initial path of nodes: [0, 2, 4, 13, 19, 27, 29, 31, 40, 46, 54, 56, 58, 67, 73, 81, 83, 85, 94, 100, 108, 110, 112, 121, 127, 135, 137, 139, 148, 154]
Final path of nodes: [0, 2, 24, 13, 19, 27, 29, 51, 40, 46, 54, 56, 78, 67, 73, 81, 83, 105, 94, 100, 108, 110, 132, 121, 127, 135, 137, 159, 148, 154]
Time: 0.005917072296142578
Solution: non-empty
	Command being timed: "python3 allsynth/run.py -t BDD --GML topologies/topzoo/Garr200212.gml 5 --dir topzoo_res/Reach/reduce/BDD-0 --e-prop Reach --repeat 1 --reduce"
	User time (seconds): 0.68
	System time (seconds): 1.35
	Percent of CPU this job got: 470%
	Elapsed (wall clock) time (h:mm:ss or m:ss): 0:00.43
	Average shared text size (kbytes): 0
	Average unshared data size (kbytes): 0
	Average stack size (kbytes): 0
	Average total size (kbytes): 0
	Maximum resident set size (kbytes): 88316
	Average resident set size (kbytes): 0
	Major (requiring I/O) page faults: 0
	Minor (reclaiming a frame) page faults: 14049
	Voluntary context switches: 24
	Involuntary context switches: 64
	Swaps: 0
	File system inputs: 0
	File system outputs: 24
	Socket messages sent: 0
	Socket messages received: 0
	Signals delivered: 0
	Page size (bytes): 4096
	Exit status: 0
