Namespace(tool='BDD', exper=None, gml=['topologies/topzoo/Goodnet.gml', '5'], index=None, prop='Reach', prop_file=None, op_req=None, repeat=1, reduce=True, opt=False, u=False, some=False, count=False, weight_bound=None, savedir='topzoo_res/Reach/reduce/BDD-0', dump_bdd=False)
Running 5Goodnet.gml
Policy: (Reach 98)
Initial path of nodes: [0, 3, 9, 14, 13, 17, 20, 26, 31, 30, 34, 37, 43, 48, 47, 51, 54, 60, 65, 64, 68, 71, 77, 82, 81, 85, 88, 94, 99, 98]
Final path of nodes: [0, 3, 15, 14, 13, 17, 20, 32, 31, 30, 34, 41, 46, 48, 47, 51, 54, 66, 65, 64, 68, 75, 80, 82, 81, 85, 88, 100, 99, 98]
Time: 0.005774021148681641
Solution: non-empty
	Command being timed: "python3 allsynth/run.py -t BDD --GML topologies/topzoo/Goodnet.gml 5 --dir topzoo_res/Reach/reduce/BDD-0 --e-prop Reach --repeat 1 --reduce"
	User time (seconds): 0.68
	System time (seconds): 1.34
	Percent of CPU this job got: 486%
	Elapsed (wall clock) time (h:mm:ss or m:ss): 0:00.41
	Average shared text size (kbytes): 0
	Average unshared data size (kbytes): 0
	Average stack size (kbytes): 0
	Average total size (kbytes): 0
	Maximum resident set size (kbytes): 88460
	Average resident set size (kbytes): 0
	Major (requiring I/O) page faults: 0
	Minor (reclaiming a frame) page faults: 14015
	Voluntary context switches: 26
	Involuntary context switches: 29
	Swaps: 0
	File system inputs: 0
	File system outputs: 24
	Socket messages sent: 0
	Socket messages received: 0
	Signals delivered: 0
	Page size (bytes): 4096
	Exit status: 0
