Namespace(tool='BDD', exper=None, gml=['topologies/topzoo/GtsPoland.gml', '5'], index=None, prop='Reach', prop_file=None, op_req=None, repeat=1, reduce=True, opt=False, u=False, some=False, count=False, weight_bound=None, savedir='topzoo_res/Reach/reduce/BDD-0', dump_bdd=False)
Running 5GtsPoland.gml
Policy: (Reach 193)
Initial path of nodes: [15, 11, 7, 6, 0, 9, 8, 31, 32, 29, 28, 48, 44, 40, 39, 33, 42, 41, 64, 65, 62, 61, 81, 77, 73, 72, 66, 75, 74, 97, 98, 95, 94, 114, 110, 106, 105, 99, 108, 107, 130, 131, 128, 127, 147, 143, 139, 138, 132, 141, 140, 163, 164, 161, 160, 180, 176, 172, 171, 165, 174, 173, 196, 197, 194, 193]
Final path of nodes: [15, 11, 17, 18, 0, 1, 14, 13, 25, 26, 27, 28, 48, 44, 50, 51, 33, 34, 47, 46, 58, 59, 60, 61, 81, 77, 83, 84, 66, 67, 80, 79, 91, 92, 93, 94, 114, 110, 116, 117, 99, 100, 113, 112, 124, 125, 126, 127, 147, 143, 149, 150, 132, 133, 146, 145, 157, 158, 159, 160, 180, 176, 182, 183, 165, 166, 179, 178, 190, 191, 192, 193]
Time: 0.02196025848388672
Solution: non-empty
	Command being timed: "python3 allsynth/run.py -t BDD --GML topologies/topzoo/GtsPoland.gml 5 --dir topzoo_res/Reach/reduce/BDD-0 --e-prop Reach --repeat 1 --reduce"
	User time (seconds): 0.79
	System time (seconds): 1.27
	Percent of CPU this job got: 452%
	Elapsed (wall clock) time (h:mm:ss or m:ss): 0:00.45
	Average shared text size (kbytes): 0
	Average unshared data size (kbytes): 0
	Average stack size (kbytes): 0
	Average total size (kbytes): 0
	Maximum resident set size (kbytes): 88944
	Average resident set size (kbytes): 0
	Major (requiring I/O) page faults: 0
	Minor (reclaiming a frame) page faults: 14217
	Voluntary context switches: 22
	Involuntary context switches: 49
	Swaps: 0
	File system inputs: 0
	File system outputs: 24
	Socket messages sent: 0
	Socket messages received: 0
	Signals delivered: 0
	Page size (bytes): 4096
	Exit status: 0
