Namespace(tool='BDD', exper=None, gml=['topologies/topzoo/Iris.gml', '5'], index=None, prop='Reach', prop_file=None, op_req=None, repeat=1, reduce=True, opt=False, u=False, some=False, count=False, weight_bound=None, savedir='topzoo_res/Reach/reduce/BDD-0', dump_bdd=False)
Running 5Iris.gml
Policy: (Reach 299)
Initial path of nodes: [20, 11, 12, 24, 23, 28, 27, 30, 29, 37, 45, 44, 71, 62, 63, 75, 74, 79, 78, 81, 80, 88, 96, 95, 122, 113, 114, 126, 125, 130, 129, 132, 131, 139, 147, 146, 173, 164, 165, 177, 176, 181, 180, 183, 182, 190, 198, 197, 224, 215, 216, 228, 227, 232, 231, 234, 233, 241, 249, 248, 275, 266, 267, 279, 278, 283, 282, 285, 284, 292, 300, 299]
Final path of nodes: [20, 19, 18, 14, 23, 31, 33, 32, 47, 48, 49, 43, 44, 71, 70, 69, 65, 74, 82, 84, 83, 98, 99, 100, 94, 95, 122, 121, 120, 116, 125, 133, 135, 134, 149, 150, 151, 145, 146, 173, 172, 171, 167, 176, 184, 186, 185, 200, 201, 202, 196, 197, 224, 223, 222, 218, 227, 235, 237, 236, 251, 252, 253, 247, 248, 275, 274, 273, 269, 278, 286, 288, 287, 302, 303, 304, 298, 299]
Time: 0.02285909652709961
Solution: non-empty
	Command being timed: "python3 allsynth/run.py -t BDD --GML topologies/topzoo/Iris.gml 5 --dir topzoo_res/Reach/reduce/BDD-0 --e-prop Reach --repeat 1 --reduce"
	User time (seconds): 0.87
	System time (seconds): 1.22
	Percent of CPU this job got: 423%
	Elapsed (wall clock) time (h:mm:ss or m:ss): 0:00.49
	Average shared text size (kbytes): 0
	Average unshared data size (kbytes): 0
	Average stack size (kbytes): 0
	Average total size (kbytes): 0
	Maximum resident set size (kbytes): 89708
	Average resident set size (kbytes): 0
	Major (requiring I/O) page faults: 0
	Minor (reclaiming a frame) page faults: 14430
	Voluntary context switches: 24
	Involuntary context switches: 50
	Swaps: 0
	File system inputs: 0
	File system outputs: 24
	Socket messages sent: 0
	Socket messages received: 0
	Signals delivered: 0
	Page size (bytes): 4096
	Exit status: 0
