Namespace(tool='BDD', exper=None, gml=['topologies/topzoo/KentmanJan2011.gml', '5'], index=None, prop='Reach', prop_file=None, op_req=None, repeat=1, reduce=True, opt=False, u=False, some=False, count=False, weight_bound=None, savedir='topzoo_res/Reach/reduce/BDD-0', dump_bdd=False)
Running 5KentmanJan2011.gml
Policy: (Reach 227)
Initial path of nodes: [0, 35, 5, 33, 18, 30, 37, 38, 73, 43, 71, 56, 68, 75, 76, 111, 81, 109, 94, 106, 113, 114, 149, 119, 147, 132, 144, 151, 152, 187, 157, 185, 170, 182, 189, 190, 225, 195, 223, 208, 220, 227]
Final path of nodes: [0, 35, 5, 12, 33, 18, 30, 37, 38, 73, 43, 71, 56, 68, 75, 76, 111, 81, 88, 109, 94, 106, 113, 114, 149, 119, 147, 132, 144, 151, 152, 187, 157, 164, 185, 170, 182, 189, 190, 225, 195, 223, 208, 220, 227]
Time: 0.005476236343383789
Solution: non-empty
	Command being timed: "python3 allsynth/run.py -t BDD --GML topologies/topzoo/KentmanJan2011.gml 5 --dir topzoo_res/Reach/reduce/BDD-0 --e-prop Reach --repeat 1 --reduce"
	User time (seconds): 0.77
	System time (seconds): 1.28
	Percent of CPU this job got: 458%
	Elapsed (wall clock) time (h:mm:ss or m:ss): 0:00.45
	Average shared text size (kbytes): 0
	Average unshared data size (kbytes): 0
	Average stack size (kbytes): 0
	Average total size (kbytes): 0
	Maximum resident set size (kbytes): 89044
	Average resident set size (kbytes): 0
	Major (requiring I/O) page faults: 0
	Minor (reclaiming a frame) page faults: 14180
	Voluntary context switches: 23
	Involuntary context switches: 59
	Swaps: 0
	File system inputs: 0
	File system outputs: 24
	Socket messages sent: 0
	Socket messages received: 0
	Signals delivered: 0
	Page size (bytes): 4096
	Exit status: 0
