Namespace(tool='BDD', exper=None, gml=['topologies/topzoo/Niif.gml', '5'], index=None, prop='Reach', prop_file=None, op_req=None, repeat=1, reduce=True, opt=False, u=False, some=False, count=False, weight_bound=None, savedir='topzoo_res/Reach/reduce/BDD-0', dump_bdd=False)
Running 5Niif.gml
Policy: (Reach 200)
Initial path of nodes: [14, 13, 16, 23, 32, 7, 19, 20, 44, 41, 40, 68, 47, 63, 51, 50, 86, 85, 88, 95, 104, 79, 91, 92, 122, 121, 124, 131, 140, 115, 127, 128, 158, 157, 160, 167, 176, 151, 163, 164, 194, 193, 196, 203, 212, 187, 199, 200]
Final path of nodes: [14, 15, 27, 11, 32, 0, 7, 19, 20, 44, 45, 57, 68, 59, 52, 49, 50, 86, 87, 99, 83, 104, 72, 79, 91, 92, 122, 123, 135, 119, 140, 108, 115, 127, 128, 158, 159, 171, 155, 176, 144, 151, 163, 164, 194, 195, 207, 191, 212, 180, 187, 199, 200]
Time: 0.01711893081665039
Solution: non-empty
	Command being timed: "python3 allsynth/run.py -t BDD --GML topologies/topzoo/Niif.gml 5 --dir topzoo_res/Reach/reduce/BDD-0 --e-prop Reach --repeat 1 --reduce"
	User time (seconds): 0.76
	System time (seconds): 1.30
	Percent of CPU this job got: 447%
	Elapsed (wall clock) time (h:mm:ss or m:ss): 0:00.46
	Average shared text size (kbytes): 0
	Average unshared data size (kbytes): 0
	Average stack size (kbytes): 0
	Average total size (kbytes): 0
	Maximum resident set size (kbytes): 88868
	Average resident set size (kbytes): 0
	Major (requiring I/O) page faults: 0
	Minor (reclaiming a frame) page faults: 14212
	Voluntary context switches: 38
	Involuntary context switches: 79
	Swaps: 0
	File system inputs: 0
	File system outputs: 24
	Socket messages sent: 0
	Socket messages received: 0
	Signals delivered: 0
	Page size (bytes): 4096
	Exit status: 0
