Namespace(tool='BDD', exper=None, gml=['topologies/topzoo/Nordu1997.gml', '5'], index=None, prop='Reach', prop_file=None, op_req=None, repeat=1, reduce=True, opt=False, u=False, some=False, count=False, weight_bound=None, savedir='topzoo_res/Reach/reduce/BDD-0', dump_bdd=False)
Traceback (most recent call last):
  File "/home/rasmus/Documents/dat7/AllSynth/allsynth/run.py", line 168, in <module>
    run_all_GML(savedir, config, suffix, G, p1, p2, dump=dump_bdd, num_copies=num_copies, op_req=op_req_ltl)
  File "/home/rasmus/Documents/dat7/AllSynth/allsynth/experiments.py", line 194, in run_all_GML
    p = SynthesisProblem(p1,p2,prop(p1,p2),restricted=config.restrict)
  File "/home/rasmus/Documents/dat7/AllSynth/allsynth/problem.py", line 11, in __init__
    raise IdenticalPathsError("Initial path and final path are identical!")
problem.IdenticalPathsError: Initial path and final path are identical!
Command exited with non-zero status 1
	Command being timed: "python3 allsynth/run.py -t BDD --GML topologies/topzoo/Nordu1997.gml 5 --dir topzoo_res/Reach/reduce/BDD-0 --e-prop Reach --repeat 1 --reduce"
	User time (seconds): 0.71
	System time (seconds): 1.31
	Percent of CPU this job got: 488%
	Elapsed (wall clock) time (h:mm:ss or m:ss): 0:00.41
	Average shared text size (kbytes): 0
	Average unshared data size (kbytes): 0
	Average stack size (kbytes): 0
	Average total size (kbytes): 0
	Maximum resident set size (kbytes): 70956
	Average resident set size (kbytes): 0
	Major (requiring I/O) page faults: 0
	Minor (reclaiming a frame) page faults: 12803
	Voluntary context switches: 20
	Involuntary context switches: 58
	Swaps: 0
	File system inputs: 0
	File system outputs: 8
	Socket messages sent: 0
	Socket messages received: 0
	Signals delivered: 0
	Page size (bytes): 4096
	Exit status: 1
