Namespace(tool='BDD', exper=None, gml=['topologies/topzoo/Peer1.gml', '5'], index=None, prop='Reach', prop_file=None, op_req=None, repeat=1, reduce=True, opt=False, u=False, some=False, count=False, weight_bound=None, savedir='topzoo_res/Reach/reduce/BDD-0', dump_bdd=False)
Running 5Peer1.gml
Policy: (Reach 91)
Initial path of nodes: [5, 4, 3, 6, 9, 10, 11, 21, 20, 19, 22, 25, 26, 27, 37, 36, 35, 38, 41, 42, 43, 53, 52, 51, 54, 57, 58, 59, 69, 68, 67, 70, 73, 74, 75, 85, 84, 83, 86, 89, 90, 91]
Final path of nodes: [5, 4, 3, 0, 15, 13, 12, 11, 21, 20, 19, 22, 29, 28, 27, 37, 36, 35, 32, 47, 45, 44, 43, 53, 52, 51, 54, 61, 60, 59, 69, 68, 67, 64, 79, 77, 76, 75, 85, 84, 83, 86, 93, 92, 91]
Time: 0.006445169448852539
Solution: non-empty
	Command being timed: "python3 allsynth/run.py -t BDD --GML topologies/topzoo/Peer1.gml 5 --dir topzoo_res/Reach/reduce/BDD-0 --e-prop Reach --repeat 1 --reduce"
	User time (seconds): 0.73
	System time (seconds): 1.23
	Percent of CPU this job got: 467%
	Elapsed (wall clock) time (h:mm:ss or m:ss): 0:00.42
	Average shared text size (kbytes): 0
	Average unshared data size (kbytes): 0
	Average stack size (kbytes): 0
	Average total size (kbytes): 0
	Maximum resident set size (kbytes): 88240
	Average resident set size (kbytes): 0
	Major (requiring I/O) page faults: 0
	Minor (reclaiming a frame) page faults: 13965
	Voluntary context switches: 24
	Involuntary context switches: 68
	Swaps: 0
	File system inputs: 0
	File system outputs: 24
	Socket messages sent: 0
	Socket messages received: 0
	Signals delivered: 0
	Page size (bytes): 4096
	Exit status: 0
