Namespace(tool='BDD', exper=None, gml=['topologies/topzoo/Savvis.gml', '5'], index=None, prop='Reach', prop_file=None, op_req=None, repeat=1, reduce=True, opt=False, u=False, some=False, count=False, weight_bound=None, savedir='topzoo_res/Reach/reduce/BDD-0', dump_bdd=False)
Running 5Savvis.gml
Policy: (Reach 110)
Initial path of nodes: [1, 0, 3, 2, 10, 18, 17, 16, 15, 19, 22, 21, 29, 37, 27, 33, 31, 32, 39, 38, 41, 40, 48, 56, 55, 54, 53, 58, 57, 60, 59, 67, 75, 74, 73, 72, 77, 76, 79, 78, 86, 94, 93, 92, 91, 96, 95, 98, 97, 105, 113, 112, 111, 110]
Final path of nodes: [1, 6, 7, 4, 5, 8, 14, 12, 11, 15, 19, 20, 25, 26, 23, 24, 27, 33, 31, 32, 39, 44, 45, 42, 43, 46, 52, 50, 49, 53, 58, 63, 64, 61, 62, 65, 71, 69, 68, 72, 77, 82, 83, 80, 81, 84, 90, 88, 87, 91, 96, 101, 102, 99, 100, 103, 109, 107, 106, 110]
Time: 0.007505893707275391
Solution: non-empty
	Command being timed: "python3 allsynth/run.py -t BDD --GML topologies/topzoo/Savvis.gml 5 --dir topzoo_res/Reach/reduce/BDD-0 --e-prop Reach --repeat 1 --reduce"
	User time (seconds): 0.71
	System time (seconds): 1.32
	Percent of CPU this job got: 477%
	Elapsed (wall clock) time (h:mm:ss or m:ss): 0:00.42
	Average shared text size (kbytes): 0
	Average unshared data size (kbytes): 0
	Average stack size (kbytes): 0
	Average total size (kbytes): 0
	Maximum resident set size (kbytes): 88296
	Average resident set size (kbytes): 0
	Major (requiring I/O) page faults: 0
	Minor (reclaiming a frame) page faults: 14038
	Voluntary context switches: 25
	Involuntary context switches: 29
	Swaps: 0
	File system inputs: 0
	File system outputs: 24
	Socket messages sent: 0
	Socket messages received: 0
	Signals delivered: 0
	Page size (bytes): 4096
	Exit status: 0
