Namespace(tool='BDD', exper=None, gml=['topologies/topzoo/Telecomserbia.gml', '5'], index=None, prop='Reach', prop_file=None, op_req=None, repeat=1, reduce=True, opt=False, u=False, some=False, count=False, weight_bound=None, savedir='topzoo_res/Reach/reduce/BDD-0', dump_bdd=False)
Running 5Telecomserbia.gml
Policy: (Reach 35)
Initial path of nodes: [2, 1, 0, 5, 6, 7, 8, 9, 14, 13, 12, 17, 20, 19, 18, 23, 26, 25, 24, 29, 32, 31, 30, 35]
Final path of nodes: [2, 3, 4, 5, 6, 11, 10, 9, 14, 15, 16, 17, 20, 21, 22, 23, 26, 27, 28, 29, 32, 33, 34, 35]
Time: 0.0058705806732177734
Solution: non-empty
	Command being timed: "python3 allsynth/run.py -t BDD --GML topologies/topzoo/Telecomserbia.gml 5 --dir topzoo_res/Reach/reduce/BDD-0 --e-prop Reach --repeat 1 --reduce"
	User time (seconds): 0.74
	System time (seconds): 1.26
	Percent of CPU this job got: 482%
	Elapsed (wall clock) time (h:mm:ss or m:ss): 0:00.41
	Average shared text size (kbytes): 0
	Average unshared data size (kbytes): 0
	Average stack size (kbytes): 0
	Average total size (kbytes): 0
	Maximum resident set size (kbytes): 87808
	Average resident set size (kbytes): 0
	Major (requiring I/O) page faults: 0
	Minor (reclaiming a frame) page faults: 13851
	Voluntary context switches: 25
	Involuntary context switches: 124
	Swaps: 0
	File system inputs: 0
	File system outputs: 24
	Socket messages sent: 0
	Socket messages received: 0
	Signals delivered: 0
	Page size (bytes): 4096
	Exit status: 0
