Namespace(tool='BDD', exper=None, gml=['topologies/topzoo/Tinet.gml', '5'], index=None, prop='Reach', prop_file=None, op_req=None, repeat=1, reduce=True, opt=False, u=False, some=False, count=False, weight_bound=None, savedir='topzoo_res/Reach/reduce/BDD-0', dump_bdd=False)
Running 5Tinet.gml
Policy: (Reach 317)
Initial path of nodes: [13, 22, 41, 34, 5, 4, 6, 0, 1, 52, 65, 63, 54, 53, 59, 57, 58, 87, 85, 79, 119, 128, 147, 140, 111, 110, 112, 106, 107, 158, 172, 181, 200, 193, 164, 163, 165, 159, 160, 211, 225, 234, 253, 246, 217, 216, 218, 212, 213, 264, 278, 287, 306, 299, 270, 269, 271, 265, 266, 317]
Final path of nodes: [13, 22, 41, 35, 24, 46, 45, 44, 49, 52, 65, 101, 64, 99, 77, 88, 94, 87, 85, 79, 119, 128, 147, 141, 130, 152, 151, 150, 155, 158, 172, 181, 200, 194, 183, 205, 204, 203, 208, 211, 225, 234, 253, 247, 236, 258, 257, 256, 261, 264, 278, 287, 306, 300, 289, 311, 310, 309, 314, 317]
Time: 0.006877899169921875
Solution: non-empty
	Command being timed: "python3 allsynth/run.py -t BDD --GML topologies/topzoo/Tinet.gml 5 --dir topzoo_res/Reach/reduce/BDD-0 --e-prop Reach --repeat 1 --reduce"
	User time (seconds): 0.77
	System time (seconds): 1.33
	Percent of CPU this job got: 427%
	Elapsed (wall clock) time (h:mm:ss or m:ss): 0:00.49
	Average shared text size (kbytes): 0
	Average unshared data size (kbytes): 0
	Average stack size (kbytes): 0
	Average total size (kbytes): 0
	Maximum resident set size (kbytes): 89816
	Average resident set size (kbytes): 0
	Major (requiring I/O) page faults: 0
	Minor (reclaiming a frame) page faults: 14372
	Voluntary context switches: 21
	Involuntary context switches: 24
	Swaps: 0
	File system inputs: 0
	File system outputs: 24
	Socket messages sent: 0
	Socket messages received: 0
	Signals delivered: 0
	Page size (bytes): 4096
	Exit status: 0
