Namespace(tool='BDD', exper=None, gml=['topologies/topzoo/Twaren.gml', '5'], index=None, prop='Reach', prop_file=None, op_req=None, repeat=1, reduce=True, opt=False, u=False, some=False, count=False, weight_bound=None, savedir='topzoo_res/Reach/reduce/BDD-0', dump_bdd=False)
Running 5Twaren.gml
Policy: (Reach 118)
Initial path of nodes: [0, 2, 4, 19, 18, 20, 22, 24, 39, 38, 40, 42, 44, 59, 58, 60, 62, 64, 79, 78, 80, 82, 84, 99, 98, 100, 102, 104, 119, 118]
Final path of nodes: [0, 2, 13, 19, 18, 20, 22, 33, 39, 38, 40, 42, 53, 59, 58, 60, 62, 73, 79, 78, 80, 82, 93, 99, 98, 100, 102, 113, 119, 118]
Time: 0.005990743637084961
Solution: non-empty
	Command being timed: "python3 allsynth/run.py -t BDD --GML topologies/topzoo/Twaren.gml 5 --dir topzoo_res/Reach/reduce/BDD-0 --e-prop Reach --repeat 1 --reduce"
	User time (seconds): 0.73
	System time (seconds): 1.30
	Percent of CPU this job got: 478%
	Elapsed (wall clock) time (h:mm:ss or m:ss): 0:00.42
	Average shared text size (kbytes): 0
	Average unshared data size (kbytes): 0
	Average stack size (kbytes): 0
	Average total size (kbytes): 0
	Maximum resident set size (kbytes): 88176
	Average resident set size (kbytes): 0
	Major (requiring I/O) page faults: 0
	Minor (reclaiming a frame) page faults: 13979
	Voluntary context switches: 26
	Involuntary context switches: 61
	Swaps: 0
	File system inputs: 0
	File system outputs: 24
	Socket messages sent: 0
	Socket messages received: 0
	Signals delivered: 0
	Page size (bytes): 4096
	Exit status: 0
