Namespace(tool='PERS', exper=None, gml=['topologies/topzoo/BeyondTheNetwork.gml', '5'], index=None, prop='SeparateWPk', prop_file=None, op_req=None, repeat=1, reduce=False, opt=False, u=False, some=False, count=False, weight_bound=None, savedir='topzoo_res/SeparateWPk/PERS/PERS-1', dump_bdd=False)
Running 5BeyondTheNetwork.gml
Policy: ((((((((((((((((((WP(153-291) | WP(165-291)) | WP(262-291)) | WP(199-291)) | WP(104-291)) | WP(77-291)) | WP(238-291)) | WP(47-291)) | WP(208-291)) | WP(146-291)) | WP(308-291)) | WP(247-291)) | WP(312-291)) | WP(25-291)) | WP(154-291)) | WP(283-291)) | WP(60-291)) | WP(61-291)) & (Reach 291))
Initial path of nodes: [18, 40, 49, 35, 48, 47, 6, 26, 57, 58, 61, 62, 88, 102, 93, 77, 124, 146, 155, 141, 154, 153, 112, 132, 177, 199, 208, 194, 207, 206, 165, 185, 230, 252, 261, 247, 260, 259, 218, 238, 283, 305, 314, 300, 313, 312, 271, 291]
Final path of nodes: [18, 40, 49, 50, 43, 25, 47, 6, 26, 57, 60, 59, 100, 56, 55, 104, 102, 93, 77, 124, 146, 155, 156, 149, 131, 153, 112, 132, 177, 199, 208, 209, 202, 184, 206, 165, 185, 230, 252, 261, 262, 255, 237, 259, 218, 238, 283, 305, 314, 315, 308, 290, 312, 271, 291]
Persimmon problem:  {"Initial_routing":[[18, 40], [40, 49], [49, 35], [35, 48], [48, 47], [47, 6], [6, 26], [26, 57], [57, 58], [58, 61], [61, 62], [62, 88], [88, 102], [102, 93], [93, 77], [77, 124], [124, 146], [146, 155], [155, 141], [141, 154], [154, 153], [153, 112], [112, 132], [132, 177], [177, 199], [199, 208], [208, 194], [194, 207], [207, 206], [206, 165], [165, 185], [185, 230], [230, 252], [252, 261], [261, 247], [247, 260], [260, 259], [259, 218], [218, 238], [238, 283], [283, 305], [305, 314], [314, 300], [300, 313], [313, 312], [312, 271], [271, 291]],"Final_routing":[[18, 40], [40, 49], [49, 50], [50, 43], [43, 25], [25, 47], [47, 6], [6, 26], [26, 57], [57, 60], [60, 59], [59, 100], [100, 56], [56, 55], [55, 104], [104, 102], [102, 93], [93, 77], [77, 124], [124, 146], [146, 155], [155, 156], [156, 149], [149, 131], [131, 153], [153, 112], [112, 132], [132, 177], [177, 199], [199, 208], [208, 209], [209, 202], [202, 184], [184, 206], [206, 165], [165, 185], [185, 230], [230, 252], [252, 261], [261, 262], [262, 255], [255, 237], [237, 259], [259, 218], [218, 238], [238, 283], [283, 305], [305, 314], [314, 315], [315, 308], [308, 290], [290, 312], [312, 271], [271, 291]],"Properties":{"MultiAlternativeWaypoint": {"waypoint": [153,165,262,199,104,77,238,47,208,146,308,247,312,25,154,283,60,61]},"Reachability":{"startNode":18,"finalNode":291}}}
Persimmon stdout:  Chain equivalence reduction: 69 -> 47
<=== Starting iteration 0 ===>
<=== Starting iteration 1 ===>
<=== Starting iteration 2 ===>
Solution: Some([[25, 50, 43, 59, 100, 56, 55, 156, 149, 131, 209, 202, 184, 104, 60, 255, 237, 262, 315, 308, 290], [208, 57, 155, 49, 261, 314], [61, 141, 62, 88, 300, 313, 58, 154, 35, 48, 194, 207, 247, 260]])
Time elapsed: 2.93ms
Time elapsed(s): 0.002931s

Persimmon stderr:  
Time: 0.002931
Solution: [[25, 50, 43, 59, 100, 56, 55, 156, 149, 131, 209, 202, 184, 104, 60, 255, 237, 262, 315, 308, 290], [208, 57, 155, 49, 261, 314], [61, 141, 62, 88, 300, 313, 58, 154, 35, 48, 194, 207, 247, 260]]
	Command being timed: "python3 allsynth/run.py -t PERS --GML topologies/topzoo/BeyondTheNetwork.gml 5 --dir topzoo_res/SeparateWPk/PERS/PERS-1 --e-prop SeparateWPk --repeat 1"
	User time (seconds): 0.70
	System time (seconds): 1.21
	Percent of CPU this job got: 414%
	Elapsed (wall clock) time (h:mm:ss or m:ss): 0:00.46
	Average shared text size (kbytes): 0
	Average unshared data size (kbytes): 0
	Average stack size (kbytes): 0
	Average total size (kbytes): 0
	Maximum resident set size (kbytes): 72504
	Average resident set size (kbytes): 0
	Major (requiring I/O) page faults: 0
	Minor (reclaiming a frame) page faults: 13442
	Voluntary context switches: 31
	Involuntary context switches: 323
	Swaps: 0
	File system inputs: 0
	File system outputs: 24
	Socket messages sent: 0
	Socket messages received: 0
	Signals delivered: 0
	Page size (bytes): 4096
	Exit status: 0
