Namespace(tool='PERS', exper=None, gml=['topologies/topzoo/Compuserve.gml', '5'], index=None, prop='SeparateWPk', prop_file=None, op_req=None, repeat=1, reduce=False, opt=False, u=False, some=False, count=False, weight_bound=None, savedir='topzoo_res/SeparateWPk/PERS/PERS-1', dump_bdd=False)
Running 5Compuserve.gml
Policy: (((((((((((WP(64-81) | WP(34-81)) | WP(38-81)) | WP(11-81)) | WP(76-81)) | WP(77-81)) | WP(48-81)) | WP(18-81)) | WP(51-81)) | WP(24-81)) | WP(62-81)) & (Reach 81))
Initial path of nodes: [6, 13, 12, 2, 11, 18, 19, 16, 25, 24, 34, 41, 40, 30, 39, 48, 55, 54, 44, 53, 62, 69, 68, 58, 67, 76, 83, 82, 72, 81]
Final path of nodes: [6, 13, 4, 5, 2, 11, 18, 27, 26, 23, 24, 34, 35, 36, 37, 38, 39, 48, 49, 50, 51, 52, 53, 62, 63, 64, 65, 66, 67, 76, 77, 78, 79, 80, 81]
Persimmon problem:  {"Initial_routing":[[6, 13], [13, 12], [12, 2], [2, 11], [11, 18], [18, 19], [19, 16], [16, 25], [25, 24], [24, 34], [34, 41], [41, 40], [40, 30], [30, 39], [39, 48], [48, 55], [55, 54], [54, 44], [44, 53], [53, 62], [62, 69], [69, 68], [68, 58], [58, 67], [67, 76], [76, 83], [83, 82], [82, 72], [72, 81]],"Final_routing":[[6, 13], [13, 4], [4, 5], [5, 2], [2, 11], [11, 18], [18, 27], [27, 26], [26, 23], [23, 24], [24, 34], [34, 35], [35, 36], [36, 37], [37, 38], [38, 39], [39, 48], [48, 49], [49, 50], [50, 51], [51, 52], [52, 53], [53, 62], [62, 63], [63, 64], [64, 65], [65, 66], [66, 67], [67, 76], [76, 77], [77, 78], [78, 79], [79, 80], [80, 81]],"Properties":{"MultiAlternativeWaypoint": {"waypoint": [64,34,38,11,76,77,48,18,51,24,62]},"Reachability":{"startNode":6,"finalNode":81}}}
Persimmon stdout:  Chain equivalence reduction: 51 -> 32
<=== Starting iteration 0 ===>
<=== Starting iteration 1 ===>
<=== Starting iteration 2 ===>
Solution: Some([[49, 50, 27, 26, 23, 65, 66, 63, 51, 52, 4, 5, 35, 36, 37, 77, 78, 79, 80, 38, 64], [18, 48, 13, 34, 76, 62], [83, 82, 72, 12, 55, 54, 44, 69, 68, 58, 41, 40, 30, 19, 16, 25]])
Time elapsed: 1.68ms
Time elapsed(s): 0.001676s

Persimmon stderr:  
Time: 0.001676
Solution: [[49, 50, 27, 26, 23, 65, 66, 63, 51, 52, 4, 5, 35, 36, 37, 77, 78, 79, 80, 38, 64], [18, 48, 13, 34, 76, 62], [83, 82, 72, 12, 55, 54, 44, 69, 68, 58, 41, 40, 30, 19, 16, 25]]
	Command being timed: "python3 allsynth/run.py -t PERS --GML topologies/topzoo/Compuserve.gml 5 --dir topzoo_res/SeparateWPk/PERS/PERS-1 --e-prop SeparateWPk --repeat 1"
	User time (seconds): 0.66
	System time (seconds): 1.33
	Percent of CPU this job got: 509%
	Elapsed (wall clock) time (h:mm:ss or m:ss): 0:00.39
	Average shared text size (kbytes): 0
	Average unshared data size (kbytes): 0
	Average stack size (kbytes): 0
	Average total size (kbytes): 0
	Maximum resident set size (kbytes): 70972
	Average resident set size (kbytes): 0
	Major (requiring I/O) page faults: 0
	Minor (reclaiming a frame) page faults: 13011
	Voluntary context switches: 29
	Involuntary context switches: 111
	Swaps: 0
	File system inputs: 0
	File system outputs: 24
	Socket messages sent: 0
	Socket messages received: 0
	Signals delivered: 0
	Page size (bytes): 4096
	Exit status: 0
