Namespace(tool='PERS', exper=None, gml=['topologies/topzoo/Fatman.gml', '5'], index=None, prop='SeparateWPk', prop_file=None, op_req=None, repeat=1, reduce=False, opt=False, u=False, some=False, count=False, weight_bound=None, savedir='topzoo_res/SeparateWPk/PERS/PERS-1', dump_bdd=False)
Running 5Fatman.gml
Policy: ((((((((((((((WP(36-91) | WP(70-91)) | WP(6-91)) | WP(40-91)) | WP(73-91)) | WP(91-91)) | WP(10-91)) | WP(45-91)) | WP(85-91)) | WP(56-91)) | WP(27-91)) | WP(60-91)) | WP(29-91)) | WP(95-91)) & (Reach 91))
Initial path of nodes: [0, 2, 5, 11, 10, 6, 17, 19, 22, 28, 27, 23, 34, 36, 39, 45, 44, 40, 51, 53, 56, 62, 61, 57, 68, 70, 73, 79, 78, 74, 85, 87, 90, 96, 95, 91]
Final path of nodes: [0, 2, 5, 12, 9, 10, 6, 17, 19, 22, 29, 26, 27, 23, 34, 36, 39, 46, 43, 44, 40, 51, 53, 56, 63, 60, 61, 57, 68, 70, 73, 80, 77, 78, 74, 85, 87, 90, 97, 94, 95, 91]
Persimmon problem:  {"Initial_routing":[[0, 2], [2, 5], [5, 11], [11, 10], [10, 6], [6, 17], [17, 19], [19, 22], [22, 28], [28, 27], [27, 23], [23, 34], [34, 36], [36, 39], [39, 45], [45, 44], [44, 40], [40, 51], [51, 53], [53, 56], [56, 62], [62, 61], [61, 57], [57, 68], [68, 70], [70, 73], [73, 79], [79, 78], [78, 74], [74, 85], [85, 87], [87, 90], [90, 96], [96, 95], [95, 91]],"Final_routing":[[0, 2], [2, 5], [5, 12], [12, 9], [9, 10], [10, 6], [6, 17], [17, 19], [19, 22], [22, 29], [29, 26], [26, 27], [27, 23], [23, 34], [34, 36], [36, 39], [39, 46], [46, 43], [43, 44], [44, 40], [40, 51], [51, 53], [53, 56], [56, 63], [63, 60], [60, 61], [61, 57], [57, 68], [68, 70], [70, 73], [73, 80], [80, 77], [77, 78], [78, 74], [74, 85], [85, 87], [87, 90], [90, 97], [97, 94], [94, 95], [95, 91]],"Properties":{"MultiAlternativeWaypoint": {"waypoint": [36,70,6,40,73,91,10,45,85,56,27,60,29,95]},"Reachability":{"startNode":0,"finalNode":91}}}
Persimmon stdout:  Chain equivalence reduction: 48 -> 36
<=== Starting iteration 0 ===>
<=== Starting iteration 1 ===>
<=== Starting iteration 2 ===>
Solution: Some([[97, 94, 12, 9, 26, 29, 60, 46, 43, 80, 77, 63], [22, 56, 39, 73, 5, 90], [62, 28, 45, 96, 11, 79]])
Time elapsed: 2.07ms
Time elapsed(s): 0.002069s

Persimmon stderr:  
Time: 0.002069
Solution: [[97, 94, 12, 9, 26, 29, 60, 46, 43, 80, 77, 63], [22, 56, 39, 73, 5, 90], [62, 28, 45, 96, 11, 79]]
	Command being timed: "python3 allsynth/run.py -t PERS --GML topologies/topzoo/Fatman.gml 5 --dir topzoo_res/SeparateWPk/PERS/PERS-1 --e-prop SeparateWPk --repeat 1"
	User time (seconds): 0.73
	System time (seconds): 1.27
	Percent of CPU this job got: 499%
	Elapsed (wall clock) time (h:mm:ss or m:ss): 0:00.40
	Average shared text size (kbytes): 0
	Average unshared data size (kbytes): 0
	Average stack size (kbytes): 0
	Average total size (kbytes): 0
	Maximum resident set size (kbytes): 71096
	Average resident set size (kbytes): 0
	Major (requiring I/O) page faults: 0
	Minor (reclaiming a frame) page faults: 13039
	Voluntary context switches: 31
	Involuntary context switches: 91
	Swaps: 0
	File system inputs: 0
	File system outputs: 24
	Socket messages sent: 0
	Socket messages received: 0
	Signals delivered: 0
	Page size (bytes): 4096
	Exit status: 0
