Namespace(tool='PERS', exper=None, gml=['topologies/topzoo/Geant2009.gml', '5'], index=None, prop='SeparateWPk', prop_file=None, op_req=None, repeat=1, reduce=False, opt=False, u=False, some=False, count=False, weight_bound=None, savedir='topzoo_res/SeparateWPk/PERS/PERS-1', dump_bdd=False)
Running 5Geant2009.gml
Policy: ((((((((((((((((WP(2-203) | WP(67-203)) | WP(3-203)) | WP(134-203)) | WP(72-203)) | WP(73-203)) | WP(44-203)) | WP(172-203)) | WP(173-203)) | WP(50-203)) | WP(117-203)) | WP(184-203)) | WP(153-203)) | WP(122-203)) | WP(126-203)) | WP(159-203)) & (Reach 203))
Initial path of nodes: [14, 20, 10, 23, 4, 2, 32, 33, 48, 54, 44, 57, 38, 36, 66, 67, 82, 88, 78, 91, 72, 70, 100, 101, 116, 122, 112, 125, 106, 104, 134, 135, 150, 156, 146, 159, 140, 138, 168, 169, 184, 190, 180, 193, 174, 172, 202, 203]
Final path of nodes: [14, 20, 16, 17, 5, 3, 24, 33, 48, 49, 50, 51, 39, 37, 58, 67, 82, 83, 84, 85, 73, 71, 92, 101, 116, 117, 118, 119, 107, 105, 126, 135, 150, 151, 152, 153, 141, 139, 160, 169, 184, 185, 186, 187, 175, 173, 194, 203]
Persimmon problem:  {"Initial_routing":[[14, 20], [20, 10], [10, 23], [23, 4], [4, 2], [2, 32], [32, 33], [33, 48], [48, 54], [54, 44], [44, 57], [57, 38], [38, 36], [36, 66], [66, 67], [67, 82], [82, 88], [88, 78], [78, 91], [91, 72], [72, 70], [70, 100], [100, 101], [101, 116], [116, 122], [122, 112], [112, 125], [125, 106], [106, 104], [104, 134], [134, 135], [135, 150], [150, 156], [156, 146], [146, 159], [159, 140], [140, 138], [138, 168], [168, 169], [169, 184], [184, 190], [190, 180], [180, 193], [193, 174], [174, 172], [172, 202], [202, 203]],"Final_routing":[[14, 20], [20, 16], [16, 17], [17, 5], [5, 3], [3, 24], [24, 33], [33, 48], [48, 49], [49, 50], [50, 51], [51, 39], [39, 37], [37, 58], [58, 67], [67, 82], [82, 83], [83, 84], [84, 85], [85, 73], [73, 71], [71, 92], [92, 101], [101, 116], [116, 117], [117, 118], [118, 119], [119, 107], [107, 105], [105, 126], [126, 135], [135, 150], [150, 151], [151, 152], [152, 153], [153, 141], [141, 139], [139, 160], [160, 169], [169, 184], [184, 185], [185, 186], [186, 187], [187, 175], [175, 173], [173, 194], [194, 203]],"Properties":{"MultiAlternativeWaypoint": {"waypoint": [2,67,3,134,72,73,44,172,173,50,117,184,153,122,126,159]},"Reachability":{"startNode":14,"finalNode":203}}}
Persimmon stdout:  Chain equivalence reduction: 83 -> 49
<=== Starting iteration 0 ===>
<=== Starting iteration 1 ===>
<=== Starting iteration 2 ===>
Solution: Some([[151, 152, 185, 186, 187, 175, 194, 141, 139, 160, 16, 17, 5, 83, 84, 85, 3, 50, 117, 173, 49, 24, 71, 92, 126, 153, 118, 119, 107, 105, 51, 39, 37, 58, 73], [20, 150, 184, 82, 116, 48], [2, 57, 38, 36, 66, 134, 10, 23, 4, 122, 190, 180, 193, 174, 156, 146, 32, 44, 88, 78, 91, 54, 72, 140, 138, 168, 202, 70, 100, 159, 112, 125, 106, 104, 172]])
Time elapsed: 3.28ms
Time elapsed(s): 0.003283s

Persimmon stderr:  
Time: 0.003283
Solution: [[151, 152, 185, 186, 187, 175, 194, 141, 139, 160, 16, 17, 5, 83, 84, 85, 3, 50, 117, 173, 49, 24, 71, 92, 126, 153, 118, 119, 107, 105, 51, 39, 37, 58, 73], [20, 150, 184, 82, 116, 48], [2, 57, 38, 36, 66, 134, 10, 23, 4, 122, 190, 180, 193, 174, 156, 146, 32, 44, 88, 78, 91, 54, 72, 140, 138, 168, 202, 70, 100, 159, 112, 125, 106, 104, 172]]
	Command being timed: "python3 allsynth/run.py -t PERS --GML topologies/topzoo/Geant2009.gml 5 --dir topzoo_res/SeparateWPk/PERS/PERS-1 --e-prop SeparateWPk --repeat 1"
	User time (seconds): 0.71
	System time (seconds): 1.24
	Percent of CPU this job got: 423%
	Elapsed (wall clock) time (h:mm:ss or m:ss): 0:00.46
	Average shared text size (kbytes): 0
	Average unshared data size (kbytes): 0
	Average stack size (kbytes): 0
	Average total size (kbytes): 0
	Maximum resident set size (kbytes): 72248
	Average resident set size (kbytes): 0
	Major (requiring I/O) page faults: 0
	Minor (reclaiming a frame) page faults: 13341
	Voluntary context switches: 27
	Involuntary context switches: 356
	Swaps: 0
	File system inputs: 0
	File system outputs: 24
	Socket messages sent: 0
	Socket messages received: 0
	Signals delivered: 0
	Page size (bytes): 4096
	Exit status: 0
