Namespace(tool='PERS', exper=None, gml=['topologies/topzoo/HiberniaNireland.gml', '5'], index=None, prop='SeparateWPk', prop_file=None, op_req=None, repeat=1, reduce=False, opt=False, u=False, some=False, count=False, weight_bound=None, savedir='topzoo_res/SeparateWPk/PERS/PERS-1', dump_bdd=False)
Running 5HiberniaNireland.gml
Policy: (((((((((((((((WP(96-100) | WP(97-100)) | WP(36-100)) | WP(102-100)) | WP(6-100)) | WP(12-100)) | WP(77-100)) | WP(80-100)) | WP(53-100)) | WP(21-100)) | WP(55-100)) | WP(56-100)) | WP(58-100)) | WP(27-100)) | WP(28-100)) & (Reach 100))
Initial path of nodes: [7, 2, 9, 8, 17, 12, 1, 10, 25, 20, 27, 26, 35, 30, 19, 28, 43, 38, 45, 44, 53, 48, 37, 46, 61, 56, 63, 62, 71, 66, 55, 64, 79, 74, 81, 80, 89, 84, 73, 82, 97, 92, 99, 98, 107, 102, 91, 100]
Final path of nodes: [7, 4, 3, 5, 0, 6, 1, 10, 25, 22, 21, 23, 18, 24, 19, 28, 43, 40, 39, 41, 36, 42, 37, 46, 61, 58, 57, 59, 54, 60, 55, 64, 79, 76, 75, 77, 72, 78, 73, 82, 97, 94, 93, 95, 90, 96, 91, 100]
Persimmon problem:  {"Initial_routing":[[7, 2], [2, 9], [9, 8], [8, 17], [17, 12], [12, 1], [1, 10], [10, 25], [25, 20], [20, 27], [27, 26], [26, 35], [35, 30], [30, 19], [19, 28], [28, 43], [43, 38], [38, 45], [45, 44], [44, 53], [53, 48], [48, 37], [37, 46], [46, 61], [61, 56], [56, 63], [63, 62], [62, 71], [71, 66], [66, 55], [55, 64], [64, 79], [79, 74], [74, 81], [81, 80], [80, 89], [89, 84], [84, 73], [73, 82], [82, 97], [97, 92], [92, 99], [99, 98], [98, 107], [107, 102], [102, 91], [91, 100]],"Final_routing":[[7, 4], [4, 3], [3, 5], [5, 0], [0, 6], [6, 1], [1, 10], [10, 25], [25, 22], [22, 21], [21, 23], [23, 18], [18, 24], [24, 19], [19, 28], [28, 43], [43, 40], [40, 39], [39, 41], [41, 36], [36, 42], [42, 37], [37, 46], [46, 61], [61, 58], [58, 57], [57, 59], [59, 54], [54, 60], [60, 55], [55, 64], [64, 79], [79, 76], [76, 75], [75, 77], [77, 72], [72, 78], [78, 73], [73, 82], [82, 97], [97, 94], [94, 93], [93, 95], [95, 90], [90, 96], [96, 91], [91, 100]],"Properties":{"MultiAlternativeWaypoint": {"waypoint": [96,97,36,102,6,12,77,80,53,21,55,56,58,27,28]},"Reachability":{"startNode":7,"finalNode":100}}}
Persimmon stdout:  Chain equivalence reduction: 78 -> 45
<=== Starting iteration 0 ===>
<=== Starting iteration 1 ===>
<=== Starting iteration 2 ===>
Solution: Some([[6, 23, 18, 24, 22, 21, 42, 96, 94, 93, 95, 90, 77, 72, 78, 4, 3, 5, 0, 76, 75, 40, 39, 41, 57, 59, 54, 60, 58, 36], [43, 7, 25, 97, 61, 79], [63, 62, 71, 66, 89, 84, 12, 48, 80, 2, 9, 8, 17, 38, 45, 44, 102, 74, 81, 26, 35, 30, 20, 92, 99, 98, 107, 53, 27, 56]])
Time elapsed: 2.77ms
Time elapsed(s): 0.002768s

Persimmon stderr:  
Time: 0.002768
Solution: [[6, 23, 18, 24, 22, 21, 42, 96, 94, 93, 95, 90, 77, 72, 78, 4, 3, 5, 0, 76, 75, 40, 39, 41, 57, 59, 54, 60, 58, 36], [43, 7, 25, 97, 61, 79], [63, 62, 71, 66, 89, 84, 12, 48, 80, 2, 9, 8, 17, 38, 45, 44, 102, 74, 81, 26, 35, 30, 20, 92, 99, 98, 107, 53, 27, 56]]
	Command being timed: "python3 allsynth/run.py -t PERS --GML topologies/topzoo/HiberniaNireland.gml 5 --dir topzoo_res/SeparateWPk/PERS/PERS-1 --e-prop SeparateWPk --repeat 1"
	User time (seconds): 0.77
	System time (seconds): 1.22
	Percent of CPU this job got: 467%
	Elapsed (wall clock) time (h:mm:ss or m:ss): 0:00.42
	Average shared text size (kbytes): 0
	Average unshared data size (kbytes): 0
	Average stack size (kbytes): 0
	Average total size (kbytes): 0
	Maximum resident set size (kbytes): 70908
	Average resident set size (kbytes): 0
	Major (requiring I/O) page faults: 0
	Minor (reclaiming a frame) page faults: 13090
	Voluntary context switches: 34
	Involuntary context switches: 416
	Swaps: 0
	File system inputs: 0
	File system outputs: 24
	Socket messages sent: 0
	Socket messages received: 0
	Signals delivered: 0
	Page size (bytes): 4096
	Exit status: 0
