Namespace(tool='PERS', exper=None, gml=['topologies/topzoo/HostwayInternational.gml', '5'], index=None, prop='SeparateWPk', prop_file=None, op_req=None, repeat=1, reduce=False, opt=False, u=False, some=False, count=False, weight_bound=None, savedir='topzoo_res/SeparateWPk/PERS/PERS-1', dump_bdd=False)
Running 5HostwayInternational.gml
Policy: ((((((((((((((((((((WP(10-94) | WP(15-94)) | WP(16-94)) | WP(25-94)) | WP(31-94)) | WP(32-94)) | WP(34-94)) | WP(40-94)) | WP(44-94)) | WP(53-94)) | WP(55-94)) | WP(60-94)) | WP(62-94)) | WP(66-94)) | WP(68-94)) | WP(75-94)) | WP(82-94)) | WP(83-94)) | WP(90-94)) | WP(91-94)) & (Reach 94))
Initial path of nodes: [3, 0, 2, 7, 4, 10, 9, 8, 14, 19, 16, 18, 23, 20, 26, 25, 24, 30, 35, 32, 34, 39, 36, 42, 41, 40, 46, 51, 48, 50, 55, 52, 58, 57, 56, 62, 67, 64, 66, 71, 68, 74, 73, 72, 78, 83, 80, 82, 87, 84, 90, 89, 88, 94]
Final path of nodes: [3, 0, 2, 7, 6, 15, 12, 11, 14, 19, 16, 21, 18, 23, 22, 31, 28, 27, 30, 35, 32, 34, 39, 38, 47, 44, 43, 46, 51, 48, 53, 50, 55, 54, 63, 60, 59, 62, 67, 64, 66, 71, 70, 79, 76, 75, 78, 83, 80, 85, 82, 87, 86, 95, 92, 91, 94]
Persimmon problem:  {"Initial_routing":[[3, 0], [0, 2], [2, 7], [7, 4], [4, 10], [10, 9], [9, 8], [8, 14], [14, 19], [19, 16], [16, 18], [18, 23], [23, 20], [20, 26], [26, 25], [25, 24], [24, 30], [30, 35], [35, 32], [32, 34], [34, 39], [39, 36], [36, 42], [42, 41], [41, 40], [40, 46], [46, 51], [51, 48], [48, 50], [50, 55], [55, 52], [52, 58], [58, 57], [57, 56], [56, 62], [62, 67], [67, 64], [64, 66], [66, 71], [71, 68], [68, 74], [74, 73], [73, 72], [72, 78], [78, 83], [83, 80], [80, 82], [82, 87], [87, 84], [84, 90], [90, 89], [89, 88], [88, 94]],"Final_routing":[[3, 0], [0, 2], [2, 7], [7, 6], [6, 15], [15, 12], [12, 11], [11, 14], [14, 19], [19, 16], [16, 21], [21, 18], [18, 23], [23, 22], [22, 31], [31, 28], [28, 27], [27, 30], [30, 35], [35, 32], [32, 34], [34, 39], [39, 38], [38, 47], [47, 44], [44, 43], [43, 46], [46, 51], [51, 48], [48, 53], [53, 50], [50, 55], [55, 54], [54, 63], [63, 60], [60, 59], [59, 62], [62, 67], [67, 64], [64, 66], [66, 71], [71, 70], [70, 79], [79, 76], [76, 75], [75, 78], [78, 83], [83, 80], [80, 85], [85, 82], [82, 87], [87, 86], [86, 95], [95, 92], [92, 91], [91, 94]],"Properties":{"MultiAlternativeWaypoint": {"waypoint": [10,15,16,25,31,32,34,40,44,53,55,60,62,66,68,75,82,83,90,91]},"Reachability":{"startNode":3,"finalNode":94}}}
Persimmon stdout:  Chain equivalence reduction: 81 -> 56
<=== Starting iteration 0 ===>
<=== Starting iteration 1 ===>
<=== Starting iteration 2 ===>
Solution: Some([[53, 91, 86, 95, 92, 6, 38, 47, 85, 31, 43, 54, 63, 12, 11, 75, 44, 21, 22, 28, 27, 59, 70, 79, 76, 60, 15], [39, 55, 87, 23, 7, 71], [16, 68, 40, 9, 8, 74, 73, 72, 84, 89, 88, 24, 52, 58, 57, 56, 10, 25, 48, 80, 90, 36, 42, 41, 4, 20, 26]])
Time elapsed: 3.98ms
Time elapsed(s): 0.003979s

Persimmon stderr:  
Time: 0.003979
Solution: [[53, 91, 86, 95, 92, 6, 38, 47, 85, 31, 43, 54, 63, 12, 11, 75, 44, 21, 22, 28, 27, 59, 70, 79, 76, 60, 15], [39, 55, 87, 23, 7, 71], [16, 68, 40, 9, 8, 74, 73, 72, 84, 89, 88, 24, 52, 58, 57, 56, 10, 25, 48, 80, 90, 36, 42, 41, 4, 20, 26]]
	Command being timed: "python3 allsynth/run.py -t PERS --GML topologies/topzoo/HostwayInternational.gml 5 --dir topzoo_res/SeparateWPk/PERS/PERS-1 --e-prop SeparateWPk --repeat 1"
	User time (seconds): 0.70
	System time (seconds): 1.27
	Percent of CPU this job got: 477%
	Elapsed (wall clock) time (h:mm:ss or m:ss): 0:00.41
	Average shared text size (kbytes): 0
	Average unshared data size (kbytes): 0
	Average stack size (kbytes): 0
	Average total size (kbytes): 0
	Maximum resident set size (kbytes): 70968
	Average resident set size (kbytes): 0
	Major (requiring I/O) page faults: 0
	Minor (reclaiming a frame) page faults: 13058
	Voluntary context switches: 30
	Involuntary context switches: 191
	Swaps: 0
	File system inputs: 0
	File system outputs: 24
	Socket messages sent: 0
	Socket messages received: 0
	Signals delivered: 0
	Page size (bytes): 4096
	Exit status: 0
