Namespace(tool='PERS', exper=None, gml=['topologies/topzoo/Integra.gml', '5'], index=None, prop='SeparateWPk', prop_file=None, op_req=None, repeat=1, reduce=False, opt=False, u=False, some=False, count=False, weight_bound=None, savedir='topzoo_res/SeparateWPk/PERS/PERS-1', dump_bdd=False)
Running 5Integra.gml
Policy: (((((((((((((WP(160-147) | WP(101-147)) | WP(39-147)) | WP(136-147)) | WP(91-147)) | WP(111-147)) | WP(80-147)) | WP(113-147)) | WP(88-147)) | WP(25-147)) | WP(27-147)) | WP(62-147)) | WP(31-147)) & (Reach 147))
Initial path of nodes: [1, 20, 0, 3, 26, 25, 10, 12, 28, 47, 27, 30, 53, 52, 37, 39, 55, 74, 54, 57, 80, 79, 64, 66, 82, 101, 81, 84, 107, 106, 91, 93, 109, 128, 108, 111, 134, 133, 118, 120, 136, 155, 135, 138, 161, 160, 145, 147]
Final path of nodes: [1, 20, 21, 23, 24, 25, 10, 12, 28, 34, 31, 32, 35, 52, 37, 39, 55, 61, 58, 59, 62, 79, 64, 66, 82, 88, 85, 86, 89, 106, 91, 93, 109, 115, 112, 113, 116, 133, 118, 120, 136, 142, 139, 140, 143, 160, 145, 147]
Persimmon problem:  {"Initial_routing":[[1, 20], [20, 0], [0, 3], [3, 26], [26, 25], [25, 10], [10, 12], [12, 28], [28, 47], [47, 27], [27, 30], [30, 53], [53, 52], [52, 37], [37, 39], [39, 55], [55, 74], [74, 54], [54, 57], [57, 80], [80, 79], [79, 64], [64, 66], [66, 82], [82, 101], [101, 81], [81, 84], [84, 107], [107, 106], [106, 91], [91, 93], [93, 109], [109, 128], [128, 108], [108, 111], [111, 134], [134, 133], [133, 118], [118, 120], [120, 136], [136, 155], [155, 135], [135, 138], [138, 161], [161, 160], [160, 145], [145, 147]],"Final_routing":[[1, 20], [20, 21], [21, 23], [23, 24], [24, 25], [25, 10], [10, 12], [12, 28], [28, 34], [34, 31], [31, 32], [32, 35], [35, 52], [52, 37], [37, 39], [39, 55], [55, 61], [61, 58], [58, 59], [59, 62], [62, 79], [79, 64], [64, 66], [66, 82], [82, 88], [88, 85], [85, 86], [86, 89], [89, 106], [106, 91], [91, 93], [93, 109], [109, 115], [115, 112], [112, 113], [113, 116], [116, 133], [133, 118], [118, 120], [120, 136], [136, 142], [142, 139], [139, 140], [140, 143], [143, 160], [160, 145], [145, 147]],"Properties":{"MultiAlternativeWaypoint": {"waypoint": [160,101,39,136,91,111,80,113,88,25,27,62,31]},"Reachability":{"startNode":1,"finalNode":147}}}
Persimmon stdout:  Chain equivalence reduction: 71 -> 43
<=== Starting iteration 0 ===>
<=== Starting iteration 1 ===>
<=== Starting iteration 2 ===>
Solution: Some([[31, 62, 34, 32, 35, 88, 113, 85, 86, 89, 116, 115, 112, 21, 23, 24, 61, 58, 59, 142, 139, 140, 143], [82, 136, 28, 55, 20, 109], [27, 101, 0, 3, 26, 81, 84, 107, 47, 80, 30, 53, 134, 155, 135, 138, 161, 111, 74, 54, 57, 128, 108]])
Time elapsed: 2.55ms
Time elapsed(s): 0.002555s

Persimmon stderr:  
Time: 0.002555
Solution: [[31, 62, 34, 32, 35, 88, 113, 85, 86, 89, 116, 115, 112, 21, 23, 24, 61, 58, 59, 142, 139, 140, 143], [82, 136, 28, 55, 20, 109], [27, 101, 0, 3, 26, 81, 84, 107, 47, 80, 30, 53, 134, 155, 135, 138, 161, 111, 74, 54, 57, 128, 108]]
	Command being timed: "python3 allsynth/run.py -t PERS --GML topologies/topzoo/Integra.gml 5 --dir topzoo_res/SeparateWPk/PERS/PERS-1 --e-prop SeparateWPk --repeat 1"
	User time (seconds): 0.73
	System time (seconds): 1.28
	Percent of CPU this job got: 485%
	Elapsed (wall clock) time (h:mm:ss or m:ss): 0:00.41
	Average shared text size (kbytes): 0
	Average unshared data size (kbytes): 0
	Average stack size (kbytes): 0
	Average total size (kbytes): 0
	Maximum resident set size (kbytes): 71384
	Average resident set size (kbytes): 0
	Major (requiring I/O) page faults: 0
	Minor (reclaiming a frame) page faults: 13207
	Voluntary context switches: 32
	Involuntary context switches: 178
	Swaps: 0
	File system inputs: 0
	File system outputs: 24
	Socket messages sent: 0
	Socket messages received: 0
	Signals delivered: 0
	Page size (bytes): 4096
	Exit status: 0
