Namespace(tool='PERS', exper=None, gml=['topologies/topzoo/Interoute.gml', '5'], index=None, prop='SeparateWPk', prop_file=None, op_req=None, repeat=1, reduce=False, opt=False, u=False, some=False, count=False, weight_bound=None, savedir='topzoo_res/SeparateWPk/PERS/PERS-1', dump_bdd=False)
Running 5Interoute.gml
Policy: (((((((((((((((((((((((((((((((((((((((((((((((((WP(386-658) | WP(259-658)) | WP(516-658)) | WP(9-658)) | WP(11-658)) | WP(653-658)) | WP(271-658)) | WP(16-658)) | WP(273-658)) | WP(154-658)) | WP(161-658)) | WP(418-658)) | WP(163-658)) | WP(419-658)) | WP(424-658)) | WP(559-658)) | WP(561-658)) | WP(50-658)) | WP(564-658)) | WP(565-658)) | WP(566-658)) | WP(182-658)) | WP(440-658)) | WP(315-658)) | WP(454-658)) | WP(328-658)) | WP(458-658)) | WP(203-658)) | WP(204-658)) | WP(461-658)) | WP(338-658)) | WP(212-658)) | WP(86-658)) | WP(87-658)) | WP(600-658)) | WP(218-658)) | WP(476-658)) | WP(103-658)) | WP(490-658)) | WP(236-658)) | WP(365-658)) | WP(497-658)) | WP(117-658)) | WP(374-658)) | WP(247-658)) | WP(376-658)) | WP(636-658)) | WP(637-658)) | WP(254-658)) & (Reach 658))
Initial path of nodes: [14, 44, 53, 36, 39, 9, 8, 7, 18, 27, 16, 89, 51, 50, 95, 86, 94, 108, 124, 154, 163, 146, 149, 119, 118, 117, 128, 137, 126, 199, 161, 160, 205, 196, 204, 218, 234, 264, 273, 256, 259, 229, 228, 227, 238, 247, 236, 309, 271, 270, 315, 306, 314, 328, 344, 374, 383, 366, 369, 339, 338, 337, 348, 357, 346, 419, 381, 380, 425, 416, 424, 438, 454, 484, 493, 476, 479, 449, 448, 447, 458, 467, 456, 529, 491, 490, 535, 526, 534, 548, 564, 594, 603, 586, 589, 559, 558, 557, 568, 577, 566, 639, 601, 600, 645, 636, 644, 658]
Final path of nodes: [14, 44, 53, 35, 0, 103, 102, 34, 46, 21, 11, 72, 16, 56, 57, 50, 93, 51, 88, 76, 87, 94, 108, 124, 125, 154, 163, 145, 110, 213, 212, 144, 156, 131, 121, 182, 126, 166, 167, 160, 203, 161, 198, 186, 197, 204, 218, 234, 235, 264, 273, 255, 220, 323, 322, 254, 266, 241, 231, 292, 236, 276, 277, 270, 313, 271, 308, 296, 307, 314, 328, 344, 345, 374, 383, 365, 330, 433, 432, 364, 376, 351, 341, 402, 346, 386, 387, 380, 423, 381, 418, 406, 417, 424, 438, 454, 455, 484, 493, 475, 440, 543, 542, 474, 486, 461, 451, 512, 456, 496, 497, 490, 533, 491, 528, 516, 527, 534, 548, 564, 565, 594, 603, 585, 550, 653, 652, 584, 596, 571, 561, 622, 566, 606, 607, 600, 643, 601, 638, 626, 637, 644, 658]
Persimmon problem:  {"Initial_routing":[[14, 44], [44, 53], [53, 36], [36, 39], [39, 9], [9, 8], [8, 7], [7, 18], [18, 27], [27, 16], [16, 89], [89, 51], [51, 50], [50, 95], [95, 86], [86, 94], [94, 108], [108, 124], [124, 154], [154, 163], [163, 146], [146, 149], [149, 119], [119, 118], [118, 117], [117, 128], [128, 137], [137, 126], [126, 199], [199, 161], [161, 160], [160, 205], [205, 196], [196, 204], [204, 218], [218, 234], [234, 264], [264, 273], [273, 256], [256, 259], [259, 229], [229, 228], [228, 227], [227, 238], [238, 247], [247, 236], [236, 309], [309, 271], [271, 270], [270, 315], [315, 306], [306, 314], [314, 328], [328, 344], [344, 374], [374, 383], [383, 366], [366, 369], [369, 339], [339, 338], [338, 337], [337, 348], [348, 357], [357, 346], [346, 419], [419, 381], [381, 380], [380, 425], [425, 416], [416, 424], [424, 438], [438, 454], [454, 484], [484, 493], [493, 476], [476, 479], [479, 449], [449, 448], [448, 447], [447, 458], [458, 467], [467, 456], [456, 529], [529, 491], [491, 490], [490, 535], [535, 526], [526, 534], [534, 548], [548, 564], [564, 594], [594, 603], [603, 586], [586, 589], [589, 559], [559, 558], [558, 557], [557, 568], [568, 577], [577, 566], [566, 639], [639, 601], [601, 600], [600, 645], [645, 636], [636, 644], [644, 658]],"Final_routing":[[14, 44], [44, 53], [53, 35], [35, 0], [0, 103], [103, 102], [102, 34], [34, 46], [46, 21], [21, 11], [11, 72], [72, 16], [16, 56], [56, 57], [57, 50], [50, 93], [93, 51], [51, 88], [88, 76], [76, 87], [87, 94], [94, 108], [108, 124], [124, 125], [125, 154], [154, 163], [163, 145], [145, 110], [110, 213], [213, 212], [212, 144], [144, 156], [156, 131], [131, 121], [121, 182], [182, 126], [126, 166], [166, 167], [167, 160], [160, 203], [203, 161], [161, 198], [198, 186], [186, 197], [197, 204], [204, 218], [218, 234], [234, 235], [235, 264], [264, 273], [273, 255], [255, 220], [220, 323], [323, 322], [322, 254], [254, 266], [266, 241], [241, 231], [231, 292], [292, 236], [236, 276], [276, 277], [277, 270], [270, 313], [313, 271], [271, 308], [308, 296], [296, 307], [307, 314], [314, 328], [328, 344], [344, 345], [345, 374], [374, 383], [383, 365], [365, 330], [330, 433], [433, 432], [432, 364], [364, 376], [376, 351], [351, 341], [341, 402], [402, 346], [346, 386], [386, 387], [387, 380], [380, 423], [423, 381], [381, 418], [418, 406], [406, 417], [417, 424], [424, 438], [438, 454], [454, 455], [455, 484], [484, 493], [493, 475], [475, 440], [440, 543], [543, 542], [542, 474], [474, 486], [486, 461], [461, 451], [451, 512], [512, 456], [456, 496], [496, 497], [497, 490], [490, 533], [533, 491], [491, 528], [528, 516], [516, 527], [527, 534], [534, 548], [548, 564], [564, 565], [565, 594], [594, 603], [603, 585], [585, 550], [550, 653], [653, 652], [652, 584], [584, 596], [596, 571], [571, 561], [561, 622], [622, 566], [566, 606], [606, 607], [607, 600], [600, 643], [643, 601], [601, 638], [638, 626], [626, 637], [637, 644], [644, 658]],"Properties":{"MultiAlternativeWaypoint": {"waypoint": [386,259,516,9,11,653,271,16,273,154,161,418,163,419,424,559,561,50,564,565,566,182,440,315,454,328,458,203,204,461,338,212,86,87,600,218,476,103,490,236,365,497,117,374,247,376,636,637,254]},"Reachability":{"startNode":14,"finalNode":658}}}
Persimmon stdout:  Chain equivalence reduction: 203 -> 135
<=== Starting iteration 0 ===>
<=== Starting iteration 1 ===>
<=== Starting iteration 2 ===>
<=== Starting iteration 3 ===>
Solution: Some([[93, 125, 198, 186, 197, 376, 527, 72, 440, 622, 637, 166, 167, 643, 313, 528, 638, 626, 203, 386, 103, 212, 533, 561, 88, 76, 516, 365, 351, 341, 402, 330, 433, 432, 364, 235, 387, 145, 110, 213, 496, 475, 345, 497, 182, 35, 0, 461, 455, 254, 543, 542, 474, 486, 406, 417, 276, 277, 11, 266, 241, 231, 292, 565, 56, 57, 606, 607, 102, 34, 46, 21, 451, 512, 585, 550, 652, 584, 596, 571, 418, 87, 308, 296, 307, 653, 144, 156, 131, 121, 255, 220, 323, 322, 423], [601, 161, 381, 51, 491, 271], [163, 600, 126, 380, 270, 493, 490, 236, 273, 383, 603, 160, 346, 53, 50, 16, 566, 456], [309, 86, 8, 7, 18, 27, 454, 467, 146, 149, 119, 118, 559, 256, 247, 95, 36, 39, 529, 535, 526, 564, 9, 636, 205, 196, 425, 416, 128, 137, 89, 234, 558, 557, 568, 577, 458, 229, 228, 227, 238, 124, 419, 337, 348, 357, 586, 589, 344, 306, 645, 315, 259, 366, 369, 339, 338, 199, 639, 476, 117, 479, 449, 448, 447]])
Time elapsed: 29.42ms
Time elapsed(s): 0.029416s

Persimmon stderr:  
Time: 0.029416
Solution: [[93, 125, 198, 186, 197, 376, 527, 72, 440, 622, 637, 166, 167, 643, 313, 528, 638, 626, 203, 386, 103, 212, 533, 561, 88, 76, 516, 365, 351, 341, 402, 330, 433, 432, 364, 235, 387, 145, 110, 213, 496, 475, 345, 497, 182, 35, 0, 461, 455, 254, 543, 542, 474, 486, 406, 417, 276, 277, 11, 266, 241, 231, 292, 565, 56, 57, 606, 607, 102, 34, 46, 21, 451, 512, 585, 550, 652, 584, 596, 571, 418, 87, 308, 296, 307, 653, 144, 156, 131, 121, 255, 220, 323, 322, 423], [601, 161, 381, 51, 491, 271], [163, 600, 126, 380, 270, 493, 490, 236, 273, 383, 603, 160, 346, 53, 50, 16, 566, 456], [309, 86, 8, 7, 18, 27, 454, 467, 146, 149, 119, 118, 559, 256, 247, 95, 36, 39, 529, 535, 526, 564, 9, 636, 205, 196, 425, 416, 128, 137, 89, 234, 558, 557, 568, 577, 458, 229, 228, 227, 238, 124, 419, 337, 348, 357, 586, 589, 344, 306, 645, 315, 259, 366, 369, 339, 338, 199, 639, 476, 117, 479, 449, 448, 447]]
	Command being timed: "python3 allsynth/run.py -t PERS --GML topologies/topzoo/Interoute.gml 5 --dir topzoo_res/SeparateWPk/PERS/PERS-1 --e-prop SeparateWPk --repeat 1"
	User time (seconds): 0.99
	System time (seconds): 1.29
	Percent of CPU this job got: 335%
	Elapsed (wall clock) time (h:mm:ss or m:ss): 0:00.68
	Average shared text size (kbytes): 0
	Average unshared data size (kbytes): 0
	Average stack size (kbytes): 0
	Average total size (kbytes): 0
	Maximum resident set size (kbytes): 74680
	Average resident set size (kbytes): 0
	Major (requiring I/O) page faults: 0
	Minor (reclaiming a frame) page faults: 14213
	Voluntary context switches: 32
	Involuntary context switches: 129
	Swaps: 0
	File system inputs: 0
	File system outputs: 32
	Socket messages sent: 0
	Socket messages received: 0
	Signals delivered: 0
	Page size (bytes): 4096
	Exit status: 0
