Namespace(tool='PERS', exper=None, gml=['topologies/topzoo/Missouri.gml', '5'], index=None, prop='SeparateWPk', prop_file=None, op_req=None, repeat=1, reduce=False, opt=False, u=False, some=False, count=False, weight_bound=None, savedir='topzoo_res/SeparateWPk/PERS/PERS-1', dump_bdd=False)
Running 5Missouri.gml
Policy: ((((((((((((((((((((((((((((((((((((WP(2-387) | WP(131-387)) | WP(10-387)) | WP(267-387)) | WP(396-387)) | WP(17-387)) | WP(401-387)) | WP(151-387)) | WP(280-387)) | WP(279-387)) | WP(28-387)) | WP(285-387)) | WP(160-387)) | WP(161-387)) | WP(164-387)) | WP(295-387)) | WP(186-387)) | WP(66-387)) | WP(196-387)) | WP(324-387)) | WP(70-387)) | WP(200-387)) | WP(203-387)) | WP(334-387)) | WP(78-387)) | WP(79-387)) | WP(211-387)) | WP(218-387)) | WP(349-387)) | WP(352-387)) | WP(228-387)) | WP(361-387)) | WP(362-387)) | WP(108-387)) | WP(242-387)) | WP(123-387)) & (Reach 387))
Initial path of nodes: [27, 26, 9, 32, 42, 17, 16, 49, 63, 64, 66, 65, 57, 2, 52, 70, 69, 124, 132, 133, 131, 130, 116, 83, 84, 108, 99, 76, 93, 94, 161, 160, 143, 166, 176, 151, 150, 183, 197, 198, 200, 199, 191, 136, 186, 228, 227, 210, 233, 243, 218, 217, 250, 264, 265, 267, 266, 258, 203, 253, 295, 294, 277, 300, 310, 285, 284, 317, 331, 332, 334, 333, 325, 270, 320, 362, 361, 344, 367, 377, 352, 351, 384, 398, 399, 401, 400, 392, 337, 387]
Final path of nodes: [27, 26, 9, 12, 15, 28, 30, 14, 11, 4, 10, 62, 61, 56, 58, 2, 52, 70, 69, 125, 123, 128, 129, 77, 71, 78, 81, 97, 95, 82, 79, 76, 93, 94, 161, 160, 143, 146, 149, 162, 164, 148, 145, 138, 144, 196, 195, 190, 192, 136, 186, 228, 227, 210, 233, 242, 231, 215, 212, 205, 211, 263, 262, 257, 259, 203, 253, 295, 294, 277, 280, 283, 296, 298, 282, 279, 272, 278, 330, 329, 324, 326, 270, 320, 362, 361, 344, 367, 376, 365, 349, 346, 339, 345, 397, 396, 391, 393, 337, 387]
Persimmon problem:  {"Initial_routing":[[27, 26], [26, 9], [9, 32], [32, 42], [42, 17], [17, 16], [16, 49], [49, 63], [63, 64], [64, 66], [66, 65], [65, 57], [57, 2], [2, 52], [52, 70], [70, 69], [69, 124], [124, 132], [132, 133], [133, 131], [131, 130], [130, 116], [116, 83], [83, 84], [84, 108], [108, 99], [99, 76], [76, 93], [93, 94], [94, 161], [161, 160], [160, 143], [143, 166], [166, 176], [176, 151], [151, 150], [150, 183], [183, 197], [197, 198], [198, 200], [200, 199], [199, 191], [191, 136], [136, 186], [186, 228], [228, 227], [227, 210], [210, 233], [233, 243], [243, 218], [218, 217], [217, 250], [250, 264], [264, 265], [265, 267], [267, 266], [266, 258], [258, 203], [203, 253], [253, 295], [295, 294], [294, 277], [277, 300], [300, 310], [310, 285], [285, 284], [284, 317], [317, 331], [331, 332], [332, 334], [334, 333], [333, 325], [325, 270], [270, 320], [320, 362], [362, 361], [361, 344], [344, 367], [367, 377], [377, 352], [352, 351], [351, 384], [384, 398], [398, 399], [399, 401], [401, 400], [400, 392], [392, 337], [337, 387]],"Final_routing":[[27, 26], [26, 9], [9, 12], [12, 15], [15, 28], [28, 30], [30, 14], [14, 11], [11, 4], [4, 10], [10, 62], [62, 61], [61, 56], [56, 58], [58, 2], [2, 52], [52, 70], [70, 69], [69, 125], [125, 123], [123, 128], [128, 129], [129, 77], [77, 71], [71, 78], [78, 81], [81, 97], [97, 95], [95, 82], [82, 79], [79, 76], [76, 93], [93, 94], [94, 161], [161, 160], [160, 143], [143, 146], [146, 149], [149, 162], [162, 164], [164, 148], [148, 145], [145, 138], [138, 144], [144, 196], [196, 195], [195, 190], [190, 192], [192, 136], [136, 186], [186, 228], [228, 227], [227, 210], [210, 233], [233, 242], [242, 231], [231, 215], [215, 212], [212, 205], [205, 211], [211, 263], [263, 262], [262, 257], [257, 259], [259, 203], [203, 253], [253, 295], [295, 294], [294, 277], [277, 280], [280, 283], [283, 296], [296, 298], [298, 282], [282, 279], [279, 272], [272, 278], [278, 330], [330, 329], [329, 324], [324, 326], [326, 270], [270, 320], [320, 362], [362, 361], [361, 344], [344, 367], [367, 376], [376, 365], [365, 349], [349, 346], [346, 339], [339, 345], [345, 397], [397, 396], [396, 391], [391, 393], [393, 337], [337, 387]],"Properties":{"MultiAlternativeWaypoint": {"waypoint": [2,131,10,267,396,17,401,151,280,279,28,285,160,161,164,295,186,66,196,324,70,200,203,334,78,79,211,218,349,352,228,361,362,108,242,123]},"Reachability":{"startNode":27,"finalNode":387}}}
Persimmon stdout:  Chain equivalence reduction: 158 -> 85
<=== Starting iteration 0 ===>
<=== Starting iteration 1 ===>
<=== Starting iteration 2 ===>
Solution: Some([[128, 129, 77, 71, 81, 97, 95, 82, 376, 365, 123, 164, 28, 326, 148, 145, 138, 144, 324, 125, 279, 231, 215, 212, 205, 280, 391, 393, 30, 14, 11, 4, 272, 278, 330, 329, 346, 339, 345, 397, 242, 211, 12, 15, 349, 79, 283, 296, 298, 282, 146, 149, 162, 78, 195, 190, 192, 396, 263, 262, 257, 259, 196, 10, 62, 61, 56, 58], [69, 367, 9, 143, 277, 233], [17, 401, 400, 392, 16, 49, 63, 64, 150, 183, 197, 198, 352, 66, 351, 384, 398, 399, 284, 317, 331, 332, 124, 132, 133, 108, 267, 199, 191, 200, 285, 300, 310, 243, 266, 258, 334, 166, 176, 377, 130, 116, 83, 84, 217, 250, 264, 265, 65, 57, 333, 325, 131, 151, 99, 32, 42, 218]])
Time elapsed: 9.17ms
Time elapsed(s): 0.009171s

Persimmon stderr:  
Time: 0.009171
Solution: [[128, 129, 77, 71, 81, 97, 95, 82, 376, 365, 123, 164, 28, 326, 148, 145, 138, 144, 324, 125, 279, 231, 215, 212, 205, 280, 391, 393, 30, 14, 11, 4, 272, 278, 330, 329, 346, 339, 345, 397, 242, 211, 12, 15, 349, 79, 283, 296, 298, 282, 146, 149, 162, 78, 195, 190, 192, 396, 263, 262, 257, 259, 196, 10, 62, 61, 56, 58], [69, 367, 9, 143, 277, 233], [17, 401, 400, 392, 16, 49, 63, 64, 150, 183, 197, 198, 352, 66, 351, 384, 398, 399, 284, 317, 331, 332, 124, 132, 133, 108, 267, 199, 191, 200, 285, 300, 310, 243, 266, 258, 334, 166, 176, 377, 130, 116, 83, 84, 217, 250, 264, 265, 65, 57, 333, 325, 131, 151, 99, 32, 42, 218]]
	Command being timed: "python3 allsynth/run.py -t PERS --GML topologies/topzoo/Missouri.gml 5 --dir topzoo_res/SeparateWPk/PERS/PERS-1 --e-prop SeparateWPk --repeat 1"
	User time (seconds): 0.79
	System time (seconds): 1.32
	Percent of CPU this job got: 408%
	Elapsed (wall clock) time (h:mm:ss or m:ss): 0:00.52
	Average shared text size (kbytes): 0
	Average unshared data size (kbytes): 0
	Average stack size (kbytes): 0
	Average total size (kbytes): 0
	Maximum resident set size (kbytes): 72888
	Average resident set size (kbytes): 0
	Major (requiring I/O) page faults: 0
	Minor (reclaiming a frame) page faults: 13617
	Voluntary context switches: 31
	Involuntary context switches: 159
	Swaps: 0
	File system inputs: 0
	File system outputs: 32
	Socket messages sent: 0
	Socket messages received: 0
	Signals delivered: 0
	Page size (bytes): 4096
	Exit status: 0
