Namespace(tool='PERS', exper=None, gml=['topologies/topzoo/Pern.gml', '5'], index=None, prop='SeparateWPk', prop_file=None, op_req=None, repeat=1, reduce=False, opt=False, u=False, some=False, count=False, weight_bound=None, savedir='topzoo_res/SeparateWPk/PERS/PERS-1', dump_bdd=False)
Running 5Pern.gml
Policy: ((((((((((((((((((((WP(267-760) | WP(655-760)) | WP(528-760)) | WP(401-760)) | WP(274-760)) | WP(147-760)) | WP(170-760)) | WP(427-760)) | WP(685-760)) | WP(558-760)) | WP(431-760)) | WP(304-760)) | WP(177-760)) | WP(50-760)) | WP(568-760)) | WP(737-760)) | WP(102-760)) | WP(373-760)) | WP(506-760)) | WP(253-760)) & (Reach 760))
Initial path of nodes: [20, 43, 13, 46, 60, 102, 126, 119, 125, 147, 170, 140, 173, 187, 229, 253, 246, 252, 274, 297, 267, 300, 314, 356, 380, 373, 379, 401, 424, 394, 427, 441, 483, 507, 500, 506, 528, 551, 521, 554, 568, 610, 634, 627, 633, 655, 678, 648, 681, 695, 737, 761, 754, 760]
Final path of nodes: [20, 43, 13, 10, 59, 50, 72, 126, 119, 125, 147, 170, 140, 137, 186, 177, 199, 253, 246, 252, 274, 297, 267, 264, 313, 304, 326, 380, 373, 379, 401, 424, 394, 391, 440, 431, 453, 507, 500, 506, 528, 551, 521, 518, 567, 558, 580, 634, 627, 633, 655, 678, 648, 645, 694, 685, 707, 761, 754, 760]
Persimmon problem:  {"Initial_routing":[[20, 43], [43, 13], [13, 46], [46, 60], [60, 102], [102, 126], [126, 119], [119, 125], [125, 147], [147, 170], [170, 140], [140, 173], [173, 187], [187, 229], [229, 253], [253, 246], [246, 252], [252, 274], [274, 297], [297, 267], [267, 300], [300, 314], [314, 356], [356, 380], [380, 373], [373, 379], [379, 401], [401, 424], [424, 394], [394, 427], [427, 441], [441, 483], [483, 507], [507, 500], [500, 506], [506, 528], [528, 551], [551, 521], [521, 554], [554, 568], [568, 610], [610, 634], [634, 627], [627, 633], [633, 655], [655, 678], [678, 648], [648, 681], [681, 695], [695, 737], [737, 761], [761, 754], [754, 760]],"Final_routing":[[20, 43], [43, 13], [13, 10], [10, 59], [59, 50], [50, 72], [72, 126], [126, 119], [119, 125], [125, 147], [147, 170], [170, 140], [140, 137], [137, 186], [186, 177], [177, 199], [199, 253], [253, 246], [246, 252], [252, 274], [274, 297], [297, 267], [267, 264], [264, 313], [313, 304], [304, 326], [326, 380], [380, 373], [373, 379], [379, 401], [401, 424], [424, 394], [394, 391], [391, 440], [440, 431], [431, 453], [453, 507], [507, 500], [500, 506], [506, 528], [528, 551], [551, 521], [521, 518], [518, 567], [567, 558], [558, 580], [580, 634], [634, 627], [627, 633], [633, 655], [655, 678], [678, 648], [648, 645], [645, 694], [694, 685], [685, 707], [707, 761], [761, 754], [754, 760]],"Properties":{"MultiAlternativeWaypoint": {"waypoint": [267,655,528,401,274,147,170,427,685,558,431,304,177,50,568,737,102,373,506,253]},"Reachability":{"startNode":20,"finalNode":760}}}
Persimmon stdout:  Chain equivalence reduction: 78 -> 55
<=== Starting iteration 0 ===>
<=== Starting iteration 1 ===>
<=== Starting iteration 2 ===>
Solution: Some([[685, 580, 645, 694, 72, 10, 59, 518, 567, 707, 453, 304, 431, 199, 391, 440, 326, 264, 313, 177, 137, 186, 558, 50], [521, 267, 140, 648, 394, 13], [610, 681, 695, 568, 300, 314, 356, 441, 483, 554, 46, 60, 427, 173, 187, 229, 102, 737]])
Time elapsed: 3.37ms
Time elapsed(s): 0.003373s

Persimmon stderr:  
Time: 0.003373
Solution: [[685, 580, 645, 694, 72, 10, 59, 518, 567, 707, 453, 304, 431, 199, 391, 440, 326, 264, 313, 177, 137, 186, 558, 50], [521, 267, 140, 648, 394, 13], [610, 681, 695, 568, 300, 314, 356, 441, 483, 554, 46, 60, 427, 173, 187, 229, 102, 737]]
	Command being timed: "python3 allsynth/run.py -t PERS --GML topologies/topzoo/Pern.gml 5 --dir topzoo_res/SeparateWPk/PERS/PERS-1 --e-prop SeparateWPk --repeat 1"
	User time (seconds): 0.98
	System time (seconds): 1.28
	Percent of CPU this job got: 337%
	Elapsed (wall clock) time (h:mm:ss or m:ss): 0:00.67
	Average shared text size (kbytes): 0
	Average unshared data size (kbytes): 0
	Average stack size (kbytes): 0
	Average total size (kbytes): 0
	Maximum resident set size (kbytes): 74112
	Average resident set size (kbytes): 0
	Major (requiring I/O) page faults: 0
	Minor (reclaiming a frame) page faults: 13866
	Voluntary context switches: 37
	Involuntary context switches: 198
	Swaps: 0
	File system inputs: 0
	File system outputs: 24
	Socket messages sent: 0
	Socket messages received: 0
	Signals delivered: 0
	Page size (bytes): 4096
	Exit status: 0
