Namespace(tool='PERS', exper=None, gml=['topologies/topzoo/RoedunetFibre.gml', '5'], index=None, prop='SeparateWPk', prop_file=None, op_req=None, repeat=1, reduce=False, opt=False, u=False, some=False, count=False, weight_bound=None, savedir='topzoo_res/SeparateWPk/PERS/PERS-1', dump_bdd=False)
Running 5RoedunetFibre.gml
Policy: (((((((((((((((((((((((WP(260-281) | WP(136-281)) | WP(265-281)) | WP(267-281)) | WP(146-281)) | WP(25-281)) | WP(27-281)) | WP(285-281)) | WP(157-281)) | WP(45-281)) | WP(175-281)) | WP(52-281)) | WP(185-281)) | WP(85-281)) | WP(216-281)) | WP(90-281)) | WP(92-281)) | WP(96-281)) | WP(225-281)) | WP(239-281)) | WP(112-281)) | WP(118-281)) | WP(126-281)) & (Reach 281))
Initial path of nodes: [20, 37, 30, 31, 33, 27, 4, 0, 2, 47, 45, 44, 40, 41, 68, 85, 78, 79, 81, 75, 52, 48, 50, 95, 93, 92, 88, 89, 116, 133, 126, 127, 129, 123, 100, 96, 98, 143, 141, 140, 136, 137, 164, 181, 174, 175, 177, 171, 148, 144, 146, 191, 189, 188, 184, 185, 212, 229, 222, 223, 225, 219, 196, 192, 194, 239, 237, 236, 232, 233, 260, 277, 270, 271, 273, 267, 244, 240, 242, 287, 285, 284, 280, 281]
Final path of nodes: [20, 37, 30, 31, 33, 27, 4, 16, 13, 24, 25, 42, 22, 41, 68, 85, 78, 79, 81, 75, 52, 64, 61, 72, 73, 90, 70, 89, 116, 133, 126, 127, 129, 123, 100, 112, 109, 120, 121, 138, 118, 137, 164, 181, 174, 175, 177, 171, 148, 160, 157, 168, 169, 186, 166, 185, 212, 229, 222, 223, 225, 219, 196, 208, 205, 216, 217, 234, 214, 233, 260, 277, 270, 271, 273, 267, 244, 256, 253, 264, 265, 282, 262, 281]
Persimmon problem:  {"Initial_routing":[[20, 37], [37, 30], [30, 31], [31, 33], [33, 27], [27, 4], [4, 0], [0, 2], [2, 47], [47, 45], [45, 44], [44, 40], [40, 41], [41, 68], [68, 85], [85, 78], [78, 79], [79, 81], [81, 75], [75, 52], [52, 48], [48, 50], [50, 95], [95, 93], [93, 92], [92, 88], [88, 89], [89, 116], [116, 133], [133, 126], [126, 127], [127, 129], [129, 123], [123, 100], [100, 96], [96, 98], [98, 143], [143, 141], [141, 140], [140, 136], [136, 137], [137, 164], [164, 181], [181, 174], [174, 175], [175, 177], [177, 171], [171, 148], [148, 144], [144, 146], [146, 191], [191, 189], [189, 188], [188, 184], [184, 185], [185, 212], [212, 229], [229, 222], [222, 223], [223, 225], [225, 219], [219, 196], [196, 192], [192, 194], [194, 239], [239, 237], [237, 236], [236, 232], [232, 233], [233, 260], [260, 277], [277, 270], [270, 271], [271, 273], [273, 267], [267, 244], [244, 240], [240, 242], [242, 287], [287, 285], [285, 284], [284, 280], [280, 281]],"Final_routing":[[20, 37], [37, 30], [30, 31], [31, 33], [33, 27], [27, 4], [4, 16], [16, 13], [13, 24], [24, 25], [25, 42], [42, 22], [22, 41], [41, 68], [68, 85], [85, 78], [78, 79], [79, 81], [81, 75], [75, 52], [52, 64], [64, 61], [61, 72], [72, 73], [73, 90], [90, 70], [70, 89], [89, 116], [116, 133], [133, 126], [126, 127], [127, 129], [129, 123], [123, 100], [100, 112], [112, 109], [109, 120], [120, 121], [121, 138], [138, 118], [118, 137], [137, 164], [164, 181], [181, 174], [174, 175], [175, 177], [177, 171], [171, 148], [148, 160], [160, 157], [157, 168], [168, 169], [169, 186], [186, 166], [166, 185], [185, 212], [212, 229], [229, 222], [222, 223], [223, 225], [225, 219], [219, 196], [196, 208], [208, 205], [205, 216], [216, 217], [217, 234], [234, 214], [214, 233], [233, 260], [260, 277], [277, 270], [270, 271], [271, 273], [273, 267], [267, 244], [244, 256], [256, 253], [253, 264], [264, 265], [265, 282], [282, 262], [262, 281]],"Properties":{"MultiAlternativeWaypoint": {"waypoint": [260,136,265,267,146,25,27,285,157,45,175,52,185,85,216,90,92,96,225,239,112,118,126]},"Reachability":{"startNode":20,"finalNode":281}}}
Persimmon stdout:  Chain equivalence reduction: 120 -> 62
<=== Starting iteration 0 ===>
<=== Starting iteration 1 ===>
<=== Starting iteration 2 ===>
Solution: Some([[118, 256, 253, 264, 25, 90, 216, 64, 61, 72, 73, 109, 120, 121, 138, 16, 13, 24, 208, 205, 112, 168, 169, 186, 166, 70, 217, 234, 214, 160, 157, 42, 22, 282, 262, 265], [244, 196, 100, 148, 4, 52], [136, 0, 2, 47, 48, 50, 95, 93, 92, 239, 237, 236, 232, 240, 242, 287, 45, 285, 88, 144, 146, 44, 40, 98, 143, 141, 140, 192, 194, 96, 191, 189, 188, 184, 284, 280]])
Time elapsed: 4.75ms
Time elapsed(s): 0.004749s

Persimmon stderr:  
Time: 0.004749
Solution: [[118, 256, 253, 264, 25, 90, 216, 64, 61, 72, 73, 109, 120, 121, 138, 16, 13, 24, 208, 205, 112, 168, 169, 186, 166, 70, 217, 234, 214, 160, 157, 42, 22, 282, 262, 265], [244, 196, 100, 148, 4, 52], [136, 0, 2, 47, 48, 50, 95, 93, 92, 239, 237, 236, 232, 240, 242, 287, 45, 285, 88, 144, 146, 44, 40, 98, 143, 141, 140, 192, 194, 96, 191, 189, 188, 184, 284, 280]]
	Command being timed: "python3 allsynth/run.py -t PERS --GML topologies/topzoo/RoedunetFibre.gml 5 --dir topzoo_res/SeparateWPk/PERS/PERS-1 --e-prop SeparateWPk --repeat 1"
	User time (seconds): 0.83
	System time (seconds): 1.23
	Percent of CPU this job got: 449%
	Elapsed (wall clock) time (h:mm:ss or m:ss): 0:00.46
	Average shared text size (kbytes): 0
	Average unshared data size (kbytes): 0
	Average stack size (kbytes): 0
	Average total size (kbytes): 0
	Maximum resident set size (kbytes): 72504
	Average resident set size (kbytes): 0
	Major (requiring I/O) page faults: 0
	Minor (reclaiming a frame) page faults: 13453
	Voluntary context switches: 30
	Involuntary context switches: 128
	Swaps: 0
	File system inputs: 0
	File system outputs: 32
	Socket messages sent: 0
	Socket messages received: 0
	Signals delivered: 0
	Page size (bytes): 4096
	Exit status: 0
