Namespace(tool='PERS', exper=None, gml=['topologies/topzoo/WideJpn.gml', '5'], index=None, prop='SeparateWPk', prop_file=None, op_req=None, repeat=1, reduce=False, opt=False, u=False, some=False, count=False, weight_bound=None, savedir='topzoo_res/SeparateWPk/PERS/PERS-1', dump_bdd=False)
Running 5WideJpn.gml
Policy: ((((((((((((((((((WP(160-165) | WP(161-165)) | WP(2-165)) | WP(105-165)) | WP(10-165)) | WP(45-165)) | WP(111-165)) | WP(80-165)) | WP(81-165)) | WP(50-165)) | WP(152-165)) | WP(52-165)) | WP(119-165)) | WP(120-165)) | WP(90-165)) | WP(59-165)) | WP(61-165)) | WP(126-165)) & (Reach 165))
Initial path of nodes: [11, 29, 20, 0, 1, 2, 21, 15, 41, 59, 50, 30, 31, 32, 51, 45, 71, 89, 80, 60, 61, 62, 81, 75, 101, 119, 110, 90, 91, 92, 111, 105, 131, 149, 140, 120, 121, 122, 141, 135, 161, 179, 170, 150, 151, 152, 171, 165]
Final path of nodes: [11, 29, 20, 0, 6, 10, 22, 21, 15, 41, 59, 50, 30, 36, 40, 52, 51, 45, 71, 89, 80, 60, 66, 70, 82, 81, 75, 101, 119, 110, 90, 96, 100, 112, 111, 105, 131, 149, 140, 120, 126, 130, 142, 141, 135, 161, 179, 170, 150, 156, 160, 172, 171, 165]
Persimmon problem:  {"Initial_routing":[[11, 29], [29, 20], [20, 0], [0, 1], [1, 2], [2, 21], [21, 15], [15, 41], [41, 59], [59, 50], [50, 30], [30, 31], [31, 32], [32, 51], [51, 45], [45, 71], [71, 89], [89, 80], [80, 60], [60, 61], [61, 62], [62, 81], [81, 75], [75, 101], [101, 119], [119, 110], [110, 90], [90, 91], [91, 92], [92, 111], [111, 105], [105, 131], [131, 149], [149, 140], [140, 120], [120, 121], [121, 122], [122, 141], [141, 135], [135, 161], [161, 179], [179, 170], [170, 150], [150, 151], [151, 152], [152, 171], [171, 165]],"Final_routing":[[11, 29], [29, 20], [20, 0], [0, 6], [6, 10], [10, 22], [22, 21], [21, 15], [15, 41], [41, 59], [59, 50], [50, 30], [30, 36], [36, 40], [40, 52], [52, 51], [51, 45], [45, 71], [71, 89], [89, 80], [80, 60], [60, 66], [66, 70], [70, 82], [82, 81], [81, 75], [75, 101], [101, 119], [119, 110], [110, 90], [90, 96], [96, 100], [100, 112], [112, 111], [111, 105], [105, 131], [131, 149], [149, 140], [140, 120], [120, 126], [126, 130], [130, 142], [142, 141], [141, 135], [135, 161], [161, 179], [179, 170], [170, 150], [150, 156], [156, 160], [160, 172], [172, 171], [171, 165]],"Properties":{"MultiAlternativeWaypoint": {"waypoint": [160,161,2,105,10,45,111,80,81,50,152,52,119,120,90,59,61,126]},"Reachability":{"startNode":11,"finalNode":165}}}
Persimmon stdout:  Chain equivalence reduction: 66 -> 45
<=== Starting iteration 0 ===>
<=== Starting iteration 1 ===>
<=== Starting iteration 2 ===>
Solution: Some([[66, 70, 82, 22, 156, 96, 100, 112, 160, 10, 126, 172, 52, 130, 142, 36, 40, 6], [150, 0, 30, 120, 90, 60], [31, 32, 152, 62, 61, 91, 92, 121, 122, 1, 151, 2]])
Time elapsed: 2.79ms
Time elapsed(s): 0.002786s

Persimmon stderr:  
Time: 0.002786
Solution: [[66, 70, 82, 22, 156, 96, 100, 112, 160, 10, 126, 172, 52, 130, 142, 36, 40, 6], [150, 0, 30, 120, 90, 60], [31, 32, 152, 62, 61, 91, 92, 121, 122, 1, 151, 2]]
	Command being timed: "python3 allsynth/run.py -t PERS --GML topologies/topzoo/WideJpn.gml 5 --dir topzoo_res/SeparateWPk/PERS/PERS-1 --e-prop SeparateWPk --repeat 1"
	User time (seconds): 0.70
	System time (seconds): 1.22
	Percent of CPU this job got: 457%
	Elapsed (wall clock) time (h:mm:ss or m:ss): 0:00.42
	Average shared text size (kbytes): 0
	Average unshared data size (kbytes): 0
	Average stack size (kbytes): 0
	Average total size (kbytes): 0
	Maximum resident set size (kbytes): 71556
	Average resident set size (kbytes): 0
	Major (requiring I/O) page faults: 0
	Minor (reclaiming a frame) page faults: 13195
	Voluntary context switches: 31
	Involuntary context switches: 699
	Swaps: 0
	File system inputs: 0
	File system outputs: 24
	Socket messages sent: 0
	Socket messages received: 0
	Signals delivered: 0
	Page size (bytes): 4096
	Exit status: 0
