Namespace(tool='PERS', exper=None, gml=['topologies/topzoo/Arpanet19719.gml', '5'], index=None, prop='Reach', prop_file=None, op_req=None, repeat=1, reduce=False, opt=False, u=False, some=False, count=False, weight_bound=None, savedir='topzoo_res/Reach/PERS/PERS-0', dump_bdd=False)
Running 5Arpanet19719.gml
Policy: (Reach 103)
Initial path of nodes: [0, 17, 8, 1, 16, 10, 5, 13, 18, 35, 26, 19, 34, 28, 23, 31, 36, 53, 44, 37, 52, 46, 41, 49, 54, 71, 62, 55, 70, 64, 59, 67, 72, 89, 80, 73, 88, 82, 77, 85, 90, 107, 98, 91, 106, 100, 95, 103]
Final path of nodes: [0, 17, 8, 7, 9, 14, 12, 13, 18, 21, 22, 24, 20, 27, 32, 30, 31, 36, 39, 40, 42, 38, 45, 50, 48, 49, 54, 57, 58, 60, 56, 63, 68, 66, 67, 72, 75, 76, 78, 74, 81, 86, 84, 85, 90, 93, 94, 96, 92, 99, 104, 102, 103]
Persimmon problem:  {"Initial_routing":[[0, 17], [17, 8], [8, 1], [1, 16], [16, 10], [10, 5], [5, 13], [13, 18], [18, 35], [35, 26], [26, 19], [19, 34], [34, 28], [28, 23], [23, 31], [31, 36], [36, 53], [53, 44], [44, 37], [37, 52], [52, 46], [46, 41], [41, 49], [49, 54], [54, 71], [71, 62], [62, 55], [55, 70], [70, 64], [64, 59], [59, 67], [67, 72], [72, 89], [89, 80], [80, 73], [73, 88], [88, 82], [82, 77], [77, 85], [85, 90], [90, 107], [107, 98], [98, 91], [91, 106], [106, 100], [100, 95], [95, 103]],"Final_routing":[[0, 17], [17, 8], [8, 7], [7, 9], [9, 14], [14, 12], [12, 13], [13, 18], [18, 21], [21, 22], [22, 24], [24, 20], [20, 27], [27, 32], [32, 30], [30, 31], [31, 36], [36, 39], [39, 40], [40, 42], [42, 38], [38, 45], [45, 50], [50, 48], [48, 49], [49, 54], [54, 57], [57, 58], [58, 60], [60, 56], [56, 63], [63, 68], [68, 66], [66, 67], [67, 72], [72, 75], [75, 76], [76, 78], [78, 74], [74, 81], [81, 86], [86, 84], [84, 85], [85, 90], [90, 93], [93, 94], [94, 96], [96, 92], [92, 99], [99, 104], [104, 102], [102, 103]],"Properties":{"Reachability":{"startNode":0,"finalNode":103}}}
Persimmon stdout:  Chain equivalence reduction: 87 -> 25
Constructing all update BDD
Solution: Some([[39, 40, 42, 38, 45, 50, 48, 57, 58, 60, 56, 63, 68, 66, 21, 22, 24, 20, 27, 32, 30, 93, 94, 96, 92, 99, 104, 102, 7, 9, 14, 12, 75, 76, 78, 74, 81, 86, 84], [18, 36, 54, 72, 8, 90], [1, 16, 10, 5, 71, 62, 55, 70, 64, 59, 35, 26, 19, 34, 28, 23, 53, 44, 37, 52, 46, 41, 89, 80, 73, 88, 82, 77, 107, 98, 91, 106, 100, 95]])
Time elapsed: 681.05µs
Time elapsed(s): 0.000681s

Persimmon stderr:  
Time: 0.000681
Solution: [[39, 40, 42, 38, 45, 50, 48, 57, 58, 60, 56, 63, 68, 66, 21, 22, 24, 20, 27, 32, 30, 93, 94, 96, 92, 99, 104, 102, 7, 9, 14, 12, 75, 76, 78, 74, 81, 86, 84], [18, 36, 54, 72, 8, 90], [1, 16, 10, 5, 71, 62, 55, 70, 64, 59, 35, 26, 19, 34, 28, 23, 53, 44, 37, 52, 46, 41, 89, 80, 73, 88, 82, 77, 107, 98, 91, 106, 100, 95]]
	Command being timed: "python3 allsynth/run.py -t PERS --GML topologies/topzoo/Arpanet19719.gml 5 --dir topzoo_res/Reach/PERS/PERS-0 --e-prop Reach --repeat 1"
	User time (seconds): 0.66
	System time (seconds): 1.28
	Percent of CPU this job got: 569%
	Elapsed (wall clock) time (h:mm:ss or m:ss): 0:00.34
	Average shared text size (kbytes): 0
	Average unshared data size (kbytes): 0
	Average stack size (kbytes): 0
	Average total size (kbytes): 0
	Maximum resident set size (kbytes): 70976
	Average resident set size (kbytes): 0
	Major (requiring I/O) page faults: 0
	Minor (reclaiming a frame) page faults: 13057
	Voluntary context switches: 30
	Involuntary context switches: 99
	Swaps: 0
	File system inputs: 16
	File system outputs: 24
	Socket messages sent: 0
	Socket messages received: 0
	Signals delivered: 0
	Page size (bytes): 4096
	Exit status: 0
