Namespace(tool='PERS', exper=None, gml=['topologies/topzoo/Belnet2004.gml', '5'], index=None, prop='Reach', prop_file=None, op_req=None, repeat=1, reduce=False, opt=False, u=False, some=False, count=False, weight_bound=None, savedir='topzoo_res/Reach/PERS/PERS-0', dump_bdd=False)
Running 5Belnet2004.gml
Policy: (Reach 137)
Initial path of nodes: [5, 7, 4, 22, 23, 27, 30, 35, 51, 53, 50, 68, 74, 76, 73, 91, 97, 99, 96, 114, 120, 122, 119, 137]
Final path of nodes: [5, 7, 6, 22, 23, 29, 30, 35, 51, 53, 52, 68, 74, 76, 75, 91, 97, 99, 98, 114, 120, 122, 121, 137]
Persimmon problem:  {"Initial_routing":[[5, 7], [7, 4], [4, 22], [22, 23], [23, 27], [27, 30], [30, 35], [35, 51], [51, 53], [53, 50], [50, 68], [68, 74], [74, 76], [76, 73], [73, 91], [91, 97], [97, 99], [99, 96], [96, 114], [114, 120], [120, 122], [122, 119], [119, 137]],"Final_routing":[[5, 7], [7, 6], [6, 22], [22, 23], [23, 29], [29, 30], [30, 35], [35, 51], [51, 53], [53, 52], [52, 68], [68, 74], [74, 76], [76, 75], [75, 91], [91, 97], [97, 99], [99, 98], [98, 114], [114, 120], [120, 122], [122, 121], [121, 137]],"Properties":{"Reachability":{"startNode":5,"finalNode":137}}}
Persimmon stdout:  Chain equivalence reduction: 30 -> 25
Constructing all update BDD
Solution: Some([[29, 75, 52, 121, 6, 98], [76, 23, 53, 7, 122, 99], [96, 50, 73, 119, 4, 27]])
Time elapsed: 1.21ms
Time elapsed(s): 0.001205s

Persimmon stderr:  
Time: 0.001205
Solution: [[29, 75, 52, 121, 6, 98], [76, 23, 53, 7, 122, 99], [96, 50, 73, 119, 4, 27]]
	Command being timed: "python3 allsynth/run.py -t PERS --GML topologies/topzoo/Belnet2004.gml 5 --dir topzoo_res/Reach/PERS/PERS-0 --e-prop Reach --repeat 1"
	User time (seconds): 0.93
	System time (seconds): 1.27
	Percent of CPU this job got: 362%
	Elapsed (wall clock) time (h:mm:ss or m:ss): 0:00.60
	Average shared text size (kbytes): 0
	Average unshared data size (kbytes): 0
	Average stack size (kbytes): 0
	Average total size (kbytes): 0
	Maximum resident set size (kbytes): 71352
	Average resident set size (kbytes): 0
	Major (requiring I/O) page faults: 0
	Minor (reclaiming a frame) page faults: 13157
	Voluntary context switches: 29
	Involuntary context switches: 101
	Swaps: 0
	File system inputs: 24
	File system outputs: 24
	Socket messages sent: 0
	Socket messages received: 0
	Signals delivered: 0
	Page size (bytes): 4096
	Exit status: 0
