Namespace(tool='PERS', exper=None, gml=['topologies/topzoo/Garr201102.gml', '5'], index=None, prop='Reach', prop_file=None, op_req=None, repeat=1, reduce=False, opt=False, u=False, some=False, count=False, weight_bound=None, savedir='topzoo_res/Reach/PERS/PERS-0', dump_bdd=False)
Running 5Garr201102.gml
Policy: (Reach 339)
Initial path of nodes: [8, 21, 20, 9, 51, 33, 14, 54, 57, 88, 70, 99, 66, 77, 76, 68, 122, 135, 134, 123, 165, 147, 128, 168, 179, 192, 191, 180, 222, 204, 185, 225, 236, 249, 248, 237, 279, 261, 242, 282, 293, 306, 305, 294, 336, 318, 299, 339]
Final path of nodes: [8, 21, 20, 17, 45, 13, 31, 14, 54, 57, 88, 70, 102, 74, 77, 76, 68, 122, 135, 134, 131, 159, 127, 145, 128, 168, 179, 192, 191, 188, 216, 184, 202, 185, 225, 236, 249, 248, 245, 273, 241, 259, 242, 282, 293, 306, 305, 302, 330, 298, 316, 299, 339]
Persimmon problem:  {"Initial_routing":[[8, 21], [21, 20], [20, 9], [9, 51], [51, 33], [33, 14], [14, 54], [54, 57], [57, 88], [88, 70], [70, 99], [99, 66], [66, 77], [77, 76], [76, 68], [68, 122], [122, 135], [135, 134], [134, 123], [123, 165], [165, 147], [147, 128], [128, 168], [168, 179], [179, 192], [192, 191], [191, 180], [180, 222], [222, 204], [204, 185], [185, 225], [225, 236], [236, 249], [249, 248], [248, 237], [237, 279], [279, 261], [261, 242], [242, 282], [282, 293], [293, 306], [306, 305], [305, 294], [294, 336], [336, 318], [318, 299], [299, 339]],"Final_routing":[[8, 21], [21, 20], [20, 17], [17, 45], [45, 13], [13, 31], [31, 14], [14, 54], [54, 57], [57, 88], [88, 70], [70, 102], [102, 74], [74, 77], [77, 76], [76, 68], [68, 122], [122, 135], [135, 134], [134, 131], [131, 159], [159, 127], [127, 145], [145, 128], [128, 168], [168, 179], [179, 192], [192, 191], [191, 188], [188, 216], [216, 184], [184, 202], [202, 185], [185, 225], [225, 236], [236, 249], [249, 248], [248, 245], [245, 273], [273, 241], [241, 259], [259, 242], [242, 282], [282, 293], [293, 306], [306, 305], [305, 302], [302, 330], [330, 298], [298, 316], [316, 299], [299, 339]],"Properties":{"Reachability":{"startNode":8,"finalNode":339}}}
Persimmon stdout:  Chain equivalence reduction: 70 -> 26
Constructing all update BDD
Solution: Some([[245, 273, 241, 259, 188, 216, 184, 202, 102, 74, 302, 330, 298, 316, 131, 159, 127, 145, 17, 45, 13, 31], [20, 305, 248, 191, 70, 134], [294, 336, 318, 180, 222, 204, 237, 279, 261, 9, 51, 33, 99, 66, 123, 165, 147]])
Time elapsed: 1.25ms
Time elapsed(s): 0.001255s

Persimmon stderr:  
Time: 0.001255
Solution: [[245, 273, 241, 259, 188, 216, 184, 202, 102, 74, 302, 330, 298, 316, 131, 159, 127, 145, 17, 45, 13, 31], [20, 305, 248, 191, 70, 134], [294, 336, 318, 180, 222, 204, 237, 279, 261, 9, 51, 33, 99, 66, 123, 165, 147]]
	Command being timed: "python3 allsynth/run.py -t PERS --GML topologies/topzoo/Garr201102.gml 5 --dir topzoo_res/Reach/PERS/PERS-0 --e-prop Reach --repeat 1"
	User time (seconds): 1.02
	System time (seconds): 1.24
	Percent of CPU this job got: 314%
	Elapsed (wall clock) time (h:mm:ss or m:ss): 0:00.72
	Average shared text size (kbytes): 0
	Average unshared data size (kbytes): 0
	Average stack size (kbytes): 0
	Average total size (kbytes): 0
	Maximum resident set size (kbytes): 72508
	Average resident set size (kbytes): 0
	Major (requiring I/O) page faults: 0
	Minor (reclaiming a frame) page faults: 13461
	Voluntary context switches: 31
	Involuntary context switches: 186
	Swaps: 0
	File system inputs: 40
	File system outputs: 24
	Socket messages sent: 0
	Socket messages received: 0
	Signals delivered: 0
	Page size (bytes): 4096
	Exit status: 0
