Namespace(tool='PERS', exper=None, gml=['topologies/topzoo/Heanet.gml', '5'], index=None, prop='Reach', prop_file=None, op_req=None, repeat=1, reduce=False, opt=False, u=False, some=False, count=False, weight_bound=None, savedir='topzoo_res/Reach/PERS/PERS-0', dump_bdd=False)
Running 5Heanet.gml
Policy: (Reach 41)
Initial path of nodes: [2, 1, 6, 7, 10, 12, 16, 15, 20, 23, 22, 27, 30, 29, 34, 37, 36, 41]
Final path of nodes: [2, 1, 6, 7, 13, 12, 16, 17, 20, 23, 24, 27, 30, 31, 34, 37, 38, 41]
Persimmon problem:  {"Initial_routing":[[2, 1], [1, 6], [6, 7], [7, 10], [10, 12], [12, 16], [16, 15], [15, 20], [20, 23], [23, 22], [22, 27], [27, 30], [30, 29], [29, 34], [34, 37], [37, 36], [36, 41]],"Final_routing":[[2, 1], [1, 6], [6, 7], [7, 13], [13, 12], [12, 16], [16, 17], [17, 20], [20, 23], [23, 24], [24, 27], [27, 30], [30, 31], [31, 34], [34, 37], [37, 38], [38, 41]],"Properties":{"Reachability":{"startNode":2,"finalNode":41}}}
Persimmon stdout:  Chain equivalence reduction: 23 -> 21
Constructing all update BDD
Solution: Some([[17, 24, 31, 38, 13], [7, 23, 16, 30, 37], [10, 29, 22, 36, 15]])
Time elapsed: 927.04µs
Time elapsed(s): 0.000927s

Persimmon stderr:  
Time: 0.000927
Solution: [[17, 24, 31, 38, 13], [7, 23, 16, 30, 37], [10, 29, 22, 36, 15]]
	Command being timed: "python3 allsynth/run.py -t PERS --GML topologies/topzoo/Heanet.gml 5 --dir topzoo_res/Reach/PERS/PERS-0 --e-prop Reach --repeat 1"
	User time (seconds): 0.91
	System time (seconds): 1.23
	Percent of CPU this job got: 367%
	Elapsed (wall clock) time (h:mm:ss or m:ss): 0:00.58
	Average shared text size (kbytes): 0
	Average unshared data size (kbytes): 0
	Average stack size (kbytes): 0
	Average total size (kbytes): 0
	Maximum resident set size (kbytes): 70464
	Average resident set size (kbytes): 0
	Major (requiring I/O) page faults: 0
	Minor (reclaiming a frame) page faults: 12924
	Voluntary context switches: 30
	Involuntary context switches: 92
	Swaps: 0
	File system inputs: 8
	File system outputs: 24
	Socket messages sent: 0
	Socket messages received: 0
	Signals delivered: 0
	Page size (bytes): 4096
	Exit status: 0
