Namespace(tool='PERS', exper=None, gml=['topologies/topzoo/HostwayInternational.gml', '5'], index=None, prop='Reach', prop_file=None, op_req=None, repeat=1, reduce=False, opt=False, u=False, some=False, count=False, weight_bound=None, savedir='topzoo_res/Reach/PERS/PERS-0', dump_bdd=False)
Running 5HostwayInternational.gml
Policy: (Reach 94)
Initial path of nodes: [3, 0, 2, 7, 4, 10, 9, 8, 14, 19, 16, 18, 23, 20, 26, 25, 24, 30, 35, 32, 34, 39, 36, 42, 41, 40, 46, 51, 48, 50, 55, 52, 58, 57, 56, 62, 67, 64, 66, 71, 68, 74, 73, 72, 78, 83, 80, 82, 87, 84, 90, 89, 88, 94]
Final path of nodes: [3, 0, 2, 7, 6, 15, 12, 11, 14, 19, 16, 21, 18, 23, 22, 31, 28, 27, 30, 35, 32, 34, 39, 38, 47, 44, 43, 46, 51, 48, 53, 50, 55, 54, 63, 60, 59, 62, 67, 64, 66, 71, 70, 79, 76, 75, 78, 83, 80, 85, 82, 87, 86, 95, 92, 91, 94]
Persimmon problem:  {"Initial_routing":[[3, 0], [0, 2], [2, 7], [7, 4], [4, 10], [10, 9], [9, 8], [8, 14], [14, 19], [19, 16], [16, 18], [18, 23], [23, 20], [20, 26], [26, 25], [25, 24], [24, 30], [30, 35], [35, 32], [32, 34], [34, 39], [39, 36], [36, 42], [42, 41], [41, 40], [40, 46], [46, 51], [51, 48], [48, 50], [50, 55], [55, 52], [52, 58], [58, 57], [57, 56], [56, 62], [62, 67], [67, 64], [64, 66], [66, 71], [71, 68], [68, 74], [74, 73], [73, 72], [72, 78], [78, 83], [83, 80], [80, 82], [82, 87], [87, 84], [84, 90], [90, 89], [89, 88], [88, 94]],"Final_routing":[[3, 0], [0, 2], [2, 7], [7, 6], [6, 15], [15, 12], [12, 11], [11, 14], [14, 19], [19, 16], [16, 21], [21, 18], [18, 23], [23, 22], [22, 31], [31, 28], [28, 27], [27, 30], [30, 35], [35, 32], [32, 34], [34, 39], [39, 38], [38, 47], [47, 44], [44, 43], [43, 46], [46, 51], [51, 48], [48, 53], [53, 50], [50, 55], [55, 54], [54, 63], [63, 60], [60, 59], [59, 62], [62, 67], [67, 64], [64, 66], [66, 71], [71, 70], [70, 79], [79, 76], [76, 75], [75, 78], [78, 83], [83, 80], [80, 85], [85, 82], [82, 87], [87, 86], [86, 95], [95, 92], [92, 91], [91, 94]],"Properties":{"Reachability":{"startNode":3,"finalNode":94}}}
Persimmon stdout:  Chain equivalence reduction: 81 -> 34
Constructing all update BDD
Solution: Some([[6, 15, 12, 11, 38, 47, 44, 43, 54, 63, 60, 59, 86, 95, 92, 91, 70, 79, 76, 75, 22, 31, 28, 27], [53, 39, 55, 71, 87, 21, 85, 23, 7], [52, 58, 57, 56, 48, 84, 90, 89, 88, 68, 74, 73, 72, 4, 10, 9, 8, 36, 42, 41, 40, 20, 26, 25, 24, 16, 80]])
Time elapsed: 1.96ms
Time elapsed(s): 0.001956s

Persimmon stderr:  
Time: 0.001956
Solution: [[6, 15, 12, 11, 38, 47, 44, 43, 54, 63, 60, 59, 86, 95, 92, 91, 70, 79, 76, 75, 22, 31, 28, 27], [53, 39, 55, 71, 87, 21, 85, 23, 7], [52, 58, 57, 56, 48, 84, 90, 89, 88, 68, 74, 73, 72, 4, 10, 9, 8, 36, 42, 41, 40, 20, 26, 25, 24, 16, 80]]
	Command being timed: "python3 allsynth/run.py -t PERS --GML topologies/topzoo/HostwayInternational.gml 5 --dir topzoo_res/Reach/PERS/PERS-0 --e-prop Reach --repeat 1"
	User time (seconds): 0.91
	System time (seconds): 1.29
	Percent of CPU this job got: 367%
	Elapsed (wall clock) time (h:mm:ss or m:ss): 0:00.59
	Average shared text size (kbytes): 0
	Average unshared data size (kbytes): 0
	Average stack size (kbytes): 0
	Average total size (kbytes): 0
	Maximum resident set size (kbytes): 70464
	Average resident set size (kbytes): 0
	Major (requiring I/O) page faults: 0
	Minor (reclaiming a frame) page faults: 13020
	Voluntary context switches: 32
	Involuntary context switches: 89
	Swaps: 0
	File system inputs: 8
	File system outputs: 24
	Socket messages sent: 0
	Socket messages received: 0
	Signals delivered: 0
	Page size (bytes): 4096
	Exit status: 0
