Namespace(tool='PERS', exper=None, gml=['topologies/topzoo/Internode.gml', '5'], index=None, prop='Reach', prop_file=None, op_req=None, repeat=1, reduce=False, opt=False, u=False, some=False, count=False, weight_bound=None, savedir='topzoo_res/Reach/PERS/PERS-0', dump_bdd=False)
Running 5Internode.gml
Policy: (Reach 395)
Initial path of nodes: [41, 20, 1, 6, 60, 59, 65, 77, 66, 69, 67, 84, 82, 104, 173, 152, 133, 138, 192, 191, 197, 239, 218, 199, 204, 258, 257, 263, 305, 284, 265, 270, 324, 323, 329, 371, 350, 331, 336, 390, 389, 395]
Final path of nodes: [41, 20, 1, 18, 16, 59, 65, 77, 66, 72, 126, 125, 82, 104, 173, 152, 133, 150, 148, 191, 197, 239, 218, 217, 223, 214, 257, 263, 305, 284, 265, 282, 280, 323, 329, 371, 350, 349, 355, 346, 389, 395]
Persimmon problem:  {"Initial_routing":[[41, 20], [20, 1], [1, 6], [6, 60], [60, 59], [59, 65], [65, 77], [77, 66], [66, 69], [69, 67], [67, 84], [84, 82], [82, 104], [104, 173], [173, 152], [152, 133], [133, 138], [138, 192], [192, 191], [191, 197], [197, 239], [239, 218], [218, 199], [199, 204], [204, 258], [258, 257], [257, 263], [263, 305], [305, 284], [284, 265], [265, 270], [270, 324], [324, 323], [323, 329], [329, 371], [371, 350], [350, 331], [331, 336], [336, 390], [390, 389], [389, 395]],"Final_routing":[[41, 20], [20, 1], [1, 18], [18, 16], [16, 59], [59, 65], [65, 77], [77, 66], [66, 72], [72, 126], [126, 125], [125, 82], [82, 104], [104, 173], [173, 152], [152, 133], [133, 150], [150, 148], [148, 191], [191, 197], [197, 239], [239, 218], [218, 217], [217, 223], [223, 214], [214, 257], [257, 263], [263, 305], [305, 284], [284, 265], [265, 282], [282, 280], [280, 323], [323, 329], [329, 371], [371, 350], [350, 349], [349, 355], [355, 346], [346, 389], [389, 395]],"Properties":{"Reachability":{"startNode":41,"finalNode":395}}}
Persimmon stdout:  Chain equivalence reduction: 57 -> 26
Constructing all update BDD
Solution: Some([[18, 16, 150, 148, 282, 280, 72, 126, 125, 349, 355, 346, 217, 223, 214], [1, 133, 265, 350, 66, 218], [270, 324, 331, 336, 390, 6, 60, 199, 204, 258, 138, 192, 69, 67, 84]])
Time elapsed: 1.18ms
Time elapsed(s): 0.001184s

Persimmon stderr:  
Time: 0.001184
Solution: [[18, 16, 150, 148, 282, 280, 72, 126, 125, 349, 355, 346, 217, 223, 214], [1, 133, 265, 350, 66, 218], [270, 324, 331, 336, 390, 6, 60, 199, 204, 258, 138, 192, 69, 67, 84]]
	Command being timed: "python3 allsynth/run.py -t PERS --GML topologies/topzoo/Internode.gml 5 --dir topzoo_res/Reach/PERS/PERS-0 --e-prop Reach --repeat 1"
	User time (seconds): 1.00
	System time (seconds): 1.30
	Percent of CPU this job got: 324%
	Elapsed (wall clock) time (h:mm:ss or m:ss): 0:00.71
	Average shared text size (kbytes): 0
	Average unshared data size (kbytes): 0
	Average stack size (kbytes): 0
	Average total size (kbytes): 0
	Maximum resident set size (kbytes): 76452
	Average resident set size (kbytes): 0
	Major (requiring I/O) page faults: 0
	Minor (reclaiming a frame) page faults: 13446
	Voluntary context switches: 39
	Involuntary context switches: 89
	Swaps: 0
	File system inputs: 32
	File system outputs: 24
	Socket messages sent: 0
	Socket messages received: 0
	Signals delivered: 0
	Page size (bytes): 4096
	Exit status: 0
