Namespace(tool='PERS', exper=None, gml=['topologies/topzoo/LambdaNet.gml', '5'], index=None, prop='Reach', prop_file=None, op_req=None, repeat=1, reduce=False, opt=False, u=False, some=False, count=False, weight_bound=None, savedir='topzoo_res/Reach/PERS/PERS-0', dump_bdd=False)
Running 5LambdaNet.gml
Policy: (Reach 235)
Initial path of nodes: [10, 33, 2, 11, 3, 5, 4, 6, 7, 8, 26, 27, 21, 25, 52, 75, 44, 53, 45, 47, 46, 48, 49, 50, 68, 69, 63, 67, 94, 117, 86, 95, 87, 89, 88, 90, 91, 92, 110, 111, 105, 109, 136, 159, 128, 137, 129, 131, 130, 132, 133, 134, 152, 153, 147, 151, 178, 201, 170, 179, 171, 173, 172, 174, 175, 176, 194, 195, 189, 193, 220, 243, 212, 221, 213, 215, 214, 216, 217, 218, 236, 237, 231, 235]
Final path of nodes: [10, 33, 32, 41, 39, 40, 38, 37, 36, 35, 16, 13, 14, 15, 30, 31, 24, 25, 52, 75, 74, 83, 81, 82, 80, 79, 78, 77, 58, 55, 56, 57, 72, 73, 66, 67, 94, 117, 116, 125, 123, 124, 122, 121, 120, 119, 100, 97, 98, 99, 114, 115, 108, 109, 136, 159, 158, 167, 165, 166, 164, 163, 162, 161, 142, 139, 140, 141, 156, 157, 150, 151, 178, 201, 200, 209, 207, 208, 206, 205, 204, 203, 184, 181, 182, 183, 198, 199, 192, 193, 220, 243, 242, 251, 249, 250, 248, 247, 246, 245, 226, 223, 224, 225, 240, 241, 234, 235]
Persimmon problem:  {"Initial_routing":[[10, 33], [33, 2], [2, 11], [11, 3], [3, 5], [5, 4], [4, 6], [6, 7], [7, 8], [8, 26], [26, 27], [27, 21], [21, 25], [25, 52], [52, 75], [75, 44], [44, 53], [53, 45], [45, 47], [47, 46], [46, 48], [48, 49], [49, 50], [50, 68], [68, 69], [69, 63], [63, 67], [67, 94], [94, 117], [117, 86], [86, 95], [95, 87], [87, 89], [89, 88], [88, 90], [90, 91], [91, 92], [92, 110], [110, 111], [111, 105], [105, 109], [109, 136], [136, 159], [159, 128], [128, 137], [137, 129], [129, 131], [131, 130], [130, 132], [132, 133], [133, 134], [134, 152], [152, 153], [153, 147], [147, 151], [151, 178], [178, 201], [201, 170], [170, 179], [179, 171], [171, 173], [173, 172], [172, 174], [174, 175], [175, 176], [176, 194], [194, 195], [195, 189], [189, 193], [193, 220], [220, 243], [243, 212], [212, 221], [221, 213], [213, 215], [215, 214], [214, 216], [216, 217], [217, 218], [218, 236], [236, 237], [237, 231], [231, 235]],"Final_routing":[[10, 33], [33, 32], [32, 41], [41, 39], [39, 40], [40, 38], [38, 37], [37, 36], [36, 35], [35, 16], [16, 13], [13, 14], [14, 15], [15, 30], [30, 31], [31, 24], [24, 25], [25, 52], [52, 75], [75, 74], [74, 83], [83, 81], [81, 82], [82, 80], [80, 79], [79, 78], [78, 77], [77, 58], [58, 55], [55, 56], [56, 57], [57, 72], [72, 73], [73, 66], [66, 67], [67, 94], [94, 117], [117, 116], [116, 125], [125, 123], [123, 124], [124, 122], [122, 121], [121, 120], [120, 119], [119, 100], [100, 97], [97, 98], [98, 99], [99, 114], [114, 115], [115, 108], [108, 109], [109, 136], [136, 159], [159, 158], [158, 167], [167, 165], [165, 166], [166, 164], [164, 163], [163, 162], [162, 161], [161, 142], [142, 139], [139, 140], [140, 141], [141, 156], [156, 157], [157, 150], [150, 151], [151, 178], [178, 201], [201, 200], [200, 209], [209, 207], [207, 208], [208, 206], [206, 205], [205, 204], [204, 203], [203, 184], [184, 181], [181, 182], [182, 183], [183, 198], [198, 199], [199, 192], [192, 193], [193, 220], [220, 243], [243, 242], [242, 251], [251, 249], [249, 250], [250, 248], [248, 247], [247, 246], [246, 245], [245, 226], [226, 223], [223, 224], [224, 225], [225, 240], [240, 241], [241, 234], [234, 235]],"Properties":{"Reachability":{"startNode":10,"finalNode":235}}}
Persimmon stdout:  Chain equivalence reduction: 174 -> 25
Constructing all update BDD
Solution: Some([[74, 83, 81, 82, 80, 79, 78, 77, 58, 55, 56, 57, 72, 73, 66, 200, 209, 207, 208, 206, 205, 204, 203, 184, 181, 182, 183, 198, 199, 192, 116, 125, 123, 124, 122, 121, 120, 119, 100, 97, 98, 99, 114, 115, 108, 158, 167, 165, 166, 164, 163, 162, 161, 142, 139, 140, 141, 156, 157, 150, 32, 41, 39, 40, 38, 37, 36, 35, 16, 13, 14, 15, 30, 31, 24, 242, 251, 249, 250, 248, 247, 246, 245, 226, 223, 224, 225, 240, 241, 234], [201, 75, 243, 117, 159, 33], [128, 137, 129, 131, 130, 132, 133, 134, 152, 153, 147, 170, 179, 171, 173, 172, 174, 175, 176, 194, 195, 189, 44, 53, 45, 47, 46, 48, 49, 50, 68, 69, 63, 2, 11, 3, 5, 4, 6, 7, 8, 26, 27, 21, 212, 221, 213, 215, 214, 216, 217, 218, 236, 237, 231, 86, 95, 87, 89, 88, 90, 91, 92, 110, 111, 105]])
Time elapsed: 1.37ms
Time elapsed(s): 0.001371s

Persimmon stderr:  
Time: 0.001371
Solution: [[74, 83, 81, 82, 80, 79, 78, 77, 58, 55, 56, 57, 72, 73, 66, 200, 209, 207, 208, 206, 205, 204, 203, 184, 181, 182, 183, 198, 199, 192, 116, 125, 123, 124, 122, 121, 120, 119, 100, 97, 98, 99, 114, 115, 108, 158, 167, 165, 166, 164, 163, 162, 161, 142, 139, 140, 141, 156, 157, 150, 32, 41, 39, 40, 38, 37, 36, 35, 16, 13, 14, 15, 30, 31, 24, 242, 251, 249, 250, 248, 247, 246, 245, 226, 223, 224, 225, 240, 241, 234], [201, 75, 243, 117, 159, 33], [128, 137, 129, 131, 130, 132, 133, 134, 152, 153, 147, 170, 179, 171, 173, 172, 174, 175, 176, 194, 195, 189, 44, 53, 45, 47, 46, 48, 49, 50, 68, 69, 63, 2, 11, 3, 5, 4, 6, 7, 8, 26, 27, 21, 212, 221, 213, 215, 214, 216, 217, 218, 236, 237, 231, 86, 95, 87, 89, 88, 90, 91, 92, 110, 111, 105]]
	Command being timed: "python3 allsynth/run.py -t PERS --GML topologies/topzoo/LambdaNet.gml 5 --dir topzoo_res/Reach/PERS/PERS-0 --e-prop Reach --repeat 1"
	User time (seconds): 1.00
	System time (seconds): 1.26
	Percent of CPU this job got: 334%
	Elapsed (wall clock) time (h:mm:ss or m:ss): 0:00.67
	Average shared text size (kbytes): 0
	Average unshared data size (kbytes): 0
	Average stack size (kbytes): 0
	Average total size (kbytes): 0
	Maximum resident set size (kbytes): 71876
	Average resident set size (kbytes): 0
	Major (requiring I/O) page faults: 0
	Minor (reclaiming a frame) page faults: 13331
	Voluntary context switches: 31
	Involuntary context switches: 221
	Swaps: 0
	File system inputs: 16
	File system outputs: 32
	Socket messages sent: 0
	Socket messages received: 0
	Signals delivered: 0
	Page size (bytes): 4096
	Exit status: 0
