Namespace(tool='PERS', exper=None, gml=['topologies/topzoo/Netrail.gml', '5'], index=None, prop='Reach', prop_file=None, op_req=None, repeat=1, reduce=False, opt=False, u=False, some=False, count=False, weight_bound=None, savedir='topzoo_res/Reach/PERS/PERS-0', dump_bdd=False)
Running 5Netrail.gml
Policy: (Reach 41)
Initial path of nodes: [2, 1, 6, 7, 11, 12, 16, 15, 20, 23, 22, 27, 30, 29, 34, 37, 36, 41]
Final path of nodes: [2, 1, 6, 7, 13, 12, 16, 18, 20, 23, 25, 27, 30, 32, 34, 37, 39, 41]
Persimmon problem:  {"Initial_routing":[[2, 1], [1, 6], [6, 7], [7, 11], [11, 12], [12, 16], [16, 15], [15, 20], [20, 23], [23, 22], [22, 27], [27, 30], [30, 29], [29, 34], [34, 37], [37, 36], [36, 41]],"Final_routing":[[2, 1], [1, 6], [6, 7], [7, 13], [13, 12], [12, 16], [16, 18], [18, 20], [20, 23], [23, 25], [25, 27], [27, 30], [30, 32], [32, 34], [34, 37], [37, 39], [39, 41]],"Properties":{"Reachability":{"startNode":2,"finalNode":41}}}
Persimmon stdout:  Chain equivalence reduction: 23 -> 21
Constructing all update BDD
Solution: Some([[32, 39, 18, 13, 25], [7, 30, 23, 37, 16], [11, 22, 36, 15, 29]])
Time elapsed: 1.21ms
Time elapsed(s): 0.001206s

Persimmon stderr:  
Time: 0.001206
Solution: [[32, 39, 18, 13, 25], [7, 30, 23, 37, 16], [11, 22, 36, 15, 29]]
	Command being timed: "python3 allsynth/run.py -t PERS --GML topologies/topzoo/Netrail.gml 5 --dir topzoo_res/Reach/PERS/PERS-0 --e-prop Reach --repeat 1"
	User time (seconds): 1.05
	System time (seconds): 1.19
	Percent of CPU this job got: 296%
	Elapsed (wall clock) time (h:mm:ss or m:ss): 0:00.76
	Average shared text size (kbytes): 0
	Average unshared data size (kbytes): 0
	Average stack size (kbytes): 0
	Average total size (kbytes): 0
	Maximum resident set size (kbytes): 69696
	Average resident set size (kbytes): 0
	Major (requiring I/O) page faults: 1
	Minor (reclaiming a frame) page faults: 12905
	Voluntary context switches: 29
	Involuntary context switches: 575
	Swaps: 0
	File system inputs: 8
	File system outputs: 24
	Socket messages sent: 0
	Socket messages received: 0
	Signals delivered: 0
	Page size (bytes): 4096
	Exit status: 0
