Namespace(tool='PERS', exper=None, gml=['topologies/topzoo/Packetexchange.gml', '5'], index=None, prop='Reach', prop_file=None, op_req=None, repeat=1, reduce=False, opt=False, u=False, some=False, count=False, weight_bound=None, savedir='topzoo_res/Reach/PERS/PERS-0', dump_bdd=False)
Running 5Packetexchange.gml
Policy: (Reach 122)
Initial path of nodes: [5, 7, 4, 1, 2, 20, 19, 18, 10, 17, 26, 28, 25, 22, 23, 41, 40, 39, 31, 38, 47, 49, 46, 43, 44, 62, 61, 60, 52, 59, 68, 70, 67, 64, 65, 83, 82, 81, 73, 80, 89, 91, 88, 85, 86, 104, 103, 102, 94, 101, 110, 112, 109, 106, 107, 125, 124, 123, 115, 122]
Final path of nodes: [5, 7, 6, 1, 2, 12, 11, 14, 15, 10, 17, 26, 28, 27, 22, 23, 33, 32, 35, 36, 31, 38, 47, 49, 48, 43, 44, 54, 53, 56, 57, 52, 59, 68, 70, 69, 64, 65, 75, 74, 77, 78, 73, 80, 89, 91, 90, 85, 86, 96, 95, 98, 99, 94, 101, 110, 112, 111, 106, 107, 117, 116, 119, 120, 115, 122]
Persimmon problem:  {"Initial_routing":[[5, 7], [7, 4], [4, 1], [1, 2], [2, 20], [20, 19], [19, 18], [18, 10], [10, 17], [17, 26], [26, 28], [28, 25], [25, 22], [22, 23], [23, 41], [41, 40], [40, 39], [39, 31], [31, 38], [38, 47], [47, 49], [49, 46], [46, 43], [43, 44], [44, 62], [62, 61], [61, 60], [60, 52], [52, 59], [59, 68], [68, 70], [70, 67], [67, 64], [64, 65], [65, 83], [83, 82], [82, 81], [81, 73], [73, 80], [80, 89], [89, 91], [91, 88], [88, 85], [85, 86], [86, 104], [104, 103], [103, 102], [102, 94], [94, 101], [101, 110], [110, 112], [112, 109], [109, 106], [106, 107], [107, 125], [125, 124], [124, 123], [123, 115], [115, 122]],"Final_routing":[[5, 7], [7, 6], [6, 1], [1, 2], [2, 12], [12, 11], [11, 14], [14, 15], [15, 10], [10, 17], [17, 26], [26, 28], [28, 27], [27, 22], [22, 23], [23, 33], [33, 32], [32, 35], [35, 36], [36, 31], [31, 38], [38, 47], [47, 49], [49, 48], [48, 43], [43, 44], [44, 54], [54, 53], [53, 56], [56, 57], [57, 52], [52, 59], [59, 68], [68, 70], [70, 69], [69, 64], [64, 65], [65, 75], [75, 74], [74, 77], [77, 78], [78, 73], [73, 80], [80, 89], [89, 91], [91, 90], [90, 85], [85, 86], [86, 96], [96, 95], [95, 98], [98, 99], [99, 94], [94, 101], [101, 110], [110, 112], [112, 111], [111, 106], [106, 107], [107, 117], [117, 116], [116, 119], [119, 120], [120, 115], [115, 122]],"Properties":{"Reachability":{"startNode":5,"finalNode":122}}}
Persimmon stdout:  Chain equivalence reduction: 90 -> 50
Constructing all update BDD
Solution: Some([[90, 33, 32, 35, 36, 12, 11, 14, 15, 54, 53, 56, 57, 27, 6, 48, 69, 111, 96, 95, 98, 99, 75, 74, 77, 78, 117, 116, 119, 120], [49, 70, 23, 86, 107, 112, 2, 7, 91, 28, 44, 65], [125, 124, 123, 25, 46, 4, 104, 103, 102, 88, 67, 109, 20, 19, 18, 41, 40, 39, 83, 82, 81, 62, 61, 60]])
Time elapsed: 3.49ms
Time elapsed(s): 0.003490s

Persimmon stderr:  
Time: 0.00349
Solution: [[90, 33, 32, 35, 36, 12, 11, 14, 15, 54, 53, 56, 57, 27, 6, 48, 69, 111, 96, 95, 98, 99, 75, 74, 77, 78, 117, 116, 119, 120], [49, 70, 23, 86, 107, 112, 2, 7, 91, 28, 44, 65], [125, 124, 123, 25, 46, 4, 104, 103, 102, 88, 67, 109, 20, 19, 18, 41, 40, 39, 83, 82, 81, 62, 61, 60]]
	Command being timed: "python3 allsynth/run.py -t PERS --GML topologies/topzoo/Packetexchange.gml 5 --dir topzoo_res/Reach/PERS/PERS-0 --e-prop Reach --repeat 1"
	User time (seconds): 0.97
	System time (seconds): 1.21
	Percent of CPU this job got: 354%
	Elapsed (wall clock) time (h:mm:ss or m:ss): 0:00.61
	Average shared text size (kbytes): 0
	Average unshared data size (kbytes): 0
	Average stack size (kbytes): 0
	Average total size (kbytes): 0
	Maximum resident set size (kbytes): 70844
	Average resident set size (kbytes): 0
	Major (requiring I/O) page faults: 0
	Minor (reclaiming a frame) page faults: 13086
	Voluntary context switches: 27
	Involuntary context switches: 177
	Swaps: 0
	File system inputs: 16
	File system outputs: 24
	Socket messages sent: 0
	Socket messages received: 0
	Signals delivered: 0
	Page size (bytes): 4096
	Exit status: 0
