Namespace(tool='PERS', exper=None, gml=['topologies/topzoo/Renater2010.gml', '5'], index=None, prop='Reach', prop_file=None, op_req=None, repeat=1, reduce=False, opt=False, u=False, some=False, count=False, weight_bound=None, savedir='topzoo_res/Reach/PERS/PERS-0', dump_bdd=False)
Running 5Renater2010.gml
Policy: (Reach 251)
Initial path of nodes: [18, 11, 10, 19, 42, 41, 40, 32, 37, 36, 51, 48, 74, 47, 43, 76, 59, 60, 61, 54, 104, 97, 96, 105, 128, 127, 126, 118, 123, 122, 147, 140, 139, 148, 171, 170, 169, 161, 166, 165, 190, 183, 182, 191, 214, 213, 212, 204, 209, 208, 233, 226, 225, 234, 257, 256, 255, 247, 252, 251]
Final path of nodes: [18, 17, 16, 33, 0, 4, 31, 5, 8, 35, 36, 51, 78, 79, 80, 75, 83, 84, 85, 62, 53, 54, 104, 103, 102, 119, 86, 90, 117, 91, 94, 121, 122, 147, 146, 145, 162, 129, 133, 160, 134, 137, 164, 165, 190, 189, 188, 205, 172, 176, 203, 177, 180, 207, 208, 233, 232, 231, 248, 215, 219, 246, 220, 223, 250, 251]
Persimmon problem:  {"Initial_routing":[[18, 11], [11, 10], [10, 19], [19, 42], [42, 41], [41, 40], [40, 32], [32, 37], [37, 36], [36, 51], [51, 48], [48, 74], [74, 47], [47, 43], [43, 76], [76, 59], [59, 60], [60, 61], [61, 54], [54, 104], [104, 97], [97, 96], [96, 105], [105, 128], [128, 127], [127, 126], [126, 118], [118, 123], [123, 122], [122, 147], [147, 140], [140, 139], [139, 148], [148, 171], [171, 170], [170, 169], [169, 161], [161, 166], [166, 165], [165, 190], [190, 183], [183, 182], [182, 191], [191, 214], [214, 213], [213, 212], [212, 204], [204, 209], [209, 208], [208, 233], [233, 226], [226, 225], [225, 234], [234, 257], [257, 256], [256, 255], [255, 247], [247, 252], [252, 251]],"Final_routing":[[18, 17], [17, 16], [16, 33], [33, 0], [0, 4], [4, 31], [31, 5], [5, 8], [8, 35], [35, 36], [36, 51], [51, 78], [78, 79], [79, 80], [80, 75], [75, 83], [83, 84], [84, 85], [85, 62], [62, 53], [53, 54], [54, 104], [104, 103], [103, 102], [102, 119], [119, 86], [86, 90], [90, 117], [117, 91], [91, 94], [94, 121], [121, 122], [122, 147], [147, 146], [146, 145], [145, 162], [162, 129], [129, 133], [133, 160], [160, 134], [134, 137], [137, 164], [164, 165], [165, 190], [190, 189], [189, 188], [188, 205], [205, 172], [172, 176], [176, 203], [203, 177], [177, 180], [180, 207], [207, 208], [208, 233], [233, 232], [232, 231], [231, 248], [248, 215], [215, 219], [219, 246], [246, 220], [220, 223], [223, 250], [250, 251]],"Properties":{"Reachability":{"startNode":18,"finalNode":251}}}
Persimmon stdout:  Chain equivalence reduction: 114 -> 24
Constructing all update BDD
Solution: Some([[232, 231, 248, 215, 219, 246, 220, 223, 250, 103, 102, 119, 86, 90, 117, 91, 94, 121, 146, 145, 162, 129, 133, 160, 134, 137, 164, 17, 16, 33, 0, 4, 31, 5, 8, 35, 78, 79, 80, 75, 83, 84, 85, 62, 53, 189, 188, 205, 172, 176, 203, 177, 180, 207], [104, 18, 51, 190, 233, 147], [11, 10, 19, 42, 41, 40, 32, 37, 140, 139, 148, 171, 170, 169, 161, 166, 226, 225, 234, 257, 256, 255, 247, 252, 97, 96, 105, 128, 127, 126, 118, 123, 48, 74, 47, 43, 76, 59, 60, 61, 183, 182, 191, 214, 213, 212, 204, 209]])
Time elapsed: 1.16ms
Time elapsed(s): 0.001158s

Persimmon stderr:  
Time: 0.001158
Solution: [[232, 231, 248, 215, 219, 246, 220, 223, 250, 103, 102, 119, 86, 90, 117, 91, 94, 121, 146, 145, 162, 129, 133, 160, 134, 137, 164, 17, 16, 33, 0, 4, 31, 5, 8, 35, 78, 79, 80, 75, 83, 84, 85, 62, 53, 189, 188, 205, 172, 176, 203, 177, 180, 207], [104, 18, 51, 190, 233, 147], [11, 10, 19, 42, 41, 40, 32, 37, 140, 139, 148, 171, 170, 169, 161, 166, 226, 225, 234, 257, 256, 255, 247, 252, 97, 96, 105, 128, 127, 126, 118, 123, 48, 74, 47, 43, 76, 59, 60, 61, 183, 182, 191, 214, 213, 212, 204, 209]]
	Command being timed: "python3 allsynth/run.py -t PERS --GML topologies/topzoo/Renater2010.gml 5 --dir topzoo_res/Reach/PERS/PERS-0 --e-prop Reach --repeat 1"
	User time (seconds): 0.95
	System time (seconds): 1.30
	Percent of CPU this job got: 336%
	Elapsed (wall clock) time (h:mm:ss or m:ss): 0:00.67
	Average shared text size (kbytes): 0
	Average unshared data size (kbytes): 0
	Average stack size (kbytes): 0
	Average total size (kbytes): 0
	Maximum resident set size (kbytes): 72232
	Average resident set size (kbytes): 0
	Major (requiring I/O) page faults: 0
	Minor (reclaiming a frame) page faults: 13373
	Voluntary context switches: 33
	Involuntary context switches: 234
	Swaps: 0
	File system inputs: 32
	File system outputs: 24
	Socket messages sent: 0
	Socket messages received: 0
	Signals delivered: 0
	Page size (bytes): 4096
	Exit status: 0
