Namespace(tool='PERS', exper=None, gml=['topologies/topzoo/Renater2006.gml', '5'], index=None, prop='Reach', prop_file=None, op_req=None, repeat=1, reduce=False, opt=False, u=False, some=False, count=False, weight_bound=None, savedir='topzoo_res/Reach/PERS/PERS-0', dump_bdd=False)
Running 5Renater2006.gml
Policy: (Reach 197)
Initial path of nodes: [15, 16, 7, 6, 0, 24, 23, 32, 48, 49, 40, 39, 33, 57, 56, 65, 81, 82, 73, 72, 66, 90, 89, 98, 114, 115, 106, 105, 99, 123, 122, 131, 147, 148, 139, 138, 132, 156, 155, 164, 180, 181, 172, 171, 165, 189, 188, 197]
Final path of nodes: [15, 16, 7, 20, 21, 30, 31, 32, 48, 49, 40, 53, 54, 63, 64, 65, 81, 82, 73, 86, 87, 96, 97, 98, 114, 115, 106, 119, 120, 129, 130, 131, 147, 148, 139, 152, 153, 162, 163, 164, 180, 181, 172, 185, 186, 195, 196, 197]
Persimmon problem:  {"Initial_routing":[[15, 16], [16, 7], [7, 6], [6, 0], [0, 24], [24, 23], [23, 32], [32, 48], [48, 49], [49, 40], [40, 39], [39, 33], [33, 57], [57, 56], [56, 65], [65, 81], [81, 82], [82, 73], [73, 72], [72, 66], [66, 90], [90, 89], [89, 98], [98, 114], [114, 115], [115, 106], [106, 105], [105, 99], [99, 123], [123, 122], [122, 131], [131, 147], [147, 148], [148, 139], [139, 138], [138, 132], [132, 156], [156, 155], [155, 164], [164, 180], [180, 181], [181, 172], [172, 171], [171, 165], [165, 189], [189, 188], [188, 197]],"Final_routing":[[15, 16], [16, 7], [7, 20], [20, 21], [21, 30], [30, 31], [31, 32], [32, 48], [48, 49], [49, 40], [40, 53], [53, 54], [54, 63], [63, 64], [64, 65], [65, 81], [81, 82], [82, 73], [73, 86], [86, 87], [87, 96], [96, 97], [97, 98], [98, 114], [114, 115], [115, 106], [106, 119], [119, 120], [120, 129], [129, 130], [130, 131], [131, 147], [147, 148], [148, 139], [139, 152], [152, 153], [153, 162], [162, 163], [163, 164], [164, 180], [180, 181], [181, 172], [172, 185], [185, 186], [186, 195], [195, 196], [196, 197]],"Properties":{"Reachability":{"startNode":15,"finalNode":197}}}
Persimmon stdout:  Chain equivalence reduction: 72 -> 25
Constructing all update BDD
Solution: Some([[20, 21, 30, 31, 152, 153, 162, 163, 185, 186, 195, 196, 53, 54, 63, 64, 86, 87, 96, 97, 119, 120, 129, 130], [40, 139, 7, 172, 106, 73], [138, 132, 156, 155, 171, 165, 189, 188, 6, 0, 24, 23, 39, 33, 57, 56, 72, 66, 90, 89, 105, 99, 123, 122]])
Time elapsed: 1.34ms
Time elapsed(s): 0.001342s

Persimmon stderr:  
Time: 0.001342
Solution: [[20, 21, 30, 31, 152, 153, 162, 163, 185, 186, 195, 196, 53, 54, 63, 64, 86, 87, 96, 97, 119, 120, 129, 130], [40, 139, 7, 172, 106, 73], [138, 132, 156, 155, 171, 165, 189, 188, 6, 0, 24, 23, 39, 33, 57, 56, 72, 66, 90, 89, 105, 99, 123, 122]]
	Command being timed: "python3 allsynth/run.py -t PERS --GML topologies/topzoo/Renater2006.gml 5 --dir topzoo_res/Reach/PERS/PERS-0 --e-prop Reach --repeat 1"
	User time (seconds): 0.97
	System time (seconds): 1.26
	Percent of CPU this job got: 337%
	Elapsed (wall clock) time (h:mm:ss or m:ss): 0:00.66
	Average shared text size (kbytes): 0
	Average unshared data size (kbytes): 0
	Average stack size (kbytes): 0
	Average total size (kbytes): 0
	Maximum resident set size (kbytes): 71712
	Average resident set size (kbytes): 0
	Major (requiring I/O) page faults: 0
	Minor (reclaiming a frame) page faults: 13246
	Voluntary context switches: 32
	Involuntary context switches: 198
	Swaps: 0
	File system inputs: 24
	File system outputs: 24
	Socket messages sent: 0
	Socket messages received: 0
	Signals delivered: 0
	Page size (bytes): 4096
	Exit status: 0
