Namespace(tool='PERS', exper=None, gml=['topologies/topzoo/Uninett2010.gml', '5'], index=None, prop='Reach', prop_file=None, op_req=None, repeat=1, reduce=False, opt=False, u=False, some=False, count=False, weight_bound=None, savedir='topzoo_res/Reach/PERS/PERS-0', dump_bdd=False)
Running 5Uninett2010.gml
Policy: (Reach 434)
Initial path of nodes: [28, 33, 29, 8, 26, 66, 3, 2, 65, 64, 78, 81, 79, 84, 77, 140, 100, 88, 86, 87, 176, 181, 177, 156, 174, 214, 151, 150, 213, 212, 250, 255, 251, 230, 248, 288, 225, 224, 287, 286, 324, 329, 325, 304, 322, 362, 299, 298, 361, 360, 398, 403, 399, 378, 396, 436, 373, 372, 435, 434]
Final path of nodes: [28, 33, 29, 39, 37, 67, 1, 0, 73, 72, 64, 78, 81, 80, 75, 141, 82, 89, 105, 122, 87, 176, 181, 177, 187, 185, 215, 149, 148, 221, 220, 212, 250, 255, 251, 261, 259, 289, 223, 222, 295, 294, 286, 324, 329, 325, 335, 333, 363, 297, 296, 369, 368, 360, 398, 403, 399, 409, 407, 437, 371, 370, 443, 442, 434]
Persimmon problem:  {"Initial_routing":[[28, 33], [33, 29], [29, 8], [8, 26], [26, 66], [66, 3], [3, 2], [2, 65], [65, 64], [64, 78], [78, 81], [81, 79], [79, 84], [84, 77], [77, 140], [140, 100], [100, 88], [88, 86], [86, 87], [87, 176], [176, 181], [181, 177], [177, 156], [156, 174], [174, 214], [214, 151], [151, 150], [150, 213], [213, 212], [212, 250], [250, 255], [255, 251], [251, 230], [230, 248], [248, 288], [288, 225], [225, 224], [224, 287], [287, 286], [286, 324], [324, 329], [329, 325], [325, 304], [304, 322], [322, 362], [362, 299], [299, 298], [298, 361], [361, 360], [360, 398], [398, 403], [403, 399], [399, 378], [378, 396], [396, 436], [436, 373], [373, 372], [372, 435], [435, 434]],"Final_routing":[[28, 33], [33, 29], [29, 39], [39, 37], [37, 67], [67, 1], [1, 0], [0, 73], [73, 72], [72, 64], [64, 78], [78, 81], [81, 80], [80, 75], [75, 141], [141, 82], [82, 89], [89, 105], [105, 122], [122, 87], [87, 176], [176, 181], [181, 177], [177, 187], [187, 185], [185, 215], [215, 149], [149, 148], [148, 221], [221, 220], [220, 212], [212, 250], [250, 255], [255, 251], [251, 261], [261, 259], [259, 289], [289, 223], [223, 222], [222, 295], [295, 294], [294, 286], [286, 324], [324, 329], [329, 325], [325, 335], [335, 333], [333, 363], [363, 297], [297, 296], [296, 369], [369, 368], [368, 360], [360, 398], [398, 403], [403, 399], [399, 409], [409, 407], [407, 437], [437, 371], [371, 370], [370, 443], [443, 442], [442, 434]],"Properties":{"Reachability":{"startNode":28,"finalNode":434}}}
Persimmon stdout:  Chain equivalence reduction: 102 -> 25
Constructing all update BDD
Solution: Some([[39, 37, 67, 1, 0, 73, 72, 80, 75, 141, 82, 89, 105, 122, 335, 333, 363, 297, 296, 369, 368, 261, 259, 289, 223, 222, 295, 294, 187, 185, 215, 149, 148, 221, 220, 409, 407, 437, 371, 370, 443, 442], [325, 251, 399, 29, 81, 177], [378, 396, 436, 373, 372, 435, 8, 26, 66, 3, 2, 65, 304, 322, 362, 299, 298, 361, 156, 174, 214, 151, 150, 213, 79, 84, 77, 140, 100, 88, 86, 230, 248, 288, 225, 224, 287]])
Time elapsed: 1.33ms
Time elapsed(s): 0.001335s

Persimmon stderr:  
Time: 0.001335
Solution: [[39, 37, 67, 1, 0, 73, 72, 80, 75, 141, 82, 89, 105, 122, 335, 333, 363, 297, 296, 369, 368, 261, 259, 289, 223, 222, 295, 294, 187, 185, 215, 149, 148, 221, 220, 409, 407, 437, 371, 370, 443, 442], [325, 251, 399, 29, 81, 177], [378, 396, 436, 373, 372, 435, 8, 26, 66, 3, 2, 65, 304, 322, 362, 299, 298, 361, 156, 174, 214, 151, 150, 213, 79, 84, 77, 140, 100, 88, 86, 230, 248, 288, 225, 224, 287]]
	Command being timed: "python3 allsynth/run.py -t PERS --GML topologies/topzoo/Uninett2010.gml 5 --dir topzoo_res/Reach/PERS/PERS-0 --e-prop Reach --repeat 1"
	User time (seconds): 1.21
	System time (seconds): 1.27
	Percent of CPU this job got: 256%
	Elapsed (wall clock) time (h:mm:ss or m:ss): 0:00.97
	Average shared text size (kbytes): 0
	Average unshared data size (kbytes): 0
	Average stack size (kbytes): 0
	Average total size (kbytes): 0
	Maximum resident set size (kbytes): 72336
	Average resident set size (kbytes): 0
	Major (requiring I/O) page faults: 0
	Minor (reclaiming a frame) page faults: 13493
	Voluntary context switches: 29
	Involuntary context switches: 519
	Swaps: 0
	File system inputs: 56
	File system outputs: 24
	Socket messages sent: 0
	Socket messages received: 0
	Signals delivered: 0
	Page size (bytes): 4096
	Exit status: 0
