Namespace(tool='BDD', exper=None, gml=['topologies/topzoo/Belnet2006.gml', '5'], index=None, prop='Reach', prop_file=None, op_req=None, repeat=1, reduce=True, opt=False, u=False, some=False, count=False, weight_bound=None, savedir='topzoo_res/Reach/reduce/BDD-2', dump_bdd=False)
Running 5Belnet2006.gml
Policy: (Reach 137)
Initial path of nodes: [5, 14, 4, 22, 23, 27, 30, 35, 51, 60, 50, 68, 74, 83, 73, 91, 97, 106, 96, 114, 120, 129, 119, 137]
Final path of nodes: [5, 14, 6, 22, 23, 29, 37, 35, 51, 60, 52, 68, 74, 83, 75, 91, 97, 106, 98, 114, 120, 129, 121, 137]
Time: 0.005540370941162109
Solution: non-empty
	Command being timed: "python3 allsynth/run.py -t BDD --GML topologies/topzoo/Belnet2006.gml 5 --dir topzoo_res/Reach/reduce/BDD-2 --e-prop Reach --repeat 1 --reduce"
	User time (seconds): 0.74
	System time (seconds): 1.29
	Percent of CPU this job got: 478%
	Elapsed (wall clock) time (h:mm:ss or m:ss): 0:00.42
	Average shared text size (kbytes): 0
	Average unshared data size (kbytes): 0
	Average stack size (kbytes): 0
	Average total size (kbytes): 0
	Maximum resident set size (kbytes): 88504
	Average resident set size (kbytes): 0
	Major (requiring I/O) page faults: 0
	Minor (reclaiming a frame) page faults: 14116
	Voluntary context switches: 22
	Involuntary context switches: 24
	Swaps: 0
	File system inputs: 0
	File system outputs: 24
	Socket messages sent: 0
	Socket messages received: 0
	Signals delivered: 0
	Page size (bytes): 4096
	Exit status: 0
