Namespace(tool='BDD', exper=None, gml=['topologies/topzoo/Biznet.gml', '5'], index=None, prop='Reach', prop_file=None, op_req=None, repeat=1, reduce=True, opt=False, u=False, some=False, count=False, weight_bound=None, savedir='topzoo_res/Reach/reduce/BDD-2', dump_bdd=False)
Running 5Biznet.gml
Policy: (Reach 164)
Initial path of nodes: [10, 15, 16, 17, 11, 14, 8, 5, 4, 21, 22, 23, 2, 26, 20, 28, 19, 39, 44, 45, 46, 40, 43, 37, 34, 33, 50, 51, 52, 31, 55, 49, 57, 48, 68, 73, 74, 75, 69, 72, 66, 63, 62, 79, 80, 81, 60, 84, 78, 86, 77, 97, 102, 103, 104, 98, 101, 95, 92, 91, 108, 109, 110, 89, 113, 107, 115, 106, 126, 131, 132, 133, 127, 130, 124, 121, 120, 137, 138, 139, 118, 142, 136, 144, 135, 155, 160, 161, 162, 156, 159, 153, 150, 149, 166, 167, 168, 147, 171, 165, 173, 164]
Final path of nodes: [10, 15, 16, 18, 12, 13, 9, 7, 6, 1, 0, 3, 23, 24, 25, 27, 28, 19, 39, 44, 45, 47, 41, 42, 38, 36, 35, 30, 29, 32, 52, 53, 54, 56, 57, 48, 68, 73, 74, 76, 70, 71, 67, 65, 64, 59, 58, 61, 81, 82, 83, 85, 86, 77, 97, 102, 103, 105, 99, 100, 96, 94, 93, 88, 87, 90, 110, 111, 112, 114, 115, 106, 126, 131, 132, 134, 128, 129, 125, 123, 122, 117, 116, 119, 139, 140, 141, 143, 144, 135, 155, 160, 161, 163, 157, 158, 154, 152, 151, 146, 145, 148, 168, 169, 170, 172, 173, 164]
Time: 0.028454303741455078
Solution: non-empty
	Command being timed: "python3 allsynth/run.py -t BDD --GML topologies/topzoo/Biznet.gml 5 --dir topzoo_res/Reach/reduce/BDD-2 --e-prop Reach --repeat 1 --reduce"
	User time (seconds): 0.73
	System time (seconds): 1.25
	Percent of CPU this job got: 435%
	Elapsed (wall clock) time (h:mm:ss or m:ss): 0:00.45
	Average shared text size (kbytes): 0
	Average unshared data size (kbytes): 0
	Average stack size (kbytes): 0
	Average total size (kbytes): 0
	Maximum resident set size (kbytes): 88732
	Average resident set size (kbytes): 0
	Major (requiring I/O) page faults: 0
	Minor (reclaiming a frame) page faults: 14203
	Voluntary context switches: 22
	Involuntary context switches: 78
	Swaps: 0
	File system inputs: 0
	File system outputs: 24
	Socket messages sent: 0
	Socket messages received: 0
	Signals delivered: 0
	Page size (bytes): 4096
	Exit status: 0
