Namespace(tool='BDD', exper=None, gml=['topologies/topzoo/BtEurope.gml', '5'], index=None, prop='Reach', prop_file=None, op_req=None, repeat=1, reduce=True, opt=False, u=False, some=False, count=False, weight_bound=None, savedir='topzoo_res/Reach/reduce/BDD-2', dump_bdd=False)
Running 5BtEurope.gml
Policy: (Reach 140)
Initial path of nodes: [14, 23, 16, 17, 20, 24, 41, 40, 47, 39, 62, 71, 64, 65, 68, 86, 95, 88, 89, 92, 110, 119, 112, 113, 116, 134, 143, 136, 137, 140]
Final path of nodes: [14, 23, 21, 17, 20, 24, 41, 45, 47, 39, 62, 71, 69, 65, 68, 86, 95, 93, 89, 92, 110, 119, 117, 113, 116, 134, 143, 141, 137, 140]
Time: 0.005866289138793945
Solution: non-empty
	Command being timed: "python3 allsynth/run.py -t BDD --GML topologies/topzoo/BtEurope.gml 5 --dir topzoo_res/Reach/reduce/BDD-2 --e-prop Reach --repeat 1 --reduce"
	User time (seconds): 0.71
	System time (seconds): 1.32
	Percent of CPU this job got: 478%
	Elapsed (wall clock) time (h:mm:ss or m:ss): 0:00.42
	Average shared text size (kbytes): 0
	Average unshared data size (kbytes): 0
	Average stack size (kbytes): 0
	Average total size (kbytes): 0
	Maximum resident set size (kbytes): 88568
	Average resident set size (kbytes): 0
	Major (requiring I/O) page faults: 0
	Minor (reclaiming a frame) page faults: 14074
	Voluntary context switches: 25
	Involuntary context switches: 25
	Swaps: 0
	File system inputs: 0
	File system outputs: 24
	Socket messages sent: 0
	Socket messages received: 0
	Signals delivered: 0
	Page size (bytes): 4096
	Exit status: 0
