Namespace(tool='BDD', exper=None, gml=['topologies/topzoo/Forthnet.gml', '5'], index=None, prop='Reach', prop_file=None, op_req=None, repeat=1, reduce=True, opt=False, u=False, some=False, count=False, weight_bound=None, savedir='topzoo_res/Reach/reduce/BDD-2', dump_bdd=False)
Running 5Forthnet.gml
Policy: (Reach 363)
Initial path of nodes: [21, 20, 42, 43, 7, 55, 3, 53, 64, 65, 117, 69, 105, 104, 82, 84, 145, 144, 166, 167, 131, 179, 127, 177, 207, 206, 228, 229, 193, 241, 189, 239, 269, 268, 290, 291, 255, 303, 251, 301, 331, 330, 352, 353, 317, 365, 313, 363]
Final path of nodes: [21, 20, 42, 43, 7, 32, 55, 3, 53, 64, 65, 117, 94, 69, 105, 104, 82, 84, 145, 144, 166, 167, 131, 156, 179, 127, 177, 207, 206, 228, 229, 193, 218, 241, 189, 239, 269, 268, 290, 291, 255, 280, 303, 251, 301, 331, 330, 352, 353, 317, 342, 365, 313, 363]
Time: 0.0066585540771484375
Solution: non-empty
	Command being timed: "python3 allsynth/run.py -t BDD --GML topologies/topzoo/Forthnet.gml 5 --dir topzoo_res/Reach/reduce/BDD-2 --e-prop Reach --repeat 1 --reduce"
	User time (seconds): 0.84
	System time (seconds): 1.16
	Percent of CPU this job got: 409%
	Elapsed (wall clock) time (h:mm:ss or m:ss): 0:00.48
	Average shared text size (kbytes): 0
	Average unshared data size (kbytes): 0
	Average stack size (kbytes): 0
	Average total size (kbytes): 0
	Maximum resident set size (kbytes): 90128
	Average resident set size (kbytes): 0
	Major (requiring I/O) page faults: 0
	Minor (reclaiming a frame) page faults: 14434
	Voluntary context switches: 25
	Involuntary context switches: 83735
	Swaps: 0
	File system inputs: 0
	File system outputs: 24
	Socket messages sent: 0
	Socket messages received: 0
	Signals delivered: 0
	Page size (bytes): 4096
	Exit status: 0
