Namespace(tool='BDD', exper=None, gml=['topologies/topzoo/Geant2009.gml', '5'], index=None, prop='Reach', prop_file=None, op_req=None, repeat=1, reduce=True, opt=False, u=False, some=False, count=False, weight_bound=None, savedir='topzoo_res/Reach/reduce/BDD-2', dump_bdd=False)
Running 5Geant2009.gml
Policy: (Reach 203)
Initial path of nodes: [14, 20, 10, 23, 4, 2, 32, 33, 48, 54, 44, 57, 38, 36, 66, 67, 82, 88, 78, 91, 72, 70, 100, 101, 116, 122, 112, 125, 106, 104, 134, 135, 150, 156, 146, 159, 140, 138, 168, 169, 184, 190, 180, 193, 174, 172, 202, 203]
Final path of nodes: [14, 20, 16, 17, 5, 3, 24, 33, 48, 49, 50, 51, 39, 37, 58, 67, 82, 83, 84, 85, 73, 71, 92, 101, 116, 117, 118, 119, 107, 105, 126, 135, 150, 151, 152, 153, 141, 139, 160, 169, 184, 185, 186, 187, 175, 173, 194, 203]
Time: 0.006499290466308594
Solution: non-empty
	Command being timed: "python3 allsynth/run.py -t BDD --GML topologies/topzoo/Geant2009.gml 5 --dir topzoo_res/Reach/reduce/BDD-2 --e-prop Reach --repeat 1 --reduce"
	User time (seconds): 0.70
	System time (seconds): 1.26
	Percent of CPU this job got: 439%
	Elapsed (wall clock) time (h:mm:ss or m:ss): 0:00.44
	Average shared text size (kbytes): 0
	Average unshared data size (kbytes): 0
	Average stack size (kbytes): 0
	Average total size (kbytes): 0
	Maximum resident set size (kbytes): 89212
	Average resident set size (kbytes): 0
	Major (requiring I/O) page faults: 0
	Minor (reclaiming a frame) page faults: 14260
	Voluntary context switches: 29
	Involuntary context switches: 156
	Swaps: 0
	File system inputs: 0
	File system outputs: 24
	Socket messages sent: 0
	Socket messages received: 0
	Signals delivered: 0
	Page size (bytes): 4096
	Exit status: 0
