Namespace(tool='BDD', exper=None, gml=['topologies/topzoo/Marnet.gml', '5'], index=None, prop='Reach', prop_file=None, op_req=None, repeat=1, reduce=True, opt=False, u=False, some=False, count=False, weight_bound=None, savedir='topzoo_res/Reach/reduce/BDD-2', dump_bdd=False)
Running 5Marnet.gml
Policy: (Reach 119)
Initial path of nodes: [8, 17, 2, 19, 20, 22, 37, 28, 48, 57, 42, 59, 68, 77, 62, 79, 88, 97, 82, 99, 108, 117, 102, 119]
Final path of nodes: [8, 17, 4, 19, 20, 22, 37, 28, 48, 57, 44, 59, 68, 77, 64, 79, 88, 97, 84, 99, 108, 117, 104, 119]
Time: 0.005343914031982422
Solution: non-empty
	Command being timed: "python3 allsynth/run.py -t BDD --GML topologies/topzoo/Marnet.gml 5 --dir topzoo_res/Reach/reduce/BDD-2 --e-prop Reach --repeat 1 --reduce"
	User time (seconds): 0.69
	System time (seconds): 1.34
	Percent of CPU this job got: 484%
	Elapsed (wall clock) time (h:mm:ss or m:ss): 0:00.41
	Average shared text size (kbytes): 0
	Average unshared data size (kbytes): 0
	Average stack size (kbytes): 0
	Average total size (kbytes): 0
	Maximum resident set size (kbytes): 88352
	Average resident set size (kbytes): 0
	Major (requiring I/O) page faults: 0
	Minor (reclaiming a frame) page faults: 14001
	Voluntary context switches: 22
	Involuntary context switches: 28
	Swaps: 0
	File system inputs: 0
	File system outputs: 24
	Socket messages sent: 0
	Socket messages received: 0
	Signals delivered: 0
	Page size (bytes): 4096
	Exit status: 0
