Namespace(tool='BDD', exper=None, gml=['topologies/topzoo/Renater2006.gml', '5'], index=None, prop='Reach', prop_file=None, op_req=None, repeat=1, reduce=True, opt=False, u=False, some=False, count=False, weight_bound=None, savedir='topzoo_res/Reach/reduce/BDD-2', dump_bdd=False)
Running 5Renater2006.gml
Policy: (Reach 197)
Initial path of nodes: [15, 16, 7, 6, 0, 24, 23, 32, 48, 49, 40, 39, 33, 57, 56, 65, 81, 82, 73, 72, 66, 90, 89, 98, 114, 115, 106, 105, 99, 123, 122, 131, 147, 148, 139, 138, 132, 156, 155, 164, 180, 181, 172, 171, 165, 189, 188, 197]
Final path of nodes: [15, 16, 7, 20, 21, 30, 31, 32, 48, 49, 40, 53, 54, 63, 64, 65, 81, 82, 73, 86, 87, 96, 97, 98, 114, 115, 106, 119, 120, 129, 130, 131, 147, 148, 139, 152, 153, 162, 163, 164, 180, 181, 172, 185, 186, 195, 196, 197]
Time: 0.006369113922119141
Solution: non-empty
	Command being timed: "python3 allsynth/run.py -t BDD --GML topologies/topzoo/Renater2006.gml 5 --dir topzoo_res/Reach/reduce/BDD-2 --e-prop Reach --repeat 1 --reduce"
	User time (seconds): 0.67
	System time (seconds): 1.28
	Percent of CPU this job got: 443%
	Elapsed (wall clock) time (h:mm:ss or m:ss): 0:00.44
	Average shared text size (kbytes): 0
	Average unshared data size (kbytes): 0
	Average stack size (kbytes): 0
	Average total size (kbytes): 0
	Maximum resident set size (kbytes): 89080
	Average resident set size (kbytes): 0
	Major (requiring I/O) page faults: 0
	Minor (reclaiming a frame) page faults: 14214
	Voluntary context switches: 23
	Involuntary context switches: 207
	Swaps: 0
	File system inputs: 0
	File system outputs: 24
	Socket messages sent: 0
	Socket messages received: 0
	Signals delivered: 0
	Page size (bytes): 4096
	Exit status: 0
