Namespace(tool='BDD', exper=None, gml=['topologies/topzoo/York.gml', '5'], index=None, prop='Reach', prop_file=None, op_req=None, repeat=1, reduce=True, opt=False, u=False, some=False, count=False, weight_bound=None, savedir='topzoo_res/Reach/reduce/BDD-2', dump_bdd=False)
Running 5York.gml
Policy: (Reach 135)
Initial path of nodes: [10, 8, 5, 7, 6, 1, 0, 3, 2, 21, 20, 27, 30, 29, 24, 23, 26, 25, 44, 43, 41, 40, 56, 54, 51, 53, 52, 47, 46, 49, 48, 67, 66, 79, 77, 74, 76, 75, 70, 69, 72, 71, 90, 89, 102, 100, 97, 99, 98, 93, 92, 95, 94, 113, 112, 125, 123, 120, 122, 121, 116, 115, 118, 117, 136, 135]
Final path of nodes: [10, 8, 9, 12, 14, 13, 22, 15, 16, 17, 18, 20, 27, 30, 28, 31, 32, 35, 37, 36, 45, 38, 39, 40, 56, 54, 55, 58, 60, 59, 68, 61, 62, 63, 64, 66, 79, 77, 78, 81, 83, 82, 91, 84, 85, 86, 87, 89, 102, 100, 101, 104, 106, 105, 114, 107, 108, 109, 110, 112, 125, 123, 124, 127, 129, 128, 137, 130, 131, 132, 133, 135]
Time: 0.007984638214111328
Solution: non-empty
	Command being timed: "python3 allsynth/run.py -t BDD --GML topologies/topzoo/York.gml 5 --dir topzoo_res/Reach/reduce/BDD-2 --e-prop Reach --repeat 1 --reduce"
	User time (seconds): 0.70
	System time (seconds): 1.33
	Percent of CPU this job got: 473%
	Elapsed (wall clock) time (h:mm:ss or m:ss): 0:00.43
	Average shared text size (kbytes): 0
	Average unshared data size (kbytes): 0
	Average stack size (kbytes): 0
	Average total size (kbytes): 0
	Maximum resident set size (kbytes): 88428
	Average resident set size (kbytes): 0
	Major (requiring I/O) page faults: 0
	Minor (reclaiming a frame) page faults: 14044
	Voluntary context switches: 26
	Involuntary context switches: 53
	Swaps: 0
	File system inputs: 0
	File system outputs: 24
	Socket messages sent: 0
	Socket messages received: 0
	Signals delivered: 0
	Page size (bytes): 4096
	Exit status: 0
