Namespace(tool='kaki', exper=None, gml=['topologies/topzoo/Belnet2009.gml', '5'], index=None, prop='Reach', prop_file=None, op_req=None, repeat=1, reduce=False, opt=False, u=False, some=False, count=False, weight_bound=None, savedir='topzoo_res/Reach/kaki/kaki-0', dump_bdd=False)
Running 5Belnet2009.gml
Policy: (Reach 114)
Initial path of nodes: [2, 11, 10, 18, 4, 5, 8, 9, 21, 22, 27, 38, 28, 33, 30, 29, 44, 53, 52, 60, 46, 47, 50, 51, 65, 74, 73, 81, 67, 68, 71, 72, 86, 95, 94, 102, 88, 89, 92, 93, 107, 116, 115, 123, 109, 110, 113, 114]
Final path of nodes: [2, 3, 0, 1, 6, 17, 7, 12, 9, 21, 24, 23, 32, 31, 39, 25, 26, 29, 44, 45, 42, 43, 48, 59, 49, 54, 51, 65, 66, 63, 64, 69, 80, 70, 75, 72, 86, 87, 84, 85, 90, 101, 91, 96, 93, 107, 108, 105, 106, 111, 122, 112, 117, 114]
{"Initial_routing":[[2, 11], [11, 10], [10, 18], [18, 4], [4, 5], [5, 8], [8, 9], [9, 21], [21, 22], [22, 27], [27, 38], [38, 28], [28, 33], [33, 30], [30, 29], [29, 44], [44, 53], [53, 52], [52, 60], [60, 46], [46, 47], [47, 50], [50, 51], [51, 65], [65, 74], [74, 73], [73, 81], [81, 67], [67, 68], [68, 71], [71, 72], [72, 86], [86, 95], [95, 94], [94, 102], [102, 88], [88, 89], [89, 92], [92, 93], [93, 107], [107, 116], [116, 115], [115, 123], [123, 109], [109, 110], [110, 113], [113, 114]],"Final_routing":[[2, 3], [3, 0], [0, 1], [1, 6], [6, 17], [17, 7], [7, 12], [12, 9], [9, 21], [21, 24], [24, 23], [23, 32], [32, 31], [31, 39], [39, 25], [25, 26], [26, 29], [29, 44], [44, 45], [45, 42], [42, 43], [43, 48], [48, 59], [59, 49], [49, 54], [54, 51], [51, 65], [65, 66], [66, 63], [63, 64], [64, 69], [69, 80], [80, 70], [70, 75], [75, 72], [72, 86], [86, 87], [87, 84], [84, 85], [85, 90], [90, 101], [101, 91], [91, 96], [96, 93], [93, 107], [107, 108], [108, 105], [105, 106], [106, 111], [111, 122], [122, 112], [112, 117], [117, 114]],"Properties":{"Waypoint": { "startNode": -1, "finalNode": -1, "waypoint": []}, "LoopFreedom": { "startNode": -1},"Reachability":{"startNode":2,"finalNode":114}}}
Kaki stdout:  Version: 1.15 
 kaki/verifypn-linux64 /tmp/tmpmwcrarlp
DFA generation time: 0.009 seconds 
DFA states: 3 
DFA transitions: 91
Problem file: /tmp/tmpmwcrarlp
Switches to update: 84

Decomposed topology into 6 subproblems
Topological decomposition took 0.006 seconds
Subproblem verification time: 0.027 seconds
Subproblem verification time: 0.008 seconds
Subproblem verification time: 0.008 seconds
Subproblem verification time: 0.008 seconds
Subproblem verification time: 0.008 seconds
Subproblem verification time: 0.008 seconds
Minimum batches required: 3
[[3, 0, 1, 6, 17, 7, 12, 24, 23, 32, 31, 39, 25, 26, 45, 42, 43, 48, 59, 49, 54, 66, 63, 64, 69, 80, 70, 75, 87, 84, 85, 90, 101, 91, 96, 108, 105, 106, 111, 122, 112, 117], [2, 21, 44, 65, 86, 107], [11, 10, 18, 4, 5, 8, 22, 27, 38, 28, 33, 30, 53, 52, 60, 46, 47, 50, 74, 73, 81, 67, 68, 71, 95, 94, 102, 88, 89, 92, 116, 115, 123, 109, 110, 113]]
Total program runtime: 0.182 seconds

Kaki stderr:  
Time: 0.182
Solution: None
	Command being timed: "python3 allsynth/run.py -t kaki --GML topologies/topzoo/Belnet2009.gml 5 --dir topzoo_res/Reach/kaki/kaki-0 --e-prop Reach --repeat 1"
	User time (seconds): 1.35
	System time (seconds): 1.34
	Percent of CPU this job got: 454%
	Elapsed (wall clock) time (h:mm:ss or m:ss): 0:00.59
	Average shared text size (kbytes): 0
	Average unshared data size (kbytes): 0
	Average stack size (kbytes): 0
	Average total size (kbytes): 0
	Maximum resident set size (kbytes): 97372
	Average resident set size (kbytes): 0
	Major (requiring I/O) page faults: 0
	Minor (reclaiming a frame) page faults: 39156
	Voluntary context switches: 4210
	Involuntary context switches: 128
	Swaps: 0
	File system inputs: 0
	File system outputs: 24
	Socket messages sent: 0
	Socket messages received: 0
	Signals delivered: 0
	Page size (bytes): 4096
	Exit status: 0
