Namespace(tool='kaki', exper=None, gml=['topologies/topzoo/BtEurope.gml', '5'], index=None, prop='Reach', prop_file=None, op_req=None, repeat=1, reduce=False, opt=False, u=False, some=False, count=False, weight_bound=None, savedir='topzoo_res/Reach/kaki/kaki-0', dump_bdd=False)
Running 5BtEurope.gml
Policy: (Reach 140)
Initial path of nodes: [14, 23, 16, 17, 20, 24, 41, 40, 47, 39, 62, 71, 64, 65, 68, 86, 95, 88, 89, 92, 110, 119, 112, 113, 116, 134, 143, 136, 137, 140]
Final path of nodes: [14, 23, 21, 17, 20, 24, 41, 45, 47, 39, 62, 71, 69, 65, 68, 86, 95, 93, 89, 92, 110, 119, 117, 113, 116, 134, 143, 141, 137, 140]
{"Initial_routing":[[14, 23], [23, 16], [16, 17], [17, 20], [20, 24], [24, 41], [41, 40], [40, 47], [47, 39], [39, 62], [62, 71], [71, 64], [64, 65], [65, 68], [68, 86], [86, 95], [95, 88], [88, 89], [89, 92], [92, 110], [110, 119], [119, 112], [112, 113], [113, 116], [116, 134], [134, 143], [143, 136], [136, 137], [137, 140]],"Final_routing":[[14, 23], [23, 21], [21, 17], [17, 20], [20, 24], [24, 41], [41, 45], [45, 47], [47, 39], [39, 62], [62, 71], [71, 69], [69, 65], [65, 68], [68, 86], [86, 95], [95, 93], [93, 89], [89, 92], [92, 110], [110, 119], [119, 117], [117, 113], [113, 116], [116, 134], [134, 143], [143, 141], [141, 137], [137, 140]],"Properties":{"Waypoint": { "startNode": -1, "finalNode": -1, "waypoint": []}, "LoopFreedom": { "startNode": -1},"Reachability":{"startNode":14,"finalNode":140}}}
Kaki stdout:  Version: 1.15 
 kaki/verifypn-linux64 /tmp/tmplkq94mo3
DFA generation time: 0.007 seconds 
DFA states: 3 
DFA transitions: 37
Problem file: /tmp/tmplkq94mo3
Switches to update: 18

Decomposed topology into 6 subproblems
Topological decomposition took 0.004 seconds
Subproblem verification time: 0.029 seconds
Subproblem verification time: 0.008 seconds
Subproblem verification time: 0.008 seconds
Subproblem verification time: 0.009 seconds
Subproblem verification time: 0.009 seconds
Subproblem verification time: 0.008 seconds
Minimum batches required: 3
[[21, 45, 69, 93, 117, 141], [23, 41, 71, 95, 119, 143], [16, 40, 64, 88, 112, 136]]
Total program runtime: 0.169 seconds

Kaki stderr:  
Time: 0.169
Solution: None
	Command being timed: "python3 allsynth/run.py -t kaki --GML topologies/topzoo/BtEurope.gml 5 --dir topzoo_res/Reach/kaki/kaki-0 --e-prop Reach --repeat 1"
	User time (seconds): 1.23
	System time (seconds): 1.39
	Percent of CPU this job got: 390%
	Elapsed (wall clock) time (h:mm:ss or m:ss): 0:00.67
	Average shared text size (kbytes): 0
	Average unshared data size (kbytes): 0
	Average stack size (kbytes): 0
	Average total size (kbytes): 0
	Maximum resident set size (kbytes): 88384
	Average resident set size (kbytes): 0
	Major (requiring I/O) page faults: 0
	Minor (reclaiming a frame) page faults: 36767
	Voluntary context switches: 3100
	Involuntary context switches: 135
	Swaps: 0
	File system inputs: 0
	File system outputs: 24
	Socket messages sent: 0
	Socket messages received: 0
	Signals delivered: 0
	Page size (bytes): 4096
	Exit status: 0
