Namespace(tool='kaki', exper=None, gml=['topologies/topzoo/Cernet.gml', '5'], index=None, prop='Reach', prop_file=None, op_req=None, repeat=1, reduce=False, opt=False, u=False, some=False, count=False, weight_bound=None, savedir='topzoo_res/Reach/kaki/kaki-0', dump_bdd=False)
Running 5Cernet.gml
Policy: (Reach 243)
Initial path of nodes: [0, 7, 24, 21, 37, 38, 41, 48, 65, 62, 78, 79, 82, 89, 106, 103, 119, 120, 123, 130, 147, 144, 160, 161, 164, 171, 188, 185, 201, 202, 205, 212, 229, 226, 242, 243]
Final path of nodes: [0, 7, 24, 32, 37, 33, 38, 41, 47, 48, 65, 73, 78, 74, 79, 82, 88, 89, 106, 114, 119, 115, 120, 123, 129, 130, 147, 155, 160, 156, 161, 164, 170, 171, 188, 196, 201, 197, 202, 205, 211, 212, 229, 237, 242, 238, 243]
{"Initial_routing":[[0, 7], [7, 24], [24, 21], [21, 37], [37, 38], [38, 41], [41, 48], [48, 65], [65, 62], [62, 78], [78, 79], [79, 82], [82, 89], [89, 106], [106, 103], [103, 119], [119, 120], [120, 123], [123, 130], [130, 147], [147, 144], [144, 160], [160, 161], [161, 164], [164, 171], [171, 188], [188, 185], [185, 201], [201, 202], [202, 205], [205, 212], [212, 229], [229, 226], [226, 242], [242, 243]],"Final_routing":[[0, 7], [7, 24], [24, 32], [32, 37], [37, 33], [33, 38], [38, 41], [41, 47], [47, 48], [48, 65], [65, 73], [73, 78], [78, 74], [74, 79], [79, 82], [82, 88], [88, 89], [89, 106], [106, 114], [114, 119], [119, 115], [115, 120], [120, 123], [123, 129], [129, 130], [130, 147], [147, 155], [155, 160], [160, 156], [156, 161], [161, 164], [164, 170], [170, 171], [171, 188], [188, 196], [196, 201], [201, 197], [197, 202], [202, 205], [205, 211], [211, 212], [212, 229], [229, 237], [237, 242], [242, 238], [238, 243]],"Properties":{"Waypoint": { "startNode": -1, "finalNode": -1, "waypoint": []}, "LoopFreedom": { "startNode": -1},"Reachability":{"startNode":0,"finalNode":243}}}
Kaki stdout:  Version: 1.15 
 kaki/verifypn-linux64 /tmp/tmpyw6vw2kc
DFA generation time: 0.007 seconds 
DFA states: 3 
DFA transitions: 54
Problem file: /tmp/tmpyw6vw2kc
Switches to update: 40

Decomposed topology into 11 subproblems
Topological decomposition took 0.005 seconds
Subproblem verification time: 0.043 seconds
Subproblem verification time: 0.01 seconds
Subproblem verification time: 0.009 seconds
Subproblem verification time: 0.008 seconds
Subproblem verification time: 0.009 seconds
Subproblem verification time: 0.009 seconds
Subproblem verification time: 0.009 seconds
Subproblem verification time: 0.008 seconds
Subproblem verification time: 0.009 seconds
Subproblem verification time: 0.009 seconds
Subproblem verification time: 0.009 seconds
Minimum batches required: 3
[[32, 33, 47, 73, 74, 88, 114, 115, 129, 155, 156, 170, 196, 197, 211, 237, 238], [37, 24, 41, 78, 65, 82, 119, 106, 123, 160, 147, 164, 201, 188, 205, 242, 229], [21, 62, 103, 144, 185, 226]]
Total program runtime: 0.261 seconds

Kaki stderr:  
Time: 0.261
Solution: None
	Command being timed: "python3 allsynth/run.py -t kaki --GML topologies/topzoo/Cernet.gml 5 --dir topzoo_res/Reach/kaki/kaki-0 --e-prop Reach --repeat 1"
	User time (seconds): 1.68
	System time (seconds): 1.36
	Percent of CPU this job got: 382%
	Elapsed (wall clock) time (h:mm:ss or m:ss): 0:00.79
	Average shared text size (kbytes): 0
	Average unshared data size (kbytes): 0
	Average stack size (kbytes): 0
	Average total size (kbytes): 0
	Maximum resident set size (kbytes): 98868
	Average resident set size (kbytes): 0
	Major (requiring I/O) page faults: 0
	Minor (reclaiming a frame) page faults: 49684
	Voluntary context switches: 4446
	Involuntary context switches: 585
	Swaps: 0
	File system inputs: 0
	File system outputs: 24
	Socket messages sent: 0
	Socket messages received: 0
	Signals delivered: 0
	Page size (bytes): 4096
	Exit status: 0
