Namespace(tool='kaki', exper=None, gml=['topologies/topzoo/Cesnet2001.gml', '5'], index=None, prop='Reach', prop_file=None, op_req=None, repeat=1, reduce=False, opt=False, u=False, some=False, count=False, weight_bound=None, savedir='topzoo_res/Reach/kaki/kaki-0', dump_bdd=False)
Running 5Cesnet2001.gml
Policy: (Reach 132)
Initial path of nodes: [0, 1, 19, 18, 17, 23, 24, 42, 41, 40, 46, 47, 65, 64, 63, 69, 70, 88, 87, 86, 92, 93, 111, 110, 109, 115, 116, 134, 133, 132]
Final path of nodes: [0, 1, 19, 18, 17, 23, 28, 42, 41, 40, 46, 51, 65, 64, 63, 69, 74, 88, 87, 86, 92, 97, 111, 110, 109, 115, 120, 134, 133, 132]
{"Initial_routing":[[0, 1], [1, 19], [19, 18], [18, 17], [17, 23], [23, 24], [24, 42], [42, 41], [41, 40], [40, 46], [46, 47], [47, 65], [65, 64], [64, 63], [63, 69], [69, 70], [70, 88], [88, 87], [87, 86], [86, 92], [92, 93], [93, 111], [111, 110], [110, 109], [109, 115], [115, 116], [116, 134], [134, 133], [133, 132]],"Final_routing":[[0, 1], [1, 19], [19, 18], [18, 17], [17, 23], [23, 28], [28, 42], [42, 41], [41, 40], [40, 46], [46, 51], [51, 65], [65, 64], [64, 63], [63, 69], [69, 74], [74, 88], [88, 87], [87, 86], [86, 92], [92, 97], [97, 111], [111, 110], [110, 109], [109, 115], [115, 120], [120, 134], [134, 133], [133, 132]],"Properties":{"Waypoint": { "startNode": -1, "finalNode": -1, "waypoint": []}, "LoopFreedom": { "startNode": -1},"Reachability":{"startNode":0,"finalNode":132}}}
Kaki stdout:  Version: 1.15 
 kaki/verifypn-linux64 /tmp/tmpkg_ou779
DFA generation time: 0.008 seconds 
DFA states: 3 
DFA transitions: 36
Problem file: /tmp/tmpkg_ou779
Switches to update: 15

Decomposed topology into 5 subproblems
Topological decomposition took 0.004 seconds
Subproblem verification time: 0.029 seconds
Subproblem verification time: 0.008 seconds
Subproblem verification time: 0.008 seconds
Subproblem verification time: 0.009 seconds
Subproblem verification time: 0.008 seconds
Minimum batches required: 3
[[28, 51, 74, 97, 120], [23, 46, 69, 92, 115], [24, 47, 70, 93, 116]]
Total program runtime: 0.166 seconds

Kaki stderr:  
Time: 0.166
Solution: None
	Command being timed: "python3 allsynth/run.py -t kaki --GML topologies/topzoo/Cesnet2001.gml 5 --dir topzoo_res/Reach/kaki/kaki-0 --e-prop Reach --repeat 1"
	User time (seconds): 1.29
	System time (seconds): 1.32
	Percent of CPU this job got: 396%
	Elapsed (wall clock) time (h:mm:ss or m:ss): 0:00.65
	Average shared text size (kbytes): 0
	Average unshared data size (kbytes): 0
	Average stack size (kbytes): 0
	Average total size (kbytes): 0
	Maximum resident set size (kbytes): 83588
	Average resident set size (kbytes): 0
	Major (requiring I/O) page faults: 0
	Minor (reclaiming a frame) page faults: 34202
	Voluntary context switches: 2800
	Involuntary context switches: 93
	Swaps: 0
	File system inputs: 0
	File system outputs: 24
	Socket messages sent: 0
	Socket messages received: 0
	Signals delivered: 0
	Page size (bytes): 4096
	Exit status: 0
