Namespace(tool='kaki', exper=None, gml=['topologies/topzoo/Cesnet200511.gml', '5'], index=None, prop='Reach', prop_file=None, op_req=None, repeat=1, reduce=False, opt=False, u=False, some=False, count=False, weight_bound=None, savedir='topzoo_res/Reach/kaki/kaki-0', dump_bdd=False)
Running 5Cesnet200511.gml
Policy: (Reach 214)
Initial path of nodes: [15, 23, 9, 6, 0, 3, 17, 19, 54, 62, 48, 45, 39, 42, 56, 58, 93, 101, 87, 84, 78, 81, 95, 97, 132, 140, 126, 123, 117, 120, 134, 136, 171, 179, 165, 162, 156, 159, 173, 175, 210, 218, 204, 201, 195, 198, 212, 214]
Final path of nodes: [15, 23, 9, 7, 35, 3, 17, 19, 54, 62, 48, 46, 74, 42, 56, 58, 93, 101, 87, 85, 113, 81, 95, 97, 132, 140, 126, 124, 152, 120, 134, 136, 171, 179, 165, 163, 191, 159, 173, 175, 210, 218, 204, 202, 230, 198, 212, 214]
{"Initial_routing":[[15, 23], [23, 9], [9, 6], [6, 0], [0, 3], [3, 17], [17, 19], [19, 54], [54, 62], [62, 48], [48, 45], [45, 39], [39, 42], [42, 56], [56, 58], [58, 93], [93, 101], [101, 87], [87, 84], [84, 78], [78, 81], [81, 95], [95, 97], [97, 132], [132, 140], [140, 126], [126, 123], [123, 117], [117, 120], [120, 134], [134, 136], [136, 171], [171, 179], [179, 165], [165, 162], [162, 156], [156, 159], [159, 173], [173, 175], [175, 210], [210, 218], [218, 204], [204, 201], [201, 195], [195, 198], [198, 212], [212, 214]],"Final_routing":[[15, 23], [23, 9], [9, 7], [7, 35], [35, 3], [3, 17], [17, 19], [19, 54], [54, 62], [62, 48], [48, 46], [46, 74], [74, 42], [42, 56], [56, 58], [58, 93], [93, 101], [101, 87], [87, 85], [85, 113], [113, 81], [81, 95], [95, 97], [97, 132], [132, 140], [140, 126], [126, 124], [124, 152], [152, 120], [120, 134], [134, 136], [136, 171], [171, 179], [179, 165], [165, 163], [163, 191], [191, 159], [159, 173], [173, 175], [175, 210], [210, 218], [218, 204], [204, 202], [202, 230], [230, 198], [198, 212], [212, 214]],"Properties":{"Waypoint": { "startNode": -1, "finalNode": -1, "waypoint": []}, "LoopFreedom": { "startNode": -1},"Reachability":{"startNode":15,"finalNode":214}}}
Kaki stdout:  Version: 1.15 
 kaki/verifypn-linux64 /tmp/tmp0w640rbf
DFA generation time: 0.008 seconds 
DFA states: 3 
DFA transitions: 61
Problem file: /tmp/tmp0w640rbf
Switches to update: 30

Decomposed topology into 6 subproblems
Topological decomposition took 0.004 seconds
Subproblem verification time: 0.031 seconds
Subproblem verification time: 0.008 seconds
Subproblem verification time: 0.008 seconds
Subproblem verification time: 0.008 seconds
Subproblem verification time: 0.009 seconds
Subproblem verification time: 0.008 seconds
Minimum batches required: 3
[[7, 35, 46, 74, 85, 113, 124, 152, 163, 191, 202, 230], [9, 48, 87, 126, 165, 204], [6, 0, 45, 39, 84, 78, 123, 117, 162, 156, 201, 195]]
Total program runtime: 0.18 seconds

Kaki stderr:  
Time: 0.18
Solution: None
	Command being timed: "python3 allsynth/run.py -t kaki --GML topologies/topzoo/Cesnet200511.gml 5 --dir topzoo_res/Reach/kaki/kaki-0 --e-prop Reach --repeat 1"
	User time (seconds): 1.36
	System time (seconds): 1.34
	Percent of CPU this job got: 385%
	Elapsed (wall clock) time (h:mm:ss or m:ss): 0:00.70
	Average shared text size (kbytes): 0
	Average unshared data size (kbytes): 0
	Average stack size (kbytes): 0
	Average total size (kbytes): 0
	Maximum resident set size (kbytes): 92476
	Average resident set size (kbytes): 0
	Major (requiring I/O) page faults: 0
	Minor (reclaiming a frame) page faults: 38469
	Voluntary context switches: 3360
	Involuntary context switches: 216
	Swaps: 0
	File system inputs: 0
	File system outputs: 24
	Socket messages sent: 0
	Socket messages received: 0
	Signals delivered: 0
	Page size (bytes): 4096
	Exit status: 0
