Namespace(tool='kaki', exper=None, gml=['topologies/topzoo/Epoch.gml', '5'], index=None, prop='Reach', prop_file=None, op_req=None, repeat=1, reduce=False, opt=False, u=False, some=False, count=False, weight_bound=None, savedir='topzoo_res/Reach/kaki/kaki-0', dump_bdd=False)
Running 5Epoch.gml
Policy: (Reach 35)
Initial path of nodes: [2, 0, 1, 5, 7, 6, 8, 9, 14, 12, 13, 17, 20, 18, 19, 23, 26, 24, 25, 29, 32, 30, 31, 35]
Final path of nodes: [2, 0, 4, 5, 7, 11, 10, 9, 14, 15, 16, 17, 20, 21, 22, 23, 26, 27, 28, 29, 32, 33, 34, 35]
{"Initial_routing":[[2, 0], [0, 1], [1, 5], [5, 7], [7, 6], [6, 8], [8, 9], [9, 14], [14, 12], [12, 13], [13, 17], [17, 20], [20, 18], [18, 19], [19, 23], [23, 26], [26, 24], [24, 25], [25, 29], [29, 32], [32, 30], [30, 31], [31, 35]],"Final_routing":[[2, 0], [0, 4], [4, 5], [5, 7], [7, 11], [11, 10], [10, 9], [9, 14], [14, 15], [15, 16], [16, 17], [17, 20], [20, 21], [21, 22], [22, 23], [23, 26], [26, 27], [27, 28], [28, 29], [29, 32], [32, 33], [33, 34], [34, 35]],"Properties":{"Waypoint": { "startNode": -1, "finalNode": -1, "waypoint": []}, "LoopFreedom": { "startNode": -1},"Reachability":{"startNode":2,"finalNode":35}}}
Kaki stdout:  Version: 1.15 
 kaki/verifypn-linux64 /tmp/tmpyrzuwb3x
DFA generation time: 0.006 seconds 
DFA states: 3 
DFA transitions: 36
Problem file: /tmp/tmpyrzuwb3x
Switches to update: 28

Decomposed topology into 6 subproblems
Topological decomposition took 0.004 seconds
Subproblem verification time: 0.031 seconds
Subproblem verification time: 0.008 seconds
Subproblem verification time: 0.008 seconds
Subproblem verification time: 0.008 seconds
Subproblem verification time: 0.009 seconds
Subproblem verification time: 0.009 seconds
Minimum batches required: 3
[[4, 11, 10, 15, 16, 21, 22, 27, 28, 33, 34], [0, 7, 14, 20, 26, 32], [1, 6, 8, 12, 13, 18, 19, 24, 25, 30, 31]]
Total program runtime: 0.177 seconds

Kaki stderr:  
Time: 0.177
Solution: None
	Command being timed: "python3 allsynth/run.py -t kaki --GML topologies/topzoo/Epoch.gml 5 --dir topzoo_res/Reach/kaki/kaki-0 --e-prop Reach --repeat 1"
	User time (seconds): 1.22
	System time (seconds): 1.34
	Percent of CPU this job got: 378%
	Elapsed (wall clock) time (h:mm:ss or m:ss): 0:00.67
	Average shared text size (kbytes): 0
	Average unshared data size (kbytes): 0
	Average stack size (kbytes): 0
	Average total size (kbytes): 0
	Maximum resident set size (kbytes): 90764
	Average resident set size (kbytes): 0
	Major (requiring I/O) page faults: 0
	Minor (reclaiming a frame) page faults: 35617
	Voluntary context switches: 3358
	Involuntary context switches: 38358
	Swaps: 0
	File system inputs: 0
	File system outputs: 24
	Socket messages sent: 0
	Socket messages received: 0
	Signals delivered: 0
	Page size (bytes): 4096
	Exit status: 0
