Namespace(tool='kaki', exper=None, gml=['topologies/topzoo/HiberniaUs.gml', '5'], index=None, prop='Reach', prop_file=None, op_req=None, repeat=1, reduce=False, opt=False, u=False, some=False, count=False, weight_bound=None, savedir='topzoo_res/Reach/kaki/kaki-0', dump_bdd=False)
Running 5HiberniaUs.gml
Policy: (Reach 121)
Initial path of nodes: [8, 5, 4, 7, 6, 3, 1, 9, 19, 18, 21, 11, 30, 27, 26, 29, 28, 25, 23, 31, 41, 40, 43, 33, 52, 49, 48, 51, 50, 47, 45, 53, 63, 62, 65, 55, 74, 71, 70, 73, 72, 69, 67, 75, 85, 84, 87, 77, 96, 93, 92, 95, 94, 91, 89, 97, 107, 106, 109, 99, 118, 115, 114, 117, 116, 113, 111, 119, 129, 128, 131, 121]
Final path of nodes: [8, 5, 4, 7, 6, 3, 2, 12, 13, 20, 21, 11, 30, 27, 26, 29, 28, 25, 24, 34, 35, 42, 43, 33, 52, 49, 48, 51, 50, 47, 46, 56, 57, 64, 65, 55, 74, 71, 70, 73, 72, 69, 68, 78, 79, 86, 87, 77, 96, 93, 92, 95, 94, 91, 90, 100, 101, 108, 109, 99, 118, 115, 114, 117, 116, 113, 112, 122, 123, 130, 131, 121]
{"Initial_routing":[[8, 5], [5, 4], [4, 7], [7, 6], [6, 3], [3, 1], [1, 9], [9, 19], [19, 18], [18, 21], [21, 11], [11, 30], [30, 27], [27, 26], [26, 29], [29, 28], [28, 25], [25, 23], [23, 31], [31, 41], [41, 40], [40, 43], [43, 33], [33, 52], [52, 49], [49, 48], [48, 51], [51, 50], [50, 47], [47, 45], [45, 53], [53, 63], [63, 62], [62, 65], [65, 55], [55, 74], [74, 71], [71, 70], [70, 73], [73, 72], [72, 69], [69, 67], [67, 75], [75, 85], [85, 84], [84, 87], [87, 77], [77, 96], [96, 93], [93, 92], [92, 95], [95, 94], [94, 91], [91, 89], [89, 97], [97, 107], [107, 106], [106, 109], [109, 99], [99, 118], [118, 115], [115, 114], [114, 117], [117, 116], [116, 113], [113, 111], [111, 119], [119, 129], [129, 128], [128, 131], [131, 121]],"Final_routing":[[8, 5], [5, 4], [4, 7], [7, 6], [6, 3], [3, 2], [2, 12], [12, 13], [13, 20], [20, 21], [21, 11], [11, 30], [30, 27], [27, 26], [26, 29], [29, 28], [28, 25], [25, 24], [24, 34], [34, 35], [35, 42], [42, 43], [43, 33], [33, 52], [52, 49], [49, 48], [48, 51], [51, 50], [50, 47], [47, 46], [46, 56], [56, 57], [57, 64], [64, 65], [65, 55], [55, 74], [74, 71], [71, 70], [70, 73], [73, 72], [72, 69], [69, 68], [68, 78], [78, 79], [79, 86], [86, 87], [87, 77], [77, 96], [96, 93], [93, 92], [92, 95], [95, 94], [94, 91], [91, 90], [90, 100], [100, 101], [101, 108], [108, 109], [109, 99], [99, 118], [118, 115], [115, 114], [114, 117], [117, 116], [116, 113], [113, 112], [112, 122], [122, 123], [123, 130], [130, 131], [131, 121]],"Properties":{"Waypoint": { "startNode": -1, "finalNode": -1, "waypoint": []}, "LoopFreedom": { "startNode": -1},"Reachability":{"startNode":8,"finalNode":121}}}
Kaki stdout:  Version: 1.15 
 kaki/verifypn-linux64 /tmp/tmp4j0qjp9i
DFA generation time: 0.01 seconds 
DFA states: 3 
DFA transitions: 97
Problem file: /tmp/tmp4j0qjp9i
Switches to update: 54

Decomposed topology into 6 subproblems
Topological decomposition took 0.014 seconds
Subproblem verification time: 0.029 seconds
Subproblem verification time: 0.01 seconds
Subproblem verification time: 0.009 seconds
Subproblem verification time: 0.009 seconds
Subproblem verification time: 0.009 seconds
Subproblem verification time: 0.009 seconds
Minimum batches required: 3
[[2, 12, 13, 20, 24, 34, 35, 42, 46, 56, 57, 64, 68, 78, 79, 86, 90, 100, 101, 108, 112, 122, 123, 130], [3, 25, 47, 69, 91, 113], [1, 9, 19, 18, 23, 31, 41, 40, 45, 53, 63, 62, 67, 75, 85, 84, 89, 97, 107, 106, 111, 119, 129, 128]]
Total program runtime: 0.213 seconds

Kaki stderr:  
Time: 0.213
Solution: None
	Command being timed: "python3 allsynth/run.py -t kaki --GML topologies/topzoo/HiberniaUs.gml 5 --dir topzoo_res/Reach/kaki/kaki-0 --e-prop Reach --repeat 1"
	User time (seconds): 1.52
	System time (seconds): 1.32
	Percent of CPU this job got: 399%
	Elapsed (wall clock) time (h:mm:ss or m:ss): 0:00.71
	Average shared text size (kbytes): 0
	Average unshared data size (kbytes): 0
	Average stack size (kbytes): 0
	Average total size (kbytes): 0
	Maximum resident set size (kbytes): 92136
	Average resident set size (kbytes): 0
	Major (requiring I/O) page faults: 0
	Minor (reclaiming a frame) page faults: 38351
	Voluntary context switches: 4914
	Involuntary context switches: 130
	Swaps: 0
	File system inputs: 0
	File system outputs: 24
	Socket messages sent: 0
	Socket messages received: 0
	Signals delivered: 0
	Page size (bytes): 4096
	Exit status: 0
