Namespace(tool='kaki', exper=None, gml=['topologies/topzoo/KentmanFeb2008.gml', '5'], index=None, prop='Reach', prop_file=None, op_req=None, repeat=1, reduce=False, opt=False, u=False, some=False, count=False, weight_bound=None, savedir='topzoo_res/Reach/kaki/kaki-0', dump_bdd=False)
Running 5KentmanFeb2008.gml
Policy: (Reach 143)
Initial path of nodes: [6, 24, 12, 11, 22, 23, 13, 32, 50, 38, 37, 48, 49, 39, 58, 76, 64, 63, 74, 75, 65, 84, 102, 90, 89, 100, 101, 91, 110, 128, 116, 115, 126, 127, 117, 136, 154, 142, 141, 152, 153, 143]
Final path of nodes: [6, 24, 12, 19, 22, 23, 13, 32, 50, 38, 45, 48, 49, 39, 58, 76, 64, 71, 74, 75, 65, 84, 102, 90, 97, 100, 101, 91, 110, 128, 116, 123, 126, 127, 117, 136, 154, 142, 149, 152, 153, 143]
{"Initial_routing":[[6, 24], [24, 12], [12, 11], [11, 22], [22, 23], [23, 13], [13, 32], [32, 50], [50, 38], [38, 37], [37, 48], [48, 49], [49, 39], [39, 58], [58, 76], [76, 64], [64, 63], [63, 74], [74, 75], [75, 65], [65, 84], [84, 102], [102, 90], [90, 89], [89, 100], [100, 101], [101, 91], [91, 110], [110, 128], [128, 116], [116, 115], [115, 126], [126, 127], [127, 117], [117, 136], [136, 154], [154, 142], [142, 141], [141, 152], [152, 153], [153, 143]],"Final_routing":[[6, 24], [24, 12], [12, 19], [19, 22], [22, 23], [23, 13], [13, 32], [32, 50], [50, 38], [38, 45], [45, 48], [48, 49], [49, 39], [39, 58], [58, 76], [76, 64], [64, 71], [71, 74], [74, 75], [75, 65], [65, 84], [84, 102], [102, 90], [90, 97], [97, 100], [100, 101], [101, 91], [91, 110], [110, 128], [128, 116], [116, 123], [123, 126], [126, 127], [127, 117], [117, 136], [136, 154], [154, 142], [142, 149], [149, 152], [152, 153], [153, 143]],"Properties":{"Waypoint": { "startNode": -1, "finalNode": -1, "waypoint": []}, "LoopFreedom": { "startNode": -1},"Reachability":{"startNode":6,"finalNode":143}}}
Kaki stdout:  Version: 1.15 
 kaki/verifypn-linux64 /tmp/tmphwclbbl7
DFA generation time: 0.008 seconds 
DFA states: 3 
DFA transitions: 49
Problem file: /tmp/tmphwclbbl7
Switches to update: 18

Decomposed topology into 6 subproblems
Topological decomposition took 0.004 seconds
Subproblem verification time: 0.028 seconds
Subproblem verification time: 0.008 seconds
Subproblem verification time: 0.008 seconds
Subproblem verification time: 0.008 seconds
Subproblem verification time: 0.008 seconds
Subproblem verification time: 0.008 seconds
Minimum batches required: 3
[[19, 45, 71, 97, 123, 149], [12, 38, 64, 90, 116, 142], [11, 37, 63, 89, 115, 141]]
Total program runtime: 0.174 seconds

Kaki stderr:  
Time: 0.174
Solution: None
	Command being timed: "python3 allsynth/run.py -t kaki --GML topologies/topzoo/KentmanFeb2008.gml 5 --dir topzoo_res/Reach/kaki/kaki-0 --e-prop Reach --repeat 1"
	User time (seconds): 1.32
	System time (seconds): 1.33
	Percent of CPU this job got: 387%
	Elapsed (wall clock) time (h:mm:ss or m:ss): 0:00.68
	Average shared text size (kbytes): 0
	Average unshared data size (kbytes): 0
	Average stack size (kbytes): 0
	Average total size (kbytes): 0
	Maximum resident set size (kbytes): 85856
	Average resident set size (kbytes): 0
	Major (requiring I/O) page faults: 0
	Minor (reclaiming a frame) page faults: 37105
	Voluntary context switches: 2810
	Involuntary context switches: 97
	Swaps: 0
	File system inputs: 0
	File system outputs: 24
	Socket messages sent: 0
	Socket messages received: 0
	Signals delivered: 0
	Page size (bytes): 4096
	Exit status: 0
