Namespace(tool='kaki', exper=None, gml=['topologies/topzoo/KentmanJan2011.gml', '5'], index=None, prop='Reach', prop_file=None, op_req=None, repeat=1, reduce=False, opt=False, u=False, some=False, count=False, weight_bound=None, savedir='topzoo_res/Reach/kaki/kaki-0', dump_bdd=False)
Running 5KentmanJan2011.gml
Policy: (Reach 227)
Initial path of nodes: [0, 35, 5, 33, 18, 30, 37, 38, 73, 43, 71, 56, 68, 75, 76, 111, 81, 109, 94, 106, 113, 114, 149, 119, 147, 132, 144, 151, 152, 187, 157, 185, 170, 182, 189, 190, 225, 195, 223, 208, 220, 227]
Final path of nodes: [0, 35, 5, 12, 33, 18, 30, 37, 38, 73, 43, 71, 56, 68, 75, 76, 111, 81, 88, 109, 94, 106, 113, 114, 149, 119, 147, 132, 144, 151, 152, 187, 157, 164, 185, 170, 182, 189, 190, 225, 195, 223, 208, 220, 227]
{"Initial_routing":[[0, 35], [35, 5], [5, 33], [33, 18], [18, 30], [30, 37], [37, 38], [38, 73], [73, 43], [43, 71], [71, 56], [56, 68], [68, 75], [75, 76], [76, 111], [111, 81], [81, 109], [109, 94], [94, 106], [106, 113], [113, 114], [114, 149], [149, 119], [119, 147], [147, 132], [132, 144], [144, 151], [151, 152], [152, 187], [187, 157], [157, 185], [185, 170], [170, 182], [182, 189], [189, 190], [190, 225], [225, 195], [195, 223], [223, 208], [208, 220], [220, 227]],"Final_routing":[[0, 35], [35, 5], [5, 12], [12, 33], [33, 18], [18, 30], [30, 37], [37, 38], [38, 73], [73, 43], [43, 71], [71, 56], [56, 68], [68, 75], [75, 76], [76, 111], [111, 81], [81, 88], [88, 109], [109, 94], [94, 106], [106, 113], [113, 114], [114, 149], [149, 119], [119, 147], [147, 132], [132, 144], [144, 151], [151, 152], [152, 187], [187, 157], [157, 164], [164, 185], [185, 170], [170, 182], [182, 189], [189, 190], [190, 225], [225, 195], [195, 223], [223, 208], [208, 220], [220, 227]],"Properties":{"Waypoint": { "startNode": -1, "finalNode": -1, "waypoint": []}, "LoopFreedom": { "startNode": -1},"Reachability":{"startNode":0,"finalNode":227}}}
Kaki stdout:  Version: 1.15 
 kaki/verifypn-linux64 /tmp/tmptl70z974
DFA generation time: 0.007 seconds 
DFA states: 3 
DFA transitions: 46
Problem file: /tmp/tmptl70z974
Switches to update: 6

Decomposed topology into 3 subproblems
Topological decomposition took 0.004 seconds
Subproblem verification time: 0.031 seconds
Subproblem verification time: 0.008 seconds
Subproblem verification time: 0.008 seconds
Minimum batches required: 2
[[12, 88, 164], [5, 81, 157]]
Total program runtime: 0.144 seconds

Kaki stderr:  
Time: 0.144
Solution: None
	Command being timed: "python3 allsynth/run.py -t kaki --GML topologies/topzoo/KentmanJan2011.gml 5 --dir topzoo_res/Reach/kaki/kaki-0 --e-prop Reach --repeat 1"
	User time (seconds): 1.28
	System time (seconds): 1.34
	Percent of CPU this job got: 397%
	Elapsed (wall clock) time (h:mm:ss or m:ss): 0:00.66
	Average shared text size (kbytes): 0
	Average unshared data size (kbytes): 0
	Average stack size (kbytes): 0
	Average total size (kbytes): 0
	Maximum resident set size (kbytes): 82796
	Average resident set size (kbytes): 0
	Major (requiring I/O) page faults: 0
	Minor (reclaiming a frame) page faults: 30525
	Voluntary context switches: 2822
	Involuntary context switches: 107
	Swaps: 0
	File system inputs: 0
	File system outputs: 24
	Socket messages sent: 0
	Socket messages received: 0
	Signals delivered: 0
	Page size (bytes): 4096
	Exit status: 0
