Namespace(tool='kaki', exper=None, gml=['topologies/topzoo/Layer42.gml', '5'], index=None, prop='Reach', prop_file=None, op_req=None, repeat=1, reduce=False, opt=False, u=False, some=False, count=False, weight_bound=None, savedir='topzoo_res/Reach/kaki/kaki-0', dump_bdd=False)
Running 5Layer42.gml
Policy: (Reach 34)
Initial path of nodes: [0, 1, 3, 4, 6, 7, 9, 10, 12, 13, 15, 16, 18, 19, 21, 22, 24, 25, 27, 28, 30, 31, 33, 34]
Final path of nodes: [0, 1, 5, 4, 6, 7, 11, 10, 12, 13, 17, 16, 18, 19, 23, 22, 24, 25, 29, 28, 30, 31, 35, 34]
{"Initial_routing":[[0, 1], [1, 3], [3, 4], [4, 6], [6, 7], [7, 9], [9, 10], [10, 12], [12, 13], [13, 15], [15, 16], [16, 18], [18, 19], [19, 21], [21, 22], [22, 24], [24, 25], [25, 27], [27, 28], [28, 30], [30, 31], [31, 33], [33, 34]],"Final_routing":[[0, 1], [1, 5], [5, 4], [4, 6], [6, 7], [7, 11], [11, 10], [10, 12], [12, 13], [13, 17], [17, 16], [16, 18], [18, 19], [19, 23], [23, 22], [22, 24], [24, 25], [25, 29], [29, 28], [28, 30], [30, 31], [31, 35], [35, 34]],"Properties":{"Waypoint": { "startNode": -1, "finalNode": -1, "waypoint": []}, "LoopFreedom": { "startNode": -1},"Reachability":{"startNode":0,"finalNode":34}}}
Kaki stdout:  Version: 1.15 
 kaki/verifypn-linux64 /tmp/tmpf4wna_oz
DFA generation time: 0.007 seconds 
DFA states: 3 
DFA transitions: 31
Problem file: /tmp/tmpf4wna_oz
Switches to update: 18

Decomposed topology into 6 subproblems
Topological decomposition took 0.004 seconds
Subproblem verification time: 0.028 seconds
Subproblem verification time: 0.008 seconds
Subproblem verification time: 0.008 seconds
Subproblem verification time: 0.008 seconds
Subproblem verification time: 0.008 seconds
Subproblem verification time: 0.008 seconds
Minimum batches required: 3
[[5, 11, 17, 23, 29, 35], [1, 7, 13, 19, 25, 31], [3, 9, 15, 21, 27, 33]]
Total program runtime: 0.17 seconds

Kaki stderr:  
Time: 0.17
Solution: None
	Command being timed: "python3 allsynth/run.py -t kaki --GML topologies/topzoo/Layer42.gml 5 --dir topzoo_res/Reach/kaki/kaki-0 --e-prop Reach --repeat 1"
	User time (seconds): 1.26
	System time (seconds): 1.35
	Percent of CPU this job got: 396%
	Elapsed (wall clock) time (h:mm:ss or m:ss): 0:00.66
	Average shared text size (kbytes): 0
	Average unshared data size (kbytes): 0
	Average stack size (kbytes): 0
	Average total size (kbytes): 0
	Maximum resident set size (kbytes): 86748
	Average resident set size (kbytes): 0
	Major (requiring I/O) page faults: 0
	Minor (reclaiming a frame) page faults: 35582
	Voluntary context switches: 3345
	Involuntary context switches: 96
	Swaps: 0
	File system inputs: 0
	File system outputs: 24
	Socket messages sent: 0
	Socket messages received: 0
	Signals delivered: 0
	Page size (bytes): 4096
	Exit status: 0
