Namespace(tool='kaki', exper=None, gml=['topologies/topzoo/Myren.gml', '5'], index=None, prop='Reach', prop_file=None, op_req=None, repeat=1, reduce=False, opt=False, u=False, some=False, count=False, weight_bound=None, savedir='topzoo_res/Reach/kaki/kaki-0', dump_bdd=False)
Running 5Myren.gml
Policy: (Reach 221)
Initial path of nodes: [0, 34, 29, 30, 36, 37, 71, 66, 67, 73, 74, 108, 103, 104, 110, 111, 145, 140, 141, 147, 148, 182, 177, 178, 184, 185, 219, 214, 215, 221]
Final path of nodes: [0, 34, 29, 30, 36, 37, 71, 68, 66, 67, 73, 74, 108, 103, 104, 110, 111, 145, 142, 140, 141, 147, 148, 182, 177, 178, 184, 185, 219, 216, 214, 215, 221]
{"Initial_routing":[[0, 34], [34, 29], [29, 30], [30, 36], [36, 37], [37, 71], [71, 66], [66, 67], [67, 73], [73, 74], [74, 108], [108, 103], [103, 104], [104, 110], [110, 111], [111, 145], [145, 140], [140, 141], [141, 147], [147, 148], [148, 182], [182, 177], [177, 178], [178, 184], [184, 185], [185, 219], [219, 214], [214, 215], [215, 221]],"Final_routing":[[0, 34], [34, 29], [29, 30], [30, 36], [36, 37], [37, 71], [71, 68], [68, 66], [66, 67], [67, 73], [73, 74], [74, 108], [108, 103], [103, 104], [104, 110], [110, 111], [111, 145], [145, 142], [142, 140], [140, 141], [141, 147], [147, 148], [148, 182], [182, 177], [177, 178], [178, 184], [184, 185], [185, 219], [219, 216], [216, 214], [214, 215], [215, 221]],"Properties":{"Waypoint": { "startNode": -1, "finalNode": -1, "waypoint": []}, "LoopFreedom": { "startNode": -1},"Reachability":{"startNode":0,"finalNode":221}}}
Kaki stdout:  Version: 1.15 
 kaki/verifypn-linux64 /tmp/tmp_5i8u_mt
DFA generation time: 0.007 seconds 
DFA states: 3 
DFA transitions: 34
Problem file: /tmp/tmp_5i8u_mt
Switches to update: 6

Decomposed topology into 3 subproblems
Topological decomposition took 0.003 seconds
Subproblem verification time: 0.028 seconds
Subproblem verification time: 0.008 seconds
Subproblem verification time: 0.008 seconds
Minimum batches required: 2
[[68, 142, 216], [71, 145, 219]]
Total program runtime: 0.131 seconds

Kaki stderr:  
Time: 0.131
Solution: None
	Command being timed: "python3 allsynth/run.py -t kaki --GML topologies/topzoo/Myren.gml 5 --dir topzoo_res/Reach/kaki/kaki-0 --e-prop Reach --repeat 1"
	User time (seconds): 1.14
	System time (seconds): 1.34
	Percent of CPU this job got: 384%
	Elapsed (wall clock) time (h:mm:ss or m:ss): 0:00.65
	Average shared text size (kbytes): 0
	Average unshared data size (kbytes): 0
	Average stack size (kbytes): 0
	Average total size (kbytes): 0
	Maximum resident set size (kbytes): 81120
	Average resident set size (kbytes): 0
	Major (requiring I/O) page faults: 0
	Minor (reclaiming a frame) page faults: 30059
	Voluntary context switches: 2475
	Involuntary context switches: 122
	Swaps: 0
	File system inputs: 0
	File system outputs: 24
	Socket messages sent: 0
	Socket messages received: 0
	Signals delivered: 0
	Page size (bytes): 4096
	Exit status: 0
