Namespace(tool='kaki', exper=None, gml=['topologies/topzoo/Niif.gml', '5'], index=None, prop='Reach', prop_file=None, op_req=None, repeat=1, reduce=False, opt=False, u=False, some=False, count=False, weight_bound=None, savedir='topzoo_res/Reach/kaki/kaki-0', dump_bdd=False)
Running 5Niif.gml
Policy: (Reach 200)
Initial path of nodes: [14, 13, 16, 23, 32, 7, 19, 20, 44, 41, 40, 68, 47, 63, 51, 50, 86, 85, 88, 95, 104, 79, 91, 92, 122, 121, 124, 131, 140, 115, 127, 128, 158, 157, 160, 167, 176, 151, 163, 164, 194, 193, 196, 203, 212, 187, 199, 200]
Final path of nodes: [14, 15, 27, 11, 32, 0, 7, 19, 20, 44, 45, 57, 68, 59, 52, 49, 50, 86, 87, 99, 83, 104, 72, 79, 91, 92, 122, 123, 135, 119, 140, 108, 115, 127, 128, 158, 159, 171, 155, 176, 144, 151, 163, 164, 194, 195, 207, 191, 212, 180, 187, 199, 200]
{"Initial_routing":[[14, 13], [13, 16], [16, 23], [23, 32], [32, 7], [7, 19], [19, 20], [20, 44], [44, 41], [41, 40], [40, 68], [68, 47], [47, 63], [63, 51], [51, 50], [50, 86], [86, 85], [85, 88], [88, 95], [95, 104], [104, 79], [79, 91], [91, 92], [92, 122], [122, 121], [121, 124], [124, 131], [131, 140], [140, 115], [115, 127], [127, 128], [128, 158], [158, 157], [157, 160], [160, 167], [167, 176], [176, 151], [151, 163], [163, 164], [164, 194], [194, 193], [193, 196], [196, 203], [203, 212], [212, 187], [187, 199], [199, 200]],"Final_routing":[[14, 15], [15, 27], [27, 11], [11, 32], [32, 0], [0, 7], [7, 19], [19, 20], [20, 44], [44, 45], [45, 57], [57, 68], [68, 59], [59, 52], [52, 49], [49, 50], [50, 86], [86, 87], [87, 99], [99, 83], [83, 104], [104, 72], [72, 79], [79, 91], [91, 92], [92, 122], [122, 123], [123, 135], [135, 119], [119, 140], [140, 108], [108, 115], [115, 127], [127, 128], [128, 158], [158, 159], [159, 171], [171, 155], [155, 176], [176, 144], [144, 151], [151, 163], [163, 164], [164, 194], [194, 195], [195, 207], [207, 191], [191, 212], [212, 180], [180, 187], [187, 199], [199, 200]],"Properties":{"Waypoint": { "startNode": -1, "finalNode": -1, "waypoint": []}, "LoopFreedom": { "startNode": -1},"Reachability":{"startNode":14,"finalNode":200}}}
Kaki stdout:  Version: 1.15 
 kaki/verifypn-linux64 /tmp/tmp6irpn4sp
DFA generation time: 0.008 seconds 
DFA states: 3 
DFA transitions: 74
Problem file: /tmp/tmp6irpn4sp
Switches to update: 57

Decomposed topology into 6 subproblems
Topological decomposition took 0.005 seconds
Subproblem verification time: 0.039 seconds
Subproblem verification time: 0.009 seconds
Subproblem verification time: 0.009 seconds
Subproblem verification time: 0.009 seconds
Subproblem verification time: 0.01 seconds
Subproblem verification time: 0.01 seconds
Minimum batches required: 3
[[15, 0, 27, 11, 45, 59, 57, 52, 49, 87, 72, 99, 83, 123, 108, 135, 119, 159, 144, 171, 155, 195, 180, 207, 191], [32, 14, 68, 44, 104, 86, 140, 122, 176, 158, 212, 194], [13, 16, 23, 41, 40, 47, 63, 51, 85, 88, 95, 121, 124, 131, 157, 160, 167, 193, 196, 203]]
Total program runtime: 0.206 seconds

Kaki stderr:  
Time: 0.206
Solution: None
	Command being timed: "python3 allsynth/run.py -t kaki --GML topologies/topzoo/Niif.gml 5 --dir topzoo_res/Reach/kaki/kaki-0 --e-prop Reach --repeat 1"
	User time (seconds): 1.43
	System time (seconds): 1.45
	Percent of CPU this job got: 389%
	Elapsed (wall clock) time (h:mm:ss or m:ss): 0:00.74
	Average shared text size (kbytes): 0
	Average unshared data size (kbytes): 0
	Average stack size (kbytes): 0
	Average total size (kbytes): 0
	Maximum resident set size (kbytes): 96048
	Average resident set size (kbytes): 0
	Major (requiring I/O) page faults: 0
	Minor (reclaiming a frame) page faults: 39719
	Voluntary context switches: 3490
	Involuntary context switches: 105
	Swaps: 0
	File system inputs: 0
	File system outputs: 24
	Socket messages sent: 0
	Socket messages received: 0
	Signals delivered: 0
	Page size (bytes): 4096
	Exit status: 0
