Namespace(tool='kaki', exper=None, gml=['topologies/topzoo/Pacificwave.gml', '5'], index=None, prop='Reach', prop_file=None, op_req=None, repeat=1, reduce=False, opt=False, u=False, some=False, count=False, weight_bound=None, savedir='topzoo_res/Reach/kaki/kaki-0', dump_bdd=False)
Running 5Pacificwave.gml
Policy: (Reach 107)
Initial path of nodes: [0, 11, 15, 17, 18, 29, 33, 35, 36, 47, 51, 53, 54, 65, 69, 71, 72, 83, 87, 89, 90, 101, 105, 107]
Final path of nodes: [0, 11, 15, 8, 17, 18, 29, 33, 26, 35, 36, 47, 51, 44, 53, 54, 65, 69, 62, 71, 72, 83, 87, 80, 89, 90, 101, 105, 98, 107]
{"Initial_routing":[[0, 11], [11, 15], [15, 17], [17, 18], [18, 29], [29, 33], [33, 35], [35, 36], [36, 47], [47, 51], [51, 53], [53, 54], [54, 65], [65, 69], [69, 71], [71, 72], [72, 83], [83, 87], [87, 89], [89, 90], [90, 101], [101, 105], [105, 107]],"Final_routing":[[0, 11], [11, 15], [15, 8], [8, 17], [17, 18], [18, 29], [29, 33], [33, 26], [26, 35], [35, 36], [36, 47], [47, 51], [51, 44], [44, 53], [53, 54], [54, 65], [65, 69], [69, 62], [62, 71], [71, 72], [72, 83], [83, 87], [87, 80], [80, 89], [89, 90], [90, 101], [101, 105], [105, 98], [98, 107]],"Properties":{"Waypoint": { "startNode": -1, "finalNode": -1, "waypoint": []}, "LoopFreedom": { "startNode": -1},"Reachability":{"startNode":0,"finalNode":107}}}
Kaki stdout:  Version: 1.15 
 kaki/verifypn-linux64 /tmp/tmp3hpngytm
DFA generation time: 0.006 seconds 
DFA states: 3 
DFA transitions: 31
Problem file: /tmp/tmp3hpngytm
Switches to update: 12

Decomposed topology into 6 subproblems
Topological decomposition took 0.003 seconds
Subproblem verification time: 0.029 seconds
Subproblem verification time: 0.008 seconds
Subproblem verification time: 0.008 seconds
Subproblem verification time: 0.007 seconds
Subproblem verification time: 0.008 seconds
Subproblem verification time: 0.008 seconds
Minimum batches required: 2
[[8, 26, 44, 62, 80, 98], [15, 33, 51, 69, 87, 105]]
Total program runtime: 0.165 seconds

Kaki stderr:  
Time: 0.165
Solution: None
	Command being timed: "python3 allsynth/run.py -t kaki --GML topologies/topzoo/Pacificwave.gml 5 --dir topzoo_res/Reach/kaki/kaki-0 --e-prop Reach --repeat 1"
	User time (seconds): 1.21
	System time (seconds): 1.38
	Percent of CPU this job got: 391%
	Elapsed (wall clock) time (h:mm:ss or m:ss): 0:00.66
	Average shared text size (kbytes): 0
	Average unshared data size (kbytes): 0
	Average stack size (kbytes): 0
	Average total size (kbytes): 0
	Maximum resident set size (kbytes): 85928
	Average resident set size (kbytes): 0
	Major (requiring I/O) page faults: 0
	Minor (reclaiming a frame) page faults: 37049
	Voluntary context switches: 3351
	Involuntary context switches: 274
	Swaps: 0
	File system inputs: 0
	File system outputs: 24
	Socket messages sent: 0
	Socket messages received: 0
	Signals delivered: 0
	Page size (bytes): 4096
	Exit status: 0
