Namespace(tool='kaki', exper=None, gml=['topologies/topzoo/Restena.gml', '5'], index=None, prop='Reach', prop_file=None, op_req=None, repeat=1, reduce=False, opt=False, u=False, some=False, count=False, weight_bound=None, savedir='topzoo_res/Reach/kaki/kaki-0', dump_bdd=False)
Running 5Restena.gml
Policy: (Reach 108)
Initial path of nodes: [2, 10, 9, 17, 14, 13, 21, 29, 28, 36, 33, 32, 40, 48, 47, 55, 52, 51, 59, 67, 66, 74, 71, 70, 78, 86, 85, 93, 90, 89, 97, 105, 104, 112, 109, 108]
Final path of nodes: [2, 10, 18, 12, 14, 13, 21, 22, 28, 35, 34, 33, 32, 40, 41, 47, 54, 53, 52, 51, 59, 60, 66, 73, 72, 71, 70, 78, 79, 85, 92, 91, 90, 89, 97, 98, 104, 111, 110, 109, 108]
{"Initial_routing":[[2, 10], [10, 9], [9, 17], [17, 14], [14, 13], [13, 21], [21, 29], [29, 28], [28, 36], [36, 33], [33, 32], [32, 40], [40, 48], [48, 47], [47, 55], [55, 52], [52, 51], [51, 59], [59, 67], [67, 66], [66, 74], [74, 71], [71, 70], [70, 78], [78, 86], [86, 85], [85, 93], [93, 90], [90, 89], [89, 97], [97, 105], [105, 104], [104, 112], [112, 109], [109, 108]],"Final_routing":[[2, 10], [10, 18], [18, 12], [12, 14], [14, 13], [13, 21], [21, 22], [22, 28], [28, 35], [35, 34], [34, 33], [33, 32], [32, 40], [40, 41], [41, 47], [47, 54], [54, 53], [53, 52], [52, 51], [51, 59], [59, 60], [60, 66], [66, 73], [73, 72], [72, 71], [71, 70], [70, 78], [78, 79], [79, 85], [85, 92], [92, 91], [91, 90], [90, 89], [89, 97], [97, 98], [98, 104], [104, 111], [111, 110], [110, 109], [109, 108]],"Properties":{"Waypoint": { "startNode": -1, "finalNode": -1, "waypoint": []}, "LoopFreedom": { "startNode": -1},"Reachability":{"startNode":2,"finalNode":108}}}
Kaki stdout:  Version: 1.15 
 kaki/verifypn-linux64 /tmp/tmpu_wy0txd
DFA generation time: 0.012 seconds 
DFA states: 3 
DFA transitions: 54
Problem file: /tmp/tmpu_wy0txd
Switches to update: 40

Decomposed topology into 6 subproblems
Topological decomposition took 0.005 seconds
Subproblem verification time: 0.036 seconds
Subproblem verification time: 0.01 seconds
Subproblem verification time: 0.009 seconds
Subproblem verification time: 0.009 seconds
Subproblem verification time: 0.013 seconds
Subproblem verification time: 0.011 seconds
Minimum batches required: 3
[[18, 12, 22, 35, 34, 41, 54, 53, 60, 73, 72, 79, 92, 91, 98, 111, 110], [10, 28, 21, 47, 40, 66, 59, 85, 78, 104, 97], [9, 17, 29, 36, 48, 55, 67, 74, 86, 93, 105, 112]]
Total program runtime: 0.224 seconds

Kaki stderr:  
Time: 0.224
Solution: None
	Command being timed: "python3 allsynth/run.py -t kaki --GML topologies/topzoo/Restena.gml 5 --dir topzoo_res/Reach/kaki/kaki-0 --e-prop Reach --repeat 1"
	User time (seconds): 1.53
	System time (seconds): 1.19
	Percent of CPU this job got: 350%
	Elapsed (wall clock) time (h:mm:ss or m:ss): 0:00.77
	Average shared text size (kbytes): 0
	Average unshared data size (kbytes): 0
	Average stack size (kbytes): 0
	Average total size (kbytes): 0
	Maximum resident set size (kbytes): 91880
	Average resident set size (kbytes): 0
	Major (requiring I/O) page faults: 0
	Minor (reclaiming a frame) page faults: 36719
	Voluntary context switches: 3499
	Involuntary context switches: 86173
	Swaps: 0
	File system inputs: 0
	File system outputs: 24
	Socket messages sent: 0
	Socket messages received: 0
	Signals delivered: 0
	Page size (bytes): 4096
	Exit status: 0
