Namespace(tool='kaki', exper=None, gml=['topologies/topzoo/Roedunet.gml', '5'], index=None, prop='Reach', prop_file=None, op_req=None, repeat=1, reduce=False, opt=False, u=False, some=False, count=False, weight_bound=None, savedir='topzoo_res/Reach/kaki/kaki-0', dump_bdd=False)
Running 5Roedunet.gml
Policy: (Reach 251)
Initial path of nodes: [10, 22, 4, 40, 41, 43, 42, 46, 78, 79, 94, 106, 88, 124, 125, 136, 148, 130, 166, 167, 178, 190, 172, 208, 209, 220, 232, 214, 250, 251]
Final path of nodes: [10, 22, 36, 40, 41, 43, 42, 82, 78, 79, 94, 106, 120, 124, 125, 136, 148, 162, 166, 167, 178, 190, 204, 208, 209, 220, 232, 246, 250, 251]
{"Initial_routing":[[10, 22], [22, 4], [4, 40], [40, 41], [41, 43], [43, 42], [42, 46], [46, 78], [78, 79], [79, 94], [94, 106], [106, 88], [88, 124], [124, 125], [125, 136], [136, 148], [148, 130], [130, 166], [166, 167], [167, 178], [178, 190], [190, 172], [172, 208], [208, 209], [209, 220], [220, 232], [232, 214], [214, 250], [250, 251]],"Final_routing":[[10, 22], [22, 36], [36, 40], [40, 41], [41, 43], [43, 42], [42, 82], [82, 78], [78, 79], [79, 94], [94, 106], [106, 120], [120, 124], [124, 125], [125, 136], [136, 148], [148, 162], [162, 166], [166, 167], [167, 178], [178, 190], [190, 204], [204, 208], [208, 209], [209, 220], [220, 232], [232, 246], [246, 250], [250, 251]],"Properties":{"Waypoint": { "startNode": -1, "finalNode": -1, "waypoint": []}, "LoopFreedom": { "startNode": -1},"Reachability":{"startNode":10,"finalNode":251}}}
Kaki stdout:  Version: 1.15 
 kaki/verifypn-linux64 /tmp/tmpdwph0hb5
DFA generation time: 0.007 seconds 
DFA states: 3 
DFA transitions: 37
Problem file: /tmp/tmpdwph0hb5
Switches to update: 18

Decomposed topology into 6 subproblems
Topological decomposition took 0.004 seconds
Subproblem verification time: 0.032 seconds
Subproblem verification time: 0.009 seconds
Subproblem verification time: 0.009 seconds
Subproblem verification time: 0.009 seconds
Subproblem verification time: 0.009 seconds
Subproblem verification time: 0.009 seconds
Minimum batches required: 3
[[36, 82, 120, 162, 204, 246], [22, 42, 106, 148, 190, 232], [4, 46, 88, 130, 172, 214]]
Total program runtime: 0.181 seconds

Kaki stderr:  
Time: 0.181
Solution: None
	Command being timed: "python3 allsynth/run.py -t kaki --GML topologies/topzoo/Roedunet.gml 5 --dir topzoo_res/Reach/kaki/kaki-0 --e-prop Reach --repeat 1"
	User time (seconds): 1.32
	System time (seconds): 1.34
	Percent of CPU this job got: 361%
	Elapsed (wall clock) time (h:mm:ss or m:ss): 0:00.73
	Average shared text size (kbytes): 0
	Average unshared data size (kbytes): 0
	Average stack size (kbytes): 0
	Average total size (kbytes): 0
	Maximum resident set size (kbytes): 88544
	Average resident set size (kbytes): 0
	Major (requiring I/O) page faults: 0
	Minor (reclaiming a frame) page faults: 37954
	Voluntary context switches: 3167
	Involuntary context switches: 207
	Swaps: 0
	File system inputs: 0
	File system outputs: 24
	Socket messages sent: 0
	Socket messages received: 0
	Signals delivered: 0
	Page size (bytes): 4096
	Exit status: 0
