Namespace(tool='kaki', exper=None, gml=['topologies/topzoo/Sunet.gml', '5'], index=None, prop='Reach', prop_file=None, op_req=None, repeat=1, reduce=False, opt=False, u=False, some=False, count=False, weight_bound=None, savedir='topzoo_res/Reach/kaki/kaki-0', dump_bdd=False)
Running 5Sunet.gml
Policy: (Reach 148)
Initial path of nodes: [11, 12, 13, 9, 8, 5, 16, 25, 23, 22, 20, 19, 18, 37, 38, 39, 35, 34, 31, 42, 51, 49, 48, 46, 45, 44, 63, 64, 65, 61, 60, 57, 68, 77, 75, 74, 72, 71, 70, 89, 90, 91, 87, 86, 83, 94, 103, 101, 100, 98, 97, 96, 115, 116, 117, 113, 112, 109, 120, 129, 127, 126, 124, 123, 122, 141, 142, 143, 139, 138, 135, 146, 155, 153, 152, 150, 149, 148]
Final path of nodes: [11, 15, 10, 4, 0, 6, 1, 2, 24, 23, 22, 21, 19, 18, 37, 41, 36, 30, 26, 32, 27, 28, 50, 49, 48, 47, 45, 44, 63, 67, 62, 56, 52, 58, 53, 54, 76, 75, 74, 73, 71, 70, 89, 93, 88, 82, 78, 84, 79, 80, 102, 101, 100, 99, 97, 96, 115, 119, 114, 108, 104, 110, 105, 106, 128, 127, 126, 125, 123, 122, 141, 145, 140, 134, 130, 136, 131, 132, 154, 153, 152, 151, 149, 148]
{"Initial_routing":[[11, 12], [12, 13], [13, 9], [9, 8], [8, 5], [5, 16], [16, 25], [25, 23], [23, 22], [22, 20], [20, 19], [19, 18], [18, 37], [37, 38], [38, 39], [39, 35], [35, 34], [34, 31], [31, 42], [42, 51], [51, 49], [49, 48], [48, 46], [46, 45], [45, 44], [44, 63], [63, 64], [64, 65], [65, 61], [61, 60], [60, 57], [57, 68], [68, 77], [77, 75], [75, 74], [74, 72], [72, 71], [71, 70], [70, 89], [89, 90], [90, 91], [91, 87], [87, 86], [86, 83], [83, 94], [94, 103], [103, 101], [101, 100], [100, 98], [98, 97], [97, 96], [96, 115], [115, 116], [116, 117], [117, 113], [113, 112], [112, 109], [109, 120], [120, 129], [129, 127], [127, 126], [126, 124], [124, 123], [123, 122], [122, 141], [141, 142], [142, 143], [143, 139], [139, 138], [138, 135], [135, 146], [146, 155], [155, 153], [153, 152], [152, 150], [150, 149], [149, 148]],"Final_routing":[[11, 15], [15, 10], [10, 4], [4, 0], [0, 6], [6, 1], [1, 2], [2, 24], [24, 23], [23, 22], [22, 21], [21, 19], [19, 18], [18, 37], [37, 41], [41, 36], [36, 30], [30, 26], [26, 32], [32, 27], [27, 28], [28, 50], [50, 49], [49, 48], [48, 47], [47, 45], [45, 44], [44, 63], [63, 67], [67, 62], [62, 56], [56, 52], [52, 58], [58, 53], [53, 54], [54, 76], [76, 75], [75, 74], [74, 73], [73, 71], [71, 70], [70, 89], [89, 93], [93, 88], [88, 82], [82, 78], [78, 84], [84, 79], [79, 80], [80, 102], [102, 101], [101, 100], [100, 99], [99, 97], [97, 96], [96, 115], [115, 119], [119, 114], [114, 108], [108, 104], [104, 110], [110, 105], [105, 106], [106, 128], [128, 127], [127, 126], [126, 125], [125, 123], [123, 122], [122, 141], [141, 145], [145, 140], [140, 134], [134, 130], [130, 136], [136, 131], [131, 132], [132, 154], [154, 153], [153, 152], [152, 151], [151, 149], [149, 148]],"Properties":{"Waypoint": { "startNode": -1, "finalNode": -1, "waypoint": []}, "LoopFreedom": { "startNode": -1},"Reachability":{"startNode":11,"finalNode":148}}}
Kaki stdout:  Version: 1.15 
 kaki/verifypn-linux64 /tmp/tmpx61prgdr
DFA generation time: 0.011 seconds 
DFA states: 3 
DFA transitions: 133
Problem file: /tmp/tmpx61prgdr
Switches to update: 114

Decomposed topology into 12 subproblems
Topological decomposition took 0.008 seconds
Subproblem verification time: 0.032 seconds
Subproblem verification time: 0.008 seconds
Subproblem verification time: 0.009 seconds
Subproblem verification time: 0.009 seconds
Subproblem verification time: 0.009 seconds
Subproblem verification time: 0.008 seconds
Subproblem verification time: 0.013 seconds
Subproblem verification time: 0.009 seconds
Subproblem verification time: 0.009 seconds
Subproblem verification time: 0.009 seconds
Subproblem verification time: 0.009 seconds
Subproblem verification time: 0.01 seconds
Minimum batches required: 3
[[15, 10, 4, 0, 6, 1, 2, 24, 21, 41, 36, 30, 26, 32, 27, 28, 50, 47, 67, 62, 56, 52, 58, 53, 54, 76, 73, 93, 88, 82, 78, 84, 79, 80, 102, 99, 119, 114, 108, 104, 110, 105, 106, 128, 125, 145, 140, 134, 130, 136, 131, 132, 154, 151], [11, 22, 37, 48, 63, 74, 89, 100, 115, 126, 141, 152], [12, 13, 9, 8, 5, 16, 25, 20, 38, 39, 35, 34, 31, 42, 51, 46, 64, 65, 61, 60, 57, 68, 77, 72, 90, 91, 87, 86, 83, 94, 103, 98, 116, 117, 113, 112, 109, 120, 129, 124, 142, 143, 139, 138, 135, 146, 155, 150]]
Total program runtime: 0.278 seconds

Kaki stderr:  
Time: 0.278
Solution: None
	Command being timed: "python3 allsynth/run.py -t kaki --GML topologies/topzoo/Sunet.gml 5 --dir topzoo_res/Reach/kaki/kaki-0 --e-prop Reach --repeat 1"
	User time (seconds): 1.79
	System time (seconds): 1.43
	Percent of CPU this job got: 400%
	Elapsed (wall clock) time (h:mm:ss or m:ss): 0:00.80
	Average shared text size (kbytes): 0
	Average unshared data size (kbytes): 0
	Average stack size (kbytes): 0
	Average total size (kbytes): 0
	Maximum resident set size (kbytes): 111504
	Average resident set size (kbytes): 0
	Major (requiring I/O) page faults: 0
	Minor (reclaiming a frame) page faults: 54264
	Voluntary context switches: 4823
	Involuntary context switches: 279
	Swaps: 0
	File system inputs: 0
	File system outputs: 32
	Socket messages sent: 0
	Socket messages received: 0
	Signals delivered: 0
	Page size (bytes): 4096
	Exit status: 0
