Namespace(tool='kaki', exper=None, gml=['topologies/topzoo/Vinaren.gml', '5'], index=None, prop='Reach', prop_file=None, op_req=None, repeat=1, reduce=False, opt=False, u=False, some=False, count=False, weight_bound=None, savedir='topzoo_res/Reach/kaki/kaki-0', dump_bdd=False)
Running 5Vinaren.gml
Policy: (Reach 148)
Initial path of nodes: [12, 16, 2, 1, 6, 24, 23, 29, 49, 31, 26, 27, 41, 37, 62, 66, 52, 51, 56, 74, 73, 87, 91, 77, 76, 81, 99, 98, 112, 116, 102, 101, 106, 124, 123, 137, 141, 127, 126, 131, 149, 148]
Final path of nodes: [12, 16, 2, 3, 1, 6, 5, 24, 23, 29, 49, 30, 31, 26, 28, 27, 41, 37, 62, 66, 52, 53, 51, 56, 55, 74, 73, 87, 91, 77, 76, 81, 99, 98, 112, 116, 102, 103, 101, 106, 105, 124, 123, 137, 141, 127, 126, 131, 149, 148]
{"Initial_routing":[[12, 16], [16, 2], [2, 1], [1, 6], [6, 24], [24, 23], [23, 29], [29, 49], [49, 31], [31, 26], [26, 27], [27, 41], [41, 37], [37, 62], [62, 66], [66, 52], [52, 51], [51, 56], [56, 74], [74, 73], [73, 87], [87, 91], [91, 77], [77, 76], [76, 81], [81, 99], [99, 98], [98, 112], [112, 116], [116, 102], [102, 101], [101, 106], [106, 124], [124, 123], [123, 137], [137, 141], [141, 127], [127, 126], [126, 131], [131, 149], [149, 148]],"Final_routing":[[12, 16], [16, 2], [2, 3], [3, 1], [1, 6], [6, 5], [5, 24], [24, 23], [23, 29], [29, 49], [49, 30], [30, 31], [31, 26], [26, 28], [28, 27], [27, 41], [41, 37], [37, 62], [62, 66], [66, 52], [52, 53], [53, 51], [51, 56], [56, 55], [55, 74], [74, 73], [73, 87], [87, 91], [91, 77], [77, 76], [76, 81], [81, 99], [99, 98], [98, 112], [112, 116], [116, 102], [102, 103], [103, 101], [101, 106], [106, 105], [105, 124], [124, 123], [123, 137], [137, 141], [141, 127], [127, 126], [126, 131], [131, 149], [149, 148]],"Properties":{"Waypoint": { "startNode": -1, "finalNode": -1, "waypoint": []}, "LoopFreedom": { "startNode": -1},"Reachability":{"startNode":12,"finalNode":148}}}
Kaki stdout:  Version: 1.15 
 kaki/verifypn-linux64 /tmp/tmpo22rn9rh
DFA generation time: 0.007 seconds 
DFA states: 3 
DFA transitions: 51
Problem file: /tmp/tmpo22rn9rh
Switches to update: 16

Decomposed topology into 8 subproblems
Topological decomposition took 0.005 seconds
Subproblem verification time: 0.029 seconds
Subproblem verification time: 0.008 seconds
Subproblem verification time: 0.008 seconds
Subproblem verification time: 0.008 seconds
Subproblem verification time: 0.009 seconds
Subproblem verification time: 0.008 seconds
Subproblem verification time: 0.008 seconds
Subproblem verification time: 0.007 seconds
Minimum batches required: 2
[[3, 5, 30, 28, 53, 55, 103, 105], [2, 6, 49, 26, 52, 56, 102, 106]]
Total program runtime: 0.192 seconds

Kaki stderr:  
Time: 0.192
Solution: None
	Command being timed: "python3 allsynth/run.py -t kaki --GML topologies/topzoo/Vinaren.gml 5 --dir topzoo_res/Reach/kaki/kaki-0 --e-prop Reach --repeat 1"
	User time (seconds): 1.33
	System time (seconds): 1.38
	Percent of CPU this job got: 390%
	Elapsed (wall clock) time (h:mm:ss or m:ss): 0:00.69
	Average shared text size (kbytes): 0
	Average unshared data size (kbytes): 0
	Average stack size (kbytes): 0
	Average total size (kbytes): 0
	Maximum resident set size (kbytes): 89312
	Average resident set size (kbytes): 0
	Major (requiring I/O) page faults: 0
	Minor (reclaiming a frame) page faults: 41082
	Voluntary context switches: 3092
	Involuntary context switches: 166
	Swaps: 0
	File system inputs: 0
	File system outputs: 24
	Socket messages sent: 0
	Socket messages received: 0
	Signals delivered: 0
	Page size (bytes): 4096
	Exit status: 0
