Namespace(tool='BDD', exper=None, gml=['topologies/topzoo/Arnes.gml', '5'], index=None, prop='SC', prop_file=None, op_req=None, repeat=1, reduce=True, opt=False, u=False, some=False, count=False, weight_bound=None, savedir='topzoo_res/SC/reduce/BDD-1', dump_bdd=False)
Running 5Arnes.gml
Policy: (Service([44, 78, 112, 146, 180]-197) & (Reach 197))
Initial path of nodes: [10, 17, 23, 7, 30, 29, 28, 27, 44, 51, 57, 41, 64, 63, 62, 61, 78, 85, 91, 75, 98, 97, 96, 95, 112, 119, 125, 109, 132, 131, 130, 129, 146, 153, 159, 143, 166, 165, 164, 163, 180, 187, 193, 177, 200, 199, 198, 197]
Final path of nodes: [10, 17, 14, 18, 7, 30, 11, 12, 26, 27, 44, 56, 57, 38, 41, 64, 45, 46, 60, 61, 78, 90, 91, 72, 75, 98, 79, 80, 94, 95, 112, 124, 125, 106, 109, 132, 113, 114, 128, 129, 146, 158, 159, 140, 143, 166, 147, 148, 162, 163, 180, 192, 193, 174, 177, 200, 181, 182, 196, 197]
Time: 0.07726907730102539
Solution: non-empty
	Command being timed: "python3 allsynth/run.py -t BDD --GML topologies/topzoo/Arnes.gml 5 --dir topzoo_res/SC/reduce/BDD-1 --e-prop SC --repeat 1 --reduce"
	User time (seconds): 0.95
	System time (seconds): 1.34
	Percent of CPU this job got: 331%
	Elapsed (wall clock) time (h:mm:ss or m:ss): 0:00.69
	Average shared text size (kbytes): 0
	Average unshared data size (kbytes): 0
	Average stack size (kbytes): 0
	Average total size (kbytes): 0
	Maximum resident set size (kbytes): 88660
	Average resident set size (kbytes): 0
	Major (requiring I/O) page faults: 0
	Minor (reclaiming a frame) page faults: 14350
	Voluntary context switches: 24
	Involuntary context switches: 110
	Swaps: 0
	File system inputs: 0
	File system outputs: 24
	Socket messages sent: 0
	Socket messages received: 0
	Signals delivered: 0
	Page size (bytes): 4096
	Exit status: 0
