Namespace(tool='BDD', exper=None, gml=['topologies/topzoo/Arpanet19728.gml', '5'], index=None, prop='SC', prop_file=None, op_req=None, repeat=1, reduce=True, opt=False, u=False, some=False, count=False, weight_bound=None, savedir='topzoo_res/SC/reduce/BDD-1', dump_bdd=False)
Running 5Arpanet19728.gml
Policy: (Service([84, 146]-171) & (Reach 171))
Initial path of nodes: [1, 16, 17, 2, 3, 11, 27, 28, 0, 26, 30, 45, 46, 31, 32, 40, 56, 57, 29, 55, 59, 74, 75, 60, 61, 69, 85, 86, 58, 84, 88, 103, 104, 89, 90, 98, 114, 115, 87, 113, 117, 132, 133, 118, 119, 127, 143, 144, 116, 142, 146, 161, 162, 147, 148, 156, 172, 173, 145, 171]
Final path of nodes: [1, 10, 4, 8, 13, 23, 22, 21, 12, 26, 30, 39, 33, 37, 42, 52, 51, 50, 41, 55, 59, 68, 62, 66, 71, 81, 80, 79, 70, 84, 88, 97, 91, 95, 100, 110, 109, 108, 99, 113, 117, 126, 120, 124, 129, 139, 138, 137, 128, 142, 146, 155, 149, 153, 158, 168, 167, 166, 157, 171]
Time: 0.014926671981811523
Solution: non-empty
	Command being timed: "python3 allsynth/run.py -t BDD --GML topologies/topzoo/Arpanet19728.gml 5 --dir topzoo_res/SC/reduce/BDD-1 --e-prop SC --repeat 1 --reduce"
	User time (seconds): 0.92
	System time (seconds): 1.30
	Percent of CPU this job got: 359%
	Elapsed (wall clock) time (h:mm:ss or m:ss): 0:00.62
	Average shared text size (kbytes): 0
	Average unshared data size (kbytes): 0
	Average stack size (kbytes): 0
	Average total size (kbytes): 0
	Maximum resident set size (kbytes): 87836
	Average resident set size (kbytes): 0
	Major (requiring I/O) page faults: 0
	Minor (reclaiming a frame) page faults: 14147
	Voluntary context switches: 27
	Involuntary context switches: 52
	Swaps: 0
	File system inputs: 0
	File system outputs: 24
	Socket messages sent: 0
	Socket messages received: 0
	Signals delivered: 0
	Page size (bytes): 4096
	Exit status: 0
