Namespace(tool='BDD', exper=None, gml=['topologies/topzoo/AsnetAm.gml', '5'], index=None, prop='SC', prop_file=None, op_req=None, repeat=1, reduce=True, opt=False, u=False, some=False, count=False, weight_bound=None, savedir='topzoo_res/SC/reduce/BDD-1', dump_bdd=False)
Running 5AsnetAm.gml
Policy: (Service([58, 72, 157, 226, 253, 267, 333]-383) & (Reach 383))
Initial path of nodes: [32, 31, 27, 8, 7, 22, 54, 57, 58, 97, 96, 92, 73, 72, 87, 119, 122, 123, 162, 161, 157, 138, 137, 152, 184, 187, 188, 227, 226, 222, 203, 202, 217, 249, 252, 253, 292, 291, 287, 268, 267, 282, 314, 317, 318, 357, 356, 352, 333, 332, 347, 379, 382, 383]
Final path of nodes: [32, 31, 27, 8, 7, 56, 60, 59, 58, 97, 96, 92, 73, 90, 87, 72, 121, 125, 124, 123, 162, 161, 157, 138, 137, 186, 190, 189, 188, 227, 226, 222, 203, 220, 217, 202, 251, 255, 254, 253, 292, 291, 287, 268, 267, 316, 320, 319, 318, 357, 356, 352, 333, 350, 347, 332, 381, 385, 384, 383]
Time: 0.07851433753967285
Solution: non-empty
	Command being timed: "python3 allsynth/run.py -t BDD --GML topologies/topzoo/AsnetAm.gml 5 --dir topzoo_res/SC/reduce/BDD-1 --e-prop SC --repeat 1 --reduce"
	User time (seconds): 1.05
	System time (seconds): 1.34
	Percent of CPU this job got: 303%
	Elapsed (wall clock) time (h:mm:ss or m:ss): 0:00.78
	Average shared text size (kbytes): 0
	Average unshared data size (kbytes): 0
	Average stack size (kbytes): 0
	Average total size (kbytes): 0
	Maximum resident set size (kbytes): 93040
	Average resident set size (kbytes): 0
	Major (requiring I/O) page faults: 0
	Minor (reclaiming a frame) page faults: 14476
	Voluntary context switches: 38
	Involuntary context switches: 56
	Swaps: 0
	File system inputs: 0
	File system outputs: 24
	Socket messages sent: 0
	Socket messages received: 0
	Signals delivered: 0
	Page size (bytes): 4096
	Exit status: 0
