Namespace(tool='BDD', exper=None, gml=['topologies/topzoo/Atmnet.gml', '5'], index=None, prop='SC', prop_file=None, op_req=None, repeat=1, reduce=True, opt=False, u=False, some=False, count=False, weight_bound=None, savedir='topzoo_res/SC/reduce/BDD-1', dump_bdd=False)
Running 5Atmnet.gml
Policy: (Service([57, 110]-120) & (Reach 120))
Initial path of nodes: [5, 4, 7, 6, 12, 2, 3, 0, 14, 15, 25, 28, 27, 33, 23, 24, 21, 35, 36, 31, 47, 46, 49, 48, 54, 44, 45, 42, 56, 57, 68, 67, 70, 69, 75, 65, 66, 63, 77, 78, 89, 88, 91, 90, 96, 86, 87, 84, 98, 99, 110, 109, 112, 111, 117, 107, 108, 105, 119, 120]
Final path of nodes: [5, 8, 9, 16, 11, 20, 19, 18, 17, 10, 15, 25, 26, 29, 30, 37, 32, 41, 40, 39, 38, 31, 47, 50, 51, 58, 53, 62, 61, 60, 59, 52, 57, 68, 71, 72, 79, 74, 83, 82, 81, 80, 73, 78, 89, 92, 93, 100, 95, 104, 103, 102, 101, 94, 99, 110, 113, 114, 121, 116, 125, 124, 123, 122, 115, 120]
Time: 0.01761484146118164
Solution: non-empty
	Command being timed: "python3 allsynth/run.py -t BDD --GML topologies/topzoo/Atmnet.gml 5 --dir topzoo_res/SC/reduce/BDD-1 --e-prop SC --repeat 1 --reduce"
	User time (seconds): 0.91
	System time (seconds): 1.28
	Percent of CPU this job got: 373%
	Elapsed (wall clock) time (h:mm:ss or m:ss): 0:00.58
	Average shared text size (kbytes): 0
	Average unshared data size (kbytes): 0
	Average stack size (kbytes): 0
	Average total size (kbytes): 0
	Maximum resident set size (kbytes): 87704
	Average resident set size (kbytes): 0
	Major (requiring I/O) page faults: 0
	Minor (reclaiming a frame) page faults: 14062
	Voluntary context switches: 27
	Involuntary context switches: 45
	Swaps: 0
	File system inputs: 0
	File system outputs: 24
	Socket messages sent: 0
	Socket messages received: 0
	Signals delivered: 0
	Page size (bytes): 4096
	Exit status: 0
