Namespace(tool='BDD', exper=None, gml=['topologies/topzoo/Belnet2008.gml', '5'], index=None, prop='SC', prop_file=None, op_req=None, repeat=1, reduce=True, opt=False, u=False, some=False, count=False, weight_bound=None, savedir='topzoo_res/SC/reduce/BDD-1', dump_bdd=False)
Running 5Belnet2008.gml
Policy: (Service([35, 73, 91, 111]-120) & (Reach 120))
Initial path of nodes: [10, 20, 19, 7, 6, 17, 16, 15, 23, 24, 21, 27, 38, 37, 36, 35, 52, 62, 61, 49, 48, 59, 58, 57, 73, 83, 82, 70, 69, 80, 79, 78, 94, 104, 103, 91, 90, 101, 100, 99, 115, 125, 124, 112, 111, 122, 121, 120]
Final path of nodes: [10, 11, 2, 3, 0, 6, 7, 18, 13, 14, 15, 23, 32, 31, 41, 40, 28, 39, 34, 35, 52, 53, 44, 45, 42, 48, 49, 60, 55, 56, 57, 73, 74, 65, 66, 63, 69, 70, 81, 76, 77, 78, 94, 95, 86, 87, 84, 90, 91, 102, 97, 98, 99, 115, 116, 107, 108, 105, 111, 112, 123, 118, 119, 120]
Time: 0.1364881992340088
Solution: non-empty
	Command being timed: "python3 allsynth/run.py -t BDD --GML topologies/topzoo/Belnet2008.gml 5 --dir topzoo_res/SC/reduce/BDD-1 --e-prop SC --repeat 1 --reduce"
	User time (seconds): 1.00
	System time (seconds): 1.32
	Percent of CPU this job got: 323%
	Elapsed (wall clock) time (h:mm:ss or m:ss): 0:00.71
	Average shared text size (kbytes): 0
	Average unshared data size (kbytes): 0
	Average stack size (kbytes): 0
	Average total size (kbytes): 0
	Maximum resident set size (kbytes): 87884
	Average resident set size (kbytes): 0
	Major (requiring I/O) page faults: 0
	Minor (reclaiming a frame) page faults: 14362
	Voluntary context switches: 23
	Involuntary context switches: 63
	Swaps: 0
	File system inputs: 0
	File system outputs: 24
	Socket messages sent: 0
	Socket messages received: 0
	Signals delivered: 0
	Page size (bytes): 4096
	Exit status: 0
