Namespace(tool='BDD', exper=None, gml=['topologies/topzoo/Dfn.gml', '5'], index=None, prop='SC', prop_file=None, op_req=None, repeat=1, reduce=True, opt=False, u=False, some=False, count=False, weight_bound=None, savedir='topzoo_res/SC/reduce/BDD-1', dump_bdd=False)
Running 5Dfn.gml
Policy: (Service([154, 231, 342]-347) & (Reach 347))
Initial path of nodes: [38, 18, 19, 51, 52, 48, 57, 58, 59, 111, 108, 102, 97, 96, 154, 134, 135, 167, 168, 164, 173, 212, 192, 193, 225, 226, 222, 231, 270, 250, 251, 283, 284, 280, 289, 328, 308, 309, 341, 342, 338, 347]
Final path of nodes: [38, 39, 44, 50, 52, 56, 57, 58, 61, 110, 109, 77, 76, 96, 154, 155, 160, 166, 168, 172, 173, 212, 213, 218, 224, 226, 230, 231, 270, 271, 276, 282, 284, 288, 289, 328, 329, 334, 340, 342, 346, 347]
Time: 0.024909257888793945
Solution: non-empty
	Command being timed: "python3 allsynth/run.py -t BDD --GML topologies/topzoo/Dfn.gml 5 --dir topzoo_res/SC/reduce/BDD-1 --e-prop SC --repeat 1 --reduce"
	User time (seconds): 1.05
	System time (seconds): 1.26
	Percent of CPU this job got: 323%
	Elapsed (wall clock) time (h:mm:ss or m:ss): 0:00.71
	Average shared text size (kbytes): 0
	Average unshared data size (kbytes): 0
	Average stack size (kbytes): 0
	Average total size (kbytes): 0
	Maximum resident set size (kbytes): 89416
	Average resident set size (kbytes): 0
	Major (requiring I/O) page faults: 0
	Minor (reclaiming a frame) page faults: 14402
	Voluntary context switches: 28
	Involuntary context switches: 385
	Swaps: 0
	File system inputs: 0
	File system outputs: 24
	Socket messages sent: 0
	Socket messages received: 0
	Signals delivered: 0
	Page size (bytes): 4096
	Exit status: 0
