Namespace(tool='BDD', exper=None, gml=['topologies/topzoo/Garr201111.gml', '5'], index=None, prop='SC', prop_file=None, op_req=None, repeat=1, reduce=True, opt=False, u=False, some=False, count=False, weight_bound=None, savedir='topzoo_res/SC/reduce/BDD-1', dump_bdd=False)
Running 5Garr201111.gml
Policy: (Service([31, 74, 142, 152, 213, 261, 308, 331]-332) & (Reach 332))
Initial path of nodes: [8, 22, 21, 10, 54, 14, 33, 31, 32, 68, 82, 81, 70, 114, 74, 93, 91, 92, 128, 142, 141, 130, 174, 134, 153, 151, 152, 188, 202, 201, 190, 234, 194, 213, 211, 212, 248, 262, 261, 250, 294, 254, 273, 271, 272, 308, 322, 321, 310, 354, 314, 333, 331, 332]
Final path of nodes: [8, 22, 21, 18, 48, 14, 33, 31, 32, 68, 82, 81, 78, 108, 74, 94, 93, 91, 92, 128, 142, 141, 138, 168, 134, 153, 151, 152, 188, 202, 201, 198, 228, 194, 214, 213, 211, 212, 248, 262, 261, 258, 288, 254, 273, 271, 272, 308, 322, 321, 318, 348, 314, 334, 333, 331, 332]
Time: 0.03683733940124512
Solution: non-empty
	Command being timed: "python3 allsynth/run.py -t BDD --GML topologies/topzoo/Garr201111.gml 5 --dir topzoo_res/SC/reduce/BDD-1 --e-prop SC --repeat 1 --reduce"
	User time (seconds): 1.03
	System time (seconds): 1.31
	Percent of CPU this job got: 317%
	Elapsed (wall clock) time (h:mm:ss or m:ss): 0:00.74
	Average shared text size (kbytes): 0
	Average unshared data size (kbytes): 0
	Average stack size (kbytes): 0
	Average total size (kbytes): 0
	Maximum resident set size (kbytes): 89144
	Average resident set size (kbytes): 0
	Major (requiring I/O) page faults: 0
	Minor (reclaiming a frame) page faults: 14441
	Voluntary context switches: 29
	Involuntary context switches: 46
	Swaps: 0
	File system inputs: 0
	File system outputs: 24
	Socket messages sent: 0
	Socket messages received: 0
	Signals delivered: 0
	Page size (bytes): 4096
	Exit status: 0
