Namespace(tool='BDD', exper=None, gml=['topologies/topzoo/Geant2001.gml', '5'], index=None, prop='SC', prop_file=None, op_req=None, repeat=1, reduce=True, opt=False, u=False, some=False, count=False, weight_bound=None, savedir='topzoo_res/SC/reduce/BDD-1', dump_bdd=False)
Running 5Geant2001.gml
Policy: (Service([31, 64, 91, 116, 143]-149) & (Reach 149))
Initial path of nodes: [10, 8, 9, 1, 2, 20, 14, 31, 34, 29, 28, 36, 35, 37, 64, 62, 63, 55, 56, 74, 68, 91, 89, 90, 82, 83, 101, 95, 118, 116, 117, 109, 110, 128, 122, 145, 143, 144, 136, 137, 155, 149]
Final path of nodes: [10, 8, 9, 3, 16, 20, 14, 31, 34, 33, 30, 36, 35, 37, 64, 62, 63, 57, 70, 74, 68, 91, 89, 86, 81, 106, 102, 101, 95, 118, 116, 117, 111, 124, 128, 122, 145, 143, 140, 135, 160, 156, 155, 149]
Time: 0.014200925827026367
Solution: non-empty
	Command being timed: "python3 allsynth/run.py -t BDD --GML topologies/topzoo/Geant2001.gml 5 --dir topzoo_res/SC/reduce/BDD-1 --e-prop SC --repeat 1 --reduce"
	User time (seconds): 0.88
	System time (seconds): 1.32
	Percent of CPU this job got: 363%
	Elapsed (wall clock) time (h:mm:ss or m:ss): 0:00.61
	Average shared text size (kbytes): 0
	Average unshared data size (kbytes): 0
	Average stack size (kbytes): 0
	Average total size (kbytes): 0
	Maximum resident set size (kbytes): 88280
	Average resident set size (kbytes): 0
	Major (requiring I/O) page faults: 0
	Minor (reclaiming a frame) page faults: 14145
	Voluntary context switches: 25
	Involuntary context switches: 361
	Swaps: 0
	File system inputs: 0
	File system outputs: 24
	Socket messages sent: 0
	Socket messages received: 0
	Signals delivered: 0
	Page size (bytes): 4096
	Exit status: 0
