Namespace(tool='BDD', exper=None, gml=['topologies/topzoo/Harnet.gml', '5'], index=None, prop='SC', prop_file=None, op_req=None, repeat=1, reduce=True, opt=False, u=False, some=False, count=False, weight_bound=None, savedir='topzoo_res/SC/reduce/BDD-1', dump_bdd=False)
Running 5Harnet.gml
Policy: (Service([23, 57, 83, 105]-125) & (Reach 125))
Initial path of nodes: [0, 2, 15, 16, 18, 20, 21, 23, 36, 37, 39, 41, 42, 44, 57, 58, 60, 62, 63, 65, 78, 79, 81, 83, 84, 86, 99, 100, 102, 104, 105, 107, 120, 121, 123, 125]
Final path of nodes: [0, 2, 15, 17, 19, 20, 21, 23, 36, 38, 40, 41, 42, 44, 57, 59, 61, 62, 63, 65, 78, 80, 82, 83, 84, 86, 99, 101, 103, 104, 105, 107, 120, 122, 124, 125]
Time: 0.011990547180175781
Solution: non-empty
	Command being timed: "python3 allsynth/run.py -t BDD --GML topologies/topzoo/Harnet.gml 5 --dir topzoo_res/SC/reduce/BDD-1 --e-prop SC --repeat 1 --reduce"
	User time (seconds): 0.94
	System time (seconds): 1.23
	Percent of CPU this job got: 348%
	Elapsed (wall clock) time (h:mm:ss or m:ss): 0:00.62
	Average shared text size (kbytes): 0
	Average unshared data size (kbytes): 0
	Average stack size (kbytes): 0
	Average total size (kbytes): 0
	Maximum resident set size (kbytes): 87636
	Average resident set size (kbytes): 0
	Major (requiring I/O) page faults: 0
	Minor (reclaiming a frame) page faults: 14008
	Voluntary context switches: 24
	Involuntary context switches: 81
	Swaps: 0
	File system inputs: 0
	File system outputs: 24
	Socket messages sent: 0
	Socket messages received: 0
	Signals delivered: 0
	Page size (bytes): 4096
	Exit status: 0
