Namespace(tool='BDD', exper=None, gml=['topologies/topzoo/HiberniaGlobal.gml', '5'], index=None, prop='SC', prop_file=None, op_req=None, repeat=1, reduce=True, opt=False, u=False, some=False, count=False, weight_bound=None, savedir='topzoo_res/SC/reduce/BDD-1', dump_bdd=False)
Running 5HiberniaGlobal.gml
Policy: (Service([41, 58, 65, 148, 166, 181, 251, 250, 316]-305) & (Reach 305))
Initial path of nodes: [1, 3, 0, 25, 31, 6, 13, 38, 41, 24, 16, 10, 19, 20, 21, 22, 30, 56, 58, 55, 80, 86, 61, 68, 93, 96, 79, 71, 65, 74, 75, 76, 77, 85, 111, 113, 110, 135, 141, 116, 123, 148, 151, 134, 126, 120, 129, 130, 131, 132, 140, 166, 168, 165, 190, 196, 171, 178, 203, 206, 189, 181, 175, 184, 185, 186, 187, 195, 221, 223, 220, 245, 251, 226, 233, 258, 261, 244, 236, 230, 239, 240, 241, 242, 250, 276, 278, 275, 300, 306, 281, 288, 313, 316, 299, 291, 285, 294, 295, 296, 297, 305]
Final path of nodes: [1, 3, 2, 25, 31, 5, 4, 9, 38, 41, 35, 16, 17, 18, 19, 11, 14, 15, 28, 27, 30, 56, 58, 57, 100, 108, 105, 68, 93, 96, 90, 71, 65, 66, 69, 70, 83, 82, 85, 111, 156, 112, 135, 141, 115, 114, 119, 148, 151, 145, 126, 127, 128, 129, 121, 124, 125, 138, 137, 140, 166, 168, 167, 210, 218, 215, 178, 203, 206, 200, 181, 175, 176, 179, 180, 193, 192, 195, 221, 266, 222, 245, 251, 225, 224, 229, 258, 261, 255, 236, 237, 238, 239, 231, 234, 235, 248, 247, 250, 276, 278, 277, 320, 328, 325, 288, 313, 316, 310, 291, 285, 286, 289, 290, 303, 302, 305]
Time: 0.2514309883117676
Solution: non-empty
	Command being timed: "python3 allsynth/run.py -t BDD --GML topologies/topzoo/HiberniaGlobal.gml 5 --dir topzoo_res/SC/reduce/BDD-1 --e-prop SC --repeat 1 --reduce"
	User time (seconds): 1.13
	System time (seconds): 1.41
	Percent of CPU this job got: 270%
	Elapsed (wall clock) time (h:mm:ss or m:ss): 0:00.94
	Average shared text size (kbytes): 0
	Average unshared data size (kbytes): 0
	Average stack size (kbytes): 0
	Average total size (kbytes): 0
	Maximum resident set size (kbytes): 91376
	Average resident set size (kbytes): 0
	Major (requiring I/O) page faults: 0
	Minor (reclaiming a frame) page faults: 14930
	Voluntary context switches: 33
	Involuntary context switches: 368
	Swaps: 0
	File system inputs: 0
	File system outputs: 24
	Socket messages sent: 0
	Socket messages received: 0
	Signals delivered: 0
	Page size (bytes): 4096
	Exit status: 0
