Namespace(tool='BDD', exper=None, gml=['topologies/topzoo/Ibm.gml', '5'], index=None, prop='SC', prop_file=None, op_req=None, repeat=1, reduce=True, opt=False, u=False, some=False, count=False, weight_bound=None, savedir='topzoo_res/SC/reduce/BDD-1', dump_bdd=False)
Running 5Ibm.gml
Policy: (Service([31, 72]-103) & (Reach 103))
Initial path of nodes: [0, 3, 2, 9, 17, 14, 13, 18, 21, 20, 27, 35, 32, 31, 36, 39, 38, 45, 53, 50, 49, 54, 57, 56, 63, 71, 68, 67, 72, 75, 74, 81, 89, 86, 85, 90, 93, 92, 99, 107, 104, 103]
Final path of nodes: [0, 3, 2, 4, 8, 12, 13, 18, 25, 24, 22, 26, 30, 31, 36, 43, 42, 40, 44, 48, 49, 54, 61, 60, 58, 62, 66, 67, 72, 79, 78, 76, 80, 84, 85, 90, 97, 96, 94, 98, 102, 103]
Time: 0.011503458023071289
Solution: non-empty
	Command being timed: "python3 allsynth/run.py -t BDD --GML topologies/topzoo/Ibm.gml 5 --dir topzoo_res/SC/reduce/BDD-1 --e-prop SC --repeat 1 --reduce"
	User time (seconds): 0.86
	System time (seconds): 1.27
	Percent of CPU this job got: 358%
	Elapsed (wall clock) time (h:mm:ss or m:ss): 0:00.59
	Average shared text size (kbytes): 0
	Average unshared data size (kbytes): 0
	Average stack size (kbytes): 0
	Average total size (kbytes): 0
	Maximum resident set size (kbytes): 87556
	Average resident set size (kbytes): 0
	Major (requiring I/O) page faults: 0
	Minor (reclaiming a frame) page faults: 14018
	Voluntary context switches: 26
	Involuntary context switches: 145
	Swaps: 0
	File system inputs: 0
	File system outputs: 24
	Socket messages sent: 0
	Socket messages received: 0
	Signals delivered: 0
	Page size (bytes): 4096
	Exit status: 0
