Namespace(tool='BDD', exper=None, gml=['topologies/topzoo/Intellifiber.gml', '5'], index=None, prop='SC', prop_file=None, op_req=None, repeat=1, reduce=True, opt=False, u=False, some=False, count=False, weight_bound=None, savedir='topzoo_res/SC/reduce/BDD-1', dump_bdd=False)
Running 5Intellifiber.gml
Policy: (Service([29, 96, 211, 175, 225, 358, 361, 389]-434) & (Reach 434))
Initial path of nodes: [65, 66, 2, 3, 0, 1, 6, 4, 41, 44, 16, 23, 24, 9, 29, 69, 81, 99, 134, 97, 96, 89, 90, 115, 78, 79, 74, 73, 76, 75, 139, 138, 211, 212, 148, 149, 146, 147, 152, 150, 187, 190, 162, 169, 170, 155, 175, 215, 284, 285, 221, 222, 219, 220, 225, 223, 260, 263, 235, 242, 243, 228, 248, 288, 357, 358, 294, 295, 292, 293, 298, 296, 333, 336, 308, 315, 316, 301, 321, 361, 430, 431, 367, 368, 365, 366, 371, 369, 406, 409, 381, 388, 389, 374, 394, 434]
Final path of nodes: [65, 66, 67, 68, 70, 71, 1, 6, 10, 55, 21, 22, 25, 24, 61, 26, 29, 69, 81, 99, 102, 82, 97, 96, 92, 126, 128, 83, 79, 74, 144, 143, 141, 140, 139, 138, 211, 212, 213, 214, 216, 217, 147, 152, 156, 201, 167, 168, 171, 170, 207, 172, 175, 215, 284, 285, 286, 287, 289, 290, 220, 225, 229, 274, 240, 241, 244, 243, 280, 245, 248, 288, 357, 358, 359, 360, 362, 363, 293, 298, 302, 347, 313, 314, 317, 316, 353, 318, 321, 361, 430, 431, 432, 433, 435, 436, 366, 371, 375, 420, 386, 387, 390, 389, 426, 391, 394, 434]
Time: 0.1752157211303711
Solution: non-empty
	Command being timed: "python3 allsynth/run.py -t BDD --GML topologies/topzoo/Intellifiber.gml 5 --dir topzoo_res/SC/reduce/BDD-1 --e-prop SC --repeat 1 --reduce"
	User time (seconds): 1.16
	System time (seconds): 1.38
	Percent of CPU this job got: 269%
	Elapsed (wall clock) time (h:mm:ss or m:ss): 0:00.94
	Average shared text size (kbytes): 0
	Average unshared data size (kbytes): 0
	Average stack size (kbytes): 0
	Average total size (kbytes): 0
	Maximum resident set size (kbytes): 88976
	Average resident set size (kbytes): 0
	Major (requiring I/O) page faults: 0
	Minor (reclaiming a frame) page faults: 14738
	Voluntary context switches: 27
	Involuntary context switches: 51
	Swaps: 0
	File system inputs: 0
	File system outputs: 24
	Socket messages sent: 0
	Socket messages received: 0
	Signals delivered: 0
	Page size (bytes): 4096
	Exit status: 0
