Namespace(tool='BDD', exper=None, gml=['topologies/topzoo/Karen.gml', '5'], index=None, prop='SC', prop_file=None, op_req=None, repeat=1, reduce=True, opt=False, u=False, some=False, count=False, weight_bound=None, savedir='topzoo_res/SC/reduce/BDD-1', dump_bdd=False)
Running 5Karen.gml
Policy: (Service([29, 50, 97, 118]-143) & (Reach 143))
Initial path of nodes: [4, 1, 0, 2, 14, 21, 22, 18, 29, 26, 25, 27, 39, 46, 47, 43, 54, 51, 50, 52, 64, 71, 72, 68, 79, 76, 75, 77, 89, 96, 97, 93, 104, 101, 100, 102, 114, 121, 122, 118, 129, 126, 125, 127, 139, 146, 147, 143]
Final path of nodes: [4, 1, 0, 3, 24, 23, 22, 18, 29, 30, 25, 28, 49, 48, 47, 43, 54, 55, 50, 53, 74, 73, 72, 68, 79, 80, 75, 78, 99, 98, 97, 93, 104, 105, 100, 103, 124, 123, 122, 118, 129, 130, 125, 128, 149, 148, 147, 143]
Time: 0.030771493911743164
Solution: non-empty
	Command being timed: "python3 allsynth/run.py -t BDD --GML topologies/topzoo/Karen.gml 5 --dir topzoo_res/SC/reduce/BDD-1 --e-prop SC --repeat 1 --reduce"
	User time (seconds): 0.98
	System time (seconds): 1.24
	Percent of CPU this job got: 356%
	Elapsed (wall clock) time (h:mm:ss or m:ss): 0:00.62
	Average shared text size (kbytes): 0
	Average unshared data size (kbytes): 0
	Average stack size (kbytes): 0
	Average total size (kbytes): 0
	Maximum resident set size (kbytes): 87824
	Average resident set size (kbytes): 0
	Major (requiring I/O) page faults: 0
	Minor (reclaiming a frame) page faults: 14090
	Voluntary context switches: 23
	Involuntary context switches: 54
	Swaps: 0
	File system inputs: 0
	File system outputs: 24
	Socket messages sent: 0
	Socket messages received: 0
	Signals delivered: 0
	Page size (bytes): 4096
	Exit status: 0
