Namespace(tool='BDD', exper=None, gml=['topologies/topzoo/PionierL1.gml', '5'], index=None, prop='SC', prop_file=None, op_req=None, repeat=1, reduce=True, opt=False, u=False, some=False, count=False, weight_bound=None, savedir='topzoo_res/SC/reduce/BDD-1', dump_bdd=False)
Running 5PionierL1.gml
Policy: (Service([63, 90, 133, 182]-205) & (Reach 205))
Initial path of nodes: [2, 27, 3, 0, 6, 4, 5, 8, 20, 19, 18, 25, 38, 63, 39, 36, 42, 40, 41, 44, 56, 55, 54, 61, 74, 99, 75, 72, 78, 76, 77, 80, 92, 91, 90, 97, 110, 135, 111, 108, 114, 112, 113, 116, 128, 127, 126, 133, 146, 171, 147, 144, 150, 148, 149, 152, 164, 163, 162, 169, 182, 207, 183, 180, 186, 184, 185, 188, 200, 199, 198, 205]
Final path of nodes: [2, 27, 28, 26, 35, 34, 9, 21, 11, 12, 17, 22, 24, 18, 25, 38, 63, 64, 62, 71, 70, 45, 57, 47, 48, 53, 58, 60, 54, 61, 74, 99, 100, 98, 107, 106, 81, 93, 83, 84, 89, 94, 96, 90, 97, 110, 135, 136, 134, 143, 142, 117, 129, 119, 120, 125, 130, 132, 126, 133, 146, 171, 172, 170, 179, 178, 153, 165, 155, 156, 161, 166, 168, 162, 169, 182, 207, 208, 206, 215, 214, 189, 201, 191, 192, 197, 202, 204, 198, 205]
Time: 0.031037092208862305
Solution: non-empty
	Command being timed: "python3 allsynth/run.py -t BDD --GML topologies/topzoo/PionierL1.gml 5 --dir topzoo_res/SC/reduce/BDD-1 --e-prop SC --repeat 1 --reduce"
	User time (seconds): 0.90
	System time (seconds): 1.33
	Percent of CPU this job got: 356%
	Elapsed (wall clock) time (h:mm:ss or m:ss): 0:00.62
	Average shared text size (kbytes): 0
	Average unshared data size (kbytes): 0
	Average stack size (kbytes): 0
	Average total size (kbytes): 0
	Maximum resident set size (kbytes): 88224
	Average resident set size (kbytes): 0
	Major (requiring I/O) page faults: 0
	Minor (reclaiming a frame) page faults: 14280
	Voluntary context switches: 26
	Involuntary context switches: 45
	Swaps: 0
	File system inputs: 0
	File system outputs: 24
	Socket messages sent: 0
	Socket messages received: 0
	Signals delivered: 0
	Page size (bytes): 4096
	Exit status: 0
