Namespace(tool='BDD', exper=None, gml=['topologies/topzoo/PionierL3.gml', '5'], index=None, prop='SC', prop_file=None, op_req=None, repeat=1, reduce=True, opt=False, u=False, some=False, count=False, weight_bound=None, savedir='topzoo_res/SC/reduce/BDD-1', dump_bdd=False)
Running 5PionierL3.gml
Policy: (Service([57, 81, 133, 157, 209]-227) & (Reach 227))
Initial path of nodes: [5, 19, 4, 7, 1, 0, 3, 11, 28, 10, 37, 43, 57, 42, 45, 39, 38, 41, 49, 66, 48, 75, 81, 95, 80, 83, 77, 76, 79, 87, 104, 86, 113, 119, 133, 118, 121, 115, 114, 117, 125, 142, 124, 151, 157, 171, 156, 159, 153, 152, 155, 163, 180, 162, 189, 195, 209, 194, 197, 191, 190, 193, 201, 218, 200, 227]
Final path of nodes: [5, 19, 8, 23, 18, 27, 20, 6, 34, 35, 36, 30, 10, 37, 43, 57, 46, 61, 47, 39, 38, 72, 73, 74, 68, 48, 75, 81, 95, 84, 99, 94, 103, 96, 82, 110, 111, 112, 106, 86, 113, 119, 133, 122, 137, 123, 115, 114, 148, 149, 150, 144, 124, 151, 157, 171, 160, 175, 170, 179, 172, 158, 186, 187, 188, 182, 162, 189, 195, 209, 198, 213, 199, 191, 190, 224, 225, 226, 220, 200, 227]
Time: 0.06270909309387207
Solution: non-empty
	Command being timed: "python3 allsynth/run.py -t BDD --GML topologies/topzoo/PionierL3.gml 5 --dir topzoo_res/SC/reduce/BDD-1 --e-prop SC --repeat 1 --reduce"
	User time (seconds): 0.93
	System time (seconds): 1.36
	Percent of CPU this job got: 334%
	Elapsed (wall clock) time (h:mm:ss or m:ss): 0:00.68
	Average shared text size (kbytes): 0
	Average unshared data size (kbytes): 0
	Average stack size (kbytes): 0
	Average total size (kbytes): 0
	Maximum resident set size (kbytes): 88504
	Average resident set size (kbytes): 0
	Major (requiring I/O) page faults: 0
	Minor (reclaiming a frame) page faults: 14367
	Voluntary context switches: 26
	Involuntary context switches: 67
	Swaps: 0
	File system inputs: 0
	File system outputs: 24
	Socket messages sent: 0
	Socket messages received: 0
	Signals delivered: 0
	Page size (bytes): 4096
	Exit status: 0
