Namespace(tool='BDD', exper=None, gml=['topologies/topzoo/Surfnet.gml', '5'], index=None, prop='SC', prop_file=None, op_req=None, repeat=1, reduce=True, opt=False, u=False, some=False, count=False, weight_bound=None, savedir='topzoo_res/SC/reduce/BDD-1', dump_bdd=False)
Running 5Surfnet.gml
Policy: (Service([41, 91, 141, 191, 241, 291]-291) & (Reach 291))
Initial path of nodes: [21, 20, 26, 27, 24, 19, 30, 8, 1, 3, 2, 41, 71, 70, 76, 77, 74, 69, 80, 58, 51, 53, 52, 91, 121, 120, 126, 127, 124, 119, 130, 108, 101, 103, 102, 141, 171, 170, 176, 177, 174, 169, 180, 158, 151, 153, 152, 191, 221, 220, 226, 227, 224, 219, 230, 208, 201, 203, 202, 241, 271, 270, 276, 277, 274, 269, 280, 258, 251, 253, 252, 291]
Final path of nodes: [21, 20, 26, 27, 25, 37, 38, 8, 47, 48, 49, 40, 41, 71, 78, 79, 76, 77, 75, 87, 88, 58, 97, 98, 99, 90, 91, 121, 128, 129, 126, 127, 125, 137, 138, 108, 147, 148, 149, 140, 141, 171, 178, 179, 176, 177, 175, 187, 188, 158, 197, 198, 199, 190, 191, 221, 228, 229, 226, 227, 225, 237, 238, 208, 247, 248, 249, 240, 241, 271, 278, 279, 276, 277, 275, 287, 288, 258, 297, 298, 299, 290, 291]
Time: 0.09269547462463379
Solution: non-empty
	Command being timed: "python3 allsynth/run.py -t BDD --GML topologies/topzoo/Surfnet.gml 5 --dir topzoo_res/SC/reduce/BDD-1 --e-prop SC --repeat 1 --reduce"
	User time (seconds): 1.02
	System time (seconds): 1.33
	Percent of CPU this job got: 312%
	Elapsed (wall clock) time (h:mm:ss or m:ss): 0:00.75
	Average shared text size (kbytes): 0
	Average unshared data size (kbytes): 0
	Average stack size (kbytes): 0
	Average total size (kbytes): 0
	Maximum resident set size (kbytes): 89376
	Average resident set size (kbytes): 0
	Major (requiring I/O) page faults: 0
	Minor (reclaiming a frame) page faults: 14556
	Voluntary context switches: 21
	Involuntary context switches: 64
	Swaps: 0
	File system inputs: 0
	File system outputs: 24
	Socket messages sent: 0
	Socket messages received: 0
	Signals delivered: 0
	Page size (bytes): 4096
	Exit status: 0
