Namespace(tool='PERS', exper=None, gml=['topologies/topzoo/BeyondTheNetwork.gml', '5'], index=None, prop='SC', prop_file=None, op_req=None, repeat=1, reduce=False, opt=False, u=False, some=False, count=False, weight_bound=None, savedir='topzoo_res/SC/PERS/PERS-0', dump_bdd=False)
Running 5BeyondTheNetwork.gml
Policy: (Service([26, 124, 132, 165, 259, 314]-291) & (Reach 291))
Initial path of nodes: [18, 40, 49, 35, 48, 47, 6, 26, 57, 58, 61, 62, 88, 102, 93, 77, 124, 146, 155, 141, 154, 153, 112, 132, 177, 199, 208, 194, 207, 206, 165, 185, 230, 252, 261, 247, 260, 259, 218, 238, 283, 305, 314, 300, 313, 312, 271, 291]
Final path of nodes: [18, 40, 49, 50, 43, 25, 47, 6, 26, 57, 60, 59, 100, 56, 55, 104, 102, 93, 77, 124, 146, 155, 156, 149, 131, 153, 112, 132, 177, 199, 208, 209, 202, 184, 206, 165, 185, 230, 252, 261, 262, 255, 237, 259, 218, 238, 283, 305, 314, 315, 308, 290, 312, 271, 291]
Persimmon problem:  {"Initial_routing":[[18, 40], [40, 49], [49, 35], [35, 48], [48, 47], [47, 6], [6, 26], [26, 57], [57, 58], [58, 61], [61, 62], [62, 88], [88, 102], [102, 93], [93, 77], [77, 124], [124, 146], [146, 155], [155, 141], [141, 154], [154, 153], [153, 112], [112, 132], [132, 177], [177, 199], [199, 208], [208, 194], [194, 207], [207, 206], [206, 165], [165, 185], [185, 230], [230, 252], [252, 261], [261, 247], [247, 260], [260, 259], [259, 218], [218, 238], [238, 283], [283, 305], [305, 314], [314, 300], [300, 313], [313, 312], [312, 271], [271, 291]],"Final_routing":[[18, 40], [40, 49], [49, 50], [50, 43], [43, 25], [25, 47], [47, 6], [6, 26], [26, 57], [57, 60], [60, 59], [59, 100], [100, 56], [56, 55], [55, 104], [104, 102], [102, 93], [93, 77], [77, 124], [124, 146], [146, 155], [155, 156], [156, 149], [149, 131], [131, 153], [153, 112], [112, 132], [132, 177], [177, 199], [199, 208], [208, 209], [209, 202], [202, 184], [184, 206], [206, 165], [165, 185], [185, 230], [230, 252], [252, 261], [261, 262], [262, 255], [255, 237], [237, 259], [259, 218], [218, 238], [238, 283], [283, 305], [305, 314], [314, 315], [315, 308], [308, 290], [290, 312], [312, 271], [271, 291]],"Properties":{"ServiceChain": {"waypoint": [26,124,132,165,259,314]},"Reachability":{"startNode":18,"finalNode":291}}}
Persimmon stdout:  Chain equivalence reduction: 69 -> 34
Constructing all update BDD
Solution: Some([[315, 308, 290, 156, 149, 131, 209, 202, 184, 262, 255, 237, 50, 43, 25, 60, 59, 100, 56, 55, 104], [314, 49, 208, 57, 261, 155], [247, 260, 194, 207, 35, 48, 300, 313, 141, 154, 58, 61, 62, 88]])
Time elapsed: 1.90ms
Time elapsed(s): 0.001903s

Persimmon stderr:  
Time: 0.001903
Solution: [[315, 308, 290, 156, 149, 131, 209, 202, 184, 262, 255, 237, 50, 43, 25, 60, 59, 100, 56, 55, 104], [314, 49, 208, 57, 261, 155], [247, 260, 194, 207, 35, 48, 300, 313, 141, 154, 58, 61, 62, 88]]
	Command being timed: "python3 allsynth/run.py -t PERS --GML topologies/topzoo/BeyondTheNetwork.gml 5 --dir topzoo_res/SC/PERS/PERS-0 --e-prop SC --repeat 1"
	User time (seconds): 0.98
	System time (seconds): 1.30
	Percent of CPU this job got: 334%
	Elapsed (wall clock) time (h:mm:ss or m:ss): 0:00.68
	Average shared text size (kbytes): 0
	Average unshared data size (kbytes): 0
	Average stack size (kbytes): 0
	Average total size (kbytes): 0
	Maximum resident set size (kbytes): 72376
	Average resident set size (kbytes): 0
	Major (requiring I/O) page faults: 0
	Minor (reclaiming a frame) page faults: 13419
	Voluntary context switches: 30
	Involuntary context switches: 135
	Swaps: 0
	File system inputs: 0
	File system outputs: 24
	Socket messages sent: 0
	Socket messages received: 0
	Signals delivered: 0
	Page size (bytes): 4096
	Exit status: 0
