Namespace(tool='PERS', exper=None, gml=['topologies/topzoo/BtAsiaPac.gml', '5'], index=None, prop='SC', prop_file=None, op_req=None, repeat=1, reduce=False, opt=False, u=False, some=False, count=False, weight_bound=None, savedir='topzoo_res/SC/PERS/PERS-0', dump_bdd=False)
Running 5BtAsiaPac.gml
Policy: (Service([35, 42, 79, 100]-119) & (Reach 119))
Initial path of nodes: [0, 15, 1, 2, 19, 20, 35, 21, 22, 39, 40, 55, 41, 42, 59, 60, 75, 61, 62, 79, 80, 95, 81, 82, 99, 100, 115, 101, 102, 119]
Final path of nodes: [0, 15, 8, 2, 19, 20, 35, 28, 22, 39, 40, 55, 48, 42, 59, 60, 75, 68, 62, 79, 80, 95, 88, 82, 99, 100, 115, 108, 102, 119]
Persimmon problem:  {"Initial_routing":[[0, 15], [15, 1], [1, 2], [2, 19], [19, 20], [20, 35], [35, 21], [21, 22], [22, 39], [39, 40], [40, 55], [55, 41], [41, 42], [42, 59], [59, 60], [60, 75], [75, 61], [61, 62], [62, 79], [79, 80], [80, 95], [95, 81], [81, 82], [82, 99], [99, 100], [100, 115], [115, 101], [101, 102], [102, 119]],"Final_routing":[[0, 15], [15, 8], [8, 2], [2, 19], [19, 20], [20, 35], [35, 28], [28, 22], [22, 39], [39, 40], [40, 55], [55, 48], [48, 42], [42, 59], [59, 60], [60, 75], [75, 68], [68, 62], [62, 79], [79, 80], [80, 95], [95, 88], [88, 82], [82, 99], [99, 100], [100, 115], [115, 108], [108, 102], [102, 119]],"Properties":{"ServiceChain": {"waypoint": [35,42,79,100]},"Reachability":{"startNode":0,"finalNode":119}}}
Persimmon stdout:  Chain equivalence reduction: 36 -> 30
Constructing all update BDD
Solution: Some([[108, 8, 28, 88, 68, 48], [55, 75, 35, 15, 95, 115], [101, 61, 41, 21, 81, 1]])
Time elapsed: 1.67ms
Time elapsed(s): 0.001668s

Persimmon stderr:  
Time: 0.001668
Solution: [[108, 8, 28, 88, 68, 48], [55, 75, 35, 15, 95, 115], [101, 61, 41, 21, 81, 1]]
	Command being timed: "python3 allsynth/run.py -t PERS --GML topologies/topzoo/BtAsiaPac.gml 5 --dir topzoo_res/SC/PERS/PERS-0 --e-prop SC --repeat 1"
	User time (seconds): 0.93
	System time (seconds): 1.23
	Percent of CPU this job got: 359%
	Elapsed (wall clock) time (h:mm:ss or m:ss): 0:00.60
	Average shared text size (kbytes): 0
	Average unshared data size (kbytes): 0
	Average stack size (kbytes): 0
	Average total size (kbytes): 0
	Maximum resident set size (kbytes): 70972
	Average resident set size (kbytes): 0
	Major (requiring I/O) page faults: 0
	Minor (reclaiming a frame) page faults: 13079
	Voluntary context switches: 31
	Involuntary context switches: 156
	Swaps: 0
	File system inputs: 0
	File system outputs: 24
	Socket messages sent: 0
	Socket messages received: 0
	Signals delivered: 0
	Page size (bytes): 4096
	Exit status: 0
