Namespace(tool='PERS', exper=None, gml=['topologies/topzoo/Epoch.gml', '5'], index=None, prop='SC', prop_file=None, op_req=None, repeat=1, reduce=False, opt=False, u=False, some=False, count=False, weight_bound=None, savedir='topzoo_res/SC/PERS/PERS-0', dump_bdd=False)
Running 5Epoch.gml
Policy: (Service([14, 29]-35) & (Reach 35))
Initial path of nodes: [2, 0, 1, 5, 7, 6, 8, 9, 14, 12, 13, 17, 20, 18, 19, 23, 26, 24, 25, 29, 32, 30, 31, 35]
Final path of nodes: [2, 0, 4, 5, 7, 11, 10, 9, 14, 15, 16, 17, 20, 21, 22, 23, 26, 27, 28, 29, 32, 33, 34, 35]
Persimmon problem:  {"Initial_routing":[[2, 0], [0, 1], [1, 5], [5, 7], [7, 6], [6, 8], [8, 9], [9, 14], [14, 12], [12, 13], [13, 17], [17, 20], [20, 18], [18, 19], [19, 23], [23, 26], [26, 24], [24, 25], [25, 29], [29, 32], [32, 30], [30, 31], [31, 35]],"Final_routing":[[2, 0], [0, 4], [4, 5], [5, 7], [7, 11], [11, 10], [10, 9], [9, 14], [14, 15], [15, 16], [16, 17], [17, 20], [20, 21], [21, 22], [22, 23], [23, 26], [26, 27], [27, 28], [28, 29], [29, 32], [32, 33], [33, 34], [34, 35]],"Properties":{"ServiceChain": {"waypoint": [14,29]},"Reachability":{"startNode":2,"finalNode":35}}}
Persimmon stdout:  Chain equivalence reduction: 35 -> 25
Constructing all update BDD
Solution: Some([[33, 34, 11, 10, 4, 15, 16, 21, 22, 27, 28], [14, 32, 0, 7, 26, 20], [24, 25, 6, 8, 30, 31, 18, 19, 1, 12, 13]])
Time elapsed: 1.19ms
Time elapsed(s): 0.001185s

Persimmon stderr:  
Time: 0.001185
Solution: [[33, 34, 11, 10, 4, 15, 16, 21, 22, 27, 28], [14, 32, 0, 7, 26, 20], [24, 25, 6, 8, 30, 31, 18, 19, 1, 12, 13]]
	Command being timed: "python3 allsynth/run.py -t PERS --GML topologies/topzoo/Epoch.gml 5 --dir topzoo_res/SC/PERS/PERS-0 --e-prop SC --repeat 1"
	User time (seconds): 0.87
	System time (seconds): 1.27
	Percent of CPU this job got: 375%
	Elapsed (wall clock) time (h:mm:ss or m:ss): 0:00.57
	Average shared text size (kbytes): 0
	Average unshared data size (kbytes): 0
	Average stack size (kbytes): 0
	Average total size (kbytes): 0
	Maximum resident set size (kbytes): 70276
	Average resident set size (kbytes): 0
	Major (requiring I/O) page faults: 0
	Minor (reclaiming a frame) page faults: 12910
	Voluntary context switches: 40
	Involuntary context switches: 200
	Swaps: 0
	File system inputs: 0
	File system outputs: 24
	Socket messages sent: 0
	Socket messages received: 0
	Signals delivered: 0
	Page size (bytes): 4096
	Exit status: 0
