Namespace(tool='PERS', exper=None, gml=['topologies/topzoo/Integra.gml', '5'], index=None, prop='SC', prop_file=None, op_req=None, repeat=1, reduce=False, opt=False, u=False, some=False, count=False, weight_bound=None, savedir='topzoo_res/SC/PERS/PERS-0', dump_bdd=False)
Running 5Integra.gml
Policy: (Service([28, 79, 91, 120]-147) & (Reach 147))
Initial path of nodes: [1, 20, 0, 3, 26, 25, 10, 12, 28, 47, 27, 30, 53, 52, 37, 39, 55, 74, 54, 57, 80, 79, 64, 66, 82, 101, 81, 84, 107, 106, 91, 93, 109, 128, 108, 111, 134, 133, 118, 120, 136, 155, 135, 138, 161, 160, 145, 147]
Final path of nodes: [1, 20, 21, 23, 24, 25, 10, 12, 28, 34, 31, 32, 35, 52, 37, 39, 55, 61, 58, 59, 62, 79, 64, 66, 82, 88, 85, 86, 89, 106, 91, 93, 109, 115, 112, 113, 116, 133, 118, 120, 136, 142, 139, 140, 143, 160, 145, 147]
Persimmon problem:  {"Initial_routing":[[1, 20], [20, 0], [0, 3], [3, 26], [26, 25], [25, 10], [10, 12], [12, 28], [28, 47], [47, 27], [27, 30], [30, 53], [53, 52], [52, 37], [37, 39], [39, 55], [55, 74], [74, 54], [54, 57], [57, 80], [80, 79], [79, 64], [64, 66], [66, 82], [82, 101], [101, 81], [81, 84], [84, 107], [107, 106], [106, 91], [91, 93], [93, 109], [109, 128], [128, 108], [108, 111], [111, 134], [134, 133], [133, 118], [118, 120], [120, 136], [136, 155], [155, 135], [135, 138], [138, 161], [161, 160], [160, 145], [145, 147]],"Final_routing":[[1, 20], [20, 21], [21, 23], [23, 24], [24, 25], [25, 10], [10, 12], [12, 28], [28, 34], [34, 31], [31, 32], [32, 35], [35, 52], [52, 37], [37, 39], [39, 55], [55, 61], [61, 58], [58, 59], [59, 62], [62, 79], [79, 64], [64, 66], [66, 82], [82, 88], [88, 85], [85, 86], [86, 89], [89, 106], [106, 91], [91, 93], [93, 109], [109, 115], [115, 112], [112, 113], [113, 116], [116, 133], [133, 118], [118, 120], [120, 136], [136, 142], [142, 139], [139, 140], [140, 143], [143, 160], [160, 145], [145, 147]],"Properties":{"ServiceChain": {"waypoint": [28,79,91,120]},"Reachability":{"startNode":1,"finalNode":147}}}
Persimmon stdout:  Chain equivalence reduction: 71 -> 30
Constructing all update BDD
Solution: Some([[21, 23, 24, 61, 58, 59, 62, 34, 31, 32, 35, 115, 112, 113, 116, 88, 85, 86, 89, 142, 139, 140, 143], [28, 55, 109, 136, 20, 82], [0, 3, 26, 101, 81, 84, 107, 128, 108, 111, 134, 47, 27, 30, 53, 74, 54, 57, 80, 155, 135, 138, 161]])
Time elapsed: 1.64ms
Time elapsed(s): 0.001638s

Persimmon stderr:  
Time: 0.001638
Solution: [[21, 23, 24, 61, 58, 59, 62, 34, 31, 32, 35, 115, 112, 113, 116, 88, 85, 86, 89, 142, 139, 140, 143], [28, 55, 109, 136, 20, 82], [0, 3, 26, 101, 81, 84, 107, 128, 108, 111, 134, 47, 27, 30, 53, 74, 54, 57, 80, 155, 135, 138, 161]]
	Command being timed: "python3 allsynth/run.py -t PERS --GML topologies/topzoo/Integra.gml 5 --dir topzoo_res/SC/PERS/PERS-0 --e-prop SC --repeat 1"
	User time (seconds): 0.94
	System time (seconds): 1.26
	Percent of CPU this job got: 367%
	Elapsed (wall clock) time (h:mm:ss or m:ss): 0:00.60
	Average shared text size (kbytes): 0
	Average unshared data size (kbytes): 0
	Average stack size (kbytes): 0
	Average total size (kbytes): 0
	Maximum resident set size (kbytes): 71484
	Average resident set size (kbytes): 0
	Major (requiring I/O) page faults: 0
	Minor (reclaiming a frame) page faults: 13180
	Voluntary context switches: 31
	Involuntary context switches: 132
	Swaps: 0
	File system inputs: 0
	File system outputs: 24
	Socket messages sent: 0
	Socket messages received: 0
	Signals delivered: 0
	Page size (bytes): 4096
	Exit status: 0
