Namespace(tool='PERS', exper=None, gml=['topologies/topzoo/Myren.gml', '5'], index=None, prop='SC', prop_file=None, op_req=None, repeat=1, reduce=False, opt=False, u=False, some=False, count=False, weight_bound=None, savedir='topzoo_res/SC/PERS/PERS-0', dump_bdd=False)
Running 5Myren.gml
Policy: (Service([37, 74, 111, 148, 185]-221) & (Reach 221))
Initial path of nodes: [0, 34, 29, 30, 36, 37, 71, 66, 67, 73, 74, 108, 103, 104, 110, 111, 145, 140, 141, 147, 148, 182, 177, 178, 184, 185, 219, 214, 215, 221]
Final path of nodes: [0, 34, 29, 30, 36, 37, 71, 68, 66, 67, 73, 74, 108, 103, 104, 110, 111, 145, 142, 140, 141, 147, 148, 182, 177, 178, 184, 185, 219, 216, 214, 215, 221]
Persimmon problem:  {"Initial_routing":[[0, 34], [34, 29], [29, 30], [30, 36], [36, 37], [37, 71], [71, 66], [66, 67], [67, 73], [73, 74], [74, 108], [108, 103], [103, 104], [104, 110], [110, 111], [111, 145], [145, 140], [140, 141], [141, 147], [147, 148], [148, 182], [182, 177], [177, 178], [178, 184], [184, 185], [185, 219], [219, 214], [214, 215], [215, 221]],"Final_routing":[[0, 34], [34, 29], [29, 30], [30, 36], [36, 37], [37, 71], [71, 68], [68, 66], [66, 67], [67, 73], [73, 74], [74, 108], [108, 103], [103, 104], [104, 110], [110, 111], [111, 145], [145, 142], [142, 140], [140, 141], [141, 147], [147, 148], [148, 182], [182, 177], [177, 178], [178, 184], [184, 185], [185, 219], [219, 216], [216, 214], [214, 215], [215, 221]],"Properties":{"ServiceChain": {"waypoint": [37,74,111,148,185]},"Reachability":{"startNode":0,"finalNode":221}}}
Persimmon stdout:  Chain equivalence reduction: 33 -> 18
Constructing all update BDD
Solution: Some([[142, 68, 216], [71, 219, 145]])
Time elapsed: 748.78µs
Time elapsed(s): 0.000749s

Persimmon stderr:  
Time: 0.000749
Solution: [[142, 68, 216], [71, 219, 145]]
	Command being timed: "python3 allsynth/run.py -t PERS --GML topologies/topzoo/Myren.gml 5 --dir topzoo_res/SC/PERS/PERS-0 --e-prop SC --repeat 1"
	User time (seconds): 0.95
	System time (seconds): 1.27
	Percent of CPU this job got: 359%
	Elapsed (wall clock) time (h:mm:ss or m:ss): 0:00.61
	Average shared text size (kbytes): 0
	Average unshared data size (kbytes): 0
	Average stack size (kbytes): 0
	Average total size (kbytes): 0
	Maximum resident set size (kbytes): 71740
	Average resident set size (kbytes): 0
	Major (requiring I/O) page faults: 0
	Minor (reclaiming a frame) page faults: 13228
	Voluntary context switches: 30
	Involuntary context switches: 98
	Swaps: 0
	File system inputs: 0
	File system outputs: 24
	Socket messages sent: 0
	Socket messages received: 0
	Signals delivered: 0
	Page size (bytes): 4096
	Exit status: 0
