Namespace(tool='PERS', exper=None, gml=['topologies/topzoo/Rnp.gml', '5'], index=None, prop='SC', prop_file=None, op_req=None, repeat=1, reduce=False, opt=False, u=False, some=False, count=False, weight_bound=None, savedir='topzoo_res/SC/PERS/PERS-0', dump_bdd=False)
Running 5Rnp.gml
Policy: (Service([20, 61, 43, 67, 73, 109, 112, 137, 155, 175]-174) & (Reach 174))
Initial path of nodes: [0, 2, 3, 22, 30, 5, 16, 13, 20, 12, 11, 19, 31, 33, 34, 53, 61, 36, 47, 44, 51, 43, 42, 50, 62, 64, 65, 84, 92, 67, 78, 75, 82, 74, 73, 81, 93, 95, 96, 115, 123, 98, 109, 106, 113, 105, 104, 112, 124, 126, 127, 146, 154, 129, 140, 137, 144, 136, 135, 143, 155, 157, 158, 177, 185, 160, 171, 168, 175, 167, 166, 174]
Final path of nodes: [0, 21, 28, 29, 30, 5, 16, 15, 14, 13, 20, 12, 11, 19, 31, 52, 59, 60, 61, 36, 47, 46, 45, 44, 51, 43, 42, 50, 62, 83, 90, 91, 92, 67, 78, 77, 76, 75, 82, 74, 73, 81, 93, 114, 121, 122, 123, 98, 109, 108, 107, 106, 113, 105, 104, 112, 124, 145, 152, 153, 154, 129, 140, 139, 138, 137, 144, 136, 135, 143, 155, 176, 183, 184, 185, 160, 171, 170, 169, 168, 175, 167, 166, 174]
Persimmon problem:  {"Initial_routing":[[0, 2], [2, 3], [3, 22], [22, 30], [30, 5], [5, 16], [16, 13], [13, 20], [20, 12], [12, 11], [11, 19], [19, 31], [31, 33], [33, 34], [34, 53], [53, 61], [61, 36], [36, 47], [47, 44], [44, 51], [51, 43], [43, 42], [42, 50], [50, 62], [62, 64], [64, 65], [65, 84], [84, 92], [92, 67], [67, 78], [78, 75], [75, 82], [82, 74], [74, 73], [73, 81], [81, 93], [93, 95], [95, 96], [96, 115], [115, 123], [123, 98], [98, 109], [109, 106], [106, 113], [113, 105], [105, 104], [104, 112], [112, 124], [124, 126], [126, 127], [127, 146], [146, 154], [154, 129], [129, 140], [140, 137], [137, 144], [144, 136], [136, 135], [135, 143], [143, 155], [155, 157], [157, 158], [158, 177], [177, 185], [185, 160], [160, 171], [171, 168], [168, 175], [175, 167], [167, 166], [166, 174]],"Final_routing":[[0, 21], [21, 28], [28, 29], [29, 30], [30, 5], [5, 16], [16, 15], [15, 14], [14, 13], [13, 20], [20, 12], [12, 11], [11, 19], [19, 31], [31, 52], [52, 59], [59, 60], [60, 61], [61, 36], [36, 47], [47, 46], [46, 45], [45, 44], [44, 51], [51, 43], [43, 42], [42, 50], [50, 62], [62, 83], [83, 90], [90, 91], [91, 92], [92, 67], [67, 78], [78, 77], [77, 76], [76, 75], [75, 82], [82, 74], [74, 73], [73, 81], [81, 93], [93, 114], [114, 121], [121, 122], [122, 123], [123, 98], [98, 109], [109, 108], [108, 107], [107, 106], [106, 113], [113, 105], [105, 104], [104, 112], [112, 124], [124, 145], [145, 152], [152, 153], [153, 154], [154, 129], [129, 140], [140, 139], [139, 138], [138, 137], [137, 144], [144, 136], [136, 135], [135, 143], [143, 155], [155, 176], [176, 183], [183, 184], [184, 185], [185, 160], [160, 171], [171, 170], [170, 169], [169, 168], [168, 175], [175, 167], [167, 166], [166, 174]],"Properties":{"ServiceChain": {"waypoint": [20,61,43,67,73,109,112,137,155,175]},"Reachability":{"startNode":0,"finalNode":174}}}
Persimmon stdout:  Chain equivalence reduction: 102 -> 55
Constructing all update BDD
Solution: Some([[21, 28, 29, 52, 59, 60, 83, 90, 91, 114, 121, 122, 145, 152, 153, 176, 183, 184], [15, 14, 155, 170, 169, 31, 124, 77, 76, 0, 62, 108, 107, 139, 138, 46, 45, 93], [78, 47, 95, 96, 115, 126, 127, 146, 140, 16, 157, 158, 177, 33, 34, 53, 2, 3, 22, 171, 109, 64, 65, 84]])
Time elapsed: 4.31ms
Time elapsed(s): 0.004313s

Persimmon stderr:  
Time: 0.004313
Solution: [[21, 28, 29, 52, 59, 60, 83, 90, 91, 114, 121, 122, 145, 152, 153, 176, 183, 184], [15, 14, 155, 170, 169, 31, 124, 77, 76, 0, 62, 108, 107, 139, 138, 46, 45, 93], [78, 47, 95, 96, 115, 126, 127, 146, 140, 16, 157, 158, 177, 33, 34, 53, 2, 3, 22, 171, 109, 64, 65, 84]]
	Command being timed: "python3 allsynth/run.py -t PERS --GML topologies/topzoo/Rnp.gml 5 --dir topzoo_res/SC/PERS/PERS-0 --e-prop SC --repeat 1"
	User time (seconds): 0.92
	System time (seconds): 1.34
	Percent of CPU this job got: 343%
	Elapsed (wall clock) time (h:mm:ss or m:ss): 0:00.65
	Average shared text size (kbytes): 0
	Average unshared data size (kbytes): 0
	Average stack size (kbytes): 0
	Average total size (kbytes): 0
	Maximum resident set size (kbytes): 75308
	Average resident set size (kbytes): 0
	Major (requiring I/O) page faults: 0
	Minor (reclaiming a frame) page faults: 13205
	Voluntary context switches: 52
	Involuntary context switches: 80
	Swaps: 0
	File system inputs: 0
	File system outputs: 24
	Socket messages sent: 0
	Socket messages received: 0
	Signals delivered: 0
	Page size (bytes): 4096
	Exit status: 0
