Namespace(tool='PERS', exper=None, gml=['topologies/topzoo/Switch.gml', '5'], index=None, prop='SC', prop_file=None, op_req=None, repeat=1, reduce=False, opt=False, u=False, some=False, count=False, weight_bound=None, savedir='topzoo_res/SC/PERS/PERS-0', dump_bdd=False)
Running 5Switch.gml
Policy: (Service([114, 150, 284, 374]-432) & (Reach 432))
Initial path of nodes: [4, 40, 2, 42, 14, 8, 30, 35, 3, 69, 66, 49, 18, 62, 78, 114, 76, 116, 88, 82, 104, 109, 77, 143, 140, 123, 92, 136, 152, 188, 150, 190, 162, 156, 178, 183, 151, 217, 214, 197, 166, 210, 226, 262, 224, 264, 236, 230, 252, 257, 225, 291, 288, 271, 240, 284, 300, 336, 298, 338, 310, 304, 326, 331, 299, 365, 362, 345, 314, 358, 374, 410, 372, 412, 384, 378, 400, 405, 373, 439, 436, 419, 388, 432]
Final path of nodes: [4, 40, 2, 61, 1, 15, 12, 22, 34, 20, 51, 55, 28, 62, 78, 114, 76, 135, 75, 89, 86, 96, 108, 94, 125, 129, 102, 136, 152, 188, 150, 209, 149, 163, 160, 170, 182, 168, 199, 203, 176, 210, 226, 262, 224, 283, 223, 237, 234, 244, 256, 242, 273, 277, 250, 284, 300, 336, 298, 357, 297, 311, 308, 318, 330, 316, 347, 351, 324, 358, 374, 410, 372, 431, 371, 385, 382, 392, 404, 390, 421, 425, 398, 432]
Persimmon problem:  {"Initial_routing":[[4, 40], [40, 2], [2, 42], [42, 14], [14, 8], [8, 30], [30, 35], [35, 3], [3, 69], [69, 66], [66, 49], [49, 18], [18, 62], [62, 78], [78, 114], [114, 76], [76, 116], [116, 88], [88, 82], [82, 104], [104, 109], [109, 77], [77, 143], [143, 140], [140, 123], [123, 92], [92, 136], [136, 152], [152, 188], [188, 150], [150, 190], [190, 162], [162, 156], [156, 178], [178, 183], [183, 151], [151, 217], [217, 214], [214, 197], [197, 166], [166, 210], [210, 226], [226, 262], [262, 224], [224, 264], [264, 236], [236, 230], [230, 252], [252, 257], [257, 225], [225, 291], [291, 288], [288, 271], [271, 240], [240, 284], [284, 300], [300, 336], [336, 298], [298, 338], [338, 310], [310, 304], [304, 326], [326, 331], [331, 299], [299, 365], [365, 362], [362, 345], [345, 314], [314, 358], [358, 374], [374, 410], [410, 372], [372, 412], [412, 384], [384, 378], [378, 400], [400, 405], [405, 373], [373, 439], [439, 436], [436, 419], [419, 388], [388, 432]],"Final_routing":[[4, 40], [40, 2], [2, 61], [61, 1], [1, 15], [15, 12], [12, 22], [22, 34], [34, 20], [20, 51], [51, 55], [55, 28], [28, 62], [62, 78], [78, 114], [114, 76], [76, 135], [135, 75], [75, 89], [89, 86], [86, 96], [96, 108], [108, 94], [94, 125], [125, 129], [129, 102], [102, 136], [136, 152], [152, 188], [188, 150], [150, 209], [209, 149], [149, 163], [163, 160], [160, 170], [170, 182], [182, 168], [168, 199], [199, 203], [203, 176], [176, 210], [210, 226], [226, 262], [262, 224], [224, 283], [283, 223], [223, 237], [237, 234], [234, 244], [244, 256], [256, 242], [242, 273], [273, 277], [277, 250], [250, 284], [284, 300], [300, 336], [336, 298], [298, 357], [357, 297], [297, 311], [311, 308], [308, 318], [318, 330], [330, 316], [316, 347], [347, 351], [351, 324], [324, 358], [358, 374], [374, 410], [410, 372], [372, 431], [431, 371], [371, 385], [385, 382], [382, 392], [392, 404], [404, 390], [390, 421], [421, 425], [425, 398], [398, 432]],"Properties":{"ServiceChain": {"waypoint": [114,150,284,374]},"Reachability":{"startNode":4,"finalNode":432}}}
Persimmon stdout:  Chain equivalence reduction: 144 -> 29
Constructing all update BDD
Solution: Some([[61, 1, 15, 12, 22, 34, 20, 51, 55, 28, 357, 297, 311, 308, 318, 330, 316, 347, 351, 324, 431, 371, 385, 382, 392, 404, 390, 421, 425, 398, 209, 149, 163, 160, 170, 182, 168, 199, 203, 176, 283, 223, 237, 234, 244, 256, 242, 273, 277, 250, 135, 75, 89, 86, 96, 108, 94, 125, 129, 102], [76, 298, 372, 2, 224, 150], [42, 14, 8, 30, 35, 3, 69, 66, 49, 18, 264, 236, 230, 252, 257, 225, 291, 288, 271, 240, 190, 162, 156, 178, 183, 151, 217, 214, 197, 166, 412, 384, 378, 400, 405, 373, 439, 436, 419, 388, 116, 88, 82, 104, 109, 77, 143, 140, 123, 92, 338, 310, 304, 326, 331, 299, 365, 362, 345, 314]])
Time elapsed: 1.51ms
Time elapsed(s): 0.001505s

Persimmon stderr:  
Time: 0.001505
Solution: [[61, 1, 15, 12, 22, 34, 20, 51, 55, 28, 357, 297, 311, 308, 318, 330, 316, 347, 351, 324, 431, 371, 385, 382, 392, 404, 390, 421, 425, 398, 209, 149, 163, 160, 170, 182, 168, 199, 203, 176, 283, 223, 237, 234, 244, 256, 242, 273, 277, 250, 135, 75, 89, 86, 96, 108, 94, 125, 129, 102], [76, 298, 372, 2, 224, 150], [42, 14, 8, 30, 35, 3, 69, 66, 49, 18, 264, 236, 230, 252, 257, 225, 291, 288, 271, 240, 190, 162, 156, 178, 183, 151, 217, 214, 197, 166, 412, 384, 378, 400, 405, 373, 439, 436, 419, 388, 116, 88, 82, 104, 109, 77, 143, 140, 123, 92, 338, 310, 304, 326, 331, 299, 365, 362, 345, 314]]
	Command being timed: "python3 allsynth/run.py -t PERS --GML topologies/topzoo/Switch.gml 5 --dir topzoo_res/SC/PERS/PERS-0 --e-prop SC --repeat 1"
	User time (seconds): 1.11
	System time (seconds): 1.27
	Percent of CPU this job got: 306%
	Elapsed (wall clock) time (h:mm:ss or m:ss): 0:00.77
	Average shared text size (kbytes): 0
	Average unshared data size (kbytes): 0
	Average stack size (kbytes): 0
	Average total size (kbytes): 0
	Maximum resident set size (kbytes): 72512
	Average resident set size (kbytes): 0
	Major (requiring I/O) page faults: 0
	Minor (reclaiming a frame) page faults: 13441
	Voluntary context switches: 33
	Involuntary context switches: 150
	Swaps: 0
	File system inputs: 0
	File system outputs: 32
	Socket messages sent: 0
	Socket messages received: 0
	Signals delivered: 0
	Page size (bytes): 4096
	Exit status: 0
