Namespace(tool='PERS', exper=None, gml=['topologies/topzoo/UniC.gml', '5'], index=None, prop='SC', prop_file=None, op_req=None, repeat=1, reduce=False, opt=False, u=False, some=False, count=False, weight_bound=None, savedir='topzoo_res/SC/PERS/PERS-0', dump_bdd=False)
Running 5UniC.gml
Policy: (Service([2, 30, 42, 50, 88, 93, 101, 134, 127]-142) & (Reach 142))
Initial path of nodes: [9, 13, 5, 4, 6, 1, 0, 2, 22, 20, 18, 17, 34, 38, 30, 29, 31, 26, 25, 27, 47, 45, 43, 42, 59, 63, 55, 54, 56, 51, 50, 52, 72, 70, 68, 67, 84, 88, 80, 79, 81, 76, 75, 77, 97, 95, 93, 92, 109, 113, 105, 104, 106, 101, 100, 102, 122, 120, 118, 117, 134, 138, 130, 129, 131, 126, 125, 127, 147, 145, 143, 142]
Final path of nodes: [9, 13, 5, 8, 7, 1, 0, 3, 2, 16, 21, 19, 18, 17, 34, 38, 30, 33, 32, 26, 25, 28, 27, 41, 46, 44, 43, 42, 59, 63, 55, 58, 57, 51, 50, 53, 52, 66, 71, 69, 68, 67, 84, 88, 80, 83, 82, 76, 75, 78, 77, 91, 96, 94, 93, 92, 109, 113, 105, 108, 107, 101, 100, 103, 102, 116, 121, 119, 118, 117, 134, 138, 130, 133, 132, 126, 125, 128, 127, 141, 146, 144, 143, 142]
Persimmon problem:  {"Initial_routing":[[9, 13], [13, 5], [5, 4], [4, 6], [6, 1], [1, 0], [0, 2], [2, 22], [22, 20], [20, 18], [18, 17], [17, 34], [34, 38], [38, 30], [30, 29], [29, 31], [31, 26], [26, 25], [25, 27], [27, 47], [47, 45], [45, 43], [43, 42], [42, 59], [59, 63], [63, 55], [55, 54], [54, 56], [56, 51], [51, 50], [50, 52], [52, 72], [72, 70], [70, 68], [68, 67], [67, 84], [84, 88], [88, 80], [80, 79], [79, 81], [81, 76], [76, 75], [75, 77], [77, 97], [97, 95], [95, 93], [93, 92], [92, 109], [109, 113], [113, 105], [105, 104], [104, 106], [106, 101], [101, 100], [100, 102], [102, 122], [122, 120], [120, 118], [118, 117], [117, 134], [134, 138], [138, 130], [130, 129], [129, 131], [131, 126], [126, 125], [125, 127], [127, 147], [147, 145], [145, 143], [143, 142]],"Final_routing":[[9, 13], [13, 5], [5, 8], [8, 7], [7, 1], [1, 0], [0, 3], [3, 2], [2, 16], [16, 21], [21, 19], [19, 18], [18, 17], [17, 34], [34, 38], [38, 30], [30, 33], [33, 32], [32, 26], [26, 25], [25, 28], [28, 27], [27, 41], [41, 46], [46, 44], [44, 43], [43, 42], [42, 59], [59, 63], [63, 55], [55, 58], [58, 57], [57, 51], [51, 50], [50, 53], [53, 52], [52, 66], [66, 71], [71, 69], [69, 68], [68, 67], [67, 84], [84, 88], [88, 80], [80, 83], [83, 82], [82, 76], [76, 75], [75, 78], [78, 77], [77, 91], [91, 96], [96, 94], [94, 93], [93, 92], [92, 109], [109, 113], [113, 105], [105, 108], [108, 107], [107, 101], [101, 100], [100, 103], [103, 102], [102, 116], [116, 121], [121, 119], [119, 118], [118, 117], [117, 134], [134, 138], [138, 130], [130, 133], [133, 132], [132, 126], [126, 125], [125, 128], [128, 127], [127, 141], [141, 146], [146, 144], [144, 143], [143, 142]],"Properties":{"ServiceChain": {"waypoint": [2,30,42,50,88,93,101,134,127]},"Reachability":{"startNode":9,"finalNode":142}}}
Persimmon stdout:  Chain equivalence reduction: 108 -> 68
Constructing all update BDD
Solution: Some([[66, 71, 69, 33, 32, 141, 146, 144, 133, 132, 116, 121, 119, 108, 107, 58, 57, 91, 96, 94, 16, 21, 19, 8, 7, 41, 46, 44, 83, 82], [77, 78, 105, 130, 55, 27, 80, 30, 5, 53, 127, 52, 102, 103, 3, 128, 28, 2], [79, 81, 50, 147, 145, 125, 25, 22, 20, 72, 70, 47, 45, 122, 120, 29, 31, 54, 56, 104, 106, 0, 100, 129, 131, 97, 95, 75, 4, 6]])
Time elapsed: 5.87ms
Time elapsed(s): 0.005871s

Persimmon stderr:  
Time: 0.005871
Solution: [[66, 71, 69, 33, 32, 141, 146, 144, 133, 132, 116, 121, 119, 108, 107, 58, 57, 91, 96, 94, 16, 21, 19, 8, 7, 41, 46, 44, 83, 82], [77, 78, 105, 130, 55, 27, 80, 30, 5, 53, 127, 52, 102, 103, 3, 128, 28, 2], [79, 81, 50, 147, 145, 125, 25, 22, 20, 72, 70, 47, 45, 122, 120, 29, 31, 54, 56, 104, 106, 0, 100, 129, 131, 97, 95, 75, 4, 6]]
	Command being timed: "python3 allsynth/run.py -t PERS --GML topologies/topzoo/UniC.gml 5 --dir topzoo_res/SC/PERS/PERS-0 --e-prop SC --repeat 1"
	User time (seconds): 0.92
	System time (seconds): 1.28
	Percent of CPU this job got: 365%
	Elapsed (wall clock) time (h:mm:ss or m:ss): 0:00.60
	Average shared text size (kbytes): 0
	Average unshared data size (kbytes): 0
	Average stack size (kbytes): 0
	Average total size (kbytes): 0
	Maximum resident set size (kbytes): 71224
	Average resident set size (kbytes): 0
	Major (requiring I/O) page faults: 0
	Minor (reclaiming a frame) page faults: 13177
	Voluntary context switches: 33
	Involuntary context switches: 161
	Swaps: 0
	File system inputs: 0
	File system outputs: 24
	Socket messages sent: 0
	Socket messages received: 0
	Signals delivered: 0
	Page size (bytes): 4096
	Exit status: 0
