Namespace(tool='PERS', exper=None, gml=['topologies/topzoo/Bbnplanet.gml', '5'], index=None, prop='Reach', prop_file=None, op_req=None, repeat=1, reduce=False, opt=False, u=False, some=False, count=False, weight_bound=None, savedir='topzoo_res/Reach/PERS/PERS-1', dump_bdd=False)
Running 5Bbnplanet.gml
Policy: (Reach 148)
Initial path of nodes: [2, 18, 1, 15, 11, 7, 8, 13, 29, 45, 28, 42, 38, 34, 35, 40, 56, 72, 55, 69, 65, 61, 62, 67, 83, 99, 82, 96, 92, 88, 89, 94, 110, 126, 109, 123, 119, 115, 116, 121, 137, 153, 136, 150, 146, 142, 143, 148]
Final path of nodes: [2, 18, 24, 23, 20, 17, 8, 13, 29, 45, 51, 50, 47, 44, 35, 40, 56, 72, 78, 77, 74, 71, 62, 67, 83, 99, 105, 104, 101, 98, 89, 94, 110, 126, 132, 131, 128, 125, 116, 121, 137, 153, 159, 158, 155, 152, 143, 148]
Persimmon problem:  {"Initial_routing":[[2, 18], [18, 1], [1, 15], [15, 11], [11, 7], [7, 8], [8, 13], [13, 29], [29, 45], [45, 28], [28, 42], [42, 38], [38, 34], [34, 35], [35, 40], [40, 56], [56, 72], [72, 55], [55, 69], [69, 65], [65, 61], [61, 62], [62, 67], [67, 83], [83, 99], [99, 82], [82, 96], [96, 92], [92, 88], [88, 89], [89, 94], [94, 110], [110, 126], [126, 109], [109, 123], [123, 119], [119, 115], [115, 116], [116, 121], [121, 137], [137, 153], [153, 136], [136, 150], [150, 146], [146, 142], [142, 143], [143, 148]],"Final_routing":[[2, 18], [18, 24], [24, 23], [23, 20], [20, 17], [17, 8], [8, 13], [13, 29], [29, 45], [45, 51], [51, 50], [50, 47], [47, 44], [44, 35], [35, 40], [40, 56], [56, 72], [72, 78], [78, 77], [77, 74], [74, 71], [71, 62], [62, 67], [67, 83], [83, 99], [99, 105], [105, 104], [104, 101], [101, 98], [98, 89], [89, 94], [94, 110], [110, 126], [126, 132], [132, 131], [131, 128], [128, 125], [125, 116], [116, 121], [121, 137], [137, 153], [153, 159], [159, 158], [158, 155], [155, 152], [152, 143], [143, 148]],"Properties":{"Reachability":{"startNode":2,"finalNode":148}}}
Persimmon stdout:  Chain equivalence reduction: 72 -> 26
<=== Starting iteration 0 ===>
<=== Starting iteration 1 ===>
<=== Starting iteration 2 ===>
Solution: Some([[105, 104, 101, 98, 24, 23, 20, 17, 159, 158, 155, 152, 132, 131, 128, 125, 78, 77, 74, 71, 51, 50, 47, 44], [45, 126, 99, 72, 153, 18], [28, 42, 38, 34, 82, 96, 92, 88, 1, 15, 11, 7, 55, 69, 65, 61, 109, 123, 119, 115, 136, 150, 146, 142]])
Time elapsed: 1.37ms
Time elapsed(s): 0.001366s

Persimmon stderr:  
Time: 0.001366
Solution: [[105, 104, 101, 98, 24, 23, 20, 17, 159, 158, 155, 152, 132, 131, 128, 125, 78, 77, 74, 71, 51, 50, 47, 44], [45, 126, 99, 72, 153, 18], [28, 42, 38, 34, 82, 96, 92, 88, 1, 15, 11, 7, 55, 69, 65, 61, 109, 123, 119, 115, 136, 150, 146, 142]]
	Command being timed: "python3 allsynth/run.py -t PERS --GML topologies/topzoo/Bbnplanet.gml 5 --dir topzoo_res/Reach/PERS/PERS-1 --e-prop Reach --repeat 1"
	User time (seconds): 0.70
	System time (seconds): 1.30
	Percent of CPU this job got: 489%
	Elapsed (wall clock) time (h:mm:ss or m:ss): 0:00.41
	Average shared text size (kbytes): 0
	Average unshared data size (kbytes): 0
	Average stack size (kbytes): 0
	Average total size (kbytes): 0
	Maximum resident set size (kbytes): 71352
	Average resident set size (kbytes): 0
	Major (requiring I/O) page faults: 0
	Minor (reclaiming a frame) page faults: 13108
	Voluntary context switches: 30
	Involuntary context switches: 140
	Swaps: 0
	File system inputs: 0
	File system outputs: 24
	Socket messages sent: 0
	Socket messages received: 0
	Signals delivered: 0
	Page size (bytes): 4096
	Exit status: 0
