Namespace(tool='PERS', exper=None, gml=['topologies/topzoo/BsonetEurope.gml', '5'], index=None, prop='Reach', prop_file=None, op_req=None, repeat=1, reduce=False, opt=False, u=False, some=False, count=False, weight_bound=None, savedir='topzoo_res/Reach/PERS/PERS-1', dump_bdd=False)
Running 5BsonetEurope.gml
Policy: (Reach 106)
Initial path of nodes: [12, 10, 11, 9, 1, 17, 16, 23, 35, 19, 27, 29, 28, 30, 48, 46, 47, 45, 37, 53, 52, 66, 64, 65, 63, 55, 71, 70, 84, 82, 83, 81, 73, 89, 88, 102, 100, 101, 99, 91, 107, 106]
Final path of nodes: [12, 10, 11, 13, 14, 17, 16, 23, 35, 32, 31, 29, 28, 30, 48, 46, 47, 49, 50, 53, 52, 66, 64, 65, 63, 62, 71, 70, 84, 82, 83, 85, 86, 89, 88, 102, 100, 101, 99, 98, 107, 106]
Persimmon problem:  {"Initial_routing":[[12, 10], [10, 11], [11, 9], [9, 1], [1, 17], [17, 16], [16, 23], [23, 35], [35, 19], [19, 27], [27, 29], [29, 28], [28, 30], [30, 48], [48, 46], [46, 47], [47, 45], [45, 37], [37, 53], [53, 52], [52, 66], [66, 64], [64, 65], [65, 63], [63, 55], [55, 71], [71, 70], [70, 84], [84, 82], [82, 83], [83, 81], [81, 73], [73, 89], [89, 88], [88, 102], [102, 100], [100, 101], [101, 99], [99, 91], [91, 107], [107, 106]],"Final_routing":[[12, 10], [10, 11], [11, 13], [13, 14], [14, 17], [17, 16], [16, 23], [23, 35], [35, 32], [32, 31], [31, 29], [29, 28], [28, 30], [30, 48], [48, 46], [46, 47], [47, 49], [49, 50], [50, 53], [53, 52], [52, 66], [66, 64], [64, 65], [65, 63], [63, 62], [62, 71], [71, 70], [70, 84], [84, 82], [82, 83], [83, 85], [85, 86], [86, 89], [89, 88], [88, 102], [102, 100], [100, 101], [101, 99], [99, 98], [98, 107], [107, 106]],"Properties":{"Reachability":{"startNode":12,"finalNode":106}}}
Persimmon stdout:  Chain equivalence reduction: 52 -> 26
<=== Starting iteration 0 ===>
<=== Starting iteration 1 ===>
<=== Starting iteration 2 ===>
Solution: Some([[98, 49, 50, 32, 31, 13, 14, 62, 85, 86], [63, 11, 35, 83, 47, 99], [45, 37, 19, 27, 9, 1, 81, 73, 91, 55]])
Time elapsed: 1.25ms
Time elapsed(s): 0.001246s

Persimmon stderr:  
Time: 0.001246
Solution: [[98, 49, 50, 32, 31, 13, 14, 62, 85, 86], [63, 11, 35, 83, 47, 99], [45, 37, 19, 27, 9, 1, 81, 73, 91, 55]]
	Command being timed: "python3 allsynth/run.py -t PERS --GML topologies/topzoo/BsonetEurope.gml 5 --dir topzoo_res/Reach/PERS/PERS-1 --e-prop Reach --repeat 1"
	User time (seconds): 0.68
	System time (seconds): 1.31
	Percent of CPU this job got: 492%
	Elapsed (wall clock) time (h:mm:ss or m:ss): 0:00.40
	Average shared text size (kbytes): 0
	Average unshared data size (kbytes): 0
	Average stack size (kbytes): 0
	Average total size (kbytes): 0
	Maximum resident set size (kbytes): 70828
	Average resident set size (kbytes): 0
	Major (requiring I/O) page faults: 0
	Minor (reclaiming a frame) page faults: 13043
	Voluntary context switches: 30
	Involuntary context switches: 147
	Swaps: 0
	File system inputs: 0
	File system outputs: 24
	Socket messages sent: 0
	Socket messages received: 0
	Signals delivered: 0
	Page size (bytes): 4096
	Exit status: 0
