Namespace(tool='PERS', exper=None, gml=['topologies/topzoo/Janetlense.gml', '5'], index=None, prop='Reach', prop_file=None, op_req=None, repeat=1, reduce=False, opt=False, u=False, some=False, count=False, weight_bound=None, savedir='topzoo_res/Reach/PERS/PERS-1', dump_bdd=False)
Running 5Janetlense.gml
Policy: (Reach 109)
Initial path of nodes: [5, 7, 14, 15, 9, 25, 27, 34, 35, 29, 45, 47, 54, 55, 49, 65, 67, 74, 75, 69, 85, 87, 94, 95, 89, 105, 107, 114, 115, 109]
Final path of nodes: [5, 7, 13, 15, 9, 25, 27, 33, 35, 29, 45, 47, 53, 55, 49, 65, 67, 73, 75, 69, 85, 87, 93, 95, 89, 105, 107, 113, 115, 109]
Persimmon problem:  {"Initial_routing":[[5, 7], [7, 14], [14, 15], [15, 9], [9, 25], [25, 27], [27, 34], [34, 35], [35, 29], [29, 45], [45, 47], [47, 54], [54, 55], [55, 49], [49, 65], [65, 67], [67, 74], [74, 75], [75, 69], [69, 85], [85, 87], [87, 94], [94, 95], [95, 89], [89, 105], [105, 107], [107, 114], [114, 115], [115, 109]],"Final_routing":[[5, 7], [7, 13], [13, 15], [15, 9], [9, 25], [25, 27], [27, 33], [33, 35], [35, 29], [29, 45], [45, 47], [47, 53], [53, 55], [55, 49], [49, 65], [65, 67], [67, 73], [73, 75], [75, 69], [69, 85], [85, 87], [87, 93], [93, 95], [95, 89], [89, 105], [105, 107], [107, 113], [113, 115], [115, 109]],"Properties":{"Reachability":{"startNode":5,"finalNode":109}}}
Persimmon stdout:  Chain equivalence reduction: 36 -> 26
<=== Starting iteration 0 ===>
<=== Starting iteration 1 ===>
<=== Starting iteration 2 ===>
Solution: Some([[113, 13, 33, 93, 53, 73], [47, 27, 87, 107, 7, 67], [94, 74, 34, 114, 14, 54]])
Time elapsed: 1.17ms
Time elapsed(s): 0.001173s

Persimmon stderr:  
Time: 0.001173
Solution: [[113, 13, 33, 93, 53, 73], [47, 27, 87, 107, 7, 67], [94, 74, 34, 114, 14, 54]]
	Command being timed: "python3 allsynth/run.py -t PERS --GML topologies/topzoo/Janetlense.gml 5 --dir topzoo_res/Reach/PERS/PERS-1 --e-prop Reach --repeat 1"
	User time (seconds): 0.70
	System time (seconds): 1.31
	Percent of CPU this job got: 484%
	Elapsed (wall clock) time (h:mm:ss or m:ss): 0:00.41
	Average shared text size (kbytes): 0
	Average unshared data size (kbytes): 0
	Average stack size (kbytes): 0
	Average total size (kbytes): 0
	Maximum resident set size (kbytes): 75440
	Average resident set size (kbytes): 0
	Major (requiring I/O) page faults: 0
	Minor (reclaiming a frame) page faults: 13138
	Voluntary context switches: 48
	Involuntary context switches: 173
	Swaps: 0
	File system inputs: 0
	File system outputs: 24
	Socket messages sent: 0
	Socket messages received: 0
	Signals delivered: 0
	Page size (bytes): 4096
	Exit status: 0
