Namespace(tool='PERS', exper=None, gml=['topologies/topzoo/Pacificwave.gml', '5'], index=None, prop='Reach', prop_file=None, op_req=None, repeat=1, reduce=False, opt=False, u=False, some=False, count=False, weight_bound=None, savedir='topzoo_res/Reach/PERS/PERS-1', dump_bdd=False)
Running 5Pacificwave.gml
Policy: (Reach 107)
Initial path of nodes: [0, 11, 15, 17, 18, 29, 33, 35, 36, 47, 51, 53, 54, 65, 69, 71, 72, 83, 87, 89, 90, 101, 105, 107]
Final path of nodes: [0, 11, 15, 8, 17, 18, 29, 33, 26, 35, 36, 47, 51, 44, 53, 54, 65, 69, 62, 71, 72, 83, 87, 80, 89, 90, 101, 105, 98, 107]
Persimmon problem:  {"Initial_routing":[[0, 11], [11, 15], [15, 17], [17, 18], [18, 29], [29, 33], [33, 35], [35, 36], [36, 47], [47, 51], [51, 53], [53, 54], [54, 65], [65, 69], [69, 71], [71, 72], [72, 83], [83, 87], [87, 89], [89, 90], [90, 101], [101, 105], [105, 107]],"Final_routing":[[0, 11], [11, 15], [15, 8], [8, 17], [17, 18], [18, 29], [29, 33], [33, 26], [26, 35], [35, 36], [36, 47], [47, 51], [51, 44], [44, 53], [53, 54], [54, 65], [65, 69], [69, 62], [62, 71], [71, 72], [72, 83], [83, 87], [87, 80], [80, 89], [89, 90], [90, 101], [101, 105], [105, 98], [98, 107]],"Properties":{"Reachability":{"startNode":0,"finalNode":107}}}
Persimmon stdout:  Chain equivalence reduction: 30 -> 19
<=== Starting iteration 0 ===>
<=== Starting iteration 1 ===>
Solution: Some([[44, 98, 62, 26, 8, 80], [33, 15, 51, 105, 87, 69]])
Time elapsed: 549.56µs
Time elapsed(s): 0.000550s

Persimmon stderr:  
Time: 0.00055
Solution: [[44, 98, 62, 26, 8, 80], [33, 15, 51, 105, 87, 69]]
	Command being timed: "python3 allsynth/run.py -t PERS --GML topologies/topzoo/Pacificwave.gml 5 --dir topzoo_res/Reach/PERS/PERS-1 --e-prop Reach --repeat 1"
	User time (seconds): 0.67
	System time (seconds): 1.33
	Percent of CPU this job got: 492%
	Elapsed (wall clock) time (h:mm:ss or m:ss): 0:00.40
	Average shared text size (kbytes): 0
	Average unshared data size (kbytes): 0
	Average stack size (kbytes): 0
	Average total size (kbytes): 0
	Maximum resident set size (kbytes): 70784
	Average resident set size (kbytes): 0
	Major (requiring I/O) page faults: 0
	Minor (reclaiming a frame) page faults: 13039
	Voluntary context switches: 35
	Involuntary context switches: 150
	Swaps: 0
	File system inputs: 0
	File system outputs: 24
	Socket messages sent: 0
	Socket messages received: 0
	Signals delivered: 0
	Page size (bytes): 4096
	Exit status: 0
