Namespace(tool='PERS', exper=None, gml=['topologies/topzoo/Tinet.gml', '5'], index=None, prop='Reach', prop_file=None, op_req=None, repeat=1, reduce=False, opt=False, u=False, some=False, count=False, weight_bound=None, savedir='topzoo_res/Reach/PERS/PERS-1', dump_bdd=False)
Running 5Tinet.gml
Policy: (Reach 317)
Initial path of nodes: [13, 22, 41, 34, 5, 4, 6, 0, 1, 52, 65, 63, 54, 53, 59, 57, 58, 87, 85, 79, 119, 128, 147, 140, 111, 110, 112, 106, 107, 158, 172, 181, 200, 193, 164, 163, 165, 159, 160, 211, 225, 234, 253, 246, 217, 216, 218, 212, 213, 264, 278, 287, 306, 299, 270, 269, 271, 265, 266, 317]
Final path of nodes: [13, 22, 41, 35, 24, 46, 45, 44, 49, 52, 65, 101, 64, 99, 77, 88, 94, 87, 85, 79, 119, 128, 147, 141, 130, 152, 151, 150, 155, 158, 172, 181, 200, 194, 183, 205, 204, 203, 208, 211, 225, 234, 253, 247, 236, 258, 257, 256, 261, 264, 278, 287, 306, 300, 289, 311, 310, 309, 314, 317]
Persimmon problem:  {"Initial_routing":[[13, 22], [22, 41], [41, 34], [34, 5], [5, 4], [4, 6], [6, 0], [0, 1], [1, 52], [52, 65], [65, 63], [63, 54], [54, 53], [53, 59], [59, 57], [57, 58], [58, 87], [87, 85], [85, 79], [79, 119], [119, 128], [128, 147], [147, 140], [140, 111], [111, 110], [110, 112], [112, 106], [106, 107], [107, 158], [158, 172], [172, 181], [181, 200], [200, 193], [193, 164], [164, 163], [163, 165], [165, 159], [159, 160], [160, 211], [211, 225], [225, 234], [234, 253], [253, 246], [246, 217], [217, 216], [216, 218], [218, 212], [212, 213], [213, 264], [264, 278], [278, 287], [287, 306], [306, 299], [299, 270], [270, 269], [269, 271], [271, 265], [265, 266], [266, 317]],"Final_routing":[[13, 22], [22, 41], [41, 35], [35, 24], [24, 46], [46, 45], [45, 44], [44, 49], [49, 52], [52, 65], [65, 101], [101, 64], [64, 99], [99, 77], [77, 88], [88, 94], [94, 87], [87, 85], [85, 79], [79, 119], [119, 128], [128, 147], [147, 141], [141, 130], [130, 152], [152, 151], [151, 150], [150, 155], [155, 158], [158, 172], [172, 181], [181, 200], [200, 194], [194, 183], [183, 205], [205, 204], [204, 203], [203, 208], [208, 211], [211, 225], [225, 234], [234, 253], [253, 247], [247, 236], [236, 258], [258, 257], [257, 256], [256, 261], [261, 264], [264, 278], [278, 287], [287, 306], [306, 300], [300, 289], [289, 311], [311, 310], [310, 309], [309, 314], [314, 317]],"Properties":{"Reachability":{"startNode":13,"finalNode":317}}}
Persimmon stdout:  Chain equivalence reduction: 96 -> 25
<=== Starting iteration 0 ===>
<=== Starting iteration 1 ===>
<=== Starting iteration 2 ===>
Solution: Some([[194, 183, 205, 204, 203, 208, 300, 289, 311, 310, 309, 314, 141, 130, 152, 151, 150, 155, 247, 236, 258, 257, 256, 261, 101, 64, 99, 77, 88, 94, 35, 24, 46, 45, 44, 49], [200, 41, 253, 306, 147, 65], [193, 164, 163, 165, 159, 160, 246, 217, 216, 218, 212, 213, 299, 270, 269, 271, 265, 266, 34, 5, 4, 6, 0, 1, 63, 54, 53, 59, 57, 58, 140, 111, 110, 112, 106, 107]])
Time elapsed: 1.10ms
Time elapsed(s): 0.001104s

Persimmon stderr:  
Time: 0.001104
Solution: [[194, 183, 205, 204, 203, 208, 300, 289, 311, 310, 309, 314, 141, 130, 152, 151, 150, 155, 247, 236, 258, 257, 256, 261, 101, 64, 99, 77, 88, 94, 35, 24, 46, 45, 44, 49], [200, 41, 253, 306, 147, 65], [193, 164, 163, 165, 159, 160, 246, 217, 216, 218, 212, 213, 299, 270, 269, 271, 265, 266, 34, 5, 4, 6, 0, 1, 63, 54, 53, 59, 57, 58, 140, 111, 110, 112, 106, 107]]
	Command being timed: "python3 allsynth/run.py -t PERS --GML topologies/topzoo/Tinet.gml 5 --dir topzoo_res/Reach/PERS/PERS-1 --e-prop Reach --repeat 1"
	User time (seconds): 0.76
	System time (seconds): 1.31
	Percent of CPU this job got: 442%
	Elapsed (wall clock) time (h:mm:ss or m:ss): 0:00.46
	Average shared text size (kbytes): 0
	Average unshared data size (kbytes): 0
	Average stack size (kbytes): 0
	Average total size (kbytes): 0
	Maximum resident set size (kbytes): 72420
	Average resident set size (kbytes): 0
	Major (requiring I/O) page faults: 0
	Minor (reclaiming a frame) page faults: 13440
	Voluntary context switches: 33
	Involuntary context switches: 140
	Swaps: 0
	File system inputs: 0
	File system outputs: 24
	Socket messages sent: 0
	Socket messages received: 0
	Signals delivered: 0
	Page size (bytes): 4096
	Exit status: 0
