Namespace(tool='BDD', exper=None, gml=['topologies/topzoo/Ans.gml', '5'], index=None, prop='SeparateWPk', prop_file=None, op_req=None, repeat=1, reduce=True, opt=False, u=False, some=False, count=False, weight_bound=None, savedir='topzoo_res/SeparateWPk/reduce/BDD-1', dump_bdd=False)
Running 5Ans.gml
Policy: ((((((((((((((((WP(34-106) | WP(37-106)) | WP(90-106)) | WP(71-106)) | WP(69-106)) | WP(105-106)) | WP(107-106)) | WP(14-106)) | WP(15-106)) | WP(79-106)) | WP(48-106)) | WP(83-106)) | WP(52-106)) | WP(55-106)) | WP(24-106)) | WP(26-106)) & (Reach 106))
Initial path of nodes: [0, 1, 7, 8, 17, 15, 16, 18, 19, 25, 26, 35, 33, 34, 36, 37, 43, 44, 53, 51, 52, 54, 55, 61, 62, 71, 69, 70, 72, 73, 79, 80, 89, 87, 88, 90, 91, 97, 98, 107, 105, 106]
Final path of nodes: [0, 3, 2, 11, 12, 14, 15, 16, 18, 19, 24, 22, 23, 35, 33, 34, 36, 39, 38, 47, 48, 50, 51, 52, 54, 55, 60, 58, 59, 71, 69, 70, 72, 75, 74, 83, 84, 86, 87, 88, 90, 91, 96, 94, 95, 107, 105, 106]
Time: 0.04808807373046875
Solution: non-empty
	Command being timed: "python3 allsynth/run.py -t BDD --GML topologies/topzoo/Ans.gml 5 --dir topzoo_res/SeparateWPk/reduce/BDD-1 --e-prop SeparateWPk --repeat 1 --reduce"
	User time (seconds): 1.02
	System time (seconds): 1.21
	Percent of CPU this job got: 354%
	Elapsed (wall clock) time (h:mm:ss or m:ss): 0:00.63
	Average shared text size (kbytes): 0
	Average unshared data size (kbytes): 0
	Average stack size (kbytes): 0
	Average total size (kbytes): 0
	Maximum resident set size (kbytes): 87652
	Average resident set size (kbytes): 0
	Major (requiring I/O) page faults: 0
	Minor (reclaiming a frame) page faults: 14065
	Voluntary context switches: 23
	Involuntary context switches: 59
	Swaps: 0
	File system inputs: 0
	File system outputs: 24
	Socket messages sent: 0
	Socket messages received: 0
	Signals delivered: 0
	Page size (bytes): 4096
	Exit status: 0
