Namespace(tool='BDD', exper=None, gml=['topologies/topzoo/BtAsiaPac.gml', '5'], index=None, prop='SeparateWPk', prop_file=None, op_req=None, repeat=1, reduce=True, opt=False, u=False, some=False, count=False, weight_bound=None, savedir='topzoo_res/SeparateWPk/reduce/BDD-1', dump_bdd=False)
Running 5BtAsiaPac.gml
Policy: (((((WP(100-119) | WP(40-119)) | WP(80-119)) | WP(20-119)) | WP(60-119)) & (Reach 119))
Initial path of nodes: [0, 15, 1, 2, 19, 20, 35, 21, 22, 39, 40, 55, 41, 42, 59, 60, 75, 61, 62, 79, 80, 95, 81, 82, 99, 100, 115, 101, 102, 119]
Final path of nodes: [0, 15, 8, 2, 19, 20, 35, 28, 22, 39, 40, 55, 48, 42, 59, 60, 75, 68, 62, 79, 80, 95, 88, 82, 99, 100, 115, 108, 102, 119]
Time: 0.012972593307495117
Solution: non-empty
	Command being timed: "python3 allsynth/run.py -t BDD --GML topologies/topzoo/BtAsiaPac.gml 5 --dir topzoo_res/SeparateWPk/reduce/BDD-1 --e-prop SeparateWPk --repeat 1 --reduce"
	User time (seconds): 0.87
	System time (seconds): 1.28
	Percent of CPU this job got: 360%
	Elapsed (wall clock) time (h:mm:ss or m:ss): 0:00.59
	Average shared text size (kbytes): 0
	Average unshared data size (kbytes): 0
	Average stack size (kbytes): 0
	Average total size (kbytes): 0
	Maximum resident set size (kbytes): 87752
	Average resident set size (kbytes): 0
	Major (requiring I/O) page faults: 0
	Minor (reclaiming a frame) page faults: 14042
	Voluntary context switches: 25
	Involuntary context switches: 84
	Swaps: 0
	File system inputs: 0
	File system outputs: 24
	Socket messages sent: 0
	Socket messages received: 0
	Signals delivered: 0
	Page size (bytes): 4096
	Exit status: 0
