Namespace(tool='BDD', exper=None, gml=['topologies/topzoo/Cesnet200304.gml', '5'], index=None, prop='SeparateWPk', prop_file=None, op_req=None, repeat=1, reduce=True, opt=False, u=False, some=False, count=False, weight_bound=None, savedir='topzoo_res/SeparateWPk/reduce/BDD-1', dump_bdd=False)
Running 5Cesnet200304.gml
Policy: ((((((((((((((((WP(32-168) | WP(129-168)) | WP(67-168)) | WP(71-168)) | WP(169-168)) | WP(138-168)) | WP(112-168)) | WP(81-168)) | WP(80-168)) | WP(116-168)) | WP(22-168)) | WP(54-168)) | WP(24-168)) | WP(151-168)) | WP(93-168)) | WP(158-168)) & (Reach 168))
Initial path of nodes: [13, 9, 0, 26, 25, 24, 23, 39, 56, 54, 32, 29, 38, 43, 71, 67, 58, 84, 83, 82, 81, 100, 96, 87, 113, 112, 111, 110, 129, 125, 116, 142, 141, 140, 139, 158, 154, 145, 171, 170, 169, 168]
Final path of nodes: [13, 9, 0, 3, 25, 22, 24, 23, 39, 56, 54, 36, 35, 38, 43, 71, 67, 58, 61, 83, 80, 82, 81, 100, 96, 93, 94, 112, 111, 110, 129, 125, 116, 119, 141, 138, 140, 139, 158, 154, 151, 152, 170, 169, 168]
Time: 0.0527646541595459
Solution: non-empty
	Command being timed: "python3 allsynth/run.py -t BDD --GML topologies/topzoo/Cesnet200304.gml 5 --dir topzoo_res/SeparateWPk/reduce/BDD-1 --e-prop SeparateWPk --repeat 1 --reduce"
	User time (seconds): 0.98
	System time (seconds): 1.27
	Percent of CPU this job got: 344%
	Elapsed (wall clock) time (h:mm:ss or m:ss): 0:00.65
	Average shared text size (kbytes): 0
	Average unshared data size (kbytes): 0
	Average stack size (kbytes): 0
	Average total size (kbytes): 0
	Maximum resident set size (kbytes): 88044
	Average resident set size (kbytes): 0
	Major (requiring I/O) page faults: 0
	Minor (reclaiming a frame) page faults: 14172
	Voluntary context switches: 30
	Involuntary context switches: 425
	Swaps: 0
	File system inputs: 0
	File system outputs: 24
	Socket messages sent: 0
	Socket messages received: 0
	Signals delivered: 0
	Page size (bytes): 4096
	Exit status: 0
