Namespace(tool='BDD', exper=None, gml=['topologies/topzoo/Columbus.gml', '5'], index=None, prop='SeparateWPk', prop_file=None, op_req=None, repeat=1, reduce=True, opt=False, u=False, some=False, count=False, weight_bound=None, savedir='topzoo_res/SeparateWPk/reduce/BDD-1', dump_bdd=False)
Running 5Columbus.gml
Policy: ((((((((((((((((((((((((((((((((((((((((((((((((WP(129-414) | WP(258-414)) | WP(5-414)) | WP(134-414)) | WP(135-414)) | WP(267-414)) | WP(268-414)) | WP(400-414)) | WP(17-414)) | WP(274-414)) | WP(147-414)) | WP(273-414)) | WP(280-414)) | WP(26-414)) | WP(27-414)) | WP(28-414)) | WP(156-414)) | WP(415-414)) | WP(168-414)) | WP(171-414)) | WP(302-414)) | WP(50-414)) | WP(186-414)) | WP(187-414)) | WP(65-414)) | WP(194-414)) | WP(324-414)) | WP(74-414)) | WP(203-414)) | WP(79-414)) | WP(335-414)) | WP(337-414)) | WP(82-414)) | WP(211-414)) | WP(88-414)) | WP(346-414)) | WP(347-414)) | WP(91-414)) | WP(225-414)) | WP(355-414)) | WP(230-414)) | WP(239-414)) | WP(367-414)) | WP(369-414)) | WP(376-414)) | WP(377-414)) | WP(378-414)) | WP(126-414)) & (Reach 414))
Initial path of nodes: [19, 18, 47, 48, 57, 5, 4, 7, 1, 0, 27, 9, 46, 29, 67, 28, 65, 63, 64, 89, 88, 117, 118, 127, 75, 74, 77, 71, 70, 97, 79, 116, 99, 137, 98, 135, 133, 134, 159, 158, 187, 188, 197, 145, 144, 147, 141, 140, 167, 149, 186, 169, 207, 168, 205, 203, 204, 229, 228, 257, 258, 267, 215, 214, 217, 211, 210, 237, 219, 256, 239, 277, 238, 275, 273, 274, 299, 298, 327, 328, 337, 285, 284, 287, 281, 280, 307, 289, 326, 309, 347, 308, 345, 343, 344, 369, 368, 397, 398, 407, 355, 354, 357, 351, 350, 377, 359, 396, 379, 417, 378, 415, 413, 414]
Final path of nodes: [19, 20, 21, 22, 54, 50, 57, 56, 55, 16, 17, 58, 59, 44, 31, 26, 15, 12, 66, 28, 65, 63, 64, 89, 90, 91, 92, 124, 120, 127, 126, 125, 86, 87, 128, 129, 114, 101, 96, 85, 82, 136, 98, 135, 133, 134, 159, 160, 161, 162, 194, 190, 197, 196, 195, 156, 157, 198, 199, 184, 171, 166, 155, 152, 206, 168, 205, 203, 204, 229, 230, 231, 232, 264, 260, 267, 266, 265, 226, 227, 268, 269, 254, 241, 236, 225, 222, 276, 238, 275, 273, 274, 299, 300, 301, 302, 334, 330, 337, 336, 335, 296, 297, 338, 339, 324, 311, 306, 295, 292, 346, 308, 345, 343, 344, 369, 370, 371, 372, 404, 400, 407, 406, 405, 366, 367, 408, 409, 394, 381, 376, 365, 362, 416, 378, 415, 413, 414]
Time: 3.0349783897399902
Solution: non-empty
	Command being timed: "python3 allsynth/run.py -t BDD --GML topologies/topzoo/Columbus.gml 5 --dir topzoo_res/SeparateWPk/reduce/BDD-1 --e-prop SeparateWPk --repeat 1 --reduce"
	User time (seconds): 4.03
	System time (seconds): 1.27
	Percent of CPU this job got: 141%
	Elapsed (wall clock) time (h:mm:ss or m:ss): 0:03.74
	Average shared text size (kbytes): 0
	Average unshared data size (kbytes): 0
	Average stack size (kbytes): 0
	Average total size (kbytes): 0
	Maximum resident set size (kbytes): 89260
	Average resident set size (kbytes): 0
	Major (requiring I/O) page faults: 0
	Minor (reclaiming a frame) page faults: 14775
	Voluntary context switches: 25
	Involuntary context switches: 95
	Swaps: 0
	File system inputs: 0
	File system outputs: 24
	Socket messages sent: 0
	Socket messages received: 0
	Signals delivered: 0
	Page size (bytes): 4096
	Exit status: 0
