Namespace(tool='BDD', exper=None, gml=['topologies/topzoo/Colt.gml', '5'], index=None, prop='SeparateWPk', prop_file=None, op_req=None, repeat=1, reduce=True, opt=False, u=False, some=False, count=False, weight_bound=None, savedir='topzoo_res/SeparateWPk/reduce/BDD-1', dump_bdd=False)
Running 5Colt.gml
Policy: ((((((((((((((((((((((((((((((((((((((((((((((((((((((((WP(2-860) | WP(387-860)) | WP(260-860)) | WP(388-860)) | WP(262-860)) | WP(517-860)) | WP(770-860)) | WP(522-860)) | WP(13-860)) | WP(782-860)) | WP(527-860)) | WP(17-860)) | WP(917-860)) | WP(152-860)) | WP(795-860)) | WP(668-860)) | WP(413-860)) | WP(158-860)) | WP(669-860)) | WP(289-860)) | WP(291-860)) | WP(678-860)) | WP(684-860)) | WP(686-860)) | WP(308-860)) | WP(822-860)) | WP(183-860)) | WP(568-860)) | WP(823-860)) | WP(828-860)) | WP(318-860)) | WP(319-860)) | WP(582-860)) | WP(72-860)) | WP(74-860)) | WP(719-860)) | WP(464-860)) | WP(211-860)) | WP(600-860)) | WP(216-860)) | WP(860-860)) | WP(95-860)) | WP(357-860)) | WP(614-860)) | WP(489-860)) | WP(874-860)) | WP(107-860)) | WP(363-860)) | WP(751-860)) | WP(625-860)) | WP(626-860)) | WP(883-860)) | WP(118-860)) | WP(378-860)) | WP(380-860)) | WP(509-860)) & (Reach 860))
Initial path of nodes: [57, 56, 50, 51, 136, 17, 14, 141, 12, 30, 118, 139, 123, 82, 138, 152, 66, 68, 81, 107, 95, 210, 209, 203, 204, 289, 170, 167, 294, 165, 183, 271, 292, 276, 235, 291, 305, 219, 221, 234, 260, 248, 363, 362, 356, 357, 442, 323, 320, 447, 318, 336, 424, 445, 429, 388, 444, 458, 372, 374, 387, 413, 401, 516, 515, 509, 510, 595, 476, 473, 600, 471, 489, 577, 598, 582, 541, 597, 611, 525, 527, 540, 566, 554, 669, 668, 662, 663, 748, 629, 626, 753, 624, 642, 730, 751, 735, 694, 750, 764, 678, 680, 693, 719, 707, 822, 821, 815, 816, 901, 782, 779, 906, 777, 795, 883, 904, 888, 847, 903, 917, 831, 833, 846, 872, 860]
Final path of nodes: [57, 56, 50, 53, 51, 2, 144, 5, 4, 8, 13, 119, 30, 118, 117, 74, 125, 63, 126, 64, 72, 152, 109, 112, 111, 107, 95, 210, 209, 212, 211, 203, 204, 155, 297, 158, 157, 161, 166, 272, 183, 271, 270, 227, 278, 216, 279, 217, 225, 305, 262, 265, 264, 260, 248, 363, 362, 356, 359, 357, 308, 450, 311, 310, 314, 319, 425, 336, 424, 423, 380, 431, 369, 432, 370, 378, 458, 415, 418, 417, 413, 401, 516, 515, 518, 517, 509, 510, 461, 603, 464, 463, 467, 472, 578, 489, 577, 576, 533, 584, 522, 585, 523, 531, 611, 568, 571, 570, 566, 554, 669, 668, 662, 665, 663, 614, 756, 617, 616, 620, 625, 731, 642, 730, 729, 686, 737, 675, 738, 676, 684, 764, 721, 724, 723, 719, 707, 822, 821, 824, 823, 815, 816, 767, 909, 770, 769, 773, 778, 884, 795, 883, 882, 839, 890, 828, 891, 829, 837, 917, 874, 877, 876, 872, 860]
Time: 2.1323459148406982
Solution: non-empty
	Command being timed: "python3 allsynth/run.py -t BDD --GML topologies/topzoo/Colt.gml 5 --dir topzoo_res/SeparateWPk/reduce/BDD-1 --e-prop SeparateWPk --repeat 1 --reduce"
	User time (seconds): 3.70
	System time (seconds): 1.27
	Percent of CPU this job got: 147%
	Elapsed (wall clock) time (h:mm:ss or m:ss): 0:03.37
	Average shared text size (kbytes): 0
	Average unshared data size (kbytes): 0
	Average stack size (kbytes): 0
	Average total size (kbytes): 0
	Maximum resident set size (kbytes): 93268
	Average resident set size (kbytes): 0
	Major (requiring I/O) page faults: 0
	Minor (reclaiming a frame) page faults: 16054
	Voluntary context switches: 22
	Involuntary context switches: 48
	Swaps: 0
	File system inputs: 0
	File system outputs: 24
	Socket messages sent: 0
	Socket messages received: 0
	Signals delivered: 0
	Page size (bytes): 4096
	Exit status: 0
