Namespace(tool='BDD', exper=None, gml=['topologies/topzoo/Getnet.gml', '5'], index=None, prop='SeparateWPk', prop_file=None, op_req=None, repeat=1, reduce=True, opt=False, u=False, some=False, count=False, weight_bound=None, savedir='topzoo_res/SeparateWPk/reduce/BDD-1', dump_bdd=False)
Running 5Getnet.gml
Policy: (((((((((WP(37-41) | WP(38-41)) | WP(7-41)) | WP(8-41)) | WP(15-41)) | WP(16-41)) | WP(23-41)) | WP(27-41)) | WP(30-41)) & (Reach 41))
Initial path of nodes: [3, 2, 1, 6, 7, 8, 11, 12, 17, 16, 15, 20, 24, 23, 22, 27, 31, 30, 29, 34, 38, 37, 36, 41]
Final path of nodes: [3, 2, 4, 5, 6, 7, 8, 13, 12, 17, 16, 18, 19, 20, 24, 23, 25, 26, 27, 31, 30, 32, 33, 34, 38, 37, 39, 40, 41]
Time: 0.019947052001953125
Solution: non-empty
	Command being timed: "python3 allsynth/run.py -t BDD --GML topologies/topzoo/Getnet.gml 5 --dir topzoo_res/SeparateWPk/reduce/BDD-1 --e-prop SeparateWPk --repeat 1 --reduce"
	User time (seconds): 0.86
	System time (seconds): 1.27
	Percent of CPU this job got: 336%
	Elapsed (wall clock) time (h:mm:ss or m:ss): 0:00.63
	Average shared text size (kbytes): 0
	Average unshared data size (kbytes): 0
	Average stack size (kbytes): 0
	Average total size (kbytes): 0
	Maximum resident set size (kbytes): 86804
	Average resident set size (kbytes): 0
	Major (requiring I/O) page faults: 0
	Minor (reclaiming a frame) page faults: 13869
	Voluntary context switches: 25
	Involuntary context switches: 400
	Swaps: 0
	File system inputs: 0
	File system outputs: 24
	Socket messages sent: 0
	Socket messages received: 0
	Signals delivered: 0
	Page size (bytes): 4096
	Exit status: 0
