Namespace(tool='BDD', exper=None, gml=['topologies/topzoo/HurricaneElectric.gml', '5'], index=None, prop='SeparateWPk', prop_file=None, op_req=None, repeat=1, reduce=True, opt=False, u=False, some=False, count=False, weight_bound=None, savedir='topzoo_res/SeparateWPk/reduce/BDD-1', dump_bdd=False)
Running 5HurricaneElectric.gml
Policy: (((((((((((WP(96-137) | WP(65-137)) | WP(99-137)) | WP(36-137)) | WP(133-137)) | WP(76-137)) | WP(13-137)) | WP(47-137)) | WP(49-137)) | WP(81-137)) | WP(126-137)) & (Reach 137))
Initial path of nodes: [6, 1, 0, 12, 9, 13, 17, 30, 25, 24, 36, 33, 37, 41, 54, 49, 48, 60, 57, 61, 65, 78, 73, 72, 84, 81, 85, 89, 102, 97, 96, 108, 105, 109, 113, 126, 121, 120, 132, 129, 133, 137]
Final path of nodes: [6, 1, 3, 23, 4, 13, 17, 30, 25, 27, 47, 28, 37, 41, 54, 49, 51, 71, 52, 61, 65, 78, 73, 75, 95, 76, 85, 89, 102, 97, 99, 119, 100, 109, 113, 126, 121, 123, 143, 124, 133, 137]
Time: 0.027509689331054688
Solution: non-empty
	Command being timed: "python3 allsynth/run.py -t BDD --GML topologies/topzoo/HurricaneElectric.gml 5 --dir topzoo_res/SeparateWPk/reduce/BDD-1 --e-prop SeparateWPk --repeat 1 --reduce"
	User time (seconds): 0.92
	System time (seconds): 1.30
	Percent of CPU this job got: 354%
	Elapsed (wall clock) time (h:mm:ss or m:ss): 0:00.63
	Average shared text size (kbytes): 0
	Average unshared data size (kbytes): 0
	Average stack size (kbytes): 0
	Average total size (kbytes): 0
	Maximum resident set size (kbytes): 87988
	Average resident set size (kbytes): 0
	Major (requiring I/O) page faults: 0
	Minor (reclaiming a frame) page faults: 14114
	Voluntary context switches: 22
	Involuntary context switches: 136
	Swaps: 0
	File system inputs: 0
	File system outputs: 24
	Socket messages sent: 0
	Socket messages received: 0
	Signals delivered: 0
	Page size (bytes): 4096
	Exit status: 0
