Namespace(tool='BDD', exper=None, gml=['topologies/topzoo/Ion.gml', '5'], index=None, prop='SeparateWPk', prop_file=None, op_req=None, repeat=1, reduce=True, opt=False, u=False, some=False, count=False, weight_bound=None, savedir='topzoo_res/SeparateWPk/reduce/BDD-1', dump_bdd=False)
Running 5Ion.gml
Policy: ((((((((((((((((((((((((((((((((((((((((((((((((((((((((((((WP(128-727) | WP(258-727)) | WP(388-727)) | WP(519-727)) | WP(136-727)) | WP(521-727)) | WP(10-727)) | WP(268-727)) | WP(526-727)) | WP(529-727)) | WP(408-727)) | WP(284-727)) | WP(673-727)) | WP(549-727)) | WP(684-727)) | WP(558-727)) | WP(48-727)) | WP(691-727)) | WP(310-727)) | WP(438-727)) | WP(59-727)) | WP(317-727)) | WP(574-727)) | WP(704-727)) | WP(66-727)) | WP(197-727)) | WP(581-727)) | WP(327-727)) | WP(455-727)) | WP(711-727)) | WP(458-727)) | WP(203-727)) | WP(332-727)) | WP(590-727)) | WP(337-727)) | WP(467-727)) | WP(339-727)) | WP(86-727)) | WP(727-727)) | WP(728-727)) | WP(730-727)) | WP(219-727)) | WP(475-727)) | WP(221-727)) | WP(349-727)) | WP(352-727)) | WP(225-727)) | WP(228-727)) | WP(484-727)) | WP(102-727)) | WP(103-727)) | WP(232-727)) | WP(105-727)) | WP(740-727)) | WP(492-727)) | WP(115-727)) | WP(502-727)) | WP(249-727)) | WP(635-727)) | WP(380-727)) & (Reach 727))
Initial path of nodes: [79, 21, 80, 77, 78, 48, 49, 109, 60, 124, 59, 19, 13, 18, 11, 10, 58, 92, 8, 100, 105, 29, 33, 34, 103, 102, 204, 146, 205, 202, 203, 173, 174, 234, 185, 249, 184, 144, 138, 143, 136, 135, 183, 217, 133, 225, 230, 154, 158, 159, 228, 227, 329, 271, 330, 327, 328, 298, 299, 359, 310, 374, 309, 269, 263, 268, 261, 260, 308, 342, 258, 350, 355, 279, 283, 284, 353, 352, 454, 396, 455, 452, 453, 423, 424, 484, 435, 499, 434, 394, 388, 393, 386, 385, 433, 467, 383, 475, 480, 404, 408, 409, 478, 477, 579, 521, 580, 577, 578, 548, 549, 609, 560, 624, 559, 519, 513, 518, 511, 510, 558, 592, 508, 600, 605, 529, 533, 534, 603, 602, 704, 646, 705, 702, 703, 673, 674, 734, 685, 749, 684, 644, 638, 643, 636, 635, 683, 717, 633, 725, 730, 654, 658, 659, 728, 727]
Final path of nodes: [79, 82, 81, 94, 83, 86, 67, 74, 72, 117, 115, 89, 90, 96, 63, 66, 87, 26, 107, 100, 105, 99, 2, 3, 5, 103, 102, 204, 207, 206, 219, 208, 211, 192, 199, 197, 242, 240, 214, 215, 221, 188, 191, 212, 151, 232, 225, 230, 224, 127, 128, 130, 228, 227, 329, 332, 331, 344, 333, 336, 317, 324, 322, 367, 365, 339, 340, 346, 313, 316, 337, 276, 357, 350, 355, 349, 252, 253, 255, 353, 352, 454, 457, 456, 469, 458, 461, 442, 449, 447, 492, 490, 464, 465, 471, 438, 441, 462, 401, 482, 475, 480, 474, 377, 378, 380, 478, 477, 579, 582, 581, 594, 583, 586, 567, 574, 572, 617, 615, 589, 590, 596, 563, 566, 587, 526, 607, 600, 605, 599, 502, 503, 505, 603, 602, 704, 707, 706, 719, 708, 711, 692, 699, 697, 742, 740, 714, 715, 721, 688, 691, 712, 651, 732, 725, 730, 724, 627, 628, 630, 728, 727]
Time: 2.713380813598633
Solution: non-empty
	Command being timed: "python3 allsynth/run.py -t BDD --GML topologies/topzoo/Ion.gml 5 --dir topzoo_res/SeparateWPk/reduce/BDD-1 --e-prop SeparateWPk --repeat 1 --reduce"
	User time (seconds): 4.14
	System time (seconds): 1.22
	Percent of CPU this job got: 136%
	Elapsed (wall clock) time (h:mm:ss or m:ss): 0:03.92
	Average shared text size (kbytes): 0
	Average unshared data size (kbytes): 0
	Average stack size (kbytes): 0
	Average total size (kbytes): 0
	Maximum resident set size (kbytes): 90432
	Average resident set size (kbytes): 0
	Major (requiring I/O) page faults: 0
	Minor (reclaiming a frame) page faults: 15224
	Voluntary context switches: 27
	Involuntary context switches: 8153
	Swaps: 0
	File system inputs: 0
	File system outputs: 24
	Socket messages sent: 0
	Socket messages received: 0
	Signals delivered: 0
	Page size (bytes): 4096
	Exit status: 0
