Namespace(tool='BDD', exper=None, gml=['topologies/topzoo/KentmanJan2011.gml', '5'], index=None, prop='SeparateWPk', prop_file=None, op_req=None, repeat=1, reduce=True, opt=False, u=False, some=False, count=False, weight_bound=None, savedir='topzoo_res/SeparateWPk/reduce/BDD-1', dump_bdd=False)
Running 5KentmanJan2011.gml
Policy: ((((((((((((((((WP(195-227) | WP(132-227)) | WP(71-227)) | WP(170-227)) | WP(43-227)) | WP(76-227)) | WP(111-227)) | WP(113-227)) | WP(18-227)) | WP(220-227)) | WP(119-227)) | WP(152-227)) | WP(94-227)) | WP(190-227)) | WP(157-227)) | WP(30-227)) & (Reach 227))
Initial path of nodes: [0, 35, 5, 33, 18, 30, 37, 38, 73, 43, 71, 56, 68, 75, 76, 111, 81, 109, 94, 106, 113, 114, 149, 119, 147, 132, 144, 151, 152, 187, 157, 185, 170, 182, 189, 190, 225, 195, 223, 208, 220, 227]
Final path of nodes: [0, 35, 5, 12, 33, 18, 30, 37, 38, 73, 43, 71, 56, 68, 75, 76, 111, 81, 88, 109, 94, 106, 113, 114, 149, 119, 147, 132, 144, 151, 152, 187, 157, 164, 185, 170, 182, 189, 190, 225, 195, 223, 208, 220, 227]
Time: 0.03637528419494629
Solution: non-empty
	Command being timed: "python3 allsynth/run.py -t BDD --GML topologies/topzoo/KentmanJan2011.gml 5 --dir topzoo_res/SeparateWPk/reduce/BDD-1 --e-prop SeparateWPk --repeat 1 --reduce"
	User time (seconds): 0.97
	System time (seconds): 1.33
	Percent of CPU this job got: 329%
	Elapsed (wall clock) time (h:mm:ss or m:ss): 0:00.70
	Average shared text size (kbytes): 0
	Average unshared data size (kbytes): 0
	Average stack size (kbytes): 0
	Average total size (kbytes): 0
	Maximum resident set size (kbytes): 90316
	Average resident set size (kbytes): 0
	Major (requiring I/O) page faults: 0
	Minor (reclaiming a frame) page faults: 14192
	Voluntary context switches: 32
	Involuntary context switches: 47
	Swaps: 0
	File system inputs: 0
	File system outputs: 24
	Socket messages sent: 0
	Socket messages received: 0
	Signals delivered: 0
	Page size (bytes): 4096
	Exit status: 0
