Namespace(tool='BDD', exper=None, gml=['topologies/topzoo/Litnet.gml', '5'], index=None, prop='SeparateWPk', prop_file=None, op_req=None, repeat=1, reduce=True, opt=False, u=False, some=False, count=False, weight_bound=None, savedir='topzoo_res/SeparateWPk/reduce/BDD-1', dump_bdd=False)
Running 5Litnet.gml
Policy: (((((((((((WP(129-257) | WP(161-257)) | WP(257-257)) | WP(42-257)) | WP(43-257)) | WP(172-257)) | WP(76-257)) | WP(173-257)) | WP(112-257)) | WP(86-257)) | WP(215-257)) & (Reach 257))
Initial path of nodes: [0, 1, 39, 33, 42, 43, 44, 82, 76, 85, 86, 87, 125, 119, 128, 129, 130, 168, 162, 171, 172, 173, 211, 205, 214, 215, 216, 254, 248, 257]
Final path of nodes: [0, 1, 32, 26, 33, 42, 43, 44, 75, 69, 76, 85, 86, 87, 118, 112, 119, 128, 129, 130, 161, 155, 162, 171, 172, 173, 204, 198, 205, 214, 215, 216, 247, 241, 248, 257]
Time: 0.0223691463470459
Solution: non-empty
	Command being timed: "python3 allsynth/run.py -t BDD --GML topologies/topzoo/Litnet.gml 5 --dir topzoo_res/SeparateWPk/reduce/BDD-1 --e-prop SeparateWPk --repeat 1 --reduce"
	User time (seconds): 0.92
	System time (seconds): 1.27
	Percent of CPU this job got: 318%
	Elapsed (wall clock) time (h:mm:ss or m:ss): 0:00.68
	Average shared text size (kbytes): 0
	Average unshared data size (kbytes): 0
	Average stack size (kbytes): 0
	Average total size (kbytes): 0
	Maximum resident set size (kbytes): 88232
	Average resident set size (kbytes): 0
	Major (requiring I/O) page faults: 0
	Minor (reclaiming a frame) page faults: 14283
	Voluntary context switches: 24
	Involuntary context switches: 56169
	Swaps: 0
	File system inputs: 0
	File system outputs: 24
	Socket messages sent: 0
	Socket messages received: 0
	Signals delivered: 0
	Page size (bytes): 4096
	Exit status: 0
