Namespace(tool='BDD', exper=None, gml=['topologies/topzoo/Nextgen.gml', '5'], index=None, prop='SeparateWPk', prop_file=None, op_req=None, repeat=1, reduce=True, opt=False, u=False, some=False, count=False, weight_bound=None, savedir='topzoo_res/SeparateWPk/reduce/BDD-1', dump_bdd=False)
Running 5Nextgen.gml
Policy: ((((((((((((((((((((WP(4-100) | WP(8-100)) | WP(15-100)) | WP(19-100)) | WP(26-100)) | WP(30-100)) | WP(33-100)) | WP(37-100)) | WP(44-100)) | WP(46-100)) | WP(51-100)) | WP(56-100)) | WP(58-100)) | WP(69-100)) | WP(74-100)) | WP(79-100)) | WP(89-100)) | WP(93-100)) | WP(99-100)) | WP(100-100)) & (Reach 100))
Initial path of nodes: [14, 1, 0, 3, 2, 8, 11, 7, 10, 9, 15, 31, 18, 17, 20, 19, 25, 28, 24, 27, 26, 32, 48, 35, 34, 37, 36, 42, 45, 41, 44, 43, 49, 65, 52, 51, 54, 53, 59, 62, 58, 61, 60, 66, 82, 69, 68, 71, 70, 76, 79, 75, 78, 77, 83, 99, 86, 85, 88, 87, 93, 96, 92, 95, 94, 100]
Final path of nodes: [14, 6, 5, 12, 13, 4, 11, 7, 10, 16, 15, 31, 23, 22, 29, 30, 21, 28, 24, 27, 33, 32, 48, 40, 39, 46, 47, 38, 45, 41, 44, 50, 49, 65, 57, 56, 63, 64, 55, 62, 58, 61, 67, 66, 82, 74, 73, 80, 81, 72, 79, 75, 78, 84, 83, 99, 91, 90, 97, 98, 89, 96, 92, 95, 101, 100]
Time: 0.1464242935180664
Solution: non-empty
	Command being timed: "python3 allsynth/run.py -t BDD --GML topologies/topzoo/Nextgen.gml 5 --dir topzoo_res/SeparateWPk/reduce/BDD-1 --e-prop SeparateWPk --repeat 1 --reduce"
	User time (seconds): 1.01
	System time (seconds): 1.33
	Percent of CPU this job got: 279%
	Elapsed (wall clock) time (h:mm:ss or m:ss): 0:00.84
	Average shared text size (kbytes): 0
	Average unshared data size (kbytes): 0
	Average stack size (kbytes): 0
	Average total size (kbytes): 0
	Maximum resident set size (kbytes): 87136
	Average resident set size (kbytes): 0
	Major (requiring I/O) page faults: 0
	Minor (reclaiming a frame) page faults: 14068
	Voluntary context switches: 22
	Involuntary context switches: 146
	Swaps: 0
	File system inputs: 0
	File system outputs: 24
	Socket messages sent: 0
	Socket messages received: 0
	Signals delivered: 0
	Page size (bytes): 4096
	Exit status: 0
