Namespace(tool='BDD', exper=None, gml=['topologies/topzoo/PionierL3.gml', '5'], index=None, prop='SeparateWPk', prop_file=None, op_req=None, repeat=1, reduce=True, opt=False, u=False, some=False, count=False, weight_bound=None, savedir='topzoo_res/SeparateWPk/reduce/BDD-1', dump_bdd=False)
Running 5PionierL3.gml
Policy: ((((((((((((((((((((((((((WP(0-227) | WP(150-227)) | WP(27-227)) | WP(155-227)) | WP(36-227)) | WP(37-227)) | WP(38-227)) | WP(39-227)) | WP(171-227)) | WP(172-227)) | WP(48-227)) | WP(182-227)) | WP(57-227)) | WP(190-227)) | WP(195-227)) | WP(198-227)) | WP(83-227)) | WP(224-227)) | WP(227-227)) | WP(99-227)) | WP(104-227)) | WP(110-227)) | WP(113-227)) | WP(118-227)) | WP(123-227)) | WP(125-227)) & (Reach 227))
Initial path of nodes: [5, 19, 4, 7, 1, 0, 3, 11, 28, 10, 37, 43, 57, 42, 45, 39, 38, 41, 49, 66, 48, 75, 81, 95, 80, 83, 77, 76, 79, 87, 104, 86, 113, 119, 133, 118, 121, 115, 114, 117, 125, 142, 124, 151, 157, 171, 156, 159, 153, 152, 155, 163, 180, 162, 189, 195, 209, 194, 197, 191, 190, 193, 201, 218, 200, 227]
Final path of nodes: [5, 19, 8, 23, 18, 27, 20, 6, 34, 35, 36, 30, 10, 37, 43, 57, 46, 61, 47, 39, 38, 72, 73, 74, 68, 48, 75, 81, 95, 84, 99, 94, 103, 96, 82, 110, 111, 112, 106, 86, 113, 119, 133, 122, 137, 123, 115, 114, 148, 149, 150, 144, 124, 151, 157, 171, 160, 175, 170, 179, 172, 158, 186, 187, 188, 182, 162, 189, 195, 209, 198, 213, 199, 191, 190, 224, 225, 226, 220, 200, 227]
Time: 0.32742834091186523
Solution: non-empty
	Command being timed: "python3 allsynth/run.py -t BDD --GML topologies/topzoo/PionierL3.gml 5 --dir topzoo_res/SeparateWPk/reduce/BDD-1 --e-prop SeparateWPk --repeat 1 --reduce"
	User time (seconds): 1.21
	System time (seconds): 1.31
	Percent of CPU this job got: 274%
	Elapsed (wall clock) time (h:mm:ss or m:ss): 0:00.92
	Average shared text size (kbytes): 0
	Average unshared data size (kbytes): 0
	Average stack size (kbytes): 0
	Average total size (kbytes): 0
	Maximum resident set size (kbytes): 90416
	Average resident set size (kbytes): 0
	Major (requiring I/O) page faults: 0
	Minor (reclaiming a frame) page faults: 14486
	Voluntary context switches: 33
	Involuntary context switches: 41
	Swaps: 0
	File system inputs: 0
	File system outputs: 24
	Socket messages sent: 0
	Socket messages received: 0
	Signals delivered: 0
	Page size (bytes): 4096
	Exit status: 0
