Namespace(tool='BDD', exper=None, gml=['topologies/topzoo/Roedunet.gml', '5'], index=None, prop='SeparateWPk', prop_file=None, op_req=None, repeat=1, reduce=True, opt=False, u=False, some=False, count=False, weight_bound=None, savedir='topzoo_res/SeparateWPk/reduce/BDD-1', dump_bdd=False)
Running 5Roedunet.gml
Policy: (((((WP(136-251) | WP(43-251)) | WP(178-251)) | WP(220-251)) | WP(94-251)) & (Reach 251))
Initial path of nodes: [10, 22, 4, 40, 41, 43, 42, 46, 78, 79, 94, 106, 88, 124, 125, 136, 148, 130, 166, 167, 178, 190, 172, 208, 209, 220, 232, 214, 250, 251]
Final path of nodes: [10, 22, 36, 40, 41, 43, 42, 82, 78, 79, 94, 106, 120, 124, 125, 136, 148, 162, 166, 167, 178, 190, 204, 208, 209, 220, 232, 246, 250, 251]
Time: 0.012713193893432617
Solution: non-empty
	Command being timed: "python3 allsynth/run.py -t BDD --GML topologies/topzoo/Roedunet.gml 5 --dir topzoo_res/SeparateWPk/reduce/BDD-1 --e-prop SeparateWPk --repeat 1 --reduce"
	User time (seconds): 0.91
	System time (seconds): 1.31
	Percent of CPU this job got: 357%
	Elapsed (wall clock) time (h:mm:ss or m:ss): 0:00.62
	Average shared text size (kbytes): 0
	Average unshared data size (kbytes): 0
	Average stack size (kbytes): 0
	Average total size (kbytes): 0
	Maximum resident set size (kbytes): 88656
	Average resident set size (kbytes): 0
	Major (requiring I/O) page faults: 0
	Minor (reclaiming a frame) page faults: 14268
	Voluntary context switches: 27
	Involuntary context switches: 359
	Swaps: 0
	File system inputs: 0
	File system outputs: 24
	Socket messages sent: 0
	Socket messages received: 0
	Signals delivered: 0
	Page size (bytes): 4096
	Exit status: 0
