Namespace(tool='BDD', exper=None, gml=['topologies/topzoo/Sanet.gml', '5'], index=None, prop='SeparateWPk', prop_file=None, op_req=None, repeat=1, reduce=True, opt=False, u=False, some=False, count=False, weight_bound=None, savedir='topzoo_res/SeparateWPk/reduce/BDD-1', dump_bdd=False)
Running 5Sanet.gml
Policy: ((((((((((((((((((((((((((((((((WP(0-249) | WP(134-249)) | WP(141-249)) | WP(24-249)) | WP(29-249)) | WP(159-249)) | WP(160-249)) | WP(163-249)) | WP(42-249)) | WP(44-249)) | WP(176-249)) | WP(49-249)) | WP(68-249)) | WP(196-249)) | WP(198-249)) | WP(199-249)) | WP(71-249)) | WP(75-249)) | WP(80-249)) | WP(214-249)) | WP(215-249)) | WP(88-249)) | WP(87-249)) | WP(94-249)) | WP(238-249)) | WP(240-249)) | WP(241-249)) | WP(244-249)) | WP(117-249)) | WP(118-249)) | WP(120-249)) | WP(254-249)) & (Reach 249))
Initial path of nodes: [26, 25, 32, 31, 27, 29, 28, 8, 5, 4, 0, 3, 2, 34, 53, 80, 81, 58, 57, 56, 49, 66, 67, 73, 74, 75, 68, 69, 112, 111, 118, 117, 113, 115, 114, 94, 91, 90, 86, 89, 88, 120, 155, 154, 161, 160, 156, 158, 157, 137, 134, 133, 129, 132, 131, 163, 198, 197, 204, 203, 199, 201, 200, 180, 177, 176, 172, 175, 174, 206, 241, 240, 247, 246, 242, 244, 243, 223, 220, 219, 215, 218, 217, 249]
Final path of nodes: [26, 25, 32, 31, 30, 24, 23, 6, 1, 12, 42, 39, 33, 34, 53, 80, 81, 82, 85, 55, 44, 49, 50, 48, 51, 71, 72, 70, 74, 75, 68, 69, 112, 111, 118, 117, 116, 110, 109, 92, 87, 98, 128, 125, 119, 120, 155, 154, 161, 160, 159, 153, 152, 135, 130, 141, 171, 168, 162, 163, 198, 197, 204, 203, 202, 196, 195, 178, 173, 184, 214, 211, 205, 206, 241, 240, 247, 246, 245, 239, 238, 221, 216, 227, 257, 254, 248, 249]
Time: 0.19329404830932617
Solution: non-empty
	Command being timed: "python3 allsynth/run.py -t BDD --GML topologies/topzoo/Sanet.gml 5 --dir topzoo_res/SeparateWPk/reduce/BDD-1 --e-prop SeparateWPk --repeat 1 --reduce"
	User time (seconds): 1.12
	System time (seconds): 1.31
	Percent of CPU this job got: 293%
	Elapsed (wall clock) time (h:mm:ss or m:ss): 0:00.83
	Average shared text size (kbytes): 0
	Average unshared data size (kbytes): 0
	Average stack size (kbytes): 0
	Average total size (kbytes): 0
	Maximum resident set size (kbytes): 88920
	Average resident set size (kbytes): 0
	Major (requiring I/O) page faults: 0
	Minor (reclaiming a frame) page faults: 14526
	Voluntary context switches: 28
	Involuntary context switches: 48
	Swaps: 0
	File system inputs: 0
	File system outputs: 24
	Socket messages sent: 0
	Socket messages received: 0
	Signals delivered: 0
	Page size (bytes): 4096
	Exit status: 0
