Namespace(tool='BDD', exper=None, gml=['topologies/topzoo/Shentel.gml', '5'], index=None, prop='SeparateWPk', prop_file=None, op_req=None, repeat=1, reduce=True, opt=False, u=False, some=False, count=False, weight_bound=None, savedir='topzoo_res/SeparateWPk/reduce/BDD-1', dump_bdd=False)
Running 5Shentel.gml
Policy: ((((((((((((((((((((((((((((((((WP(132-167) | WP(9-167)) | WP(15-167)) | WP(20-167)) | WP(149-167)) | WP(27-167)) | WP(155-167)) | WP(157-167)) | WP(160-167)) | WP(36-167)) | WP(38-167)) | WP(167-167)) | WP(41-167)) | WP(47-167)) | WP(50-167)) | WP(54-167)) | WP(67-167)) | WP(68-167)) | WP(72-167)) | WP(74-167)) | WP(80-167)) | WP(81-167)) | WP(87-167)) | WP(95-167)) | WP(96-167)) | WP(98-167)) | WP(107-167)) | WP(111-167)) | WP(114-167)) | WP(120-167)) | WP(122-167)) | WP(125-167)) & (Reach 167))
Initial path of nodes: [17, 10, 11, 12, 13, 9, 8, 24, 14, 20, 15, 19, 18, 27, 45, 38, 39, 40, 41, 37, 36, 52, 42, 48, 43, 47, 46, 55, 73, 66, 67, 68, 69, 65, 64, 80, 70, 76, 71, 75, 74, 83, 101, 94, 95, 96, 97, 93, 92, 108, 98, 104, 99, 103, 102, 111, 129, 122, 123, 124, 125, 121, 120, 136, 126, 132, 127, 131, 130, 139, 157, 150, 151, 152, 153, 149, 148, 164, 154, 160, 155, 159, 158, 167]
Final path of nodes: [17, 10, 11, 12, 13, 9, 8, 23, 16, 22, 20, 2, 3, 25, 26, 27, 45, 38, 39, 40, 41, 37, 36, 51, 44, 50, 48, 30, 31, 53, 54, 55, 73, 66, 67, 68, 69, 65, 64, 79, 72, 78, 76, 58, 59, 81, 82, 83, 101, 94, 95, 96, 97, 93, 92, 107, 100, 106, 104, 86, 87, 109, 110, 111, 129, 122, 123, 124, 125, 121, 120, 135, 128, 134, 132, 114, 115, 137, 138, 139, 157, 150, 151, 152, 153, 149, 148, 163, 156, 162, 160, 142, 143, 165, 166, 167]
Time: 0.7017226219177246
Solution: non-empty
	Command being timed: "python3 allsynth/run.py -t BDD --GML topologies/topzoo/Shentel.gml 5 --dir topzoo_res/SeparateWPk/reduce/BDD-1 --e-prop SeparateWPk --repeat 1 --reduce"
	User time (seconds): 1.60
	System time (seconds): 1.28
	Percent of CPU this job got: 225%
	Elapsed (wall clock) time (h:mm:ss or m:ss): 0:01.28
	Average shared text size (kbytes): 0
	Average unshared data size (kbytes): 0
	Average stack size (kbytes): 0
	Average total size (kbytes): 0
	Maximum resident set size (kbytes): 88108
	Average resident set size (kbytes): 0
	Major (requiring I/O) page faults: 0
	Minor (reclaiming a frame) page faults: 14448
	Voluntary context switches: 24
	Involuntary context switches: 105
	Swaps: 0
	File system inputs: 0
	File system outputs: 24
	Socket messages sent: 0
	Socket messages received: 0
	Signals delivered: 0
	Page size (bytes): 4096
	Exit status: 0
