Namespace(tool='BDD', exper=None, gml=['topologies/topzoo/UsCarrier.gml', '5'], index=None, prop='SeparateWPk', prop_file=None, op_req=None, repeat=1, reduce=True, opt=False, u=False, some=False, count=False, weight_bound=None, savedir='topzoo_res/SeparateWPk/reduce/BDD-1', dump_bdd=False)
Running 5UsCarrier.gml
Policy: ((((((((((((((((((((((((((((((((((((((((((((((((((((((((((((((((((((((((((((((((((((((WP(2-937) | WP(516-937)) | WP(8-937)) | WP(523-937)) | WP(12-937)) | WP(524-937)) | WP(20-937)) | WP(536-937)) | WP(30-937)) | WP(35-937)) | WP(552-937)) | WP(558-937)) | WP(57-937)) | WP(590-937)) | WP(79-937)) | WP(605-937)) | WP(99-937)) | WP(617-937)) | WP(106-937)) | WP(618-937)) | WP(619-937)) | WP(638-937)) | WP(129-937)) | WP(653-937)) | WP(142-937)) | WP(146-937)) | WP(147-937)) | WP(662-937)) | WP(665-937)) | WP(674-937)) | WP(675-937)) | WP(163-937)) | WP(171-937)) | WP(699-937)) | WP(192-937)) | WP(235-937)) | WP(236-937)) | WP(237-937)) | WP(751-937)) | WP(753-937)) | WP(244-937)) | WP(245-937)) | WP(759-937)) | WP(762-937)) | WP(765-937)) | WP(267-937)) | WP(276-937)) | WP(789-937)) | WP(280-937)) | WP(792-937)) | WP(283-937)) | WP(798-937)) | WP(802-937)) | WP(810-937)) | WP(301-937)) | WP(302-937)) | WP(304-937)) | WP(820-937)) | WP(825-937)) | WP(830-937)) | WP(323-937)) | WP(326-937)) | WP(847-937)) | WP(348-937)) | WP(869-937)) | WP(359-937)) | WP(889-937)) | WP(378-937)) | WP(896-937)) | WP(403-937)) | WP(919-937)) | WP(415-937)) | WP(932-937)) | WP(936-937)) | WP(937-937)) | WP(440-937)) | WP(444-937)) | WP(447-937)) | WP(448-937)) | WP(451-937)) | WP(461-937)) | WP(463-937)) | WP(473-937)) | WP(477-937)) | WP(483-937)) | WP(492-937)) & (Reach 937))
Initial path of nodes: [40, 43, 42, 87, 143, 142, 157, 49, 135, 77, 20, 21, 9, 7, 109, 106, 67, 18, 10, 13, 12, 30, 131, 124, 122, 129, 127, 78, 62, 79, 99, 121, 144, 145, 146, 147, 198, 201, 200, 245, 301, 300, 315, 207, 293, 235, 178, 179, 167, 165, 267, 264, 225, 176, 168, 171, 170, 188, 289, 282, 280, 287, 285, 236, 220, 237, 257, 279, 302, 303, 304, 305, 356, 359, 358, 403, 459, 458, 473, 365, 451, 393, 336, 337, 325, 323, 425, 422, 383, 334, 326, 329, 328, 346, 447, 440, 438, 445, 443, 394, 378, 395, 415, 437, 460, 461, 462, 463, 514, 517, 516, 561, 617, 616, 631, 523, 609, 551, 494, 495, 483, 481, 583, 580, 541, 492, 484, 487, 486, 504, 605, 598, 596, 603, 601, 552, 536, 553, 573, 595, 618, 619, 620, 621, 672, 675, 674, 719, 775, 774, 789, 681, 767, 709, 652, 653, 641, 639, 741, 738, 699, 650, 642, 645, 644, 662, 763, 756, 754, 761, 759, 710, 694, 711, 731, 753, 776, 777, 778, 779, 830, 833, 832, 877, 933, 932, 947, 839, 925, 867, 810, 811, 799, 797, 899, 896, 857, 808, 800, 803, 802, 820, 921, 914, 912, 919, 917, 868, 852, 869, 889, 911, 934, 935, 936, 937]
Final path of nodes: [40, 43, 42, 87, 143, 142, 157, 6, 5, 3, 2, 132, 133, 86, 9, 8, 7, 119, 118, 116, 35, 32, 33, 34, 84, 30, 131, 130, 125, 50, 57, 128, 127, 78, 62, 79, 99, 121, 144, 145, 146, 147, 198, 201, 200, 245, 301, 300, 315, 164, 163, 161, 160, 290, 291, 244, 167, 166, 165, 277, 276, 274, 193, 190, 191, 192, 242, 188, 289, 288, 283, 208, 215, 286, 285, 236, 220, 237, 257, 279, 302, 303, 304, 305, 356, 359, 358, 403, 459, 458, 473, 322, 321, 319, 318, 448, 449, 402, 325, 324, 323, 435, 434, 432, 351, 348, 349, 350, 400, 346, 447, 446, 441, 366, 373, 444, 443, 394, 378, 395, 415, 437, 460, 461, 462, 463, 514, 517, 516, 561, 617, 616, 631, 480, 479, 477, 476, 606, 607, 560, 483, 482, 481, 593, 592, 590, 509, 506, 507, 508, 558, 504, 605, 604, 599, 524, 531, 602, 601, 552, 536, 553, 573, 595, 618, 619, 620, 621, 672, 675, 674, 719, 775, 774, 789, 638, 637, 635, 634, 764, 765, 718, 641, 640, 639, 751, 750, 748, 667, 664, 665, 666, 716, 662, 763, 762, 757, 682, 689, 760, 759, 710, 694, 711, 731, 753, 776, 777, 778, 779, 830, 833, 832, 877, 933, 932, 947, 796, 795, 793, 792, 922, 923, 876, 799, 798, 797, 909, 908, 906, 825, 822, 823, 824, 874, 820, 921, 920, 915, 840, 847, 918, 917, 868, 852, 869, 889, 911, 934, 935, 936, 937]
Time: 28.64737844467163
Solution: non-empty
	Command being timed: "python3 allsynth/run.py -t BDD --GML topologies/topzoo/UsCarrier.gml 5 --dir topzoo_res/SeparateWPk/reduce/BDD-1 --e-prop SeparateWPk --repeat 1 --reduce"
	User time (seconds): 30.18
	System time (seconds): 1.36
	Percent of CPU this job got: 105%
	Elapsed (wall clock) time (h:mm:ss or m:ss): 0:29.96
	Average shared text size (kbytes): 0
	Average unshared data size (kbytes): 0
	Average stack size (kbytes): 0
	Average total size (kbytes): 0
	Maximum resident set size (kbytes): 93192
	Average resident set size (kbytes): 0
	Major (requiring I/O) page faults: 0
	Minor (reclaiming a frame) page faults: 16404
	Voluntary context switches: 25
	Involuntary context switches: 134
	Swaps: 0
	File system inputs: 0
	File system outputs: 24
	Socket messages sent: 0
	Socket messages received: 0
	Signals delivered: 0
	Page size (bytes): 4096
	Exit status: 0
