Namespace(tool='BDD', exper=None, gml=['topologies/topzoo/VtlWavenet2011.gml', '5'], index=None, prop='SeparateWPk', prop_file=None, op_req=None, repeat=1, reduce=True, opt=False, u=False, some=False, count=False, weight_bound=None, savedir='topzoo_res/SeparateWPk/reduce/BDD-1', dump_bdd=False)
Running 5VtlWavenet2011.gml
Policy: ((((((((((((((((((((((((((((((((((((((((((((((((((((((((((((((((((((((((((WP(0-546) | WP(382-546)) | WP(515-546)) | WP(516-546)) | WP(261-546)) | WP(520-546)) | WP(10-546)) | WP(139-546)) | WP(523-546)) | WP(13-546)) | WP(270-546)) | WP(396-546)) | WP(16-546)) | WP(145-546)) | WP(274-546)) | WP(531-546)) | WP(151-546)) | WP(27-546)) | WP(544-546)) | WP(161-546)) | WP(418-546)) | WP(165-546)) | WP(38-546)) | WP(422-546)) | WP(429-546)) | WP(46-546)) | WP(177-546)) | WP(305-546)) | WP(437-546)) | WP(310-546)) | WP(55-546)) | WP(56-546)) | WP(181-546)) | WP(183-546)) | WP(315-546)) | WP(60-546)) | WP(317-546)) | WP(63-546)) | WP(447-546)) | WP(195-546)) | WP(323-546)) | WP(457-546)) | WP(201-546)) | WP(459-546)) | WP(460-546)) | WP(329-546)) | WP(335-546)) | WP(208-546)) | WP(338-546)) | WP(84-546)) | WP(470-546)) | WP(343-546)) | WP(216-546)) | WP(380-546)) | WP(473-546)) | WP(220-546)) | WP(476-546)) | WP(93-546)) | WP(349-546)) | WP(224-546)) | WP(376-546)) | WP(100-546)) | WP(487-546)) | WP(104-546)) | WP(361-546)) | WP(363-546)) | WP(369-546)) | WP(498-546)) | WP(241-546)) | WP(248-546)) | WP(121-546)) | WP(506-546)) | WP(252-546)) | WP(254-546)) & (Reach 546))
Initial path of nodes: [71, 68, 69, 66, 67, 16, 64, 12, 65, 62, 10, 11, 8, 9, 41, 0, 32, 1, 33, 34, 55, 36, 91, 37, 39, 38, 90, 89, 88, 87, 63, 86, 155, 178, 176, 177, 137, 142, 169, 105, 121, 143, 120, 116, 119, 139, 118, 171, 132, 138, 165, 164, 146, 149, 148, 151, 150, 153, 109, 152, 145, 144, 106, 162, 255, 252, 253, 250, 251, 200, 248, 196, 249, 246, 194, 195, 192, 193, 225, 184, 216, 185, 217, 218, 239, 220, 275, 221, 223, 222, 274, 273, 272, 271, 247, 270, 347, 344, 345, 342, 343, 292, 340, 288, 341, 338, 286, 287, 284, 285, 317, 276, 308, 277, 309, 310, 331, 312, 367, 313, 315, 314, 366, 365, 364, 363, 339, 362, 439, 436, 437, 434, 435, 384, 432, 380, 433, 430, 378, 379, 376, 377, 409, 368, 400, 369, 401, 402, 423, 404, 459, 405, 407, 406, 458, 457, 456, 455, 431, 454, 531, 528, 529, 526, 527, 476, 524, 472, 525, 522, 470, 471, 468, 469, 501, 460, 492, 461, 493, 494, 515, 496, 551, 497, 499, 498, 550, 549, 548, 547, 523, 546]
Final path of nodes: [71, 70, 14, 52, 53, 60, 17, 61, 58, 59, 56, 57, 54, 72, 73, 46, 40, 79, 26, 47, 27, 24, 28, 51, 29, 13, 77, 50, 45, 85, 84, 86, 155, 179, 180, 181, 182, 130, 131, 129, 183, 128, 147, 126, 125, 93, 124, 92, 133, 101, 100, 103, 102, 154, 157, 104, 156, 108, 159, 158, 161, 160, 163, 162, 255, 254, 198, 236, 237, 244, 201, 245, 242, 243, 240, 241, 238, 256, 257, 230, 224, 263, 210, 231, 211, 208, 212, 235, 213, 197, 261, 234, 229, 269, 268, 270, 347, 346, 290, 328, 329, 336, 293, 337, 334, 335, 332, 333, 330, 348, 349, 322, 316, 355, 302, 323, 303, 300, 304, 327, 305, 289, 353, 326, 321, 361, 360, 362, 439, 438, 382, 420, 421, 428, 385, 429, 426, 427, 424, 425, 422, 440, 441, 414, 408, 447, 394, 415, 395, 392, 396, 419, 397, 381, 445, 418, 413, 453, 452, 454, 531, 530, 474, 512, 513, 520, 477, 521, 518, 519, 516, 517, 514, 532, 533, 506, 500, 539, 486, 507, 487, 484, 488, 511, 489, 473, 537, 510, 505, 545, 544, 546]
Time: 1.5949280261993408
Solution: non-empty
	Command being timed: "python3 allsynth/run.py -t BDD --GML topologies/topzoo/VtlWavenet2011.gml 5 --dir topzoo_res/SeparateWPk/reduce/BDD-1 --e-prop SeparateWPk --repeat 1 --reduce"
	User time (seconds): 2.64
	System time (seconds): 1.35
	Percent of CPU this job got: 167%
	Elapsed (wall clock) time (h:mm:ss or m:ss): 0:02.39
	Average shared text size (kbytes): 0
	Average unshared data size (kbytes): 0
	Average stack size (kbytes): 0
	Average total size (kbytes): 0
	Maximum resident set size (kbytes): 90196
	Average resident set size (kbytes): 0
	Major (requiring I/O) page faults: 0
	Minor (reclaiming a frame) page faults: 14966
	Voluntary context switches: 24
	Involuntary context switches: 126
	Swaps: 0
	File system inputs: 0
	File system outputs: 24
	Socket messages sent: 0
	Socket messages received: 0
	Signals delivered: 0
	Page size (bytes): 4096
	Exit status: 0
