Namespace(tool='PERS', exper=None, gml=['topologies/topzoo/Cwix.gml', '5'], index=None, prop='SC', prop_file=None, op_req=None, repeat=1, reduce=False, opt=False, u=False, some=False, count=False, weight_bound=None, savedir='topzoo_res/SC/PERS/PERS-2', dump_bdd=False)
Running 5Cwix.gml
Policy: (Service([39, 101, 174]-209) & (Reach 209))
Initial path of nodes: [20, 19, 18, 24, 9, 5, 31, 30, 29, 40, 42, 37, 36, 39, 45, 60, 54, 61, 92, 91, 90, 96, 81, 77, 103, 102, 101, 128, 127, 126, 132, 117, 113, 139, 138, 137, 164, 163, 162, 168, 153, 149, 175, 174, 173, 200, 199, 198, 204, 189, 185, 211, 210, 209]
Final path of nodes: [20, 21, 2, 3, 0, 1, 6, 30, 29, 40, 42, 70, 62, 63, 39, 38, 57, 56, 55, 54, 61, 92, 93, 74, 75, 72, 73, 78, 102, 101, 128, 129, 110, 111, 108, 109, 114, 138, 137, 164, 165, 146, 147, 144, 145, 150, 174, 173, 200, 201, 182, 183, 180, 181, 186, 210, 209]
Persimmon problem:  {"Initial_routing":[[20, 19], [19, 18], [18, 24], [24, 9], [9, 5], [5, 31], [31, 30], [30, 29], [29, 40], [40, 42], [42, 37], [37, 36], [36, 39], [39, 45], [45, 60], [60, 54], [54, 61], [61, 92], [92, 91], [91, 90], [90, 96], [96, 81], [81, 77], [77, 103], [103, 102], [102, 101], [101, 128], [128, 127], [127, 126], [126, 132], [132, 117], [117, 113], [113, 139], [139, 138], [138, 137], [137, 164], [164, 163], [163, 162], [162, 168], [168, 153], [153, 149], [149, 175], [175, 174], [174, 173], [173, 200], [200, 199], [199, 198], [198, 204], [204, 189], [189, 185], [185, 211], [211, 210], [210, 209]],"Final_routing":[[20, 21], [21, 2], [2, 3], [3, 0], [0, 1], [1, 6], [6, 30], [30, 29], [29, 40], [40, 42], [42, 70], [70, 62], [62, 63], [63, 39], [39, 38], [38, 57], [57, 56], [56, 55], [55, 54], [54, 61], [61, 92], [92, 93], [93, 74], [74, 75], [75, 72], [72, 73], [73, 78], [78, 102], [102, 101], [101, 128], [128, 129], [129, 110], [110, 111], [111, 108], [108, 109], [109, 114], [114, 138], [138, 137], [137, 164], [164, 165], [165, 146], [146, 147], [147, 144], [144, 145], [145, 150], [150, 174], [174, 173], [173, 200], [200, 201], [201, 182], [182, 183], [183, 180], [180, 181], [181, 186], [186, 210], [210, 209]],"Properties":{"ServiceChain": {"waypoint": [39,101,174]},"Reachability":{"startNode":20,"finalNode":209}}}
Persimmon stdout:  Chain equivalence reduction: 91 -> 30
<=== Starting iteration 0 ===>
<=== Starting iteration 1 ===>
<=== Starting iteration 2 ===>
Solution: Some([[201, 182, 183, 180, 181, 186, 21, 2, 3, 0, 1, 6, 38, 57, 56, 55, 129, 110, 111, 108, 109, 114, 93, 74, 75, 72, 73, 78, 70, 62, 63, 165, 146, 147, 144, 145, 150], [39, 20, 164, 42, 92, 200, 128], [19, 18, 24, 9, 5, 31, 45, 60, 127, 126, 132, 117, 113, 139, 163, 162, 168, 153, 149, 175, 37, 36, 199, 198, 204, 189, 185, 211, 91, 90, 96, 81, 77, 103]])
Time elapsed: 1.53ms
Time elapsed(s): 0.001529s

Persimmon stderr:  
Time: 0.001529
Solution: [[201, 182, 183, 180, 181, 186, 21, 2, 3, 0, 1, 6, 38, 57, 56, 55, 129, 110, 111, 108, 109, 114, 93, 74, 75, 72, 73, 78, 70, 62, 63, 165, 146, 147, 144, 145, 150], [39, 20, 164, 42, 92, 200, 128], [19, 18, 24, 9, 5, 31, 45, 60, 127, 126, 132, 117, 113, 139, 163, 162, 168, 153, 149, 175, 37, 36, 199, 198, 204, 189, 185, 211, 91, 90, 96, 81, 77, 103]]
	Command being timed: "python3 allsynth/run.py -t PERS --GML topologies/topzoo/Cwix.gml 5 --dir topzoo_res/SC/PERS/PERS-2 --e-prop SC --repeat 1"
	User time (seconds): 0.72
	System time (seconds): 1.30
	Percent of CPU this job got: 478%
	Elapsed (wall clock) time (h:mm:ss or m:ss): 0:00.42
	Average shared text size (kbytes): 0
	Average unshared data size (kbytes): 0
	Average stack size (kbytes): 0
	Average total size (kbytes): 0
	Maximum resident set size (kbytes): 71864
	Average resident set size (kbytes): 0
	Major (requiring I/O) page faults: 0
	Minor (reclaiming a frame) page faults: 13244
	Voluntary context switches: 36
	Involuntary context switches: 208
	Swaps: 0
	File system inputs: 0
	File system outputs: 24
	Socket messages sent: 0
	Socket messages received: 0
	Signals delivered: 0
	Page size (bytes): 4096
	Exit status: 0
