Namespace(tool='PERS', exper=None, gml=['topologies/topzoo/Esnet.gml', '5'], index=None, prop='SC', prop_file=None, op_req=None, repeat=1, reduce=False, opt=False, u=False, some=False, count=False, weight_bound=None, savedir='topzoo_res/SC/PERS/PERS-2', dump_bdd=False)
Running 5Esnet.gml
Policy: (Service([126, 193, 324]-397) & (Reach 397))
Initial path of nodes: [38, 41, 40, 61, 60, 58, 6, 18, 52, 57, 72, 73, 74, 126, 128, 129, 108, 109, 106, 107, 174, 177, 176, 197, 196, 194, 142, 154, 188, 193, 242, 245, 244, 265, 264, 262, 210, 222, 256, 261, 310, 313, 312, 333, 332, 330, 278, 290, 324, 329, 378, 381, 380, 401, 400, 398, 346, 358, 392, 397]
Final path of nodes: [38, 39, 17, 16, 25, 62, 0, 11, 51, 52, 57, 72, 75, 69, 74, 70, 126, 128, 130, 93, 84, 85, 107, 174, 175, 153, 152, 161, 198, 136, 147, 187, 188, 193, 242, 243, 221, 220, 229, 266, 204, 215, 255, 256, 261, 310, 311, 289, 288, 297, 334, 272, 283, 323, 324, 329, 378, 379, 357, 356, 365, 402, 340, 351, 391, 392, 397]
Persimmon problem:  {"Initial_routing":[[38, 41], [41, 40], [40, 61], [61, 60], [60, 58], [58, 6], [6, 18], [18, 52], [52, 57], [57, 72], [72, 73], [73, 74], [74, 126], [126, 128], [128, 129], [129, 108], [108, 109], [109, 106], [106, 107], [107, 174], [174, 177], [177, 176], [176, 197], [197, 196], [196, 194], [194, 142], [142, 154], [154, 188], [188, 193], [193, 242], [242, 245], [245, 244], [244, 265], [265, 264], [264, 262], [262, 210], [210, 222], [222, 256], [256, 261], [261, 310], [310, 313], [313, 312], [312, 333], [333, 332], [332, 330], [330, 278], [278, 290], [290, 324], [324, 329], [329, 378], [378, 381], [381, 380], [380, 401], [401, 400], [400, 398], [398, 346], [346, 358], [358, 392], [392, 397]],"Final_routing":[[38, 39], [39, 17], [17, 16], [16, 25], [25, 62], [62, 0], [0, 11], [11, 51], [51, 52], [52, 57], [57, 72], [72, 75], [75, 69], [69, 74], [74, 70], [70, 126], [126, 128], [128, 130], [130, 93], [93, 84], [84, 85], [85, 107], [107, 174], [174, 175], [175, 153], [153, 152], [152, 161], [161, 198], [198, 136], [136, 147], [147, 187], [187, 188], [188, 193], [193, 242], [242, 243], [243, 221], [221, 220], [220, 229], [229, 266], [266, 204], [204, 215], [215, 255], [255, 256], [256, 261], [261, 310], [310, 311], [311, 289], [289, 288], [288, 297], [297, 334], [334, 272], [272, 283], [283, 323], [323, 324], [324, 329], [329, 378], [378, 379], [379, 357], [357, 356], [356, 365], [365, 402], [402, 340], [340, 351], [351, 391], [391, 392], [392, 397]],"Properties":{"ServiceChain": {"waypoint": [126,193,324]},"Reachability":{"startNode":38,"finalNode":397}}}
Persimmon stdout:  Chain equivalence reduction: 107 -> 33
<=== Starting iteration 0 ===>
<=== Starting iteration 1 ===>
<=== Starting iteration 2 ===>
Solution: Some([[39, 17, 16, 25, 62, 0, 11, 51, 130, 93, 84, 85, 379, 357, 356, 365, 402, 340, 351, 391, 311, 289, 288, 297, 334, 272, 283, 323, 75, 69, 175, 153, 152, 161, 198, 136, 147, 187, 70, 243, 221, 220, 229, 266, 204, 215, 255], [128, 378, 242, 174, 310, 38, 72], [245, 244, 265, 264, 262, 210, 222, 129, 108, 109, 106, 74, 381, 380, 401, 400, 398, 346, 358, 73, 177, 176, 197, 196, 194, 142, 154, 41, 40, 61, 60, 58, 6, 18, 313, 312, 333, 332, 330, 278, 290]])
Time elapsed: 1.71ms
Time elapsed(s): 0.001706s

Persimmon stderr:  
Time: 0.001706
Solution: [[39, 17, 16, 25, 62, 0, 11, 51, 130, 93, 84, 85, 379, 357, 356, 365, 402, 340, 351, 391, 311, 289, 288, 297, 334, 272, 283, 323, 75, 69, 175, 153, 152, 161, 198, 136, 147, 187, 70, 243, 221, 220, 229, 266, 204, 215, 255], [128, 378, 242, 174, 310, 38, 72], [245, 244, 265, 264, 262, 210, 222, 129, 108, 109, 106, 74, 381, 380, 401, 400, 398, 346, 358, 73, 177, 176, 197, 196, 194, 142, 154, 41, 40, 61, 60, 58, 6, 18, 313, 312, 333, 332, 330, 278, 290]]
	Command being timed: "python3 allsynth/run.py -t PERS --GML topologies/topzoo/Esnet.gml 5 --dir topzoo_res/SC/PERS/PERS-2 --e-prop SC --repeat 1"
	User time (seconds): 0.77
	System time (seconds): 1.33
	Percent of CPU this job got: 421%
	Elapsed (wall clock) time (h:mm:ss or m:ss): 0:00.49
	Average shared text size (kbytes): 0
	Average unshared data size (kbytes): 0
	Average stack size (kbytes): 0
	Average total size (kbytes): 0
	Maximum resident set size (kbytes): 72632
	Average resident set size (kbytes): 0
	Major (requiring I/O) page faults: 0
	Minor (reclaiming a frame) page faults: 13449
	Voluntary context switches: 32
	Involuntary context switches: 126
	Swaps: 0
	File system inputs: 0
	File system outputs: 24
	Socket messages sent: 0
	Socket messages received: 0
	Signals delivered: 0
	Page size (bytes): 4096
	Exit status: 0
