Namespace(tool='PERS', exper=None, gml=['topologies/topzoo/Geant2001.gml', '5'], index=None, prop='SC', prop_file=None, op_req=None, repeat=1, reduce=False, opt=False, u=False, some=False, count=False, weight_bound=None, savedir='topzoo_res/SC/PERS/PERS-2', dump_bdd=False)
Running 5Geant2001.gml
Policy: (Service([31, 64, 91, 116, 143]-149) & (Reach 149))
Initial path of nodes: [10, 8, 9, 1, 2, 20, 14, 31, 34, 29, 28, 36, 35, 37, 64, 62, 63, 55, 56, 74, 68, 91, 89, 90, 82, 83, 101, 95, 118, 116, 117, 109, 110, 128, 122, 145, 143, 144, 136, 137, 155, 149]
Final path of nodes: [10, 8, 9, 3, 16, 20, 14, 31, 34, 33, 30, 36, 35, 37, 64, 62, 63, 57, 70, 74, 68, 91, 89, 86, 81, 106, 102, 101, 95, 118, 116, 117, 111, 124, 128, 122, 145, 143, 140, 135, 160, 156, 155, 149]
Persimmon problem:  {"Initial_routing":[[10, 8], [8, 9], [9, 1], [1, 2], [2, 20], [20, 14], [14, 31], [31, 34], [34, 29], [29, 28], [28, 36], [36, 35], [35, 37], [37, 64], [64, 62], [62, 63], [63, 55], [55, 56], [56, 74], [74, 68], [68, 91], [91, 89], [89, 90], [90, 82], [82, 83], [83, 101], [101, 95], [95, 118], [118, 116], [116, 117], [117, 109], [109, 110], [110, 128], [128, 122], [122, 145], [145, 143], [143, 144], [144, 136], [136, 137], [137, 155], [155, 149]],"Final_routing":[[10, 8], [8, 9], [9, 3], [3, 16], [16, 20], [20, 14], [14, 31], [31, 34], [34, 33], [33, 30], [30, 36], [36, 35], [35, 37], [37, 64], [64, 62], [62, 63], [63, 57], [57, 70], [70, 74], [74, 68], [68, 91], [91, 89], [89, 86], [86, 81], [81, 106], [106, 102], [102, 101], [101, 95], [95, 118], [118, 116], [116, 117], [117, 111], [111, 124], [124, 128], [128, 122], [122, 145], [145, 143], [143, 140], [140, 135], [135, 160], [160, 156], [156, 155], [155, 149]],"Properties":{"ServiceChain": {"waypoint": [31,64,91,116,143]},"Reachability":{"startNode":10,"finalNode":149}}}
Persimmon stdout:  Chain equivalence reduction: 58 -> 31
<=== Starting iteration 0 ===>
<=== Starting iteration 1 ===>
<=== Starting iteration 2 ===>
Solution: Some([[3, 16, 33, 30, 86, 81, 106, 102, 57, 70, 140, 135, 160, 156, 111, 124], [63, 89, 9, 117, 34, 143], [144, 136, 137, 29, 28, 1, 2, 90, 82, 83, 109, 110, 55, 56]])
Time elapsed: 1.63ms
Time elapsed(s): 0.001631s

Persimmon stderr:  
Time: 0.001631
Solution: [[3, 16, 33, 30, 86, 81, 106, 102, 57, 70, 140, 135, 160, 156, 111, 124], [63, 89, 9, 117, 34, 143], [144, 136, 137, 29, 28, 1, 2, 90, 82, 83, 109, 110, 55, 56]]
	Command being timed: "python3 allsynth/run.py -t PERS --GML topologies/topzoo/Geant2001.gml 5 --dir topzoo_res/SC/PERS/PERS-2 --e-prop SC --repeat 1"
	User time (seconds): 0.70
	System time (seconds): 1.31
	Percent of CPU this job got: 486%
	Elapsed (wall clock) time (h:mm:ss or m:ss): 0:00.41
	Average shared text size (kbytes): 0
	Average unshared data size (kbytes): 0
	Average stack size (kbytes): 0
	Average total size (kbytes): 0
	Maximum resident set size (kbytes): 71604
	Average resident set size (kbytes): 0
	Major (requiring I/O) page faults: 0
	Minor (reclaiming a frame) page faults: 13183
	Voluntary context switches: 37
	Involuntary context switches: 63
	Swaps: 0
	File system inputs: 0
	File system outputs: 24
	Socket messages sent: 0
	Socket messages received: 0
	Signals delivered: 0
	Page size (bytes): 4096
	Exit status: 0
