Namespace(tool='PERS', exper=None, gml=['topologies/topzoo/Getnet.gml', '5'], index=None, prop='SC', prop_file=None, op_req=None, repeat=1, reduce=False, opt=False, u=False, some=False, count=False, weight_bound=None, savedir='topzoo_res/SC/PERS/PERS-2', dump_bdd=False)
Running 5Getnet.gml
Policy: (Service([12, 23, 38]-41) & (Reach 41))
Initial path of nodes: [3, 2, 1, 6, 7, 8, 11, 12, 17, 16, 15, 20, 24, 23, 22, 27, 31, 30, 29, 34, 38, 37, 36, 41]
Final path of nodes: [3, 2, 4, 5, 6, 7, 8, 13, 12, 17, 16, 18, 19, 20, 24, 23, 25, 26, 27, 31, 30, 32, 33, 34, 38, 37, 39, 40, 41]
Persimmon problem:  {"Initial_routing":[[3, 2], [2, 1], [1, 6], [6, 7], [7, 8], [8, 11], [11, 12], [12, 17], [17, 16], [16, 15], [15, 20], [20, 24], [24, 23], [23, 22], [22, 27], [27, 31], [31, 30], [30, 29], [29, 34], [34, 38], [38, 37], [37, 36], [36, 41]],"Final_routing":[[3, 2], [2, 4], [4, 5], [5, 6], [6, 7], [7, 8], [8, 13], [13, 12], [12, 17], [17, 16], [16, 18], [18, 19], [19, 20], [20, 24], [24, 23], [23, 25], [25, 26], [26, 27], [27, 31], [31, 30], [30, 32], [32, 33], [33, 34], [34, 38], [38, 37], [37, 39], [39, 40], [40, 41]],"Properties":{"ServiceChain": {"waypoint": [12,23,38]},"Reachability":{"startNode":3,"finalNode":41}}}
Persimmon stdout:  Chain equivalence reduction: 35 -> 27
<=== Starting iteration 0 ===>
<=== Starting iteration 1 ===>
<=== Starting iteration 2 ===>
Solution: Some([[25, 26, 18, 19, 32, 33, 13, 4, 5, 39, 40], [8, 30, 16, 23, 2, 37], [36, 22, 15, 11, 1, 29]])
Time elapsed: 1.32ms
Time elapsed(s): 0.001325s

Persimmon stderr:  
Time: 0.001325
Solution: [[25, 26, 18, 19, 32, 33, 13, 4, 5, 39, 40], [8, 30, 16, 23, 2, 37], [36, 22, 15, 11, 1, 29]]
	Command being timed: "python3 allsynth/run.py -t PERS --GML topologies/topzoo/Getnet.gml 5 --dir topzoo_res/SC/PERS/PERS-2 --e-prop SC --repeat 1"
	User time (seconds): 0.73
	System time (seconds): 1.25
	Percent of CPU this job got: 499%
	Elapsed (wall clock) time (h:mm:ss or m:ss): 0:00.39
	Average shared text size (kbytes): 0
	Average unshared data size (kbytes): 0
	Average stack size (kbytes): 0
	Average total size (kbytes): 0
	Maximum resident set size (kbytes): 70456
	Average resident set size (kbytes): 0
	Major (requiring I/O) page faults: 0
	Minor (reclaiming a frame) page faults: 12919
	Voluntary context switches: 30
	Involuntary context switches: 161
	Swaps: 0
	File system inputs: 0
	File system outputs: 24
	Socket messages sent: 0
	Socket messages received: 0
	Signals delivered: 0
	Page size (bytes): 4096
	Exit status: 0
