Namespace(tool='PERS', exper=None, gml=['topologies/topzoo/Intranetwork.gml', '5'], index=None, prop='SC', prop_file=None, op_req=None, repeat=1, reduce=False, opt=False, u=False, some=False, count=False, weight_bound=None, savedir='topzoo_res/SC/PERS/PERS-2', dump_bdd=False)
Running 5Intranetwork.gml
Policy: (Service([35, 50, 74, 89, 113, 128, 152, 167, 191, 206, 230]-225) & (Reach 225))
Initial path of nodes: [11, 12, 22, 18, 10, 17, 24, 8, 5, 6, 13, 35, 36, 37, 38, 2, 30, 50, 51, 61, 57, 49, 56, 63, 47, 44, 45, 52, 74, 75, 76, 77, 41, 69, 89, 90, 100, 96, 88, 95, 102, 86, 83, 84, 91, 113, 114, 115, 116, 80, 108, 128, 129, 139, 135, 127, 134, 141, 125, 122, 123, 130, 152, 153, 154, 155, 119, 147, 167, 168, 178, 174, 166, 173, 180, 164, 161, 162, 169, 191, 192, 193, 194, 158, 186, 206, 207, 217, 213, 205, 212, 219, 203, 200, 201, 208, 230, 231, 232, 233, 197, 225]
Final path of nodes: [11, 19, 20, 21, 18, 23, 17, 24, 16, 7, 4, 13, 34, 35, 36, 37, 38, 29, 30, 50, 58, 59, 60, 57, 62, 56, 63, 55, 46, 43, 52, 74, 75, 76, 53, 77, 68, 69, 89, 97, 98, 99, 96, 101, 95, 102, 94, 85, 82, 91, 112, 113, 114, 115, 116, 107, 108, 128, 136, 137, 138, 135, 140, 134, 141, 133, 124, 121, 130, 152, 153, 154, 131, 155, 146, 147, 167, 175, 176, 177, 174, 179, 173, 180, 172, 163, 160, 169, 190, 191, 192, 193, 194, 185, 186, 206, 214, 215, 216, 213, 218, 212, 219, 211, 202, 199, 208, 230, 231, 232, 209, 233, 224, 225]
Persimmon problem:  {"Initial_routing":[[11, 12], [12, 22], [22, 18], [18, 10], [10, 17], [17, 24], [24, 8], [8, 5], [5, 6], [6, 13], [13, 35], [35, 36], [36, 37], [37, 38], [38, 2], [2, 30], [30, 50], [50, 51], [51, 61], [61, 57], [57, 49], [49, 56], [56, 63], [63, 47], [47, 44], [44, 45], [45, 52], [52, 74], [74, 75], [75, 76], [76, 77], [77, 41], [41, 69], [69, 89], [89, 90], [90, 100], [100, 96], [96, 88], [88, 95], [95, 102], [102, 86], [86, 83], [83, 84], [84, 91], [91, 113], [113, 114], [114, 115], [115, 116], [116, 80], [80, 108], [108, 128], [128, 129], [129, 139], [139, 135], [135, 127], [127, 134], [134, 141], [141, 125], [125, 122], [122, 123], [123, 130], [130, 152], [152, 153], [153, 154], [154, 155], [155, 119], [119, 147], [147, 167], [167, 168], [168, 178], [178, 174], [174, 166], [166, 173], [173, 180], [180, 164], [164, 161], [161, 162], [162, 169], [169, 191], [191, 192], [192, 193], [193, 194], [194, 158], [158, 186], [186, 206], [206, 207], [207, 217], [217, 213], [213, 205], [205, 212], [212, 219], [219, 203], [203, 200], [200, 201], [201, 208], [208, 230], [230, 231], [231, 232], [232, 233], [233, 197], [197, 225]],"Final_routing":[[11, 19], [19, 20], [20, 21], [21, 18], [18, 23], [23, 17], [17, 24], [24, 16], [16, 7], [7, 4], [4, 13], [13, 34], [34, 35], [35, 36], [36, 37], [37, 38], [38, 29], [29, 30], [30, 50], [50, 58], [58, 59], [59, 60], [60, 57], [57, 62], [62, 56], [56, 63], [63, 55], [55, 46], [46, 43], [43, 52], [52, 74], [74, 75], [75, 76], [76, 53], [53, 77], [77, 68], [68, 69], [69, 89], [89, 97], [97, 98], [98, 99], [99, 96], [96, 101], [101, 95], [95, 102], [102, 94], [94, 85], [85, 82], [82, 91], [91, 112], [112, 113], [113, 114], [114, 115], [115, 116], [116, 107], [107, 108], [108, 128], [128, 136], [136, 137], [137, 138], [138, 135], [135, 140], [140, 134], [134, 141], [141, 133], [133, 124], [124, 121], [121, 130], [130, 152], [152, 153], [153, 154], [154, 131], [131, 155], [155, 146], [146, 147], [147, 167], [167, 175], [175, 176], [176, 177], [177, 174], [174, 179], [179, 173], [173, 180], [180, 172], [172, 163], [163, 160], [160, 169], [169, 190], [190, 191], [191, 192], [192, 193], [193, 194], [194, 185], [185, 186], [186, 206], [206, 214], [214, 215], [215, 216], [216, 213], [213, 218], [218, 212], [212, 219], [219, 211], [211, 202], [202, 199], [199, 208], [208, 230], [230, 231], [231, 232], [232, 209], [209, 233], [233, 224], [224, 225]],"Properties":{"ServiceChain": {"waypoint": [35,50,74,89,113,128,152,167,191,206,230]},"Reachability":{"startNode":11,"finalNode":225}}}
Persimmon stdout:  Chain equivalence reduction: 156 -> 111
<=== Starting iteration 0 ===>
<=== Starting iteration 1 ===>
<=== Starting iteration 2 ===>
Solution: Some([[211, 202, 199, 136, 137, 138, 131, 175, 176, 177, 224, 23, 55, 46, 43, 16, 7, 4, 53, 107, 209, 214, 215, 216, 133, 124, 121, 101, 146, 172, 163, 160, 29, 179, 185, 218, 58, 59, 60, 19, 20, 21, 97, 98, 99, 68, 140, 190, 112, 62, 94, 85, 82, 34], [128, 38, 180, 135, 174, 18, 219, 24, 155, 116, 63, 233, 77, 11, 206, 89, 96, 50, 102, 194, 213, 57, 141, 167], [90, 100, 41, 127, 166, 158, 49, 203, 200, 201, 76, 232, 8, 5, 6, 88, 168, 178, 13, 119, 80, 129, 139, 2, 12, 22, 86, 83, 84, 47, 44, 45, 169, 197, 51, 61, 125, 122, 123, 164, 161, 162, 207, 217, 154, 205, 91, 10]])
Time elapsed: 13.95ms
Time elapsed(s): 0.013951s

Persimmon stderr:  
Time: 0.013951
Solution: [[211, 202, 199, 136, 137, 138, 131, 175, 176, 177, 224, 23, 55, 46, 43, 16, 7, 4, 53, 107, 209, 214, 215, 216, 133, 124, 121, 101, 146, 172, 163, 160, 29, 179, 185, 218, 58, 59, 60, 19, 20, 21, 97, 98, 99, 68, 140, 190, 112, 62, 94, 85, 82, 34], [128, 38, 180, 135, 174, 18, 219, 24, 155, 116, 63, 233, 77, 11, 206, 89, 96, 50, 102, 194, 213, 57, 141, 167], [90, 100, 41, 127, 166, 158, 49, 203, 200, 201, 76, 232, 8, 5, 6, 88, 168, 178, 13, 119, 80, 129, 139, 2, 12, 22, 86, 83, 84, 47, 44, 45, 169, 197, 51, 61, 125, 122, 123, 164, 161, 162, 207, 217, 154, 205, 91, 10]]
	Command being timed: "python3 allsynth/run.py -t PERS --GML topologies/topzoo/Intranetwork.gml 5 --dir topzoo_res/SC/PERS/PERS-2 --e-prop SC --repeat 1"
	User time (seconds): 0.74
	System time (seconds): 1.28
	Percent of CPU this job got: 450%
	Elapsed (wall clock) time (h:mm:ss or m:ss): 0:00.45
	Average shared text size (kbytes): 0
	Average unshared data size (kbytes): 0
	Average stack size (kbytes): 0
	Average total size (kbytes): 0
	Maximum resident set size (kbytes): 72376
	Average resident set size (kbytes): 0
	Major (requiring I/O) page faults: 0
	Minor (reclaiming a frame) page faults: 13510
	Voluntary context switches: 31
	Involuntary context switches: 250
	Swaps: 0
	File system inputs: 0
	File system outputs: 32
	Socket messages sent: 0
	Socket messages received: 0
	Signals delivered: 0
	Page size (bytes): 4096
	Exit status: 0
