Namespace(tool='PERS', exper=None, gml=['topologies/topzoo/Rhnet.gml', '5'], index=None, prop='SC', prop_file=None, op_req=None, repeat=1, reduce=False, opt=False, u=False, some=False, count=False, weight_bound=None, savedir='topzoo_res/SC/PERS/PERS-2', dump_bdd=False)
Running 5Rhnet.gml
Policy: (Service([6, 26, 35, 39, 63, 65, 80, 86]-87) & (Reach 87))
Initial path of nodes: [0, 3, 1, 10, 9, 8, 15, 6, 7, 16, 19, 17, 26, 25, 24, 31, 22, 23, 32, 35, 33, 42, 41, 40, 47, 38, 39, 48, 51, 49, 58, 57, 56, 63, 54, 55, 64, 67, 65, 74, 73, 72, 79, 70, 71, 80, 83, 81, 90, 89, 88, 95, 86, 87]
Final path of nodes: [0, 3, 1, 10, 11, 12, 13, 14, 15, 6, 7, 16, 19, 17, 26, 27, 28, 29, 30, 31, 22, 23, 32, 34, 35, 33, 42, 43, 44, 45, 46, 47, 38, 39, 48, 51, 49, 58, 59, 60, 61, 62, 63, 54, 55, 64, 66, 67, 65, 74, 75, 76, 77, 78, 79, 70, 71, 80, 83, 81, 90, 91, 92, 93, 94, 95, 86, 87]
Persimmon problem:  {"Initial_routing":[[0, 3], [3, 1], [1, 10], [10, 9], [9, 8], [8, 15], [15, 6], [6, 7], [7, 16], [16, 19], [19, 17], [17, 26], [26, 25], [25, 24], [24, 31], [31, 22], [22, 23], [23, 32], [32, 35], [35, 33], [33, 42], [42, 41], [41, 40], [40, 47], [47, 38], [38, 39], [39, 48], [48, 51], [51, 49], [49, 58], [58, 57], [57, 56], [56, 63], [63, 54], [54, 55], [55, 64], [64, 67], [67, 65], [65, 74], [74, 73], [73, 72], [72, 79], [79, 70], [70, 71], [71, 80], [80, 83], [83, 81], [81, 90], [90, 89], [89, 88], [88, 95], [95, 86], [86, 87]],"Final_routing":[[0, 3], [3, 1], [1, 10], [10, 11], [11, 12], [12, 13], [13, 14], [14, 15], [15, 6], [6, 7], [7, 16], [16, 19], [19, 17], [17, 26], [26, 27], [27, 28], [28, 29], [29, 30], [30, 31], [31, 22], [22, 23], [23, 32], [32, 34], [34, 35], [35, 33], [33, 42], [42, 43], [43, 44], [44, 45], [45, 46], [46, 47], [47, 38], [38, 39], [39, 48], [48, 51], [51, 49], [49, 58], [58, 59], [59, 60], [60, 61], [61, 62], [62, 63], [63, 54], [54, 55], [55, 64], [64, 66], [66, 67], [67, 65], [65, 74], [74, 75], [75, 76], [76, 77], [77, 78], [78, 79], [79, 70], [70, 71], [71, 80], [80, 83], [83, 81], [81, 90], [90, 91], [91, 92], [92, 93], [93, 94], [94, 95], [95, 86], [86, 87]],"Properties":{"ServiceChain": {"waypoint": [6,26,35,39,63,65,80,86]},"Reachability":{"startNode":0,"finalNode":87}}}
Persimmon stdout:  Chain equivalence reduction: 80 -> 42
<=== Starting iteration 0 ===>
<=== Starting iteration 1 ===>
<=== Starting iteration 2 ===>
Solution: Some([[11, 12, 13, 14, 59, 60, 61, 62, 27, 28, 29, 30, 43, 44, 45, 46, 66, 34, 75, 76, 77, 78, 91, 92, 93, 94], [58, 74, 42, 26, 10, 90], [41, 40, 89, 88, 32, 73, 72, 9, 8, 64, 25, 24, 57, 56]])
Time elapsed: 3.09ms
Time elapsed(s): 0.003094s

Persimmon stderr:  
Time: 0.003094
Solution: [[11, 12, 13, 14, 59, 60, 61, 62, 27, 28, 29, 30, 43, 44, 45, 46, 66, 34, 75, 76, 77, 78, 91, 92, 93, 94], [58, 74, 42, 26, 10, 90], [41, 40, 89, 88, 32, 73, 72, 9, 8, 64, 25, 24, 57, 56]]
	Command being timed: "python3 allsynth/run.py -t PERS --GML topologies/topzoo/Rhnet.gml 5 --dir topzoo_res/SC/PERS/PERS-2 --e-prop SC --repeat 1"
	User time (seconds): 0.75
	System time (seconds): 1.26
	Percent of CPU this job got: 446%
	Elapsed (wall clock) time (h:mm:ss or m:ss): 0:00.45
	Average shared text size (kbytes): 0
	Average unshared data size (kbytes): 0
	Average stack size (kbytes): 0
	Average total size (kbytes): 0
	Maximum resident set size (kbytes): 70964
	Average resident set size (kbytes): 0
	Major (requiring I/O) page faults: 0
	Minor (reclaiming a frame) page faults: 13029
	Voluntary context switches: 36
	Involuntary context switches: 458
	Swaps: 0
	File system inputs: 0
	File system outputs: 24
	Socket messages sent: 0
	Socket messages received: 0
	Signals delivered: 0
	Page size (bytes): 4096
	Exit status: 0
