Namespace(tool='PERS', exper=None, gml=['topologies/topzoo/Roedunet.gml', '5'], index=None, prop='SC', prop_file=None, op_req=None, repeat=1, reduce=False, opt=False, u=False, some=False, count=False, weight_bound=None, savedir='topzoo_res/SC/PERS/PERS-2', dump_bdd=False)
Running 5Roedunet.gml
Policy: (Service([42, 124, 167, 220]-251) & (Reach 251))
Initial path of nodes: [10, 22, 4, 40, 41, 43, 42, 46, 78, 79, 94, 106, 88, 124, 125, 136, 148, 130, 166, 167, 178, 190, 172, 208, 209, 220, 232, 214, 250, 251]
Final path of nodes: [10, 22, 36, 40, 41, 43, 42, 82, 78, 79, 94, 106, 120, 124, 125, 136, 148, 162, 166, 167, 178, 190, 204, 208, 209, 220, 232, 246, 250, 251]
Persimmon problem:  {"Initial_routing":[[10, 22], [22, 4], [4, 40], [40, 41], [41, 43], [43, 42], [42, 46], [46, 78], [78, 79], [79, 94], [94, 106], [106, 88], [88, 124], [124, 125], [125, 136], [136, 148], [148, 130], [130, 166], [166, 167], [167, 178], [178, 190], [190, 172], [172, 208], [208, 209], [209, 220], [220, 232], [232, 214], [214, 250], [250, 251]],"Final_routing":[[10, 22], [22, 36], [36, 40], [40, 41], [41, 43], [43, 42], [42, 82], [82, 78], [78, 79], [79, 94], [94, 106], [106, 120], [120, 124], [124, 125], [125, 136], [136, 148], [148, 162], [162, 166], [166, 167], [167, 178], [178, 190], [190, 204], [204, 208], [208, 209], [209, 220], [220, 232], [232, 246], [246, 250], [250, 251]],"Properties":{"ServiceChain": {"waypoint": [42,124,167,220]},"Reachability":{"startNode":10,"finalNode":251}}}
Persimmon stdout:  Chain equivalence reduction: 36 -> 30
<=== Starting iteration 0 ===>
<=== Starting iteration 1 ===>
<=== Starting iteration 2 ===>
Solution: Some([[204, 120, 162, 36, 82, 246], [148, 106, 42, 232, 22, 190], [4, 130, 46, 214, 88, 172]])
Time elapsed: 1.69ms
Time elapsed(s): 0.001687s

Persimmon stderr:  
Time: 0.001687
Solution: [[204, 120, 162, 36, 82, 246], [148, 106, 42, 232, 22, 190], [4, 130, 46, 214, 88, 172]]
	Command being timed: "python3 allsynth/run.py -t PERS --GML topologies/topzoo/Roedunet.gml 5 --dir topzoo_res/SC/PERS/PERS-2 --e-prop SC --repeat 1"
	User time (seconds): 0.79
	System time (seconds): 1.26
	Percent of CPU this job got: 452%
	Elapsed (wall clock) time (h:mm:ss or m:ss): 0:00.45
	Average shared text size (kbytes): 0
	Average unshared data size (kbytes): 0
	Average stack size (kbytes): 0
	Average total size (kbytes): 0
	Maximum resident set size (kbytes): 71872
	Average resident set size (kbytes): 0
	Major (requiring I/O) page faults: 0
	Minor (reclaiming a frame) page faults: 13316
	Voluntary context switches: 30
	Involuntary context switches: 104
	Swaps: 0
	File system inputs: 0
	File system outputs: 24
	Socket messages sent: 0
	Socket messages received: 0
	Signals delivered: 0
	Page size (bytes): 4096
	Exit status: 0
