Namespace(tool='PERS', exper=None, gml=['topologies/topzoo/Spiralight.gml', '5'], index=None, prop='SC', prop_file=None, op_req=None, repeat=1, reduce=False, opt=False, u=False, some=False, count=False, weight_bound=None, savedir='topzoo_res/SC/PERS/PERS-2', dump_bdd=False)
Running 5Spiralight.gml
Policy: (Service([25, 50, 79]-85) & (Reach 85))
Initial path of nodes: [4, 0, 3, 5, 6, 8, 7, 9, 10, 19, 15, 18, 20, 21, 23, 22, 24, 25, 34, 30, 33, 35, 36, 38, 37, 39, 40, 49, 45, 48, 50, 51, 53, 52, 54, 55, 64, 60, 63, 65, 66, 68, 67, 69, 70, 79, 75, 78, 80, 81, 83, 82, 84, 85]
Final path of nodes: [4, 1, 2, 5, 14, 13, 12, 11, 10, 19, 16, 17, 20, 29, 28, 27, 26, 25, 34, 31, 32, 35, 44, 43, 42, 41, 40, 49, 46, 47, 50, 59, 58, 57, 56, 55, 64, 61, 62, 65, 74, 73, 72, 71, 70, 79, 76, 77, 80, 89, 88, 87, 86, 85]
Persimmon problem:  {"Initial_routing":[[4, 0], [0, 3], [3, 5], [5, 6], [6, 8], [8, 7], [7, 9], [9, 10], [10, 19], [19, 15], [15, 18], [18, 20], [20, 21], [21, 23], [23, 22], [22, 24], [24, 25], [25, 34], [34, 30], [30, 33], [33, 35], [35, 36], [36, 38], [38, 37], [37, 39], [39, 40], [40, 49], [49, 45], [45, 48], [48, 50], [50, 51], [51, 53], [53, 52], [52, 54], [54, 55], [55, 64], [64, 60], [60, 63], [63, 65], [65, 66], [66, 68], [68, 67], [67, 69], [69, 70], [70, 79], [79, 75], [75, 78], [78, 80], [80, 81], [81, 83], [83, 82], [82, 84], [84, 85]],"Final_routing":[[4, 1], [1, 2], [2, 5], [5, 14], [14, 13], [13, 12], [12, 11], [11, 10], [10, 19], [19, 16], [16, 17], [17, 20], [20, 29], [29, 28], [28, 27], [27, 26], [26, 25], [25, 34], [34, 31], [31, 32], [32, 35], [35, 44], [44, 43], [43, 42], [42, 41], [41, 40], [40, 49], [49, 46], [46, 47], [47, 50], [50, 59], [59, 58], [58, 57], [57, 56], [56, 55], [55, 64], [64, 61], [61, 62], [62, 65], [65, 74], [74, 73], [73, 72], [72, 71], [71, 70], [70, 79], [79, 76], [76, 77], [77, 80], [80, 89], [89, 88], [88, 87], [87, 86], [86, 85]],"Properties":{"ServiceChain": {"waypoint": [25,50,79]},"Reachability":{"startNode":4,"finalNode":85}}}
Persimmon stdout:  Chain equivalence reduction: 90 -> 42
<=== Starting iteration 0 ===>
<=== Starting iteration 1 ===>
<=== Starting iteration 2 ===>
Solution: Some([[61, 62, 74, 73, 72, 71, 16, 17, 46, 47, 59, 58, 57, 56, 1, 2, 31, 32, 14, 13, 12, 11, 44, 43, 42, 41, 76, 77, 89, 88, 87, 86, 29, 28, 27, 26], [5, 4, 19, 49, 79, 35, 20, 50, 65, 64, 80, 34], [0, 3, 66, 68, 67, 69, 81, 83, 82, 84, 21, 23, 22, 24, 30, 33, 60, 63, 36, 38, 37, 39, 6, 8, 7, 9, 51, 53, 52, 54, 45, 48, 75, 78, 15, 18]])
Time elapsed: 2.70ms
Time elapsed(s): 0.002701s

Persimmon stderr:  
Time: 0.002701
Solution: [[61, 62, 74, 73, 72, 71, 16, 17, 46, 47, 59, 58, 57, 56, 1, 2, 31, 32, 14, 13, 12, 11, 44, 43, 42, 41, 76, 77, 89, 88, 87, 86, 29, 28, 27, 26], [5, 4, 19, 49, 79, 35, 20, 50, 65, 64, 80, 34], [0, 3, 66, 68, 67, 69, 81, 83, 82, 84, 21, 23, 22, 24, 30, 33, 60, 63, 36, 38, 37, 39, 6, 8, 7, 9, 51, 53, 52, 54, 45, 48, 75, 78, 15, 18]]
	Command being timed: "python3 allsynth/run.py -t PERS --GML topologies/topzoo/Spiralight.gml 5 --dir topzoo_res/SC/PERS/PERS-2 --e-prop SC --repeat 1"
	User time (seconds): 0.70
	System time (seconds): 1.29
	Percent of CPU this job got: 487%
	Elapsed (wall clock) time (h:mm:ss or m:ss): 0:00.41
	Average shared text size (kbytes): 0
	Average unshared data size (kbytes): 0
	Average stack size (kbytes): 0
	Average total size (kbytes): 0
	Maximum resident set size (kbytes): 70968
	Average resident set size (kbytes): 0
	Major (requiring I/O) page faults: 0
	Minor (reclaiming a frame) page faults: 13040
	Voluntary context switches: 26
	Involuntary context switches: 180
	Swaps: 0
	File system inputs: 0
	File system outputs: 24
	Socket messages sent: 0
	Socket messages received: 0
	Signals delivered: 0
	Page size (bytes): 4096
	Exit status: 0
