Namespace(tool='PERS', exper=None, gml=['topologies/topzoo/Ans.gml', '5'], index=None, prop='SeparateWPk', prop_file=None, op_req=None, repeat=1, reduce=False, opt=False, u=False, some=False, count=False, weight_bound=None, savedir='topzoo_res/SeparateWPk/PERS/PERS-2', dump_bdd=False)
Running 5Ans.gml
Policy: ((((((((((((((((WP(34-106) | WP(37-106)) | WP(90-106)) | WP(71-106)) | WP(69-106)) | WP(105-106)) | WP(107-106)) | WP(14-106)) | WP(15-106)) | WP(79-106)) | WP(48-106)) | WP(83-106)) | WP(52-106)) | WP(55-106)) | WP(24-106)) | WP(26-106)) & (Reach 106))
Initial path of nodes: [0, 1, 7, 8, 17, 15, 16, 18, 19, 25, 26, 35, 33, 34, 36, 37, 43, 44, 53, 51, 52, 54, 55, 61, 62, 71, 69, 70, 72, 73, 79, 80, 89, 87, 88, 90, 91, 97, 98, 107, 105, 106]
Final path of nodes: [0, 3, 2, 11, 12, 14, 15, 16, 18, 19, 24, 22, 23, 35, 33, 34, 36, 39, 38, 47, 48, 50, 51, 52, 54, 55, 60, 58, 59, 71, 69, 70, 72, 75, 74, 83, 84, 86, 87, 88, 90, 91, 96, 94, 95, 107, 105, 106]
Persimmon problem:  {"Initial_routing":[[0, 1], [1, 7], [7, 8], [8, 17], [17, 15], [15, 16], [16, 18], [18, 19], [19, 25], [25, 26], [26, 35], [35, 33], [33, 34], [34, 36], [36, 37], [37, 43], [43, 44], [44, 53], [53, 51], [51, 52], [52, 54], [54, 55], [55, 61], [61, 62], [62, 71], [71, 69], [69, 70], [70, 72], [72, 73], [73, 79], [79, 80], [80, 89], [89, 87], [87, 88], [88, 90], [90, 91], [91, 97], [97, 98], [98, 107], [107, 105], [105, 106]],"Final_routing":[[0, 3], [3, 2], [2, 11], [11, 12], [12, 14], [14, 15], [15, 16], [16, 18], [18, 19], [19, 24], [24, 22], [22, 23], [23, 35], [35, 33], [33, 34], [34, 36], [36, 39], [39, 38], [38, 47], [47, 48], [48, 50], [50, 51], [51, 52], [52, 54], [54, 55], [55, 60], [60, 58], [58, 59], [59, 71], [71, 69], [69, 70], [70, 72], [72, 75], [75, 74], [74, 83], [83, 84], [84, 86], [86, 87], [87, 88], [88, 90], [90, 91], [91, 96], [96, 94], [94, 95], [95, 107], [107, 105], [105, 106]],"Properties":{"MultiAlternativeWaypoint": {"waypoint": [34,37,90,71,69,105,107,14,15,79,48,83,52,55,24,26]},"Reachability":{"startNode":0,"finalNode":106}}}
Persimmon stdout:  Chain equivalence reduction: 66 -> 41
Constructing all update BDD
Solution: Some([[96, 94, 95, 14, 22, 23, 3, 2, 11, 12, 50, 48, 83, 24, 84, 86, 39, 38, 47, 60, 58, 59, 75, 74], [55, 0, 19, 36, 72, 91], [73, 43, 44, 53, 1, 7, 8, 17, 25, 26, 37, 79, 80, 89, 61, 62, 97, 98]])
Time elapsed: 2.50ms
Time elapsed(s): 0.002501s

Persimmon stderr:  
Time: 0.002501
Solution: [[96, 94, 95, 14, 22, 23, 3, 2, 11, 12, 50, 48, 83, 24, 84, 86, 39, 38, 47, 60, 58, 59, 75, 74], [55, 0, 19, 36, 72, 91], [73, 43, 44, 53, 1, 7, 8, 17, 25, 26, 37, 79, 80, 89, 61, 62, 97, 98]]
	Command being timed: "python3 allsynth/run.py -t PERS --GML topologies/topzoo/Ans.gml 5 --dir topzoo_res/SeparateWPk/PERS/PERS-2 --e-prop SeparateWPk --repeat 1"
	User time (seconds): 0.91
	System time (seconds): 1.28
	Percent of CPU this job got: 372%
	Elapsed (wall clock) time (h:mm:ss or m:ss): 0:00.59
	Average shared text size (kbytes): 0
	Average unshared data size (kbytes): 0
	Average stack size (kbytes): 0
	Average total size (kbytes): 0
	Maximum resident set size (kbytes): 71096
	Average resident set size (kbytes): 0
	Major (requiring I/O) page faults: 0
	Minor (reclaiming a frame) page faults: 13072
	Voluntary context switches: 32
	Involuntary context switches: 67
	Swaps: 0
	File system inputs: 0
	File system outputs: 24
	Socket messages sent: 0
	Socket messages received: 0
	Signals delivered: 0
	Page size (bytes): 4096
	Exit status: 0
