Namespace(tool='PERS', exper=None, gml=['topologies/topzoo/Arpanet19723.gml', '5'], index=None, prop='SeparateWPk', prop_file=None, op_req=None, repeat=1, reduce=False, opt=False, u=False, some=False, count=False, weight_bound=None, savedir='topzoo_res/SeparateWPk/PERS/PERS-2', dump_bdd=False)
Running 5Arpanet19723.gml
Policy: ((((((((((((((((((((((((((WP(0-145) | WP(128-145)) | WP(140-145)) | WP(13-145)) | WP(15-145)) | WP(145-145)) | WP(147-145)) | WP(20-145)) | WP(37-145)) | WP(41-145)) | WP(42-145)) | WP(48-145)) | WP(57-145)) | WP(60-145)) | WP(61-145)) | WP(64-145)) | WP(75-145)) | WP(77-145)) | WP(79-145)) | WP(88-145)) | WP(96-145)) | WP(101-145)) | WP(108-145)) | WP(117-145)) | WP(123-145)) | WP(127-145)) & (Reach 145))
Initial path of nodes: [2, 1, 4, 7, 16, 15, 8, 21, 14, 12, 20, 26, 27, 28, 35, 48, 49, 25, 47, 36, 42, 43, 52, 51, 54, 57, 66, 65, 58, 71, 64, 62, 70, 77, 76, 79, 82, 91, 90, 83, 96, 89, 87, 95, 102, 101, 104, 107, 116, 115, 108, 121, 114, 112, 120, 127, 126, 129, 132, 141, 140, 133, 146, 139, 137, 145]
Final path of nodes: [2, 3, 10, 23, 24, 0, 22, 11, 17, 9, 13, 20, 26, 29, 32, 41, 40, 33, 46, 39, 37, 44, 43, 52, 53, 60, 73, 74, 50, 72, 61, 67, 59, 63, 70, 77, 78, 85, 98, 99, 75, 97, 86, 92, 84, 88, 95, 102, 103, 110, 123, 124, 100, 122, 111, 117, 109, 113, 120, 127, 128, 135, 148, 149, 125, 147, 136, 142, 134, 138, 145]
Persimmon problem:  {"Initial_routing":[[2, 1], [1, 4], [4, 7], [7, 16], [16, 15], [15, 8], [8, 21], [21, 14], [14, 12], [12, 20], [20, 26], [26, 27], [27, 28], [28, 35], [35, 48], [48, 49], [49, 25], [25, 47], [47, 36], [36, 42], [42, 43], [43, 52], [52, 51], [51, 54], [54, 57], [57, 66], [66, 65], [65, 58], [58, 71], [71, 64], [64, 62], [62, 70], [70, 77], [77, 76], [76, 79], [79, 82], [82, 91], [91, 90], [90, 83], [83, 96], [96, 89], [89, 87], [87, 95], [95, 102], [102, 101], [101, 104], [104, 107], [107, 116], [116, 115], [115, 108], [108, 121], [121, 114], [114, 112], [112, 120], [120, 127], [127, 126], [126, 129], [129, 132], [132, 141], [141, 140], [140, 133], [133, 146], [146, 139], [139, 137], [137, 145]],"Final_routing":[[2, 3], [3, 10], [10, 23], [23, 24], [24, 0], [0, 22], [22, 11], [11, 17], [17, 9], [9, 13], [13, 20], [20, 26], [26, 29], [29, 32], [32, 41], [41, 40], [40, 33], [33, 46], [46, 39], [39, 37], [37, 44], [44, 43], [43, 52], [52, 53], [53, 60], [60, 73], [73, 74], [74, 50], [50, 72], [72, 61], [61, 67], [67, 59], [59, 63], [63, 70], [70, 77], [77, 78], [78, 85], [85, 98], [98, 99], [99, 75], [75, 97], [97, 86], [86, 92], [92, 84], [84, 88], [88, 95], [95, 102], [102, 103], [103, 110], [110, 123], [123, 124], [124, 100], [100, 122], [122, 111], [111, 117], [117, 109], [109, 113], [113, 120], [120, 127], [127, 128], [128, 135], [135, 148], [148, 149], [149, 125], [125, 147], [147, 136], [136, 142], [142, 134], [134, 138], [138, 145]],"Properties":{"MultiAlternativeWaypoint": {"waypoint": [0,128,140,13,15,145,147,20,37,41,42,48,57,60,61,64,75,77,79,88,96,101,108,117,123,127]},"Reachability":{"startNode":2,"finalNode":145}}}
Persimmon stdout:  Chain equivalence reduction: 125 -> 63
Constructing all update BDD
Solution: Some([[44, 136, 142, 134, 138, 117, 123, 124, 100, 122, 111, 135, 148, 149, 125, 29, 32, 22, 11, 17, 9, 97, 86, 92, 84, 109, 113, 78, 85, 98, 99, 41, 67, 59, 63, 103, 110, 0, 53, 40, 33, 46, 39, 73, 74, 50, 72, 37, 88, 61, 147, 128, 75, 60, 3, 10, 23, 24, 13], [52, 2, 26, 127, 77, 102], [57, 79, 27, 28, 35, 121, 114, 112, 8, 21, 14, 12, 48, 126, 129, 132, 141, 49, 25, 47, 36, 66, 65, 58, 71, 15, 82, 91, 90, 83, 89, 87, 108, 62, 64, 133, 146, 139, 137, 104, 107, 116, 115, 140, 96, 42, 51, 54, 76, 101, 1, 4, 7, 16]])
Time elapsed: 4.58ms
Time elapsed(s): 0.004580s

Persimmon stderr:  
Time: 0.00458
Solution: [[44, 136, 142, 134, 138, 117, 123, 124, 100, 122, 111, 135, 148, 149, 125, 29, 32, 22, 11, 17, 9, 97, 86, 92, 84, 109, 113, 78, 85, 98, 99, 41, 67, 59, 63, 103, 110, 0, 53, 40, 33, 46, 39, 73, 74, 50, 72, 37, 88, 61, 147, 128, 75, 60, 3, 10, 23, 24, 13], [52, 2, 26, 127, 77, 102], [57, 79, 27, 28, 35, 121, 114, 112, 8, 21, 14, 12, 48, 126, 129, 132, 141, 49, 25, 47, 36, 66, 65, 58, 71, 15, 82, 91, 90, 83, 89, 87, 108, 62, 64, 133, 146, 139, 137, 104, 107, 116, 115, 140, 96, 42, 51, 54, 76, 101, 1, 4, 7, 16]]
	Command being timed: "python3 allsynth/run.py -t PERS --GML topologies/topzoo/Arpanet19723.gml 5 --dir topzoo_res/SeparateWPk/PERS/PERS-2 --e-prop SeparateWPk --repeat 1"
	User time (seconds): 0.84
	System time (seconds): 1.36
	Percent of CPU this job got: 368%
	Elapsed (wall clock) time (h:mm:ss or m:ss): 0:00.59
	Average shared text size (kbytes): 0
	Average unshared data size (kbytes): 0
	Average stack size (kbytes): 0
	Average total size (kbytes): 0
	Maximum resident set size (kbytes): 71232
	Average resident set size (kbytes): 0
	Major (requiring I/O) page faults: 0
	Minor (reclaiming a frame) page faults: 13182
	Voluntary context switches: 35
	Involuntary context switches: 85
	Swaps: 0
	File system inputs: 0
	File system outputs: 32
	Socket messages sent: 0
	Socket messages received: 0
	Signals delivered: 0
	Page size (bytes): 4096
	Exit status: 0
