Namespace(tool='PERS', exper=None, gml=['topologies/topzoo/Belnet2005.gml', '5'], index=None, prop='SeparateWPk', prop_file=None, op_req=None, repeat=1, reduce=False, opt=False, u=False, some=False, count=False, weight_bound=None, savedir='topzoo_res/SeparateWPk/PERS/PERS-2', dump_bdd=False)
Running 5Belnet2005.gml
Policy: ((((((WP(27-137) | WP(50-137)) | WP(52-137)) | WP(120-137)) | WP(91-137)) | WP(29-137)) & (Reach 137))
Initial path of nodes: [5, 14, 4, 22, 23, 27, 30, 35, 51, 60, 50, 68, 74, 83, 73, 91, 97, 106, 96, 114, 120, 129, 119, 137]
Final path of nodes: [5, 14, 6, 22, 23, 29, 37, 35, 51, 60, 52, 68, 74, 83, 75, 91, 97, 106, 98, 114, 120, 129, 121, 137]
Persimmon problem:  {"Initial_routing":[[5, 14], [14, 4], [4, 22], [22, 23], [23, 27], [27, 30], [30, 35], [35, 51], [51, 60], [60, 50], [50, 68], [68, 74], [74, 83], [83, 73], [73, 91], [91, 97], [97, 106], [106, 96], [96, 114], [114, 120], [120, 129], [129, 119], [119, 137]],"Final_routing":[[5, 14], [14, 6], [6, 22], [22, 23], [23, 29], [29, 37], [37, 35], [35, 51], [51, 60], [60, 52], [52, 68], [68, 74], [74, 83], [83, 75], [75, 91], [91, 97], [97, 106], [106, 98], [98, 114], [114, 120], [120, 129], [129, 121], [121, 137]],"Properties":{"MultiAlternativeWaypoint": {"waypoint": [27,50,52,120,91,29]},"Reachability":{"startNode":5,"finalNode":137}}}
Persimmon stdout:  Chain equivalence reduction: 31 -> 29
Constructing all update BDD
Solution: Some([[29, 121, 52, 98, 6, 75, 37], [60, 14, 23, 129, 83, 106], [96, 27, 4, 30, 50, 119, 73]])
Time elapsed: 1.46ms
Time elapsed(s): 0.001460s

Persimmon stderr:  
Time: 0.00146
Solution: [[29, 121, 52, 98, 6, 75, 37], [60, 14, 23, 129, 83, 106], [96, 27, 4, 30, 50, 119, 73]]
	Command being timed: "python3 allsynth/run.py -t PERS --GML topologies/topzoo/Belnet2005.gml 5 --dir topzoo_res/SeparateWPk/PERS/PERS-2 --e-prop SeparateWPk --repeat 1"
	User time (seconds): 0.85
	System time (seconds): 1.35
	Percent of CPU this job got: 369%
	Elapsed (wall clock) time (h:mm:ss or m:ss): 0:00.59
	Average shared text size (kbytes): 0
	Average unshared data size (kbytes): 0
	Average stack size (kbytes): 0
	Average total size (kbytes): 0
	Maximum resident set size (kbytes): 71484
	Average resident set size (kbytes): 0
	Major (requiring I/O) page faults: 0
	Minor (reclaiming a frame) page faults: 13174
	Voluntary context switches: 36
	Involuntary context switches: 71
	Swaps: 0
	File system inputs: 0
	File system outputs: 24
	Socket messages sent: 0
	Socket messages received: 0
	Signals delivered: 0
	Page size (bytes): 4096
	Exit status: 0
