Namespace(tool='PERS', exper=None, gml=['topologies/topzoo/Bellcanada.gml', '5'], index=None, prop='SeparateWPk', prop_file=None, op_req=None, repeat=1, reduce=False, opt=False, u=False, some=False, count=False, weight_bound=None, savedir='topzoo_res/SeparateWPk/PERS/PERS-2', dump_bdd=False)
Running 5Bellcanada.gml
Policy: (((((((((((((((((((((((((((((((WP(256-250) | WP(257-250)) | WP(131-250)) | WP(16-250)) | WP(17-250)) | WP(274-250)) | WP(275-250)) | WP(150-250)) | WP(154-250)) | WP(158-250)) | WP(160-250)) | WP(34-250)) | WP(35-250)) | WP(49-250)) | WP(179-250)) | WP(54-250)) | WP(190-250)) | WP(64-250)) | WP(66-250)) | WP(198-250)) | WP(77-250)) | WP(208-250)) | WP(83-250)) | WP(98-250)) | WP(227-250)) | WP(102-250)) | WP(109-250)) | WP(237-250)) | WP(112-250)) | WP(115-250)) | WP(246-250)) & (Reach 250))
Initial path of nodes: [6, 1, 2, 46, 45, 34, 29, 13, 14, 16, 17, 18, 19, 10, 54, 49, 50, 94, 93, 82, 77, 61, 62, 64, 65, 66, 67, 58, 102, 97, 98, 142, 141, 130, 125, 109, 110, 112, 113, 114, 115, 106, 150, 145, 146, 190, 189, 178, 173, 157, 158, 160, 161, 162, 163, 154, 198, 193, 194, 238, 237, 226, 221, 205, 206, 208, 209, 210, 211, 202, 246, 241, 242, 286, 285, 274, 269, 253, 254, 256, 257, 258, 259, 250]
Final path of nodes: [6, 7, 4, 33, 31, 35, 40, 12, 14, 15, 16, 17, 18, 19, 10, 54, 55, 52, 81, 79, 83, 88, 60, 62, 63, 64, 65, 66, 67, 58, 102, 103, 100, 129, 127, 131, 136, 108, 110, 111, 112, 113, 114, 115, 106, 150, 151, 148, 177, 175, 179, 184, 156, 158, 159, 160, 161, 162, 163, 154, 198, 199, 196, 225, 223, 227, 232, 204, 206, 207, 208, 209, 210, 211, 202, 246, 247, 244, 273, 271, 275, 280, 252, 254, 255, 256, 257, 258, 259, 250]
Persimmon problem:  {"Initial_routing":[[6, 1], [1, 2], [2, 46], [46, 45], [45, 34], [34, 29], [29, 13], [13, 14], [14, 16], [16, 17], [17, 18], [18, 19], [19, 10], [10, 54], [54, 49], [49, 50], [50, 94], [94, 93], [93, 82], [82, 77], [77, 61], [61, 62], [62, 64], [64, 65], [65, 66], [66, 67], [67, 58], [58, 102], [102, 97], [97, 98], [98, 142], [142, 141], [141, 130], [130, 125], [125, 109], [109, 110], [110, 112], [112, 113], [113, 114], [114, 115], [115, 106], [106, 150], [150, 145], [145, 146], [146, 190], [190, 189], [189, 178], [178, 173], [173, 157], [157, 158], [158, 160], [160, 161], [161, 162], [162, 163], [163, 154], [154, 198], [198, 193], [193, 194], [194, 238], [238, 237], [237, 226], [226, 221], [221, 205], [205, 206], [206, 208], [208, 209], [209, 210], [210, 211], [211, 202], [202, 246], [246, 241], [241, 242], [242, 286], [286, 285], [285, 274], [274, 269], [269, 253], [253, 254], [254, 256], [256, 257], [257, 258], [258, 259], [259, 250]],"Final_routing":[[6, 7], [7, 4], [4, 33], [33, 31], [31, 35], [35, 40], [40, 12], [12, 14], [14, 15], [15, 16], [16, 17], [17, 18], [18, 19], [19, 10], [10, 54], [54, 55], [55, 52], [52, 81], [81, 79], [79, 83], [83, 88], [88, 60], [60, 62], [62, 63], [63, 64], [64, 65], [65, 66], [66, 67], [67, 58], [58, 102], [102, 103], [103, 100], [100, 129], [129, 127], [127, 131], [131, 136], [136, 108], [108, 110], [110, 111], [111, 112], [112, 113], [113, 114], [114, 115], [115, 106], [106, 150], [150, 151], [151, 148], [148, 177], [177, 175], [175, 179], [179, 184], [184, 156], [156, 158], [158, 159], [159, 160], [160, 161], [161, 162], [162, 163], [163, 154], [154, 198], [198, 199], [199, 196], [196, 225], [225, 223], [223, 227], [227, 232], [232, 204], [204, 206], [206, 207], [207, 208], [208, 209], [209, 210], [210, 211], [211, 202], [202, 246], [246, 247], [247, 244], [244, 273], [273, 271], [271, 275], [275, 280], [280, 252], [252, 254], [254, 255], [255, 256], [256, 257], [257, 258], [258, 259], [259, 250]],"Properties":{"MultiAlternativeWaypoint": {"waypoint": [256,257,131,16,17,274,275,150,154,158,160,34,35,49,179,54,190,64,66,198,77,208,83,98,227,102,109,237,112,115,246]},"Reachability":{"startNode":6,"finalNode":250}}}
Persimmon stdout:  Chain equivalence reduction: 132 -> 74
Constructing all update BDD
Solution: Some([[7, 4, 33, 31, 247, 244, 273, 271, 227, 88, 60, 83, 103, 100, 129, 127, 131, 151, 148, 177, 175, 199, 196, 225, 223, 275, 179, 40, 12, 136, 108, 280, 252, 232, 204, 55, 52, 81, 79, 35, 184, 156], [54, 246, 15, 6, 255, 150, 63, 159, 207, 102, 111, 198], [50, 94, 93, 82, 14, 226, 221, 205, 145, 146, 98, 241, 242, 286, 285, 193, 194, 238, 109, 237, 269, 253, 77, 62, 254, 142, 141, 130, 125, 49, 189, 178, 173, 157, 158, 206, 190, 1, 2, 46, 45, 97, 274, 110, 34, 61, 29, 13]])
Time elapsed: 6.17ms
Time elapsed(s): 0.006167s

Persimmon stderr:  
Time: 0.006167
Solution: [[7, 4, 33, 31, 247, 244, 273, 271, 227, 88, 60, 83, 103, 100, 129, 127, 131, 151, 148, 177, 175, 199, 196, 225, 223, 275, 179, 40, 12, 136, 108, 280, 252, 232, 204, 55, 52, 81, 79, 35, 184, 156], [54, 246, 15, 6, 255, 150, 63, 159, 207, 102, 111, 198], [50, 94, 93, 82, 14, 226, 221, 205, 145, 146, 98, 241, 242, 286, 285, 193, 194, 238, 109, 237, 269, 253, 77, 62, 254, 142, 141, 130, 125, 49, 189, 178, 173, 157, 158, 206, 190, 1, 2, 46, 45, 97, 274, 110, 34, 61, 29, 13]]
	Command being timed: "python3 allsynth/run.py -t PERS --GML topologies/topzoo/Bellcanada.gml 5 --dir topzoo_res/SeparateWPk/PERS/PERS-2 --e-prop SeparateWPk --repeat 1"
	User time (seconds): 0.99
	System time (seconds): 1.28
	Percent of CPU this job got: 338%
	Elapsed (wall clock) time (h:mm:ss or m:ss): 0:00.67
	Average shared text size (kbytes): 0
	Average unshared data size (kbytes): 0
	Average stack size (kbytes): 0
	Average total size (kbytes): 0
	Maximum resident set size (kbytes): 72636
	Average resident set size (kbytes): 0
	Major (requiring I/O) page faults: 0
	Minor (reclaiming a frame) page faults: 13529
	Voluntary context switches: 29
	Involuntary context switches: 100
	Swaps: 0
	File system inputs: 0
	File system outputs: 32
	Socket messages sent: 0
	Socket messages received: 0
	Signals delivered: 0
	Page size (bytes): 4096
	Exit status: 0
