Namespace(tool='PERS', exper=None, gml=['topologies/topzoo/BtNorthAmerica.gml', '5'], index=None, prop='SeparateWPk', prop_file=None, op_req=None, repeat=1, reduce=False, opt=False, u=False, some=False, count=False, weight_bound=None, savedir='topzoo_res/SeparateWPk/PERS/PERS-2', dump_bdd=False)
Running 5BtNorthAmerica.gml
Policy: (((((((((((((((((WP(32-214) | WP(35-214)) | WP(133-214)) | WP(38-214)) | WP(135-214)) | WP(166-214)) | WP(105-214)) | WP(106-214)) | WP(76-214)) | WP(46-214)) | WP(142-214)) | WP(80-214)) | WP(145-214)) | WP(212-214)) | WP(215-214)) | WP(184-214)) | WP(188-214)) & (Reach 214))
Initial path of nodes: [4, 8, 1, 2, 27, 35, 34, 40, 44, 37, 38, 63, 71, 70, 76, 80, 73, 74, 99, 107, 106, 112, 116, 109, 110, 135, 143, 142, 148, 152, 145, 146, 171, 179, 178, 184, 188, 181, 182, 207, 215, 214]
Final path of nodes: [4, 8, 1, 22, 33, 32, 34, 40, 44, 61, 46, 63, 69, 68, 70, 76, 87, 79, 89, 94, 105, 104, 106, 112, 116, 133, 118, 135, 141, 140, 142, 148, 159, 151, 161, 166, 177, 176, 178, 184, 188, 205, 190, 207, 213, 212, 214]
Persimmon problem:  {"Initial_routing":[[4, 8], [8, 1], [1, 2], [2, 27], [27, 35], [35, 34], [34, 40], [40, 44], [44, 37], [37, 38], [38, 63], [63, 71], [71, 70], [70, 76], [76, 80], [80, 73], [73, 74], [74, 99], [99, 107], [107, 106], [106, 112], [112, 116], [116, 109], [109, 110], [110, 135], [135, 143], [143, 142], [142, 148], [148, 152], [152, 145], [145, 146], [146, 171], [171, 179], [179, 178], [178, 184], [184, 188], [188, 181], [181, 182], [182, 207], [207, 215], [215, 214]],"Final_routing":[[4, 8], [8, 1], [1, 22], [22, 33], [33, 32], [32, 34], [34, 40], [40, 44], [44, 61], [61, 46], [46, 63], [63, 69], [69, 68], [68, 70], [70, 76], [76, 87], [87, 79], [79, 89], [89, 94], [94, 105], [105, 104], [104, 106], [106, 112], [112, 116], [116, 133], [133, 118], [118, 135], [135, 141], [141, 140], [140, 142], [142, 148], [148, 159], [159, 151], [151, 161], [161, 166], [166, 177], [177, 176], [176, 178], [178, 184], [184, 188], [188, 205], [205, 190], [190, 207], [207, 213], [213, 212], [212, 214]],"Properties":{"MultiAlternativeWaypoint": {"waypoint": [32,35,133,38,135,166,105,106,76,46,142,80,145,212,215,184,188]},"Reachability":{"startNode":4,"finalNode":214}}}
Persimmon stdout:  Chain equivalence reduction: 69 -> 49
Constructing all update BDD
Solution: Some([[141, 140, 118, 166, 61, 22, 33, 133, 177, 176, 213, 105, 212, 87, 79, 89, 94, 69, 68, 32, 159, 151, 161, 205, 190, 46, 104], [116, 207, 76, 148, 188, 63, 1, 135, 44], [2, 27, 109, 110, 152, 35, 146, 171, 179, 215, 37, 73, 74, 99, 107, 181, 182, 71, 145, 80, 143, 38]])
Time elapsed: 3.03ms
Time elapsed(s): 0.003033s

Persimmon stderr:  
Time: 0.003033
Solution: [[141, 140, 118, 166, 61, 22, 33, 133, 177, 176, 213, 105, 212, 87, 79, 89, 94, 69, 68, 32, 159, 151, 161, 205, 190, 46, 104], [116, 207, 76, 148, 188, 63, 1, 135, 44], [2, 27, 109, 110, 152, 35, 146, 171, 179, 215, 37, 73, 74, 99, 107, 181, 182, 71, 145, 80, 143, 38]]
	Command being timed: "python3 allsynth/run.py -t PERS --GML topologies/topzoo/BtNorthAmerica.gml 5 --dir topzoo_res/SeparateWPk/PERS/PERS-2 --e-prop SeparateWPk --repeat 1"
	User time (seconds): 0.92
	System time (seconds): 1.31
	Percent of CPU this job got: 351%
	Elapsed (wall clock) time (h:mm:ss or m:ss): 0:00.63
	Average shared text size (kbytes): 0
	Average unshared data size (kbytes): 0
	Average stack size (kbytes): 0
	Average total size (kbytes): 0
	Maximum resident set size (kbytes): 72252
	Average resident set size (kbytes): 0
	Major (requiring I/O) page faults: 0
	Minor (reclaiming a frame) page faults: 13408
	Voluntary context switches: 29
	Involuntary context switches: 108
	Swaps: 0
	File system inputs: 0
	File system outputs: 24
	Socket messages sent: 0
	Socket messages received: 0
	Signals delivered: 0
	Page size (bytes): 4096
	Exit status: 0
