Namespace(tool='PERS', exper=None, gml=['topologies/topzoo/Dataxchange.gml', '5'], index=None, prop='SeparateWPk', prop_file=None, op_req=None, repeat=1, reduce=False, opt=False, u=False, some=False, count=False, weight_bound=None, savedir='topzoo_res/SeparateWPk/PERS/PERS-2', dump_bdd=False)
Running 5Dataxchange.gml
Policy: ((((WP(9-35) | WP(29-35)) | WP(22-35)) | WP(33-35)) & (Reach 35))
Initial path of nodes: [3, 4, 5, 6, 10, 9, 15, 16, 17, 21, 22, 23, 27, 28, 29, 33, 34, 35]
Final path of nodes: [3, 4, 5, 6, 10, 9, 15, 16, 17, 21, 22, 18, 23, 27, 28, 29, 33, 34, 30, 35]
Persimmon problem:  {"Initial_routing":[[3, 4], [4, 5], [5, 6], [6, 10], [10, 9], [9, 15], [15, 16], [16, 17], [17, 21], [21, 22], [22, 23], [23, 27], [27, 28], [28, 29], [29, 33], [33, 34], [34, 35]],"Final_routing":[[3, 4], [4, 5], [5, 6], [6, 10], [10, 9], [9, 15], [15, 16], [16, 17], [17, 21], [21, 22], [22, 18], [18, 23], [23, 27], [27, 28], [28, 29], [29, 33], [33, 34], [34, 30], [30, 35]],"Properties":{"MultiAlternativeWaypoint": {"waypoint": [9,29,22,33]},"Reachability":{"startNode":3,"finalNode":35}}}
Persimmon stdout:  Chain equivalence reduction: 20 -> 10
Constructing all update BDD
Solution: Some([[18, 30], [22, 34]])
Time elapsed: 379.97µs
Time elapsed(s): 0.000380s

Persimmon stderr:  
Time: 0.00038
Solution: [[18, 30], [22, 34]]
	Command being timed: "python3 allsynth/run.py -t PERS --GML topologies/topzoo/Dataxchange.gml 5 --dir topzoo_res/SeparateWPk/PERS/PERS-2 --e-prop SeparateWPk --repeat 1"
	User time (seconds): 0.85
	System time (seconds): 1.25
	Percent of CPU this job got: 368%
	Elapsed (wall clock) time (h:mm:ss or m:ss): 0:00.57
	Average shared text size (kbytes): 0
	Average unshared data size (kbytes): 0
	Average stack size (kbytes): 0
	Average total size (kbytes): 0
	Maximum resident set size (kbytes): 70316
	Average resident set size (kbytes): 0
	Major (requiring I/O) page faults: 0
	Minor (reclaiming a frame) page faults: 12893
	Voluntary context switches: 27
	Involuntary context switches: 156
	Swaps: 0
	File system inputs: 0
	File system outputs: 24
	Socket messages sent: 0
	Socket messages received: 0
	Signals delivered: 0
	Page size (bytes): 4096
	Exit status: 0
