Namespace(tool='PERS', exper=None, gml=['topologies/topzoo/Dfn.gml', '5'], index=None, prop='SeparateWPk', prop_file=None, op_req=None, repeat=1, reduce=False, opt=False, u=False, some=False, count=False, weight_bound=None, savedir='topzoo_res/SeparateWPk/PERS/PERS-2', dump_bdd=False)
Running 5Dfn.gml
Policy: (((((((((((((WP(226-347) | WP(134-347)) | WP(328-347)) | WP(108-347)) | WP(173-347)) | WP(109-347)) | WP(155-347)) | WP(48-347)) | WP(338-347)) | WP(276-347)) | WP(56-347)) | WP(346-347)) | WP(251-347)) & (Reach 347))
Initial path of nodes: [38, 18, 19, 51, 52, 48, 57, 58, 59, 111, 108, 102, 97, 96, 154, 134, 135, 167, 168, 164, 173, 212, 192, 193, 225, 226, 222, 231, 270, 250, 251, 283, 284, 280, 289, 328, 308, 309, 341, 342, 338, 347]
Final path of nodes: [38, 39, 44, 50, 52, 56, 57, 58, 61, 110, 109, 77, 76, 96, 154, 155, 160, 166, 168, 172, 173, 212, 213, 218, 224, 226, 230, 231, 270, 271, 276, 282, 284, 288, 289, 328, 329, 334, 340, 342, 346, 347]
Persimmon problem:  {"Initial_routing":[[38, 18], [18, 19], [19, 51], [51, 52], [52, 48], [48, 57], [57, 58], [58, 59], [59, 111], [111, 108], [108, 102], [102, 97], [97, 96], [96, 154], [154, 134], [134, 135], [135, 167], [167, 168], [168, 164], [164, 173], [173, 212], [212, 192], [192, 193], [193, 225], [225, 226], [226, 222], [222, 231], [231, 270], [270, 250], [250, 251], [251, 283], [283, 284], [284, 280], [280, 289], [289, 328], [328, 308], [308, 309], [309, 341], [341, 342], [342, 338], [338, 347]],"Final_routing":[[38, 39], [39, 44], [44, 50], [50, 52], [52, 56], [56, 57], [57, 58], [58, 61], [61, 110], [110, 109], [109, 77], [77, 76], [76, 96], [96, 154], [154, 155], [155, 160], [160, 166], [166, 168], [168, 172], [172, 173], [173, 212], [212, 213], [213, 218], [218, 224], [224, 226], [226, 230], [230, 231], [231, 270], [270, 271], [271, 276], [276, 282], [282, 284], [284, 288], [288, 289], [289, 328], [328, 329], [329, 334], [334, 340], [340, 342], [342, 346], [346, 347]],"Properties":{"MultiAlternativeWaypoint": {"waypoint": [226,134,328,108,173,109,155,48,338,276,56,346,251]},"Reachability":{"startNode":38,"finalNode":347}}}
Persimmon stdout:  Chain equivalence reduction: 67 -> 49
Constructing all update BDD
Solution: Some([[56, 61, 110, 230, 155, 213, 218, 224, 271, 329, 334, 340, 39, 44, 50, 109, 282, 77, 76, 276, 346, 172, 160, 166, 288], [38, 52, 270, 168, 212, 226, 154, 58, 284, 328, 342], [164, 222, 192, 193, 225, 102, 97, 283, 280, 134, 135, 167, 48, 308, 309, 341, 108, 338, 59, 111, 250, 18, 19, 51, 251]])
Time elapsed: 2.97ms
Time elapsed(s): 0.002971s

Persimmon stderr:  
Time: 0.002971
Solution: [[56, 61, 110, 230, 155, 213, 218, 224, 271, 329, 334, 340, 39, 44, 50, 109, 282, 77, 76, 276, 346, 172, 160, 166, 288], [38, 52, 270, 168, 212, 226, 154, 58, 284, 328, 342], [164, 222, 192, 193, 225, 102, 97, 283, 280, 134, 135, 167, 48, 308, 309, 341, 108, 338, 59, 111, 250, 18, 19, 51, 251]]
	Command being timed: "python3 allsynth/run.py -t PERS --GML topologies/topzoo/Dfn.gml 5 --dir topzoo_res/SeparateWPk/PERS/PERS-2 --e-prop SeparateWPk --repeat 1"
	User time (seconds): 1.01
	System time (seconds): 1.28
	Percent of CPU this job got: 331%
	Elapsed (wall clock) time (h:mm:ss or m:ss): 0:00.69
	Average shared text size (kbytes): 0
	Average unshared data size (kbytes): 0
	Average stack size (kbytes): 0
	Average total size (kbytes): 0
	Maximum resident set size (kbytes): 72448
	Average resident set size (kbytes): 0
	Major (requiring I/O) page faults: 0
	Minor (reclaiming a frame) page faults: 13479
	Voluntary context switches: 30
	Involuntary context switches: 44
	Swaps: 0
	File system inputs: 0
	File system outputs: 24
	Socket messages sent: 0
	Socket messages received: 0
	Signals delivered: 0
	Page size (bytes): 4096
	Exit status: 0
