Namespace(tool='PERS', exper=None, gml=['topologies/topzoo/Digex.gml', '5'], index=None, prop='SeparateWPk', prop_file=None, op_req=None, repeat=1, reduce=False, opt=False, u=False, some=False, count=False, weight_bound=None, savedir='topzoo_res/SeparateWPk/PERS/PERS-2', dump_bdd=False)
Running 5Digex.gml
Policy: ((((((((((((((((((((((((((WP(3-182) | WP(131-182)) | WP(136-182)) | WP(139-182)) | WP(14-182)) | WP(144-182)) | WP(26-182)) | WP(27-182)) | WP(158-182)) | WP(37-182)) | WP(169-182)) | WP(172-182)) | WP(44-182)) | WP(50-182)) | WP(181-182)) | WP(182-182)) | WP(59-182)) | WP(62-182)) | WP(72-182)) | WP(80-182)) | WP(89-182)) | WP(91-182)) | WP(95-182)) | WP(97-182)) | WP(104-182)) | WP(118-182)) & (Reach 182))
Initial path of nodes: [17, 12, 11, 10, 19, 14, 15, 4, 29, 28, 27, 48, 43, 42, 41, 50, 45, 46, 35, 60, 59, 58, 79, 74, 73, 72, 81, 76, 77, 66, 91, 90, 89, 110, 105, 104, 103, 112, 107, 108, 97, 122, 121, 120, 141, 136, 135, 134, 143, 138, 139, 128, 153, 152, 151, 172, 167, 166, 165, 174, 169, 170, 159, 184, 183, 182]
Final path of nodes: [17, 18, 20, 13, 2, 3, 0, 7, 6, 25, 26, 27, 48, 49, 51, 44, 33, 34, 31, 38, 37, 56, 57, 58, 79, 80, 82, 75, 64, 65, 62, 69, 68, 87, 88, 89, 110, 111, 113, 106, 95, 96, 93, 100, 99, 118, 119, 120, 141, 142, 144, 137, 126, 127, 124, 131, 130, 149, 150, 151, 172, 173, 175, 168, 157, 158, 155, 162, 161, 180, 181, 182]
Persimmon problem:  {"Initial_routing":[[17, 12], [12, 11], [11, 10], [10, 19], [19, 14], [14, 15], [15, 4], [4, 29], [29, 28], [28, 27], [27, 48], [48, 43], [43, 42], [42, 41], [41, 50], [50, 45], [45, 46], [46, 35], [35, 60], [60, 59], [59, 58], [58, 79], [79, 74], [74, 73], [73, 72], [72, 81], [81, 76], [76, 77], [77, 66], [66, 91], [91, 90], [90, 89], [89, 110], [110, 105], [105, 104], [104, 103], [103, 112], [112, 107], [107, 108], [108, 97], [97, 122], [122, 121], [121, 120], [120, 141], [141, 136], [136, 135], [135, 134], [134, 143], [143, 138], [138, 139], [139, 128], [128, 153], [153, 152], [152, 151], [151, 172], [172, 167], [167, 166], [166, 165], [165, 174], [174, 169], [169, 170], [170, 159], [159, 184], [184, 183], [183, 182]],"Final_routing":[[17, 18], [18, 20], [20, 13], [13, 2], [2, 3], [3, 0], [0, 7], [7, 6], [6, 25], [25, 26], [26, 27], [27, 48], [48, 49], [49, 51], [51, 44], [44, 33], [33, 34], [34, 31], [31, 38], [38, 37], [37, 56], [56, 57], [57, 58], [58, 79], [79, 80], [80, 82], [82, 75], [75, 64], [64, 65], [65, 62], [62, 69], [69, 68], [68, 87], [87, 88], [88, 89], [89, 110], [110, 111], [111, 113], [113, 106], [106, 95], [95, 96], [96, 93], [93, 100], [100, 99], [99, 118], [118, 119], [119, 120], [120, 141], [141, 142], [142, 144], [144, 137], [137, 126], [126, 127], [127, 124], [124, 131], [131, 130], [130, 149], [149, 150], [150, 151], [151, 172], [172, 173], [173, 175], [175, 168], [168, 157], [157, 158], [158, 155], [155, 162], [162, 161], [161, 180], [180, 181], [181, 182]],"Properties":{"MultiAlternativeWaypoint": {"waypoint": [3,131,136,139,14,144,26,27,158,37,169,172,44,50,181,182,59,62,72,80,89,91,95,97,104,118]},"Reachability":{"startNode":17,"finalNode":182}}}
Persimmon stdout:  Chain equivalence reduction: 126 -> 63
Constructing all update BDD
Solution: Some([[173, 175, 168, 157, 158, 18, 20, 13, 2, 130, 149, 150, 44, 131, 82, 75, 64, 65, 142, 62, 155, 162, 161, 180, 96, 93, 100, 99, 144, 80, 37, 3, 119, 49, 51, 26, 181, 33, 34, 31, 38, 118, 0, 7, 6, 25, 69, 68, 87, 88, 137, 126, 127, 124, 95, 56, 57, 111, 113, 106], [110, 17, 172, 141, 48, 79], [139, 136, 15, 4, 29, 28, 81, 76, 77, 66, 12, 11, 10, 19, 90, 167, 166, 165, 174, 105, 170, 159, 184, 183, 135, 134, 143, 138, 14, 97, 74, 73, 59, 122, 121, 128, 153, 152, 43, 42, 41, 91, 104, 45, 46, 35, 60, 169, 103, 112, 107, 108, 72, 50]])
Time elapsed: 4.52ms
Time elapsed(s): 0.004516s

Persimmon stderr:  
Time: 0.004516
Solution: [[173, 175, 168, 157, 158, 18, 20, 13, 2, 130, 149, 150, 44, 131, 82, 75, 64, 65, 142, 62, 155, 162, 161, 180, 96, 93, 100, 99, 144, 80, 37, 3, 119, 49, 51, 26, 181, 33, 34, 31, 38, 118, 0, 7, 6, 25, 69, 68, 87, 88, 137, 126, 127, 124, 95, 56, 57, 111, 113, 106], [110, 17, 172, 141, 48, 79], [139, 136, 15, 4, 29, 28, 81, 76, 77, 66, 12, 11, 10, 19, 90, 167, 166, 165, 174, 105, 170, 159, 184, 183, 135, 134, 143, 138, 14, 97, 74, 73, 59, 122, 121, 128, 153, 152, 43, 42, 41, 91, 104, 45, 46, 35, 60, 169, 103, 112, 107, 108, 72, 50]]
	Command being timed: "python3 allsynth/run.py -t PERS --GML topologies/topzoo/Digex.gml 5 --dir topzoo_res/SeparateWPk/PERS/PERS-2 --e-prop SeparateWPk --repeat 1"
	User time (seconds): 0.96
	System time (seconds): 1.26
	Percent of CPU this job got: 362%
	Elapsed (wall clock) time (h:mm:ss or m:ss): 0:00.61
	Average shared text size (kbytes): 0
	Average unshared data size (kbytes): 0
	Average stack size (kbytes): 0
	Average total size (kbytes): 0
	Maximum resident set size (kbytes): 71516
	Average resident set size (kbytes): 0
	Major (requiring I/O) page faults: 0
	Minor (reclaiming a frame) page faults: 13255
	Voluntary context switches: 28
	Involuntary context switches: 104
	Swaps: 0
	File system inputs: 0
	File system outputs: 32
	Socket messages sent: 0
	Socket messages received: 0
	Signals delivered: 0
	Page size (bytes): 4096
	Exit status: 0
