Namespace(tool='PERS', exper=None, gml=['topologies/topzoo/EliBackbone.gml', '5'], index=None, prop='SeparateWPk', prop_file=None, op_req=None, repeat=1, reduce=False, opt=False, u=False, some=False, count=False, weight_bound=None, savedir='topzoo_res/SeparateWPk/PERS/PERS-2', dump_bdd=False)
Running 5EliBackbone.gml
Policy: ((((((((((((((((WP(36-112) | WP(69-112)) | WP(70-112)) | WP(39-112)) | WP(9-112)) | WP(74-112)) | WP(43-112)) | WP(109-112)) | WP(110-112)) | WP(14-112)) | WP(82-112)) | WP(51-112)) | WP(52-112)) | WP(115-112)) | WP(92-112)) | WP(29-112)) & (Reach 112))
Initial path of nodes: [10, 11, 2, 16, 14, 9, 12, 25, 26, 34, 36, 22, 31, 30, 50, 51, 42, 56, 54, 49, 52, 70, 71, 62, 76, 74, 69, 72, 90, 91, 82, 96, 94, 89, 92, 110, 111, 102, 116, 114, 109, 112]
Final path of nodes: [10, 11, 2, 3, 0, 14, 13, 12, 25, 28, 29, 34, 20, 23, 22, 39, 30, 50, 59, 42, 43, 40, 54, 53, 52, 70, 79, 62, 76, 75, 69, 73, 72, 90, 99, 82, 83, 80, 94, 93, 92, 110, 119, 102, 116, 115, 109, 113, 112]
Persimmon problem:  {"Initial_routing":[[10, 11], [11, 2], [2, 16], [16, 14], [14, 9], [9, 12], [12, 25], [25, 26], [26, 34], [34, 36], [36, 22], [22, 31], [31, 30], [30, 50], [50, 51], [51, 42], [42, 56], [56, 54], [54, 49], [49, 52], [52, 70], [70, 71], [71, 62], [62, 76], [76, 74], [74, 69], [69, 72], [72, 90], [90, 91], [91, 82], [82, 96], [96, 94], [94, 89], [89, 92], [92, 110], [110, 111], [111, 102], [102, 116], [116, 114], [114, 109], [109, 112]],"Final_routing":[[10, 11], [11, 2], [2, 3], [3, 0], [0, 14], [14, 13], [13, 12], [12, 25], [25, 28], [28, 29], [29, 34], [34, 20], [20, 23], [23, 22], [22, 39], [39, 30], [30, 50], [50, 59], [59, 42], [42, 43], [43, 40], [40, 54], [54, 53], [53, 52], [52, 70], [70, 79], [79, 62], [62, 76], [76, 75], [75, 69], [69, 73], [73, 72], [72, 90], [90, 99], [99, 82], [82, 83], [83, 80], [80, 94], [94, 93], [93, 92], [92, 110], [110, 119], [119, 102], [102, 116], [116, 115], [115, 109], [109, 113], [113, 112]],"Properties":{"MultiAlternativeWaypoint": {"waypoint": [36,69,70,39,9,74,43,109,110,14,82,51,52,115,92,29]},"Reachability":{"startNode":10,"finalNode":112}}}
Persimmon stdout:  Chain equivalence reduction: 64 -> 60
Constructing all update BDD
Solution: Some([[93, 43, 53, 115, 99, 40, 59, 83, 80, 29, 39, 20, 23, 79, 119, 75, 28, 13, 3, 0], [116, 73, 50, 113, 2, 14, 54, 94, 110, 82, 25, 76, 42, 90, 34, 22, 70], [26, 71, 69, 51, 89, 114, 56, 9, 36, 49, 111, 16, 74, 31, 91, 96, 109]])
Time elapsed: 4.61ms
Time elapsed(s): 0.004607s

Persimmon stderr:  
Time: 0.004607
Solution: [[93, 43, 53, 115, 99, 40, 59, 83, 80, 29, 39, 20, 23, 79, 119, 75, 28, 13, 3, 0], [116, 73, 50, 113, 2, 14, 54, 94, 110, 82, 25, 76, 42, 90, 34, 22, 70], [26, 71, 69, 51, 89, 114, 56, 9, 36, 49, 111, 16, 74, 31, 91, 96, 109]]
	Command being timed: "python3 allsynth/run.py -t PERS --GML topologies/topzoo/EliBackbone.gml 5 --dir topzoo_res/SeparateWPk/PERS/PERS-2 --e-prop SeparateWPk --repeat 1"
	User time (seconds): 0.84
	System time (seconds): 1.35
	Percent of CPU this job got: 369%
	Elapsed (wall clock) time (h:mm:ss or m:ss): 0:00.59
	Average shared text size (kbytes): 0
	Average unshared data size (kbytes): 0
	Average stack size (kbytes): 0
	Average total size (kbytes): 0
	Maximum resident set size (kbytes): 71228
	Average resident set size (kbytes): 0
	Major (requiring I/O) page faults: 0
	Minor (reclaiming a frame) page faults: 13137
	Voluntary context switches: 31
	Involuntary context switches: 78
	Swaps: 0
	File system inputs: 0
	File system outputs: 24
	Socket messages sent: 0
	Socket messages received: 0
	Signals delivered: 0
	Page size (bytes): 4096
	Exit status: 0
