Namespace(tool='PERS', exper=None, gml=['topologies/topzoo/Fccn.gml', '5'], index=None, prop='SeparateWPk', prop_file=None, op_req=None, repeat=1, reduce=False, opt=False, u=False, some=False, count=False, weight_bound=None, savedir='topzoo_res/SeparateWPk/PERS/PERS-2', dump_bdd=False)
Running 5Fccn.gml
Policy: ((((((((((((((WP(65-134) | WP(98-134)) | WP(100-134)) | WP(68-134)) | WP(134-134)) | WP(135-134)) | WP(75-134)) | WP(19-134)) | WP(20-134)) | WP(54-134)) | WP(91-134)) | WP(28-134)) | WP(125-134)) | WP(31-134)) & (Reach 134))
Initial path of nodes: [10, 8, 6, 22, 20, 19, 25, 43, 45, 29, 31, 34, 56, 54, 52, 68, 66, 65, 79, 77, 75, 91, 89, 88, 102, 100, 98, 114, 112, 111, 125, 123, 121, 137, 135, 134]
Final path of nodes: [10, 8, 6, 5, 22, 20, 19, 25, 43, 45, 28, 29, 31, 34, 56, 54, 52, 51, 68, 66, 65, 79, 77, 75, 74, 91, 89, 88, 102, 100, 98, 97, 114, 112, 111, 125, 123, 121, 120, 137, 135, 134]
Persimmon problem:  {"Initial_routing":[[10, 8], [8, 6], [6, 22], [22, 20], [20, 19], [19, 25], [25, 43], [43, 45], [45, 29], [29, 31], [31, 34], [34, 56], [56, 54], [54, 52], [52, 68], [68, 66], [66, 65], [65, 79], [79, 77], [77, 75], [75, 91], [91, 89], [89, 88], [88, 102], [102, 100], [100, 98], [98, 114], [114, 112], [112, 111], [111, 125], [125, 123], [123, 121], [121, 137], [137, 135], [135, 134]],"Final_routing":[[10, 8], [8, 6], [6, 5], [5, 22], [22, 20], [20, 19], [19, 25], [25, 43], [43, 45], [45, 28], [28, 29], [29, 31], [31, 34], [34, 56], [56, 54], [54, 52], [52, 51], [51, 68], [68, 66], [66, 65], [65, 79], [79, 77], [77, 75], [75, 74], [74, 91], [91, 89], [89, 88], [88, 102], [102, 100], [100, 98], [98, 97], [97, 114], [114, 112], [112, 111], [111, 125], [125, 123], [123, 121], [121, 120], [120, 137], [137, 135], [135, 134]],"Properties":{"MultiAlternativeWaypoint": {"waypoint": [65,98,100,68,134,135,75,19,20,54,91,28,125,31]},"Reachability":{"startNode":10,"finalNode":134}}}
Persimmon stdout:  Chain equivalence reduction: 42 -> 33
Constructing all update BDD
Solution: Some([[51, 28, 97, 74, 120, 5], [75, 45, 98, 6, 121, 52]])
Time elapsed: 1.99ms
Time elapsed(s): 0.001994s

Persimmon stderr:  
Time: 0.001994
Solution: [[51, 28, 97, 74, 120, 5], [75, 45, 98, 6, 121, 52]]
	Command being timed: "python3 allsynth/run.py -t PERS --GML topologies/topzoo/Fccn.gml 5 --dir topzoo_res/SeparateWPk/PERS/PERS-2 --e-prop SeparateWPk --repeat 1"
	User time (seconds): 0.88
	System time (seconds): 1.33
	Percent of CPU this job got: 365%
	Elapsed (wall clock) time (h:mm:ss or m:ss): 0:00.60
	Average shared text size (kbytes): 0
	Average unshared data size (kbytes): 0
	Average stack size (kbytes): 0
	Average total size (kbytes): 0
	Maximum resident set size (kbytes): 71100
	Average resident set size (kbytes): 0
	Major (requiring I/O) page faults: 0
	Minor (reclaiming a frame) page faults: 13127
	Voluntary context switches: 29
	Involuntary context switches: 109
	Swaps: 0
	File system inputs: 0
	File system outputs: 24
	Socket messages sent: 0
	Socket messages received: 0
	Signals delivered: 0
	Page size (bytes): 4096
	Exit status: 0
