Namespace(tool='PERS', exper=None, gml=['topologies/topzoo/Garr200902.gml', '5'], index=None, prop='SeparateWPk', prop_file=None, op_req=None, repeat=1, reduce=False, opt=False, u=False, some=False, count=False, weight_bound=None, savedir='topzoo_res/SeparateWPk/PERS/PERS-2', dump_bdd=False)
Running 5Garr200902.gml
Policy: (((((((((((((((((((WP(24-321) | WP(283-321)) | WP(156-321)) | WP(159-321)) | WP(288-321)) | WP(31-321)) | WP(299-321)) | WP(301-321)) | WP(174-321)) | WP(180-321)) | WP(67-321)) | WP(72-321)) | WP(78-321)) | WP(210-321)) | WP(83-321)) | WP(224-321)) | WP(229-321)) | WP(240-321)) | WP(124-321)) & (Reach 321))
Initial path of nodes: [13, 18, 19, 8, 48, 31, 12, 51, 54, 83, 78, 93, 62, 73, 72, 67, 121, 126, 127, 116, 156, 139, 120, 159, 175, 180, 181, 170, 210, 193, 174, 213, 229, 234, 235, 224, 264, 247, 228, 267, 283, 288, 289, 278, 318, 301, 282, 321]
Final path of nodes: [13, 18, 19, 16, 48, 24, 29, 12, 51, 54, 83, 78, 96, 70, 73, 72, 67, 121, 126, 127, 124, 156, 132, 137, 120, 159, 175, 180, 181, 178, 210, 186, 191, 174, 213, 229, 234, 235, 232, 264, 240, 245, 228, 267, 283, 288, 289, 286, 318, 294, 299, 282, 321]
Persimmon problem:  {"Initial_routing":[[13, 18], [18, 19], [19, 8], [8, 48], [48, 31], [31, 12], [12, 51], [51, 54], [54, 83], [83, 78], [78, 93], [93, 62], [62, 73], [73, 72], [72, 67], [67, 121], [121, 126], [126, 127], [127, 116], [116, 156], [156, 139], [139, 120], [120, 159], [159, 175], [175, 180], [180, 181], [181, 170], [170, 210], [210, 193], [193, 174], [174, 213], [213, 229], [229, 234], [234, 235], [235, 224], [224, 264], [264, 247], [247, 228], [228, 267], [267, 283], [283, 288], [288, 289], [289, 278], [278, 318], [318, 301], [301, 282], [282, 321]],"Final_routing":[[13, 18], [18, 19], [19, 16], [16, 48], [48, 24], [24, 29], [29, 12], [12, 51], [51, 54], [54, 83], [83, 78], [78, 96], [96, 70], [70, 73], [73, 72], [72, 67], [67, 121], [121, 126], [126, 127], [127, 124], [124, 156], [156, 132], [132, 137], [137, 120], [120, 159], [159, 175], [175, 180], [180, 181], [181, 178], [178, 210], [210, 186], [186, 191], [191, 174], [174, 213], [213, 229], [229, 234], [234, 235], [235, 232], [232, 264], [264, 240], [240, 245], [245, 228], [228, 267], [267, 283], [283, 288], [288, 289], [289, 286], [286, 318], [318, 294], [294, 299], [299, 282], [282, 321]],"Properties":{"MultiAlternativeWaypoint": {"waypoint": [24,283,156,159,288,31,299,301,174,180,67,72,78,210,83,224,229,240,124]},"Reachability":{"startNode":13,"finalNode":321}}}
Persimmon stdout:  Chain equivalence reduction: 65 -> 54
Constructing all update BDD
Solution: Some([[240, 96, 70, 232, 299, 124, 16, 294, 286, 178, 29, 132, 137, 24, 186, 191, 245], [156, 289, 318, 210, 235, 78, 127, 48, 19, 181, 264], [116, 170, 139, 224, 31, 8, 278, 93, 62, 247, 301, 193]])
Time elapsed: 3.70ms
Time elapsed(s): 0.003697s

Persimmon stderr:  
Time: 0.003697
Solution: [[240, 96, 70, 232, 299, 124, 16, 294, 286, 178, 29, 132, 137, 24, 186, 191, 245], [156, 289, 318, 210, 235, 78, 127, 48, 19, 181, 264], [116, 170, 139, 224, 31, 8, 278, 93, 62, 247, 301, 193]]
	Command being timed: "python3 allsynth/run.py -t PERS --GML topologies/topzoo/Garr200902.gml 5 --dir topzoo_res/SeparateWPk/PERS/PERS-2 --e-prop SeparateWPk --repeat 1"
	User time (seconds): 0.97
	System time (seconds): 1.31
	Percent of CPU this job got: 337%
	Elapsed (wall clock) time (h:mm:ss or m:ss): 0:00.67
	Average shared text size (kbytes): 0
	Average unshared data size (kbytes): 0
	Average stack size (kbytes): 0
	Average total size (kbytes): 0
	Maximum resident set size (kbytes): 72388
	Average resident set size (kbytes): 0
	Major (requiring I/O) page faults: 0
	Minor (reclaiming a frame) page faults: 13469
	Voluntary context switches: 31
	Involuntary context switches: 82
	Swaps: 0
	File system inputs: 0
	File system outputs: 24
	Socket messages sent: 0
	Socket messages received: 0
	Signals delivered: 0
	Page size (bytes): 4096
	Exit status: 0
