Namespace(tool='PERS', exper=None, gml=['topologies/topzoo/GtsSlovakia.gml', '5'], index=None, prop='SeparateWPk', prop_file=None, op_req=None, repeat=1, reduce=False, opt=False, u=False, some=False, count=False, weight_bound=None, savedir='topzoo_res/SeparateWPk/PERS/PERS-2', dump_bdd=False)
Running 5GtsSlovakia.gml
Policy: ((((((((((WP(131-206) | WP(101-206)) | WP(134-206)) | WP(167-206)) | WP(41-206)) | WP(74-206)) | WP(205-206)) | WP(183-206)) | WP(30-206)) | WP(63-206)) & (Reach 206))
Initial path of nodes: [8, 4, 27, 6, 26, 30, 31, 43, 39, 62, 41, 61, 65, 66, 78, 74, 97, 76, 96, 100, 101, 113, 109, 132, 111, 131, 135, 136, 148, 144, 167, 146, 166, 170, 171, 183, 179, 202, 181, 201, 205, 206]
Final path of nodes: [8, 4, 27, 28, 29, 30, 31, 43, 39, 62, 63, 64, 65, 66, 78, 74, 97, 98, 99, 100, 101, 113, 109, 132, 133, 134, 135, 136, 148, 144, 167, 168, 169, 170, 171, 183, 179, 202, 203, 204, 205, 206]
Persimmon problem:  {"Initial_routing":[[8, 4], [4, 27], [27, 6], [6, 26], [26, 30], [30, 31], [31, 43], [43, 39], [39, 62], [62, 41], [41, 61], [61, 65], [65, 66], [66, 78], [78, 74], [74, 97], [97, 76], [76, 96], [96, 100], [100, 101], [101, 113], [113, 109], [109, 132], [132, 111], [111, 131], [131, 135], [135, 136], [136, 148], [148, 144], [144, 167], [167, 146], [146, 166], [166, 170], [170, 171], [171, 183], [183, 179], [179, 202], [202, 181], [181, 201], [201, 205], [205, 206]],"Final_routing":[[8, 4], [4, 27], [27, 28], [28, 29], [29, 30], [30, 31], [31, 43], [43, 39], [39, 62], [62, 63], [63, 64], [64, 65], [65, 66], [66, 78], [78, 74], [74, 97], [97, 98], [98, 99], [99, 100], [100, 101], [101, 113], [113, 109], [109, 132], [132, 133], [133, 134], [134, 135], [135, 136], [136, 148], [148, 144], [144, 167], [167, 168], [168, 169], [169, 170], [170, 171], [171, 183], [183, 179], [179, 202], [202, 203], [203, 204], [204, 205], [205, 206]],"Properties":{"MultiAlternativeWaypoint": {"waypoint": [131,101,134,167,41,74,205,183,30,63]},"Reachability":{"startNode":8,"finalNode":206}}}
Persimmon stdout:  Chain equivalence reduction: 54 -> 36
Constructing all update BDD
Solution: Some([[134, 63, 168, 169, 64, 133, 28, 29, 98, 99, 203, 204], [27, 202, 62, 97, 132, 167], [61, 41, 76, 96, 146, 166, 181, 201, 6, 26, 131, 111]])
Time elapsed: 2.07ms
Time elapsed(s): 0.002074s

Persimmon stderr:  
Time: 0.002074
Solution: [[134, 63, 168, 169, 64, 133, 28, 29, 98, 99, 203, 204], [27, 202, 62, 97, 132, 167], [61, 41, 76, 96, 146, 166, 181, 201, 6, 26, 131, 111]]
	Command being timed: "python3 allsynth/run.py -t PERS --GML topologies/topzoo/GtsSlovakia.gml 5 --dir topzoo_res/SeparateWPk/PERS/PERS-2 --e-prop SeparateWPk --repeat 1"
	User time (seconds): 0.95
	System time (seconds): 1.27
	Percent of CPU this job got: 358%
	Elapsed (wall clock) time (h:mm:ss or m:ss): 0:00.62
	Average shared text size (kbytes): 0
	Average unshared data size (kbytes): 0
	Average stack size (kbytes): 0
	Average total size (kbytes): 0
	Maximum resident set size (kbytes): 71740
	Average resident set size (kbytes): 0
	Major (requiring I/O) page faults: 0
	Minor (reclaiming a frame) page faults: 13236
	Voluntary context switches: 30
	Involuntary context switches: 137
	Swaps: 0
	File system inputs: 0
	File system outputs: 24
	Socket messages sent: 0
	Socket messages received: 0
	Signals delivered: 0
	Page size (bytes): 4096
	Exit status: 0
