Namespace(tool='PERS', exper=None, gml=['topologies/topzoo/GtsRomania.gml', '5'], index=None, prop='SeparateWPk', prop_file=None, op_req=None, repeat=1, reduce=False, opt=False, u=False, some=False, count=False, weight_bound=None, savedir='topzoo_res/SeparateWPk/PERS/PERS-2', dump_bdd=False)
Running 5GtsRomania.gml
Policy: ((((((((((((((WP(32-121) | WP(58-121)) | WP(102-121)) | WP(103-121)) | WP(11-121)) | WP(16-121)) | WP(81-121)) | WP(113-121)) | WP(116-121)) | WP(121-121)) | WP(26-121)) | WP(61-121)) | WP(62-121)) | WP(63-121)) & (Reach 121))
Initial path of nodes: [8, 19, 18, 20, 11, 16, 29, 40, 39, 41, 32, 37, 50, 61, 60, 62, 53, 58, 71, 82, 81, 83, 74, 79, 92, 103, 102, 104, 95, 100, 113, 124, 123, 125, 116, 121]
Final path of nodes: [8, 19, 18, 5, 0, 11, 16, 29, 40, 39, 26, 21, 32, 37, 50, 61, 60, 47, 42, 53, 58, 71, 82, 81, 68, 63, 74, 79, 92, 103, 102, 89, 84, 95, 100, 113, 124, 123, 110, 105, 116, 121]
Persimmon problem:  {"Initial_routing":[[8, 19], [19, 18], [18, 20], [20, 11], [11, 16], [16, 29], [29, 40], [40, 39], [39, 41], [41, 32], [32, 37], [37, 50], [50, 61], [61, 60], [60, 62], [62, 53], [53, 58], [58, 71], [71, 82], [82, 81], [81, 83], [83, 74], [74, 79], [79, 92], [92, 103], [103, 102], [102, 104], [104, 95], [95, 100], [100, 113], [113, 124], [124, 123], [123, 125], [125, 116], [116, 121]],"Final_routing":[[8, 19], [19, 18], [18, 5], [5, 0], [0, 11], [11, 16], [16, 29], [29, 40], [40, 39], [39, 26], [26, 21], [21, 32], [32, 37], [37, 50], [50, 61], [61, 60], [60, 47], [47, 42], [42, 53], [53, 58], [58, 71], [71, 82], [82, 81], [81, 68], [68, 63], [63, 74], [74, 79], [79, 92], [92, 103], [103, 102], [102, 89], [89, 84], [84, 95], [95, 100], [100, 113], [113, 124], [124, 123], [123, 110], [110, 105], [105, 116], [116, 121]],"Properties":{"MultiAlternativeWaypoint": {"waypoint": [32,58,102,103,11,16,81,113,116,121,26,61,62,63]},"Reachability":{"startNode":8,"finalNode":121}}}
Persimmon stdout:  Chain equivalence reduction: 48 -> 36
Constructing all update BDD
Solution: Some([[21, 110, 105, 26, 89, 84, 47, 42, 68, 63, 5, 0], [102, 81, 123, 18, 60, 39], [83, 125, 41, 104, 62, 20]])
Time elapsed: 2.31ms
Time elapsed(s): 0.002311s

Persimmon stderr:  
Time: 0.002311
Solution: [[21, 110, 105, 26, 89, 84, 47, 42, 68, 63, 5, 0], [102, 81, 123, 18, 60, 39], [83, 125, 41, 104, 62, 20]]
	Command being timed: "python3 allsynth/run.py -t PERS --GML topologies/topzoo/GtsRomania.gml 5 --dir topzoo_res/SeparateWPk/PERS/PERS-2 --e-prop SeparateWPk --repeat 1"
	User time (seconds): 0.87
	System time (seconds): 1.32
	Percent of CPU this job got: 371%
	Elapsed (wall clock) time (h:mm:ss or m:ss): 0:00.59
	Average shared text size (kbytes): 0
	Average unshared data size (kbytes): 0
	Average stack size (kbytes): 0
	Average total size (kbytes): 0
	Maximum resident set size (kbytes): 72844
	Average resident set size (kbytes): 0
	Major (requiring I/O) page faults: 0
	Minor (reclaiming a frame) page faults: 13087
	Voluntary context switches: 42
	Involuntary context switches: 87
	Swaps: 0
	File system inputs: 0
	File system outputs: 24
	Socket messages sent: 0
	Socket messages received: 0
	Signals delivered: 0
	Page size (bytes): 4096
	Exit status: 0
