Namespace(tool='PERS', exper=None, gml=['topologies/topzoo/HiberniaGlobal.gml', '5'], index=None, prop='SeparateWPk', prop_file=None, op_req=None, repeat=1, reduce=False, opt=False, u=False, some=False, count=False, weight_bound=None, savedir='topzoo_res/SeparateWPk/PERS/PERS-2', dump_bdd=False)
Running 5HiberniaGlobal.gml
Policy: (((((((((((((((((((((((((((((((((((((((((((WP(258-305) | WP(5-305)) | WP(6-305)) | WP(11-305)) | WP(140-305)) | WP(16-305)) | WP(276-305)) | WP(22-305)) | WP(278-305)) | WP(281-305)) | WP(156-305)) | WP(285-305)) | WP(30-305)) | WP(288-305)) | WP(291-305)) | WP(35-305)) | WP(166-305)) | WP(297-305)) | WP(302-305)) | WP(181-305)) | WP(186-305)) | WP(189-305)) | WP(193-305)) | WP(196-305)) | WP(70-305)) | WP(75-305)) | WP(80-305)) | WP(215-305)) | WP(90-305)) | WP(220-305)) | WP(222-305)) | WP(96-305)) | WP(229-305)) | WP(235-305)) | WP(108-305)) | WP(237-305)) | WP(239-305)) | WP(113-305)) | WP(114-305)) | WP(120-305)) | WP(123-305)) | WP(124-305)) | WP(126-305)) & (Reach 305))
Initial path of nodes: [1, 3, 0, 25, 31, 6, 13, 38, 41, 24, 16, 10, 19, 20, 21, 22, 30, 56, 58, 55, 80, 86, 61, 68, 93, 96, 79, 71, 65, 74, 75, 76, 77, 85, 111, 113, 110, 135, 141, 116, 123, 148, 151, 134, 126, 120, 129, 130, 131, 132, 140, 166, 168, 165, 190, 196, 171, 178, 203, 206, 189, 181, 175, 184, 185, 186, 187, 195, 221, 223, 220, 245, 251, 226, 233, 258, 261, 244, 236, 230, 239, 240, 241, 242, 250, 276, 278, 275, 300, 306, 281, 288, 313, 316, 299, 291, 285, 294, 295, 296, 297, 305]
Final path of nodes: [1, 3, 2, 25, 31, 5, 4, 9, 38, 41, 35, 16, 17, 18, 19, 11, 14, 15, 28, 27, 30, 56, 58, 57, 100, 108, 105, 68, 93, 96, 90, 71, 65, 66, 69, 70, 83, 82, 85, 111, 156, 112, 135, 141, 115, 114, 119, 148, 151, 145, 126, 127, 128, 129, 121, 124, 125, 138, 137, 140, 166, 168, 167, 210, 218, 215, 178, 203, 206, 200, 181, 175, 176, 179, 180, 193, 192, 195, 221, 266, 222, 245, 251, 225, 224, 229, 258, 261, 255, 236, 237, 238, 239, 231, 234, 235, 248, 247, 250, 276, 278, 277, 320, 328, 325, 288, 313, 316, 310, 291, 285, 286, 289, 290, 303, 302, 305]
Persimmon problem:  {"Initial_routing":[[1, 3], [3, 0], [0, 25], [25, 31], [31, 6], [6, 13], [13, 38], [38, 41], [41, 24], [24, 16], [16, 10], [10, 19], [19, 20], [20, 21], [21, 22], [22, 30], [30, 56], [56, 58], [58, 55], [55, 80], [80, 86], [86, 61], [61, 68], [68, 93], [93, 96], [96, 79], [79, 71], [71, 65], [65, 74], [74, 75], [75, 76], [76, 77], [77, 85], [85, 111], [111, 113], [113, 110], [110, 135], [135, 141], [141, 116], [116, 123], [123, 148], [148, 151], [151, 134], [134, 126], [126, 120], [120, 129], [129, 130], [130, 131], [131, 132], [132, 140], [140, 166], [166, 168], [168, 165], [165, 190], [190, 196], [196, 171], [171, 178], [178, 203], [203, 206], [206, 189], [189, 181], [181, 175], [175, 184], [184, 185], [185, 186], [186, 187], [187, 195], [195, 221], [221, 223], [223, 220], [220, 245], [245, 251], [251, 226], [226, 233], [233, 258], [258, 261], [261, 244], [244, 236], [236, 230], [230, 239], [239, 240], [240, 241], [241, 242], [242, 250], [250, 276], [276, 278], [278, 275], [275, 300], [300, 306], [306, 281], [281, 288], [288, 313], [313, 316], [316, 299], [299, 291], [291, 285], [285, 294], [294, 295], [295, 296], [296, 297], [297, 305]],"Final_routing":[[1, 3], [3, 2], [2, 25], [25, 31], [31, 5], [5, 4], [4, 9], [9, 38], [38, 41], [41, 35], [35, 16], [16, 17], [17, 18], [18, 19], [19, 11], [11, 14], [14, 15], [15, 28], [28, 27], [27, 30], [30, 56], [56, 58], [58, 57], [57, 100], [100, 108], [108, 105], [105, 68], [68, 93], [93, 96], [96, 90], [90, 71], [71, 65], [65, 66], [66, 69], [69, 70], [70, 83], [83, 82], [82, 85], [85, 111], [111, 156], [156, 112], [112, 135], [135, 141], [141, 115], [115, 114], [114, 119], [119, 148], [148, 151], [151, 145], [145, 126], [126, 127], [127, 128], [128, 129], [129, 121], [121, 124], [124, 125], [125, 138], [138, 137], [137, 140], [140, 166], [166, 168], [168, 167], [167, 210], [210, 218], [218, 215], [215, 178], [178, 203], [203, 206], [206, 200], [200, 181], [181, 175], [175, 176], [176, 179], [179, 180], [180, 193], [193, 192], [192, 195], [195, 221], [221, 266], [266, 222], [222, 245], [245, 251], [251, 225], [225, 224], [224, 229], [229, 258], [258, 261], [261, 255], [255, 236], [236, 237], [237, 238], [238, 239], [239, 231], [231, 234], [234, 235], [235, 248], [248, 247], [247, 250], [250, 276], [276, 278], [278, 277], [277, 320], [320, 328], [328, 325], [325, 288], [288, 313], [313, 316], [316, 310], [310, 291], [291, 285], [285, 286], [286, 289], [289, 290], [290, 303], [303, 302], [302, 305]],"Properties":{"MultiAlternativeWaypoint": {"waypoint": [258,5,6,11,140,16,276,22,278,281,156,285,30,288,291,35,166,297,302,181,186,189,193,196,70,75,80,215,90,220,222,96,229,235,108,237,239,113,114,120,123,124,126]},"Reachability":{"startNode":1,"finalNode":305}}}
Persimmon stdout:  Chain equivalence reduction: 170 -> 129
Constructing all update BDD
Solution: Some([[57, 100, 14, 15, 28, 27, 114, 108, 176, 179, 180, 200, 5, 310, 266, 124, 105, 156, 11, 277, 320, 328, 325, 119, 2, 121, 235, 145, 115, 229, 225, 224, 231, 234, 35, 215, 70, 167, 210, 218, 83, 82, 286, 289, 290, 303, 90, 222, 248, 247, 125, 138, 137, 238, 255, 127, 128, 302, 192, 4, 9, 17, 18, 237, 66, 69, 193, 112], [206, 221, 41, 111, 58, 65, 3, 31, 278, 285, 151, 168, 96, 129, 236, 316, 261, 126, 251, 16, 141, 239, 175, 19], [20, 21, 223, 240, 241, 242, 110, 196, 10, 6, 244, 230, 75, 79, 116, 275, 300, 306, 74, 76, 77, 171, 226, 233, 134, 187, 189, 186, 120, 165, 190, 220, 281, 297, 123, 55, 80, 294, 295, 296, 13, 299, 0, 86, 61, 24, 184, 185, 130, 131, 132, 22, 113]])
Time elapsed: 16.83ms
Time elapsed(s): 0.016829s

Persimmon stderr:  
Time: 0.016829
Solution: [[57, 100, 14, 15, 28, 27, 114, 108, 176, 179, 180, 200, 5, 310, 266, 124, 105, 156, 11, 277, 320, 328, 325, 119, 2, 121, 235, 145, 115, 229, 225, 224, 231, 234, 35, 215, 70, 167, 210, 218, 83, 82, 286, 289, 290, 303, 90, 222, 248, 247, 125, 138, 137, 238, 255, 127, 128, 302, 192, 4, 9, 17, 18, 237, 66, 69, 193, 112], [206, 221, 41, 111, 58, 65, 3, 31, 278, 285, 151, 168, 96, 129, 236, 316, 261, 126, 251, 16, 141, 239, 175, 19], [20, 21, 223, 240, 241, 242, 110, 196, 10, 6, 244, 230, 75, 79, 116, 275, 300, 306, 74, 76, 77, 171, 226, 233, 134, 187, 189, 186, 120, 165, 190, 220, 281, 297, 123, 55, 80, 294, 295, 296, 13, 299, 0, 86, 61, 24, 184, 185, 130, 131, 132, 22, 113]]
	Command being timed: "python3 allsynth/run.py -t PERS --GML topologies/topzoo/HiberniaGlobal.gml 5 --dir topzoo_res/SeparateWPk/PERS/PERS-2 --e-prop SeparateWPk --repeat 1"
	User time (seconds): 0.94
	System time (seconds): 1.38
	Percent of CPU this job got: 324%
	Elapsed (wall clock) time (h:mm:ss or m:ss): 0:00.71
	Average shared text size (kbytes): 0
	Average unshared data size (kbytes): 0
	Average stack size (kbytes): 0
	Average total size (kbytes): 0
	Maximum resident set size (kbytes): 72628
	Average resident set size (kbytes): 0
	Major (requiring I/O) page faults: 0
	Minor (reclaiming a frame) page faults: 13670
	Voluntary context switches: 33
	Involuntary context switches: 118
	Swaps: 0
	File system inputs: 0
	File system outputs: 32
	Socket messages sent: 0
	Socket messages received: 0
	Signals delivered: 0
	Page size (bytes): 4096
	Exit status: 0
