Namespace(tool='PERS', exper=None, gml=['topologies/topzoo/Ilan.gml', '5'], index=None, prop='SeparateWPk', prop_file=None, op_req=None, repeat=1, reduce=False, opt=False, u=False, some=False, count=False, weight_bound=None, savedir='topzoo_res/SeparateWPk/PERS/PERS-2', dump_bdd=False)
Running 5Ilan.gml
Policy: (((((WP(72-82) | WP(44-82)) | WP(15-82)) | WP(58-82)) | WP(30-82)) & (Reach 82))
Initial path of nodes: [2, 3, 7, 0, 12, 15, 14, 21, 17, 20, 30, 31, 35, 28, 40, 44, 45, 49, 42, 54, 58, 59, 63, 56, 68, 72, 73, 77, 70, 82]
Final path of nodes: [2, 3, 9, 0, 12, 15, 14, 23, 17, 20, 30, 31, 37, 28, 40, 44, 45, 51, 42, 54, 58, 59, 65, 56, 68, 72, 73, 79, 70, 82]
Persimmon problem:  {"Initial_routing":[[2, 3], [3, 7], [7, 0], [0, 12], [12, 15], [15, 14], [14, 21], [21, 17], [17, 20], [20, 30], [30, 31], [31, 35], [35, 28], [28, 40], [40, 44], [44, 45], [45, 49], [49, 42], [42, 54], [54, 58], [58, 59], [59, 63], [63, 56], [56, 68], [68, 72], [72, 73], [73, 77], [77, 70], [70, 82]],"Final_routing":[[2, 3], [3, 9], [9, 0], [0, 12], [12, 15], [15, 14], [14, 23], [23, 17], [17, 20], [20, 30], [30, 31], [31, 37], [37, 28], [28, 40], [40, 44], [44, 45], [45, 51], [51, 42], [42, 54], [54, 58], [58, 59], [59, 65], [65, 56], [56, 68], [68, 72], [72, 73], [73, 79], [79, 70], [70, 82]],"Properties":{"MultiAlternativeWaypoint": {"waypoint": [72,44,15,58,30]},"Reachability":{"startNode":2,"finalNode":82}}}
Persimmon stdout:  Chain equivalence reduction: 36 -> 31
Constructing all update BDD
Solution: Some([[51, 37, 65, 23, 79, 9], [59, 73, 14, 3, 31, 45], [21, 35, 63, 7, 77, 49]])
Time elapsed: 1.66ms
Time elapsed(s): 0.001661s

Persimmon stderr:  
Time: 0.001661
Solution: [[51, 37, 65, 23, 79, 9], [59, 73, 14, 3, 31, 45], [21, 35, 63, 7, 77, 49]]
	Command being timed: "python3 allsynth/run.py -t PERS --GML topologies/topzoo/Ilan.gml 5 --dir topzoo_res/SeparateWPk/PERS/PERS-2 --e-prop SeparateWPk --repeat 1"
	User time (seconds): 0.87
	System time (seconds): 1.30
	Percent of CPU this job got: 379%
	Elapsed (wall clock) time (h:mm:ss or m:ss): 0:00.57
	Average shared text size (kbytes): 0
	Average unshared data size (kbytes): 0
	Average stack size (kbytes): 0
	Average total size (kbytes): 0
	Maximum resident set size (kbytes): 76500
	Average resident set size (kbytes): 0
	Major (requiring I/O) page faults: 0
	Minor (reclaiming a frame) page faults: 12984
	Voluntary context switches: 51
	Involuntary context switches: 92
	Swaps: 0
	File system inputs: 0
	File system outputs: 24
	Socket messages sent: 0
	Socket messages received: 0
	Signals delivered: 0
	Page size (bytes): 4096
	Exit status: 0
