Namespace(tool='PERS', exper=None, gml=['topologies/topzoo/KentmanJul2005.gml', '5'], index=None, prop='SeparateWPk', prop_file=None, op_req=None, repeat=1, reduce=False, opt=False, u=False, some=False, count=False, weight_bound=None, savedir='topzoo_res/SeparateWPk/PERS/PERS-2', dump_bdd=False)
Running 5KentmanJul2005.gml
Policy: ((((((((((((((((WP(64-93) | WP(1-93)) | WP(26-93)) | WP(4-93)) | WP(70-93)) | WP(39-93)) | WP(45-93)) | WP(47-93)) | WP(17-93)) | WP(50-93)) | WP(19-93)) | WP(84-93)) | WP(52-93)) | WP(81-93)) | WP(90-93)) | WP(63-93)) & (Reach 93))
Initial path of nodes: [10, 15, 0, 3, 2, 4, 13, 25, 20, 18, 19, 16, 31, 26, 42, 47, 32, 35, 34, 36, 45, 58, 63, 48, 51, 50, 52, 61, 74, 79, 64, 67, 66, 68, 77, 90, 95, 80, 83, 82, 84, 93]
Final path of nodes: [10, 15, 0, 6, 7, 1, 4, 13, 25, 20, 17, 23, 22, 16, 31, 26, 42, 47, 32, 38, 39, 33, 36, 45, 58, 63, 48, 54, 55, 49, 52, 61, 74, 79, 64, 70, 71, 65, 68, 77, 90, 95, 80, 86, 87, 81, 84, 93]
Persimmon problem:  {"Initial_routing":[[10, 15], [15, 0], [0, 3], [3, 2], [2, 4], [4, 13], [13, 25], [25, 20], [20, 18], [18, 19], [19, 16], [16, 31], [31, 26], [26, 42], [42, 47], [47, 32], [32, 35], [35, 34], [34, 36], [36, 45], [45, 58], [58, 63], [63, 48], [48, 51], [51, 50], [50, 52], [52, 61], [61, 74], [74, 79], [79, 64], [64, 67], [67, 66], [66, 68], [68, 77], [77, 90], [90, 95], [95, 80], [80, 83], [83, 82], [82, 84], [84, 93]],"Final_routing":[[10, 15], [15, 0], [0, 6], [6, 7], [7, 1], [1, 4], [4, 13], [13, 25], [25, 20], [20, 17], [17, 23], [23, 22], [22, 16], [16, 31], [31, 26], [26, 42], [42, 47], [47, 32], [32, 38], [38, 39], [39, 33], [33, 36], [36, 45], [45, 58], [58, 63], [63, 48], [48, 54], [54, 55], [55, 49], [49, 52], [52, 61], [61, 74], [74, 79], [79, 64], [64, 70], [70, 71], [71, 65], [65, 68], [68, 77], [77, 90], [90, 95], [95, 80], [80, 86], [86, 87], [87, 81], [81, 84], [84, 93]],"Properties":{"MultiAlternativeWaypoint": {"waypoint": [64,1,26,4,70,39,45,47,17,50,19,84,52,81,90,63]},"Reachability":{"startNode":10,"finalNode":93}}}
Persimmon stdout:  Chain equivalence reduction: 60 -> 44
Constructing all update BDD
Solution: Some([[38, 1, 33, 71, 65, 86, 87, 39, 54, 55, 49, 17, 70, 23, 22, 6, 7, 81], [48, 80, 0, 20, 32, 64], [18, 83, 82, 3, 2, 19, 35, 34, 67, 66, 50, 51]])
Time elapsed: 2.79ms
Time elapsed(s): 0.002786s

Persimmon stderr:  
Time: 0.002786
Solution: [[38, 1, 33, 71, 65, 86, 87, 39, 54, 55, 49, 17, 70, 23, 22, 6, 7, 81], [48, 80, 0, 20, 32, 64], [18, 83, 82, 3, 2, 19, 35, 34, 67, 66, 50, 51]]
	Command being timed: "python3 allsynth/run.py -t PERS --GML topologies/topzoo/KentmanJul2005.gml 5 --dir topzoo_res/SeparateWPk/PERS/PERS-2 --e-prop SeparateWPk --repeat 1"
	User time (seconds): 0.85
	System time (seconds): 1.23
	Percent of CPU this job got: 354%
	Elapsed (wall clock) time (h:mm:ss or m:ss): 0:00.58
	Average shared text size (kbytes): 0
	Average unshared data size (kbytes): 0
	Average stack size (kbytes): 0
	Average total size (kbytes): 0
	Maximum resident set size (kbytes): 70844
	Average resident set size (kbytes): 0
	Major (requiring I/O) page faults: 0
	Minor (reclaiming a frame) page faults: 13055
	Voluntary context switches: 28
	Involuntary context switches: 208
	Swaps: 0
	File system inputs: 0
	File system outputs: 24
	Socket messages sent: 0
	Socket messages received: 0
	Signals delivered: 0
	Page size (bytes): 4096
	Exit status: 0
