Namespace(tool='PERS', exper=None, gml=['topologies/topzoo/PionierL1.gml', '5'], index=None, prop='SeparateWPk', prop_file=None, op_req=None, repeat=1, reduce=False, opt=False, u=False, some=False, count=False, weight_bound=None, savedir='topzoo_res/SeparateWPk/PERS/PERS-2', dump_bdd=False)
Running 5PionierL1.gml
Policy: ((((((((((((((((((((((((((((((WP(4-205) | WP(142-205)) | WP(17-205)) | WP(18-205)) | WP(147-205)) | WP(146-205)) | WP(152-205)) | WP(161-205)) | WP(34-205)) | WP(36-205)) | WP(38-205)) | WP(178-205)) | WP(53-205)) | WP(182-205)) | WP(56-205)) | WP(184-205)) | WP(197-205)) | WP(198-205)) | WP(70-205)) | WP(74-205)) | WP(77-205)) | WP(214-205)) | WP(89-205)) | WP(97-205)) | WP(99-205)) | WP(106-205)) | WP(110-205)) | WP(114-205)) | WP(125-205)) | WP(127-205)) & (Reach 205))
Initial path of nodes: [2, 27, 3, 0, 6, 4, 5, 8, 20, 19, 18, 25, 38, 63, 39, 36, 42, 40, 41, 44, 56, 55, 54, 61, 74, 99, 75, 72, 78, 76, 77, 80, 92, 91, 90, 97, 110, 135, 111, 108, 114, 112, 113, 116, 128, 127, 126, 133, 146, 171, 147, 144, 150, 148, 149, 152, 164, 163, 162, 169, 182, 207, 183, 180, 186, 184, 185, 188, 200, 199, 198, 205]
Final path of nodes: [2, 27, 28, 26, 35, 34, 9, 21, 11, 12, 17, 22, 24, 18, 25, 38, 63, 64, 62, 71, 70, 45, 57, 47, 48, 53, 58, 60, 54, 61, 74, 99, 100, 98, 107, 106, 81, 93, 83, 84, 89, 94, 96, 90, 97, 110, 135, 136, 134, 143, 142, 117, 129, 119, 120, 125, 130, 132, 126, 133, 146, 171, 172, 170, 179, 178, 153, 165, 155, 156, 161, 166, 168, 162, 169, 182, 207, 208, 206, 215, 214, 189, 201, 191, 192, 197, 202, 204, 198, 205]
Persimmon problem:  {"Initial_routing":[[2, 27], [27, 3], [3, 0], [0, 6], [6, 4], [4, 5], [5, 8], [8, 20], [20, 19], [19, 18], [18, 25], [25, 38], [38, 63], [63, 39], [39, 36], [36, 42], [42, 40], [40, 41], [41, 44], [44, 56], [56, 55], [55, 54], [54, 61], [61, 74], [74, 99], [99, 75], [75, 72], [72, 78], [78, 76], [76, 77], [77, 80], [80, 92], [92, 91], [91, 90], [90, 97], [97, 110], [110, 135], [135, 111], [111, 108], [108, 114], [114, 112], [112, 113], [113, 116], [116, 128], [128, 127], [127, 126], [126, 133], [133, 146], [146, 171], [171, 147], [147, 144], [144, 150], [150, 148], [148, 149], [149, 152], [152, 164], [164, 163], [163, 162], [162, 169], [169, 182], [182, 207], [207, 183], [183, 180], [180, 186], [186, 184], [184, 185], [185, 188], [188, 200], [200, 199], [199, 198], [198, 205]],"Final_routing":[[2, 27], [27, 28], [28, 26], [26, 35], [35, 34], [34, 9], [9, 21], [21, 11], [11, 12], [12, 17], [17, 22], [22, 24], [24, 18], [18, 25], [25, 38], [38, 63], [63, 64], [64, 62], [62, 71], [71, 70], [70, 45], [45, 57], [57, 47], [47, 48], [48, 53], [53, 58], [58, 60], [60, 54], [54, 61], [61, 74], [74, 99], [99, 100], [100, 98], [98, 107], [107, 106], [106, 81], [81, 93], [93, 83], [83, 84], [84, 89], [89, 94], [94, 96], [96, 90], [90, 97], [97, 110], [110, 135], [135, 136], [136, 134], [134, 143], [143, 142], [142, 117], [117, 129], [129, 119], [119, 120], [120, 125], [125, 130], [130, 132], [132, 126], [126, 133], [133, 146], [146, 171], [171, 172], [172, 170], [170, 179], [179, 178], [178, 153], [153, 165], [165, 155], [155, 156], [156, 161], [161, 166], [166, 168], [168, 162], [162, 169], [169, 182], [182, 207], [207, 208], [208, 206], [206, 215], [215, 214], [214, 189], [189, 201], [201, 191], [191, 192], [192, 197], [197, 202], [202, 204], [204, 198], [198, 205]],"Properties":{"MultiAlternativeWaypoint": {"waypoint": [4,142,17,18,147,146,152,161,34,36,38,178,53,182,56,184,197,198,70,74,77,214,89,97,99,106,110,114,125,127]},"Reachability":{"startNode":2,"finalNode":205}}}
Persimmon stdout:  Chain equivalence reduction: 138 -> 72
Constructing all update BDD
Solution: Some([[100, 98, 107, 81, 93, 83, 84, 202, 204, 166, 168, 214, 153, 165, 155, 156, 9, 21, 11, 12, 106, 172, 170, 179, 117, 129, 119, 120, 142, 94, 96, 45, 57, 47, 48, 53, 34, 17, 70, 64, 62, 71, 58, 60, 189, 201, 191, 192, 22, 24, 136, 134, 143, 197, 130, 132, 178, 89, 161, 125, 28, 26, 35, 208, 206, 215], [135, 99, 207, 27, 63, 171], [184, 56, 5, 8, 20, 19, 147, 111, 108, 77, 80, 92, 91, 112, 113, 116, 128, 36, 127, 144, 150, 148, 149, 183, 180, 186, 185, 188, 200, 199, 39, 75, 72, 78, 76, 55, 42, 40, 41, 44, 152, 4, 3, 0, 6, 164, 163, 114]])
Time elapsed: 5.83ms
Time elapsed(s): 0.005829s

Persimmon stderr:  
Time: 0.005829
Solution: [[100, 98, 107, 81, 93, 83, 84, 202, 204, 166, 168, 214, 153, 165, 155, 156, 9, 21, 11, 12, 106, 172, 170, 179, 117, 129, 119, 120, 142, 94, 96, 45, 57, 47, 48, 53, 34, 17, 70, 64, 62, 71, 58, 60, 189, 201, 191, 192, 22, 24, 136, 134, 143, 197, 130, 132, 178, 89, 161, 125, 28, 26, 35, 208, 206, 215], [135, 99, 207, 27, 63, 171], [184, 56, 5, 8, 20, 19, 147, 111, 108, 77, 80, 92, 91, 112, 113, 116, 128, 36, 127, 144, 150, 148, 149, 183, 180, 186, 185, 188, 200, 199, 39, 75, 72, 78, 76, 55, 42, 40, 41, 44, 152, 4, 3, 0, 6, 164, 163, 114]]
	Command being timed: "python3 allsynth/run.py -t PERS --GML topologies/topzoo/PionierL1.gml 5 --dir topzoo_res/SeparateWPk/PERS/PERS-2 --e-prop SeparateWPk --repeat 1"
	User time (seconds): 0.87
	System time (seconds): 1.34
	Percent of CPU this job got: 363%
	Elapsed (wall clock) time (h:mm:ss or m:ss): 0:00.61
	Average shared text size (kbytes): 0
	Average unshared data size (kbytes): 0
	Average stack size (kbytes): 0
	Average total size (kbytes): 0
	Maximum resident set size (kbytes): 71600
	Average resident set size (kbytes): 0
	Major (requiring I/O) page faults: 0
	Minor (reclaiming a frame) page faults: 13317
	Voluntary context switches: 27
	Involuntary context switches: 96
	Swaps: 0
	File system inputs: 0
	File system outputs: 32
	Socket messages sent: 0
	Socket messages received: 0
	Signals delivered: 0
	Page size (bytes): 4096
	Exit status: 0
