Namespace(tool='PERS', exper=None, gml=['topologies/topzoo/Sunet.gml', '5'], index=None, prop='SeparateWPk', prop_file=None, op_req=None, repeat=1, reduce=False, opt=False, u=False, some=False, count=False, weight_bound=None, savedir='topzoo_res/SeparateWPk/PERS/PERS-2', dump_bdd=False)
Running 5Sunet.gml
Policy: (((((((((((((((((((((((((((((WP(5-148) | WP(6-148)) | WP(135-148)) | WP(136-148)) | WP(141-148)) | WP(20-148)) | WP(150-148)) | WP(22-148)) | WP(152-148)) | WP(27-148)) | WP(39-148)) | WP(41-148)) | WP(44-148)) | WP(47-148)) | WP(51-148)) | WP(54-148)) | WP(60-148)) | WP(62-148)) | WP(71-148)) | WP(74-148)) | WP(82-148)) | WP(90-148)) | WP(94-148)) | WP(96-148)) | WP(97-148)) | WP(102-148)) | WP(104-148)) | WP(113-148)) | WP(127-148)) & (Reach 148))
Initial path of nodes: [11, 12, 13, 9, 8, 5, 16, 25, 23, 22, 20, 19, 18, 37, 38, 39, 35, 34, 31, 42, 51, 49, 48, 46, 45, 44, 63, 64, 65, 61, 60, 57, 68, 77, 75, 74, 72, 71, 70, 89, 90, 91, 87, 86, 83, 94, 103, 101, 100, 98, 97, 96, 115, 116, 117, 113, 112, 109, 120, 129, 127, 126, 124, 123, 122, 141, 142, 143, 139, 138, 135, 146, 155, 153, 152, 150, 149, 148]
Final path of nodes: [11, 15, 10, 4, 0, 6, 1, 2, 24, 23, 22, 21, 19, 18, 37, 41, 36, 30, 26, 32, 27, 28, 50, 49, 48, 47, 45, 44, 63, 67, 62, 56, 52, 58, 53, 54, 76, 75, 74, 73, 71, 70, 89, 93, 88, 82, 78, 84, 79, 80, 102, 101, 100, 99, 97, 96, 115, 119, 114, 108, 104, 110, 105, 106, 128, 127, 126, 125, 123, 122, 141, 145, 140, 134, 130, 136, 131, 132, 154, 153, 152, 151, 149, 148]
Persimmon problem:  {"Initial_routing":[[11, 12], [12, 13], [13, 9], [9, 8], [8, 5], [5, 16], [16, 25], [25, 23], [23, 22], [22, 20], [20, 19], [19, 18], [18, 37], [37, 38], [38, 39], [39, 35], [35, 34], [34, 31], [31, 42], [42, 51], [51, 49], [49, 48], [48, 46], [46, 45], [45, 44], [44, 63], [63, 64], [64, 65], [65, 61], [61, 60], [60, 57], [57, 68], [68, 77], [77, 75], [75, 74], [74, 72], [72, 71], [71, 70], [70, 89], [89, 90], [90, 91], [91, 87], [87, 86], [86, 83], [83, 94], [94, 103], [103, 101], [101, 100], [100, 98], [98, 97], [97, 96], [96, 115], [115, 116], [116, 117], [117, 113], [113, 112], [112, 109], [109, 120], [120, 129], [129, 127], [127, 126], [126, 124], [124, 123], [123, 122], [122, 141], [141, 142], [142, 143], [143, 139], [139, 138], [138, 135], [135, 146], [146, 155], [155, 153], [153, 152], [152, 150], [150, 149], [149, 148]],"Final_routing":[[11, 15], [15, 10], [10, 4], [4, 0], [0, 6], [6, 1], [1, 2], [2, 24], [24, 23], [23, 22], [22, 21], [21, 19], [19, 18], [18, 37], [37, 41], [41, 36], [36, 30], [30, 26], [26, 32], [32, 27], [27, 28], [28, 50], [50, 49], [49, 48], [48, 47], [47, 45], [45, 44], [44, 63], [63, 67], [67, 62], [62, 56], [56, 52], [52, 58], [58, 53], [53, 54], [54, 76], [76, 75], [75, 74], [74, 73], [73, 71], [71, 70], [70, 89], [89, 93], [93, 88], [88, 82], [82, 78], [78, 84], [84, 79], [79, 80], [80, 102], [102, 101], [101, 100], [100, 99], [99, 97], [97, 96], [96, 115], [115, 119], [119, 114], [114, 108], [108, 104], [104, 110], [110, 105], [105, 106], [106, 128], [128, 127], [127, 126], [126, 125], [125, 123], [123, 122], [122, 141], [141, 145], [145, 140], [140, 134], [134, 130], [130, 136], [136, 131], [131, 132], [132, 154], [154, 153], [153, 152], [152, 151], [151, 149], [149, 148]],"Properties":{"MultiAlternativeWaypoint": {"waypoint": [5,6,135,136,141,20,150,22,152,27,39,41,44,47,51,54,60,62,71,74,82,90,94,96,97,102,104,113,127]},"Reachability":{"startNode":11,"finalNode":148}}}
Persimmon stdout:  Chain equivalence reduction: 132 -> 81
Constructing all update BDD
Solution: Some([[15, 10, 4, 0, 67, 76, 62, 21, 99, 125, 93, 88, 27, 119, 114, 108, 82, 6, 131, 132, 154, 78, 84, 79, 80, 54, 73, 145, 140, 134, 130, 47, 28, 50, 56, 52, 58, 53, 36, 30, 26, 32, 104, 151, 102, 110, 105, 106, 128, 41, 1, 2, 24, 136], [89, 115, 37, 63, 141, 100, 22, 74, 48, 11, 152, 126], [20, 60, 38, 103, 112, 109, 120, 129, 135, 98, 72, 5, 51, 57, 68, 77, 91, 87, 86, 83, 142, 143, 139, 138, 90, 64, 65, 61, 146, 155, 116, 117, 113, 124, 12, 13, 9, 8, 46, 39, 35, 34, 31, 42, 16, 25, 150, 94]])
Time elapsed: 7.10ms
Time elapsed(s): 0.007099s

Persimmon stderr:  
Time: 0.007099
Solution: [[15, 10, 4, 0, 67, 76, 62, 21, 99, 125, 93, 88, 27, 119, 114, 108, 82, 6, 131, 132, 154, 78, 84, 79, 80, 54, 73, 145, 140, 134, 130, 47, 28, 50, 56, 52, 58, 53, 36, 30, 26, 32, 104, 151, 102, 110, 105, 106, 128, 41, 1, 2, 24, 136], [89, 115, 37, 63, 141, 100, 22, 74, 48, 11, 152, 126], [20, 60, 38, 103, 112, 109, 120, 129, 135, 98, 72, 5, 51, 57, 68, 77, 91, 87, 86, 83, 142, 143, 139, 138, 90, 64, 65, 61, 146, 155, 116, 117, 113, 124, 12, 13, 9, 8, 46, 39, 35, 34, 31, 42, 16, 25, 150, 94]]
	Command being timed: "python3 allsynth/run.py -t PERS --GML topologies/topzoo/Sunet.gml 5 --dir topzoo_res/SeparateWPk/PERS/PERS-2 --e-prop SeparateWPk --repeat 1"
	User time (seconds): 0.89
	System time (seconds): 1.32
	Percent of CPU this job got: 358%
	Elapsed (wall clock) time (h:mm:ss or m:ss): 0:00.62
	Average shared text size (kbytes): 0
	Average unshared data size (kbytes): 0
	Average stack size (kbytes): 0
	Average total size (kbytes): 0
	Maximum resident set size (kbytes): 71484
	Average resident set size (kbytes): 0
	Major (requiring I/O) page faults: 0
	Minor (reclaiming a frame) page faults: 13265
	Voluntary context switches: 31
	Involuntary context switches: 85
	Swaps: 0
	File system inputs: 0
	File system outputs: 32
	Socket messages sent: 0
	Socket messages received: 0
	Signals delivered: 0
	Page size (bytes): 4096
	Exit status: 0
