Namespace(tool='PERS', exper=None, gml=['topologies/topzoo/Ulaknet.gml', '5'], index=None, prop='SeparateWPk', prop_file=None, op_req=None, repeat=1, reduce=False, opt=False, u=False, some=False, count=False, weight_bound=None, savedir='topzoo_res/SeparateWPk/PERS/PERS-2', dump_bdd=False)
Running 5Ulaknet.gml
Policy: (((((((((((WP(322-491) | WP(201-491)) | WP(459-491)) | WP(365-491)) | WP(238-491)) | WP(81-491)) | WP(82-491)) | WP(404-491)) | WP(283-491)) | WP(126-491)) | WP(447-491)) & (Reach 491))
Initial path of nodes: [37, 49, 76, 75, 81, 82, 157, 158, 126, 122, 201, 213, 240, 239, 245, 283, 295, 322, 321, 327, 365, 377, 404, 403, 409, 447, 459, 486, 485, 491]
Final path of nodes: [37, 49, 76, 74, 75, 81, 82, 157, 156, 158, 126, 122, 201, 213, 240, 238, 239, 245, 283, 295, 322, 321, 327, 365, 377, 404, 402, 403, 409, 447, 459, 486, 485, 491]
Persimmon problem:  {"Initial_routing":[[37, 49], [49, 76], [76, 75], [75, 81], [81, 82], [82, 157], [157, 158], [158, 126], [126, 122], [122, 201], [201, 213], [213, 240], [240, 239], [239, 245], [245, 283], [283, 295], [295, 322], [322, 321], [321, 327], [327, 365], [365, 377], [377, 404], [404, 403], [403, 409], [409, 447], [447, 459], [459, 486], [486, 485], [485, 491]],"Final_routing":[[37, 49], [49, 76], [76, 74], [74, 75], [75, 81], [81, 82], [82, 157], [157, 156], [156, 158], [158, 126], [126, 122], [122, 201], [201, 213], [213, 240], [240, 238], [238, 239], [239, 245], [245, 283], [283, 295], [295, 322], [322, 321], [321, 327], [327, 365], [365, 377], [377, 404], [404, 402], [402, 403], [403, 409], [409, 447], [447, 459], [459, 486], [486, 485], [485, 491]],"Properties":{"MultiAlternativeWaypoint": {"waypoint": [322,201,459,365,238,81,82,404,283,126,447]},"Reachability":{"startNode":37,"finalNode":491}}}
Persimmon stdout:  Chain equivalence reduction: 34 -> 27
Constructing all update BDD
Solution: Some([[238, 402, 156, 74], [404, 76, 157, 240]])
Time elapsed: 1.19ms
Time elapsed(s): 0.001193s

Persimmon stderr:  
Time: 0.001193
Solution: [[238, 402, 156, 74], [404, 76, 157, 240]]
	Command being timed: "python3 allsynth/run.py -t PERS --GML topologies/topzoo/Ulaknet.gml 5 --dir topzoo_res/SeparateWPk/PERS/PERS-2 --e-prop SeparateWPk --repeat 1"
	User time (seconds): 1.09
	System time (seconds): 1.29
	Percent of CPU this job got: 306%
	Elapsed (wall clock) time (h:mm:ss or m:ss): 0:00.77
	Average shared text size (kbytes): 0
	Average unshared data size (kbytes): 0
	Average stack size (kbytes): 0
	Average total size (kbytes): 0
	Maximum resident set size (kbytes): 72772
	Average resident set size (kbytes): 0
	Major (requiring I/O) page faults: 0
	Minor (reclaiming a frame) page faults: 13544
	Voluntary context switches: 30
	Involuntary context switches: 131
	Swaps: 0
	File system inputs: 0
	File system outputs: 24
	Socket messages sent: 0
	Socket messages received: 0
	Signals delivered: 0
	Page size (bytes): 4096
	Exit status: 0
