Namespace(tool='kaki', exper=None, gml=['topologies/topzoo/Belnet2004.gml', '5'], index=None, prop='Reach', prop_file=None, op_req=None, repeat=1, reduce=False, opt=False, u=False, some=False, count=False, weight_bound=None, savedir='topzoo_res/Reach/kaki/kaki-2', dump_bdd=False)
Running 5Belnet2004.gml
Policy: (Reach 137)
Initial path of nodes: [5, 7, 4, 22, 23, 27, 30, 35, 51, 53, 50, 68, 74, 76, 73, 91, 97, 99, 96, 114, 120, 122, 119, 137]
Final path of nodes: [5, 7, 6, 22, 23, 29, 30, 35, 51, 53, 52, 68, 74, 76, 75, 91, 97, 99, 98, 114, 120, 122, 121, 137]
{"Initial_routing":[[5, 7], [7, 4], [4, 22], [22, 23], [23, 27], [27, 30], [30, 35], [35, 51], [51, 53], [53, 50], [50, 68], [68, 74], [74, 76], [76, 73], [73, 91], [91, 97], [97, 99], [99, 96], [96, 114], [114, 120], [120, 122], [122, 119], [119, 137]],"Final_routing":[[5, 7], [7, 6], [6, 22], [22, 23], [23, 29], [29, 30], [30, 35], [35, 51], [51, 53], [53, 52], [52, 68], [68, 74], [74, 76], [76, 75], [75, 91], [91, 97], [97, 99], [99, 98], [98, 114], [114, 120], [120, 122], [122, 121], [121, 137]],"Properties":{"Waypoint": { "startNode": -1, "finalNode": -1, "waypoint": []}, "LoopFreedom": { "startNode": -1},"Reachability":{"startNode":5,"finalNode":137}}}
Kaki stdout:  Version: 1.15 
 kaki/verifypn-linux64 /tmp/tmpsl4w0iu9
DFA generation time: 0.007 seconds 
DFA states: 3 
DFA transitions: 31
Problem file: /tmp/tmpsl4w0iu9
Switches to update: 18

Decomposed topology into 6 subproblems
Topological decomposition took 0.003 seconds
Subproblem verification time: 0.031 seconds
Subproblem verification time: 0.008 seconds
Subproblem verification time: 0.008 seconds
Subproblem verification time: 0.008 seconds
Subproblem verification time: 0.008 seconds
Subproblem verification time: 0.009 seconds
Minimum batches required: 3
[[6, 29, 52, 75, 98, 121], [7, 23, 53, 76, 99, 122], [4, 27, 50, 73, 96, 119]]
Total program runtime: 0.178 seconds

Kaki stderr:  
Time: 0.178
Solution: None
	Command being timed: "python3 allsynth/run.py -t kaki --GML topologies/topzoo/Belnet2004.gml 5 --dir topzoo_res/Reach/kaki/kaki-2 --e-prop Reach --repeat 1"
	User time (seconds): 1.32
	System time (seconds): 1.34
	Percent of CPU this job got: 392%
	Elapsed (wall clock) time (h:mm:ss or m:ss): 0:00.68
	Average shared text size (kbytes): 0
	Average unshared data size (kbytes): 0
	Average stack size (kbytes): 0
	Average total size (kbytes): 0
	Maximum resident set size (kbytes): 85936
	Average resident set size (kbytes): 0
	Major (requiring I/O) page faults: 0
	Minor (reclaiming a frame) page faults: 35715
	Voluntary context switches: 3244
	Involuntary context switches: 536
	Swaps: 0
	File system inputs: 0
	File system outputs: 24
	Socket messages sent: 0
	Socket messages received: 0
	Signals delivered: 0
	Page size (bytes): 4096
	Exit status: 0
