Namespace(tool='kaki', exper=None, gml=['topologies/topzoo/Belnet2010.gml', '5'], index=None, prop='Reach', prop_file=None, op_req=None, repeat=1, reduce=False, opt=False, u=False, some=False, count=False, weight_bound=None, savedir='topzoo_res/Reach/kaki/kaki-2', dump_bdd=False)
Running 5Belnet2010.gml
Policy: (Reach 126)
Initial path of nodes: [12, 21, 20, 7, 4, 18, 17, 16, 24, 25, 22, 26, 40, 39, 38, 37, 56, 65, 64, 51, 48, 62, 61, 60, 78, 87, 86, 73, 70, 84, 83, 82, 100, 109, 108, 95, 92, 106, 105, 104, 122, 131, 130, 117, 114, 128, 127, 126]
Final path of nodes: [12, 13, 2, 3, 0, 4, 7, 19, 14, 15, 16, 24, 35, 34, 43, 42, 29, 41, 36, 37, 56, 57, 46, 47, 44, 48, 51, 63, 58, 59, 60, 78, 79, 68, 69, 66, 70, 73, 85, 80, 81, 82, 100, 101, 90, 91, 88, 92, 95, 107, 102, 103, 104, 122, 123, 112, 113, 110, 114, 117, 129, 124, 125, 126]
{"Initial_routing":[[12, 21], [21, 20], [20, 7], [7, 4], [4, 18], [18, 17], [17, 16], [16, 24], [24, 25], [25, 22], [22, 26], [26, 40], [40, 39], [39, 38], [38, 37], [37, 56], [56, 65], [65, 64], [64, 51], [51, 48], [48, 62], [62, 61], [61, 60], [60, 78], [78, 87], [87, 86], [86, 73], [73, 70], [70, 84], [84, 83], [83, 82], [82, 100], [100, 109], [109, 108], [108, 95], [95, 92], [92, 106], [106, 105], [105, 104], [104, 122], [122, 131], [131, 130], [130, 117], [117, 114], [114, 128], [128, 127], [127, 126]],"Final_routing":[[12, 13], [13, 2], [2, 3], [3, 0], [0, 4], [4, 7], [7, 19], [19, 14], [14, 15], [15, 16], [16, 24], [24, 35], [35, 34], [34, 43], [43, 42], [42, 29], [29, 41], [41, 36], [36, 37], [37, 56], [56, 57], [57, 46], [46, 47], [47, 44], [44, 48], [48, 51], [51, 63], [63, 58], [58, 59], [59, 60], [60, 78], [78, 79], [79, 68], [68, 69], [69, 66], [66, 70], [70, 73], [73, 85], [85, 80], [80, 81], [81, 82], [82, 100], [100, 101], [101, 90], [90, 91], [91, 88], [88, 92], [92, 95], [95, 107], [107, 102], [102, 103], [103, 104], [104, 122], [122, 123], [123, 112], [112, 113], [113, 110], [110, 114], [114, 117], [117, 129], [129, 124], [124, 125], [125, 126]],"Properties":{"Waypoint": { "startNode": -1, "finalNode": -1, "waypoint": []}, "LoopFreedom": { "startNode": -1},"Reachability":{"startNode":12,"finalNode":126}}}
Kaki stdout:  Version: 1.15 
 kaki/verifypn-linux64 /tmp/tmpgn23ogts
DFA generation time: 0.009 seconds 
DFA states: 3 
DFA transitions: 91
Problem file: /tmp/tmpgn23ogts
Switches to update: 84

Decomposed topology into 6 subproblems
Topological decomposition took 0.007 seconds
Subproblem verification time: 0.048 seconds
Subproblem verification time: 0.009 seconds
Subproblem verification time: 0.011 seconds
Subproblem verification time: 0.01 seconds
Subproblem verification time: 0.011 seconds
Subproblem verification time: 0.011 seconds
Minimum batches required: 4
[[13, 19, 2, 3, 0, 14, 15, 35, 34, 43, 42, 29, 41, 36, 57, 63, 46, 47, 44, 58, 59, 79, 85, 68, 69, 66, 80, 81, 101, 107, 90, 91, 88, 102, 103, 123, 129, 112, 113, 110, 124, 125], [7, 12, 24, 51, 56, 73, 78, 95, 100, 117, 122], [4, 25, 22, 26, 40, 39, 38, 48, 70, 92, 114], [21, 20, 18, 17, 65, 64, 62, 61, 87, 86, 84, 83, 109, 108, 106, 105, 131, 130, 128, 127]]
Total program runtime: 0.233 seconds

Kaki stderr:  
Time: 0.233
Solution: None
	Command being timed: "python3 allsynth/run.py -t kaki --GML topologies/topzoo/Belnet2010.gml 5 --dir topzoo_res/Reach/kaki/kaki-2 --e-prop Reach --repeat 1"
	User time (seconds): 1.61
	System time (seconds): 1.39
	Percent of CPU this job got: 393%
	Elapsed (wall clock) time (h:mm:ss or m:ss): 0:00.76
	Average shared text size (kbytes): 0
	Average unshared data size (kbytes): 0
	Average stack size (kbytes): 0
	Average total size (kbytes): 0
	Maximum resident set size (kbytes): 98524
	Average resident set size (kbytes): 0
	Major (requiring I/O) page faults: 0
	Minor (reclaiming a frame) page faults: 39899
	Voluntary context switches: 4227
	Involuntary context switches: 237
	Swaps: 0
	File system inputs: 0
	File system outputs: 24
	Socket messages sent: 0
	Socket messages received: 0
	Signals delivered: 0
	Page size (bytes): 4096
	Exit status: 0
