Namespace(tool='kaki', exper=None, gml=['topologies/topzoo/BsonetEurope.gml', '5'], index=None, prop='Reach', prop_file=None, op_req=None, repeat=1, reduce=False, opt=False, u=False, some=False, count=False, weight_bound=None, savedir='topzoo_res/Reach/kaki/kaki-2', dump_bdd=False)
Running 5BsonetEurope.gml
Policy: (Reach 106)
Initial path of nodes: [12, 10, 11, 9, 1, 17, 16, 23, 35, 19, 27, 29, 28, 30, 48, 46, 47, 45, 37, 53, 52, 66, 64, 65, 63, 55, 71, 70, 84, 82, 83, 81, 73, 89, 88, 102, 100, 101, 99, 91, 107, 106]
Final path of nodes: [12, 10, 11, 13, 14, 17, 16, 23, 35, 32, 31, 29, 28, 30, 48, 46, 47, 49, 50, 53, 52, 66, 64, 65, 63, 62, 71, 70, 84, 82, 83, 85, 86, 89, 88, 102, 100, 101, 99, 98, 107, 106]
{"Initial_routing":[[12, 10], [10, 11], [11, 9], [9, 1], [1, 17], [17, 16], [16, 23], [23, 35], [35, 19], [19, 27], [27, 29], [29, 28], [28, 30], [30, 48], [48, 46], [46, 47], [47, 45], [45, 37], [37, 53], [53, 52], [52, 66], [66, 64], [64, 65], [65, 63], [63, 55], [55, 71], [71, 70], [70, 84], [84, 82], [82, 83], [83, 81], [81, 73], [73, 89], [89, 88], [88, 102], [102, 100], [100, 101], [101, 99], [99, 91], [91, 107], [107, 106]],"Final_routing":[[12, 10], [10, 11], [11, 13], [13, 14], [14, 17], [17, 16], [16, 23], [23, 35], [35, 32], [32, 31], [31, 29], [29, 28], [28, 30], [30, 48], [48, 46], [46, 47], [47, 49], [49, 50], [50, 53], [53, 52], [52, 66], [66, 64], [64, 65], [65, 63], [63, 62], [62, 71], [71, 70], [70, 84], [84, 82], [82, 83], [83, 85], [85, 86], [86, 89], [89, 88], [88, 102], [102, 100], [100, 101], [101, 99], [99, 98], [98, 107], [107, 106]],"Properties":{"Waypoint": { "startNode": -1, "finalNode": -1, "waypoint": []}, "LoopFreedom": { "startNode": -1},"Reachability":{"startNode":12,"finalNode":106}}}
Kaki stdout:  Version: 1.15 
 kaki/verifypn-linux64 /tmp/tmp5dtprft9
DFA generation time: 0.007 seconds 
DFA states: 3 
DFA transitions: 53
Problem file: /tmp/tmp5dtprft9
Switches to update: 26

Decomposed topology into 6 subproblems
Topological decomposition took 0.003 seconds
Subproblem verification time: 0.031 seconds
Subproblem verification time: 0.01 seconds
Subproblem verification time: 0.01 seconds
Subproblem verification time: 0.009 seconds
Subproblem verification time: 0.009 seconds
Subproblem verification time: 0.014 seconds
Minimum batches required: 3
[[13, 14, 32, 31, 49, 50, 62, 85, 86, 98], [11, 35, 47, 63, 83, 99], [9, 1, 19, 27, 45, 37, 55, 81, 73, 91]]
Total program runtime: 0.192 seconds

Kaki stderr:  
Time: 0.192
Solution: None
	Command being timed: "python3 allsynth/run.py -t kaki --GML topologies/topzoo/BsonetEurope.gml 5 --dir topzoo_res/Reach/kaki/kaki-2 --e-prop Reach --repeat 1"
	User time (seconds): 1.42
	System time (seconds): 1.33
	Percent of CPU this job got: 388%
	Elapsed (wall clock) time (h:mm:ss or m:ss): 0:00.71
	Average shared text size (kbytes): 0
	Average unshared data size (kbytes): 0
	Average stack size (kbytes): 0
	Average total size (kbytes): 0
	Maximum resident set size (kbytes): 94308
	Average resident set size (kbytes): 0
	Major (requiring I/O) page faults: 0
	Minor (reclaiming a frame) page faults: 37657
	Voluntary context switches: 3337
	Involuntary context switches: 179
	Swaps: 0
	File system inputs: 0
	File system outputs: 24
	Socket messages sent: 0
	Socket messages received: 0
	Signals delivered: 0
	Page size (bytes): 4096
	Exit status: 0
