Namespace(tool='kaki', exper=None, gml=['topologies/topzoo/Cesnet200706.gml', '5'], index=None, prop='Reach', prop_file=None, op_req=None, repeat=1, reduce=False, opt=False, u=False, some=False, count=False, weight_bound=None, savedir='topzoo_res/Reach/kaki/kaki-2', dump_bdd=False)
Running 5Cesnet200706.gml
Policy: (Reach 258)
Initial path of nodes: [16, 28, 9, 7, 40, 39, 38, 58, 83, 84, 51, 53, 72, 60, 104, 116, 97, 95, 128, 127, 126, 148, 160, 141, 139, 172, 171, 170, 192, 204, 185, 183, 216, 215, 214, 236, 248, 229, 227, 260, 259, 258]
Final path of nodes: [16, 28, 9, 6, 0, 41, 39, 38, 58, 83, 85, 44, 50, 53, 72, 60, 104, 116, 97, 94, 88, 129, 127, 126, 148, 160, 141, 138, 132, 172, 171, 170, 192, 204, 185, 182, 176, 217, 215, 214, 236, 248, 229, 226, 220, 260, 259, 258]
{"Initial_routing":[[16, 28], [28, 9], [9, 7], [7, 40], [40, 39], [39, 38], [38, 58], [58, 83], [83, 84], [84, 51], [51, 53], [53, 72], [72, 60], [60, 104], [104, 116], [116, 97], [97, 95], [95, 128], [128, 127], [127, 126], [126, 148], [148, 160], [160, 141], [141, 139], [139, 172], [172, 171], [171, 170], [170, 192], [192, 204], [204, 185], [185, 183], [183, 216], [216, 215], [215, 214], [214, 236], [236, 248], [248, 229], [229, 227], [227, 260], [260, 259], [259, 258]],"Final_routing":[[16, 28], [28, 9], [9, 6], [6, 0], [0, 41], [41, 39], [39, 38], [38, 58], [58, 83], [83, 85], [85, 44], [44, 50], [50, 53], [53, 72], [72, 60], [60, 104], [104, 116], [116, 97], [97, 94], [94, 88], [88, 129], [129, 127], [127, 126], [126, 148], [148, 160], [160, 141], [141, 138], [138, 132], [132, 172], [172, 171], [171, 170], [170, 192], [192, 204], [204, 185], [185, 182], [182, 176], [176, 217], [217, 215], [215, 214], [214, 236], [236, 248], [248, 229], [229, 226], [226, 220], [220, 260], [260, 259], [259, 258]],"Properties":{"Waypoint": { "startNode": -1, "finalNode": -1, "waypoint": []}, "LoopFreedom": { "startNode": -1},"Reachability":{"startNode":16,"finalNode":258}}}
Kaki stdout:  Version: 1.15 
 kaki/verifypn-linux64 /tmp/tmpktnjbm4n
DFA generation time: 0.008 seconds 
DFA states: 3 
DFA transitions: 59
Problem file: /tmp/tmpktnjbm4n
Switches to update: 32

Decomposed topology into 6 subproblems
Topological decomposition took 0.004 seconds
Subproblem verification time: 0.031 seconds
Subproblem verification time: 0.016 seconds
Subproblem verification time: 0.009 seconds
Subproblem verification time: 0.009 seconds
Subproblem verification time: 0.009 seconds
Subproblem verification time: 0.009 seconds
Minimum batches required: 3
[[6, 0, 41, 85, 44, 50, 94, 88, 129, 138, 132, 182, 176, 217, 226, 220], [9, 83, 97, 141, 185, 229], [7, 40, 84, 51, 95, 128, 139, 183, 216, 227]]
Total program runtime: 0.205 seconds

Kaki stderr:  
Time: 0.205
Solution: None
	Command being timed: "python3 allsynth/run.py -t kaki --GML topologies/topzoo/Cesnet200706.gml 5 --dir topzoo_res/Reach/kaki/kaki-2 --e-prop Reach --repeat 1"
	User time (seconds): 1.46
	System time (seconds): 1.17
	Percent of CPU this job got: 350%
	Elapsed (wall clock) time (h:mm:ss or m:ss): 0:00.75
	Average shared text size (kbytes): 0
	Average unshared data size (kbytes): 0
	Average stack size (kbytes): 0
	Average total size (kbytes): 0
	Maximum resident set size (kbytes): 90612
	Average resident set size (kbytes): 0
	Major (requiring I/O) page faults: 0
	Minor (reclaiming a frame) page faults: 38024
	Voluntary context switches: 3759
	Involuntary context switches: 825
	Swaps: 0
	File system inputs: 0
	File system outputs: 24
	Socket messages sent: 0
	Socket messages received: 0
	Signals delivered: 0
	Page size (bytes): 4096
	Exit status: 0
