Namespace(tool='kaki', exper=None, gml=['topologies/topzoo/Fccn.gml', '5'], index=None, prop='Reach', prop_file=None, op_req=None, repeat=1, reduce=False, opt=False, u=False, some=False, count=False, weight_bound=None, savedir='topzoo_res/Reach/kaki/kaki-2', dump_bdd=False)
Running 5Fccn.gml
Policy: (Reach 134)
Initial path of nodes: [10, 8, 6, 22, 20, 19, 25, 43, 45, 29, 31, 34, 56, 54, 52, 68, 66, 65, 79, 77, 75, 91, 89, 88, 102, 100, 98, 114, 112, 111, 125, 123, 121, 137, 135, 134]
Final path of nodes: [10, 8, 6, 5, 22, 20, 19, 25, 43, 45, 28, 29, 31, 34, 56, 54, 52, 51, 68, 66, 65, 79, 77, 75, 74, 91, 89, 88, 102, 100, 98, 97, 114, 112, 111, 125, 123, 121, 120, 137, 135, 134]
{"Initial_routing":[[10, 8], [8, 6], [6, 22], [22, 20], [20, 19], [19, 25], [25, 43], [43, 45], [45, 29], [29, 31], [31, 34], [34, 56], [56, 54], [54, 52], [52, 68], [68, 66], [66, 65], [65, 79], [79, 77], [77, 75], [75, 91], [91, 89], [89, 88], [88, 102], [102, 100], [100, 98], [98, 114], [114, 112], [112, 111], [111, 125], [125, 123], [123, 121], [121, 137], [137, 135], [135, 134]],"Final_routing":[[10, 8], [8, 6], [6, 5], [5, 22], [22, 20], [20, 19], [19, 25], [25, 43], [43, 45], [45, 28], [28, 29], [29, 31], [31, 34], [34, 56], [56, 54], [54, 52], [52, 51], [51, 68], [68, 66], [66, 65], [65, 79], [79, 77], [77, 75], [75, 74], [74, 91], [91, 89], [89, 88], [88, 102], [102, 100], [100, 98], [98, 97], [97, 114], [114, 112], [112, 111], [111, 125], [125, 123], [123, 121], [121, 120], [120, 137], [137, 135], [135, 134]],"Properties":{"Waypoint": { "startNode": -1, "finalNode": -1, "waypoint": []}, "LoopFreedom": { "startNode": -1},"Reachability":{"startNode":10,"finalNode":134}}}
Kaki stdout:  Version: 1.15 
 kaki/verifypn-linux64 /tmp/tmprc97wrmp
DFA generation time: 0.007 seconds 
DFA states: 3 
DFA transitions: 43
Problem file: /tmp/tmprc97wrmp
Switches to update: 12

Decomposed topology into 6 subproblems
Topological decomposition took 0.003 seconds
Subproblem verification time: 0.028 seconds
Subproblem verification time: 0.009 seconds
Subproblem verification time: 0.008 seconds
Subproblem verification time: 0.009 seconds
Subproblem verification time: 0.008 seconds
Subproblem verification time: 0.008 seconds
Minimum batches required: 2
[[5, 28, 51, 74, 97, 120], [6, 45, 52, 75, 98, 121]]
Total program runtime: 0.174 seconds

Kaki stderr:  
Time: 0.174
Solution: None
	Command being timed: "python3 allsynth/run.py -t kaki --GML topologies/topzoo/Fccn.gml 5 --dir topzoo_res/Reach/kaki/kaki-2 --e-prop Reach --repeat 1"
	User time (seconds): 1.24
	System time (seconds): 1.40
	Percent of CPU this job got: 389%
	Elapsed (wall clock) time (h:mm:ss or m:ss): 0:00.68
	Average shared text size (kbytes): 0
	Average unshared data size (kbytes): 0
	Average stack size (kbytes): 0
	Average total size (kbytes): 0
	Maximum resident set size (kbytes): 84844
	Average resident set size (kbytes): 0
	Major (requiring I/O) page faults: 1
	Minor (reclaiming a frame) page faults: 35780
	Voluntary context switches: 3053
	Involuntary context switches: 622
	Swaps: 0
	File system inputs: 0
	File system outputs: 24
	Socket messages sent: 0
	Socket messages received: 0
	Signals delivered: 0
	Page size (bytes): 4096
	Exit status: 0
