Namespace(tool='kaki', exper=None, gml=['topologies/topzoo/Janetbackbone.gml', '5'], index=None, prop='Reach', prop_file=None, op_req=None, repeat=1, reduce=False, opt=False, u=False, some=False, count=False, weight_bound=None, savedir='topzoo_res/Reach/kaki/kaki-2', dump_bdd=False)
Running 5Janetbackbone.gml
Policy: (Reach 170)
Initial path of nodes: [1, 18, 11, 13, 14, 25, 29, 40, 42, 41, 52, 51, 59, 76, 69, 71, 72, 83, 88, 105, 98, 100, 101, 112, 117, 134, 127, 129, 130, 141, 146, 163, 156, 158, 159, 170]
Final path of nodes: [1, 18, 17, 12, 24, 25, 29, 33, 46, 41, 39, 43, 50, 51, 59, 61, 69, 65, 75, 70, 82, 83, 88, 90, 98, 94, 104, 99, 111, 112, 117, 119, 127, 123, 133, 128, 140, 141, 146, 148, 156, 152, 162, 157, 169, 170]
{"Initial_routing":[[1, 18], [18, 11], [11, 13], [13, 14], [14, 25], [25, 29], [29, 40], [40, 42], [42, 41], [41, 52], [52, 51], [51, 59], [59, 76], [76, 69], [69, 71], [71, 72], [72, 83], [83, 88], [88, 105], [105, 98], [98, 100], [100, 101], [101, 112], [112, 117], [117, 134], [134, 127], [127, 129], [129, 130], [130, 141], [141, 146], [146, 163], [163, 156], [156, 158], [158, 159], [159, 170]],"Final_routing":[[1, 18], [18, 17], [17, 12], [12, 24], [24, 25], [25, 29], [29, 33], [33, 46], [46, 41], [41, 39], [39, 43], [43, 50], [50, 51], [51, 59], [59, 61], [61, 69], [69, 65], [65, 75], [75, 70], [70, 82], [82, 83], [83, 88], [88, 90], [90, 98], [98, 94], [94, 104], [104, 99], [99, 111], [111, 112], [112, 117], [117, 119], [119, 127], [127, 123], [123, 133], [133, 128], [128, 140], [140, 141], [141, 146], [146, 148], [148, 156], [156, 152], [152, 162], [162, 157], [157, 169], [169, 170]],"Properties":{"Waypoint": { "startNode": -1, "finalNode": -1, "waypoint": []}, "LoopFreedom": { "startNode": -1},"Reachability":{"startNode":1,"finalNode":170}}}
Kaki stdout:  Version: 1.15 
 kaki/verifypn-linux64 /tmp/tmpm9rm5fjk
DFA generation time: 0.008 seconds 
DFA states: 3 
DFA transitions: 65
Problem file: /tmp/tmpm9rm5fjk
Switches to update: 57

Decomposed topology into 6 subproblems
Topological decomposition took 0.004 seconds
Subproblem verification time: 0.029 seconds
Subproblem verification time: 0.01 seconds
Subproblem verification time: 0.009 seconds
Subproblem verification time: 0.009 seconds
Subproblem verification time: 0.01 seconds
Subproblem verification time: 0.009 seconds
Minimum batches required: 3
[[17, 12, 24, 33, 39, 46, 43, 50, 61, 65, 75, 70, 82, 90, 94, 104, 99, 111, 119, 123, 133, 128, 140, 148, 152, 162, 157, 169], [18, 41, 29, 69, 59, 98, 88, 127, 117, 156, 146], [11, 13, 14, 40, 42, 52, 76, 71, 72, 105, 100, 101, 134, 129, 130, 163, 158, 159]]
Total program runtime: 0.194 seconds

Kaki stderr:  
Time: 0.194
Solution: None
	Command being timed: "python3 allsynth/run.py -t kaki --GML topologies/topzoo/Janetbackbone.gml 5 --dir topzoo_res/Reach/kaki/kaki-2 --e-prop Reach --repeat 1"
	User time (seconds): 1.39
	System time (seconds): 1.42
	Percent of CPU this job got: 390%
	Elapsed (wall clock) time (h:mm:ss or m:ss): 0:00.72
	Average shared text size (kbytes): 0
	Average unshared data size (kbytes): 0
	Average stack size (kbytes): 0
	Average total size (kbytes): 0
	Maximum resident set size (kbytes): 96612
	Average resident set size (kbytes): 0
	Major (requiring I/O) page faults: 0
	Minor (reclaiming a frame) page faults: 38053
	Voluntary context switches: 3889
	Involuntary context switches: 181
	Swaps: 0
	File system inputs: 0
	File system outputs: 24
	Socket messages sent: 0
	Socket messages received: 0
	Signals delivered: 0
	Page size (bytes): 4096
	Exit status: 0
