Namespace(tool='kaki', exper=None, gml=['topologies/topzoo/Karen.gml', '5'], index=None, prop='Reach', prop_file=None, op_req=None, repeat=1, reduce=False, opt=False, u=False, some=False, count=False, weight_bound=None, savedir='topzoo_res/Reach/kaki/kaki-2', dump_bdd=False)
Running 5Karen.gml
Policy: (Reach 143)
Initial path of nodes: [4, 1, 0, 2, 14, 21, 22, 18, 29, 26, 25, 27, 39, 46, 47, 43, 54, 51, 50, 52, 64, 71, 72, 68, 79, 76, 75, 77, 89, 96, 97, 93, 104, 101, 100, 102, 114, 121, 122, 118, 129, 126, 125, 127, 139, 146, 147, 143]
Final path of nodes: [4, 1, 0, 3, 24, 23, 22, 18, 29, 30, 25, 28, 49, 48, 47, 43, 54, 55, 50, 53, 74, 73, 72, 68, 79, 80, 75, 78, 99, 98, 97, 93, 104, 105, 100, 103, 124, 123, 122, 118, 129, 130, 125, 128, 149, 148, 147, 143]
{"Initial_routing":[[4, 1], [1, 0], [0, 2], [2, 14], [14, 21], [21, 22], [22, 18], [18, 29], [29, 26], [26, 25], [25, 27], [27, 39], [39, 46], [46, 47], [47, 43], [43, 54], [54, 51], [51, 50], [50, 52], [52, 64], [64, 71], [71, 72], [72, 68], [68, 79], [79, 76], [76, 75], [75, 77], [77, 89], [89, 96], [96, 97], [97, 93], [93, 104], [104, 101], [101, 100], [100, 102], [102, 114], [114, 121], [121, 122], [122, 118], [118, 129], [129, 126], [126, 125], [125, 127], [127, 139], [139, 146], [146, 147], [147, 143]],"Final_routing":[[4, 1], [1, 0], [0, 3], [3, 24], [24, 23], [23, 22], [22, 18], [18, 29], [29, 30], [30, 25], [25, 28], [28, 49], [49, 48], [48, 47], [47, 43], [43, 54], [54, 55], [55, 50], [50, 53], [53, 74], [74, 73], [73, 72], [72, 68], [68, 79], [79, 80], [80, 75], [75, 78], [78, 99], [99, 98], [98, 97], [97, 93], [93, 104], [104, 105], [105, 100], [100, 103], [103, 124], [124, 123], [123, 122], [122, 118], [118, 129], [129, 130], [130, 125], [125, 128], [128, 149], [149, 148], [148, 147], [147, 143]],"Properties":{"Waypoint": { "startNode": -1, "finalNode": -1, "waypoint": []}, "LoopFreedom": { "startNode": -1},"Reachability":{"startNode":4,"finalNode":143}}}
Kaki stdout:  Version: 1.15 
 kaki/verifypn-linux64 /tmp/tmpqk2j6_36
DFA generation time: 0.008 seconds 
DFA states: 3 
DFA transitions: 72
Problem file: /tmp/tmpqk2j6_36
Switches to update: 57

Decomposed topology into 6 subproblems
Topological decomposition took 0.005 seconds
Subproblem verification time: 0.029 seconds
Subproblem verification time: 0.01 seconds
Subproblem verification time: 0.009 seconds
Subproblem verification time: 0.01 seconds
Subproblem verification time: 0.009 seconds
Subproblem verification time: 0.009 seconds
Minimum batches required: 3
[[3, 24, 23, 30, 28, 49, 48, 55, 53, 74, 73, 80, 78, 99, 98, 105, 103, 124, 123, 130, 128, 149, 148], [0, 25, 29, 50, 54, 75, 79, 100, 104, 125, 129], [2, 14, 21, 26, 27, 39, 46, 51, 52, 64, 71, 76, 77, 89, 96, 101, 102, 114, 121, 126, 127, 139, 146]]
Total program runtime: 0.191 seconds

Kaki stderr:  
Time: 0.191
Solution: None
	Command being timed: "python3 allsynth/run.py -t kaki --GML topologies/topzoo/Karen.gml 5 --dir topzoo_res/Reach/kaki/kaki-2 --e-prop Reach --repeat 1"
	User time (seconds): 1.37
	System time (seconds): 1.42
	Percent of CPU this job got: 398%
	Elapsed (wall clock) time (h:mm:ss or m:ss): 0:00.70
	Average shared text size (kbytes): 0
	Average unshared data size (kbytes): 0
	Average stack size (kbytes): 0
	Average total size (kbytes): 0
	Maximum resident set size (kbytes): 95248
	Average resident set size (kbytes): 0
	Major (requiring I/O) page faults: 0
	Minor (reclaiming a frame) page faults: 37006
	Voluntary context switches: 2983
	Involuntary context switches: 155
	Swaps: 0
	File system inputs: 0
	File system outputs: 24
	Socket messages sent: 0
	Socket messages received: 0
	Signals delivered: 0
	Page size (bytes): 4096
	Exit status: 0
