Namespace(tool='kaki', exper=None, gml=['topologies/topzoo/Renater2008.gml', '5'], index=None, prop='Reach', prop_file=None, op_req=None, repeat=1, reduce=False, opt=False, u=False, some=False, count=False, weight_bound=None, savedir='topzoo_res/Reach/kaki/kaki-2', dump_bdd=False)
Running 5Renater2008.gml
Policy: (Reach 197)
Initial path of nodes: [15, 16, 7, 6, 0, 24, 23, 32, 48, 49, 40, 39, 33, 57, 56, 65, 81, 82, 73, 72, 66, 90, 89, 98, 114, 115, 106, 105, 99, 123, 122, 131, 147, 148, 139, 138, 132, 156, 155, 164, 180, 181, 172, 171, 165, 189, 188, 197]
Final path of nodes: [15, 16, 7, 20, 21, 30, 31, 32, 48, 49, 40, 53, 54, 63, 64, 65, 81, 82, 73, 86, 87, 96, 97, 98, 114, 115, 106, 119, 120, 129, 130, 131, 147, 148, 139, 152, 153, 162, 163, 164, 180, 181, 172, 185, 186, 195, 196, 197]
{"Initial_routing":[[15, 16], [16, 7], [7, 6], [6, 0], [0, 24], [24, 23], [23, 32], [32, 48], [48, 49], [49, 40], [40, 39], [39, 33], [33, 57], [57, 56], [56, 65], [65, 81], [81, 82], [82, 73], [73, 72], [72, 66], [66, 90], [90, 89], [89, 98], [98, 114], [114, 115], [115, 106], [106, 105], [105, 99], [99, 123], [123, 122], [122, 131], [131, 147], [147, 148], [148, 139], [139, 138], [138, 132], [132, 156], [156, 155], [155, 164], [164, 180], [180, 181], [181, 172], [172, 171], [171, 165], [165, 189], [189, 188], [188, 197]],"Final_routing":[[15, 16], [16, 7], [7, 20], [20, 21], [21, 30], [30, 31], [31, 32], [32, 48], [48, 49], [49, 40], [40, 53], [53, 54], [54, 63], [63, 64], [64, 65], [65, 81], [81, 82], [82, 73], [73, 86], [86, 87], [87, 96], [96, 97], [97, 98], [98, 114], [114, 115], [115, 106], [106, 119], [119, 120], [120, 129], [129, 130], [130, 131], [131, 147], [147, 148], [148, 139], [139, 152], [152, 153], [153, 162], [162, 163], [163, 164], [164, 180], [180, 181], [181, 172], [172, 185], [185, 186], [186, 195], [195, 196], [196, 197]],"Properties":{"Waypoint": { "startNode": -1, "finalNode": -1, "waypoint": []}, "LoopFreedom": { "startNode": -1},"Reachability":{"startNode":15,"finalNode":197}}}
Kaki stdout:  Version: 1.15 
 kaki/verifypn-linux64 /tmp/tmp6xfqb_8f
DFA generation time: 0.008 seconds 
DFA states: 3 
DFA transitions: 73
Problem file: /tmp/tmp6xfqb_8f
Switches to update: 54

Decomposed topology into 6 subproblems
Topological decomposition took 0.005 seconds
Subproblem verification time: 0.029 seconds
Subproblem verification time: 0.009 seconds
Subproblem verification time: 0.009 seconds
Subproblem verification time: 0.009 seconds
Subproblem verification time: 0.009 seconds
Subproblem verification time: 0.009 seconds
Minimum batches required: 3
[[20, 21, 30, 31, 53, 54, 63, 64, 86, 87, 96, 97, 119, 120, 129, 130, 152, 153, 162, 163, 185, 186, 195, 196], [7, 40, 73, 106, 139, 172], [6, 0, 24, 23, 39, 33, 57, 56, 72, 66, 90, 89, 105, 99, 123, 122, 138, 132, 156, 155, 171, 165, 189, 188]]
Total program runtime: 0.193 seconds

Kaki stderr:  
Time: 0.193
Solution: None
	Command being timed: "python3 allsynth/run.py -t kaki --GML topologies/topzoo/Renater2008.gml 5 --dir topzoo_res/Reach/kaki/kaki-2 --e-prop Reach --repeat 1"
	User time (seconds): 1.44
	System time (seconds): 1.35
	Percent of CPU this job got: 394%
	Elapsed (wall clock) time (h:mm:ss or m:ss): 0:00.71
	Average shared text size (kbytes): 0
	Average unshared data size (kbytes): 0
	Average stack size (kbytes): 0
	Average total size (kbytes): 0
	Maximum resident set size (kbytes): 96204
	Average resident set size (kbytes): 0
	Major (requiring I/O) page faults: 0
	Minor (reclaiming a frame) page faults: 38385
	Voluntary context switches: 3467
	Involuntary context switches: 204
	Swaps: 0
	File system inputs: 0
	File system outputs: 24
	Socket messages sent: 0
	Socket messages received: 0
	Signals delivered: 0
	Page size (bytes): 4096
	Exit status: 0
