Namespace(tool='kaki', exper=None, gml=['topologies/topzoo/Spiralight.gml', '5'], index=None, prop='Reach', prop_file=None, op_req=None, repeat=1, reduce=False, opt=False, u=False, some=False, count=False, weight_bound=None, savedir='topzoo_res/Reach/kaki/kaki-2', dump_bdd=False)
Running 5Spiralight.gml
Policy: (Reach 85)
Initial path of nodes: [4, 0, 3, 5, 6, 8, 7, 9, 10, 19, 15, 18, 20, 21, 23, 22, 24, 25, 34, 30, 33, 35, 36, 38, 37, 39, 40, 49, 45, 48, 50, 51, 53, 52, 54, 55, 64, 60, 63, 65, 66, 68, 67, 69, 70, 79, 75, 78, 80, 81, 83, 82, 84, 85]
Final path of nodes: [4, 1, 2, 5, 14, 13, 12, 11, 10, 19, 16, 17, 20, 29, 28, 27, 26, 25, 34, 31, 32, 35, 44, 43, 42, 41, 40, 49, 46, 47, 50, 59, 58, 57, 56, 55, 64, 61, 62, 65, 74, 73, 72, 71, 70, 79, 76, 77, 80, 89, 88, 87, 86, 85]
{"Initial_routing":[[4, 0], [0, 3], [3, 5], [5, 6], [6, 8], [8, 7], [7, 9], [9, 10], [10, 19], [19, 15], [15, 18], [18, 20], [20, 21], [21, 23], [23, 22], [22, 24], [24, 25], [25, 34], [34, 30], [30, 33], [33, 35], [35, 36], [36, 38], [38, 37], [37, 39], [39, 40], [40, 49], [49, 45], [45, 48], [48, 50], [50, 51], [51, 53], [53, 52], [52, 54], [54, 55], [55, 64], [64, 60], [60, 63], [63, 65], [65, 66], [66, 68], [68, 67], [67, 69], [69, 70], [70, 79], [79, 75], [75, 78], [78, 80], [80, 81], [81, 83], [83, 82], [82, 84], [84, 85]],"Final_routing":[[4, 1], [1, 2], [2, 5], [5, 14], [14, 13], [13, 12], [12, 11], [11, 10], [10, 19], [19, 16], [16, 17], [17, 20], [20, 29], [29, 28], [28, 27], [27, 26], [26, 25], [25, 34], [34, 31], [31, 32], [32, 35], [35, 44], [44, 43], [43, 42], [42, 41], [41, 40], [40, 49], [49, 46], [46, 47], [47, 50], [50, 59], [59, 58], [58, 57], [57, 56], [56, 55], [55, 64], [64, 61], [61, 62], [62, 65], [65, 74], [74, 73], [73, 72], [72, 71], [71, 70], [70, 79], [79, 76], [76, 77], [77, 80], [80, 89], [89, 88], [88, 87], [87, 86], [86, 85]],"Properties":{"Waypoint": { "startNode": -1, "finalNode": -1, "waypoint": []}, "LoopFreedom": { "startNode": -1},"Reachability":{"startNode":4,"finalNode":85}}}
Kaki stdout:  Version: 1.15 
 kaki/verifypn-linux64 /tmp/tmp8a39a9lw
DFA generation time: 0.009 seconds 
DFA states: 3 
DFA transitions: 91
Problem file: /tmp/tmp8a39a9lw
Switches to update: 84

Decomposed topology into 6 subproblems
Topological decomposition took 0.007 seconds
Subproblem verification time: 0.04 seconds
Subproblem verification time: 0.009 seconds
Subproblem verification time: 0.01 seconds
Subproblem verification time: 0.009 seconds
Subproblem verification time: 0.009 seconds
Subproblem verification time: 0.01 seconds
Minimum batches required: 3
[[1, 14, 2, 13, 12, 11, 16, 29, 17, 28, 27, 26, 31, 44, 32, 43, 42, 41, 46, 59, 47, 58, 57, 56, 61, 74, 62, 73, 72, 71, 76, 89, 77, 88, 87, 86], [5, 4, 20, 19, 35, 34, 50, 49, 65, 64, 80, 79], [0, 3, 6, 8, 7, 9, 15, 18, 21, 23, 22, 24, 30, 33, 36, 38, 37, 39, 45, 48, 51, 53, 52, 54, 60, 63, 66, 68, 67, 69, 75, 78, 81, 83, 82, 84]]
Total program runtime: 0.214 seconds

Kaki stderr:  
Time: 0.214
Solution: None
	Command being timed: "python3 allsynth/run.py -t kaki --GML topologies/topzoo/Spiralight.gml 5 --dir topzoo_res/Reach/kaki/kaki-2 --e-prop Reach --repeat 1"
	User time (seconds): 1.56
	System time (seconds): 1.38
	Percent of CPU this job got: 402%
	Elapsed (wall clock) time (h:mm:ss or m:ss): 0:00.73
	Average shared text size (kbytes): 0
	Average unshared data size (kbytes): 0
	Average stack size (kbytes): 0
	Average total size (kbytes): 0
	Maximum resident set size (kbytes): 101860
	Average resident set size (kbytes): 0
	Major (requiring I/O) page faults: 0
	Minor (reclaiming a frame) page faults: 40628
	Voluntary context switches: 4056
	Involuntary context switches: 693
	Swaps: 0
	File system inputs: 0
	File system outputs: 24
	Socket messages sent: 0
	Socket messages received: 0
	Signals delivered: 0
	Page size (bytes): 4096
	Exit status: 0
