Namespace(tool='kaki', exper=None, gml=['topologies/topzoo/Uninett2011.gml', '5'], index=None, prop='Reach', prop_file=None, op_req=None, repeat=1, reduce=False, opt=False, u=False, some=False, count=False, weight_bound=None, savedir='topzoo_res/Reach/kaki/kaki-2', dump_bdd=False)
Running 5Uninett2011.gml
Policy: (Reach 412)
Initial path of nodes: [31, 14, 30, 56, 43, 62, 1, 0, 68, 67, 76, 73, 74, 72, 130, 81, 84, 111, 113, 100, 169, 152, 168, 194, 181, 200, 139, 138, 206, 205, 238, 221, 237, 263, 250, 269, 208, 207, 275, 274, 307, 290, 306, 332, 319, 338, 277, 276, 344, 343, 376, 359, 375, 401, 388, 407, 346, 345, 413, 412]
Final path of nodes: [31, 44, 42, 15, 12, 61, 3, 2, 60, 59, 67, 76, 120, 75, 70, 131, 112, 125, 99, 83, 100, 169, 182, 180, 153, 150, 199, 141, 140, 198, 197, 205, 238, 251, 249, 222, 219, 268, 210, 209, 267, 266, 274, 307, 320, 318, 291, 288, 337, 279, 278, 336, 335, 343, 376, 389, 387, 360, 357, 406, 348, 347, 405, 404, 412]
{"Initial_routing":[[31, 14], [14, 30], [30, 56], [56, 43], [43, 62], [62, 1], [1, 0], [0, 68], [68, 67], [67, 76], [76, 73], [73, 74], [74, 72], [72, 130], [130, 81], [81, 84], [84, 111], [111, 113], [113, 100], [100, 169], [169, 152], [152, 168], [168, 194], [194, 181], [181, 200], [200, 139], [139, 138], [138, 206], [206, 205], [205, 238], [238, 221], [221, 237], [237, 263], [263, 250], [250, 269], [269, 208], [208, 207], [207, 275], [275, 274], [274, 307], [307, 290], [290, 306], [306, 332], [332, 319], [319, 338], [338, 277], [277, 276], [276, 344], [344, 343], [343, 376], [376, 359], [359, 375], [375, 401], [401, 388], [388, 407], [407, 346], [346, 345], [345, 413], [413, 412]],"Final_routing":[[31, 44], [44, 42], [42, 15], [15, 12], [12, 61], [61, 3], [3, 2], [2, 60], [60, 59], [59, 67], [67, 76], [76, 120], [120, 75], [75, 70], [70, 131], [131, 112], [112, 125], [125, 99], [99, 83], [83, 100], [100, 169], [169, 182], [182, 180], [180, 153], [153, 150], [150, 199], [199, 141], [141, 140], [140, 198], [198, 197], [197, 205], [205, 238], [238, 251], [251, 249], [249, 222], [222, 219], [219, 268], [268, 210], [210, 209], [209, 267], [267, 266], [266, 274], [274, 307], [307, 320], [320, 318], [318, 291], [291, 288], [288, 337], [337, 279], [279, 278], [278, 336], [336, 335], [335, 343], [343, 376], [376, 389], [389, 387], [387, 360], [360, 357], [357, 406], [406, 348], [348, 347], [347, 405], [405, 404], [404, 412]],"Properties":{"Waypoint": { "startNode": -1, "finalNode": -1, "waypoint": []}, "LoopFreedom": { "startNode": -1},"Reachability":{"startNode":31,"finalNode":412}}}
Kaki stdout:  Version: 1.15 
 kaki/verifypn-linux64 /tmp/tmpshhrdq4g
DFA generation time: 0.01 seconds 
DFA states: 3 
DFA transitions: 114
Problem file: /tmp/tmpshhrdq4g
Switches to update: 107

Decomposed topology into 6 subproblems
Topological decomposition took 0.007 seconds
Subproblem verification time: 0.03 seconds
Subproblem verification time: 0.009 seconds
Subproblem verification time: 0.013 seconds
Subproblem verification time: 0.01 seconds
Subproblem verification time: 0.009 seconds
Subproblem verification time: 0.009 seconds
Minimum batches required: 3
[[44, 42, 15, 12, 61, 3, 2, 60, 59, 120, 75, 70, 131, 112, 125, 99, 83, 182, 180, 153, 150, 199, 141, 140, 198, 197, 251, 249, 222, 219, 268, 210, 209, 267, 266, 320, 318, 291, 288, 337, 279, 278, 336, 335, 389, 387, 360, 357, 406, 348, 347, 405, 404], [31, 76, 169, 238, 307, 376], [14, 30, 56, 43, 62, 1, 0, 68, 73, 74, 72, 130, 81, 84, 111, 113, 152, 168, 194, 181, 200, 139, 138, 206, 221, 237, 263, 250, 269, 208, 207, 275, 290, 306, 332, 319, 338, 277, 276, 344, 359, 375, 401, 388, 407, 346, 345, 413]]
Total program runtime: 0.204 seconds

Kaki stderr:  
Time: 0.204
Solution: None
	Command being timed: "python3 allsynth/run.py -t kaki --GML topologies/topzoo/Uninett2011.gml 5 --dir topzoo_res/Reach/kaki/kaki-2 --e-prop Reach --repeat 1"
	User time (seconds): 1.68
	System time (seconds): 1.37
	Percent of CPU this job got: 368%
	Elapsed (wall clock) time (h:mm:ss or m:ss): 0:00.82
	Average shared text size (kbytes): 0
	Average unshared data size (kbytes): 0
	Average stack size (kbytes): 0
	Average total size (kbytes): 0
	Maximum resident set size (kbytes): 98756
	Average resident set size (kbytes): 0
	Major (requiring I/O) page faults: 0
	Minor (reclaiming a frame) page faults: 39566
	Voluntary context switches: 4305
	Involuntary context switches: 171
	Swaps: 0
	File system inputs: 0
	File system outputs: 24
	Socket messages sent: 0
	Socket messages received: 0
	Signals delivered: 0
	Page size (bytes): 4096
	Exit status: 0
