Namespace(tool='PERS', exper=None, gml=['topologies/topzoo/Atmnet.gml', '5'], index=None, prop='Reach', prop_file=None, op_req=None, repeat=1, reduce=False, opt=False, u=False, some=False, count=False, weight_bound=None, savedir='topzoo_res/Reach/PERS/PERS-2', dump_bdd=False)
Running 5Atmnet.gml
Policy: (Reach 120)
Initial path of nodes: [5, 4, 7, 6, 12, 2, 3, 0, 14, 15, 25, 28, 27, 33, 23, 24, 21, 35, 36, 31, 47, 46, 49, 48, 54, 44, 45, 42, 56, 57, 68, 67, 70, 69, 75, 65, 66, 63, 77, 78, 89, 88, 91, 90, 96, 86, 87, 84, 98, 99, 110, 109, 112, 111, 117, 107, 108, 105, 119, 120]
Final path of nodes: [5, 8, 9, 16, 11, 20, 19, 18, 17, 10, 15, 25, 26, 29, 30, 37, 32, 41, 40, 39, 38, 31, 47, 50, 51, 58, 53, 62, 61, 60, 59, 52, 57, 68, 71, 72, 79, 74, 83, 82, 81, 80, 73, 78, 89, 92, 93, 100, 95, 104, 103, 102, 101, 94, 99, 110, 113, 114, 121, 116, 125, 124, 123, 122, 115, 120]
Persimmon problem:  {"Initial_routing":[[5, 4], [4, 7], [7, 6], [6, 12], [12, 2], [2, 3], [3, 0], [0, 14], [14, 15], [15, 25], [25, 28], [28, 27], [27, 33], [33, 23], [23, 24], [24, 21], [21, 35], [35, 36], [36, 31], [31, 47], [47, 46], [46, 49], [49, 48], [48, 54], [54, 44], [44, 45], [45, 42], [42, 56], [56, 57], [57, 68], [68, 67], [67, 70], [70, 69], [69, 75], [75, 65], [65, 66], [66, 63], [63, 77], [77, 78], [78, 89], [89, 88], [88, 91], [91, 90], [90, 96], [96, 86], [86, 87], [87, 84], [84, 98], [98, 99], [99, 110], [110, 109], [109, 112], [112, 111], [111, 117], [117, 107], [107, 108], [108, 105], [105, 119], [119, 120]],"Final_routing":[[5, 8], [8, 9], [9, 16], [16, 11], [11, 20], [20, 19], [19, 18], [18, 17], [17, 10], [10, 15], [15, 25], [25, 26], [26, 29], [29, 30], [30, 37], [37, 32], [32, 41], [41, 40], [40, 39], [39, 38], [38, 31], [31, 47], [47, 50], [50, 51], [51, 58], [58, 53], [53, 62], [62, 61], [61, 60], [60, 59], [59, 52], [52, 57], [57, 68], [68, 71], [71, 72], [72, 79], [79, 74], [74, 83], [83, 82], [82, 81], [81, 80], [80, 73], [73, 78], [78, 89], [89, 92], [92, 93], [93, 100], [100, 95], [95, 104], [104, 103], [103, 102], [102, 101], [101, 94], [94, 99], [99, 110], [110, 113], [113, 114], [114, 121], [121, 116], [116, 125], [125, 124], [124, 123], [123, 122], [122, 115], [115, 120]],"Properties":{"Reachability":{"startNode":5,"finalNode":120}}}
Persimmon stdout:  Chain equivalence reduction: 114 -> 24
Constructing all update BDD
Solution: Some([[71, 72, 79, 74, 83, 82, 81, 80, 73, 113, 114, 121, 116, 125, 124, 123, 122, 115, 26, 29, 30, 37, 32, 41, 40, 39, 38, 50, 51, 58, 53, 62, 61, 60, 59, 52, 92, 93, 100, 95, 104, 103, 102, 101, 94, 8, 9, 16, 11, 20, 19, 18, 17, 10], [5, 68, 89, 25, 47, 110], [28, 27, 33, 23, 24, 21, 35, 36, 4, 7, 6, 12, 2, 3, 0, 14, 109, 112, 111, 117, 107, 108, 105, 119, 46, 49, 48, 54, 44, 45, 42, 56, 67, 70, 69, 75, 65, 66, 63, 77, 88, 91, 90, 96, 86, 87, 84, 98]])
Time elapsed: 1.18ms
Time elapsed(s): 0.001177s

Persimmon stderr:  
Time: 0.001177
Solution: [[71, 72, 79, 74, 83, 82, 81, 80, 73, 113, 114, 121, 116, 125, 124, 123, 122, 115, 26, 29, 30, 37, 32, 41, 40, 39, 38, 50, 51, 58, 53, 62, 61, 60, 59, 52, 92, 93, 100, 95, 104, 103, 102, 101, 94, 8, 9, 16, 11, 20, 19, 18, 17, 10], [5, 68, 89, 25, 47, 110], [28, 27, 33, 23, 24, 21, 35, 36, 4, 7, 6, 12, 2, 3, 0, 14, 109, 112, 111, 117, 107, 108, 105, 119, 46, 49, 48, 54, 44, 45, 42, 56, 67, 70, 69, 75, 65, 66, 63, 77, 88, 91, 90, 96, 86, 87, 84, 98]]
	Command being timed: "python3 allsynth/run.py -t PERS --GML topologies/topzoo/Atmnet.gml 5 --dir topzoo_res/Reach/PERS/PERS-2 --e-prop Reach --repeat 1"
	User time (seconds): 0.87
	System time (seconds): 1.20
	Percent of CPU this job got: 356%
	Elapsed (wall clock) time (h:mm:ss or m:ss): 0:00.58
	Average shared text size (kbytes): 0
	Average unshared data size (kbytes): 0
	Average stack size (kbytes): 0
	Average total size (kbytes): 0
	Maximum resident set size (kbytes): 70904
	Average resident set size (kbytes): 0
	Major (requiring I/O) page faults: 0
	Minor (reclaiming a frame) page faults: 13089
	Voluntary context switches: 31
	Involuntary context switches: 203
	Swaps: 0
	File system inputs: 0
	File system outputs: 24
	Socket messages sent: 0
	Socket messages received: 0
	Signals delivered: 0
	Page size (bytes): 4096
	Exit status: 0
