Namespace(tool='PERS', exper=None, gml=['topologies/topzoo/Colt.gml', '5'], index=None, prop='Reach', prop_file=None, op_req=None, repeat=1, reduce=False, opt=False, u=False, some=False, count=False, weight_bound=None, savedir='topzoo_res/Reach/PERS/PERS-2', dump_bdd=False)
Running 5Colt.gml
Policy: (Reach 860)
Initial path of nodes: [57, 56, 50, 51, 136, 17, 14, 141, 12, 30, 118, 139, 123, 82, 138, 152, 66, 68, 81, 107, 95, 210, 209, 203, 204, 289, 170, 167, 294, 165, 183, 271, 292, 276, 235, 291, 305, 219, 221, 234, 260, 248, 363, 362, 356, 357, 442, 323, 320, 447, 318, 336, 424, 445, 429, 388, 444, 458, 372, 374, 387, 413, 401, 516, 515, 509, 510, 595, 476, 473, 600, 471, 489, 577, 598, 582, 541, 597, 611, 525, 527, 540, 566, 554, 669, 668, 662, 663, 748, 629, 626, 753, 624, 642, 730, 751, 735, 694, 750, 764, 678, 680, 693, 719, 707, 822, 821, 815, 816, 901, 782, 779, 906, 777, 795, 883, 904, 888, 847, 903, 917, 831, 833, 846, 872, 860]
Final path of nodes: [57, 56, 50, 53, 51, 2, 144, 5, 4, 8, 13, 119, 30, 118, 117, 74, 125, 63, 126, 64, 72, 152, 109, 112, 111, 107, 95, 210, 209, 212, 211, 203, 204, 155, 297, 158, 157, 161, 166, 272, 183, 271, 270, 227, 278, 216, 279, 217, 225, 305, 262, 265, 264, 260, 248, 363, 362, 356, 359, 357, 308, 450, 311, 310, 314, 319, 425, 336, 424, 423, 380, 431, 369, 432, 370, 378, 458, 415, 418, 417, 413, 401, 516, 515, 518, 517, 509, 510, 461, 603, 464, 463, 467, 472, 578, 489, 577, 576, 533, 584, 522, 585, 523, 531, 611, 568, 571, 570, 566, 554, 669, 668, 662, 665, 663, 614, 756, 617, 616, 620, 625, 731, 642, 730, 729, 686, 737, 675, 738, 676, 684, 764, 721, 724, 723, 719, 707, 822, 821, 824, 823, 815, 816, 767, 909, 770, 769, 773, 778, 884, 795, 883, 882, 839, 890, 828, 891, 829, 837, 917, 874, 877, 876, 872, 860]
Persimmon problem:  {"Initial_routing":[[57, 56], [56, 50], [50, 51], [51, 136], [136, 17], [17, 14], [14, 141], [141, 12], [12, 30], [30, 118], [118, 139], [139, 123], [123, 82], [82, 138], [138, 152], [152, 66], [66, 68], [68, 81], [81, 107], [107, 95], [95, 210], [210, 209], [209, 203], [203, 204], [204, 289], [289, 170], [170, 167], [167, 294], [294, 165], [165, 183], [183, 271], [271, 292], [292, 276], [276, 235], [235, 291], [291, 305], [305, 219], [219, 221], [221, 234], [234, 260], [260, 248], [248, 363], [363, 362], [362, 356], [356, 357], [357, 442], [442, 323], [323, 320], [320, 447], [447, 318], [318, 336], [336, 424], [424, 445], [445, 429], [429, 388], [388, 444], [444, 458], [458, 372], [372, 374], [374, 387], [387, 413], [413, 401], [401, 516], [516, 515], [515, 509], [509, 510], [510, 595], [595, 476], [476, 473], [473, 600], [600, 471], [471, 489], [489, 577], [577, 598], [598, 582], [582, 541], [541, 597], [597, 611], [611, 525], [525, 527], [527, 540], [540, 566], [566, 554], [554, 669], [669, 668], [668, 662], [662, 663], [663, 748], [748, 629], [629, 626], [626, 753], [753, 624], [624, 642], [642, 730], [730, 751], [751, 735], [735, 694], [694, 750], [750, 764], [764, 678], [678, 680], [680, 693], [693, 719], [719, 707], [707, 822], [822, 821], [821, 815], [815, 816], [816, 901], [901, 782], [782, 779], [779, 906], [906, 777], [777, 795], [795, 883], [883, 904], [904, 888], [888, 847], [847, 903], [903, 917], [917, 831], [831, 833], [833, 846], [846, 872], [872, 860]],"Final_routing":[[57, 56], [56, 50], [50, 53], [53, 51], [51, 2], [2, 144], [144, 5], [5, 4], [4, 8], [8, 13], [13, 119], [119, 30], [30, 118], [118, 117], [117, 74], [74, 125], [125, 63], [63, 126], [126, 64], [64, 72], [72, 152], [152, 109], [109, 112], [112, 111], [111, 107], [107, 95], [95, 210], [210, 209], [209, 212], [212, 211], [211, 203], [203, 204], [204, 155], [155, 297], [297, 158], [158, 157], [157, 161], [161, 166], [166, 272], [272, 183], [183, 271], [271, 270], [270, 227], [227, 278], [278, 216], [216, 279], [279, 217], [217, 225], [225, 305], [305, 262], [262, 265], [265, 264], [264, 260], [260, 248], [248, 363], [363, 362], [362, 356], [356, 359], [359, 357], [357, 308], [308, 450], [450, 311], [311, 310], [310, 314], [314, 319], [319, 425], [425, 336], [336, 424], [424, 423], [423, 380], [380, 431], [431, 369], [369, 432], [432, 370], [370, 378], [378, 458], [458, 415], [415, 418], [418, 417], [417, 413], [413, 401], [401, 516], [516, 515], [515, 518], [518, 517], [517, 509], [509, 510], [510, 461], [461, 603], [603, 464], [464, 463], [463, 467], [467, 472], [472, 578], [578, 489], [489, 577], [577, 576], [576, 533], [533, 584], [584, 522], [522, 585], [585, 523], [523, 531], [531, 611], [611, 568], [568, 571], [571, 570], [570, 566], [566, 554], [554, 669], [669, 668], [668, 662], [662, 665], [665, 663], [663, 614], [614, 756], [756, 617], [617, 616], [616, 620], [620, 625], [625, 731], [731, 642], [642, 730], [730, 729], [729, 686], [686, 737], [737, 675], [675, 738], [738, 676], [676, 684], [684, 764], [764, 721], [721, 724], [724, 723], [723, 719], [719, 707], [707, 822], [822, 821], [821, 824], [824, 823], [823, 815], [815, 816], [816, 767], [767, 909], [909, 770], [770, 769], [769, 773], [773, 778], [778, 884], [884, 795], [795, 883], [883, 882], [882, 839], [839, 890], [890, 828], [828, 891], [891, 829], [829, 837], [837, 917], [917, 874], [874, 877], [877, 876], [876, 872], [872, 860]],"Properties":{"Reachability":{"startNode":57,"finalNode":860}}}
Persimmon stdout:  Chain equivalence reduction: 237 -> 83
Constructing all update BDD
Solution: Some([[109, 112, 111, 155, 297, 158, 157, 161, 166, 272, 614, 756, 617, 616, 620, 625, 731, 415, 418, 417, 423, 380, 431, 369, 432, 370, 378, 270, 227, 278, 216, 279, 217, 225, 576, 533, 584, 522, 585, 523, 531, 729, 686, 737, 675, 738, 676, 684, 874, 877, 876, 262, 265, 264, 308, 450, 311, 310, 314, 319, 425, 2, 144, 5, 4, 8, 13, 119, 117, 74, 125, 63, 126, 64, 72, 767, 909, 770, 769, 773, 778, 884, 461, 603, 464, 463, 467, 472, 578, 568, 571, 570, 721, 724, 723, 882, 839, 890, 828, 891, 829, 837], [359, 357, 883, 305, 665, 816, 53, 611, 824, 823, 271, 510, 663, 152, 212, 211, 51, 424, 458, 118, 917, 204, 764, 730, 518, 517, 577], [751, 735, 694, 750, 50, 831, 833, 846, 356, 219, 221, 234, 901, 782, 779, 906, 777, 136, 17, 14, 141, 12, 66, 68, 81, 821, 598, 582, 541, 597, 525, 527, 540, 372, 374, 387, 904, 888, 847, 903, 442, 323, 320, 447, 318, 515, 292, 276, 235, 291, 662, 595, 476, 473, 600, 471, 209, 678, 680, 693, 139, 123, 82, 138, 289, 170, 167, 294, 165, 445, 429, 388, 444, 748, 629, 626, 753, 624]])
Time elapsed: 7.10ms
Time elapsed(s): 0.007103s

Persimmon stderr:  
Time: 0.007103
Solution: [[109, 112, 111, 155, 297, 158, 157, 161, 166, 272, 614, 756, 617, 616, 620, 625, 731, 415, 418, 417, 423, 380, 431, 369, 432, 370, 378, 270, 227, 278, 216, 279, 217, 225, 576, 533, 584, 522, 585, 523, 531, 729, 686, 737, 675, 738, 676, 684, 874, 877, 876, 262, 265, 264, 308, 450, 311, 310, 314, 319, 425, 2, 144, 5, 4, 8, 13, 119, 117, 74, 125, 63, 126, 64, 72, 767, 909, 770, 769, 773, 778, 884, 461, 603, 464, 463, 467, 472, 578, 568, 571, 570, 721, 724, 723, 882, 839, 890, 828, 891, 829, 837], [359, 357, 883, 305, 665, 816, 53, 611, 824, 823, 271, 510, 663, 152, 212, 211, 51, 424, 458, 118, 917, 204, 764, 730, 518, 517, 577], [751, 735, 694, 750, 50, 831, 833, 846, 356, 219, 221, 234, 901, 782, 779, 906, 777, 136, 17, 14, 141, 12, 66, 68, 81, 821, 598, 582, 541, 597, 525, 527, 540, 372, 374, 387, 904, 888, 847, 903, 442, 323, 320, 447, 318, 515, 292, 276, 235, 291, 662, 595, 476, 473, 600, 471, 209, 678, 680, 693, 139, 123, 82, 138, 289, 170, 167, 294, 165, 445, 429, 388, 444, 748, 629, 626, 753, 624]]
	Command being timed: "python3 allsynth/run.py -t PERS --GML topologies/topzoo/Colt.gml 5 --dir topzoo_res/Reach/PERS/PERS-2 --e-prop Reach --repeat 1"
	User time (seconds): 1.56
	System time (seconds): 1.30
	Percent of CPU this job got: 223%
	Elapsed (wall clock) time (h:mm:ss or m:ss): 0:01.28
	Average shared text size (kbytes): 0
	Average unshared data size (kbytes): 0
	Average stack size (kbytes): 0
	Average total size (kbytes): 0
	Maximum resident set size (kbytes): 76160
	Average resident set size (kbytes): 0
	Major (requiring I/O) page faults: 0
	Minor (reclaiming a frame) page faults: 14503
	Voluntary context switches: 28
	Involuntary context switches: 203
	Swaps: 0
	File system inputs: 0
	File system outputs: 32
	Socket messages sent: 0
	Socket messages received: 0
	Signals delivered: 0
	Page size (bytes): 4096
	Exit status: 0
