Namespace(tool='PERS', exper=None, gml=['topologies/topzoo/Fatman.gml', '5'], index=None, prop='Reach', prop_file=None, op_req=None, repeat=1, reduce=False, opt=False, u=False, some=False, count=False, weight_bound=None, savedir='topzoo_res/Reach/PERS/PERS-2', dump_bdd=False)
Running 5Fatman.gml
Policy: (Reach 91)
Initial path of nodes: [0, 2, 5, 11, 10, 6, 17, 19, 22, 28, 27, 23, 34, 36, 39, 45, 44, 40, 51, 53, 56, 62, 61, 57, 68, 70, 73, 79, 78, 74, 85, 87, 90, 96, 95, 91]
Final path of nodes: [0, 2, 5, 12, 9, 10, 6, 17, 19, 22, 29, 26, 27, 23, 34, 36, 39, 46, 43, 44, 40, 51, 53, 56, 63, 60, 61, 57, 68, 70, 73, 80, 77, 78, 74, 85, 87, 90, 97, 94, 95, 91]
Persimmon problem:  {"Initial_routing":[[0, 2], [2, 5], [5, 11], [11, 10], [10, 6], [6, 17], [17, 19], [19, 22], [22, 28], [28, 27], [27, 23], [23, 34], [34, 36], [36, 39], [39, 45], [45, 44], [44, 40], [40, 51], [51, 53], [53, 56], [56, 62], [62, 61], [61, 57], [57, 68], [68, 70], [70, 73], [73, 79], [79, 78], [78, 74], [74, 85], [85, 87], [87, 90], [90, 96], [96, 95], [95, 91]],"Final_routing":[[0, 2], [2, 5], [5, 12], [12, 9], [9, 10], [10, 6], [6, 17], [17, 19], [19, 22], [22, 29], [29, 26], [26, 27], [27, 23], [23, 34], [34, 36], [36, 39], [39, 46], [46, 43], [43, 44], [44, 40], [40, 51], [51, 53], [53, 56], [56, 63], [63, 60], [60, 61], [61, 57], [57, 68], [68, 70], [70, 73], [73, 80], [80, 77], [77, 78], [78, 74], [74, 85], [85, 87], [87, 90], [90, 97], [97, 94], [94, 95], [95, 91]],"Properties":{"Reachability":{"startNode":0,"finalNode":91}}}
Persimmon stdout:  Chain equivalence reduction: 48 -> 26
Constructing all update BDD
Solution: Some([[97, 94, 46, 43, 29, 26, 12, 9, 63, 60, 80, 77], [39, 73, 56, 5, 22, 90], [79, 62, 28, 11, 45, 96]])
Time elapsed: 1.27ms
Time elapsed(s): 0.001274s

Persimmon stderr:  
Time: 0.001274
Solution: [[97, 94, 46, 43, 29, 26, 12, 9, 63, 60, 80, 77], [39, 73, 56, 5, 22, 90], [79, 62, 28, 11, 45, 96]]
	Command being timed: "python3 allsynth/run.py -t PERS --GML topologies/topzoo/Fatman.gml 5 --dir topzoo_res/Reach/PERS/PERS-2 --e-prop Reach --repeat 1"
	User time (seconds): 0.92
	System time (seconds): 1.27
	Percent of CPU this job got: 371%
	Elapsed (wall clock) time (h:mm:ss or m:ss): 0:00.59
	Average shared text size (kbytes): 0
	Average unshared data size (kbytes): 0
	Average stack size (kbytes): 0
	Average total size (kbytes): 0
	Maximum resident set size (kbytes): 70460
	Average resident set size (kbytes): 0
	Major (requiring I/O) page faults: 0
	Minor (reclaiming a frame) page faults: 13012
	Voluntary context switches: 32
	Involuntary context switches: 90
	Swaps: 0
	File system inputs: 0
	File system outputs: 24
	Socket messages sent: 0
	Socket messages received: 0
	Signals delivered: 0
	Page size (bytes): 4096
	Exit status: 0
