Namespace(tool='PERS', exper=None, gml=['topologies/topzoo/Forthnet.gml', '5'], index=None, prop='Reach', prop_file=None, op_req=None, repeat=1, reduce=False, opt=False, u=False, some=False, count=False, weight_bound=None, savedir='topzoo_res/Reach/PERS/PERS-2', dump_bdd=False)
Running 5Forthnet.gml
Policy: (Reach 363)
Initial path of nodes: [21, 20, 42, 43, 7, 55, 3, 53, 64, 65, 117, 69, 105, 104, 82, 84, 145, 144, 166, 167, 131, 179, 127, 177, 207, 206, 228, 229, 193, 241, 189, 239, 269, 268, 290, 291, 255, 303, 251, 301, 331, 330, 352, 353, 317, 365, 313, 363]
Final path of nodes: [21, 20, 42, 43, 7, 32, 55, 3, 53, 64, 65, 117, 94, 69, 105, 104, 82, 84, 145, 144, 166, 167, 131, 156, 179, 127, 177, 207, 206, 228, 229, 193, 218, 241, 189, 239, 269, 268, 290, 291, 255, 280, 303, 251, 301, 331, 330, 352, 353, 317, 342, 365, 313, 363]
Persimmon problem:  {"Initial_routing":[[21, 20], [20, 42], [42, 43], [43, 7], [7, 55], [55, 3], [3, 53], [53, 64], [64, 65], [65, 117], [117, 69], [69, 105], [105, 104], [104, 82], [82, 84], [84, 145], [145, 144], [144, 166], [166, 167], [167, 131], [131, 179], [179, 127], [127, 177], [177, 207], [207, 206], [206, 228], [228, 229], [229, 193], [193, 241], [241, 189], [189, 239], [239, 269], [269, 268], [268, 290], [290, 291], [291, 255], [255, 303], [303, 251], [251, 301], [301, 331], [331, 330], [330, 352], [352, 353], [353, 317], [317, 365], [365, 313], [313, 363]],"Final_routing":[[21, 20], [20, 42], [42, 43], [43, 7], [7, 32], [32, 55], [55, 3], [3, 53], [53, 64], [64, 65], [65, 117], [117, 94], [94, 69], [69, 105], [105, 104], [104, 82], [82, 84], [84, 145], [145, 144], [144, 166], [166, 167], [167, 131], [131, 156], [156, 179], [179, 127], [127, 177], [177, 207], [207, 206], [206, 228], [228, 229], [229, 193], [193, 218], [218, 241], [241, 189], [189, 239], [239, 269], [269, 268], [268, 290], [290, 291], [291, 255], [255, 280], [280, 303], [303, 251], [251, 301], [301, 331], [331, 330], [330, 352], [352, 353], [353, 317], [317, 342], [342, 365], [365, 313], [313, 363]],"Properties":{"Reachability":{"startNode":21,"finalNode":363}}}
Persimmon stdout:  Chain equivalence reduction: 54 -> 20
Constructing all update BDD
Solution: Some([[342, 156, 32, 280, 94, 218], [131, 317, 7, 193, 117, 255]])
Time elapsed: 831.52µs
Time elapsed(s): 0.000832s

Persimmon stderr:  
Time: 0.000832
Solution: [[342, 156, 32, 280, 94, 218], [131, 317, 7, 193, 117, 255]]
	Command being timed: "python3 allsynth/run.py -t PERS --GML topologies/topzoo/Forthnet.gml 5 --dir topzoo_res/Reach/PERS/PERS-2 --e-prop Reach --repeat 1"
	User time (seconds): 0.98
	System time (seconds): 1.32
	Percent of CPU this job got: 332%
	Elapsed (wall clock) time (h:mm:ss or m:ss): 0:00.69
	Average shared text size (kbytes): 0
	Average unshared data size (kbytes): 0
	Average stack size (kbytes): 0
	Average total size (kbytes): 0
	Maximum resident set size (kbytes): 72756
	Average resident set size (kbytes): 0
	Major (requiring I/O) page faults: 0
	Minor (reclaiming a frame) page faults: 13512
	Voluntary context switches: 28
	Involuntary context switches: 80
	Swaps: 0
	File system inputs: 0
	File system outputs: 24
	Socket messages sent: 0
	Socket messages received: 0
	Signals delivered: 0
	Page size (bytes): 4096
	Exit status: 0
