Namespace(tool='PERS', exper=None, gml=['topologies/topzoo/Internetmci.gml', '5'], index=None, prop='Reach', prop_file=None, op_req=None, repeat=1, reduce=False, opt=False, u=False, some=False, count=False, weight_bound=None, savedir='topzoo_res/Reach/PERS/PERS-2', dump_bdd=False)
Running 5Internetmci.gml
Policy: (Reach 113)
Initial path of nodes: [0, 3, 16, 8, 18, 19, 22, 35, 27, 37, 38, 41, 54, 46, 56, 57, 60, 73, 65, 75, 76, 79, 92, 84, 94, 95, 98, 111, 103, 113]
Final path of nodes: [0, 3, 16, 17, 18, 19, 22, 34, 35, 36, 37, 38, 39, 40, 47, 46, 56, 57, 60, 72, 73, 74, 75, 76, 77, 78, 85, 84, 94, 95, 98, 110, 111, 112, 113]
Persimmon problem:  {"Initial_routing":[[0, 3], [3, 16], [16, 8], [8, 18], [18, 19], [19, 22], [22, 35], [35, 27], [27, 37], [37, 38], [38, 41], [41, 54], [54, 46], [46, 56], [56, 57], [57, 60], [60, 73], [73, 65], [65, 75], [75, 76], [76, 79], [79, 92], [92, 84], [84, 94], [94, 95], [95, 98], [98, 111], [111, 103], [103, 113]],"Final_routing":[[0, 3], [3, 16], [16, 17], [17, 18], [18, 19], [19, 22], [22, 34], [34, 35], [35, 36], [36, 37], [37, 38], [38, 39], [39, 40], [40, 47], [47, 46], [46, 56], [56, 57], [57, 60], [60, 72], [72, 73], [73, 74], [74, 75], [75, 76], [76, 77], [77, 78], [78, 85], [85, 84], [84, 94], [94, 95], [95, 98], [98, 110], [110, 111], [111, 112], [112, 113]],"Properties":{"Reachability":{"startNode":0,"finalNode":113}}}
Persimmon stdout:  Chain equivalence reduction: 43 -> 31
Constructing all update BDD
Solution: Some([[74, 112, 17, 39, 40, 47, 77, 78, 85, 36], [16, 76, 34, 73, 72, 111, 35, 110, 38], [98, 79, 92, 8, 65, 27, 22, 41, 54, 60, 103]])
Time elapsed: 1.65ms
Time elapsed(s): 0.001648s

Persimmon stderr:  
Time: 0.001648
Solution: [[74, 112, 17, 39, 40, 47, 77, 78, 85, 36], [16, 76, 34, 73, 72, 111, 35, 110, 38], [98, 79, 92, 8, 65, 27, 22, 41, 54, 60, 103]]
	Command being timed: "python3 allsynth/run.py -t PERS --GML topologies/topzoo/Internetmci.gml 5 --dir topzoo_res/Reach/PERS/PERS-2 --e-prop Reach --repeat 1"
	User time (seconds): 0.87
	System time (seconds): 1.31
	Percent of CPU this job got: 377%
	Elapsed (wall clock) time (h:mm:ss or m:ss): 0:00.58
	Average shared text size (kbytes): 0
	Average unshared data size (kbytes): 0
	Average stack size (kbytes): 0
	Average total size (kbytes): 0
	Maximum resident set size (kbytes): 71228
	Average resident set size (kbytes): 0
	Major (requiring I/O) page faults: 0
	Minor (reclaiming a frame) page faults: 13120
	Voluntary context switches: 33
	Involuntary context switches: 89
	Swaps: 0
	File system inputs: 0
	File system outputs: 24
	Socket messages sent: 0
	Socket messages received: 0
	Signals delivered: 0
	Page size (bytes): 4096
	Exit status: 0
