Namespace(tool='PERS', exper=None, gml=['topologies/topzoo/Shentel.gml', '5'], index=None, prop='Reach', prop_file=None, op_req=None, repeat=1, reduce=False, opt=False, u=False, some=False, count=False, weight_bound=None, savedir='topzoo_res/Reach/PERS/PERS-2', dump_bdd=False)
Running 5Shentel.gml
Policy: (Reach 167)
Initial path of nodes: [17, 10, 11, 12, 13, 9, 8, 24, 14, 20, 15, 19, 18, 27, 45, 38, 39, 40, 41, 37, 36, 52, 42, 48, 43, 47, 46, 55, 73, 66, 67, 68, 69, 65, 64, 80, 70, 76, 71, 75, 74, 83, 101, 94, 95, 96, 97, 93, 92, 108, 98, 104, 99, 103, 102, 111, 129, 122, 123, 124, 125, 121, 120, 136, 126, 132, 127, 131, 130, 139, 157, 150, 151, 152, 153, 149, 148, 164, 154, 160, 155, 159, 158, 167]
Final path of nodes: [17, 10, 11, 12, 13, 9, 8, 23, 16, 22, 20, 2, 3, 25, 26, 27, 45, 38, 39, 40, 41, 37, 36, 51, 44, 50, 48, 30, 31, 53, 54, 55, 73, 66, 67, 68, 69, 65, 64, 79, 72, 78, 76, 58, 59, 81, 82, 83, 101, 94, 95, 96, 97, 93, 92, 107, 100, 106, 104, 86, 87, 109, 110, 111, 129, 122, 123, 124, 125, 121, 120, 135, 128, 134, 132, 114, 115, 137, 138, 139, 157, 150, 151, 152, 153, 149, 148, 163, 156, 162, 160, 142, 143, 165, 166, 167]
Persimmon problem:  {"Initial_routing":[[17, 10], [10, 11], [11, 12], [12, 13], [13, 9], [9, 8], [8, 24], [24, 14], [14, 20], [20, 15], [15, 19], [19, 18], [18, 27], [27, 45], [45, 38], [38, 39], [39, 40], [40, 41], [41, 37], [37, 36], [36, 52], [52, 42], [42, 48], [48, 43], [43, 47], [47, 46], [46, 55], [55, 73], [73, 66], [66, 67], [67, 68], [68, 69], [69, 65], [65, 64], [64, 80], [80, 70], [70, 76], [76, 71], [71, 75], [75, 74], [74, 83], [83, 101], [101, 94], [94, 95], [95, 96], [96, 97], [97, 93], [93, 92], [92, 108], [108, 98], [98, 104], [104, 99], [99, 103], [103, 102], [102, 111], [111, 129], [129, 122], [122, 123], [123, 124], [124, 125], [125, 121], [121, 120], [120, 136], [136, 126], [126, 132], [132, 127], [127, 131], [131, 130], [130, 139], [139, 157], [157, 150], [150, 151], [151, 152], [152, 153], [153, 149], [149, 148], [148, 164], [164, 154], [154, 160], [160, 155], [155, 159], [159, 158], [158, 167]],"Final_routing":[[17, 10], [10, 11], [11, 12], [12, 13], [13, 9], [9, 8], [8, 23], [23, 16], [16, 22], [22, 20], [20, 2], [2, 3], [3, 25], [25, 26], [26, 27], [27, 45], [45, 38], [38, 39], [39, 40], [40, 41], [41, 37], [37, 36], [36, 51], [51, 44], [44, 50], [50, 48], [48, 30], [30, 31], [31, 53], [53, 54], [54, 55], [55, 73], [73, 66], [66, 67], [67, 68], [68, 69], [69, 65], [65, 64], [64, 79], [79, 72], [72, 78], [78, 76], [76, 58], [58, 59], [59, 81], [81, 82], [82, 83], [83, 101], [101, 94], [94, 95], [95, 96], [96, 97], [97, 93], [93, 92], [92, 107], [107, 100], [100, 106], [106, 104], [104, 86], [86, 87], [87, 109], [109, 110], [110, 111], [111, 129], [129, 122], [122, 123], [123, 124], [124, 125], [125, 121], [121, 120], [120, 135], [135, 128], [128, 134], [134, 132], [132, 114], [114, 115], [115, 137], [137, 138], [138, 139], [139, 157], [157, 150], [150, 151], [151, 152], [152, 153], [153, 149], [149, 148], [148, 163], [163, 156], [156, 162], [162, 160], [160, 142], [142, 143], [143, 165], [165, 166], [166, 167]],"Properties":{"Reachability":{"startNode":17,"finalNode":167}}}
Persimmon stdout:  Chain equivalence reduction: 126 -> 43
Constructing all update BDD
Solution: Some([[51, 44, 50, 142, 143, 165, 166, 30, 31, 53, 54, 23, 16, 22, 135, 128, 134, 114, 115, 137, 138, 86, 87, 109, 110, 79, 72, 78, 2, 3, 25, 26, 107, 100, 106, 58, 59, 81, 82, 163, 156, 162], [36, 20, 8, 64, 132, 120, 104, 76, 48, 160, 148, 92], [52, 42, 80, 70, 15, 19, 18, 164, 154, 127, 131, 130, 71, 75, 74, 108, 98, 136, 126, 155, 159, 158, 24, 14, 43, 47, 46, 99, 103, 102]])
Time elapsed: 2.69ms
Time elapsed(s): 0.002694s

Persimmon stderr:  
Time: 0.002694
Solution: [[51, 44, 50, 142, 143, 165, 166, 30, 31, 53, 54, 23, 16, 22, 135, 128, 134, 114, 115, 137, 138, 86, 87, 109, 110, 79, 72, 78, 2, 3, 25, 26, 107, 100, 106, 58, 59, 81, 82, 163, 156, 162], [36, 20, 8, 64, 132, 120, 104, 76, 48, 160, 148, 92], [52, 42, 80, 70, 15, 19, 18, 164, 154, 127, 131, 130, 71, 75, 74, 108, 98, 136, 126, 155, 159, 158, 24, 14, 43, 47, 46, 99, 103, 102]]
	Command being timed: "python3 allsynth/run.py -t PERS --GML topologies/topzoo/Shentel.gml 5 --dir topzoo_res/Reach/PERS/PERS-2 --e-prop Reach --repeat 1"
	User time (seconds): 0.88
	System time (seconds): 1.33
	Percent of CPU this job got: 355%
	Elapsed (wall clock) time (h:mm:ss or m:ss): 0:00.62
	Average shared text size (kbytes): 0
	Average unshared data size (kbytes): 0
	Average stack size (kbytes): 0
	Average total size (kbytes): 0
	Maximum resident set size (kbytes): 71152
	Average resident set size (kbytes): 0
	Major (requiring I/O) page faults: 0
	Minor (reclaiming a frame) page faults: 13190
	Voluntary context switches: 29
	Involuntary context switches: 133
	Swaps: 0
	File system inputs: 0
	File system outputs: 32
	Socket messages sent: 0
	Socket messages received: 0
	Signals delivered: 0
	Page size (bytes): 4096
	Exit status: 0
