Namespace(tool='PERS', exper=None, gml=['topologies/topzoo/TataNld.gml', '5'], index=None, prop='Reach', prop_file=None, op_req=None, repeat=1, reduce=False, opt=False, u=False, some=False, count=False, weight_bound=None, savedir='topzoo_res/Reach/PERS/PERS-2', dump_bdd=False)
Running 5TataNld.gml
Policy: (Reach 864)
Initial path of nodes: [109, 110, 112, 117, 32, 131, 132, 52, 20, 26, 81, 82, 75, 97, 98, 67, 87, 88, 94, 126, 128, 46, 41, 40, 142, 141, 108, 43, 139, 254, 255, 257, 262, 177, 276, 277, 197, 165, 171, 226, 227, 220, 242, 243, 212, 232, 233, 239, 271, 273, 191, 186, 185, 287, 286, 253, 188, 284, 399, 400, 402, 407, 322, 421, 422, 342, 310, 316, 371, 372, 365, 387, 388, 357, 377, 378, 384, 416, 418, 336, 331, 330, 432, 431, 398, 333, 429, 544, 545, 547, 552, 467, 566, 567, 487, 455, 461, 516, 517, 510, 532, 533, 502, 522, 523, 529, 561, 563, 481, 476, 475, 577, 576, 543, 478, 574, 689, 690, 692, 697, 612, 711, 712, 632, 600, 606, 661, 662, 655, 677, 678, 647, 667, 668, 674, 706, 708, 626, 621, 620, 722, 721, 688, 623, 719, 834, 835, 837, 842, 757, 856, 857, 777, 745, 751, 806, 807, 800, 822, 823, 792, 812, 813, 819, 851, 853, 771, 766, 765, 867, 866, 833, 768, 864]
Final path of nodes: [109, 116, 115, 113, 129, 130, 134, 135, 136, 51, 58, 59, 56, 79, 69, 60, 71, 15, 19, 119, 122, 123, 46, 47, 107, 86, 83, 141, 140, 138, 137, 139, 254, 261, 260, 258, 274, 275, 279, 280, 281, 196, 203, 204, 201, 224, 214, 205, 216, 160, 164, 264, 267, 268, 191, 192, 252, 231, 228, 286, 285, 283, 282, 284, 399, 406, 405, 403, 419, 420, 424, 425, 426, 341, 348, 349, 346, 369, 359, 350, 361, 305, 309, 409, 412, 413, 336, 337, 397, 376, 373, 431, 430, 428, 427, 429, 544, 551, 550, 548, 564, 565, 569, 570, 571, 486, 493, 494, 491, 514, 504, 495, 506, 450, 454, 554, 557, 558, 481, 482, 542, 521, 518, 576, 575, 573, 572, 574, 689, 696, 695, 693, 709, 710, 714, 715, 716, 631, 638, 639, 636, 659, 649, 640, 651, 595, 599, 699, 702, 703, 626, 627, 687, 666, 663, 721, 720, 718, 717, 719, 834, 841, 840, 838, 854, 855, 859, 860, 861, 776, 783, 784, 781, 804, 794, 785, 796, 740, 744, 844, 847, 848, 771, 772, 832, 811, 808, 866, 865, 863, 862, 864]
Persimmon problem:  {"Initial_routing":[[109, 110], [110, 112], [112, 117], [117, 32], [32, 131], [131, 132], [132, 52], [52, 20], [20, 26], [26, 81], [81, 82], [82, 75], [75, 97], [97, 98], [98, 67], [67, 87], [87, 88], [88, 94], [94, 126], [126, 128], [128, 46], [46, 41], [41, 40], [40, 142], [142, 141], [141, 108], [108, 43], [43, 139], [139, 254], [254, 255], [255, 257], [257, 262], [262, 177], [177, 276], [276, 277], [277, 197], [197, 165], [165, 171], [171, 226], [226, 227], [227, 220], [220, 242], [242, 243], [243, 212], [212, 232], [232, 233], [233, 239], [239, 271], [271, 273], [273, 191], [191, 186], [186, 185], [185, 287], [287, 286], [286, 253], [253, 188], [188, 284], [284, 399], [399, 400], [400, 402], [402, 407], [407, 322], [322, 421], [421, 422], [422, 342], [342, 310], [310, 316], [316, 371], [371, 372], [372, 365], [365, 387], [387, 388], [388, 357], [357, 377], [377, 378], [378, 384], [384, 416], [416, 418], [418, 336], [336, 331], [331, 330], [330, 432], [432, 431], [431, 398], [398, 333], [333, 429], [429, 544], [544, 545], [545, 547], [547, 552], [552, 467], [467, 566], [566, 567], [567, 487], [487, 455], [455, 461], [461, 516], [516, 517], [517, 510], [510, 532], [532, 533], [533, 502], [502, 522], [522, 523], [523, 529], [529, 561], [561, 563], [563, 481], [481, 476], [476, 475], [475, 577], [577, 576], [576, 543], [543, 478], [478, 574], [574, 689], [689, 690], [690, 692], [692, 697], [697, 612], [612, 711], [711, 712], [712, 632], [632, 600], [600, 606], [606, 661], [661, 662], [662, 655], [655, 677], [677, 678], [678, 647], [647, 667], [667, 668], [668, 674], [674, 706], [706, 708], [708, 626], [626, 621], [621, 620], [620, 722], [722, 721], [721, 688], [688, 623], [623, 719], [719, 834], [834, 835], [835, 837], [837, 842], [842, 757], [757, 856], [856, 857], [857, 777], [777, 745], [745, 751], [751, 806], [806, 807], [807, 800], [800, 822], [822, 823], [823, 792], [792, 812], [812, 813], [813, 819], [819, 851], [851, 853], [853, 771], [771, 766], [766, 765], [765, 867], [867, 866], [866, 833], [833, 768], [768, 864]],"Final_routing":[[109, 116], [116, 115], [115, 113], [113, 129], [129, 130], [130, 134], [134, 135], [135, 136], [136, 51], [51, 58], [58, 59], [59, 56], [56, 79], [79, 69], [69, 60], [60, 71], [71, 15], [15, 19], [19, 119], [119, 122], [122, 123], [123, 46], [46, 47], [47, 107], [107, 86], [86, 83], [83, 141], [141, 140], [140, 138], [138, 137], [137, 139], [139, 254], [254, 261], [261, 260], [260, 258], [258, 274], [274, 275], [275, 279], [279, 280], [280, 281], [281, 196], [196, 203], [203, 204], [204, 201], [201, 224], [224, 214], [214, 205], [205, 216], [216, 160], [160, 164], [164, 264], [264, 267], [267, 268], [268, 191], [191, 192], [192, 252], [252, 231], [231, 228], [228, 286], [286, 285], [285, 283], [283, 282], [282, 284], [284, 399], [399, 406], [406, 405], [405, 403], [403, 419], [419, 420], [420, 424], [424, 425], [425, 426], [426, 341], [341, 348], [348, 349], [349, 346], [346, 369], [369, 359], [359, 350], [350, 361], [361, 305], [305, 309], [309, 409], [409, 412], [412, 413], [413, 336], [336, 337], [337, 397], [397, 376], [376, 373], [373, 431], [431, 430], [430, 428], [428, 427], [427, 429], [429, 544], [544, 551], [551, 550], [550, 548], [548, 564], [564, 565], [565, 569], [569, 570], [570, 571], [571, 486], [486, 493], [493, 494], [494, 491], [491, 514], [514, 504], [504, 495], [495, 506], [506, 450], [450, 454], [454, 554], [554, 557], [557, 558], [558, 481], [481, 482], [482, 542], [542, 521], [521, 518], [518, 576], [576, 575], [575, 573], [573, 572], [572, 574], [574, 689], [689, 696], [696, 695], [695, 693], [693, 709], [709, 710], [710, 714], [714, 715], [715, 716], [716, 631], [631, 638], [638, 639], [639, 636], [636, 659], [659, 649], [649, 640], [640, 651], [651, 595], [595, 599], [599, 699], [699, 702], [702, 703], [703, 626], [626, 627], [627, 687], [687, 666], [666, 663], [663, 721], [721, 720], [720, 718], [718, 717], [717, 719], [719, 834], [834, 841], [841, 840], [840, 838], [838, 854], [854, 855], [855, 859], [859, 860], [860, 861], [861, 776], [776, 783], [783, 784], [784, 781], [781, 804], [804, 794], [794, 785], [785, 796], [796, 740], [740, 744], [744, 844], [844, 847], [847, 848], [848, 771], [771, 772], [772, 832], [832, 811], [811, 808], [808, 866], [866, 865], [865, 863], [863, 862], [862, 864]],"Properties":{"Reachability":{"startNode":109,"finalNode":864}}}
Persimmon stdout:  Chain equivalence reduction: 342 -> 60
Constructing all update BDD
Solution: Some([[772, 832, 811, 808, 551, 550, 548, 564, 565, 569, 570, 571, 486, 493, 494, 491, 514, 504, 495, 506, 450, 454, 554, 557, 558, 627, 687, 666, 663, 116, 115, 113, 129, 130, 134, 135, 136, 51, 58, 59, 56, 79, 69, 60, 71, 15, 19, 119, 122, 123, 575, 573, 572, 261, 260, 258, 274, 275, 279, 280, 281, 196, 203, 204, 201, 224, 214, 205, 216, 160, 164, 264, 267, 268, 337, 397, 376, 373, 696, 695, 693, 709, 710, 714, 715, 716, 631, 638, 639, 636, 659, 649, 640, 651, 595, 599, 699, 702, 703, 865, 863, 862, 285, 283, 282, 192, 252, 231, 228, 406, 405, 403, 419, 420, 424, 425, 426, 341, 348, 349, 346, 369, 359, 350, 361, 305, 309, 409, 412, 413, 47, 107, 86, 83, 140, 138, 137, 841, 840, 838, 854, 855, 859, 860, 861, 776, 783, 784, 781, 804, 794, 785, 796, 740, 744, 844, 847, 848, 482, 542, 521, 518, 720, 718, 717, 430, 428, 427], [109, 721, 254, 286, 771, 399, 431, 481, 689, 46, 141, 576, 626, 866, 544, 336, 191, 834], [41, 40, 142, 690, 692, 697, 612, 711, 712, 632, 600, 606, 661, 662, 655, 677, 678, 647, 667, 668, 674, 706, 708, 331, 330, 432, 398, 333, 400, 402, 407, 322, 421, 422, 342, 310, 316, 371, 372, 365, 387, 388, 357, 377, 378, 384, 416, 418, 766, 765, 867, 186, 185, 287, 835, 837, 842, 757, 856, 857, 777, 745, 751, 806, 807, 800, 822, 823, 792, 812, 813, 819, 851, 853, 110, 112, 117, 32, 131, 132, 52, 20, 26, 81, 82, 75, 97, 98, 67, 87, 88, 94, 126, 128, 545, 547, 552, 467, 566, 567, 487, 455, 461, 516, 517, 510, 532, 533, 502, 522, 523, 529, 561, 563, 543, 478, 621, 620, 722, 833, 768, 108, 43, 253, 188, 476, 475, 577, 688, 623, 255, 257, 262, 177, 276, 277, 197, 165, 171, 226, 227, 220, 242, 243, 212, 232, 233, 239, 271, 273]])
Time elapsed: 4.09ms
Time elapsed(s): 0.004091s

Persimmon stderr:  
Time: 0.004091
Solution: [[772, 832, 811, 808, 551, 550, 548, 564, 565, 569, 570, 571, 486, 493, 494, 491, 514, 504, 495, 506, 450, 454, 554, 557, 558, 627, 687, 666, 663, 116, 115, 113, 129, 130, 134, 135, 136, 51, 58, 59, 56, 79, 69, 60, 71, 15, 19, 119, 122, 123, 575, 573, 572, 261, 260, 258, 274, 275, 279, 280, 281, 196, 203, 204, 201, 224, 214, 205, 216, 160, 164, 264, 267, 268, 337, 397, 376, 373, 696, 695, 693, 709, 710, 714, 715, 716, 631, 638, 639, 636, 659, 649, 640, 651, 595, 599, 699, 702, 703, 865, 863, 862, 285, 283, 282, 192, 252, 231, 228, 406, 405, 403, 419, 420, 424, 425, 426, 341, 348, 349, 346, 369, 359, 350, 361, 305, 309, 409, 412, 413, 47, 107, 86, 83, 140, 138, 137, 841, 840, 838, 854, 855, 859, 860, 861, 776, 783, 784, 781, 804, 794, 785, 796, 740, 744, 844, 847, 848, 482, 542, 521, 518, 720, 718, 717, 430, 428, 427], [109, 721, 254, 286, 771, 399, 431, 481, 689, 46, 141, 576, 626, 866, 544, 336, 191, 834], [41, 40, 142, 690, 692, 697, 612, 711, 712, 632, 600, 606, 661, 662, 655, 677, 678, 647, 667, 668, 674, 706, 708, 331, 330, 432, 398, 333, 400, 402, 407, 322, 421, 422, 342, 310, 316, 371, 372, 365, 387, 388, 357, 377, 378, 384, 416, 418, 766, 765, 867, 186, 185, 287, 835, 837, 842, 757, 856, 857, 777, 745, 751, 806, 807, 800, 822, 823, 792, 812, 813, 819, 851, 853, 110, 112, 117, 32, 131, 132, 52, 20, 26, 81, 82, 75, 97, 98, 67, 87, 88, 94, 126, 128, 545, 547, 552, 467, 566, 567, 487, 455, 461, 516, 517, 510, 532, 533, 502, 522, 523, 529, 561, 563, 543, 478, 621, 620, 722, 833, 768, 108, 43, 253, 188, 476, 475, 577, 688, 623, 255, 257, 262, 177, 276, 277, 197, 165, 171, 226, 227, 220, 242, 243, 212, 232, 233, 239, 271, 273]]
	Command being timed: "python3 allsynth/run.py -t PERS --GML topologies/topzoo/TataNld.gml 5 --dir topzoo_res/Reach/PERS/PERS-2 --e-prop Reach --repeat 1"
	User time (seconds): 1.53
	System time (seconds): 1.29
	Percent of CPU this job got: 225%
	Elapsed (wall clock) time (h:mm:ss or m:ss): 0:01.25
	Average shared text size (kbytes): 0
	Average unshared data size (kbytes): 0
	Average stack size (kbytes): 0
	Average total size (kbytes): 0
	Maximum resident set size (kbytes): 75912
	Average resident set size (kbytes): 0
	Major (requiring I/O) page faults: 0
	Minor (reclaiming a frame) page faults: 14343
	Voluntary context switches: 31
	Involuntary context switches: 196
	Swaps: 0
	File system inputs: 0
	File system outputs: 40
	Socket messages sent: 0
	Socket messages received: 0
	Signals delivered: 0
	Page size (bytes): 4096
	Exit status: 0
