Namespace(tool='BDD', exper=None, gml=['topologies/topzoo/Deltacom.gml', '5'], index=None, prop='SC', prop_file=None, op_req=None, repeat=1, reduce=True, opt=False, u=False, some=False, count=False, weight_bound=None, savedir='topzoo_res/SC/reduce/BDD-0', dump_bdd=False)
Running 5Deltacom.gml
Policy: (Service([35, 108, 147, 160, 258, 330, 372, 358, 490, 470, 604, 600, 673]-673) & (Reach 673))
Initial path of nodes: [39, 38, 33, 32, 34, 35, 18, 19, 104, 60, 47, 51, 50, 91, 92, 25, 26, 21, 20, 23, 105, 106, 107, 108, 152, 151, 146, 145, 147, 148, 131, 132, 217, 173, 160, 164, 163, 204, 205, 138, 139, 134, 133, 136, 218, 219, 220, 221, 265, 264, 259, 258, 260, 261, 244, 245, 330, 286, 273, 277, 276, 317, 318, 251, 252, 247, 246, 249, 331, 332, 333, 334, 378, 377, 372, 371, 373, 374, 357, 358, 443, 399, 386, 390, 389, 430, 431, 364, 365, 360, 359, 362, 444, 445, 446, 447, 491, 490, 485, 484, 486, 487, 470, 471, 556, 512, 499, 503, 502, 543, 544, 477, 478, 473, 472, 475, 557, 558, 559, 560, 604, 603, 598, 597, 599, 600, 583, 584, 669, 625, 612, 616, 615, 656, 657, 590, 591, 586, 585, 588, 670, 671, 672, 673]
Final path of nodes: [39, 38, 33, 32, 34, 35, 18, 19, 104, 75, 72, 73, 47, 111, 55, 94, 95, 24, 27, 83, 82, 61, 58, 110, 109, 108, 152, 151, 146, 145, 147, 148, 131, 132, 217, 188, 185, 186, 160, 224, 168, 207, 208, 137, 140, 196, 195, 174, 171, 223, 222, 221, 265, 264, 259, 258, 260, 261, 244, 245, 330, 301, 298, 299, 273, 337, 281, 320, 321, 250, 253, 309, 308, 287, 284, 336, 335, 334, 378, 377, 372, 371, 373, 374, 357, 358, 443, 414, 411, 412, 386, 450, 394, 433, 434, 363, 366, 422, 421, 400, 397, 449, 448, 447, 491, 490, 485, 484, 486, 487, 470, 471, 556, 527, 524, 525, 499, 563, 507, 546, 547, 476, 479, 535, 534, 513, 510, 562, 561, 560, 604, 603, 598, 597, 599, 600, 583, 584, 669, 640, 637, 638, 612, 676, 620, 659, 660, 589, 592, 648, 647, 626, 623, 675, 674, 673]
Time: 0.2656245231628418
Solution: non-empty
	Command being timed: "python3 allsynth/run.py -t BDD --GML topologies/topzoo/Deltacom.gml 5 --dir topzoo_res/SC/reduce/BDD-0 --e-prop SC --repeat 1 --reduce"
	User time (seconds): 1.57
	System time (seconds): 1.30
	Percent of CPU this job got: 226%
	Elapsed (wall clock) time (h:mm:ss or m:ss): 0:01.26
	Average shared text size (kbytes): 0
	Average unshared data size (kbytes): 0
	Average stack size (kbytes): 0
	Average total size (kbytes): 0
	Maximum resident set size (kbytes): 90540
	Average resident set size (kbytes): 0
	Major (requiring I/O) page faults: 0
	Minor (reclaiming a frame) page faults: 14947
	Voluntary context switches: 28
	Involuntary context switches: 53
	Swaps: 0
	File system inputs: 0
	File system outputs: 24
	Socket messages sent: 0
	Socket messages received: 0
	Signals delivered: 0
	Page size (bytes): 4096
	Exit status: 0
