Namespace(tool='BDD', exper=None, gml=['topologies/topzoo/Esnet.gml', '5'], index=None, prop='SC', prop_file=None, op_req=None, repeat=1, reduce=True, opt=False, u=False, some=False, count=False, weight_bound=None, savedir='topzoo_res/SC/reduce/BDD-0', dump_bdd=False)
Running 5Esnet.gml
Policy: (Service([126, 193, 324]-397) & (Reach 397))
Initial path of nodes: [38, 41, 40, 61, 60, 58, 6, 18, 52, 57, 72, 73, 74, 126, 128, 129, 108, 109, 106, 107, 174, 177, 176, 197, 196, 194, 142, 154, 188, 193, 242, 245, 244, 265, 264, 262, 210, 222, 256, 261, 310, 313, 312, 333, 332, 330, 278, 290, 324, 329, 378, 381, 380, 401, 400, 398, 346, 358, 392, 397]
Final path of nodes: [38, 39, 17, 16, 25, 62, 0, 11, 51, 52, 57, 72, 75, 69, 74, 70, 126, 128, 130, 93, 84, 85, 107, 174, 175, 153, 152, 161, 198, 136, 147, 187, 188, 193, 242, 243, 221, 220, 229, 266, 204, 215, 255, 256, 261, 310, 311, 289, 288, 297, 334, 272, 283, 323, 324, 329, 378, 379, 357, 356, 365, 402, 340, 351, 391, 392, 397]
Time: 0.03034210205078125
Solution: non-empty
	Command being timed: "python3 allsynth/run.py -t BDD --GML topologies/topzoo/Esnet.gml 5 --dir topzoo_res/SC/reduce/BDD-0 --e-prop SC --repeat 1 --reduce"
	User time (seconds): 1.04
	System time (seconds): 1.31
	Percent of CPU this job got: 314%
	Elapsed (wall clock) time (h:mm:ss or m:ss): 0:00.75
	Average shared text size (kbytes): 0
	Average unshared data size (kbytes): 0
	Average stack size (kbytes): 0
	Average total size (kbytes): 0
	Maximum resident set size (kbytes): 89316
	Average resident set size (kbytes): 0
	Major (requiring I/O) page faults: 0
	Minor (reclaiming a frame) page faults: 14480
	Voluntary context switches: 29
	Involuntary context switches: 67
	Swaps: 0
	File system inputs: 0
	File system outputs: 24
	Socket messages sent: 0
	Socket messages received: 0
	Signals delivered: 0
	Page size (bytes): 4096
	Exit status: 0
