Namespace(tool='BDD', exper=None, gml=['topologies/topzoo/Navigata.gml', '5'], index=None, prop='SC', prop_file=None, op_req=None, repeat=1, reduce=True, opt=False, u=False, some=False, count=False, weight_bound=None, savedir='topzoo_res/SC/reduce/BDD-0', dump_bdd=False)
Running 5Navigata.gml
Policy: (Service([17, 35, 56, 74]-74) & (Reach 74))
Initial path of nodes: [0, 4, 11, 5, 9, 13, 17, 24, 18, 22, 26, 30, 37, 31, 35, 39, 43, 50, 44, 48, 52, 56, 63, 57, 61, 65, 69, 76, 70, 74]
Final path of nodes: [0, 4, 11, 8, 9, 13, 17, 23, 21, 22, 26, 30, 37, 34, 35, 39, 43, 49, 47, 48, 52, 56, 63, 60, 61, 65, 69, 75, 73, 74]
Time: 0.01097869873046875
Solution: non-empty
	Command being timed: "python3 allsynth/run.py -t BDD --GML topologies/topzoo/Navigata.gml 5 --dir topzoo_res/SC/reduce/BDD-0 --e-prop SC --repeat 1 --reduce"
	User time (seconds): 0.90
	System time (seconds): 1.30
	Percent of CPU this job got: 368%
	Elapsed (wall clock) time (h:mm:ss or m:ss): 0:00.59
	Average shared text size (kbytes): 0
	Average unshared data size (kbytes): 0
	Average stack size (kbytes): 0
	Average total size (kbytes): 0
	Maximum resident set size (kbytes): 87216
	Average resident set size (kbytes): 0
	Major (requiring I/O) page faults: 0
	Minor (reclaiming a frame) page faults: 13949
	Voluntary context switches: 27
	Involuntary context switches: 44
	Swaps: 0
	File system inputs: 0
	File system outputs: 24
	Socket messages sent: 0
	Socket messages received: 0
	Signals delivered: 0
	Page size (bytes): 4096
	Exit status: 0
