Namespace(tool='BDD', exper=None, gml=['topologies/topzoo/Pacificwave.gml', '5'], index=None, prop='SC', prop_file=None, op_req=None, repeat=1, reduce=True, opt=False, u=False, some=False, count=False, weight_bound=None, savedir='topzoo_res/SC/reduce/BDD-0', dump_bdd=False)
Running 5Pacificwave.gml
Policy: (Service([29, 51, 71, 90]-107) & (Reach 107))
Initial path of nodes: [0, 11, 15, 17, 18, 29, 33, 35, 36, 47, 51, 53, 54, 65, 69, 71, 72, 83, 87, 89, 90, 101, 105, 107]
Final path of nodes: [0, 11, 15, 8, 17, 18, 29, 33, 26, 35, 36, 47, 51, 44, 53, 54, 65, 69, 62, 71, 72, 83, 87, 80, 89, 90, 101, 105, 98, 107]
Time: 0.01040029525756836
Solution: non-empty
	Command being timed: "python3 allsynth/run.py -t BDD --GML topologies/topzoo/Pacificwave.gml 5 --dir topzoo_res/SC/reduce/BDD-0 --e-prop SC --repeat 1 --reduce"
	User time (seconds): 0.88
	System time (seconds): 1.32
	Percent of CPU this job got: 372%
	Elapsed (wall clock) time (h:mm:ss or m:ss): 0:00.59
	Average shared text size (kbytes): 0
	Average unshared data size (kbytes): 0
	Average stack size (kbytes): 0
	Average total size (kbytes): 0
	Maximum resident set size (kbytes): 89536
	Average resident set size (kbytes): 0
	Major (requiring I/O) page faults: 0
	Minor (reclaiming a frame) page faults: 14007
	Voluntary context switches: 37
	Involuntary context switches: 61
	Swaps: 0
	File system inputs: 0
	File system outputs: 24
	Socket messages sent: 0
	Socket messages received: 0
	Signals delivered: 0
	Page size (bytes): 4096
	Exit status: 0
