Namespace(tool='BDD', exper=None, gml=['topologies/topzoo/Renater2010.gml', '5'], index=None, prop='SC', prop_file=None, op_req=None, repeat=1, reduce=True, opt=False, u=False, some=False, count=False, weight_bound=None, savedir='topzoo_res/SC/reduce/BDD-0', dump_bdd=False)
Running 5Renater2010.gml
Policy: (Service([122, 233]-251) & (Reach 251))
Initial path of nodes: [18, 11, 10, 19, 42, 41, 40, 32, 37, 36, 51, 48, 74, 47, 43, 76, 59, 60, 61, 54, 104, 97, 96, 105, 128, 127, 126, 118, 123, 122, 147, 140, 139, 148, 171, 170, 169, 161, 166, 165, 190, 183, 182, 191, 214, 213, 212, 204, 209, 208, 233, 226, 225, 234, 257, 256, 255, 247, 252, 251]
Final path of nodes: [18, 17, 16, 33, 0, 4, 31, 5, 8, 35, 36, 51, 78, 79, 80, 75, 83, 84, 85, 62, 53, 54, 104, 103, 102, 119, 86, 90, 117, 91, 94, 121, 122, 147, 146, 145, 162, 129, 133, 160, 134, 137, 164, 165, 190, 189, 188, 205, 172, 176, 203, 177, 180, 207, 208, 233, 232, 231, 248, 215, 219, 246, 220, 223, 250, 251]
Time: 0.01691889762878418
Solution: non-empty
	Command being timed: "python3 allsynth/run.py -t BDD --GML topologies/topzoo/Renater2010.gml 5 --dir topzoo_res/SC/reduce/BDD-0 --e-prop SC --repeat 1 --reduce"
	User time (seconds): 1.00
	System time (seconds): 1.27
	Percent of CPU this job got: 339%
	Elapsed (wall clock) time (h:mm:ss or m:ss): 0:00.67
	Average shared text size (kbytes): 0
	Average unshared data size (kbytes): 0
	Average stack size (kbytes): 0
	Average total size (kbytes): 0
	Maximum resident set size (kbytes): 88784
	Average resident set size (kbytes): 0
	Major (requiring I/O) page faults: 0
	Minor (reclaiming a frame) page faults: 14367
	Voluntary context switches: 25
	Involuntary context switches: 39
	Swaps: 0
	File system inputs: 0
	File system outputs: 24
	Socket messages sent: 0
	Socket messages received: 0
	Signals delivered: 0
	Page size (bytes): 4096
	Exit status: 0
