Namespace(tool='BDD', exper=None, gml=['topologies/topzoo/Rnp.gml', '5'], index=None, prop='SC', prop_file=None, op_req=None, repeat=1, reduce=True, opt=False, u=False, some=False, count=False, weight_bound=None, savedir='topzoo_res/SC/reduce/BDD-0', dump_bdd=False)
Running 5Rnp.gml
Policy: (Service([20, 61, 43, 67, 73, 109, 112, 137, 155, 175]-174) & (Reach 174))
Initial path of nodes: [0, 2, 3, 22, 30, 5, 16, 13, 20, 12, 11, 19, 31, 33, 34, 53, 61, 36, 47, 44, 51, 43, 42, 50, 62, 64, 65, 84, 92, 67, 78, 75, 82, 74, 73, 81, 93, 95, 96, 115, 123, 98, 109, 106, 113, 105, 104, 112, 124, 126, 127, 146, 154, 129, 140, 137, 144, 136, 135, 143, 155, 157, 158, 177, 185, 160, 171, 168, 175, 167, 166, 174]
Final path of nodes: [0, 21, 28, 29, 30, 5, 16, 15, 14, 13, 20, 12, 11, 19, 31, 52, 59, 60, 61, 36, 47, 46, 45, 44, 51, 43, 42, 50, 62, 83, 90, 91, 92, 67, 78, 77, 76, 75, 82, 74, 73, 81, 93, 114, 121, 122, 123, 98, 109, 108, 107, 106, 113, 105, 104, 112, 124, 145, 152, 153, 154, 129, 140, 139, 138, 137, 144, 136, 135, 143, 155, 176, 183, 184, 185, 160, 171, 170, 169, 168, 175, 167, 166, 174]
Time: 0.08942604064941406
Solution: non-empty
	Command being timed: "python3 allsynth/run.py -t BDD --GML topologies/topzoo/Rnp.gml 5 --dir topzoo_res/SC/reduce/BDD-0 --e-prop SC --repeat 1 --reduce"
	User time (seconds): 0.97
	System time (seconds): 1.24
	Percent of CPU this job got: 318%
	Elapsed (wall clock) time (h:mm:ss or m:ss): 0:00.69
	Average shared text size (kbytes): 0
	Average unshared data size (kbytes): 0
	Average stack size (kbytes): 0
	Average total size (kbytes): 0
	Maximum resident set size (kbytes): 88116
	Average resident set size (kbytes): 0
	Major (requiring I/O) page faults: 0
	Minor (reclaiming a frame) page faults: 14291
	Voluntary context switches: 23
	Involuntary context switches: 91
	Swaps: 0
	File system inputs: 0
	File system outputs: 24
	Socket messages sent: 0
	Socket messages received: 0
	Signals delivered: 0
	Page size (bytes): 4096
	Exit status: 0
