Namespace(tool='BDD', exper=None, gml=['topologies/topzoo/Sunet.gml', '5'], index=None, prop='SC', prop_file=None, op_req=None, repeat=1, reduce=True, opt=False, u=False, some=False, count=False, weight_bound=None, savedir='topzoo_res/SC/reduce/BDD-0', dump_bdd=False)
Running 5Sunet.gml
Policy: (Service([37, 63, 89, 115, 141]-148) & (Reach 148))
Initial path of nodes: [11, 12, 13, 9, 8, 5, 16, 25, 23, 22, 20, 19, 18, 37, 38, 39, 35, 34, 31, 42, 51, 49, 48, 46, 45, 44, 63, 64, 65, 61, 60, 57, 68, 77, 75, 74, 72, 71, 70, 89, 90, 91, 87, 86, 83, 94, 103, 101, 100, 98, 97, 96, 115, 116, 117, 113, 112, 109, 120, 129, 127, 126, 124, 123, 122, 141, 142, 143, 139, 138, 135, 146, 155, 153, 152, 150, 149, 148]
Final path of nodes: [11, 15, 10, 4, 0, 6, 1, 2, 24, 23, 22, 21, 19, 18, 37, 41, 36, 30, 26, 32, 27, 28, 50, 49, 48, 47, 45, 44, 63, 67, 62, 56, 52, 58, 53, 54, 76, 75, 74, 73, 71, 70, 89, 93, 88, 82, 78, 84, 79, 80, 102, 101, 100, 99, 97, 96, 115, 119, 114, 108, 104, 110, 105, 106, 128, 127, 126, 125, 123, 122, 141, 145, 140, 134, 130, 136, 131, 132, 154, 153, 152, 151, 149, 148]
Time: 0.0637810230255127
Solution: non-empty
	Command being timed: "python3 allsynth/run.py -t BDD --GML topologies/topzoo/Sunet.gml 5 --dir topzoo_res/SC/reduce/BDD-0 --e-prop SC --repeat 1 --reduce"
	User time (seconds): 0.96
	System time (seconds): 1.31
	Percent of CPU this job got: 338%
	Elapsed (wall clock) time (h:mm:ss or m:ss): 0:00.67
	Average shared text size (kbytes): 0
	Average unshared data size (kbytes): 0
	Average stack size (kbytes): 0
	Average total size (kbytes): 0
	Maximum resident set size (kbytes): 88248
	Average resident set size (kbytes): 0
	Major (requiring I/O) page faults: 0
	Minor (reclaiming a frame) page faults: 14231
	Voluntary context switches: 26
	Involuntary context switches: 58
	Swaps: 0
	File system inputs: 0
	File system outputs: 24
	Socket messages sent: 0
	Socket messages received: 0
	Signals delivered: 0
	Page size (bytes): 4096
	Exit status: 0
