Namespace(tool='PERS', exper=None, gml=['topologies/topzoo/BtEurope.gml', '5'], index=None, prop='Reach', prop_file=None, op_req=None, repeat=1, reduce=False, opt=False, u=False, some=False, count=False, weight_bound=None, savedir='topzoo_res/Reach/PERS/PERS-0', dump_bdd=False)
Running 5BtEurope.gml
Policy: (Reach 140)
Initial path of nodes: [14, 23, 16, 17, 20, 24, 41, 40, 47, 39, 62, 71, 64, 65, 68, 86, 95, 88, 89, 92, 110, 119, 112, 113, 116, 134, 143, 136, 137, 140]
Final path of nodes: [14, 23, 21, 17, 20, 24, 41, 45, 47, 39, 62, 71, 69, 65, 68, 86, 95, 93, 89, 92, 110, 119, 117, 113, 116, 134, 143, 141, 137, 140]
Persimmon problem:  {"Initial_routing":[[14, 23], [23, 16], [16, 17], [17, 20], [20, 24], [24, 41], [41, 40], [40, 47], [47, 39], [39, 62], [62, 71], [71, 64], [64, 65], [65, 68], [68, 86], [86, 95], [95, 88], [88, 89], [89, 92], [92, 110], [110, 119], [119, 112], [112, 113], [113, 116], [116, 134], [134, 143], [143, 136], [136, 137], [137, 140]],"Final_routing":[[14, 23], [23, 21], [21, 17], [17, 20], [20, 24], [24, 41], [41, 45], [45, 47], [47, 39], [39, 62], [62, 71], [71, 69], [69, 65], [65, 68], [68, 86], [86, 95], [95, 93], [93, 89], [89, 92], [92, 110], [110, 119], [119, 117], [117, 113], [113, 116], [116, 134], [134, 143], [143, 141], [141, 137], [137, 140]],"Properties":{"Reachability":{"startNode":14,"finalNode":140}}}
Persimmon stdout:  Chain equivalence reduction: 36 -> 26
<=== Starting iteration 0 ===>
<=== Starting iteration 1 ===>
<=== Starting iteration 2 ===>
Solution: Some([[117, 69, 45, 21, 141, 93], [41, 71, 119, 143, 95, 23], [16, 64, 136, 88, 40, 112]])
Time elapsed: 967.97µs
Time elapsed(s): 0.000968s

Persimmon stderr:  
Time: 0.000968
Solution: [[117, 69, 45, 21, 141, 93], [41, 71, 119, 143, 95, 23], [16, 64, 136, 88, 40, 112]]
	Command being timed: "python3 allsynth/run.py -t PERS --GML topologies/topzoo/BtEurope.gml 5 --dir topzoo_res/Reach/PERS/PERS-0 --e-prop Reach --repeat 1"
	User time (seconds): 0.65
	System time (seconds): 1.29
	Percent of CPU this job got: 564%
	Elapsed (wall clock) time (h:mm:ss or m:ss): 0:00.34
	Average shared text size (kbytes): 0
	Average unshared data size (kbytes): 0
	Average stack size (kbytes): 0
	Average total size (kbytes): 0
	Maximum resident set size (kbytes): 71348
	Average resident set size (kbytes): 0
	Major (requiring I/O) page faults: 0
	Minor (reclaiming a frame) page faults: 13131
	Voluntary context switches: 38
	Involuntary context switches: 101
	Swaps: 0
	File system inputs: 0
	File system outputs: 24
	Socket messages sent: 0
	Socket messages received: 0
	Signals delivered: 0
	Page size (bytes): 4096
	Exit status: 0
