Namespace(tool='PERS', exper=None, gml=['topologies/topzoo/Garr201104.gml', '5'], index=None, prop='Reach', prop_file=None, op_req=None, repeat=1, reduce=False, opt=False, u=False, some=False, count=False, weight_bound=None, savedir='topzoo_res/Reach/PERS/PERS-0', dump_bdd=False)
Running 5Garr201104.gml
Policy: (Reach 347)
Initial path of nodes: [8, 22, 21, 10, 53, 35, 38, 52, 59, 92, 73, 103, 69, 80, 79, 71, 126, 140, 139, 128, 171, 153, 156, 170, 185, 199, 198, 187, 230, 212, 215, 229, 244, 258, 257, 246, 289, 271, 274, 288, 303, 317, 316, 305, 348, 330, 333, 347]
Final path of nodes: [8, 22, 21, 18, 53, 57, 38, 52, 59, 92, 73, 106, 77, 80, 79, 71, 126, 140, 139, 136, 171, 175, 156, 170, 185, 199, 198, 195, 230, 234, 215, 229, 244, 258, 257, 254, 289, 293, 274, 288, 303, 317, 316, 313, 348, 352, 333, 347]
Persimmon problem:  {"Initial_routing":[[8, 22], [22, 21], [21, 10], [10, 53], [53, 35], [35, 38], [38, 52], [52, 59], [59, 92], [92, 73], [73, 103], [103, 69], [69, 80], [80, 79], [79, 71], [71, 126], [126, 140], [140, 139], [139, 128], [128, 171], [171, 153], [153, 156], [156, 170], [170, 185], [185, 199], [199, 198], [198, 187], [187, 230], [230, 212], [212, 215], [215, 229], [229, 244], [244, 258], [258, 257], [257, 246], [246, 289], [289, 271], [271, 274], [274, 288], [288, 303], [303, 317], [317, 316], [316, 305], [305, 348], [348, 330], [330, 333], [333, 347]],"Final_routing":[[8, 22], [22, 21], [21, 18], [18, 53], [53, 57], [57, 38], [38, 52], [52, 59], [59, 92], [92, 73], [73, 106], [106, 77], [77, 80], [80, 79], [79, 71], [71, 126], [126, 140], [140, 139], [139, 136], [136, 171], [171, 175], [175, 156], [156, 170], [170, 185], [185, 199], [199, 198], [198, 195], [195, 230], [230, 234], [234, 215], [215, 229], [229, 244], [244, 258], [258, 257], [257, 254], [254, 289], [289, 293], [293, 274], [274, 288], [288, 303], [303, 317], [317, 316], [316, 313], [313, 348], [348, 352], [352, 333], [333, 347]],"Properties":{"Reachability":{"startNode":8,"finalNode":347}}}
Persimmon stdout:  Chain equivalence reduction: 60 -> 41
<=== Starting iteration 0 ===>
<=== Starting iteration 1 ===>
<=== Starting iteration 2 ===>
Solution: Some([[234, 57, 195, 18, 293, 175, 352, 254, 106, 77, 313, 136], [198, 316, 53, 257, 289, 348, 139, 21, 230, 171, 73], [246, 103, 69, 330, 10, 212, 305, 35, 187, 128, 153, 271]])
Time elapsed: 2.29ms
Time elapsed(s): 0.002294s

Persimmon stderr:  
Time: 0.002294
Solution: [[234, 57, 195, 18, 293, 175, 352, 254, 106, 77, 313, 136], [198, 316, 53, 257, 289, 348, 139, 21, 230, 171, 73], [246, 103, 69, 330, 10, 212, 305, 35, 187, 128, 153, 271]]
	Command being timed: "python3 allsynth/run.py -t PERS --GML topologies/topzoo/Garr201104.gml 5 --dir topzoo_res/Reach/PERS/PERS-0 --e-prop Reach --repeat 1"
	User time (seconds): 0.83
	System time (seconds): 1.25
	Percent of CPU this job got: 435%
	Elapsed (wall clock) time (h:mm:ss or m:ss): 0:00.47
	Average shared text size (kbytes): 0
	Average unshared data size (kbytes): 0
	Average stack size (kbytes): 0
	Average total size (kbytes): 0
	Maximum resident set size (kbytes): 78628
	Average resident set size (kbytes): 0
	Major (requiring I/O) page faults: 0
	Minor (reclaiming a frame) page faults: 13490
	Voluntary context switches: 51
	Involuntary context switches: 95
	Swaps: 0
	File system inputs: 0
	File system outputs: 24
	Socket messages sent: 0
	Socket messages received: 0
	Signals delivered: 0
	Page size (bytes): 4096
	Exit status: 0
