Namespace(tool='PERS', exper=None, gml=['topologies/topzoo/GtsHungary.gml', '5'], index=None, prop='Reach', prop_file=None, op_req=None, repeat=1, reduce=False, opt=False, u=False, some=False, count=False, weight_bound=None, savedir='topzoo_res/Reach/PERS/PERS-0', dump_bdd=False)
Running 5GtsHungary.gml
Policy: (Reach 173)
Initial path of nodes: [11, 12, 7, 4, 20, 26, 27, 24, 23, 41, 42, 37, 34, 50, 56, 57, 54, 53, 71, 72, 67, 64, 80, 86, 87, 84, 83, 101, 102, 97, 94, 110, 116, 117, 114, 113, 131, 132, 127, 124, 140, 146, 147, 144, 143, 161, 162, 157, 154, 170, 176, 177, 174, 173]
Final path of nodes: [11, 12, 8, 5, 20, 29, 28, 22, 23, 41, 42, 38, 35, 50, 59, 58, 52, 53, 71, 72, 68, 65, 80, 89, 88, 82, 83, 101, 102, 98, 95, 110, 119, 118, 112, 113, 131, 132, 128, 125, 140, 149, 148, 142, 143, 161, 162, 158, 155, 170, 179, 178, 172, 173]
Persimmon problem:  {"Initial_routing":[[11, 12], [12, 7], [7, 4], [4, 20], [20, 26], [26, 27], [27, 24], [24, 23], [23, 41], [41, 42], [42, 37], [37, 34], [34, 50], [50, 56], [56, 57], [57, 54], [54, 53], [53, 71], [71, 72], [72, 67], [67, 64], [64, 80], [80, 86], [86, 87], [87, 84], [84, 83], [83, 101], [101, 102], [102, 97], [97, 94], [94, 110], [110, 116], [116, 117], [117, 114], [114, 113], [113, 131], [131, 132], [132, 127], [127, 124], [124, 140], [140, 146], [146, 147], [147, 144], [144, 143], [143, 161], [161, 162], [162, 157], [157, 154], [154, 170], [170, 176], [176, 177], [177, 174], [174, 173]],"Final_routing":[[11, 12], [12, 8], [8, 5], [5, 20], [20, 29], [29, 28], [28, 22], [22, 23], [23, 41], [41, 42], [42, 38], [38, 35], [35, 50], [50, 59], [59, 58], [58, 52], [52, 53], [53, 71], [71, 72], [72, 68], [68, 65], [65, 80], [80, 89], [89, 88], [88, 82], [82, 83], [83, 101], [101, 102], [102, 98], [98, 95], [95, 110], [110, 119], [119, 118], [118, 112], [112, 113], [113, 131], [131, 132], [132, 128], [128, 125], [125, 140], [140, 149], [149, 148], [148, 142], [142, 143], [143, 161], [161, 162], [162, 158], [158, 155], [155, 170], [170, 179], [179, 178], [178, 172], [172, 173]],"Properties":{"Reachability":{"startNode":11,"finalNode":173}}}
Persimmon stdout:  Chain equivalence reduction: 84 -> 43
<=== Starting iteration 0 ===>
<=== Starting iteration 1 ===>
<=== Starting iteration 2 ===>
Solution: Some([[119, 118, 112, 98, 95, 29, 28, 22, 8, 5, 149, 148, 142, 89, 88, 82, 59, 58, 52, 158, 155, 179, 178, 172, 128, 125, 38, 35, 68, 65], [20, 162, 170, 132, 110, 102, 140, 50, 12, 72, 42, 80], [146, 147, 144, 26, 27, 24, 37, 34, 157, 154, 116, 117, 114, 176, 177, 174, 97, 94, 56, 57, 54, 67, 64, 127, 124, 86, 87, 84, 7, 4]])
Time elapsed: 2.74ms
Time elapsed(s): 0.002739s

Persimmon stderr:  
Time: 0.002739
Solution: [[119, 118, 112, 98, 95, 29, 28, 22, 8, 5, 149, 148, 142, 89, 88, 82, 59, 58, 52, 158, 155, 179, 178, 172, 128, 125, 38, 35, 68, 65], [20, 162, 170, 132, 110, 102, 140, 50, 12, 72, 42, 80], [146, 147, 144, 26, 27, 24, 37, 34, 157, 154, 116, 117, 114, 176, 177, 174, 97, 94, 56, 57, 54, 67, 64, 127, 124, 86, 87, 84, 7, 4]]
	Command being timed: "python3 allsynth/run.py -t PERS --GML topologies/topzoo/GtsHungary.gml 5 --dir topzoo_res/Reach/PERS/PERS-0 --e-prop Reach --repeat 1"
	User time (seconds): 0.74
	System time (seconds): 1.26
	Percent of CPU this job got: 477%
	Elapsed (wall clock) time (h:mm:ss or m:ss): 0:00.42
	Average shared text size (kbytes): 0
	Average unshared data size (kbytes): 0
	Average stack size (kbytes): 0
	Average total size (kbytes): 0
	Maximum resident set size (kbytes): 75424
	Average resident set size (kbytes): 0
	Major (requiring I/O) page faults: 0
	Minor (reclaiming a frame) page faults: 13213
	Voluntary context switches: 47
	Involuntary context switches: 262
	Swaps: 0
	File system inputs: 0
	File system outputs: 24
	Socket messages sent: 0
	Socket messages received: 0
	Signals delivered: 0
	Page size (bytes): 4096
	Exit status: 0
