Namespace(tool='PERS', exper=None, gml=['topologies/topzoo/PionierL3.gml', '5'], index=None, prop='Reach', prop_file=None, op_req=None, repeat=1, reduce=False, opt=False, u=False, some=False, count=False, weight_bound=None, savedir='topzoo_res/Reach/PERS/PERS-0', dump_bdd=False)
Running 5PionierL3.gml
Policy: (Reach 227)
Initial path of nodes: [5, 19, 4, 7, 1, 0, 3, 11, 28, 10, 37, 43, 57, 42, 45, 39, 38, 41, 49, 66, 48, 75, 81, 95, 80, 83, 77, 76, 79, 87, 104, 86, 113, 119, 133, 118, 121, 115, 114, 117, 125, 142, 124, 151, 157, 171, 156, 159, 153, 152, 155, 163, 180, 162, 189, 195, 209, 194, 197, 191, 190, 193, 201, 218, 200, 227]
Final path of nodes: [5, 19, 8, 23, 18, 27, 20, 6, 34, 35, 36, 30, 10, 37, 43, 57, 46, 61, 47, 39, 38, 72, 73, 74, 68, 48, 75, 81, 95, 84, 99, 94, 103, 96, 82, 110, 111, 112, 106, 86, 113, 119, 133, 122, 137, 123, 115, 114, 148, 149, 150, 144, 124, 151, 157, 171, 160, 175, 170, 179, 172, 158, 186, 187, 188, 182, 162, 189, 195, 209, 198, 213, 199, 191, 190, 224, 225, 226, 220, 200, 227]
Persimmon problem:  {"Initial_routing":[[5, 19], [19, 4], [4, 7], [7, 1], [1, 0], [0, 3], [3, 11], [11, 28], [28, 10], [10, 37], [37, 43], [43, 57], [57, 42], [42, 45], [45, 39], [39, 38], [38, 41], [41, 49], [49, 66], [66, 48], [48, 75], [75, 81], [81, 95], [95, 80], [80, 83], [83, 77], [77, 76], [76, 79], [79, 87], [87, 104], [104, 86], [86, 113], [113, 119], [119, 133], [133, 118], [118, 121], [121, 115], [115, 114], [114, 117], [117, 125], [125, 142], [142, 124], [124, 151], [151, 157], [157, 171], [171, 156], [156, 159], [159, 153], [153, 152], [152, 155], [155, 163], [163, 180], [180, 162], [162, 189], [189, 195], [195, 209], [209, 194], [194, 197], [197, 191], [191, 190], [190, 193], [193, 201], [201, 218], [218, 200], [200, 227]],"Final_routing":[[5, 19], [19, 8], [8, 23], [23, 18], [18, 27], [27, 20], [20, 6], [6, 34], [34, 35], [35, 36], [36, 30], [30, 10], [10, 37], [37, 43], [43, 57], [57, 46], [46, 61], [61, 47], [47, 39], [39, 38], [38, 72], [72, 73], [73, 74], [74, 68], [68, 48], [48, 75], [75, 81], [81, 95], [95, 84], [84, 99], [99, 94], [94, 103], [103, 96], [96, 82], [82, 110], [110, 111], [111, 112], [112, 106], [106, 86], [86, 113], [113, 119], [119, 133], [133, 122], [122, 137], [137, 123], [123, 115], [115, 114], [114, 148], [148, 149], [149, 150], [150, 144], [144, 124], [124, 151], [151, 157], [157, 171], [171, 160], [160, 175], [175, 170], [170, 179], [179, 172], [172, 158], [158, 186], [186, 187], [187, 188], [188, 182], [182, 162], [162, 189], [189, 195], [195, 209], [209, 198], [198, 213], [213, 199], [199, 191], [191, 190], [190, 224], [224, 225], [225, 226], [226, 220], [220, 200], [200, 227]],"Properties":{"Reachability":{"startNode":5,"finalNode":227}}}
Persimmon stdout:  Chain equivalence reduction: 117 -> 38
<=== Starting iteration 0 ===>
<=== Starting iteration 1 ===>
<=== Starting iteration 2 ===>
Solution: Some([[122, 137, 123, 198, 213, 199, 148, 149, 150, 144, 72, 73, 74, 68, 84, 99, 94, 103, 96, 82, 110, 111, 112, 106, 8, 23, 18, 27, 20, 6, 34, 35, 36, 30, 46, 61, 47, 224, 225, 226, 220, 160, 175, 170, 179, 172, 158, 186, 187, 188, 182], [57, 38, 171, 95, 19, 114, 209, 190, 133], [156, 159, 153, 152, 155, 163, 180, 193, 201, 218, 42, 45, 80, 83, 77, 76, 79, 87, 104, 41, 49, 66, 194, 197, 4, 7, 1, 0, 3, 11, 28, 117, 125, 142, 118, 121]])
Time elapsed: 2.18ms
Time elapsed(s): 0.002178s

Persimmon stderr:  
Time: 0.002178
Solution: [[122, 137, 123, 198, 213, 199, 148, 149, 150, 144, 72, 73, 74, 68, 84, 99, 94, 103, 96, 82, 110, 111, 112, 106, 8, 23, 18, 27, 20, 6, 34, 35, 36, 30, 46, 61, 47, 224, 225, 226, 220, 160, 175, 170, 179, 172, 158, 186, 187, 188, 182], [57, 38, 171, 95, 19, 114, 209, 190, 133], [156, 159, 153, 152, 155, 163, 180, 193, 201, 218, 42, 45, 80, 83, 77, 76, 79, 87, 104, 41, 49, 66, 194, 197, 4, 7, 1, 0, 3, 11, 28, 117, 125, 142, 118, 121]]
	Command being timed: "python3 allsynth/run.py -t PERS --GML topologies/topzoo/PionierL3.gml 5 --dir topzoo_res/Reach/PERS/PERS-0 --e-prop Reach --repeat 1"
	User time (seconds): 0.79
	System time (seconds): 1.24
	Percent of CPU this job got: 466%
	Elapsed (wall clock) time (h:mm:ss or m:ss): 0:00.43
	Average shared text size (kbytes): 0
	Average unshared data size (kbytes): 0
	Average stack size (kbytes): 0
	Average total size (kbytes): 0
	Maximum resident set size (kbytes): 71800
	Average resident set size (kbytes): 0
	Major (requiring I/O) page faults: 0
	Minor (reclaiming a frame) page faults: 13297
	Voluntary context switches: 37
	Involuntary context switches: 194
	Swaps: 0
	File system inputs: 0
	File system outputs: 24
	Socket messages sent: 0
	Socket messages received: 0
	Signals delivered: 0
	Page size (bytes): 4096
	Exit status: 0
