Namespace(tool='PERS', exper=None, gml=['topologies/topzoo/Sanet.gml', '5'], index=None, prop='Reach', prop_file=None, op_req=None, repeat=1, reduce=False, opt=False, u=False, some=False, count=False, weight_bound=None, savedir='topzoo_res/Reach/PERS/PERS-0', dump_bdd=False)
Running 5Sanet.gml
Policy: (Reach 249)
Initial path of nodes: [26, 25, 32, 31, 27, 29, 28, 8, 5, 4, 0, 3, 2, 34, 53, 80, 81, 58, 57, 56, 49, 66, 67, 73, 74, 75, 68, 69, 112, 111, 118, 117, 113, 115, 114, 94, 91, 90, 86, 89, 88, 120, 155, 154, 161, 160, 156, 158, 157, 137, 134, 133, 129, 132, 131, 163, 198, 197, 204, 203, 199, 201, 200, 180, 177, 176, 172, 175, 174, 206, 241, 240, 247, 246, 242, 244, 243, 223, 220, 219, 215, 218, 217, 249]
Final path of nodes: [26, 25, 32, 31, 30, 24, 23, 6, 1, 12, 42, 39, 33, 34, 53, 80, 81, 82, 85, 55, 44, 49, 50, 48, 51, 71, 72, 70, 74, 75, 68, 69, 112, 111, 118, 117, 116, 110, 109, 92, 87, 98, 128, 125, 119, 120, 155, 154, 161, 160, 159, 153, 152, 135, 130, 141, 171, 168, 162, 163, 198, 197, 204, 203, 202, 196, 195, 178, 173, 184, 214, 211, 205, 206, 241, 240, 247, 246, 245, 239, 238, 221, 216, 227, 257, 254, 248, 249]
Persimmon problem:  {"Initial_routing":[[26, 25], [25, 32], [32, 31], [31, 27], [27, 29], [29, 28], [28, 8], [8, 5], [5, 4], [4, 0], [0, 3], [3, 2], [2, 34], [34, 53], [53, 80], [80, 81], [81, 58], [58, 57], [57, 56], [56, 49], [49, 66], [66, 67], [67, 73], [73, 74], [74, 75], [75, 68], [68, 69], [69, 112], [112, 111], [111, 118], [118, 117], [117, 113], [113, 115], [115, 114], [114, 94], [94, 91], [91, 90], [90, 86], [86, 89], [89, 88], [88, 120], [120, 155], [155, 154], [154, 161], [161, 160], [160, 156], [156, 158], [158, 157], [157, 137], [137, 134], [134, 133], [133, 129], [129, 132], [132, 131], [131, 163], [163, 198], [198, 197], [197, 204], [204, 203], [203, 199], [199, 201], [201, 200], [200, 180], [180, 177], [177, 176], [176, 172], [172, 175], [175, 174], [174, 206], [206, 241], [241, 240], [240, 247], [247, 246], [246, 242], [242, 244], [244, 243], [243, 223], [223, 220], [220, 219], [219, 215], [215, 218], [218, 217], [217, 249]],"Final_routing":[[26, 25], [25, 32], [32, 31], [31, 30], [30, 24], [24, 23], [23, 6], [6, 1], [1, 12], [12, 42], [42, 39], [39, 33], [33, 34], [34, 53], [53, 80], [80, 81], [81, 82], [82, 85], [85, 55], [55, 44], [44, 49], [49, 50], [50, 48], [48, 51], [51, 71], [71, 72], [72, 70], [70, 74], [74, 75], [75, 68], [68, 69], [69, 112], [112, 111], [111, 118], [118, 117], [117, 116], [116, 110], [110, 109], [109, 92], [92, 87], [87, 98], [98, 128], [128, 125], [125, 119], [119, 120], [120, 155], [155, 154], [154, 161], [161, 160], [160, 159], [159, 153], [153, 152], [152, 135], [135, 130], [130, 141], [141, 171], [171, 168], [168, 162], [162, 163], [163, 198], [198, 197], [197, 204], [204, 203], [203, 202], [202, 196], [196, 195], [195, 178], [178, 173], [173, 184], [184, 214], [214, 211], [211, 205], [205, 206], [206, 241], [241, 240], [240, 247], [247, 246], [246, 245], [245, 239], [239, 238], [238, 221], [221, 216], [216, 227], [227, 257], [257, 254], [254, 248], [248, 249]],"Properties":{"Reachability":{"startNode":26,"finalNode":249}}}
Persimmon stdout:  Chain equivalence reduction: 139 -> 28
<=== Starting iteration 0 ===>
<=== Starting iteration 1 ===>
<=== Starting iteration 2 ===>
Solution: Some([[202, 196, 195, 178, 173, 184, 214, 211, 205, 30, 24, 23, 6, 1, 12, 42, 39, 33, 116, 110, 109, 92, 87, 98, 128, 125, 119, 50, 48, 51, 71, 72, 70, 82, 85, 55, 44, 159, 153, 152, 135, 130, 141, 171, 168, 162, 245, 239, 238, 221, 216, 227, 257, 254, 248], [246, 160, 117, 203, 81, 49, 31], [242, 244, 243, 223, 220, 219, 215, 218, 217, 66, 67, 73, 27, 29, 28, 8, 5, 4, 0, 3, 2, 199, 201, 200, 180, 177, 176, 172, 175, 174, 58, 57, 56, 156, 158, 157, 137, 134, 133, 129, 132, 131, 113, 115, 114, 94, 91, 90, 86, 89, 88]])
Time elapsed: 1.38ms
Time elapsed(s): 0.001380s

Persimmon stderr:  
Time: 0.00138
Solution: [[202, 196, 195, 178, 173, 184, 214, 211, 205, 30, 24, 23, 6, 1, 12, 42, 39, 33, 116, 110, 109, 92, 87, 98, 128, 125, 119, 50, 48, 51, 71, 72, 70, 82, 85, 55, 44, 159, 153, 152, 135, 130, 141, 171, 168, 162, 245, 239, 238, 221, 216, 227, 257, 254, 248], [246, 160, 117, 203, 81, 49, 31], [242, 244, 243, 223, 220, 219, 215, 218, 217, 66, 67, 73, 27, 29, 28, 8, 5, 4, 0, 3, 2, 199, 201, 200, 180, 177, 176, 172, 175, 174, 58, 57, 56, 156, 158, 157, 137, 134, 133, 129, 132, 131, 113, 115, 114, 94, 91, 90, 86, 89, 88]]
	Command being timed: "python3 allsynth/run.py -t PERS --GML topologies/topzoo/Sanet.gml 5 --dir topzoo_res/Reach/PERS/PERS-0 --e-prop Reach --repeat 1"
	User time (seconds): 0.73
	System time (seconds): 1.30
	Percent of CPU this job got: 450%
	Elapsed (wall clock) time (h:mm:ss or m:ss): 0:00.45
	Average shared text size (kbytes): 0
	Average unshared data size (kbytes): 0
	Average stack size (kbytes): 0
	Average total size (kbytes): 0
	Maximum resident set size (kbytes): 72248
	Average resident set size (kbytes): 0
	Major (requiring I/O) page faults: 0
	Minor (reclaiming a frame) page faults: 13362
	Voluntary context switches: 33
	Involuntary context switches: 277
	Swaps: 0
	File system inputs: 0
	File system outputs: 32
	Socket messages sent: 0
	Socket messages received: 0
	Signals delivered: 0
	Page size (bytes): 4096
	Exit status: 0
