Namespace(tool='PERS', exper=None, gml=['topologies/topzoo/Bren.gml', '5'], index=None, prop='SeparateWPk', prop_file=None, op_req=None, repeat=1, reduce=False, opt=False, u=False, some=False, count=False, weight_bound=None, savedir='topzoo_res/SeparateWPk/PERS/PERS-2', dump_bdd=False)
Running 5Bren.gml
Policy: ((((((((((((((((((((((WP(128-221) | WP(2-221)) | WP(3-221)) | WP(132-221)) | WP(139-221)) | WP(147-221)) | WP(148-221)) | WP(151-221)) | WP(158-221)) | WP(36-221)) | WP(47-221)) | WP(59-221)) | WP(187-221)) | WP(188-221)) | WP(71-221)) | WP(72-221)) | WP(201-221)) | WP(85-221)) | WP(221-221)) | WP(99-221)) | WP(101-221)) | WP(109-221)) & (Reach 221))
Initial path of nodes: [16, 10, 11, 21, 3, 2, 34, 35, 36, 53, 47, 48, 58, 40, 39, 71, 72, 73, 90, 84, 85, 95, 77, 76, 108, 109, 110, 127, 121, 122, 132, 114, 113, 145, 146, 147, 164, 158, 159, 169, 151, 150, 182, 183, 184, 201, 195, 196, 206, 188, 187, 219, 220, 221]
Final path of nodes: [16, 10, 17, 25, 22, 3, 0, 28, 27, 35, 36, 53, 47, 54, 62, 59, 40, 37, 65, 64, 72, 73, 90, 84, 91, 99, 96, 77, 74, 102, 101, 109, 110, 127, 121, 128, 136, 133, 114, 111, 139, 138, 146, 147, 164, 158, 165, 173, 170, 151, 148, 176, 175, 183, 184, 201, 195, 202, 210, 207, 188, 185, 213, 212, 220, 221]
Persimmon problem:  {"Initial_routing":[[16, 10], [10, 11], [11, 21], [21, 3], [3, 2], [2, 34], [34, 35], [35, 36], [36, 53], [53, 47], [47, 48], [48, 58], [58, 40], [40, 39], [39, 71], [71, 72], [72, 73], [73, 90], [90, 84], [84, 85], [85, 95], [95, 77], [77, 76], [76, 108], [108, 109], [109, 110], [110, 127], [127, 121], [121, 122], [122, 132], [132, 114], [114, 113], [113, 145], [145, 146], [146, 147], [147, 164], [164, 158], [158, 159], [159, 169], [169, 151], [151, 150], [150, 182], [182, 183], [183, 184], [184, 201], [201, 195], [195, 196], [196, 206], [206, 188], [188, 187], [187, 219], [219, 220], [220, 221]],"Final_routing":[[16, 10], [10, 17], [17, 25], [25, 22], [22, 3], [3, 0], [0, 28], [28, 27], [27, 35], [35, 36], [36, 53], [53, 47], [47, 54], [54, 62], [62, 59], [59, 40], [40, 37], [37, 65], [65, 64], [64, 72], [72, 73], [73, 90], [90, 84], [84, 91], [91, 99], [99, 96], [96, 77], [77, 74], [74, 102], [102, 101], [101, 109], [109, 110], [110, 127], [127, 121], [121, 128], [128, 136], [136, 133], [133, 114], [114, 111], [111, 139], [139, 138], [138, 146], [146, 147], [147, 164], [164, 158], [158, 165], [165, 173], [173, 170], [170, 151], [151, 148], [148, 176], [176, 175], [175, 183], [183, 184], [184, 201], [201, 195], [195, 202], [202, 210], [210, 207], [207, 188], [188, 185], [185, 213], [213, 212], [212, 220], [220, 221]],"Properties":{"MultiAlternativeWaypoint": {"waypoint": [128,2,3,132,139,147,148,151,158,36,47,59,187,188,71,72,201,85,221,99,101,109]},"Reachability":{"startNode":16,"finalNode":221}}}
Persimmon stdout:  Chain equivalence reduction: 90 -> 64
<=== Starting iteration 0 ===>
<=== Starting iteration 1 ===>
<=== Starting iteration 2 ===>
Solution: Some([[99, 139, 17, 25, 22, 136, 133, 54, 62, 37, 65, 64, 101, 96, 128, 176, 175, 59, 0, 28, 27, 91, 148, 138, 202, 210, 207, 165, 173, 170, 185, 213, 212, 111, 74, 102], [158, 195, 84, 47, 188, 151, 10, 121, 114, 40, 77, 3], [71, 34, 196, 206, 113, 145, 95, 150, 182, 187, 39, 122, 11, 21, 76, 108, 48, 58, 219, 132, 159, 169, 2, 85]])
Time elapsed: 5.39ms
Time elapsed(s): 0.005392s

Persimmon stderr:  
Time: 0.005392
Solution: [[99, 139, 17, 25, 22, 136, 133, 54, 62, 37, 65, 64, 101, 96, 128, 176, 175, 59, 0, 28, 27, 91, 148, 138, 202, 210, 207, 165, 173, 170, 185, 213, 212, 111, 74, 102], [158, 195, 84, 47, 188, 151, 10, 121, 114, 40, 77, 3], [71, 34, 196, 206, 113, 145, 95, 150, 182, 187, 39, 122, 11, 21, 76, 108, 48, 58, 219, 132, 159, 169, 2, 85]]
	Command being timed: "python3 allsynth/run.py -t PERS --GML topologies/topzoo/Bren.gml 5 --dir topzoo_res/SeparateWPk/PERS/PERS-2 --e-prop SeparateWPk --repeat 1"
	User time (seconds): 0.68
	System time (seconds): 1.36
	Percent of CPU this job got: 465%
	Elapsed (wall clock) time (h:mm:ss or m:ss): 0:00.43
	Average shared text size (kbytes): 0
	Average unshared data size (kbytes): 0
	Average stack size (kbytes): 0
	Average total size (kbytes): 0
	Maximum resident set size (kbytes): 71968
	Average resident set size (kbytes): 0
	Major (requiring I/O) page faults: 0
	Minor (reclaiming a frame) page faults: 13322
	Voluntary context switches: 33
	Involuntary context switches: 246
	Swaps: 0
	File system inputs: 0
	File system outputs: 24
	Socket messages sent: 0
	Socket messages received: 0
	Signals delivered: 0
	Page size (bytes): 4096
	Exit status: 0
