Namespace(tool='PERS', exper=None, gml=['topologies/topzoo/Canerie.gml', '5'], index=None, prop='SeparateWPk', prop_file=None, op_req=None, repeat=1, reduce=False, opt=False, u=False, some=False, count=False, weight_bound=None, savedir='topzoo_res/SeparateWPk/PERS/PERS-2', dump_bdd=False)
Running 5Canerie.gml
Policy: (((((((((((((((((((((((WP(3-190) | WP(131-190)) | WP(135-190)) | WP(7-190)) | WP(145-190)) | WP(29-190)) | WP(163-190)) | WP(36-190)) | WP(167-190)) | WP(174-190)) | WP(49-190)) | WP(59-190)) | WP(190-190)) | WP(63-190)) | WP(71-190)) | WP(78-190)) | WP(81-190)) | WP(93-190)) | WP(95-190)) | WP(101-190)) | WP(111-190)) | WP(123-190)) | WP(126-190)) & (Reach 190))
Initial path of nodes: [14, 16, 17, 15, 7, 3, 1, 31, 30, 42, 63, 33, 35, 39, 47, 49, 48, 46, 78, 80, 81, 79, 71, 67, 65, 95, 94, 110, 112, 113, 111, 103, 99, 97, 127, 126, 142, 144, 145, 143, 135, 131, 129, 159, 158, 174, 176, 177, 175, 167, 163, 161, 191, 190]
Final path of nodes: [14, 16, 17, 5, 4, 7, 0, 3, 22, 27, 29, 30, 42, 63, 61, 59, 54, 33, 38, 39, 36, 37, 49, 48, 46, 78, 80, 81, 69, 68, 71, 64, 67, 86, 91, 93, 94, 110, 112, 113, 101, 100, 103, 99, 118, 123, 125, 126, 142, 144, 145, 133, 132, 135, 128, 131, 150, 155, 157, 158, 174, 176, 177, 165, 164, 167, 163, 182, 187, 189, 190]
Persimmon problem:  {"Initial_routing":[[14, 16], [16, 17], [17, 15], [15, 7], [7, 3], [3, 1], [1, 31], [31, 30], [30, 42], [42, 63], [63, 33], [33, 35], [35, 39], [39, 47], [47, 49], [49, 48], [48, 46], [46, 78], [78, 80], [80, 81], [81, 79], [79, 71], [71, 67], [67, 65], [65, 95], [95, 94], [94, 110], [110, 112], [112, 113], [113, 111], [111, 103], [103, 99], [99, 97], [97, 127], [127, 126], [126, 142], [142, 144], [144, 145], [145, 143], [143, 135], [135, 131], [131, 129], [129, 159], [159, 158], [158, 174], [174, 176], [176, 177], [177, 175], [175, 167], [167, 163], [163, 161], [161, 191], [191, 190]],"Final_routing":[[14, 16], [16, 17], [17, 5], [5, 4], [4, 7], [7, 0], [0, 3], [3, 22], [22, 27], [27, 29], [29, 30], [30, 42], [42, 63], [63, 61], [61, 59], [59, 54], [54, 33], [33, 38], [38, 39], [39, 36], [36, 37], [37, 49], [49, 48], [48, 46], [46, 78], [78, 80], [80, 81], [81, 69], [69, 68], [68, 71], [71, 64], [64, 67], [67, 86], [86, 91], [91, 93], [93, 94], [94, 110], [110, 112], [112, 113], [113, 101], [101, 100], [100, 103], [103, 99], [99, 118], [118, 123], [123, 125], [125, 126], [126, 142], [142, 144], [144, 145], [145, 133], [133, 132], [132, 135], [135, 128], [128, 131], [131, 150], [150, 155], [155, 157], [157, 158], [158, 174], [174, 176], [176, 177], [177, 165], [165, 164], [164, 167], [167, 163], [163, 182], [182, 187], [187, 189], [189, 190]],"Properties":{"MultiAlternativeWaypoint": {"waypoint": [3,131,135,7,145,29,163,36,167,174,49,59,190,63,71,78,81,93,95,101,111,123,126]},"Reachability":{"startNode":14,"finalNode":190}}}
Persimmon stdout:  Chain equivalence reduction: 88 -> 68
<=== Starting iteration 0 ===>
<=== Starting iteration 1 ===>
<=== Starting iteration 2 ===>
Solution: Some([[100, 118, 0, 69, 68, 182, 187, 189, 29, 123, 101, 5, 4, 150, 155, 157, 64, 37, 125, 36, 38, 22, 27, 59, 54, 165, 164, 93, 128, 61, 133, 132, 86, 91], [3, 67, 131, 39, 99, 163, 17, 81, 113, 177, 33, 145], [79, 71, 129, 159, 7, 15, 111, 65, 95, 161, 191, 135, 63, 175, 143, 35, 1, 31, 47, 97, 127]])
Time elapsed: 6.02ms
Time elapsed(s): 0.006023s

Persimmon stderr:  
Time: 0.006023
Solution: [[100, 118, 0, 69, 68, 182, 187, 189, 29, 123, 101, 5, 4, 150, 155, 157, 64, 37, 125, 36, 38, 22, 27, 59, 54, 165, 164, 93, 128, 61, 133, 132, 86, 91], [3, 67, 131, 39, 99, 163, 17, 81, 113, 177, 33, 145], [79, 71, 129, 159, 7, 15, 111, 65, 95, 161, 191, 135, 63, 175, 143, 35, 1, 31, 47, 97, 127]]
	Command being timed: "python3 allsynth/run.py -t PERS --GML topologies/topzoo/Canerie.gml 5 --dir topzoo_res/SeparateWPk/PERS/PERS-2 --e-prop SeparateWPk --repeat 1"
	User time (seconds): 0.73
	System time (seconds): 1.31
	Percent of CPU this job got: 470%
	Elapsed (wall clock) time (h:mm:ss or m:ss): 0:00.43
	Average shared text size (kbytes): 0
	Average unshared data size (kbytes): 0
	Average stack size (kbytes): 0
	Average total size (kbytes): 0
	Maximum resident set size (kbytes): 71860
	Average resident set size (kbytes): 0
	Major (requiring I/O) page faults: 0
	Minor (reclaiming a frame) page faults: 13282
	Voluntary context switches: 31
	Involuntary context switches: 122
	Swaps: 0
	File system inputs: 0
	File system outputs: 24
	Socket messages sent: 0
	Socket messages received: 0
	Signals delivered: 0
	Page size (bytes): 4096
	Exit status: 0
