Namespace(tool='PERS', exper=None, gml=['topologies/topzoo/Columbus.gml', '5'], index=None, prop='SeparateWPk', prop_file=None, op_req=None, repeat=1, reduce=False, opt=False, u=False, some=False, count=False, weight_bound=None, savedir='topzoo_res/SeparateWPk/PERS/PERS-2', dump_bdd=False)
Running 5Columbus.gml
Policy: ((((((((((((((((((((((((((((((((((((((((((((((((WP(129-414) | WP(258-414)) | WP(5-414)) | WP(134-414)) | WP(135-414)) | WP(267-414)) | WP(268-414)) | WP(400-414)) | WP(17-414)) | WP(274-414)) | WP(147-414)) | WP(273-414)) | WP(280-414)) | WP(26-414)) | WP(27-414)) | WP(28-414)) | WP(156-414)) | WP(415-414)) | WP(168-414)) | WP(171-414)) | WP(302-414)) | WP(50-414)) | WP(186-414)) | WP(187-414)) | WP(65-414)) | WP(194-414)) | WP(324-414)) | WP(74-414)) | WP(203-414)) | WP(79-414)) | WP(335-414)) | WP(337-414)) | WP(82-414)) | WP(211-414)) | WP(88-414)) | WP(346-414)) | WP(347-414)) | WP(91-414)) | WP(225-414)) | WP(355-414)) | WP(230-414)) | WP(239-414)) | WP(367-414)) | WP(369-414)) | WP(376-414)) | WP(377-414)) | WP(378-414)) | WP(126-414)) & (Reach 414))
Initial path of nodes: [19, 18, 47, 48, 57, 5, 4, 7, 1, 0, 27, 9, 46, 29, 67, 28, 65, 63, 64, 89, 88, 117, 118, 127, 75, 74, 77, 71, 70, 97, 79, 116, 99, 137, 98, 135, 133, 134, 159, 158, 187, 188, 197, 145, 144, 147, 141, 140, 167, 149, 186, 169, 207, 168, 205, 203, 204, 229, 228, 257, 258, 267, 215, 214, 217, 211, 210, 237, 219, 256, 239, 277, 238, 275, 273, 274, 299, 298, 327, 328, 337, 285, 284, 287, 281, 280, 307, 289, 326, 309, 347, 308, 345, 343, 344, 369, 368, 397, 398, 407, 355, 354, 357, 351, 350, 377, 359, 396, 379, 417, 378, 415, 413, 414]
Final path of nodes: [19, 20, 21, 22, 54, 50, 57, 56, 55, 16, 17, 58, 59, 44, 31, 26, 15, 12, 66, 28, 65, 63, 64, 89, 90, 91, 92, 124, 120, 127, 126, 125, 86, 87, 128, 129, 114, 101, 96, 85, 82, 136, 98, 135, 133, 134, 159, 160, 161, 162, 194, 190, 197, 196, 195, 156, 157, 198, 199, 184, 171, 166, 155, 152, 206, 168, 205, 203, 204, 229, 230, 231, 232, 264, 260, 267, 266, 265, 226, 227, 268, 269, 254, 241, 236, 225, 222, 276, 238, 275, 273, 274, 299, 300, 301, 302, 334, 330, 337, 336, 335, 296, 297, 338, 339, 324, 311, 306, 295, 292, 346, 308, 345, 343, 344, 369, 370, 371, 372, 404, 400, 407, 406, 405, 366, 367, 408, 409, 394, 381, 376, 365, 362, 416, 378, 415, 413, 414]
Persimmon problem:  {"Initial_routing":[[19, 18], [18, 47], [47, 48], [48, 57], [57, 5], [5, 4], [4, 7], [7, 1], [1, 0], [0, 27], [27, 9], [9, 46], [46, 29], [29, 67], [67, 28], [28, 65], [65, 63], [63, 64], [64, 89], [89, 88], [88, 117], [117, 118], [118, 127], [127, 75], [75, 74], [74, 77], [77, 71], [71, 70], [70, 97], [97, 79], [79, 116], [116, 99], [99, 137], [137, 98], [98, 135], [135, 133], [133, 134], [134, 159], [159, 158], [158, 187], [187, 188], [188, 197], [197, 145], [145, 144], [144, 147], [147, 141], [141, 140], [140, 167], [167, 149], [149, 186], [186, 169], [169, 207], [207, 168], [168, 205], [205, 203], [203, 204], [204, 229], [229, 228], [228, 257], [257, 258], [258, 267], [267, 215], [215, 214], [214, 217], [217, 211], [211, 210], [210, 237], [237, 219], [219, 256], [256, 239], [239, 277], [277, 238], [238, 275], [275, 273], [273, 274], [274, 299], [299, 298], [298, 327], [327, 328], [328, 337], [337, 285], [285, 284], [284, 287], [287, 281], [281, 280], [280, 307], [307, 289], [289, 326], [326, 309], [309, 347], [347, 308], [308, 345], [345, 343], [343, 344], [344, 369], [369, 368], [368, 397], [397, 398], [398, 407], [407, 355], [355, 354], [354, 357], [357, 351], [351, 350], [350, 377], [377, 359], [359, 396], [396, 379], [379, 417], [417, 378], [378, 415], [415, 413], [413, 414]],"Final_routing":[[19, 20], [20, 21], [21, 22], [22, 54], [54, 50], [50, 57], [57, 56], [56, 55], [55, 16], [16, 17], [17, 58], [58, 59], [59, 44], [44, 31], [31, 26], [26, 15], [15, 12], [12, 66], [66, 28], [28, 65], [65, 63], [63, 64], [64, 89], [89, 90], [90, 91], [91, 92], [92, 124], [124, 120], [120, 127], [127, 126], [126, 125], [125, 86], [86, 87], [87, 128], [128, 129], [129, 114], [114, 101], [101, 96], [96, 85], [85, 82], [82, 136], [136, 98], [98, 135], [135, 133], [133, 134], [134, 159], [159, 160], [160, 161], [161, 162], [162, 194], [194, 190], [190, 197], [197, 196], [196, 195], [195, 156], [156, 157], [157, 198], [198, 199], [199, 184], [184, 171], [171, 166], [166, 155], [155, 152], [152, 206], [206, 168], [168, 205], [205, 203], [203, 204], [204, 229], [229, 230], [230, 231], [231, 232], [232, 264], [264, 260], [260, 267], [267, 266], [266, 265], [265, 226], [226, 227], [227, 268], [268, 269], [269, 254], [254, 241], [241, 236], [236, 225], [225, 222], [222, 276], [276, 238], [238, 275], [275, 273], [273, 274], [274, 299], [299, 300], [300, 301], [301, 302], [302, 334], [334, 330], [330, 337], [337, 336], [336, 335], [335, 296], [296, 297], [297, 338], [338, 339], [339, 324], [324, 311], [311, 306], [306, 295], [295, 292], [292, 346], [346, 308], [308, 345], [345, 343], [343, 344], [344, 369], [369, 370], [370, 371], [371, 372], [372, 404], [404, 400], [400, 407], [407, 406], [406, 405], [405, 366], [366, 367], [367, 408], [408, 409], [409, 394], [394, 381], [381, 376], [376, 365], [365, 362], [362, 416], [416, 378], [378, 415], [415, 413], [413, 414]],"Properties":{"MultiAlternativeWaypoint": {"waypoint": [129,258,5,134,135,267,268,400,17,274,147,273,280,26,27,28,156,415,168,171,302,50,186,187,65,194,324,74,203,79,335,337,82,211,88,346,347,91,225,355,230,239,367,369,376,377,378,126]},"Reachability":{"startNode":19,"finalNode":414}}}
Persimmon stdout:  Chain equivalence reduction: 216 -> 112
<=== Starting iteration 0 ===>
<=== Starting iteration 1 ===>
<=== Starting iteration 2 ===>
Solution: Some([[336, 311, 306, 295, 292, 300, 301, 15, 12, 66, 222, 276, 324, 58, 59, 44, 31, 370, 371, 372, 404, 17, 334, 330, 376, 125, 86, 87, 128, 157, 198, 199, 184, 346, 400, 129, 126, 26, 56, 55, 16, 194, 50, 114, 101, 96, 85, 171, 231, 232, 264, 260, 296, 297, 338, 339, 367, 196, 195, 190, 91, 335, 136, 230, 82, 266, 265, 226, 227, 20, 21, 22, 54, 268, 92, 124, 120, 156, 160, 161, 162, 406, 405, 366, 269, 254, 241, 236, 225, 365, 362, 416, 166, 155, 152, 206, 302, 408, 409, 394, 381, 90], [197, 267, 19, 299, 57, 229, 369, 407, 89, 337, 127, 159], [277, 187, 368, 397, 398, 147, 116, 99, 137, 239, 280, 355, 79, 188, 228, 257, 186, 258, 169, 207, 158, 4, 7, 1, 0, 77, 71, 70, 97, 74, 211, 18, 47, 48, 75, 307, 289, 326, 309, 27, 359, 396, 379, 417, 5, 298, 327, 328, 210, 237, 219, 256, 215, 214, 217, 145, 144, 377, 285, 284, 287, 281, 347, 354, 357, 351, 350, 141, 140, 167, 149, 9, 46, 29, 67, 88, 117, 118]])
Time elapsed: 12.99ms
Time elapsed(s): 0.012993s

Persimmon stderr:  
Time: 0.012993
Solution: [[336, 311, 306, 295, 292, 300, 301, 15, 12, 66, 222, 276, 324, 58, 59, 44, 31, 370, 371, 372, 404, 17, 334, 330, 376, 125, 86, 87, 128, 157, 198, 199, 184, 346, 400, 129, 126, 26, 56, 55, 16, 194, 50, 114, 101, 96, 85, 171, 231, 232, 264, 260, 296, 297, 338, 339, 367, 196, 195, 190, 91, 335, 136, 230, 82, 266, 265, 226, 227, 20, 21, 22, 54, 268, 92, 124, 120, 156, 160, 161, 162, 406, 405, 366, 269, 254, 241, 236, 225, 365, 362, 416, 166, 155, 152, 206, 302, 408, 409, 394, 381, 90], [197, 267, 19, 299, 57, 229, 369, 407, 89, 337, 127, 159], [277, 187, 368, 397, 398, 147, 116, 99, 137, 239, 280, 355, 79, 188, 228, 257, 186, 258, 169, 207, 158, 4, 7, 1, 0, 77, 71, 70, 97, 74, 211, 18, 47, 48, 75, 307, 289, 326, 309, 27, 359, 396, 379, 417, 5, 298, 327, 328, 210, 237, 219, 256, 215, 214, 217, 145, 144, 377, 285, 284, 287, 281, 347, 354, 357, 351, 350, 141, 140, 167, 149, 9, 46, 29, 67, 88, 117, 118]]
	Command being timed: "python3 allsynth/run.py -t PERS --GML topologies/topzoo/Columbus.gml 5 --dir topzoo_res/SeparateWPk/PERS/PERS-2 --e-prop SeparateWPk --repeat 1"
	User time (seconds): 0.85
	System time (seconds): 1.27
	Percent of CPU this job got: 405%
	Elapsed (wall clock) time (h:mm:ss or m:ss): 0:00.52
	Average shared text size (kbytes): 0
	Average unshared data size (kbytes): 0
	Average stack size (kbytes): 0
	Average total size (kbytes): 0
	Maximum resident set size (kbytes): 72892
	Average resident set size (kbytes): 0
	Major (requiring I/O) page faults: 0
	Minor (reclaiming a frame) page faults: 13652
	Voluntary context switches: 35
	Involuntary context switches: 116
	Swaps: 0
	File system inputs: 0
	File system outputs: 32
	Socket messages sent: 0
	Socket messages received: 0
	Signals delivered: 0
	Page size (bytes): 4096
	Exit status: 0
