Namespace(tool='PERS', exper=None, gml=['topologies/topzoo/Gambia.gml', '5'], index=None, prop='SeparateWPk', prop_file=None, op_req=None, repeat=1, reduce=False, opt=False, u=False, some=False, count=False, weight_bound=None, savedir='topzoo_res/SeparateWPk/PERS/PERS-2', dump_bdd=False)
Running 5Gambia.gml
Policy: ((((((((((((((((((((((WP(3-159) | WP(133-159)) | WP(143-159)) | WP(19-159)) | WP(25-159)) | WP(154-159)) | WP(159-159)) | WP(165-159)) | WP(43-159)) | WP(46-159)) | WP(49-159)) | WP(54-159)) | WP(72-159)) | WP(74-159)) | WP(76-159)) | WP(82-159)) | WP(100-159)) | WP(103-159)) | WP(104-159)) | WP(111-159)) | WP(114-159)) | WP(127-159)) & (Reach 159))
Initial path of nodes: [14, 15, 16, 20, 21, 25, 26, 18, 19, 42, 43, 44, 48, 49, 53, 54, 46, 47, 70, 71, 72, 76, 77, 81, 82, 74, 75, 98, 99, 100, 104, 105, 109, 110, 102, 103, 126, 127, 128, 132, 133, 137, 138, 130, 131, 154, 155, 156, 160, 161, 165, 166, 158, 159]
Final path of nodes: [14, 15, 16, 20, 21, 3, 2, 27, 26, 18, 19, 42, 43, 44, 48, 49, 31, 30, 55, 54, 46, 47, 70, 71, 72, 76, 77, 59, 58, 83, 82, 74, 75, 98, 99, 100, 104, 105, 87, 86, 111, 110, 102, 103, 126, 127, 128, 132, 133, 115, 114, 139, 138, 130, 131, 154, 155, 156, 160, 161, 143, 142, 167, 166, 158, 159]
Persimmon problem:  {"Initial_routing":[[14, 15], [15, 16], [16, 20], [20, 21], [21, 25], [25, 26], [26, 18], [18, 19], [19, 42], [42, 43], [43, 44], [44, 48], [48, 49], [49, 53], [53, 54], [54, 46], [46, 47], [47, 70], [70, 71], [71, 72], [72, 76], [76, 77], [77, 81], [81, 82], [82, 74], [74, 75], [75, 98], [98, 99], [99, 100], [100, 104], [104, 105], [105, 109], [109, 110], [110, 102], [102, 103], [103, 126], [126, 127], [127, 128], [128, 132], [132, 133], [133, 137], [137, 138], [138, 130], [130, 131], [131, 154], [154, 155], [155, 156], [156, 160], [160, 161], [161, 165], [165, 166], [166, 158], [158, 159]],"Final_routing":[[14, 15], [15, 16], [16, 20], [20, 21], [21, 3], [3, 2], [2, 27], [27, 26], [26, 18], [18, 19], [19, 42], [42, 43], [43, 44], [44, 48], [48, 49], [49, 31], [31, 30], [30, 55], [55, 54], [54, 46], [46, 47], [47, 70], [70, 71], [71, 72], [72, 76], [76, 77], [77, 59], [59, 58], [58, 83], [83, 82], [82, 74], [74, 75], [75, 98], [98, 99], [99, 100], [100, 104], [104, 105], [105, 87], [87, 86], [86, 111], [111, 110], [110, 102], [102, 103], [103, 126], [126, 127], [127, 128], [128, 132], [132, 133], [133, 115], [115, 114], [114, 139], [139, 138], [138, 130], [130, 131], [131, 154], [154, 155], [155, 156], [156, 160], [160, 161], [161, 143], [143, 142], [142, 167], [167, 166], [166, 158], [158, 159]],"Properties":{"MultiAlternativeWaypoint": {"waypoint": [3,133,143,19,25,154,159,165,43,46,49,54,72,74,76,82,100,103,104,111,114,127]},"Reachability":{"startNode":14,"finalNode":159}}}
Persimmon stdout:  Chain equivalence reduction: 72 -> 45
<=== Starting iteration 0 ===>
<=== Starting iteration 1 ===>
<=== Starting iteration 2 ===>
Solution: Some([[142, 167, 87, 86, 115, 139, 2, 27, 3, 31, 30, 55, 111, 59, 58, 83, 114, 143], [133, 77, 21, 49, 161, 105], [109, 81, 165, 137, 25, 53]])
Time elapsed: 2.85ms
Time elapsed(s): 0.002849s

Persimmon stderr:  
Time: 0.002849
Solution: [[142, 167, 87, 86, 115, 139, 2, 27, 3, 31, 30, 55, 111, 59, 58, 83, 114, 143], [133, 77, 21, 49, 161, 105], [109, 81, 165, 137, 25, 53]]
	Command being timed: "python3 allsynth/run.py -t PERS --GML topologies/topzoo/Gambia.gml 5 --dir topzoo_res/SeparateWPk/PERS/PERS-2 --e-prop SeparateWPk --repeat 1"
	User time (seconds): 0.77
	System time (seconds): 1.24
	Percent of CPU this job got: 485%
	Elapsed (wall clock) time (h:mm:ss or m:ss): 0:00.41
	Average shared text size (kbytes): 0
	Average unshared data size (kbytes): 0
	Average stack size (kbytes): 0
	Average total size (kbytes): 0
	Maximum resident set size (kbytes): 71480
	Average resident set size (kbytes): 0
	Major (requiring I/O) page faults: 0
	Minor (reclaiming a frame) page faults: 13168
	Voluntary context switches: 32
	Involuntary context switches: 132
	Swaps: 0
	File system inputs: 0
	File system outputs: 24
	Socket messages sent: 0
	Socket messages received: 0
	Signals delivered: 0
	Page size (bytes): 4096
	Exit status: 0
