Namespace(tool='PERS', exper=None, gml=['topologies/topzoo/Garr201112.gml', '5'], index=None, prop='SeparateWPk', prop_file=None, op_req=None, repeat=1, reduce=False, opt=False, u=False, some=False, count=False, weight_bound=None, savedir='topzoo_res/SeparateWPk/PERS/PERS-2', dump_bdd=False)
Running 5Garr201112.gml
Policy: (((((((((((((((((((WP(265-338) | WP(14-338)) | WP(143-338)) | WP(144-338)) | WP(275-338)) | WP(153-338)) | WP(156-338)) | WP(299-338)) | WP(313-338)) | WP(319-338)) | WP(193-338)) | WP(323-338)) | WP(204-338)) | WP(336-338)) | WP(83-338)) | WP(216-338)) | WP(217-338)) | WP(95-338)) | WP(96-338)) & (Reach 338))
Initial path of nodes: [8, 22, 21, 10, 55, 14, 34, 31, 33, 69, 83, 82, 71, 116, 75, 95, 92, 94, 130, 144, 143, 132, 177, 136, 156, 153, 155, 191, 205, 204, 193, 238, 197, 217, 214, 216, 252, 266, 265, 254, 299, 258, 278, 275, 277, 313, 327, 326, 315, 360, 319, 339, 336, 338]
Final path of nodes: [8, 22, 21, 18, 49, 14, 34, 31, 33, 69, 83, 82, 79, 110, 75, 96, 95, 92, 94, 130, 144, 143, 140, 171, 136, 156, 153, 155, 191, 205, 204, 201, 232, 197, 218, 217, 214, 216, 252, 266, 265, 262, 293, 258, 278, 275, 277, 313, 327, 326, 323, 354, 319, 340, 339, 336, 338]
Persimmon problem:  {"Initial_routing":[[8, 22], [22, 21], [21, 10], [10, 55], [55, 14], [14, 34], [34, 31], [31, 33], [33, 69], [69, 83], [83, 82], [82, 71], [71, 116], [116, 75], [75, 95], [95, 92], [92, 94], [94, 130], [130, 144], [144, 143], [143, 132], [132, 177], [177, 136], [136, 156], [156, 153], [153, 155], [155, 191], [191, 205], [205, 204], [204, 193], [193, 238], [238, 197], [197, 217], [217, 214], [214, 216], [216, 252], [252, 266], [266, 265], [265, 254], [254, 299], [299, 258], [258, 278], [278, 275], [275, 277], [277, 313], [313, 327], [327, 326], [326, 315], [315, 360], [360, 319], [319, 339], [339, 336], [336, 338]],"Final_routing":[[8, 22], [22, 21], [21, 18], [18, 49], [49, 14], [14, 34], [34, 31], [31, 33], [33, 69], [69, 83], [83, 82], [82, 79], [79, 110], [110, 75], [75, 96], [96, 95], [95, 92], [92, 94], [94, 130], [130, 144], [144, 143], [143, 140], [140, 171], [171, 136], [136, 156], [156, 153], [153, 155], [155, 191], [191, 205], [205, 204], [204, 201], [201, 232], [232, 197], [197, 218], [218, 217], [217, 214], [214, 216], [216, 252], [252, 266], [266, 265], [265, 262], [262, 293], [293, 258], [258, 278], [278, 275], [275, 277], [277, 313], [313, 327], [327, 326], [326, 323], [323, 354], [354, 319], [319, 340], [340, 339], [339, 336], [336, 338]],"Properties":{"MultiAlternativeWaypoint": {"waypoint": [265,14,143,144,275,153,156,299,313,319,193,323,204,336,83,216,217,95,96]},"Reachability":{"startNode":8,"finalNode":338}}}
Persimmon stdout:  Chain equivalence reduction: 69 -> 49
<=== Starting iteration 0 ===>
<=== Starting iteration 1 ===>
<=== Starting iteration 2 ===>
Solution: Some([[140, 171, 354, 18, 49, 96, 201, 232, 218, 262, 293, 323, 340, 79, 110], [204, 143, 21, 82, 265, 326], [254, 315, 360, 299, 319, 10, 55, 193, 75, 238, 71, 116, 132, 177, 197]])
Time elapsed: 3.53ms
Time elapsed(s): 0.003527s

Persimmon stderr:  
Time: 0.003527
Solution: [[140, 171, 354, 18, 49, 96, 201, 232, 218, 262, 293, 323, 340, 79, 110], [204, 143, 21, 82, 265, 326], [254, 315, 360, 299, 319, 10, 55, 193, 75, 238, 71, 116, 132, 177, 197]]
	Command being timed: "python3 allsynth/run.py -t PERS --GML topologies/topzoo/Garr201112.gml 5 --dir topzoo_res/SeparateWPk/PERS/PERS-2 --e-prop SeparateWPk --repeat 1"
	User time (seconds): 0.75
	System time (seconds): 1.30
	Percent of CPU this job got: 401%
	Elapsed (wall clock) time (h:mm:ss or m:ss): 0:00.51
	Average shared text size (kbytes): 0
	Average unshared data size (kbytes): 0
	Average stack size (kbytes): 0
	Average total size (kbytes): 0
	Maximum resident set size (kbytes): 72508
	Average resident set size (kbytes): 0
	Major (requiring I/O) page faults: 0
	Minor (reclaiming a frame) page faults: 13498
	Voluntary context switches: 30
	Involuntary context switches: 309
	Swaps: 0
	File system inputs: 0
	File system outputs: 24
	Socket messages sent: 0
	Socket messages received: 0
	Signals delivered: 0
	Page size (bytes): 4096
	Exit status: 0
