Namespace(tool='PERS', exper=None, gml=['topologies/topzoo/GtsPoland.gml', '5'], index=None, prop='SeparateWPk', prop_file=None, op_req=None, repeat=1, reduce=False, opt=False, u=False, some=False, count=False, weight_bound=None, savedir='topzoo_res/SeparateWPk/PERS/PERS-2', dump_bdd=False)
Running 5GtsPoland.gml
Policy: ((((((((((((((((((((((((((WP(1-193) | WP(130-193)) | WP(9-193)) | WP(140-193)) | WP(143-193)) | WP(145-193)) | WP(149-193)) | WP(27-193)) | WP(28-193)) | WP(33-193)) | WP(166-193)) | WP(174-193)) | WP(51-193)) | WP(180-193)) | WP(58-193)) | WP(62-193)) | WP(192-193)) | WP(193-193)) | WP(72-193)) | WP(77-193)) | WP(80-193)) | WP(94-193)) | WP(98-193)) | WP(99-193)) | WP(106-193)) | WP(125-193)) & (Reach 193))
Initial path of nodes: [15, 11, 7, 6, 0, 9, 8, 31, 32, 29, 28, 48, 44, 40, 39, 33, 42, 41, 64, 65, 62, 61, 81, 77, 73, 72, 66, 75, 74, 97, 98, 95, 94, 114, 110, 106, 105, 99, 108, 107, 130, 131, 128, 127, 147, 143, 139, 138, 132, 141, 140, 163, 164, 161, 160, 180, 176, 172, 171, 165, 174, 173, 196, 197, 194, 193]
Final path of nodes: [15, 11, 17, 18, 0, 1, 14, 13, 25, 26, 27, 28, 48, 44, 50, 51, 33, 34, 47, 46, 58, 59, 60, 61, 81, 77, 83, 84, 66, 67, 80, 79, 91, 92, 93, 94, 114, 110, 116, 117, 99, 100, 113, 112, 124, 125, 126, 127, 147, 143, 149, 150, 132, 133, 146, 145, 157, 158, 159, 160, 180, 176, 182, 183, 165, 166, 179, 178, 190, 191, 192, 193]
Persimmon problem:  {"Initial_routing":[[15, 11], [11, 7], [7, 6], [6, 0], [0, 9], [9, 8], [8, 31], [31, 32], [32, 29], [29, 28], [28, 48], [48, 44], [44, 40], [40, 39], [39, 33], [33, 42], [42, 41], [41, 64], [64, 65], [65, 62], [62, 61], [61, 81], [81, 77], [77, 73], [73, 72], [72, 66], [66, 75], [75, 74], [74, 97], [97, 98], [98, 95], [95, 94], [94, 114], [114, 110], [110, 106], [106, 105], [105, 99], [99, 108], [108, 107], [107, 130], [130, 131], [131, 128], [128, 127], [127, 147], [147, 143], [143, 139], [139, 138], [138, 132], [132, 141], [141, 140], [140, 163], [163, 164], [164, 161], [161, 160], [160, 180], [180, 176], [176, 172], [172, 171], [171, 165], [165, 174], [174, 173], [173, 196], [196, 197], [197, 194], [194, 193]],"Final_routing":[[15, 11], [11, 17], [17, 18], [18, 0], [0, 1], [1, 14], [14, 13], [13, 25], [25, 26], [26, 27], [27, 28], [28, 48], [48, 44], [44, 50], [50, 51], [51, 33], [33, 34], [34, 47], [47, 46], [46, 58], [58, 59], [59, 60], [60, 61], [61, 81], [81, 77], [77, 83], [83, 84], [84, 66], [66, 67], [67, 80], [80, 79], [79, 91], [91, 92], [92, 93], [93, 94], [94, 114], [114, 110], [110, 116], [116, 117], [117, 99], [99, 100], [100, 113], [113, 112], [112, 124], [124, 125], [125, 126], [126, 127], [127, 147], [147, 143], [143, 149], [149, 150], [150, 132], [132, 133], [133, 146], [146, 145], [145, 157], [157, 158], [158, 159], [159, 160], [160, 180], [180, 176], [176, 182], [182, 183], [183, 165], [165, 166], [166, 179], [179, 178], [178, 190], [190, 191], [191, 192], [192, 193]],"Properties":{"MultiAlternativeWaypoint": {"waypoint": [1,130,9,140,143,145,149,27,28,33,166,174,51,180,58,62,192,193,72,77,80,94,98,99,106,125]},"Reachability":{"startNode":15,"finalNode":193}}}
Persimmon stdout:  Chain equivalence reduction: 114 -> 71
<=== Starting iteration 0 ===>
<=== Starting iteration 1 ===>
<=== Starting iteration 2 ===>
Solution: Some([[126, 79, 91, 92, 93, 166, 133, 146, 27, 83, 84, 145, 14, 13, 25, 26, 59, 60, 67, 50, 100, 113, 112, 124, 150, 80, 17, 18, 125, 149, 179, 178, 190, 191, 34, 47, 46, 58, 182, 183, 1, 192, 51, 157, 158, 159, 116, 117], [66, 44, 143, 132, 11, 99, 165, 176, 77, 110, 33, 0], [75, 74, 97, 95, 40, 39, 174, 73, 141, 130, 105, 173, 196, 197, 194, 131, 128, 172, 171, 42, 41, 64, 65, 72, 163, 164, 161, 106, 98, 8, 31, 32, 29, 7, 6, 62, 108, 107, 9, 140, 139, 138]])
Time elapsed: 6.60ms
Time elapsed(s): 0.006595s

Persimmon stderr:  
Time: 0.006595
Solution: [[126, 79, 91, 92, 93, 166, 133, 146, 27, 83, 84, 145, 14, 13, 25, 26, 59, 60, 67, 50, 100, 113, 112, 124, 150, 80, 17, 18, 125, 149, 179, 178, 190, 191, 34, 47, 46, 58, 182, 183, 1, 192, 51, 157, 158, 159, 116, 117], [66, 44, 143, 132, 11, 99, 165, 176, 77, 110, 33, 0], [75, 74, 97, 95, 40, 39, 174, 73, 141, 130, 105, 173, 196, 197, 194, 131, 128, 172, 171, 42, 41, 64, 65, 72, 163, 164, 161, 106, 98, 8, 31, 32, 29, 7, 6, 62, 108, 107, 9, 140, 139, 138]]
	Command being timed: "python3 allsynth/run.py -t PERS --GML topologies/topzoo/GtsPoland.gml 5 --dir topzoo_res/SeparateWPk/PERS/PERS-2 --e-prop SeparateWPk --repeat 1"
	User time (seconds): 0.76
	System time (seconds): 1.22
	Percent of CPU this job got: 429%
	Elapsed (wall clock) time (h:mm:ss or m:ss): 0:00.46
	Average shared text size (kbytes): 0
	Average unshared data size (kbytes): 0
	Average stack size (kbytes): 0
	Average total size (kbytes): 0
	Maximum resident set size (kbytes): 71768
	Average resident set size (kbytes): 0
	Major (requiring I/O) page faults: 0
	Minor (reclaiming a frame) page faults: 13309
	Voluntary context switches: 29
	Involuntary context switches: 324
	Swaps: 0
	File system inputs: 0
	File system outputs: 32
	Socket messages sent: 0
	Socket messages received: 0
	Signals delivered: 0
	Page size (bytes): 4096
	Exit status: 0
