Namespace(tool='kaki', exper=None, gml=['topologies/topzoo/Airtel.gml', '5'], index=None, prop='SC', prop_file=None, op_req=None, repeat=1, reduce=False, opt=False, u=False, some=False, count=False, weight_bound=None, savedir='topzoo_res/SC/kaki/kaki-1', dump_bdd=False)
Running 5Airtel.gml
Policy: (Service([23, 46, 63, 84]-95) & (Reach 95))
Initial path of nodes: [4, 9, 1, 14, 15, 18, 23, 16, 29, 28, 36, 41, 33, 46, 47, 52, 57, 49, 62, 63, 68, 73, 65, 78, 79, 84, 89, 81, 94, 95]
Final path of nodes: [4, 9, 7, 14, 15, 18, 23, 17, 29, 28, 36, 41, 39, 46, 47, 52, 57, 55, 62, 63, 68, 73, 71, 78, 79, 84, 89, 87, 94, 95]
{"Initial_routing":[[4, 9], [9, 1], [1, 14], [14, 15], [15, 18], [18, 23], [23, 16], [16, 29], [29, 28], [28, 36], [36, 41], [41, 33], [33, 46], [46, 47], [47, 52], [52, 57], [57, 49], [49, 62], [62, 63], [63, 68], [68, 73], [73, 65], [65, 78], [78, 79], [79, 84], [84, 89], [89, 81], [81, 94], [94, 95]],"Final_routing":[[4, 9], [9, 7], [7, 14], [14, 15], [15, 18], [18, 23], [23, 17], [17, 29], [29, 28], [28, 36], [36, 41], [41, 39], [39, 46], [46, 47], [47, 52], [52, 57], [57, 55], [55, 62], [62, 63], [63, 68], [68, 73], [73, 71], [71, 78], [78, 79], [79, 84], [84, 89], [89, 87], [87, 94], [94, 95]],"Properties":{"Waypoint": { "startNode": -1, "finalNode": -1, "waypoint": []}, "LoopFreedom": { "startNode": -1},"DFA": {"initialState": 0, "finalStates": [4], "edges": [{"from": 0, "to": 1, "label": 23},{"from": 1, "to": 2, "label": 46},{"from": 2, "to": 3, "label": 63},{"from": 3, "to": 4, "label": 84}]},"Reachability":{"startNode":4,"finalNode":95}}}
Kaki stdout:  Version: 1.15 
 kaki/verifypn-linux64 /tmp/tmphtodl6f6
DFA generation time: 0.01 seconds 
DFA states: 15 
DFA transitions: 129
Problem file: /tmp/tmphtodl6f6
Switches to update: 18

Decomposed topology into 6 subproblems
Topological decomposition took 0.004 seconds
Subproblem verification time: 0.027 seconds
Subproblem verification time: 0.008 seconds
Subproblem verification time: 0.008 seconds
Subproblem verification time: 0.007 seconds
Subproblem verification time: 0.008 seconds
Subproblem verification time: 0.008 seconds
Minimum batches required: 3
[[7, 17, 39, 55, 71, 87], [9, 23, 41, 57, 73, 89], [1, 16, 33, 49, 65, 81]]
Total program runtime: 0.175 seconds

Kaki stderr:  
Time: 0.175
Solution: []
	Command being timed: "python3 allsynth/run.py -t kaki --GML topologies/topzoo/Airtel.gml 5 --dir topzoo_res/SC/kaki/kaki-1 --e-prop SC --repeat 1"
	User time (seconds): 1.26
	System time (seconds): 1.39
	Percent of CPU this job got: 408%
	Elapsed (wall clock) time (h:mm:ss or m:ss): 0:00.65
	Average shared text size (kbytes): 0
	Average unshared data size (kbytes): 0
	Average stack size (kbytes): 0
	Average total size (kbytes): 0
	Maximum resident set size (kbytes): 93404
	Average resident set size (kbytes): 0
	Major (requiring I/O) page faults: 0
	Minor (reclaiming a frame) page faults: 36929
	Voluntary context switches: 3585
	Involuntary context switches: 630
	Swaps: 0
	File system inputs: 0
	File system outputs: 24
	Socket messages sent: 0
	Socket messages received: 0
	Signals delivered: 0
	Page size (bytes): 4096
	Exit status: 0
