Namespace(tool='kaki', exper=None, gml=['topologies/topzoo/Bellcanada.gml', '5'], index=None, prop='SC', prop_file=None, op_req=None, repeat=1, reduce=False, opt=False, u=False, some=False, count=False, weight_bound=None, savedir='topzoo_res/SC/kaki/kaki-1', dump_bdd=False)
Running 5Bellcanada.gml
Policy: (Service([19, 65, 110, 106, 162, 208, 246, 259]-250) & (Reach 250))
Initial path of nodes: [6, 1, 2, 46, 45, 34, 29, 13, 14, 16, 17, 18, 19, 10, 54, 49, 50, 94, 93, 82, 77, 61, 62, 64, 65, 66, 67, 58, 102, 97, 98, 142, 141, 130, 125, 109, 110, 112, 113, 114, 115, 106, 150, 145, 146, 190, 189, 178, 173, 157, 158, 160, 161, 162, 163, 154, 198, 193, 194, 238, 237, 226, 221, 205, 206, 208, 209, 210, 211, 202, 246, 241, 242, 286, 285, 274, 269, 253, 254, 256, 257, 258, 259, 250]
Final path of nodes: [6, 7, 4, 33, 31, 35, 40, 12, 14, 15, 16, 17, 18, 19, 10, 54, 55, 52, 81, 79, 83, 88, 60, 62, 63, 64, 65, 66, 67, 58, 102, 103, 100, 129, 127, 131, 136, 108, 110, 111, 112, 113, 114, 115, 106, 150, 151, 148, 177, 175, 179, 184, 156, 158, 159, 160, 161, 162, 163, 154, 198, 199, 196, 225, 223, 227, 232, 204, 206, 207, 208, 209, 210, 211, 202, 246, 247, 244, 273, 271, 275, 280, 252, 254, 255, 256, 257, 258, 259, 250]
{"Initial_routing":[[6, 1], [1, 2], [2, 46], [46, 45], [45, 34], [34, 29], [29, 13], [13, 14], [14, 16], [16, 17], [17, 18], [18, 19], [19, 10], [10, 54], [54, 49], [49, 50], [50, 94], [94, 93], [93, 82], [82, 77], [77, 61], [61, 62], [62, 64], [64, 65], [65, 66], [66, 67], [67, 58], [58, 102], [102, 97], [97, 98], [98, 142], [142, 141], [141, 130], [130, 125], [125, 109], [109, 110], [110, 112], [112, 113], [113, 114], [114, 115], [115, 106], [106, 150], [150, 145], [145, 146], [146, 190], [190, 189], [189, 178], [178, 173], [173, 157], [157, 158], [158, 160], [160, 161], [161, 162], [162, 163], [163, 154], [154, 198], [198, 193], [193, 194], [194, 238], [238, 237], [237, 226], [226, 221], [221, 205], [205, 206], [206, 208], [208, 209], [209, 210], [210, 211], [211, 202], [202, 246], [246, 241], [241, 242], [242, 286], [286, 285], [285, 274], [274, 269], [269, 253], [253, 254], [254, 256], [256, 257], [257, 258], [258, 259], [259, 250]],"Final_routing":[[6, 7], [7, 4], [4, 33], [33, 31], [31, 35], [35, 40], [40, 12], [12, 14], [14, 15], [15, 16], [16, 17], [17, 18], [18, 19], [19, 10], [10, 54], [54, 55], [55, 52], [52, 81], [81, 79], [79, 83], [83, 88], [88, 60], [60, 62], [62, 63], [63, 64], [64, 65], [65, 66], [66, 67], [67, 58], [58, 102], [102, 103], [103, 100], [100, 129], [129, 127], [127, 131], [131, 136], [136, 108], [108, 110], [110, 111], [111, 112], [112, 113], [113, 114], [114, 115], [115, 106], [106, 150], [150, 151], [151, 148], [148, 177], [177, 175], [175, 179], [179, 184], [184, 156], [156, 158], [158, 159], [159, 160], [160, 161], [161, 162], [162, 163], [163, 154], [154, 198], [198, 199], [199, 196], [196, 225], [225, 223], [223, 227], [227, 232], [232, 204], [204, 206], [206, 207], [207, 208], [208, 209], [209, 210], [210, 211], [211, 202], [202, 246], [246, 247], [247, 244], [244, 273], [273, 271], [271, 275], [275, 280], [280, 252], [252, 254], [254, 255], [255, 256], [256, 257], [257, 258], [258, 259], [259, 250]],"Properties":{"Waypoint": { "startNode": -1, "finalNode": -1, "waypoint": []}, "LoopFreedom": { "startNode": -1},"DFA": {"initialState": 0, "finalStates": [8], "edges": [{"from": 0, "to": 1, "label": 19},{"from": 1, "to": 2, "label": 65},{"from": 2, "to": 3, "label": 110},{"from": 3, "to": 4, "label": 106},{"from": 4, "to": 5, "label": 162},{"from": 5, "to": 6, "label": 208},{"from": 6, "to": 7, "label": 246},{"from": 7, "to": 8, "label": 259}]},"Reachability":{"startNode":6,"finalNode":250}}}
Kaki stdout:  Version: 1.15 
 kaki/verifypn-linux64 /tmp/tmp8p1zyvnw
DFA generation time: 0.015 seconds 
DFA states: 27 
DFA transitions: 742
Problem file: /tmp/tmp8p1zyvnw
Switches to update: 102

Decomposed topology into 6 subproblems
Topological decomposition took 0.022 seconds
Subproblem verification time: 0.04 seconds
Subproblem verification time: 0.009 seconds
Subproblem verification time: 0.01 seconds
Subproblem verification time: 0.009 seconds
Subproblem verification time: 0.01 seconds
Subproblem verification time: 0.009 seconds
Minimum batches required: 3
[[7, 15, 4, 33, 31, 35, 40, 12, 55, 63, 52, 81, 79, 83, 88, 60, 103, 111, 100, 129, 127, 131, 136, 108, 151, 159, 148, 177, 175, 179, 184, 156, 199, 207, 196, 225, 223, 227, 232, 204, 247, 255, 244, 273, 271, 275, 280, 252], [14, 6, 62, 54, 110, 102, 158, 150, 206, 198, 254, 246], [1, 2, 46, 45, 34, 29, 13, 49, 50, 94, 93, 82, 77, 61, 97, 98, 142, 141, 130, 125, 109, 145, 146, 190, 189, 178, 173, 157, 193, 194, 238, 237, 226, 221, 205, 241, 242, 286, 285, 274, 269, 253]]
Total program runtime: 0.239 seconds

Kaki stderr:  
Time: 0.239
Solution: []
	Command being timed: "python3 allsynth/run.py -t kaki --GML topologies/topzoo/Bellcanada.gml 5 --dir topzoo_res/SC/kaki/kaki-1 --e-prop SC --repeat 1"
	User time (seconds): 1.96
	System time (seconds): 1.33
	Percent of CPU this job got: 427%
	Elapsed (wall clock) time (h:mm:ss or m:ss): 0:00.77
	Average shared text size (kbytes): 0
	Average unshared data size (kbytes): 0
	Average stack size (kbytes): 0
	Average total size (kbytes): 0
	Maximum resident set size (kbytes): 111208
	Average resident set size (kbytes): 0
	Major (requiring I/O) page faults: 0
	Minor (reclaiming a frame) page faults: 44710
	Voluntary context switches: 5281
	Involuntary context switches: 178
	Swaps: 0
	File system inputs: 0
	File system outputs: 32
	Socket messages sent: 0
	Socket messages received: 0
	Signals delivered: 0
	Page size (bytes): 4096
	Exit status: 0
