Namespace(tool='kaki', exper=None, gml=['topologies/topzoo/Cesnet200706.gml', '5'], index=None, prop='SC', prop_file=None, op_req=None, repeat=1, reduce=False, opt=False, u=False, some=False, count=False, weight_bound=None, savedir='topzoo_res/SC/kaki/kaki-1', dump_bdd=False)
Running 5Cesnet200706.gml
Policy: (Service([58, 104, 148, 170, 214, 259]-258) & (Reach 258))
Initial path of nodes: [16, 28, 9, 7, 40, 39, 38, 58, 83, 84, 51, 53, 72, 60, 104, 116, 97, 95, 128, 127, 126, 148, 160, 141, 139, 172, 171, 170, 192, 204, 185, 183, 216, 215, 214, 236, 248, 229, 227, 260, 259, 258]
Final path of nodes: [16, 28, 9, 6, 0, 41, 39, 38, 58, 83, 85, 44, 50, 53, 72, 60, 104, 116, 97, 94, 88, 129, 127, 126, 148, 160, 141, 138, 132, 172, 171, 170, 192, 204, 185, 182, 176, 217, 215, 214, 236, 248, 229, 226, 220, 260, 259, 258]
{"Initial_routing":[[16, 28], [28, 9], [9, 7], [7, 40], [40, 39], [39, 38], [38, 58], [58, 83], [83, 84], [84, 51], [51, 53], [53, 72], [72, 60], [60, 104], [104, 116], [116, 97], [97, 95], [95, 128], [128, 127], [127, 126], [126, 148], [148, 160], [160, 141], [141, 139], [139, 172], [172, 171], [171, 170], [170, 192], [192, 204], [204, 185], [185, 183], [183, 216], [216, 215], [215, 214], [214, 236], [236, 248], [248, 229], [229, 227], [227, 260], [260, 259], [259, 258]],"Final_routing":[[16, 28], [28, 9], [9, 6], [6, 0], [0, 41], [41, 39], [39, 38], [38, 58], [58, 83], [83, 85], [85, 44], [44, 50], [50, 53], [53, 72], [72, 60], [60, 104], [104, 116], [116, 97], [97, 94], [94, 88], [88, 129], [129, 127], [127, 126], [126, 148], [148, 160], [160, 141], [141, 138], [138, 132], [132, 172], [172, 171], [171, 170], [170, 192], [192, 204], [204, 185], [185, 182], [182, 176], [176, 217], [217, 215], [215, 214], [214, 236], [236, 248], [248, 229], [229, 226], [226, 220], [220, 260], [260, 259], [259, 258]],"Properties":{"Waypoint": { "startNode": -1, "finalNode": -1, "waypoint": []}, "LoopFreedom": { "startNode": -1},"DFA": {"initialState": 0, "finalStates": [6], "edges": [{"from": 0, "to": 1, "label": 58},{"from": 1, "to": 2, "label": 104},{"from": 2, "to": 3, "label": 148},{"from": 3, "to": 4, "label": 170},{"from": 4, "to": 5, "label": 214},{"from": 5, "to": 6, "label": 259}]},"Reachability":{"startNode":16,"finalNode":258}}}
Kaki stdout:  Version: 1.15 
 kaki/verifypn-linux64 /tmp/tmp6s5buubk
DFA generation time: 0.014 seconds 
DFA states: 12 
DFA transitions: 185
Problem file: /tmp/tmp6s5buubk
Switches to update: 32

Decomposed topology into 6 subproblems
Topological decomposition took 0.007 seconds
Subproblem verification time: 0.025 seconds
Subproblem verification time: 0.008 seconds
Subproblem verification time: 0.008 seconds
Subproblem verification time: 0.008 seconds
Subproblem verification time: 0.008 seconds
Subproblem verification time: 0.008 seconds
Minimum batches required: 3
[[6, 0, 41, 85, 44, 50, 94, 88, 129, 138, 132, 182, 176, 217, 226, 220], [9, 83, 97, 141, 185, 229], [7, 40, 84, 51, 95, 128, 139, 183, 216, 227]]
Total program runtime: 0.21 seconds

Kaki stderr:  
Time: 0.21
Solution: []
	Command being timed: "python3 allsynth/run.py -t kaki --GML topologies/topzoo/Cesnet200706.gml 5 --dir topzoo_res/SC/kaki/kaki-1 --e-prop SC --repeat 1"
	User time (seconds): 1.40
	System time (seconds): 1.41
	Percent of CPU this job got: 391%
	Elapsed (wall clock) time (h:mm:ss or m:ss): 0:00.71
	Average shared text size (kbytes): 0
	Average unshared data size (kbytes): 0
	Average stack size (kbytes): 0
	Average total size (kbytes): 0
	Maximum resident set size (kbytes): 97360
	Average resident set size (kbytes): 0
	Major (requiring I/O) page faults: 0
	Minor (reclaiming a frame) page faults: 37713
	Voluntary context switches: 4348
	Involuntary context switches: 161
	Swaps: 0
	File system inputs: 0
	File system outputs: 24
	Socket messages sent: 0
	Socket messages received: 0
	Signals delivered: 0
	Page size (bytes): 4096
	Exit status: 0
