Namespace(tool='kaki', exper=None, gml=['topologies/topzoo/Columbus.gml', '5'], index=None, prop='SC', prop_file=None, op_req=None, repeat=1, reduce=False, opt=False, u=False, some=False, count=False, weight_bound=None, savedir='topzoo_res/SC/kaki/kaki-1', dump_bdd=False)
Running 5Columbus.gml
Policy: (Service([64, 133, 205, 238, 337, 369, 414]-414) & (Reach 414))
Initial path of nodes: [19, 18, 47, 48, 57, 5, 4, 7, 1, 0, 27, 9, 46, 29, 67, 28, 65, 63, 64, 89, 88, 117, 118, 127, 75, 74, 77, 71, 70, 97, 79, 116, 99, 137, 98, 135, 133, 134, 159, 158, 187, 188, 197, 145, 144, 147, 141, 140, 167, 149, 186, 169, 207, 168, 205, 203, 204, 229, 228, 257, 258, 267, 215, 214, 217, 211, 210, 237, 219, 256, 239, 277, 238, 275, 273, 274, 299, 298, 327, 328, 337, 285, 284, 287, 281, 280, 307, 289, 326, 309, 347, 308, 345, 343, 344, 369, 368, 397, 398, 407, 355, 354, 357, 351, 350, 377, 359, 396, 379, 417, 378, 415, 413, 414]
Final path of nodes: [19, 20, 21, 22, 54, 50, 57, 56, 55, 16, 17, 58, 59, 44, 31, 26, 15, 12, 66, 28, 65, 63, 64, 89, 90, 91, 92, 124, 120, 127, 126, 125, 86, 87, 128, 129, 114, 101, 96, 85, 82, 136, 98, 135, 133, 134, 159, 160, 161, 162, 194, 190, 197, 196, 195, 156, 157, 198, 199, 184, 171, 166, 155, 152, 206, 168, 205, 203, 204, 229, 230, 231, 232, 264, 260, 267, 266, 265, 226, 227, 268, 269, 254, 241, 236, 225, 222, 276, 238, 275, 273, 274, 299, 300, 301, 302, 334, 330, 337, 336, 335, 296, 297, 338, 339, 324, 311, 306, 295, 292, 346, 308, 345, 343, 344, 369, 370, 371, 372, 404, 400, 407, 406, 405, 366, 367, 408, 409, 394, 381, 376, 365, 362, 416, 378, 415, 413, 414]
{"Initial_routing":[[19, 18], [18, 47], [47, 48], [48, 57], [57, 5], [5, 4], [4, 7], [7, 1], [1, 0], [0, 27], [27, 9], [9, 46], [46, 29], [29, 67], [67, 28], [28, 65], [65, 63], [63, 64], [64, 89], [89, 88], [88, 117], [117, 118], [118, 127], [127, 75], [75, 74], [74, 77], [77, 71], [71, 70], [70, 97], [97, 79], [79, 116], [116, 99], [99, 137], [137, 98], [98, 135], [135, 133], [133, 134], [134, 159], [159, 158], [158, 187], [187, 188], [188, 197], [197, 145], [145, 144], [144, 147], [147, 141], [141, 140], [140, 167], [167, 149], [149, 186], [186, 169], [169, 207], [207, 168], [168, 205], [205, 203], [203, 204], [204, 229], [229, 228], [228, 257], [257, 258], [258, 267], [267, 215], [215, 214], [214, 217], [217, 211], [211, 210], [210, 237], [237, 219], [219, 256], [256, 239], [239, 277], [277, 238], [238, 275], [275, 273], [273, 274], [274, 299], [299, 298], [298, 327], [327, 328], [328, 337], [337, 285], [285, 284], [284, 287], [287, 281], [281, 280], [280, 307], [307, 289], [289, 326], [326, 309], [309, 347], [347, 308], [308, 345], [345, 343], [343, 344], [344, 369], [369, 368], [368, 397], [397, 398], [398, 407], [407, 355], [355, 354], [354, 357], [357, 351], [351, 350], [350, 377], [377, 359], [359, 396], [396, 379], [379, 417], [417, 378], [378, 415], [415, 413], [413, 414]],"Final_routing":[[19, 20], [20, 21], [21, 22], [22, 54], [54, 50], [50, 57], [57, 56], [56, 55], [55, 16], [16, 17], [17, 58], [58, 59], [59, 44], [44, 31], [31, 26], [26, 15], [15, 12], [12, 66], [66, 28], [28, 65], [65, 63], [63, 64], [64, 89], [89, 90], [90, 91], [91, 92], [92, 124], [124, 120], [120, 127], [127, 126], [126, 125], [125, 86], [86, 87], [87, 128], [128, 129], [129, 114], [114, 101], [101, 96], [96, 85], [85, 82], [82, 136], [136, 98], [98, 135], [135, 133], [133, 134], [134, 159], [159, 160], [160, 161], [161, 162], [162, 194], [194, 190], [190, 197], [197, 196], [196, 195], [195, 156], [156, 157], [157, 198], [198, 199], [199, 184], [184, 171], [171, 166], [166, 155], [155, 152], [152, 206], [206, 168], [168, 205], [205, 203], [203, 204], [204, 229], [229, 230], [230, 231], [231, 232], [232, 264], [264, 260], [260, 267], [267, 266], [266, 265], [265, 226], [226, 227], [227, 268], [268, 269], [269, 254], [254, 241], [241, 236], [236, 225], [225, 222], [222, 276], [276, 238], [238, 275], [275, 273], [273, 274], [274, 299], [299, 300], [300, 301], [301, 302], [302, 334], [334, 330], [330, 337], [337, 336], [336, 335], [335, 296], [296, 297], [297, 338], [338, 339], [339, 324], [324, 311], [311, 306], [306, 295], [295, 292], [292, 346], [346, 308], [308, 345], [345, 343], [343, 344], [344, 369], [369, 370], [370, 371], [371, 372], [372, 404], [404, 400], [400, 407], [407, 406], [406, 405], [405, 366], [366, 367], [367, 408], [408, 409], [409, 394], [394, 381], [381, 376], [376, 365], [365, 362], [362, 416], [416, 378], [378, 415], [415, 413], [413, 414]],"Properties":{"Waypoint": { "startNode": -1, "finalNode": -1, "waypoint": []}, "LoopFreedom": { "startNode": -1},"DFA": {"initialState": 0, "finalStates": [7], "edges": [{"from": 0, "to": 1, "label": 64},{"from": 1, "to": 2, "label": 133},{"from": 2, "to": 3, "label": 205},{"from": 3, "to": 4, "label": 238},{"from": 4, "to": 5, "label": 337},{"from": 5, "to": 6, "label": 369},{"from": 6, "to": 7, "label": 414}]},"Reachability":{"startNode":19,"finalNode":414}}}
Kaki stdout:  Version: 1.15 
 kaki/verifypn-linux64 /tmp/tmprcbbfvo3
DFA generation time: 0.02 seconds 
DFA states: 18 
DFA transitions: 1048
Problem file: /tmp/tmprcbbfvo3
Switches to update: 192

Decomposed topology into 6 subproblems
Topological decomposition took 0.035 seconds
Subproblem verification time: 0.042 seconds
Subproblem verification time: 0.012 seconds
Subproblem verification time: 0.012 seconds
Subproblem verification time: 0.012 seconds
Subproblem verification time: 0.013 seconds
Subproblem verification time: 0.011 seconds
Minimum batches required: 3
[[20, 56, 21, 22, 54, 50, 55, 16, 17, 58, 59, 44, 31, 26, 15, 12, 66, 90, 126, 91, 92, 124, 120, 125, 86, 87, 128, 129, 114, 101, 96, 85, 82, 136, 160, 196, 161, 162, 194, 190, 195, 156, 157, 198, 199, 184, 171, 166, 155, 152, 206, 230, 266, 231, 232, 264, 260, 265, 226, 227, 268, 269, 254, 241, 236, 225, 222, 276, 300, 336, 301, 302, 334, 330, 335, 296, 297, 338, 339, 324, 311, 306, 295, 292, 346, 370, 406, 371, 372, 404, 400, 405, 366, 367, 408, 409, 394, 381, 376, 365, 362, 416], [57, 19, 127, 89, 197, 159, 267, 229, 337, 299, 407, 369], [18, 47, 48, 5, 4, 7, 1, 0, 27, 9, 46, 29, 67, 88, 117, 118, 75, 74, 77, 71, 70, 97, 79, 116, 99, 137, 158, 187, 188, 145, 144, 147, 141, 140, 167, 149, 186, 169, 207, 228, 257, 258, 215, 214, 217, 211, 210, 237, 219, 256, 239, 277, 298, 327, 328, 285, 284, 287, 281, 280, 307, 289, 326, 309, 347, 368, 397, 398, 355, 354, 357, 351, 350, 377, 359, 396, 379, 417]]
Total program runtime: 0.307 seconds

Kaki stderr:  
Time: 0.307
Solution: []
	Command being timed: "python3 allsynth/run.py -t kaki --GML topologies/topzoo/Columbus.gml 5 --dir topzoo_res/SC/kaki/kaki-1 --e-prop SC --repeat 1"
	User time (seconds): 2.36
	System time (seconds): 1.35
	Percent of CPU this job got: 412%
	Elapsed (wall clock) time (h:mm:ss or m:ss): 0:00.90
	Average shared text size (kbytes): 0
	Average unshared data size (kbytes): 0
	Average stack size (kbytes): 0
	Average total size (kbytes): 0
	Maximum resident set size (kbytes): 138456
	Average resident set size (kbytes): 0
	Major (requiring I/O) page faults: 0
	Minor (reclaiming a frame) page faults: 46829
	Voluntary context switches: 6395
	Involuntary context switches: 190
	Swaps: 0
	File system inputs: 0
	File system outputs: 32
	Socket messages sent: 0
	Socket messages received: 0
	Signals delivered: 0
	Page size (bytes): 4096
	Exit status: 0
