Namespace(tool='kaki', exper=None, gml=['topologies/topzoo/Easynet.gml', '5'], index=None, prop='SC', prop_file=None, op_req=None, repeat=1, reduce=False, opt=False, u=False, some=False, count=False, weight_bound=None, savedir='topzoo_res/SC/kaki/kaki-1', dump_bdd=False)
Running 5Easynet.gml
Policy: (Service([12, 31, 48, 66, 85, 102]-107) & (Reach 107))
Initial path of nodes: [2, 3, 7, 9, 10, 11, 12, 21, 22, 26, 28, 29, 30, 31, 40, 41, 45, 47, 48, 49, 50, 59, 60, 64, 66, 67, 68, 69, 78, 79, 83, 85, 86, 87, 88, 97, 98, 102, 104, 105, 106, 107]
Final path of nodes: [2, 3, 7, 17, 9, 10, 13, 12, 21, 22, 19, 26, 28, 34, 33, 32, 31, 40, 41, 45, 55, 47, 48, 51, 50, 59, 60, 57, 64, 66, 72, 71, 70, 69, 78, 79, 83, 93, 85, 86, 89, 88, 97, 98, 95, 102, 104, 110, 109, 108, 107]
{"Initial_routing":[[2, 3], [3, 7], [7, 9], [9, 10], [10, 11], [11, 12], [12, 21], [21, 22], [22, 26], [26, 28], [28, 29], [29, 30], [30, 31], [31, 40], [40, 41], [41, 45], [45, 47], [47, 48], [48, 49], [49, 50], [50, 59], [59, 60], [60, 64], [64, 66], [66, 67], [67, 68], [68, 69], [69, 78], [78, 79], [79, 83], [83, 85], [85, 86], [86, 87], [87, 88], [88, 97], [97, 98], [98, 102], [102, 104], [104, 105], [105, 106], [106, 107]],"Final_routing":[[2, 3], [3, 7], [7, 17], [17, 9], [9, 10], [10, 13], [13, 12], [12, 21], [21, 22], [22, 19], [19, 26], [26, 28], [28, 34], [34, 33], [33, 32], [32, 31], [31, 40], [40, 41], [41, 45], [45, 55], [55, 47], [47, 48], [48, 51], [51, 50], [50, 59], [59, 60], [60, 57], [57, 64], [64, 66], [66, 72], [72, 71], [71, 70], [70, 69], [69, 78], [78, 79], [79, 83], [83, 93], [93, 85], [85, 86], [86, 89], [89, 88], [88, 97], [97, 98], [98, 95], [95, 102], [102, 104], [104, 110], [110, 109], [109, 108], [108, 107]],"Properties":{"Waypoint": { "startNode": -1, "finalNode": -1, "waypoint": []}, "LoopFreedom": { "startNode": -1},"DFA": {"initialState": 0, "finalStates": [6], "edges": [{"from": 0, "to": 1, "label": 12},{"from": 1, "to": 2, "label": 31},{"from": 2, "to": 3, "label": 48},{"from": 3, "to": 4, "label": 66},{"from": 4, "to": 5, "label": 85},{"from": 5, "to": 6, "label": 102}]},"Reachability":{"startNode":2,"finalNode":107}}}
Kaki stdout:  Version: 1.15 
 kaki/verifypn-linux64 /tmp/tmpe22cmpjt
DFA generation time: 0.013 seconds 
DFA states: 37 
DFA transitions: 434
Problem file: /tmp/tmpe22cmpjt
Switches to update: 39

Decomposed topology into 12 subproblems
Topological decomposition took 0.009 seconds
Subproblem verification time: 0.026 seconds
Subproblem verification time: 0.009 seconds
Subproblem verification time: 0.008 seconds
Subproblem verification time: 0.008 seconds
Subproblem verification time: 0.008 seconds
Subproblem verification time: 0.008 seconds
Subproblem verification time: 0.009 seconds
Subproblem verification time: 0.008 seconds
Subproblem verification time: 0.008 seconds
Subproblem verification time: 0.008 seconds
Subproblem verification time: 0.008 seconds
Subproblem verification time: 0.01 seconds
Minimum batches required: 3
[[17, 13, 19, 34, 33, 32, 55, 51, 57, 72, 71, 70, 93, 89, 95, 110, 109, 108], [7, 10, 22, 28, 45, 48, 60, 66, 83, 86, 98, 104], [11, 29, 30, 49, 67, 68, 87, 105, 106]]
Total program runtime: 0.253 seconds

Kaki stderr:  
Time: 0.253
Solution: []
	Command being timed: "python3 allsynth/run.py -t kaki --GML topologies/topzoo/Easynet.gml 5 --dir topzoo_res/SC/kaki/kaki-1 --e-prop SC --repeat 1"
	User time (seconds): 1.62
	System time (seconds): 1.43
	Percent of CPU this job got: 418%
	Elapsed (wall clock) time (h:mm:ss or m:ss): 0:00.73
	Average shared text size (kbytes): 0
	Average unshared data size (kbytes): 0
	Average stack size (kbytes): 0
	Average total size (kbytes): 0
	Maximum resident set size (kbytes): 108356
	Average resident set size (kbytes): 0
	Major (requiring I/O) page faults: 0
	Minor (reclaiming a frame) page faults: 53779
	Voluntary context switches: 4679
	Involuntary context switches: 192
	Swaps: 0
	File system inputs: 0
	File system outputs: 24
	Socket messages sent: 0
	Socket messages received: 0
	Signals delivered: 0
	Page size (bytes): 4096
	Exit status: 0
