Namespace(tool='kaki', exper=None, gml=['topologies/topzoo/Garr201111.gml', '5'], index=None, prop='SC', prop_file=None, op_req=None, repeat=1, reduce=False, opt=False, u=False, some=False, count=False, weight_bound=None, savedir='topzoo_res/SC/kaki/kaki-1', dump_bdd=False)
Running 5Garr201111.gml
Policy: (Service([31, 74, 142, 152, 213, 261, 308, 331]-332) & (Reach 332))
Initial path of nodes: [8, 22, 21, 10, 54, 14, 33, 31, 32, 68, 82, 81, 70, 114, 74, 93, 91, 92, 128, 142, 141, 130, 174, 134, 153, 151, 152, 188, 202, 201, 190, 234, 194, 213, 211, 212, 248, 262, 261, 250, 294, 254, 273, 271, 272, 308, 322, 321, 310, 354, 314, 333, 331, 332]
Final path of nodes: [8, 22, 21, 18, 48, 14, 33, 31, 32, 68, 82, 81, 78, 108, 74, 94, 93, 91, 92, 128, 142, 141, 138, 168, 134, 153, 151, 152, 188, 202, 201, 198, 228, 194, 214, 213, 211, 212, 248, 262, 261, 258, 288, 254, 273, 271, 272, 308, 322, 321, 318, 348, 314, 334, 333, 331, 332]
{"Initial_routing":[[8, 22], [22, 21], [21, 10], [10, 54], [54, 14], [14, 33], [33, 31], [31, 32], [32, 68], [68, 82], [82, 81], [81, 70], [70, 114], [114, 74], [74, 93], [93, 91], [91, 92], [92, 128], [128, 142], [142, 141], [141, 130], [130, 174], [174, 134], [134, 153], [153, 151], [151, 152], [152, 188], [188, 202], [202, 201], [201, 190], [190, 234], [234, 194], [194, 213], [213, 211], [211, 212], [212, 248], [248, 262], [262, 261], [261, 250], [250, 294], [294, 254], [254, 273], [273, 271], [271, 272], [272, 308], [308, 322], [322, 321], [321, 310], [310, 354], [354, 314], [314, 333], [333, 331], [331, 332]],"Final_routing":[[8, 22], [22, 21], [21, 18], [18, 48], [48, 14], [14, 33], [33, 31], [31, 32], [32, 68], [68, 82], [82, 81], [81, 78], [78, 108], [108, 74], [74, 94], [94, 93], [93, 91], [91, 92], [92, 128], [128, 142], [142, 141], [141, 138], [138, 168], [168, 134], [134, 153], [153, 151], [151, 152], [152, 188], [188, 202], [202, 201], [201, 198], [198, 228], [228, 194], [194, 214], [214, 213], [213, 211], [211, 212], [212, 248], [248, 262], [262, 261], [261, 258], [258, 288], [288, 254], [254, 273], [273, 271], [271, 272], [272, 308], [308, 322], [322, 321], [321, 318], [318, 348], [348, 314], [314, 334], [334, 333], [333, 331], [331, 332]],"Properties":{"Waypoint": { "startNode": -1, "finalNode": -1, "waypoint": []}, "LoopFreedom": { "startNode": -1},"DFA": {"initialState": 0, "finalStates": [8], "edges": [{"from": 0, "to": 1, "label": 31},{"from": 1, "to": 2, "label": 74},{"from": 2, "to": 3, "label": 142},{"from": 3, "to": 4, "label": 152},{"from": 4, "to": 5, "label": 213},{"from": 5, "to": 6, "label": 261},{"from": 6, "to": 7, "label": 308},{"from": 7, "to": 8, "label": 331}]},"Reachability":{"startNode":8,"finalNode":332}}}
Kaki stdout:  Version: 1.15 
 kaki/verifypn-linux64 /tmp/tmpxm2rqkmq
DFA generation time: 0.014 seconds 
DFA states: 23 
DFA transitions: 379
Problem file: /tmp/tmpxm2rqkmq
Switches to update: 36

Decomposed topology into 6 subproblems
Topological decomposition took 0.009 seconds
Subproblem verification time: 0.029 seconds
Subproblem verification time: 0.01 seconds
Subproblem verification time: 0.009 seconds
Subproblem verification time: 0.011 seconds
Subproblem verification time: 0.009 seconds
Subproblem verification time: 0.01 seconds
Minimum batches required: 3
[[18, 48, 78, 94, 108, 138, 168, 198, 214, 228, 258, 288, 318, 334, 348], [21, 74, 81, 141, 194, 201, 261, 314, 321], [10, 54, 70, 114, 130, 174, 190, 234, 250, 294, 310, 354]]
Total program runtime: 0.218 seconds

Kaki stderr:  
Time: 0.218
Solution: []
	Command being timed: "python3 allsynth/run.py -t kaki --GML topologies/topzoo/Garr201111.gml 5 --dir topzoo_res/SC/kaki/kaki-1 --e-prop SC --repeat 1"
	User time (seconds): 1.62
	System time (seconds): 1.29
	Percent of CPU this job got: 351%
	Elapsed (wall clock) time (h:mm:ss or m:ss): 0:00.83
	Average shared text size (kbytes): 0
	Average unshared data size (kbytes): 0
	Average stack size (kbytes): 0
	Average total size (kbytes): 0
	Maximum resident set size (kbytes): 98520
	Average resident set size (kbytes): 0
	Major (requiring I/O) page faults: 0
	Minor (reclaiming a frame) page faults: 38841
	Voluntary context switches: 4400
	Involuntary context switches: 596
	Swaps: 0
	File system inputs: 0
	File system outputs: 24
	Socket messages sent: 0
	Socket messages received: 0
	Signals delivered: 0
	Page size (bytes): 4096
	Exit status: 0
