Namespace(tool='kaki', exper=None, gml=['topologies/topzoo/Geant2012.gml', '5'], index=None, prop='SC', prop_file=None, op_req=None, repeat=1, reduce=False, opt=False, u=False, some=False, count=False, weight_bound=None, savedir='topzoo_res/SC/kaki/kaki-1', dump_bdd=False)
Running 5Geant2012.gml
Policy: (Service([37, 76, 82, 124, 173, 211, 237]-237) & (Reach 237))
Initial path of nodes: [11, 13, 12, 15, 29, 4, 2, 36, 37, 51, 53, 52, 55, 69, 44, 42, 76, 77, 91, 93, 92, 95, 109, 84, 82, 116, 117, 131, 133, 132, 135, 149, 124, 122, 156, 157, 171, 173, 172, 175, 189, 164, 162, 196, 197, 211, 213, 212, 215, 229, 204, 202, 236, 237]
Final path of nodes: [11, 13, 22, 23, 5, 4, 2, 35, 36, 37, 51, 53, 62, 63, 45, 44, 40, 42, 76, 77, 91, 93, 102, 103, 85, 84, 82, 115, 116, 117, 131, 133, 142, 143, 125, 124, 120, 122, 156, 157, 171, 173, 182, 183, 165, 164, 162, 195, 196, 197, 211, 213, 222, 223, 205, 204, 200, 202, 236, 237]
{"Initial_routing":[[11, 13], [13, 12], [12, 15], [15, 29], [29, 4], [4, 2], [2, 36], [36, 37], [37, 51], [51, 53], [53, 52], [52, 55], [55, 69], [69, 44], [44, 42], [42, 76], [76, 77], [77, 91], [91, 93], [93, 92], [92, 95], [95, 109], [109, 84], [84, 82], [82, 116], [116, 117], [117, 131], [131, 133], [133, 132], [132, 135], [135, 149], [149, 124], [124, 122], [122, 156], [156, 157], [157, 171], [171, 173], [173, 172], [172, 175], [175, 189], [189, 164], [164, 162], [162, 196], [196, 197], [197, 211], [211, 213], [213, 212], [212, 215], [215, 229], [229, 204], [204, 202], [202, 236], [236, 237]],"Final_routing":[[11, 13], [13, 22], [22, 23], [23, 5], [5, 4], [4, 2], [2, 35], [35, 36], [36, 37], [37, 51], [51, 53], [53, 62], [62, 63], [63, 45], [45, 44], [44, 40], [40, 42], [42, 76], [76, 77], [77, 91], [91, 93], [93, 102], [102, 103], [103, 85], [85, 84], [84, 82], [82, 115], [115, 116], [116, 117], [117, 131], [131, 133], [133, 142], [142, 143], [143, 125], [125, 124], [124, 120], [120, 122], [122, 156], [156, 157], [157, 171], [171, 173], [173, 182], [182, 183], [183, 165], [165, 164], [164, 162], [162, 195], [195, 196], [196, 197], [197, 211], [211, 213], [213, 222], [222, 223], [223, 205], [205, 204], [204, 200], [200, 202], [202, 236], [236, 237]],"Properties":{"Waypoint": { "startNode": -1, "finalNode": -1, "waypoint": []}, "LoopFreedom": { "startNode": -1},"DFA": {"initialState": 0, "finalStates": [7], "edges": [{"from": 0, "to": 1, "label": 37},{"from": 1, "to": 2, "label": 76},{"from": 2, "to": 3, "label": 82},{"from": 3, "to": 4, "label": 124},{"from": 4, "to": 5, "label": 173},{"from": 5, "to": 6, "label": 211},{"from": 6, "to": 7, "label": 237}]},"Reachability":{"startNode":11,"finalNode":237}}}
Kaki stdout:  Version: 1.15 
 kaki/verifypn-linux64 /tmp/tmpbvxhx327
DFA generation time: 0.013 seconds 
DFA states: 27 
DFA transitions: 392
Problem file: /tmp/tmpbvxhx327
Switches to update: 54

Decomposed topology into 9 subproblems
Topological decomposition took 0.01 seconds
Subproblem verification time: 0.03 seconds
Subproblem verification time: 0.009 seconds
Subproblem verification time: 0.009 seconds
Subproblem verification time: 0.008 seconds
Subproblem verification time: 0.008 seconds
Subproblem verification time: 0.01 seconds
Subproblem verification time: 0.008 seconds
Subproblem verification time: 0.008 seconds
Subproblem verification time: 0.008 seconds
Minimum batches required: 3
[[22, 23, 5, 35, 62, 40, 63, 45, 102, 103, 85, 115, 142, 120, 143, 125, 182, 183, 165, 195, 222, 200, 223, 205], [13, 2, 44, 53, 93, 82, 124, 133, 173, 162, 204, 213], [12, 15, 29, 52, 55, 69, 92, 95, 109, 132, 135, 149, 172, 175, 189, 212, 215, 229]]
Total program runtime: 0.242 seconds

Kaki stderr:  
Time: 0.242
Solution: []
	Command being timed: "python3 allsynth/run.py -t kaki --GML topologies/topzoo/Geant2012.gml 5 --dir topzoo_res/SC/kaki/kaki-1 --e-prop SC --repeat 1"
	User time (seconds): 1.66
	System time (seconds): 1.43
	Percent of CPU this job got: 396%
	Elapsed (wall clock) time (h:mm:ss or m:ss): 0:00.78
	Average shared text size (kbytes): 0
	Average unshared data size (kbytes): 0
	Average stack size (kbytes): 0
	Average total size (kbytes): 0
	Maximum resident set size (kbytes): 110108
	Average resident set size (kbytes): 0
	Major (requiring I/O) page faults: 0
	Minor (reclaiming a frame) page faults: 47322
	Voluntary context switches: 5379
	Involuntary context switches: 1190
	Swaps: 0
	File system inputs: 0
	File system outputs: 24
	Socket messages sent: 0
	Socket messages received: 0
	Signals delivered: 0
	Page size (bytes): 4096
	Exit status: 0
