Namespace(tool='kaki', exper=None, gml=['topologies/topzoo/Getnet.gml', '5'], index=None, prop='SC', prop_file=None, op_req=None, repeat=1, reduce=False, opt=False, u=False, some=False, count=False, weight_bound=None, savedir='topzoo_res/SC/kaki/kaki-1', dump_bdd=False)
Running 5Getnet.gml
Policy: (Service([12, 23, 38]-41) & (Reach 41))
Initial path of nodes: [3, 2, 1, 6, 7, 8, 11, 12, 17, 16, 15, 20, 24, 23, 22, 27, 31, 30, 29, 34, 38, 37, 36, 41]
Final path of nodes: [3, 2, 4, 5, 6, 7, 8, 13, 12, 17, 16, 18, 19, 20, 24, 23, 25, 26, 27, 31, 30, 32, 33, 34, 38, 37, 39, 40, 41]
{"Initial_routing":[[3, 2], [2, 1], [1, 6], [6, 7], [7, 8], [8, 11], [11, 12], [12, 17], [17, 16], [16, 15], [15, 20], [20, 24], [24, 23], [23, 22], [22, 27], [27, 31], [31, 30], [30, 29], [29, 34], [34, 38], [38, 37], [37, 36], [36, 41]],"Final_routing":[[3, 2], [2, 4], [4, 5], [5, 6], [6, 7], [7, 8], [8, 13], [13, 12], [12, 17], [17, 16], [16, 18], [18, 19], [19, 20], [20, 24], [24, 23], [23, 25], [25, 26], [26, 27], [27, 31], [31, 30], [30, 32], [32, 33], [33, 34], [34, 38], [38, 37], [37, 39], [39, 40], [40, 41]],"Properties":{"Waypoint": { "startNode": -1, "finalNode": -1, "waypoint": []}, "LoopFreedom": { "startNode": -1},"DFA": {"initialState": 0, "finalStates": [3], "edges": [{"from": 0, "to": 1, "label": 12},{"from": 1, "to": 2, "label": 23},{"from": 2, "to": 3, "label": 38}]},"Reachability":{"startNode":3,"finalNode":41}}}
Kaki stdout:  Version: 1.15 
 kaki/verifypn-linux64 /tmp/tmpnqywyn1c
DFA generation time: 0.009 seconds 
DFA states: 13 
DFA transitions: 119
Problem file: /tmp/tmpnqywyn1c
Switches to update: 23

Decomposed topology into 6 subproblems
Topological decomposition took 0.005 seconds
Subproblem verification time: 0.031 seconds
Subproblem verification time: 0.008 seconds
Subproblem verification time: 0.008 seconds
Subproblem verification time: 0.008 seconds
Subproblem verification time: 0.008 seconds
Subproblem verification time: 0.008 seconds
Minimum batches required: 3
[[4, 5, 13, 18, 19, 25, 26, 32, 33, 39, 40], [2, 8, 16, 23, 30, 37], [1, 11, 15, 22, 29, 36]]
Total program runtime: 0.201 seconds

Kaki stderr:  
Time: 0.201
Solution: []
	Command being timed: "python3 allsynth/run.py -t kaki --GML topologies/topzoo/Getnet.gml 5 --dir topzoo_res/SC/kaki/kaki-1 --e-prop SC --repeat 1"
	User time (seconds): 1.35
	System time (seconds): 1.35
	Percent of CPU this job got: 388%
	Elapsed (wall clock) time (h:mm:ss or m:ss): 0:00.69
	Average shared text size (kbytes): 0
	Average unshared data size (kbytes): 0
	Average stack size (kbytes): 0
	Average total size (kbytes): 0
	Maximum resident set size (kbytes): 91808
	Average resident set size (kbytes): 0
	Major (requiring I/O) page faults: 0
	Minor (reclaiming a frame) page faults: 36456
	Voluntary context switches: 3687
	Involuntary context switches: 351
	Swaps: 0
	File system inputs: 0
	File system outputs: 24
	Socket messages sent: 0
	Socket messages received: 0
	Signals delivered: 0
	Page size (bytes): 4096
	Exit status: 0
