Namespace(tool='kaki', exper=None, gml=['topologies/topzoo/GtsSlovakia.gml', '5'], index=None, prop='SC', prop_file=None, op_req=None, repeat=1, reduce=False, opt=False, u=False, some=False, count=False, weight_bound=None, savedir='topzoo_res/SC/kaki/kaki-1', dump_bdd=False)
Running 5GtsSlovakia.gml
Policy: (Service([43, 78, 113, 148, 183]-206) & (Reach 206))
Initial path of nodes: [8, 4, 27, 6, 26, 30, 31, 43, 39, 62, 41, 61, 65, 66, 78, 74, 97, 76, 96, 100, 101, 113, 109, 132, 111, 131, 135, 136, 148, 144, 167, 146, 166, 170, 171, 183, 179, 202, 181, 201, 205, 206]
Final path of nodes: [8, 4, 27, 28, 29, 30, 31, 43, 39, 62, 63, 64, 65, 66, 78, 74, 97, 98, 99, 100, 101, 113, 109, 132, 133, 134, 135, 136, 148, 144, 167, 168, 169, 170, 171, 183, 179, 202, 203, 204, 205, 206]
{"Initial_routing":[[8, 4], [4, 27], [27, 6], [6, 26], [26, 30], [30, 31], [31, 43], [43, 39], [39, 62], [62, 41], [41, 61], [61, 65], [65, 66], [66, 78], [78, 74], [74, 97], [97, 76], [76, 96], [96, 100], [100, 101], [101, 113], [113, 109], [109, 132], [132, 111], [111, 131], [131, 135], [135, 136], [136, 148], [148, 144], [144, 167], [167, 146], [146, 166], [166, 170], [170, 171], [171, 183], [183, 179], [179, 202], [202, 181], [181, 201], [201, 205], [205, 206]],"Final_routing":[[8, 4], [4, 27], [27, 28], [28, 29], [29, 30], [30, 31], [31, 43], [43, 39], [39, 62], [62, 63], [63, 64], [64, 65], [65, 66], [66, 78], [78, 74], [74, 97], [97, 98], [98, 99], [99, 100], [100, 101], [101, 113], [113, 109], [109, 132], [132, 133], [133, 134], [134, 135], [135, 136], [136, 148], [148, 144], [144, 167], [167, 168], [168, 169], [169, 170], [170, 171], [171, 183], [183, 179], [179, 202], [202, 203], [203, 204], [204, 205], [205, 206]],"Properties":{"Waypoint": { "startNode": -1, "finalNode": -1, "waypoint": []}, "LoopFreedom": { "startNode": -1},"DFA": {"initialState": 0, "finalStates": [5], "edges": [{"from": 0, "to": 1, "label": 43},{"from": 1, "to": 2, "label": 78},{"from": 2, "to": 3, "label": 113},{"from": 3, "to": 4, "label": 148},{"from": 4, "to": 5, "label": 183}]},"Reachability":{"startNode":8,"finalNode":206}}}
Kaki stdout:  Version: 1.15 
 kaki/verifypn-linux64 /tmp/tmpxbeui_dt
DFA generation time: 0.01 seconds 
DFA states: 9 
DFA transitions: 121
Problem file: /tmp/tmpxbeui_dt
Switches to update: 30

Decomposed topology into 6 subproblems
Topological decomposition took 0.005 seconds
Subproblem verification time: 0.027 seconds
Subproblem verification time: 0.01 seconds
Subproblem verification time: 0.01 seconds
Subproblem verification time: 0.013 seconds
Subproblem verification time: 0.01 seconds
Subproblem verification time: 0.011 seconds
Minimum batches required: 3
[[28, 29, 63, 64, 98, 99, 133, 134, 168, 169, 203, 204], [27, 62, 97, 132, 167, 202], [6, 26, 41, 61, 76, 96, 111, 131, 146, 166, 181, 201]]
Total program runtime: 0.212 seconds

Kaki stderr:  
Time: 0.212
Solution: []
	Command being timed: "python3 allsynth/run.py -t kaki --GML topologies/topzoo/GtsSlovakia.gml 5 --dir topzoo_res/SC/kaki/kaki-1 --e-prop SC --repeat 1"
	User time (seconds): 1.36
	System time (seconds): 1.42
	Percent of CPU this job got: 379%
	Elapsed (wall clock) time (h:mm:ss or m:ss): 0:00.73
	Average shared text size (kbytes): 0
	Average unshared data size (kbytes): 0
	Average stack size (kbytes): 0
	Average total size (kbytes): 0
	Maximum resident set size (kbytes): 95284
	Average resident set size (kbytes): 0
	Major (requiring I/O) page faults: 0
	Minor (reclaiming a frame) page faults: 38073
	Voluntary context switches: 3347
	Involuntary context switches: 274
	Swaps: 0
	File system inputs: 0
	File system outputs: 24
	Socket messages sent: 0
	Socket messages received: 0
	Signals delivered: 0
	Page size (bytes): 4096
	Exit status: 0
