Namespace(tool='kaki', exper=None, gml=['topologies/topzoo/Harnet.gml', '5'], index=None, prop='SC', prop_file=None, op_req=None, repeat=1, reduce=False, opt=False, u=False, some=False, count=False, weight_bound=None, savedir='topzoo_res/SC/kaki/kaki-1', dump_bdd=False)
Running 5Harnet.gml
Policy: (Service([23, 57, 83, 105]-125) & (Reach 125))
Initial path of nodes: [0, 2, 15, 16, 18, 20, 21, 23, 36, 37, 39, 41, 42, 44, 57, 58, 60, 62, 63, 65, 78, 79, 81, 83, 84, 86, 99, 100, 102, 104, 105, 107, 120, 121, 123, 125]
Final path of nodes: [0, 2, 15, 17, 19, 20, 21, 23, 36, 38, 40, 41, 42, 44, 57, 59, 61, 62, 63, 65, 78, 80, 82, 83, 84, 86, 99, 101, 103, 104, 105, 107, 120, 122, 124, 125]
{"Initial_routing":[[0, 2], [2, 15], [15, 16], [16, 18], [18, 20], [20, 21], [21, 23], [23, 36], [36, 37], [37, 39], [39, 41], [41, 42], [42, 44], [44, 57], [57, 58], [58, 60], [60, 62], [62, 63], [63, 65], [65, 78], [78, 79], [79, 81], [81, 83], [83, 84], [84, 86], [86, 99], [99, 100], [100, 102], [102, 104], [104, 105], [105, 107], [107, 120], [120, 121], [121, 123], [123, 125]],"Final_routing":[[0, 2], [2, 15], [15, 17], [17, 19], [19, 20], [20, 21], [21, 23], [23, 36], [36, 38], [38, 40], [40, 41], [41, 42], [42, 44], [44, 57], [57, 59], [59, 61], [61, 62], [62, 63], [63, 65], [65, 78], [78, 80], [80, 82], [82, 83], [83, 84], [84, 86], [86, 99], [99, 101], [101, 103], [103, 104], [104, 105], [105, 107], [107, 120], [120, 122], [122, 124], [124, 125]],"Properties":{"Waypoint": { "startNode": -1, "finalNode": -1, "waypoint": []}, "LoopFreedom": { "startNode": -1},"DFA": {"initialState": 0, "finalStates": [4], "edges": [{"from": 0, "to": 1, "label": 23},{"from": 1, "to": 2, "label": 57},{"from": 2, "to": 3, "label": 83},{"from": 3, "to": 4, "label": 105}]},"Reachability":{"startNode":0,"finalNode":125}}}
Kaki stdout:  Version: 1.15 
 kaki/verifypn-linux64 /tmp/tmp0sh8rmeg
DFA generation time: 0.01 seconds 
DFA states: 13 
DFA transitions: 179
Problem file: /tmp/tmp0sh8rmeg
Switches to update: 30

Decomposed topology into 6 subproblems
Topological decomposition took 0.006 seconds
Subproblem verification time: 0.031 seconds
Subproblem verification time: 0.008 seconds
Subproblem verification time: 0.009 seconds
Subproblem verification time: 0.01 seconds
Subproblem verification time: 0.01 seconds
Subproblem verification time: 0.011 seconds
Minimum batches required: 3
[[17, 19, 38, 40, 59, 61, 80, 82, 101, 103, 122, 124], [15, 36, 57, 78, 99, 120], [16, 18, 37, 39, 58, 60, 79, 81, 100, 102, 121, 123]]
Total program runtime: 0.201 seconds

Kaki stderr:  
Time: 0.201
Solution: []
	Command being timed: "python3 allsynth/run.py -t kaki --GML topologies/topzoo/Harnet.gml 5 --dir topzoo_res/SC/kaki/kaki-1 --e-prop SC --repeat 1"
	User time (seconds): 1.39
	System time (seconds): 1.38
	Percent of CPU this job got: 387%
	Elapsed (wall clock) time (h:mm:ss or m:ss): 0:00.72
	Average shared text size (kbytes): 0
	Average unshared data size (kbytes): 0
	Average stack size (kbytes): 0
	Average total size (kbytes): 0
	Maximum resident set size (kbytes): 94056
	Average resident set size (kbytes): 0
	Major (requiring I/O) page faults: 0
	Minor (reclaiming a frame) page faults: 37259
	Voluntary context switches: 4050
	Involuntary context switches: 519
	Swaps: 0
	File system inputs: 0
	File system outputs: 24
	Socket messages sent: 0
	Socket messages received: 0
	Signals delivered: 0
	Page size (bytes): 4096
	Exit status: 0
