Namespace(tool='kaki', exper=None, gml=['topologies/topzoo/HiberniaCanada.gml', '5'], index=None, prop='SC', prop_file=None, op_req=None, repeat=1, reduce=False, opt=False, u=False, some=False, count=False, weight_bound=None, savedir='topzoo_res/SC/kaki/kaki-1', dump_bdd=False)
Running 5HiberniaCanada.gml
Policy: (Service([23, 35, 64]-74) & (Reach 74))
Initial path of nodes: [2, 12, 4, 11, 0, 10, 9, 14, 17, 24, 13, 23, 20, 21, 28, 38, 30, 37, 26, 36, 35, 41, 51, 43, 50, 39, 49, 48, 54, 64, 56, 63, 52, 62, 61, 67, 77, 69, 76, 65, 75, 74]
Final path of nodes: [2, 12, 3, 5, 6, 7, 8, 9, 14, 17, 25, 16, 18, 19, 20, 23, 22, 21, 28, 38, 29, 31, 32, 33, 34, 35, 41, 51, 42, 44, 45, 46, 47, 48, 54, 64, 55, 57, 58, 59, 60, 61, 67, 77, 68, 70, 71, 72, 73, 74]
{"Initial_routing":[[2, 12], [12, 4], [4, 11], [11, 0], [0, 10], [10, 9], [9, 14], [14, 17], [17, 24], [24, 13], [13, 23], [23, 20], [20, 21], [21, 28], [28, 38], [38, 30], [30, 37], [37, 26], [26, 36], [36, 35], [35, 41], [41, 51], [51, 43], [43, 50], [50, 39], [39, 49], [49, 48], [48, 54], [54, 64], [64, 56], [56, 63], [63, 52], [52, 62], [62, 61], [61, 67], [67, 77], [77, 69], [69, 76], [76, 65], [65, 75], [75, 74]],"Final_routing":[[2, 12], [12, 3], [3, 5], [5, 6], [6, 7], [7, 8], [8, 9], [9, 14], [14, 17], [17, 25], [25, 16], [16, 18], [18, 19], [19, 20], [20, 23], [23, 22], [22, 21], [21, 28], [28, 38], [38, 29], [29, 31], [31, 32], [32, 33], [33, 34], [34, 35], [35, 41], [41, 51], [51, 42], [42, 44], [44, 45], [45, 46], [46, 47], [47, 48], [48, 54], [54, 64], [64, 55], [55, 57], [57, 58], [58, 59], [59, 60], [60, 61], [61, 67], [67, 77], [77, 68], [68, 70], [70, 71], [71, 72], [72, 73], [73, 74]],"Properties":{"Waypoint": { "startNode": -1, "finalNode": -1, "waypoint": []}, "LoopFreedom": { "startNode": -1},"DFA": {"initialState": 0, "finalStates": [3], "edges": [{"from": 0, "to": 1, "label": 23},{"from": 1, "to": 2, "label": 35},{"from": 2, "to": 3, "label": 64}]},"Reachability":{"startNode":2,"finalNode":74}}}
Kaki stdout:  Version: 1.15 
 kaki/verifypn-linux64 /tmp/tmptse2zkq8
DFA generation time: 0.018 seconds 
DFA states: 14 
DFA transitions: 257
Problem file: /tmp/tmptse2zkq8
Switches to update: 60

Decomposed topology into 6 subproblems
Topological decomposition took 0.014 seconds
Subproblem verification time: 0.039 seconds
Subproblem verification time: 0.028 seconds
Subproblem verification time: 0.011 seconds
Subproblem verification time: 0.009 seconds
Subproblem verification time: 0.01 seconds
Subproblem verification time: 0.011 seconds
Minimum batches required: 5
[[3, 5, 6, 7, 8, 25, 22, 16, 18, 19, 29, 31, 32, 33, 34, 42, 44, 45, 46, 47, 55, 57, 58, 59, 60, 68, 70, 71, 72, 73], [12, 23, 38, 51, 64, 77], [4, 11, 0, 10, 20, 30, 37, 26, 36, 43, 50, 39, 49, 56, 63, 52, 62, 69, 76, 65, 75], [17], [24, 13]]
Total program runtime: 0.296 seconds

Kaki stderr:  
Time: 0.296
Solution: []
	Command being timed: "python3 allsynth/run.py -t kaki --GML topologies/topzoo/HiberniaCanada.gml 5 --dir topzoo_res/SC/kaki/kaki-1 --e-prop SC --repeat 1"
	User time (seconds): 1.84
	System time (seconds): 1.36
	Percent of CPU this job got: 397%
	Elapsed (wall clock) time (h:mm:ss or m:ss): 0:00.80
	Average shared text size (kbytes): 0
	Average unshared data size (kbytes): 0
	Average stack size (kbytes): 0
	Average total size (kbytes): 0
	Maximum resident set size (kbytes): 101040
	Average resident set size (kbytes): 0
	Major (requiring I/O) page faults: 0
	Minor (reclaiming a frame) page faults: 40575
	Voluntary context switches: 4638
	Involuntary context switches: 640
	Swaps: 0
	File system inputs: 0
	File system outputs: 24
	Socket messages sent: 0
	Socket messages received: 0
	Signals delivered: 0
	Page size (bytes): 4096
	Exit status: 0
