Namespace(tool='kaki', exper=None, gml=['topologies/topzoo/HiberniaGlobal.gml', '5'], index=None, prop='SC', prop_file=None, op_req=None, repeat=1, reduce=False, opt=False, u=False, some=False, count=False, weight_bound=None, savedir='topzoo_res/SC/kaki/kaki-1', dump_bdd=False)
Running 5HiberniaGlobal.gml
Policy: (Service([41, 58, 65, 148, 166, 181, 251, 250, 316]-305) & (Reach 305))
Initial path of nodes: [1, 3, 0, 25, 31, 6, 13, 38, 41, 24, 16, 10, 19, 20, 21, 22, 30, 56, 58, 55, 80, 86, 61, 68, 93, 96, 79, 71, 65, 74, 75, 76, 77, 85, 111, 113, 110, 135, 141, 116, 123, 148, 151, 134, 126, 120, 129, 130, 131, 132, 140, 166, 168, 165, 190, 196, 171, 178, 203, 206, 189, 181, 175, 184, 185, 186, 187, 195, 221, 223, 220, 245, 251, 226, 233, 258, 261, 244, 236, 230, 239, 240, 241, 242, 250, 276, 278, 275, 300, 306, 281, 288, 313, 316, 299, 291, 285, 294, 295, 296, 297, 305]
Final path of nodes: [1, 3, 2, 25, 31, 5, 4, 9, 38, 41, 35, 16, 17, 18, 19, 11, 14, 15, 28, 27, 30, 56, 58, 57, 100, 108, 105, 68, 93, 96, 90, 71, 65, 66, 69, 70, 83, 82, 85, 111, 156, 112, 135, 141, 115, 114, 119, 148, 151, 145, 126, 127, 128, 129, 121, 124, 125, 138, 137, 140, 166, 168, 167, 210, 218, 215, 178, 203, 206, 200, 181, 175, 176, 179, 180, 193, 192, 195, 221, 266, 222, 245, 251, 225, 224, 229, 258, 261, 255, 236, 237, 238, 239, 231, 234, 235, 248, 247, 250, 276, 278, 277, 320, 328, 325, 288, 313, 316, 310, 291, 285, 286, 289, 290, 303, 302, 305]
{"Initial_routing":[[1, 3], [3, 0], [0, 25], [25, 31], [31, 6], [6, 13], [13, 38], [38, 41], [41, 24], [24, 16], [16, 10], [10, 19], [19, 20], [20, 21], [21, 22], [22, 30], [30, 56], [56, 58], [58, 55], [55, 80], [80, 86], [86, 61], [61, 68], [68, 93], [93, 96], [96, 79], [79, 71], [71, 65], [65, 74], [74, 75], [75, 76], [76, 77], [77, 85], [85, 111], [111, 113], [113, 110], [110, 135], [135, 141], [141, 116], [116, 123], [123, 148], [148, 151], [151, 134], [134, 126], [126, 120], [120, 129], [129, 130], [130, 131], [131, 132], [132, 140], [140, 166], [166, 168], [168, 165], [165, 190], [190, 196], [196, 171], [171, 178], [178, 203], [203, 206], [206, 189], [189, 181], [181, 175], [175, 184], [184, 185], [185, 186], [186, 187], [187, 195], [195, 221], [221, 223], [223, 220], [220, 245], [245, 251], [251, 226], [226, 233], [233, 258], [258, 261], [261, 244], [244, 236], [236, 230], [230, 239], [239, 240], [240, 241], [241, 242], [242, 250], [250, 276], [276, 278], [278, 275], [275, 300], [300, 306], [306, 281], [281, 288], [288, 313], [313, 316], [316, 299], [299, 291], [291, 285], [285, 294], [294, 295], [295, 296], [296, 297], [297, 305]],"Final_routing":[[1, 3], [3, 2], [2, 25], [25, 31], [31, 5], [5, 4], [4, 9], [9, 38], [38, 41], [41, 35], [35, 16], [16, 17], [17, 18], [18, 19], [19, 11], [11, 14], [14, 15], [15, 28], [28, 27], [27, 30], [30, 56], [56, 58], [58, 57], [57, 100], [100, 108], [108, 105], [105, 68], [68, 93], [93, 96], [96, 90], [90, 71], [71, 65], [65, 66], [66, 69], [69, 70], [70, 83], [83, 82], [82, 85], [85, 111], [111, 156], [156, 112], [112, 135], [135, 141], [141, 115], [115, 114], [114, 119], [119, 148], [148, 151], [151, 145], [145, 126], [126, 127], [127, 128], [128, 129], [129, 121], [121, 124], [124, 125], [125, 138], [138, 137], [137, 140], [140, 166], [166, 168], [168, 167], [167, 210], [210, 218], [218, 215], [215, 178], [178, 203], [203, 206], [206, 200], [200, 181], [181, 175], [175, 176], [176, 179], [179, 180], [180, 193], [193, 192], [192, 195], [195, 221], [221, 266], [266, 222], [222, 245], [245, 251], [251, 225], [225, 224], [224, 229], [229, 258], [258, 261], [261, 255], [255, 236], [236, 237], [237, 238], [238, 239], [239, 231], [231, 234], [234, 235], [235, 248], [248, 247], [247, 250], [250, 276], [276, 278], [278, 277], [277, 320], [320, 328], [328, 325], [325, 288], [288, 313], [313, 316], [316, 310], [310, 291], [291, 285], [285, 286], [286, 289], [289, 290], [290, 303], [303, 302], [302, 305]],"Properties":{"Waypoint": { "startNode": -1, "finalNode": -1, "waypoint": []}, "LoopFreedom": { "startNode": -1},"DFA": {"initialState": 0, "finalStates": [9], "edges": [{"from": 0, "to": 1, "label": 41},{"from": 1, "to": 2, "label": 58},{"from": 2, "to": 3, "label": 65},{"from": 3, "to": 4, "label": 148},{"from": 4, "to": 5, "label": 166},{"from": 5, "to": 6, "label": 181},{"from": 6, "to": 7, "label": 251},{"from": 7, "to": 8, "label": 250},{"from": 8, "to": 9, "label": 316}]},"Reachability":{"startNode":1,"finalNode":305}}}
Kaki stdout:  Version: 1.15 
 kaki/verifypn-linux64 /tmp/tmp4ifkfx_9
DFA generation time: 0.024 seconds 
DFA states: 56 
DFA transitions: 1391
Problem file: /tmp/tmp4ifkfx_9
Switches to update: 145

Decomposed topology into 18 subproblems
Topological decomposition took 0.064 seconds
Subproblem verification time: 0.034 seconds
Subproblem verification time: 0.011 seconds
Subproblem verification time: 0.024 seconds
Subproblem verification time: 0.011 seconds
Subproblem verification time: 0.011 seconds
Subproblem verification time: 0.01 seconds
Subproblem verification time: 0.011 seconds
Subproblem verification time: 0.011 seconds
Subproblem verification time: 0.029 seconds
Subproblem verification time: 0.011 seconds
Subproblem verification time: 0.01 seconds
Subproblem verification time: 0.011 seconds
Subproblem verification time: 0.011 seconds
Subproblem verification time: 0.011 seconds
Subproblem verification time: 0.028 seconds
Subproblem verification time: 0.01 seconds
Subproblem verification time: 0.01 seconds
Subproblem verification time: 0.012 seconds
Minimum batches required: 3
[[2, 5, 4, 9, 35, 17, 11, 18, 14, 15, 28, 27, 57, 100, 108, 105, 90, 66, 69, 70, 83, 82, 156, 112, 115, 114, 119, 145, 127, 121, 128, 124, 125, 138, 137, 167, 210, 218, 215, 200, 176, 179, 180, 193, 192, 266, 222, 225, 224, 229, 255, 237, 231, 238, 234, 235, 248, 247, 277, 320, 328, 325, 310, 286, 289, 290, 303, 302], [3, 31, 19, 16, 41, 58, 96, 65, 111, 141, 129, 126, 151, 168, 206, 175, 221, 251, 239, 236, 261, 278, 316, 285], [0, 6, 13, 24, 10, 20, 21, 22, 55, 80, 86, 61, 79, 74, 75, 76, 77, 113, 110, 116, 123, 134, 120, 130, 131, 132, 165, 190, 196, 171, 189, 184, 185, 186, 187, 223, 220, 226, 233, 244, 230, 240, 241, 242, 275, 300, 306, 281, 299, 294, 295, 296, 297]]
Total program runtime: 0.561 seconds

Kaki stderr:  
Time: 0.561
Solution: []
	Command being timed: "python3 allsynth/run.py -t kaki --GML topologies/topzoo/HiberniaGlobal.gml 5 --dir topzoo_res/SC/kaki/kaki-1 --e-prop SC --repeat 1"
	User time (seconds): 3.11
	System time (seconds): 1.38
	Percent of CPU this job got: 373%
	Elapsed (wall clock) time (h:mm:ss or m:ss): 0:01.20
	Average shared text size (kbytes): 0
	Average unshared data size (kbytes): 0
	Average stack size (kbytes): 0
	Average total size (kbytes): 0
	Maximum resident set size (kbytes): 143552
	Average resident set size (kbytes): 0
	Major (requiring I/O) page faults: 0
	Minor (reclaiming a frame) page faults: 77002
	Voluntary context switches: 6886
	Involuntary context switches: 542
	Swaps: 0
	File system inputs: 0
	File system outputs: 32
	Socket messages sent: 0
	Socket messages received: 0
	Signals delivered: 0
	Page size (bytes): 4096
	Exit status: 0
