Namespace(tool='kaki', exper=None, gml=['topologies/topzoo/Ibm.gml', '5'], index=None, prop='SC', prop_file=None, op_req=None, repeat=1, reduce=False, opt=False, u=False, some=False, count=False, weight_bound=None, savedir='topzoo_res/SC/kaki/kaki-1', dump_bdd=False)
Running 5Ibm.gml
Policy: (Service([31, 72]-103) & (Reach 103))
Initial path of nodes: [0, 3, 2, 9, 17, 14, 13, 18, 21, 20, 27, 35, 32, 31, 36, 39, 38, 45, 53, 50, 49, 54, 57, 56, 63, 71, 68, 67, 72, 75, 74, 81, 89, 86, 85, 90, 93, 92, 99, 107, 104, 103]
Final path of nodes: [0, 3, 2, 4, 8, 12, 13, 18, 25, 24, 22, 26, 30, 31, 36, 43, 42, 40, 44, 48, 49, 54, 61, 60, 58, 62, 66, 67, 72, 79, 78, 76, 80, 84, 85, 90, 97, 96, 94, 98, 102, 103]
{"Initial_routing":[[0, 3], [3, 2], [2, 9], [9, 17], [17, 14], [14, 13], [13, 18], [18, 21], [21, 20], [20, 27], [27, 35], [35, 32], [32, 31], [31, 36], [36, 39], [39, 38], [38, 45], [45, 53], [53, 50], [50, 49], [49, 54], [54, 57], [57, 56], [56, 63], [63, 71], [71, 68], [68, 67], [67, 72], [72, 75], [75, 74], [74, 81], [81, 89], [89, 86], [86, 85], [85, 90], [90, 93], [93, 92], [92, 99], [99, 107], [107, 104], [104, 103]],"Final_routing":[[0, 3], [3, 2], [2, 4], [4, 8], [8, 12], [12, 13], [13, 18], [18, 25], [25, 24], [24, 22], [22, 26], [26, 30], [30, 31], [31, 36], [36, 43], [43, 42], [42, 40], [40, 44], [44, 48], [48, 49], [49, 54], [54, 61], [61, 60], [60, 58], [58, 62], [62, 66], [66, 67], [67, 72], [72, 79], [79, 78], [78, 76], [76, 80], [80, 84], [84, 85], [85, 90], [90, 97], [97, 96], [96, 94], [94, 98], [98, 102], [102, 103]],"Properties":{"Waypoint": { "startNode": -1, "finalNode": -1, "waypoint": []}, "LoopFreedom": { "startNode": -1},"DFA": {"initialState": 0, "finalStates": [2], "edges": [{"from": 0, "to": 1, "label": 31},{"from": 1, "to": 2, "label": 72}]},"Reachability":{"startNode":0,"finalNode":103}}}
Kaki stdout:  Version: 1.15 
 kaki/verifypn-linux64 /tmp/tmpa67iza6i
DFA generation time: 0.01 seconds 
DFA states: 11 
DFA transitions: 229
Problem file: /tmp/tmpa67iza6i
Switches to update: 62

Decomposed topology into 6 subproblems
Topological decomposition took 0.007 seconds
Subproblem verification time: 0.028 seconds
Subproblem verification time: 0.009 seconds
Subproblem verification time: 0.008 seconds
Subproblem verification time: 0.009 seconds
Subproblem verification time: 0.009 seconds
Subproblem verification time: 0.01 seconds
Minimum batches required: 3
[[4, 8, 12, 25, 24, 22, 26, 30, 43, 42, 40, 44, 48, 61, 60, 58, 62, 66, 79, 78, 76, 80, 84, 97, 96, 94, 98, 102], [2, 18, 36, 54, 72, 90], [9, 17, 14, 21, 20, 27, 35, 32, 39, 38, 45, 53, 50, 57, 56, 63, 71, 68, 75, 74, 81, 89, 86, 93, 92, 99, 107, 104]]
Total program runtime: 0.205 seconds

Kaki stderr:  
Time: 0.205
Solution: []
	Command being timed: "python3 allsynth/run.py -t kaki --GML topologies/topzoo/Ibm.gml 5 --dir topzoo_res/SC/kaki/kaki-1 --e-prop SC --repeat 1"
	User time (seconds): 1.52
	System time (seconds): 1.38
	Percent of CPU this job got: 423%
	Elapsed (wall clock) time (h:mm:ss or m:ss): 0:00.68
	Average shared text size (kbytes): 0
	Average unshared data size (kbytes): 0
	Average stack size (kbytes): 0
	Average total size (kbytes): 0
	Maximum resident set size (kbytes): 97652
	Average resident set size (kbytes): 0
	Major (requiring I/O) page faults: 0
	Minor (reclaiming a frame) page faults: 39190
	Voluntary context switches: 3785
	Involuntary context switches: 180
	Swaps: 0
	File system inputs: 0
	File system outputs: 24
	Socket messages sent: 0
	Socket messages received: 0
	Signals delivered: 0
	Page size (bytes): 4096
	Exit status: 0
