Namespace(tool='kaki', exper=None, gml=['topologies/topzoo/Intranetwork.gml', '5'], index=None, prop='SC', prop_file=None, op_req=None, repeat=1, reduce=False, opt=False, u=False, some=False, count=False, weight_bound=None, savedir='topzoo_res/SC/kaki/kaki-1', dump_bdd=False)
Running 5Intranetwork.gml
Policy: (Service([35, 50, 74, 89, 113, 128, 152, 167, 191, 206, 230]-225) & (Reach 225))
Initial path of nodes: [11, 12, 22, 18, 10, 17, 24, 8, 5, 6, 13, 35, 36, 37, 38, 2, 30, 50, 51, 61, 57, 49, 56, 63, 47, 44, 45, 52, 74, 75, 76, 77, 41, 69, 89, 90, 100, 96, 88, 95, 102, 86, 83, 84, 91, 113, 114, 115, 116, 80, 108, 128, 129, 139, 135, 127, 134, 141, 125, 122, 123, 130, 152, 153, 154, 155, 119, 147, 167, 168, 178, 174, 166, 173, 180, 164, 161, 162, 169, 191, 192, 193, 194, 158, 186, 206, 207, 217, 213, 205, 212, 219, 203, 200, 201, 208, 230, 231, 232, 233, 197, 225]
Final path of nodes: [11, 19, 20, 21, 18, 23, 17, 24, 16, 7, 4, 13, 34, 35, 36, 37, 38, 29, 30, 50, 58, 59, 60, 57, 62, 56, 63, 55, 46, 43, 52, 74, 75, 76, 53, 77, 68, 69, 89, 97, 98, 99, 96, 101, 95, 102, 94, 85, 82, 91, 112, 113, 114, 115, 116, 107, 108, 128, 136, 137, 138, 135, 140, 134, 141, 133, 124, 121, 130, 152, 153, 154, 131, 155, 146, 147, 167, 175, 176, 177, 174, 179, 173, 180, 172, 163, 160, 169, 190, 191, 192, 193, 194, 185, 186, 206, 214, 215, 216, 213, 218, 212, 219, 211, 202, 199, 208, 230, 231, 232, 209, 233, 224, 225]
{"Initial_routing":[[11, 12], [12, 22], [22, 18], [18, 10], [10, 17], [17, 24], [24, 8], [8, 5], [5, 6], [6, 13], [13, 35], [35, 36], [36, 37], [37, 38], [38, 2], [2, 30], [30, 50], [50, 51], [51, 61], [61, 57], [57, 49], [49, 56], [56, 63], [63, 47], [47, 44], [44, 45], [45, 52], [52, 74], [74, 75], [75, 76], [76, 77], [77, 41], [41, 69], [69, 89], [89, 90], [90, 100], [100, 96], [96, 88], [88, 95], [95, 102], [102, 86], [86, 83], [83, 84], [84, 91], [91, 113], [113, 114], [114, 115], [115, 116], [116, 80], [80, 108], [108, 128], [128, 129], [129, 139], [139, 135], [135, 127], [127, 134], [134, 141], [141, 125], [125, 122], [122, 123], [123, 130], [130, 152], [152, 153], [153, 154], [154, 155], [155, 119], [119, 147], [147, 167], [167, 168], [168, 178], [178, 174], [174, 166], [166, 173], [173, 180], [180, 164], [164, 161], [161, 162], [162, 169], [169, 191], [191, 192], [192, 193], [193, 194], [194, 158], [158, 186], [186, 206], [206, 207], [207, 217], [217, 213], [213, 205], [205, 212], [212, 219], [219, 203], [203, 200], [200, 201], [201, 208], [208, 230], [230, 231], [231, 232], [232, 233], [233, 197], [197, 225]],"Final_routing":[[11, 19], [19, 20], [20, 21], [21, 18], [18, 23], [23, 17], [17, 24], [24, 16], [16, 7], [7, 4], [4, 13], [13, 34], [34, 35], [35, 36], [36, 37], [37, 38], [38, 29], [29, 30], [30, 50], [50, 58], [58, 59], [59, 60], [60, 57], [57, 62], [62, 56], [56, 63], [63, 55], [55, 46], [46, 43], [43, 52], [52, 74], [74, 75], [75, 76], [76, 53], [53, 77], [77, 68], [68, 69], [69, 89], [89, 97], [97, 98], [98, 99], [99, 96], [96, 101], [101, 95], [95, 102], [102, 94], [94, 85], [85, 82], [82, 91], [91, 112], [112, 113], [113, 114], [114, 115], [115, 116], [116, 107], [107, 108], [108, 128], [128, 136], [136, 137], [137, 138], [138, 135], [135, 140], [140, 134], [134, 141], [141, 133], [133, 124], [124, 121], [121, 130], [130, 152], [152, 153], [153, 154], [154, 131], [131, 155], [155, 146], [146, 147], [147, 167], [167, 175], [175, 176], [176, 177], [177, 174], [174, 179], [179, 173], [173, 180], [180, 172], [172, 163], [163, 160], [160, 169], [169, 190], [190, 191], [191, 192], [192, 193], [193, 194], [194, 185], [185, 186], [186, 206], [206, 214], [214, 215], [215, 216], [216, 213], [213, 218], [218, 212], [212, 219], [219, 211], [211, 202], [202, 199], [199, 208], [208, 230], [230, 231], [231, 232], [232, 209], [209, 233], [233, 224], [224, 225]],"Properties":{"Waypoint": { "startNode": -1, "finalNode": -1, "waypoint": []}, "LoopFreedom": { "startNode": -1},"DFA": {"initialState": 0, "finalStates": [11], "edges": [{"from": 0, "to": 1, "label": 35},{"from": 1, "to": 2, "label": 50},{"from": 2, "to": 3, "label": 74},{"from": 3, "to": 4, "label": 89},{"from": 4, "to": 5, "label": 113},{"from": 5, "to": 6, "label": 128},{"from": 6, "to": 7, "label": 152},{"from": 7, "to": 8, "label": 167},{"from": 8, "to": 9, "label": 191},{"from": 9, "to": 10, "label": 206},{"from": 10, "to": 11, "label": 230}]},"Reachability":{"startNode":11,"finalNode":225}}}
Kaki stdout:  Version: 1.15 
 kaki/verifypn-linux64 /tmp/tmp8fmuf9fx
DFA generation time: 0.022 seconds 
DFA states: 92 
DFA transitions: 2022
Problem file: /tmp/tmp8fmuf9fx
Switches to update: 126

Decomposed topology into 18 subproblems
Topological decomposition took 0.038 seconds
Subproblem verification time: 0.042 seconds
Subproblem verification time: 0.012 seconds
Subproblem verification time: 0.009 seconds
Subproblem verification time: 0.01 seconds
Subproblem verification time: 0.01 seconds
Subproblem verification time: 0.009 seconds
Subproblem verification time: 0.01 seconds
Subproblem verification time: 0.01 seconds
Subproblem verification time: 0.01 seconds
Subproblem verification time: 0.01 seconds
Subproblem verification time: 0.009 seconds
Subproblem verification time: 0.009 seconds
Subproblem verification time: 0.009 seconds
Subproblem verification time: 0.01 seconds
Subproblem verification time: 0.009 seconds
Subproblem verification time: 0.009 seconds
Subproblem verification time: 0.009 seconds
Subproblem verification time: 0.009 seconds
Minimum batches required: 3
[[19, 23, 20, 21, 16, 34, 7, 4, 29, 58, 62, 59, 60, 55, 46, 43, 53, 68, 97, 101, 98, 99, 94, 112, 85, 82, 107, 136, 140, 137, 138, 133, 124, 121, 131, 146, 175, 179, 176, 177, 172, 190, 163, 160, 185, 214, 218, 215, 216, 211, 202, 199, 209, 224], [18, 11, 13, 24, 38, 57, 50, 63, 77, 76, 96, 89, 91, 102, 116, 135, 128, 141, 155, 154, 174, 167, 169, 180, 194, 213, 206, 219, 233, 232], [12, 22, 10, 8, 5, 6, 2, 51, 61, 49, 47, 44, 45, 41, 90, 100, 88, 86, 83, 84, 80, 129, 139, 127, 125, 122, 123, 119, 168, 178, 166, 164, 161, 162, 158, 207, 217, 205, 203, 200, 201, 197]]
Total program runtime: 0.422 seconds

Kaki stderr:  
Time: 0.422
Solution: []
	Command being timed: "python3 allsynth/run.py -t kaki --GML topologies/topzoo/Intranetwork.gml 5 --dir topzoo_res/SC/kaki/kaki-1 --e-prop SC --repeat 1"
	User time (seconds): 2.49
	System time (seconds): 1.50
	Percent of CPU this job got: 420%
	Elapsed (wall clock) time (h:mm:ss or m:ss): 0:00.95
	Average shared text size (kbytes): 0
	Average unshared data size (kbytes): 0
	Average stack size (kbytes): 0
	Average total size (kbytes): 0
	Maximum resident set size (kbytes): 144996
	Average resident set size (kbytes): 0
	Major (requiring I/O) page faults: 0
	Minor (reclaiming a frame) page faults: 76822
	Voluntary context switches: 7401
	Involuntary context switches: 248
	Swaps: 0
	File system inputs: 0
	File system outputs: 32
	Socket messages sent: 0
	Socket messages received: 0
	Signals delivered: 0
	Page size (bytes): 4096
	Exit status: 0
