Namespace(tool='kaki', exper=None, gml=['topologies/topzoo/Marwan.gml', '5'], index=None, prop='SC', prop_file=None, op_req=None, repeat=1, reduce=False, opt=False, u=False, some=False, count=False, weight_bound=None, savedir='topzoo_res/SC/kaki/kaki-1', dump_bdd=False)
Running 5Marwan.gml
Policy: (Service([17, 34, 63, 79, 93]-92) & (Reach 92))
Initial path of nodes: [1, 0, 3, 2, 15, 13, 12, 17, 16, 19, 18, 31, 29, 28, 33, 32, 35, 34, 47, 45, 44, 49, 48, 51, 50, 63, 61, 60, 65, 64, 67, 66, 79, 77, 76, 81, 80, 83, 82, 95, 93, 92]
Final path of nodes: [1, 4, 7, 2, 15, 13, 12, 17, 20, 23, 22, 31, 29, 28, 33, 36, 39, 34, 47, 45, 44, 49, 52, 55, 54, 63, 61, 60, 65, 68, 71, 66, 79, 77, 76, 81, 84, 87, 86, 95, 93, 92]
{"Initial_routing":[[1, 0], [0, 3], [3, 2], [2, 15], [15, 13], [13, 12], [12, 17], [17, 16], [16, 19], [19, 18], [18, 31], [31, 29], [29, 28], [28, 33], [33, 32], [32, 35], [35, 34], [34, 47], [47, 45], [45, 44], [44, 49], [49, 48], [48, 51], [51, 50], [50, 63], [63, 61], [61, 60], [60, 65], [65, 64], [64, 67], [67, 66], [66, 79], [79, 77], [77, 76], [76, 81], [81, 80], [80, 83], [83, 82], [82, 95], [95, 93], [93, 92]],"Final_routing":[[1, 4], [4, 7], [7, 2], [2, 15], [15, 13], [13, 12], [12, 17], [17, 20], [20, 23], [23, 22], [22, 31], [31, 29], [29, 28], [28, 33], [33, 36], [36, 39], [39, 34], [34, 47], [47, 45], [45, 44], [44, 49], [49, 52], [52, 55], [55, 54], [54, 63], [63, 61], [61, 60], [60, 65], [65, 68], [68, 71], [71, 66], [66, 79], [79, 77], [77, 76], [76, 81], [81, 84], [84, 87], [87, 86], [86, 95], [95, 93], [93, 92]],"Properties":{"Waypoint": { "startNode": -1, "finalNode": -1, "waypoint": []}, "LoopFreedom": { "startNode": -1},"DFA": {"initialState": 0, "finalStates": [5], "edges": [{"from": 0, "to": 1, "label": 17},{"from": 1, "to": 2, "label": 34},{"from": 2, "to": 3, "label": 63},{"from": 3, "to": 4, "label": 79},{"from": 4, "to": 5, "label": 93}]},"Reachability":{"startNode":1,"finalNode":92}}}
Kaki stdout:  Version: 1.15 
 kaki/verifypn-linux64 /tmp/tmpik_dv4c4
DFA generation time: 0.01 seconds 
DFA states: 18 
DFA transitions: 304
Problem file: /tmp/tmpik_dv4c4
Switches to update: 36

Decomposed topology into 6 subproblems
Topological decomposition took 0.009 seconds
Subproblem verification time: 0.027 seconds
Subproblem verification time: 0.008 seconds
Subproblem verification time: 0.008 seconds
Subproblem verification time: 0.009 seconds
Subproblem verification time: 0.008 seconds
Subproblem verification time: 0.009 seconds
Minimum batches required: 3
[[4, 7, 20, 23, 22, 36, 39, 52, 55, 54, 68, 71, 84, 87, 86], [1, 17, 33, 49, 65, 81], [0, 3, 16, 19, 18, 32, 35, 48, 51, 50, 64, 67, 80, 83, 82]]
Total program runtime: 0.223 seconds

Kaki stderr:  
Time: 0.223
Solution: []
	Command being timed: "python3 allsynth/run.py -t kaki --GML topologies/topzoo/Marwan.gml 5 --dir topzoo_res/SC/kaki/kaki-1 --e-prop SC --repeat 1"
	User time (seconds): 1.49
	System time (seconds): 1.35
	Percent of CPU this job got: 402%
	Elapsed (wall clock) time (h:mm:ss or m:ss): 0:00.70
	Average shared text size (kbytes): 0
	Average unshared data size (kbytes): 0
	Average stack size (kbytes): 0
	Average total size (kbytes): 0
	Maximum resident set size (kbytes): 98852
	Average resident set size (kbytes): 0
	Major (requiring I/O) page faults: 0
	Minor (reclaiming a frame) page faults: 37940
	Voluntary context switches: 4212
	Involuntary context switches: 198
	Swaps: 0
	File system inputs: 0
	File system outputs: 24
	Socket messages sent: 0
	Socket messages received: 0
	Signals delivered: 0
	Page size (bytes): 4096
	Exit status: 0
