Namespace(tool='kaki', exper=None, gml=['topologies/topzoo/VtlWavenet2011.gml', '5'], index=None, prop='SC', prop_file=None, op_req=None, repeat=1, reduce=False, opt=False, u=False, some=False, count=False, weight_bound=None, savedir='topzoo_res/SC/kaki/kaki-1', dump_bdd=False)
Running 5VtlWavenet2011.gml
Policy: (Service([270, 531]-546) & (Reach 546))
Initial path of nodes: [71, 68, 69, 66, 67, 16, 64, 12, 65, 62, 10, 11, 8, 9, 41, 0, 32, 1, 33, 34, 55, 36, 91, 37, 39, 38, 90, 89, 88, 87, 63, 86, 155, 178, 176, 177, 137, 142, 169, 105, 121, 143, 120, 116, 119, 139, 118, 171, 132, 138, 165, 164, 146, 149, 148, 151, 150, 153, 109, 152, 145, 144, 106, 162, 255, 252, 253, 250, 251, 200, 248, 196, 249, 246, 194, 195, 192, 193, 225, 184, 216, 185, 217, 218, 239, 220, 275, 221, 223, 222, 274, 273, 272, 271, 247, 270, 347, 344, 345, 342, 343, 292, 340, 288, 341, 338, 286, 287, 284, 285, 317, 276, 308, 277, 309, 310, 331, 312, 367, 313, 315, 314, 366, 365, 364, 363, 339, 362, 439, 436, 437, 434, 435, 384, 432, 380, 433, 430, 378, 379, 376, 377, 409, 368, 400, 369, 401, 402, 423, 404, 459, 405, 407, 406, 458, 457, 456, 455, 431, 454, 531, 528, 529, 526, 527, 476, 524, 472, 525, 522, 470, 471, 468, 469, 501, 460, 492, 461, 493, 494, 515, 496, 551, 497, 499, 498, 550, 549, 548, 547, 523, 546]
Final path of nodes: [71, 70, 14, 52, 53, 60, 17, 61, 58, 59, 56, 57, 54, 72, 73, 46, 40, 79, 26, 47, 27, 24, 28, 51, 29, 13, 77, 50, 45, 85, 84, 86, 155, 179, 180, 181, 182, 130, 131, 129, 183, 128, 147, 126, 125, 93, 124, 92, 133, 101, 100, 103, 102, 154, 157, 104, 156, 108, 159, 158, 161, 160, 163, 162, 255, 254, 198, 236, 237, 244, 201, 245, 242, 243, 240, 241, 238, 256, 257, 230, 224, 263, 210, 231, 211, 208, 212, 235, 213, 197, 261, 234, 229, 269, 268, 270, 347, 346, 290, 328, 329, 336, 293, 337, 334, 335, 332, 333, 330, 348, 349, 322, 316, 355, 302, 323, 303, 300, 304, 327, 305, 289, 353, 326, 321, 361, 360, 362, 439, 438, 382, 420, 421, 428, 385, 429, 426, 427, 424, 425, 422, 440, 441, 414, 408, 447, 394, 415, 395, 392, 396, 419, 397, 381, 445, 418, 413, 453, 452, 454, 531, 530, 474, 512, 513, 520, 477, 521, 518, 519, 516, 517, 514, 532, 533, 506, 500, 539, 486, 507, 487, 484, 488, 511, 489, 473, 537, 510, 505, 545, 544, 546]
{"Initial_routing":[[71, 68], [68, 69], [69, 66], [66, 67], [67, 16], [16, 64], [64, 12], [12, 65], [65, 62], [62, 10], [10, 11], [11, 8], [8, 9], [9, 41], [41, 0], [0, 32], [32, 1], [1, 33], [33, 34], [34, 55], [55, 36], [36, 91], [91, 37], [37, 39], [39, 38], [38, 90], [90, 89], [89, 88], [88, 87], [87, 63], [63, 86], [86, 155], [155, 178], [178, 176], [176, 177], [177, 137], [137, 142], [142, 169], [169, 105], [105, 121], [121, 143], [143, 120], [120, 116], [116, 119], [119, 139], [139, 118], [118, 171], [171, 132], [132, 138], [138, 165], [165, 164], [164, 146], [146, 149], [149, 148], [148, 151], [151, 150], [150, 153], [153, 109], [109, 152], [152, 145], [145, 144], [144, 106], [106, 162], [162, 255], [255, 252], [252, 253], [253, 250], [250, 251], [251, 200], [200, 248], [248, 196], [196, 249], [249, 246], [246, 194], [194, 195], [195, 192], [192, 193], [193, 225], [225, 184], [184, 216], [216, 185], [185, 217], [217, 218], [218, 239], [239, 220], [220, 275], [275, 221], [221, 223], [223, 222], [222, 274], [274, 273], [273, 272], [272, 271], [271, 247], [247, 270], [270, 347], [347, 344], [344, 345], [345, 342], [342, 343], [343, 292], [292, 340], [340, 288], [288, 341], [341, 338], [338, 286], [286, 287], [287, 284], [284, 285], [285, 317], [317, 276], [276, 308], [308, 277], [277, 309], [309, 310], [310, 331], [331, 312], [312, 367], [367, 313], [313, 315], [315, 314], [314, 366], [366, 365], [365, 364], [364, 363], [363, 339], [339, 362], [362, 439], [439, 436], [436, 437], [437, 434], [434, 435], [435, 384], [384, 432], [432, 380], [380, 433], [433, 430], [430, 378], [378, 379], [379, 376], [376, 377], [377, 409], [409, 368], [368, 400], [400, 369], [369, 401], [401, 402], [402, 423], [423, 404], [404, 459], [459, 405], [405, 407], [407, 406], [406, 458], [458, 457], [457, 456], [456, 455], [455, 431], [431, 454], [454, 531], [531, 528], [528, 529], [529, 526], [526, 527], [527, 476], [476, 524], [524, 472], [472, 525], [525, 522], [522, 470], [470, 471], [471, 468], [468, 469], [469, 501], [501, 460], [460, 492], [492, 461], [461, 493], [493, 494], [494, 515], [515, 496], [496, 551], [551, 497], [497, 499], [499, 498], [498, 550], [550, 549], [549, 548], [548, 547], [547, 523], [523, 546]],"Final_routing":[[71, 70], [70, 14], [14, 52], [52, 53], [53, 60], [60, 17], [17, 61], [61, 58], [58, 59], [59, 56], [56, 57], [57, 54], [54, 72], [72, 73], [73, 46], [46, 40], [40, 79], [79, 26], [26, 47], [47, 27], [27, 24], [24, 28], [28, 51], [51, 29], [29, 13], [13, 77], [77, 50], [50, 45], [45, 85], [85, 84], [84, 86], [86, 155], [155, 179], [179, 180], [180, 181], [181, 182], [182, 130], [130, 131], [131, 129], [129, 183], [183, 128], [128, 147], [147, 126], [126, 125], [125, 93], [93, 124], [124, 92], [92, 133], [133, 101], [101, 100], [100, 103], [103, 102], [102, 154], [154, 157], [157, 104], [104, 156], [156, 108], [108, 159], [159, 158], [158, 161], [161, 160], [160, 163], [163, 162], [162, 255], [255, 254], [254, 198], [198, 236], [236, 237], [237, 244], [244, 201], [201, 245], [245, 242], [242, 243], [243, 240], [240, 241], [241, 238], [238, 256], [256, 257], [257, 230], [230, 224], [224, 263], [263, 210], [210, 231], [231, 211], [211, 208], [208, 212], [212, 235], [235, 213], [213, 197], [197, 261], [261, 234], [234, 229], [229, 269], [269, 268], [268, 270], [270, 347], [347, 346], [346, 290], [290, 328], [328, 329], [329, 336], [336, 293], [293, 337], [337, 334], [334, 335], [335, 332], [332, 333], [333, 330], [330, 348], [348, 349], [349, 322], [322, 316], [316, 355], [355, 302], [302, 323], [323, 303], [303, 300], [300, 304], [304, 327], [327, 305], [305, 289], [289, 353], [353, 326], [326, 321], [321, 361], [361, 360], [360, 362], [362, 439], [439, 438], [438, 382], [382, 420], [420, 421], [421, 428], [428, 385], [385, 429], [429, 426], [426, 427], [427, 424], [424, 425], [425, 422], [422, 440], [440, 441], [441, 414], [414, 408], [408, 447], [447, 394], [394, 415], [415, 395], [395, 392], [392, 396], [396, 419], [419, 397], [397, 381], [381, 445], [445, 418], [418, 413], [413, 453], [453, 452], [452, 454], [454, 531], [531, 530], [530, 474], [474, 512], [512, 513], [513, 520], [520, 477], [477, 521], [521, 518], [518, 519], [519, 516], [516, 517], [517, 514], [514, 532], [532, 533], [533, 506], [506, 500], [500, 539], [539, 486], [486, 507], [507, 487], [487, 484], [484, 488], [488, 511], [511, 489], [489, 473], [473, 537], [537, 510], [510, 505], [505, 545], [545, 544], [544, 546]],"Properties":{"Waypoint": { "startNode": -1, "finalNode": -1, "waypoint": []}, "LoopFreedom": { "startNode": -1},"DFA": {"initialState": 0, "finalStates": [2], "edges": [{"from": 0, "to": 1, "label": 270},{"from": 1, "to": 2, "label": 531}]},"Reachability":{"startNode":71,"finalNode":546}}}
Kaki stdout:  Version: 1.15 
 kaki/verifypn-linux64 /tmp/tmp9nkd8x4p
DFA generation time: 0.028 seconds 
DFA states: 11 
DFA transitions: 1181
Problem file: /tmp/tmp9nkd8x4p
Switches to update: 366

Decomposed topology into 6 subproblems
Topological decomposition took 0.048 seconds
Subproblem verification time: 0.033 seconds
Subproblem verification time: 0.011 seconds
Subproblem verification time: 0.015 seconds
Subproblem verification time: 0.012 seconds
Subproblem verification time: 0.015 seconds
Subproblem verification time: 0.018 seconds
Minimum batches required: 3
[[70, 14, 52, 53, 60, 17, 61, 58, 59, 56, 57, 54, 72, 73, 46, 40, 79, 26, 47, 27, 24, 28, 51, 29, 13, 77, 50, 45, 85, 84, 179, 180, 181, 182, 130, 131, 129, 183, 128, 147, 126, 125, 93, 124, 92, 133, 101, 100, 103, 102, 154, 157, 104, 156, 108, 159, 158, 161, 160, 163, 254, 198, 236, 237, 244, 201, 245, 242, 243, 240, 241, 238, 256, 257, 230, 224, 263, 210, 231, 211, 208, 212, 235, 213, 197, 261, 234, 229, 269, 268, 346, 290, 328, 329, 336, 293, 337, 334, 335, 332, 333, 330, 348, 349, 322, 316, 355, 302, 323, 303, 300, 304, 327, 305, 289, 353, 326, 321, 361, 360, 438, 382, 420, 421, 428, 385, 429, 426, 427, 424, 425, 422, 440, 441, 414, 408, 447, 394, 415, 395, 392, 396, 419, 397, 381, 445, 418, 413, 453, 452, 530, 474, 512, 513, 520, 477, 521, 518, 519, 516, 517, 514, 532, 533, 506, 500, 539, 486, 507, 487, 484, 488, 511, 489, 473, 537, 510, 505, 545, 544], [71, 155, 255, 347, 439, 531], [68, 69, 66, 67, 16, 64, 12, 65, 62, 10, 11, 8, 9, 41, 0, 32, 1, 33, 34, 55, 36, 91, 37, 39, 38, 90, 89, 88, 87, 63, 178, 176, 177, 137, 142, 169, 105, 121, 143, 120, 116, 119, 139, 118, 171, 132, 138, 165, 164, 146, 149, 148, 151, 150, 153, 109, 152, 145, 144, 106, 252, 253, 250, 251, 200, 248, 196, 249, 246, 194, 195, 192, 193, 225, 184, 216, 185, 217, 218, 239, 220, 275, 221, 223, 222, 274, 273, 272, 271, 247, 344, 345, 342, 343, 292, 340, 288, 341, 338, 286, 287, 284, 285, 317, 276, 308, 277, 309, 310, 331, 312, 367, 313, 315, 314, 366, 365, 364, 363, 339, 436, 437, 434, 435, 384, 432, 380, 433, 430, 378, 379, 376, 377, 409, 368, 400, 369, 401, 402, 423, 404, 459, 405, 407, 406, 458, 457, 456, 455, 431, 528, 529, 526, 527, 476, 524, 472, 525, 522, 470, 471, 468, 469, 501, 460, 492, 461, 493, 494, 515, 496, 551, 497, 499, 498, 550, 549, 548, 547, 523]]
Total program runtime: 0.37 seconds

Kaki stderr:  
Time: 0.37
Solution: []
	Command being timed: "python3 allsynth/run.py -t kaki --GML topologies/topzoo/VtlWavenet2011.gml 5 --dir topzoo_res/SC/kaki/kaki-1 --e-prop SC --repeat 1"
	User time (seconds): 2.92
	System time (seconds): 1.42
	Percent of CPU this job got: 410%
	Elapsed (wall clock) time (h:mm:ss or m:ss): 0:01.05
	Average shared text size (kbytes): 0
	Average unshared data size (kbytes): 0
	Average stack size (kbytes): 0
	Average total size (kbytes): 0
	Maximum resident set size (kbytes): 202240
	Average resident set size (kbytes): 0
	Major (requiring I/O) page faults: 0
	Minor (reclaiming a frame) page faults: 56245
	Voluntary context switches: 6386
	Involuntary context switches: 315
	Swaps: 0
	File system inputs: 0
	File system outputs: 40
	Socket messages sent: 0
	Socket messages received: 0
	Signals delivered: 0
	Page size (bytes): 4096
	Exit status: 0
