Namespace(tool='BDD', exper=None, gml=['topologies/topzoo/Arpanet196912.gml', '5'], index=None, prop='SeparateWPk', prop_file=None, op_req=None, repeat=1, reduce=True, opt=False, u=False, some=False, count=False, weight_bound=None, savedir='topzoo_res/SeparateWPk/reduce/BDD-0', dump_bdd=False)
Running 5Arpanet196912.gml
Policy: (((((WP(7-23) | WP(12-23)) | WP(13-23)) | WP(16-23)) | WP(21-23)) & (Reach 23))
Initial path of nodes: [1, 0, 3, 5, 4, 7, 9, 8, 11, 13, 12, 15, 17, 16, 19, 21, 20, 23]
Final path of nodes: [1, 0, 3, 5, 4, 7, 9, 10, 8, 11, 13, 12, 15, 17, 18, 16, 19, 21, 20, 23]
Time: 0.005578041076660156
Solution: non-empty
	Command being timed: "python3 allsynth/run.py -t BDD --GML topologies/topzoo/Arpanet196912.gml 5 --dir topzoo_res/SeparateWPk/reduce/BDD-0 --e-prop SeparateWPk --repeat 1 --reduce"
	User time (seconds): 0.66
	System time (seconds): 1.27
	Percent of CPU this job got: 581%
	Elapsed (wall clock) time (h:mm:ss or m:ss): 0:00.33
	Average shared text size (kbytes): 0
	Average unshared data size (kbytes): 0
	Average stack size (kbytes): 0
	Average total size (kbytes): 0
	Maximum resident set size (kbytes): 86896
	Average resident set size (kbytes): 0
	Major (requiring I/O) page faults: 0
	Minor (reclaiming a frame) page faults: 13808
	Voluntary context switches: 22
	Involuntary context switches: 72
	Swaps: 0
	File system inputs: 8
	File system outputs: 24
	Socket messages sent: 0
	Socket messages received: 0
	Signals delivered: 0
	Page size (bytes): 4096
	Exit status: 0
