Namespace(tool='BDD', exper=None, gml=['topologies/topzoo/Belnet2003.gml', '5'], index=None, prop='SeparateWPk', prop_file=None, op_req=None, repeat=1, reduce=True, opt=False, u=False, some=False, count=False, weight_bound=None, savedir='topzoo_res/SeparateWPk/reduce/BDD-0', dump_bdd=False)
Running 5Belnet2003.gml
Policy: ((((((WP(27-137) | WP(50-137)) | WP(52-137)) | WP(120-137)) | WP(91-137)) | WP(29-137)) & (Reach 137))
Initial path of nodes: [5, 7, 4, 22, 23, 27, 30, 35, 51, 53, 50, 68, 74, 76, 73, 91, 97, 99, 96, 114, 120, 122, 119, 137]
Final path of nodes: [5, 7, 6, 22, 23, 29, 30, 35, 51, 53, 52, 68, 74, 76, 75, 91, 97, 99, 98, 114, 120, 122, 121, 137]
Time: 0.011995077133178711
Solution: non-empty
	Command being timed: "python3 allsynth/run.py -t BDD --GML topologies/topzoo/Belnet2003.gml 5 --dir topzoo_res/SeparateWPk/reduce/BDD-0 --e-prop SeparateWPk --repeat 1 --reduce"
	User time (seconds): 0.97
	System time (seconds): 1.15
	Percent of CPU this job got: 347%
	Elapsed (wall clock) time (h:mm:ss or m:ss): 0:00.61
	Average shared text size (kbytes): 0
	Average unshared data size (kbytes): 0
	Average stack size (kbytes): 0
	Average total size (kbytes): 0
	Maximum resident set size (kbytes): 87972
	Average resident set size (kbytes): 0
	Major (requiring I/O) page faults: 0
	Minor (reclaiming a frame) page faults: 14118
	Voluntary context switches: 24
	Involuntary context switches: 217
	Swaps: 0
	File system inputs: 24
	File system outputs: 24
	Socket messages sent: 0
	Socket messages received: 0
	Signals delivered: 0
	Page size (bytes): 4096
	Exit status: 0
