Namespace(tool='BDD', exper=None, gml=['topologies/topzoo/Bellcanada.gml', '5'], index=None, prop='SeparateWPk', prop_file=None, op_req=None, repeat=1, reduce=True, opt=False, u=False, some=False, count=False, weight_bound=None, savedir='topzoo_res/SeparateWPk/reduce/BDD-0', dump_bdd=False)
Running 5Bellcanada.gml
Policy: (((((((((((((((((((((((((((((((WP(256-250) | WP(257-250)) | WP(131-250)) | WP(16-250)) | WP(17-250)) | WP(274-250)) | WP(275-250)) | WP(150-250)) | WP(154-250)) | WP(158-250)) | WP(160-250)) | WP(34-250)) | WP(35-250)) | WP(49-250)) | WP(179-250)) | WP(54-250)) | WP(190-250)) | WP(64-250)) | WP(66-250)) | WP(198-250)) | WP(77-250)) | WP(208-250)) | WP(83-250)) | WP(98-250)) | WP(227-250)) | WP(102-250)) | WP(109-250)) | WP(237-250)) | WP(112-250)) | WP(115-250)) | WP(246-250)) & (Reach 250))
Initial path of nodes: [6, 1, 2, 46, 45, 34, 29, 13, 14, 16, 17, 18, 19, 10, 54, 49, 50, 94, 93, 82, 77, 61, 62, 64, 65, 66, 67, 58, 102, 97, 98, 142, 141, 130, 125, 109, 110, 112, 113, 114, 115, 106, 150, 145, 146, 190, 189, 178, 173, 157, 158, 160, 161, 162, 163, 154, 198, 193, 194, 238, 237, 226, 221, 205, 206, 208, 209, 210, 211, 202, 246, 241, 242, 286, 285, 274, 269, 253, 254, 256, 257, 258, 259, 250]
Final path of nodes: [6, 7, 4, 33, 31, 35, 40, 12, 14, 15, 16, 17, 18, 19, 10, 54, 55, 52, 81, 79, 83, 88, 60, 62, 63, 64, 65, 66, 67, 58, 102, 103, 100, 129, 127, 131, 136, 108, 110, 111, 112, 113, 114, 115, 106, 150, 151, 148, 177, 175, 179, 184, 156, 158, 159, 160, 161, 162, 163, 154, 198, 199, 196, 225, 223, 227, 232, 204, 206, 207, 208, 209, 210, 211, 202, 246, 247, 244, 273, 271, 275, 280, 252, 254, 255, 256, 257, 258, 259, 250]
Time: 0.33785510063171387
Solution: non-empty
	Command being timed: "python3 allsynth/run.py -t BDD --GML topologies/topzoo/Bellcanada.gml 5 --dir topzoo_res/SeparateWPk/reduce/BDD-0 --e-prop SeparateWPk --repeat 1 --reduce"
	User time (seconds): 1.27
	System time (seconds): 1.33
	Percent of CPU this job got: 259%
	Elapsed (wall clock) time (h:mm:ss or m:ss): 0:01.00
	Average shared text size (kbytes): 0
	Average unshared data size (kbytes): 0
	Average stack size (kbytes): 0
	Average total size (kbytes): 0
	Maximum resident set size (kbytes): 89304
	Average resident set size (kbytes): 0
	Major (requiring I/O) page faults: 0
	Minor (reclaiming a frame) page faults: 14667
	Voluntary context switches: 30
	Involuntary context switches: 55
	Swaps: 0
	File system inputs: 40
	File system outputs: 24
	Socket messages sent: 0
	Socket messages received: 0
	Signals delivered: 0
	Page size (bytes): 4096
	Exit status: 0
