Namespace(tool='BDD', exper=None, gml=['topologies/topzoo/Bren.gml', '5'], index=None, prop='SeparateWPk', prop_file=None, op_req=None, repeat=1, reduce=True, opt=False, u=False, some=False, count=False, weight_bound=None, savedir='topzoo_res/SeparateWPk/reduce/BDD-0', dump_bdd=False)
Running 5Bren.gml
Policy: ((((((((((((((((((((((WP(128-221) | WP(2-221)) | WP(3-221)) | WP(132-221)) | WP(139-221)) | WP(147-221)) | WP(148-221)) | WP(151-221)) | WP(158-221)) | WP(36-221)) | WP(47-221)) | WP(59-221)) | WP(187-221)) | WP(188-221)) | WP(71-221)) | WP(72-221)) | WP(201-221)) | WP(85-221)) | WP(221-221)) | WP(99-221)) | WP(101-221)) | WP(109-221)) & (Reach 221))
Initial path of nodes: [16, 10, 11, 21, 3, 2, 34, 35, 36, 53, 47, 48, 58, 40, 39, 71, 72, 73, 90, 84, 85, 95, 77, 76, 108, 109, 110, 127, 121, 122, 132, 114, 113, 145, 146, 147, 164, 158, 159, 169, 151, 150, 182, 183, 184, 201, 195, 196, 206, 188, 187, 219, 220, 221]
Final path of nodes: [16, 10, 17, 25, 22, 3, 0, 28, 27, 35, 36, 53, 47, 54, 62, 59, 40, 37, 65, 64, 72, 73, 90, 84, 91, 99, 96, 77, 74, 102, 101, 109, 110, 127, 121, 128, 136, 133, 114, 111, 139, 138, 146, 147, 164, 158, 165, 173, 170, 151, 148, 176, 175, 183, 184, 201, 195, 202, 210, 207, 188, 185, 213, 212, 220, 221]
Time: 0.17837977409362793
Solution: non-empty
	Command being timed: "python3 allsynth/run.py -t BDD --GML topologies/topzoo/Bren.gml 5 --dir topzoo_res/SeparateWPk/reduce/BDD-0 --e-prop SeparateWPk --repeat 1 --reduce"
	User time (seconds): 1.04
	System time (seconds): 1.32
	Percent of CPU this job got: 307%
	Elapsed (wall clock) time (h:mm:ss or m:ss): 0:00.76
	Average shared text size (kbytes): 0
	Average unshared data size (kbytes): 0
	Average stack size (kbytes): 0
	Average total size (kbytes): 0
	Maximum resident set size (kbytes): 88444
	Average resident set size (kbytes): 0
	Major (requiring I/O) page faults: 0
	Minor (reclaiming a frame) page faults: 14534
	Voluntary context switches: 25
	Involuntary context switches: 371
	Swaps: 0
	File system inputs: 24
	File system outputs: 24
	Socket messages sent: 0
	Socket messages received: 0
	Signals delivered: 0
	Page size (bytes): 4096
	Exit status: 0
