Namespace(tool='BDD', exper=None, gml=['topologies/topzoo/Darkstrand.gml', '5'], index=None, prop='SeparateWPk', prop_file=None, op_req=None, repeat=1, reduce=True, opt=False, u=False, some=False, count=False, weight_bound=None, savedir='topzoo_res/SeparateWPk/reduce/BDD-0', dump_bdd=False)
Running 5Darkstrand.gml
Policy: ((((((((((((((((((((((((((((WP(1-162) | WP(4-162)) | WP(136-162)) | WP(141-162)) | WP(144-162)) | WP(21-162)) | WP(27-162)) | WP(157-162)) | WP(161-162)) | WP(34-162)) | WP(37-162)) | WP(167-162)) | WP(40-162)) | WP(50-162)) | WP(51-162)) | WP(61-162)) | WP(66-162)) | WP(75-162)) | WP(78-162)) | WP(81-162)) | WP(91-162)) | WP(97-162)) | WP(100-162)) | WP(102-162)) | WP(104-162)) | WP(114-162)) | WP(120-162)) | WP(123-162)) & (Reach 162))
Initial path of nodes: [17, 10, 11, 12, 13, 1, 25, 24, 23, 20, 21, 22, 45, 38, 39, 40, 41, 29, 53, 52, 51, 48, 49, 50, 73, 66, 67, 68, 69, 57, 81, 80, 79, 76, 77, 78, 101, 94, 95, 96, 97, 85, 109, 108, 107, 104, 105, 106, 129, 122, 123, 124, 125, 113, 137, 136, 135, 132, 133, 134, 157, 150, 151, 152, 153, 141, 165, 164, 163, 160, 161, 162]
Final path of nodes: [17, 16, 9, 8, 5, 4, 7, 6, 2, 19, 27, 18, 22, 45, 44, 37, 36, 33, 32, 35, 34, 30, 47, 55, 46, 50, 73, 72, 65, 64, 61, 60, 63, 62, 58, 75, 83, 74, 78, 101, 100, 93, 92, 89, 88, 91, 90, 86, 103, 111, 102, 106, 129, 128, 121, 120, 117, 116, 119, 118, 114, 131, 139, 130, 134, 157, 156, 149, 148, 145, 144, 147, 146, 142, 159, 167, 158, 162]
Time: 0.17029690742492676
Solution: non-empty
	Command being timed: "python3 allsynth/run.py -t BDD --GML topologies/topzoo/Darkstrand.gml 5 --dir topzoo_res/SeparateWPk/reduce/BDD-0 --e-prop SeparateWPk --repeat 1 --reduce"
	User time (seconds): 1.09
	System time (seconds): 1.31
	Percent of CPU this job got: 298%
	Elapsed (wall clock) time (h:mm:ss or m:ss): 0:00.80
	Average shared text size (kbytes): 0
	Average unshared data size (kbytes): 0
	Average stack size (kbytes): 0
	Average total size (kbytes): 0
	Maximum resident set size (kbytes): 87932
	Average resident set size (kbytes): 0
	Major (requiring I/O) page faults: 0
	Minor (reclaiming a frame) page faults: 14299
	Voluntary context switches: 28
	Involuntary context switches: 62
	Swaps: 0
	File system inputs: 16
	File system outputs: 24
	Socket messages sent: 0
	Socket messages received: 0
	Signals delivered: 0
	Page size (bytes): 4096
	Exit status: 0
