Namespace(tool='BDD', exper=None, gml=['topologies/topzoo/Easynet.gml', '5'], index=None, prop='SeparateWPk', prop_file=None, op_req=None, repeat=1, reduce=True, opt=False, u=False, some=False, count=False, weight_bound=None, savedir='topzoo_res/SeparateWPk/reduce/BDD-0', dump_bdd=False)
Running 5Easynet.gml
Policy: ((((((((((((((((((WP(32-107) | WP(97-107)) | WP(67-107)) | WP(102-107)) | WP(72-107)) | WP(41-107)) | WP(106-107)) | WP(11-107)) | WP(10-107)) | WP(107-107)) | WP(79-107)) | WP(50-107)) | WP(83-107)) | WP(19-107)) | WP(55-107)) | WP(89-107)) | WP(59-107)) | WP(28-107)) & (Reach 107))
Initial path of nodes: [2, 3, 7, 9, 10, 11, 12, 21, 22, 26, 28, 29, 30, 31, 40, 41, 45, 47, 48, 49, 50, 59, 60, 64, 66, 67, 68, 69, 78, 79, 83, 85, 86, 87, 88, 97, 98, 102, 104, 105, 106, 107]
Final path of nodes: [2, 3, 7, 17, 9, 10, 13, 12, 21, 22, 19, 26, 28, 34, 33, 32, 31, 40, 41, 45, 55, 47, 48, 51, 50, 59, 60, 57, 64, 66, 72, 71, 70, 69, 78, 79, 83, 93, 85, 86, 89, 88, 97, 98, 95, 102, 104, 110, 109, 108, 107]
Time: 0.11451935768127441
Solution: non-empty
	Command being timed: "python3 allsynth/run.py -t BDD --GML topologies/topzoo/Easynet.gml 5 --dir topzoo_res/SeparateWPk/reduce/BDD-0 --e-prop SeparateWPk --repeat 1 --reduce"
	User time (seconds): 0.96
	System time (seconds): 1.30
	Percent of CPU this job got: 314%
	Elapsed (wall clock) time (h:mm:ss or m:ss): 0:00.72
	Average shared text size (kbytes): 0
	Average unshared data size (kbytes): 0
	Average stack size (kbytes): 0
	Average total size (kbytes): 0
	Maximum resident set size (kbytes): 87440
	Average resident set size (kbytes): 0
	Major (requiring I/O) page faults: 0
	Minor (reclaiming a frame) page faults: 14157
	Voluntary context switches: 24
	Involuntary context switches: 3017
	Swaps: 0
	File system inputs: 8
	File system outputs: 24
	Socket messages sent: 0
	Socket messages received: 0
	Signals delivered: 0
	Page size (bytes): 4096
	Exit status: 0
