Namespace(tool='BDD', exper=None, gml=['topologies/topzoo/Garr200902.gml', '5'], index=None, prop='SeparateWPk', prop_file=None, op_req=None, repeat=1, reduce=True, opt=False, u=False, some=False, count=False, weight_bound=None, savedir='topzoo_res/SeparateWPk/reduce/BDD-0', dump_bdd=False)
Running 5Garr200902.gml
Policy: (((((((((((((((((((WP(24-321) | WP(283-321)) | WP(156-321)) | WP(159-321)) | WP(288-321)) | WP(31-321)) | WP(299-321)) | WP(301-321)) | WP(174-321)) | WP(180-321)) | WP(67-321)) | WP(72-321)) | WP(78-321)) | WP(210-321)) | WP(83-321)) | WP(224-321)) | WP(229-321)) | WP(240-321)) | WP(124-321)) & (Reach 321))
Initial path of nodes: [13, 18, 19, 8, 48, 31, 12, 51, 54, 83, 78, 93, 62, 73, 72, 67, 121, 126, 127, 116, 156, 139, 120, 159, 175, 180, 181, 170, 210, 193, 174, 213, 229, 234, 235, 224, 264, 247, 228, 267, 283, 288, 289, 278, 318, 301, 282, 321]
Final path of nodes: [13, 18, 19, 16, 48, 24, 29, 12, 51, 54, 83, 78, 96, 70, 73, 72, 67, 121, 126, 127, 124, 156, 132, 137, 120, 159, 175, 180, 181, 178, 210, 186, 191, 174, 213, 229, 234, 235, 232, 264, 240, 245, 228, 267, 283, 288, 289, 286, 318, 294, 299, 282, 321]
Time: 0.08682584762573242
Solution: non-empty
	Command being timed: "python3 allsynth/run.py -t BDD --GML topologies/topzoo/Garr200902.gml 5 --dir topzoo_res/SeparateWPk/reduce/BDD-0 --e-prop SeparateWPk --repeat 1 --reduce"
	User time (seconds): 1.10
	System time (seconds): 1.26
	Percent of CPU this job got: 306%
	Elapsed (wall clock) time (h:mm:ss or m:ss): 0:00.77
	Average shared text size (kbytes): 0
	Average unshared data size (kbytes): 0
	Average stack size (kbytes): 0
	Average total size (kbytes): 0
	Maximum resident set size (kbytes): 89084
	Average resident set size (kbytes): 0
	Major (requiring I/O) page faults: 0
	Minor (reclaiming a frame) page faults: 14446
	Voluntary context switches: 28
	Involuntary context switches: 103
	Swaps: 0
	File system inputs: 32
	File system outputs: 24
	Socket messages sent: 0
	Socket messages received: 0
	Signals delivered: 0
	Page size (bytes): 4096
	Exit status: 0
