Namespace(tool='BDD', exper=None, gml=['topologies/topzoo/Garr201004.gml', '5'], index=None, prop='SeparateWPk', prop_file=None, op_req=None, repeat=1, reduce=True, opt=False, u=False, some=False, count=False, weight_bound=None, savedir='topzoo_res/SeparateWPk/reduce/BDD-0', dump_bdd=False)
Running 5Garr201004.gml
Policy: (((((((((((((((((((WP(12-321) | WP(280-321)) | WP(156-321)) | WP(30-321)) | WP(159-321)) | WP(288-321)) | WP(298-321)) | WP(300-321)) | WP(175-321)) | WP(180-321)) | WP(64-321)) | WP(66-321)) | WP(72-321)) | WP(82-321)) | WP(210-321)) | WP(224-321)) | WP(226-321)) | WP(228-321)) | WP(124-321)) & (Reach 321))
Initial path of nodes: [10, 18, 19, 8, 48, 30, 13, 51, 54, 82, 66, 93, 62, 73, 72, 64, 118, 126, 127, 116, 156, 138, 121, 159, 172, 180, 181, 170, 210, 192, 175, 213, 226, 234, 235, 224, 264, 246, 229, 267, 280, 288, 289, 278, 318, 300, 283, 321]
Final path of nodes: [10, 18, 19, 16, 48, 12, 28, 13, 51, 54, 82, 66, 96, 70, 73, 72, 64, 118, 126, 127, 124, 156, 120, 136, 121, 159, 172, 180, 181, 178, 210, 174, 190, 175, 213, 226, 234, 235, 232, 264, 228, 244, 229, 267, 280, 288, 289, 286, 318, 282, 298, 283, 321]
Time: 0.0918736457824707
Solution: non-empty
	Command being timed: "python3 allsynth/run.py -t BDD --GML topologies/topzoo/Garr201004.gml 5 --dir topzoo_res/SeparateWPk/reduce/BDD-0 --e-prop SeparateWPk --repeat 1 --reduce"
	User time (seconds): 1.12
	System time (seconds): 1.19
	Percent of CPU this job got: 300%
	Elapsed (wall clock) time (h:mm:ss or m:ss): 0:00.76
	Average shared text size (kbytes): 0
	Average unshared data size (kbytes): 0
	Average stack size (kbytes): 0
	Average total size (kbytes): 0
	Maximum resident set size (kbytes): 89084
	Average resident set size (kbytes): 0
	Major (requiring I/O) page faults: 0
	Minor (reclaiming a frame) page faults: 14453
	Voluntary context switches: 28
	Involuntary context switches: 132
	Swaps: 0
	File system inputs: 32
	File system outputs: 24
	Socket messages sent: 0
	Socket messages received: 0
	Signals delivered: 0
	Page size (bytes): 4096
	Exit status: 0
