Namespace(tool='BDD', exper=None, gml=['topologies/topzoo/Garr201104.gml', '5'], index=None, prop='SeparateWPk', prop_file=None, op_req=None, repeat=1, reduce=True, opt=False, u=False, some=False, count=False, weight_bound=None, savedir='topzoo_res/SeparateWPk/reduce/BDD-0', dump_bdd=False)
Running 5Garr201104.gml
Policy: ((((((((((((WP(352-347) | WP(35-347)) | WP(199-347)) | WP(71-347)) | WP(73-347)) | WP(330-347)) | WP(171-347)) | WP(303-347)) | WP(246-347)) | WP(215-347)) | WP(57-347)) | WP(254-347)) & (Reach 347))
Initial path of nodes: [8, 22, 21, 10, 53, 35, 38, 52, 59, 92, 73, 103, 69, 80, 79, 71, 126, 140, 139, 128, 171, 153, 156, 170, 185, 199, 198, 187, 230, 212, 215, 229, 244, 258, 257, 246, 289, 271, 274, 288, 303, 317, 316, 305, 348, 330, 333, 347]
Final path of nodes: [8, 22, 21, 18, 53, 57, 38, 52, 59, 92, 73, 106, 77, 80, 79, 71, 126, 140, 139, 136, 171, 175, 156, 170, 185, 199, 198, 195, 230, 234, 215, 229, 244, 258, 257, 254, 289, 293, 274, 288, 303, 317, 316, 313, 348, 352, 333, 347]
Time: 0.04635906219482422
Solution: non-empty
	Command being timed: "python3 allsynth/run.py -t BDD --GML topologies/topzoo/Garr201104.gml 5 --dir topzoo_res/SeparateWPk/reduce/BDD-0 --e-prop SeparateWPk --repeat 1 --reduce"
	User time (seconds): 1.04
	System time (seconds): 1.30
	Percent of CPU this job got: 316%
	Elapsed (wall clock) time (h:mm:ss or m:ss): 0:00.74
	Average shared text size (kbytes): 0
	Average unshared data size (kbytes): 0
	Average stack size (kbytes): 0
	Average total size (kbytes): 0
	Maximum resident set size (kbytes): 89220
	Average resident set size (kbytes): 0
	Major (requiring I/O) page faults: 0
	Minor (reclaiming a frame) page faults: 14423
	Voluntary context switches: 24
	Involuntary context switches: 46
	Swaps: 0
	File system inputs: 40
	File system outputs: 24
	Socket messages sent: 0
	Socket messages received: 0
	Signals delivered: 0
	Page size (bytes): 4096
	Exit status: 0
