Namespace(tool='BDD', exper=None, gml=['topologies/topzoo/HiberniaNireland.gml', '5'], index=None, prop='SeparateWPk', prop_file=None, op_req=None, repeat=1, reduce=True, opt=False, u=False, some=False, count=False, weight_bound=None, savedir='topzoo_res/SeparateWPk/reduce/BDD-0', dump_bdd=False)
Running 5HiberniaNireland.gml
Policy: (((((((((((((((WP(96-100) | WP(97-100)) | WP(36-100)) | WP(102-100)) | WP(6-100)) | WP(12-100)) | WP(77-100)) | WP(80-100)) | WP(53-100)) | WP(21-100)) | WP(55-100)) | WP(56-100)) | WP(58-100)) | WP(27-100)) | WP(28-100)) & (Reach 100))
Initial path of nodes: [7, 2, 9, 8, 17, 12, 1, 10, 25, 20, 27, 26, 35, 30, 19, 28, 43, 38, 45, 44, 53, 48, 37, 46, 61, 56, 63, 62, 71, 66, 55, 64, 79, 74, 81, 80, 89, 84, 73, 82, 97, 92, 99, 98, 107, 102, 91, 100]
Final path of nodes: [7, 4, 3, 5, 0, 6, 1, 10, 25, 22, 21, 23, 18, 24, 19, 28, 43, 40, 39, 41, 36, 42, 37, 46, 61, 58, 57, 59, 54, 60, 55, 64, 79, 76, 75, 77, 72, 78, 73, 82, 97, 94, 93, 95, 90, 96, 91, 100]
Time: 0.04326009750366211
Solution: non-empty
	Command being timed: "python3 allsynth/run.py -t BDD --GML topologies/topzoo/HiberniaNireland.gml 5 --dir topzoo_res/SeparateWPk/reduce/BDD-0 --e-prop SeparateWPk --repeat 1 --reduce"
	User time (seconds): 0.93
	System time (seconds): 1.29
	Percent of CPU this job got: 353%
	Elapsed (wall clock) time (h:mm:ss or m:ss): 0:00.62
	Average shared text size (kbytes): 0
	Average unshared data size (kbytes): 0
	Average stack size (kbytes): 0
	Average total size (kbytes): 0
	Maximum resident set size (kbytes): 87624
	Average resident set size (kbytes): 0
	Major (requiring I/O) page faults: 0
	Minor (reclaiming a frame) page faults: 14070
	Voluntary context switches: 27
	Involuntary context switches: 58
	Swaps: 0
	File system inputs: 16
	File system outputs: 24
	Socket messages sent: 0
	Socket messages received: 0
	Signals delivered: 0
	Page size (bytes): 4096
	Exit status: 0
