Namespace(tool='BDD', exper=None, gml=['topologies/topzoo/HostwayInternational.gml', '5'], index=None, prop='SeparateWPk', prop_file=None, op_req=None, repeat=1, reduce=True, opt=False, u=False, some=False, count=False, weight_bound=None, savedir='topzoo_res/SeparateWPk/reduce/BDD-0', dump_bdd=False)
Running 5HostwayInternational.gml
Policy: ((((((((((((((((((((WP(10-94) | WP(15-94)) | WP(16-94)) | WP(25-94)) | WP(31-94)) | WP(32-94)) | WP(34-94)) | WP(40-94)) | WP(44-94)) | WP(53-94)) | WP(55-94)) | WP(60-94)) | WP(62-94)) | WP(66-94)) | WP(68-94)) | WP(75-94)) | WP(82-94)) | WP(83-94)) | WP(90-94)) | WP(91-94)) & (Reach 94))
Initial path of nodes: [3, 0, 2, 7, 4, 10, 9, 8, 14, 19, 16, 18, 23, 20, 26, 25, 24, 30, 35, 32, 34, 39, 36, 42, 41, 40, 46, 51, 48, 50, 55, 52, 58, 57, 56, 62, 67, 64, 66, 71, 68, 74, 73, 72, 78, 83, 80, 82, 87, 84, 90, 89, 88, 94]
Final path of nodes: [3, 0, 2, 7, 6, 15, 12, 11, 14, 19, 16, 21, 18, 23, 22, 31, 28, 27, 30, 35, 32, 34, 39, 38, 47, 44, 43, 46, 51, 48, 53, 50, 55, 54, 63, 60, 59, 62, 67, 64, 66, 71, 70, 79, 76, 75, 78, 83, 80, 85, 82, 87, 86, 95, 92, 91, 94]
Time: 0.10193490982055664
Solution: non-empty
	Command being timed: "python3 allsynth/run.py -t BDD --GML topologies/topzoo/HostwayInternational.gml 5 --dir topzoo_res/SeparateWPk/reduce/BDD-0 --e-prop SeparateWPk --repeat 1 --reduce"
	User time (seconds): 0.96
	System time (seconds): 1.33
	Percent of CPU this job got: 328%
	Elapsed (wall clock) time (h:mm:ss or m:ss): 0:00.70
	Average shared text size (kbytes): 0
	Average unshared data size (kbytes): 0
	Average stack size (kbytes): 0
	Average total size (kbytes): 0
	Maximum resident set size (kbytes): 91276
	Average resident set size (kbytes): 0
	Major (requiring I/O) page faults: 0
	Minor (reclaiming a frame) page faults: 14075
	Voluntary context switches: 50
	Involuntary context switches: 77
	Swaps: 0
	File system inputs: 8
	File system outputs: 24
	Socket messages sent: 0
	Socket messages received: 0
	Signals delivered: 0
	Page size (bytes): 4096
	Exit status: 0
