Namespace(tool='BDD', exper=None, gml=['topologies/topzoo/IowaStatewideFiberMap.gml', '5'], index=None, prop='SeparateWPk', prop_file=None, op_req=None, repeat=1, reduce=True, opt=False, u=False, some=False, count=False, weight_bound=None, savedir='topzoo_res/SeparateWPk/reduce/BDD-0', dump_bdd=False)
Running 5IowaStatewideFiberMap.gml
Policy: (((((((((((((((((((((((WP(131-191) | WP(12-191)) | WP(147-191)) | WP(148-191)) | WP(26-191)) | WP(159-191)) | WP(32-191)) | WP(164-191)) | WP(43-191)) | WP(48-191)) | WP(177-191)) | WP(180-191)) | WP(61-191)) | WP(191-191)) | WP(65-191)) | WP(197-191)) | WP(75-191)) | WP(81-191)) | WP(95-191)) | WP(98-191)) | WP(110-191)) | WP(114-191)) | WP(117-191)) & (Reach 191))
Initial path of nodes: [15, 16, 18, 30, 31, 32, 7, 9, 10, 26, 48, 49, 51, 63, 64, 65, 40, 42, 43, 59, 81, 82, 84, 96, 97, 98, 73, 75, 76, 92, 114, 115, 117, 129, 130, 131, 106, 108, 109, 125, 147, 148, 150, 162, 163, 164, 139, 141, 142, 158, 180, 181, 183, 195, 196, 197, 172, 174, 175, 191]
Final path of nodes: [15, 16, 18, 29, 28, 12, 27, 11, 9, 10, 26, 48, 49, 51, 62, 61, 45, 60, 44, 42, 43, 59, 81, 82, 84, 95, 94, 78, 93, 77, 75, 76, 92, 114, 115, 117, 128, 127, 111, 126, 110, 108, 109, 125, 147, 148, 150, 161, 160, 144, 159, 143, 141, 142, 158, 180, 181, 183, 194, 193, 177, 192, 176, 174, 175, 191]
Time: 0.08696150779724121
Solution: non-empty
	Command being timed: "python3 allsynth/run.py -t BDD --GML topologies/topzoo/IowaStatewideFiberMap.gml 5 --dir topzoo_res/SeparateWPk/reduce/BDD-0 --e-prop SeparateWPk --repeat 1 --reduce"
	User time (seconds): 0.97
	System time (seconds): 1.30
	Percent of CPU this job got: 338%
	Elapsed (wall clock) time (h:mm:ss or m:ss): 0:00.67
	Average shared text size (kbytes): 0
	Average unshared data size (kbytes): 0
	Average stack size (kbytes): 0
	Average total size (kbytes): 0
	Maximum resident set size (kbytes): 88272
	Average resident set size (kbytes): 0
	Major (requiring I/O) page faults: 0
	Minor (reclaiming a frame) page faults: 14277
	Voluntary context switches: 29
	Involuntary context switches: 60
	Swaps: 0
	File system inputs: 16
	File system outputs: 24
	Socket messages sent: 0
	Socket messages received: 0
	Signals delivered: 0
	Page size (bytes): 4096
	Exit status: 0
