Namespace(tool='BDD', exper=None, gml=['topologies/topzoo/KentmanJul2005.gml', '5'], index=None, prop='SeparateWPk', prop_file=None, op_req=None, repeat=1, reduce=True, opt=False, u=False, some=False, count=False, weight_bound=None, savedir='topzoo_res/SeparateWPk/reduce/BDD-0', dump_bdd=False)
Running 5KentmanJul2005.gml
Policy: ((((((((((((((((WP(64-93) | WP(1-93)) | WP(26-93)) | WP(4-93)) | WP(70-93)) | WP(39-93)) | WP(45-93)) | WP(47-93)) | WP(17-93)) | WP(50-93)) | WP(19-93)) | WP(84-93)) | WP(52-93)) | WP(81-93)) | WP(90-93)) | WP(63-93)) & (Reach 93))
Initial path of nodes: [10, 15, 0, 3, 2, 4, 13, 25, 20, 18, 19, 16, 31, 26, 42, 47, 32, 35, 34, 36, 45, 58, 63, 48, 51, 50, 52, 61, 74, 79, 64, 67, 66, 68, 77, 90, 95, 80, 83, 82, 84, 93]
Final path of nodes: [10, 15, 0, 6, 7, 1, 4, 13, 25, 20, 17, 23, 22, 16, 31, 26, 42, 47, 32, 38, 39, 33, 36, 45, 58, 63, 48, 54, 55, 49, 52, 61, 74, 79, 64, 70, 71, 65, 68, 77, 90, 95, 80, 86, 87, 81, 84, 93]
Time: 0.04371929168701172
Solution: non-empty
	Command being timed: "python3 allsynth/run.py -t BDD --GML topologies/topzoo/KentmanJul2005.gml 5 --dir topzoo_res/SeparateWPk/reduce/BDD-0 --e-prop SeparateWPk --repeat 1 --reduce"
	User time (seconds): 0.91
	System time (seconds): 1.30
	Percent of CPU this job got: 358%
	Elapsed (wall clock) time (h:mm:ss or m:ss): 0:00.62
	Average shared text size (kbytes): 0
	Average unshared data size (kbytes): 0
	Average stack size (kbytes): 0
	Average total size (kbytes): 0
	Maximum resident set size (kbytes): 87444
	Average resident set size (kbytes): 0
	Major (requiring I/O) page faults: 0
	Minor (reclaiming a frame) page faults: 14035
	Voluntary context switches: 25
	Involuntary context switches: 49
	Swaps: 0
	File system inputs: 16
	File system outputs: 24
	Socket messages sent: 0
	Socket messages received: 0
	Signals delivered: 0
	Page size (bytes): 4096
	Exit status: 0
