Namespace(tool='BDD', exper=None, gml=['topologies/topzoo/KentmanFeb2008.gml', '5'], index=None, prop='SeparateWPk', prop_file=None, op_req=None, repeat=1, reduce=True, opt=False, u=False, some=False, count=False, weight_bound=None, savedir='topzoo_res/SeparateWPk/reduce/BDD-0', dump_bdd=False)
Running 5KentmanFeb2008.gml
Policy: (((((((((WP(65-143) | WP(100-143)) | WP(37-143)) | WP(136-143)) | WP(76-143)) | WP(45-143)) | WP(116-143)) | WP(23-143)) | WP(153-143)) & (Reach 143))
Initial path of nodes: [6, 24, 12, 11, 22, 23, 13, 32, 50, 38, 37, 48, 49, 39, 58, 76, 64, 63, 74, 75, 65, 84, 102, 90, 89, 100, 101, 91, 110, 128, 116, 115, 126, 127, 117, 136, 154, 142, 141, 152, 153, 143]
Final path of nodes: [6, 24, 12, 19, 22, 23, 13, 32, 50, 38, 45, 48, 49, 39, 58, 76, 64, 71, 74, 75, 65, 84, 102, 90, 97, 100, 101, 91, 110, 128, 116, 123, 126, 127, 117, 136, 154, 142, 149, 152, 153, 143]
Time: 0.021052122116088867
Solution: non-empty
	Command being timed: "python3 allsynth/run.py -t BDD --GML topologies/topzoo/KentmanFeb2008.gml 5 --dir topzoo_res/SeparateWPk/reduce/BDD-0 --e-prop SeparateWPk --repeat 1 --reduce"
	User time (seconds): 0.94
	System time (seconds): 1.29
	Percent of CPU this job got: 351%
	Elapsed (wall clock) time (h:mm:ss or m:ss): 0:00.63
	Average shared text size (kbytes): 0
	Average unshared data size (kbytes): 0
	Average stack size (kbytes): 0
	Average total size (kbytes): 0
	Maximum resident set size (kbytes): 87728
	Average resident set size (kbytes): 0
	Major (requiring I/O) page faults: 0
	Minor (reclaiming a frame) page faults: 14098
	Voluntary context switches: 24
	Involuntary context switches: 79
	Swaps: 0
	File system inputs: 24
	File system outputs: 24
	Socket messages sent: 0
	Socket messages received: 0
	Signals delivered: 0
	Page size (bytes): 4096
	Exit status: 0
