Namespace(tool='BDD', exper=None, gml=['topologies/topzoo/Marwan.gml', '5'], index=None, prop='SeparateWPk', prop_file=None, op_req=None, repeat=1, reduce=True, opt=False, u=False, some=False, count=False, weight_bound=None, savedir='topzoo_res/SeparateWPk/reduce/BDD-0', dump_bdd=False)
Running 5Marwan.gml
Policy: (((((((((((WP(32-92) | WP(67-92)) | WP(36-92)) | WP(71-92)) | WP(44-92)) | WP(13-92)) | WP(81-92)) | WP(18-92)) | WP(22-92)) | WP(93-92)) | WP(63-92)) & (Reach 92))
Initial path of nodes: [1, 0, 3, 2, 15, 13, 12, 17, 16, 19, 18, 31, 29, 28, 33, 32, 35, 34, 47, 45, 44, 49, 48, 51, 50, 63, 61, 60, 65, 64, 67, 66, 79, 77, 76, 81, 80, 83, 82, 95, 93, 92]
Final path of nodes: [1, 4, 7, 2, 15, 13, 12, 17, 20, 23, 22, 31, 29, 28, 33, 36, 39, 34, 47, 45, 44, 49, 52, 55, 54, 63, 61, 60, 65, 68, 71, 66, 79, 77, 76, 81, 84, 87, 86, 95, 93, 92]
Time: 0.030045270919799805
Solution: non-empty
	Command being timed: "python3 allsynth/run.py -t BDD --GML topologies/topzoo/Marwan.gml 5 --dir topzoo_res/SeparateWPk/reduce/BDD-0 --e-prop SeparateWPk --repeat 1 --reduce"
	User time (seconds): 0.92
	System time (seconds): 1.28
	Percent of CPU this job got: 313%
	Elapsed (wall clock) time (h:mm:ss or m:ss): 0:00.70
	Average shared text size (kbytes): 0
	Average unshared data size (kbytes): 0
	Average stack size (kbytes): 0
	Average total size (kbytes): 0
	Maximum resident set size (kbytes): 86948
	Average resident set size (kbytes): 0
	Major (requiring I/O) page faults: 0
	Minor (reclaiming a frame) page faults: 13976
	Voluntary context switches: 25
	Involuntary context switches: 670
	Swaps: 0
	File system inputs: 8
	File system outputs: 24
	Socket messages sent: 0
	Socket messages received: 0
	Signals delivered: 0
	Page size (bytes): 4096
	Exit status: 0
