Namespace(tool='BDD', exper=None, gml=['topologies/topzoo/NetworkUsa.gml', '5'], index=None, prop='SeparateWPk', prop_file=None, op_req=None, repeat=1, reduce=True, opt=False, u=False, some=False, count=False, weight_bound=None, savedir='topzoo_res/SeparateWPk/reduce/BDD-0', dump_bdd=False)
Running 5NetworkUsa.gml
Policy: ((((((((((((((((((((((((((((WP(5-208) | WP(134-208)) | WP(138-208)) | WP(150-208)) | WP(27-208)) | WP(31-208)) | WP(33-208)) | WP(163-208)) | WP(36-208)) | WP(168-208)) | WP(170-208)) | WP(47-208)) | WP(179-208)) | WP(56-208)) | WP(190-208)) | WP(191-208)) | WP(65-208)) | WP(202-208)) | WP(75-208)) | WP(207-208)) | WP(208-208)) | WP(82-208)) | WP(85-208)) | WP(100-208)) | WP(101-208)) | WP(112-208)) | WP(116-208)) | WP(126-208)) & (Reach 208))
Initial path of nodes: [15, 10, 11, 12, 13, 27, 28, 29, 30, 34, 33, 38, 35, 42, 60, 65, 64, 63, 62, 48, 47, 46, 85, 80, 81, 82, 83, 97, 98, 99, 100, 104, 103, 120, 115, 116, 117, 118, 132, 133, 134, 135, 139, 138, 155, 150, 151, 152, 153, 167, 168, 169, 170, 174, 173, 190, 185, 186, 187, 188, 202, 203, 204, 205, 209, 208]
Final path of nodes: [15, 16, 21, 22, 23, 5, 4, 7, 25, 30, 31, 32, 33, 38, 35, 36, 41, 40, 58, 57, 56, 51, 50, 45, 46, 85, 86, 91, 92, 93, 75, 74, 77, 95, 100, 101, 102, 103, 120, 121, 126, 127, 128, 110, 109, 112, 130, 135, 136, 137, 138, 155, 156, 161, 162, 163, 145, 144, 147, 165, 170, 171, 172, 173, 190, 191, 196, 197, 198, 180, 179, 182, 200, 205, 206, 207, 208]
Time: 0.3978126049041748
Solution: non-empty
	Command being timed: "python3 allsynth/run.py -t BDD --GML topologies/topzoo/NetworkUsa.gml 5 --dir topzoo_res/SeparateWPk/reduce/BDD-0 --e-prop SeparateWPk --repeat 1 --reduce"
	User time (seconds): 1.38
	System time (seconds): 1.26
	Percent of CPU this job got: 227%
	Elapsed (wall clock) time (h:mm:ss or m:ss): 0:01.16
	Average shared text size (kbytes): 0
	Average unshared data size (kbytes): 0
	Average stack size (kbytes): 0
	Average total size (kbytes): 0
	Maximum resident set size (kbytes): 88180
	Average resident set size (kbytes): 0
	Major (requiring I/O) page faults: 0
	Minor (reclaiming a frame) page faults: 14512
	Voluntary context switches: 24
	Involuntary context switches: 30030
	Swaps: 0
	File system inputs: 16
	File system outputs: 24
	Socket messages sent: 0
	Socket messages received: 0
	Signals delivered: 0
	Page size (bytes): 4096
	Exit status: 0
