Namespace(tool='BDD', exper=None, gml=['topologies/topzoo/PionierL1.gml', '5'], index=None, prop='SeparateWPk', prop_file=None, op_req=None, repeat=1, reduce=True, opt=False, u=False, some=False, count=False, weight_bound=None, savedir='topzoo_res/SeparateWPk/reduce/BDD-0', dump_bdd=False)
Running 5PionierL1.gml
Policy: ((((((((((((((((((((((((((((((WP(4-205) | WP(142-205)) | WP(17-205)) | WP(18-205)) | WP(147-205)) | WP(146-205)) | WP(152-205)) | WP(161-205)) | WP(34-205)) | WP(36-205)) | WP(38-205)) | WP(178-205)) | WP(53-205)) | WP(182-205)) | WP(56-205)) | WP(184-205)) | WP(197-205)) | WP(198-205)) | WP(70-205)) | WP(74-205)) | WP(77-205)) | WP(214-205)) | WP(89-205)) | WP(97-205)) | WP(99-205)) | WP(106-205)) | WP(110-205)) | WP(114-205)) | WP(125-205)) | WP(127-205)) & (Reach 205))
Initial path of nodes: [2, 27, 3, 0, 6, 4, 5, 8, 20, 19, 18, 25, 38, 63, 39, 36, 42, 40, 41, 44, 56, 55, 54, 61, 74, 99, 75, 72, 78, 76, 77, 80, 92, 91, 90, 97, 110, 135, 111, 108, 114, 112, 113, 116, 128, 127, 126, 133, 146, 171, 147, 144, 150, 148, 149, 152, 164, 163, 162, 169, 182, 207, 183, 180, 186, 184, 185, 188, 200, 199, 198, 205]
Final path of nodes: [2, 27, 28, 26, 35, 34, 9, 21, 11, 12, 17, 22, 24, 18, 25, 38, 63, 64, 62, 71, 70, 45, 57, 47, 48, 53, 58, 60, 54, 61, 74, 99, 100, 98, 107, 106, 81, 93, 83, 84, 89, 94, 96, 90, 97, 110, 135, 136, 134, 143, 142, 117, 129, 119, 120, 125, 130, 132, 126, 133, 146, 171, 172, 170, 179, 178, 153, 165, 155, 156, 161, 166, 168, 162, 169, 182, 207, 208, 206, 215, 214, 189, 201, 191, 192, 197, 202, 204, 198, 205]
Time: 0.20162343978881836
Solution: non-empty
	Command being timed: "python3 allsynth/run.py -t BDD --GML topologies/topzoo/PionierL1.gml 5 --dir topzoo_res/SeparateWPk/reduce/BDD-0 --e-prop SeparateWPk --repeat 1 --reduce"
	User time (seconds): 1.09
	System time (seconds): 1.31
	Percent of CPU this job got: 292%
	Elapsed (wall clock) time (h:mm:ss or m:ss): 0:00.82
	Average shared text size (kbytes): 0
	Average unshared data size (kbytes): 0
	Average stack size (kbytes): 0
	Average total size (kbytes): 0
	Maximum resident set size (kbytes): 88396
	Average resident set size (kbytes): 0
	Major (requiring I/O) page faults: 0
	Minor (reclaiming a frame) page faults: 14436
	Voluntary context switches: 25
	Involuntary context switches: 460
	Swaps: 0
	File system inputs: 16
	File system outputs: 24
	Socket messages sent: 0
	Socket messages received: 0
	Signals delivered: 0
	Page size (bytes): 4096
	Exit status: 0
