Namespace(tool='BDD', exper=None, gml=['topologies/topzoo/Rnp.gml', '5'], index=None, prop='SeparateWPk', prop_file=None, op_req=None, repeat=1, reduce=True, opt=False, u=False, some=False, count=False, weight_bound=None, savedir='topzoo_res/SeparateWPk/reduce/BDD-0', dump_bdd=False)
Running 5Rnp.gml
Policy: ((((((((((((((((((((((((((WP(5-174) | WP(137-174)) | WP(11-174)) | WP(20-174)) | WP(154-174)) | WP(155-174)) | WP(160-174)) | WP(166-174)) | WP(43-174)) | WP(47-174)) | WP(175-174)) | WP(51-174)) | WP(52-174)) | WP(53-174)) | WP(64-174)) | WP(73-174)) | WP(77-174)) | WP(78-174)) | WP(81-174)) | WP(90-174)) | WP(105-174)) | WP(107-174)) | WP(112-174)) | WP(122-174)) | WP(123-174)) | WP(127-174)) & (Reach 174))
Initial path of nodes: [0, 2, 3, 22, 30, 5, 16, 13, 20, 12, 11, 19, 31, 33, 34, 53, 61, 36, 47, 44, 51, 43, 42, 50, 62, 64, 65, 84, 92, 67, 78, 75, 82, 74, 73, 81, 93, 95, 96, 115, 123, 98, 109, 106, 113, 105, 104, 112, 124, 126, 127, 146, 154, 129, 140, 137, 144, 136, 135, 143, 155, 157, 158, 177, 185, 160, 171, 168, 175, 167, 166, 174]
Final path of nodes: [0, 21, 28, 29, 30, 5, 16, 15, 14, 13, 20, 12, 11, 19, 31, 52, 59, 60, 61, 36, 47, 46, 45, 44, 51, 43, 42, 50, 62, 83, 90, 91, 92, 67, 78, 77, 76, 75, 82, 74, 73, 81, 93, 114, 121, 122, 123, 98, 109, 108, 107, 106, 113, 105, 104, 112, 124, 145, 152, 153, 154, 129, 140, 139, 138, 137, 144, 136, 135, 143, 155, 176, 183, 184, 185, 160, 171, 170, 169, 168, 175, 167, 166, 174]
Time: 0.2567002773284912
Solution: non-empty
	Command being timed: "python3 allsynth/run.py -t BDD --GML topologies/topzoo/Rnp.gml 5 --dir topzoo_res/SeparateWPk/reduce/BDD-0 --e-prop SeparateWPk --repeat 1 --reduce"
	User time (seconds): 1.10
	System time (seconds): 1.25
	Percent of CPU this job got: 272%
	Elapsed (wall clock) time (h:mm:ss or m:ss): 0:00.86
	Average shared text size (kbytes): 0
	Average unshared data size (kbytes): 0
	Average stack size (kbytes): 0
	Average total size (kbytes): 0
	Maximum resident set size (kbytes): 88168
	Average resident set size (kbytes): 0
	Major (requiring I/O) page faults: 0
	Minor (reclaiming a frame) page faults: 14413
	Voluntary context switches: 30
	Involuntary context switches: 179
	Swaps: 0
	File system inputs: 24
	File system outputs: 24
	Socket messages sent: 0
	Socket messages received: 0
	Signals delivered: 0
	Page size (bytes): 4096
	Exit status: 0
