Namespace(tool='BDD', exper=None, gml=['topologies/topzoo/Sprint.gml', '5'], index=None, prop='SeparateWPk', prop_file=None, op_req=None, repeat=1, reduce=True, opt=False, u=False, some=False, count=False, weight_bound=None, savedir='topzoo_res/SeparateWPk/reduce/BDD-0', dump_bdd=False)
Running 5Sprint.gml
Policy: (((((WP(34-57) | WP(12-57)) | WP(45-57)) | WP(23-57)) | WP(56-57)) & (Reach 57))
Initial path of nodes: [1, 10, 4, 0, 2, 12, 21, 15, 11, 13, 23, 32, 26, 22, 24, 34, 43, 37, 33, 35, 45, 54, 48, 44, 46, 56, 65, 59, 55, 57]
Final path of nodes: [1, 10, 7, 0, 2, 12, 21, 18, 11, 13, 23, 28, 29, 22, 24, 34, 43, 40, 33, 35, 45, 50, 51, 44, 46, 56, 65, 62, 55, 57]
Time: 0.012845277786254883
Solution: non-empty
	Command being timed: "python3 allsynth/run.py -t BDD --GML topologies/topzoo/Sprint.gml 5 --dir topzoo_res/SeparateWPk/reduce/BDD-0 --e-prop SeparateWPk --repeat 1 --reduce"
	User time (seconds): 0.89
	System time (seconds): 1.29
	Percent of CPU this job got: 369%
	Elapsed (wall clock) time (h:mm:ss or m:ss): 0:00.59
	Average shared text size (kbytes): 0
	Average unshared data size (kbytes): 0
	Average stack size (kbytes): 0
	Average total size (kbytes): 0
	Maximum resident set size (kbytes): 87304
	Average resident set size (kbytes): 0
	Major (requiring I/O) page faults: 0
	Minor (reclaiming a frame) page faults: 13918
	Voluntary context switches: 26
	Involuntary context switches: 74
	Swaps: 0
	File system inputs: 8
	File system outputs: 24
	Socket messages sent: 0
	Socket messages received: 0
	Signals delivered: 0
	Page size (bytes): 4096
	Exit status: 0
