Namespace(tool='BDD', exper=None, gml=['topologies/topzoo/Syringa.gml', '5'], index=None, prop='SeparateWPk', prop_file=None, op_req=None, repeat=1, reduce=True, opt=False, u=False, some=False, count=False, weight_bound=None, savedir='topzoo_res/SeparateWPk/reduce/BDD-0', dump_bdd=False)
Running 5Syringa.gml
Policy: ((((((((((((((((((((((((((((((((((((((((((((((((((((((((((((((((((((((((WP(130-394) | WP(3-394)) | WP(393-394)) | WP(9-394)) | WP(139-394)) | WP(12-394)) | WP(138-394)) | WP(395-394)) | WP(144-394)) | WP(272-394)) | WP(274-394)) | WP(145-394)) | WP(148-394)) | WP(149-394)) | WP(150-394)) | WP(23-394)) | WP(25-394)) | WP(283-394)) | WP(156-394)) | WP(417-394)) | WP(162-394)) | WP(291-394)) | WP(419-394)) | WP(421-394)) | WP(295-394)) | WP(172-394)) | WP(429-394)) | WP(301-394)) | WP(175-394)) | WP(303-394)) | WP(49-394)) | WP(47-394)) | WP(51-394)) | WP(182-394)) | WP(311-394)) | WP(313-394)) | WP(442-394)) | WP(59-394)) | WP(189-394)) | WP(191-394)) | WP(72-394)) | WP(332-394)) | WP(78-394)) | WP(206-394)) | WP(81-394)) | WP(344-394)) | WP(217-394)) | WP(90-394)) | WP(221-394)) | WP(350-394)) | WP(223-394)) | WP(224-394)) | WP(353-394)) | WP(98-394)) | WP(222-394)) | WP(232-394)) | WP(360-394)) | WP(105-394)) | WP(107-394)) | WP(235-394)) | WP(361-394)) | WP(366-394)) | WP(367-394)) | WP(113-394)) | WP(379-394)) | WP(373-394)) | WP(245-394)) | WP(247-394)) | WP(376-394)) | WP(251-394)) | WP(382-394)) | WP(127-394)) & (Reach 394))
Initial path of nodes: [6, 1, 71, 70, 69, 72, 73, 64, 65, 2, 3, 0, 7, 4, 10, 51, 27, 54, 53, 52, 59, 58, 57, 56, 50, 49, 41, 17, 16, 25, 23, 24, 80, 75, 145, 144, 143, 146, 147, 138, 139, 76, 77, 74, 81, 78, 84, 125, 101, 128, 127, 126, 133, 132, 131, 130, 124, 123, 115, 91, 90, 99, 97, 98, 154, 149, 219, 218, 217, 220, 221, 212, 213, 150, 151, 148, 155, 152, 158, 199, 175, 202, 201, 200, 207, 206, 205, 204, 198, 197, 189, 165, 164, 173, 171, 172, 228, 223, 293, 292, 291, 294, 295, 286, 287, 224, 225, 222, 229, 226, 232, 273, 249, 276, 275, 274, 281, 280, 279, 278, 272, 271, 263, 239, 238, 247, 245, 246, 302, 297, 367, 366, 365, 368, 369, 360, 361, 298, 299, 296, 303, 300, 306, 347, 323, 350, 349, 348, 355, 354, 353, 352, 346, 345, 337, 313, 312, 321, 319, 320, 376, 371, 441, 440, 439, 442, 443, 434, 435, 372, 373, 370, 377, 374, 380, 421, 397, 424, 423, 422, 429, 428, 427, 426, 420, 419, 411, 387, 386, 395, 393, 394]
Final path of nodes: [6, 1, 71, 70, 69, 72, 73, 64, 65, 2, 3, 0, 7, 5, 43, 47, 61, 33, 15, 14, 12, 13, 31, 48, 8, 9, 29, 39, 36, 34, 25, 23, 24, 80, 75, 145, 144, 143, 146, 147, 138, 139, 76, 77, 74, 81, 79, 117, 121, 135, 107, 89, 88, 86, 87, 105, 122, 82, 83, 103, 113, 110, 108, 99, 97, 98, 154, 149, 219, 218, 217, 220, 221, 212, 213, 150, 151, 148, 155, 153, 191, 195, 209, 181, 163, 162, 160, 161, 179, 196, 156, 157, 177, 187, 184, 182, 173, 171, 172, 228, 223, 293, 292, 291, 294, 295, 286, 287, 224, 225, 222, 229, 227, 265, 269, 283, 255, 237, 236, 234, 235, 253, 270, 230, 231, 251, 261, 258, 256, 247, 245, 246, 302, 297, 367, 366, 365, 368, 369, 360, 361, 298, 299, 296, 303, 301, 339, 343, 357, 329, 311, 310, 308, 309, 327, 344, 304, 305, 325, 335, 332, 330, 321, 319, 320, 376, 371, 441, 440, 439, 442, 443, 434, 435, 372, 373, 370, 377, 375, 413, 417, 431, 403, 385, 384, 382, 383, 401, 418, 378, 379, 399, 409, 406, 404, 395, 393, 394]
Time: 1.4618208408355713
Solution: non-empty
	Command being timed: "python3 allsynth/run.py -t BDD --GML topologies/topzoo/Syringa.gml 5 --dir topzoo_res/SeparateWPk/reduce/BDD-0 --e-prop SeparateWPk --repeat 1 --reduce"
	User time (seconds): 2.50
	System time (seconds): 1.33
	Percent of CPU this job got: 172%
	Elapsed (wall clock) time (h:mm:ss or m:ss): 0:02.22
	Average shared text size (kbytes): 0
	Average unshared data size (kbytes): 0
	Average stack size (kbytes): 0
	Average total size (kbytes): 0
	Maximum resident set size (kbytes): 89720
	Average resident set size (kbytes): 0
	Major (requiring I/O) page faults: 0
	Minor (reclaiming a frame) page faults: 14905
	Voluntary context switches: 24
	Involuntary context switches: 81
	Swaps: 0
	File system inputs: 32
	File system outputs: 24
	Socket messages sent: 0
	Socket messages received: 0
	Signals delivered: 0
	Page size (bytes): 4096
	Exit status: 0
