Namespace(tool='BDD', exper=None, gml=['topologies/topzoo/TataNld.gml', '5'], index=None, prop='SeparateWPk', prop_file=None, op_req=None, repeat=1, reduce=True, opt=False, u=False, some=False, count=False, weight_bound=None, savedir='topzoo_res/SeparateWPk/reduce/BDD-0', dump_bdd=False)
Running 5TataNld.gml
Policy: (((((((((((((((((((((((((((((((((((((((((((((((((((((((((((((((((((((((WP(128-864) | WP(130-864)) | WP(131-864)) | WP(258-864)) | WP(137-864)) | WP(141-864)) | WP(783-864)) | WP(529-864)) | WP(402-864)) | WP(785-864)) | WP(532-864)) | WP(277-864)) | WP(406-864)) | WP(792-864)) | WP(281-864)) | WP(285-864)) | WP(413-864)) | WP(542-864)) | WP(164-864)) | WP(678-864)) | WP(806-864)) | WP(552-864)) | WP(424-864)) | WP(554-864)) | WP(811-864)) | WP(429-864)) | WP(564-864)) | WP(695-864)) | WP(58-864)) | WP(60-864)) | WP(573-864)) | WP(574-864)) | WP(191-864)) | WP(192-864)) | WP(706-864)) | WP(67-864)) | WP(834-864)) | WP(455-864)) | WP(331-864)) | WP(715-864)) | WP(333-864)) | WP(847-864)) | WP(81-864)) | WP(722-864)) | WP(595-864)) | WP(721-864)) | WP(853-864)) | WP(342-864)) | WP(86-864)) | WP(856-864)) | WP(855-864)) | WP(475-864)) | WP(349-864)) | WP(606-864)) | WP(862-864)) | WP(224-864)) | WP(866-864)) | WP(227-864)) | WP(612-864)) | WP(122-864)) | WP(486-864)) | WP(232-864)) | WP(361-864)) | WP(365-864)) | WP(626-864)) | WP(373-864)) | WP(504-864)) | WP(378-864)) | WP(636-864)) | WP(253-864)) | WP(255-864)) & (Reach 864))
Initial path of nodes: [109, 110, 112, 117, 32, 131, 132, 52, 20, 26, 81, 82, 75, 97, 98, 67, 87, 88, 94, 126, 128, 46, 41, 40, 142, 141, 108, 43, 139, 254, 255, 257, 262, 177, 276, 277, 197, 165, 171, 226, 227, 220, 242, 243, 212, 232, 233, 239, 271, 273, 191, 186, 185, 287, 286, 253, 188, 284, 399, 400, 402, 407, 322, 421, 422, 342, 310, 316, 371, 372, 365, 387, 388, 357, 377, 378, 384, 416, 418, 336, 331, 330, 432, 431, 398, 333, 429, 544, 545, 547, 552, 467, 566, 567, 487, 455, 461, 516, 517, 510, 532, 533, 502, 522, 523, 529, 561, 563, 481, 476, 475, 577, 576, 543, 478, 574, 689, 690, 692, 697, 612, 711, 712, 632, 600, 606, 661, 662, 655, 677, 678, 647, 667, 668, 674, 706, 708, 626, 621, 620, 722, 721, 688, 623, 719, 834, 835, 837, 842, 757, 856, 857, 777, 745, 751, 806, 807, 800, 822, 823, 792, 812, 813, 819, 851, 853, 771, 766, 765, 867, 866, 833, 768, 864]
Final path of nodes: [109, 116, 115, 113, 129, 130, 134, 135, 136, 51, 58, 59, 56, 79, 69, 60, 71, 15, 19, 119, 122, 123, 46, 47, 107, 86, 83, 141, 140, 138, 137, 139, 254, 261, 260, 258, 274, 275, 279, 280, 281, 196, 203, 204, 201, 224, 214, 205, 216, 160, 164, 264, 267, 268, 191, 192, 252, 231, 228, 286, 285, 283, 282, 284, 399, 406, 405, 403, 419, 420, 424, 425, 426, 341, 348, 349, 346, 369, 359, 350, 361, 305, 309, 409, 412, 413, 336, 337, 397, 376, 373, 431, 430, 428, 427, 429, 544, 551, 550, 548, 564, 565, 569, 570, 571, 486, 493, 494, 491, 514, 504, 495, 506, 450, 454, 554, 557, 558, 481, 482, 542, 521, 518, 576, 575, 573, 572, 574, 689, 696, 695, 693, 709, 710, 714, 715, 716, 631, 638, 639, 636, 659, 649, 640, 651, 595, 599, 699, 702, 703, 626, 627, 687, 666, 663, 721, 720, 718, 717, 719, 834, 841, 840, 838, 854, 855, 859, 860, 861, 776, 783, 784, 781, 804, 794, 785, 796, 740, 744, 844, 847, 848, 771, 772, 832, 811, 808, 866, 865, 863, 862, 864]
Time: 14.484389543533325
Solution: non-empty
	Command being timed: "python3 allsynth/run.py -t BDD --GML topologies/topzoo/TataNld.gml 5 --dir topzoo_res/SeparateWPk/reduce/BDD-0 --e-prop SeparateWPk --repeat 1 --reduce"
	User time (seconds): 15.96
	System time (seconds): 1.38
	Percent of CPU this job got: 109%
	Elapsed (wall clock) time (h:mm:ss or m:ss): 0:15.78
	Average shared text size (kbytes): 0
	Average unshared data size (kbytes): 0
	Average stack size (kbytes): 0
	Average total size (kbytes): 0
	Maximum resident set size (kbytes): 96268
	Average resident set size (kbytes): 0
	Major (requiring I/O) page faults: 0
	Minor (reclaiming a frame) page faults: 16090
	Voluntary context switches: 42
	Involuntary context switches: 272
	Swaps: 0
	File system inputs: 64
	File system outputs: 24
	Socket messages sent: 0
	Socket messages received: 0
	Signals delivered: 0
	Page size (bytes): 4096
	Exit status: 0
