Namespace(tool='BDD', exper=None, gml=['topologies/topzoo/Ulaknet.gml', '5'], index=None, prop='SeparateWPk', prop_file=None, op_req=None, repeat=1, reduce=True, opt=False, u=False, some=False, count=False, weight_bound=None, savedir='topzoo_res/SeparateWPk/reduce/BDD-0', dump_bdd=False)
Running 5Ulaknet.gml
Policy: (((((((((((WP(322-491) | WP(201-491)) | WP(459-491)) | WP(365-491)) | WP(238-491)) | WP(81-491)) | WP(82-491)) | WP(404-491)) | WP(283-491)) | WP(126-491)) | WP(447-491)) & (Reach 491))
Initial path of nodes: [37, 49, 76, 75, 81, 82, 157, 158, 126, 122, 201, 213, 240, 239, 245, 283, 295, 322, 321, 327, 365, 377, 404, 403, 409, 447, 459, 486, 485, 491]
Final path of nodes: [37, 49, 76, 74, 75, 81, 82, 157, 156, 158, 126, 122, 201, 213, 240, 238, 239, 245, 283, 295, 322, 321, 327, 365, 377, 404, 402, 403, 409, 447, 459, 486, 485, 491]
Time: 0.019147634506225586
Solution: non-empty
	Command being timed: "python3 allsynth/run.py -t BDD --GML topologies/topzoo/Ulaknet.gml 5 --dir topzoo_res/SeparateWPk/reduce/BDD-0 --e-prop SeparateWPk --repeat 1 --reduce"
	User time (seconds): 1.05
	System time (seconds): 1.33
	Percent of CPU this job got: 301%
	Elapsed (wall clock) time (h:mm:ss or m:ss): 0:00.79
	Average shared text size (kbytes): 0
	Average unshared data size (kbytes): 0
	Average stack size (kbytes): 0
	Average total size (kbytes): 0
	Maximum resident set size (kbytes): 89572
	Average resident set size (kbytes): 0
	Major (requiring I/O) page faults: 0
	Minor (reclaiming a frame) page faults: 14447
	Voluntary context switches: 26
	Involuntary context switches: 84
	Swaps: 0
	File system inputs: 40
	File system outputs: 24
	Socket messages sent: 0
	Socket messages received: 0
	Signals delivered: 0
	Page size (bytes): 4096
	Exit status: 0
