Namespace(tool='BDD', exper=None, gml=['topologies/topzoo/Uunet.gml', '5'], index=None, prop='SeparateWPk', prop_file=None, op_req=None, repeat=1, reduce=True, opt=False, u=False, some=False, count=False, weight_bound=None, savedir='topzoo_res/SeparateWPk/reduce/BDD-0', dump_bdd=False)
Running 5Uunet.gml
Policy: ((((((((((((((WP(0-285) | WP(131-285)) | WP(262-285)) | WP(7-285)) | WP(200-285)) | WP(137-285)) | WP(202-285)) | WP(266-285)) | WP(112-285)) | WP(82-285)) | WP(252-285)) | WP(88-285)) | WP(187-285)) | WP(156-285)) & (Reach 285))
Initial path of nodes: [17, 15, 14, 9, 6, 7, 20, 39, 40, 51, 88, 52, 49, 53, 62, 82, 67, 68, 115, 113, 112, 107, 104, 105, 118, 137, 138, 164, 162, 161, 156, 153, 154, 167, 186, 187, 213, 211, 210, 205, 202, 203, 216, 235, 236, 262, 260, 259, 254, 251, 252, 265, 284, 285]
Final path of nodes: [17, 15, 14, 13, 4, 0, 3, 39, 40, 51, 88, 69, 56, 55, 58, 82, 67, 68, 115, 114, 131, 111, 102, 98, 101, 137, 138, 164, 163, 180, 156, 170, 168, 167, 186, 187, 213, 212, 229, 209, 200, 196, 199, 235, 236, 262, 261, 278, 254, 268, 266, 265, 284, 285]
Time: 0.060063838958740234
Solution: non-empty
	Command being timed: "python3 allsynth/run.py -t BDD --GML topologies/topzoo/Uunet.gml 5 --dir topzoo_res/SeparateWPk/reduce/BDD-0 --e-prop SeparateWPk --repeat 1 --reduce"
	User time (seconds): 1.04
	System time (seconds): 1.33
	Percent of CPU this job got: 308%
	Elapsed (wall clock) time (h:mm:ss or m:ss): 0:00.77
	Average shared text size (kbytes): 0
	Average unshared data size (kbytes): 0
	Average stack size (kbytes): 0
	Average total size (kbytes): 0
	Maximum resident set size (kbytes): 89148
	Average resident set size (kbytes): 0
	Major (requiring I/O) page faults: 0
	Minor (reclaiming a frame) page faults: 14484
	Voluntary context switches: 30
	Involuntary context switches: 112
	Swaps: 0
	File system inputs: 32
	File system outputs: 24
	Socket messages sent: 0
	Socket messages received: 0
	Signals delivered: 0
	Page size (bytes): 4096
	Exit status: 0
