Namespace(tool='kaki', exper=None, gml=['topologies/topzoo/Aarnet.gml', '5'], index=None, prop='SeparateWPk', prop_file=None, op_req=None, repeat=1, reduce=False, opt=False, u=False, some=False, count=False, weight_bound=None, savedir='topzoo_res/SeparateWPk/kaki/kaki-1', dump_bdd=False)
Running 5Aarnet.gml
Policy: (((((((((((((((((WP(98-113) | WP(67-113)) | WP(100-113)) | WP(3-113)) | WP(105-113)) | WP(10-113)) | WP(43-113)) | WP(41-113)) | WP(79-113)) | WP(48-113)) | WP(81-113)) | WP(86-113)) | WP(22-113)) | WP(24-113)) | WP(60-113)) | WP(29-113)) | WP(62-113)) & (Reach 113))
Initial path of nodes: [5, 4, 7, 6, 0, 10, 2, 15, 13, 18, 24, 23, 26, 25, 19, 29, 21, 34, 32, 37, 43, 42, 45, 44, 38, 48, 40, 53, 51, 56, 62, 61, 64, 63, 57, 67, 59, 72, 70, 75, 81, 80, 83, 82, 76, 86, 78, 91, 89, 94, 100, 99, 102, 101, 95, 105, 97, 110, 108, 113]
Final path of nodes: [5, 4, 7, 6, 0, 3, 16, 14, 17, 18, 24, 23, 26, 25, 19, 22, 35, 33, 36, 37, 43, 42, 45, 44, 38, 41, 54, 52, 55, 56, 62, 61, 64, 63, 57, 60, 73, 71, 74, 75, 81, 80, 83, 82, 76, 79, 92, 90, 93, 94, 100, 99, 102, 101, 95, 98, 111, 109, 112, 113]
{"Initial_routing":[[5, 4], [4, 7], [7, 6], [6, 0], [0, 10], [10, 2], [2, 15], [15, 13], [13, 18], [18, 24], [24, 23], [23, 26], [26, 25], [25, 19], [19, 29], [29, 21], [21, 34], [34, 32], [32, 37], [37, 43], [43, 42], [42, 45], [45, 44], [44, 38], [38, 48], [48, 40], [40, 53], [53, 51], [51, 56], [56, 62], [62, 61], [61, 64], [64, 63], [63, 57], [57, 67], [67, 59], [59, 72], [72, 70], [70, 75], [75, 81], [81, 80], [80, 83], [83, 82], [82, 76], [76, 86], [86, 78], [78, 91], [91, 89], [89, 94], [94, 100], [100, 99], [99, 102], [102, 101], [101, 95], [95, 105], [105, 97], [97, 110], [110, 108], [108, 113]],"Final_routing":[[5, 4], [4, 7], [7, 6], [6, 0], [0, 3], [3, 16], [16, 14], [14, 17], [17, 18], [18, 24], [24, 23], [23, 26], [26, 25], [25, 19], [19, 22], [22, 35], [35, 33], [33, 36], [36, 37], [37, 43], [43, 42], [42, 45], [45, 44], [44, 38], [38, 41], [41, 54], [54, 52], [52, 55], [55, 56], [56, 62], [62, 61], [61, 64], [64, 63], [63, 57], [57, 60], [60, 73], [73, 71], [71, 74], [74, 75], [75, 81], [81, 80], [80, 83], [83, 82], [82, 76], [76, 79], [79, 92], [92, 90], [90, 93], [93, 94], [94, 100], [100, 99], [99, 102], [102, 101], [101, 95], [95, 98], [98, 111], [111, 109], [109, 112], [112, 113]],"Properties":{"Waypoint": { "startNode": -1, "finalNode": -1, "waypoint": []}, "LoopFreedom": { "startNode": -1},"DFA": {"initialState": 0, "finalStates": [62,29,60,24,22,86,81,48,79,41,43,10,105,3,100,98,67], "edges": [{"from": 0, "to": 62, "label": 62},{"from": 0, "to": 29, "label": 29},{"from": 0, "to": 60, "label": 60},{"from": 0, "to": 24, "label": 24},{"from": 0, "to": 22, "label": 22},{"from": 0, "to": 86, "label": 86},{"from": 0, "to": 81, "label": 81},{"from": 0, "to": 48, "label": 48},{"from": 0, "to": 79, "label": 79},{"from": 0, "to": 41, "label": 41},{"from": 0, "to": 43, "label": 43},{"from": 0, "to": 10, "label": 10},{"from": 0, "to": 105, "label": 105},{"from": 0, "to": 3, "label": 3},{"from": 0, "to": 100, "label": 100},{"from": 0, "to": 98, "label": 98},{"from": 0, "to": 67, "label": 67}]},"Reachability":{"startNode":5,"finalNode":113}}}
Kaki stdout:  Version: 1.15 
 kaki/verifypn-linux64 /tmp/tmpw55fe268
DFA generation time: 0.042 seconds 
DFA states: 87 
DFA transitions: 4923
Problem file: /tmp/tmpw55fe268
Switches to update: 54

Decomposed topology into 1 subproblems
Topological decomposition took 0.041 seconds
Subproblem verification time: 6.742 seconds
Minimum batches required: 3
[[3, 22, 41, 60, 79, 98, 16, 14, 17, 35, 33, 36, 54, 52, 55, 73, 71, 74, 92, 90, 93, 111, 109, 112], [95, 76, 57, 38, 19, 0], [10, 2, 15, 13, 29, 21, 34, 32, 48, 40, 53, 51, 67, 59, 72, 70, 86, 78, 91, 89, 105, 97, 110, 108]]
Total program runtime: 8.308 seconds

Kaki stderr:  
Time: 8.308
Solution: []
	Command being timed: "python3 allsynth/run.py -t kaki --GML topologies/topzoo/Aarnet.gml 5 --dir topzoo_res/SeparateWPk/kaki/kaki-1 --e-prop SeparateWPk --repeat 1"
	User time (seconds): 11.83
	System time (seconds): 1.72
	Percent of CPU this job got: 150%
	Elapsed (wall clock) time (h:mm:ss or m:ss): 0:09.01
	Average shared text size (kbytes): 0
	Average unshared data size (kbytes): 0
	Average stack size (kbytes): 0
	Average total size (kbytes): 0
	Maximum resident set size (kbytes): 520808
	Average resident set size (kbytes): 0
	Major (requiring I/O) page faults: 0
	Minor (reclaiming a frame) page faults: 70715
	Voluntary context switches: 5563
	Involuntary context switches: 1036
	Swaps: 0
	File system inputs: 0
	File system outputs: 24
	Socket messages sent: 0
	Socket messages received: 0
	Signals delivered: 0
	Page size (bytes): 4096
	Exit status: 0
