Namespace(tool='kaki', exper=None, gml=['topologies/topzoo/Belnet2006.gml', '5'], index=None, prop='SeparateWPk', prop_file=None, op_req=None, repeat=1, reduce=False, opt=False, u=False, some=False, count=False, weight_bound=None, savedir='topzoo_res/SeparateWPk/kaki/kaki-1', dump_bdd=False)
Running 5Belnet2006.gml
Policy: ((((((WP(27-137) | WP(50-137)) | WP(52-137)) | WP(120-137)) | WP(91-137)) | WP(29-137)) & (Reach 137))
Initial path of nodes: [5, 14, 4, 22, 23, 27, 30, 35, 51, 60, 50, 68, 74, 83, 73, 91, 97, 106, 96, 114, 120, 129, 119, 137]
Final path of nodes: [5, 14, 6, 22, 23, 29, 37, 35, 51, 60, 52, 68, 74, 83, 75, 91, 97, 106, 98, 114, 120, 129, 121, 137]
{"Initial_routing":[[5, 14], [14, 4], [4, 22], [22, 23], [23, 27], [27, 30], [30, 35], [35, 51], [51, 60], [60, 50], [50, 68], [68, 74], [74, 83], [83, 73], [73, 91], [91, 97], [97, 106], [106, 96], [96, 114], [114, 120], [120, 129], [129, 119], [119, 137]],"Final_routing":[[5, 14], [14, 6], [6, 22], [22, 23], [23, 29], [29, 37], [37, 35], [35, 51], [51, 60], [60, 52], [52, 68], [68, 74], [74, 83], [83, 75], [75, 91], [91, 97], [97, 106], [106, 98], [98, 114], [114, 120], [120, 129], [129, 121], [121, 137]],"Properties":{"Waypoint": { "startNode": -1, "finalNode": -1, "waypoint": []}, "LoopFreedom": { "startNode": -1},"DFA": {"initialState": 0, "finalStates": [29,91,120,52,27,50], "edges": [{"from": 0, "to": 29, "label": 29},{"from": 0, "to": 91, "label": 91},{"from": 0, "to": 120, "label": 120},{"from": 0, "to": 52, "label": 52},{"from": 0, "to": 27, "label": 27},{"from": 0, "to": 50, "label": 50}]},"Reachability":{"startNode":5,"finalNode":137}}}
Kaki stdout:  Version: 1.15 
 kaki/verifypn-linux64 /tmp/tmpv4pdjvge
DFA generation time: 0.017 seconds 
DFA states: 36 
DFA transitions: 700
Problem file: /tmp/tmpv4pdjvge
Switches to update: 20

Decomposed topology into 2 subproblems
Topological decomposition took 0.018 seconds
Subproblem verification time: 0.041 seconds
Subproblem verification time: 0.19 seconds
Minimum batches required: 3
[[6, 29, 52, 75, 98, 121, 37], [14, 129, 106, 83, 60, 23], [4, 27, 30, 50, 73, 96, 119]]
Total program runtime: 0.579 seconds

Kaki stderr:  
Time: 0.579
Solution: []
	Command being timed: "python3 allsynth/run.py -t kaki --GML topologies/topzoo/Belnet2006.gml 5 --dir topzoo_res/SeparateWPk/kaki/kaki-1 --e-prop SeparateWPk --repeat 1"
	User time (seconds): 3.75
	System time (seconds): 1.54
	Percent of CPU this job got: 383%
	Elapsed (wall clock) time (h:mm:ss or m:ss): 0:01.38
	Average shared text size (kbytes): 0
	Average unshared data size (kbytes): 0
	Average stack size (kbytes): 0
	Average total size (kbytes): 0
	Maximum resident set size (kbytes): 221168
	Average resident set size (kbytes): 0
	Major (requiring I/O) page faults: 0
	Minor (reclaiming a frame) page faults: 60870
	Voluntary context switches: 3583
	Involuntary context switches: 413
	Swaps: 0
	File system inputs: 0
	File system outputs: 24
	Socket messages sent: 0
	Socket messages received: 0
	Signals delivered: 0
	Page size (bytes): 4096
	Exit status: 0
