Namespace(tool='kaki', exper=None, gml=['topologies/topzoo/Cogentco.gml', '5'], index=None, prop='SeparateWPk', prop_file=None, op_req=None, repeat=1, reduce=False, opt=False, u=False, some=False, count=False, weight_bound=None, savedir='topzoo_res/SeparateWPk/kaki/kaki-1', dump_bdd=False)
Running 5Cogentco.gml
Policy: (((((((((((((((((((((((((((((((((((((((((((((((((((((((((((((((((((WP(257-1167) | WP(1153-1167)) | WP(1025-1167)) | WP(3-1167)) | WP(773-1167)) | WP(518-1167)) | WP(517-1167)) | WP(522-1167)) | WP(910-1167)) | WP(14-1167)) | WP(142-1167)) | WP(398-1167)) | WP(146-1167)) | WP(912-1167)) | WP(915-1167)) | WP(150-1167)) | WP(279-1167)) | WP(1046-1167)) | WP(409-1167)) | WP(537-1167)) | WP(794-1167)) | WP(668-1167)) | WP(1174-1167)) | WP(801-1167)) | WP(37-1167)) | WP(168-1167)) | WP(40-1167)) | WP(937-1167)) | WP(554-1167)) | WP(941-1167)) | WP(942-1167)) | WP(955-1167)) | WP(61-1167)) | WP(830-1167)) | WP(189-1167)) | WP(320-1167)) | WP(318-1167)) | WP(576-1167)) | WP(579-1167)) | WP(583-1167)) | WP(712-1167)) | WP(327-1167)) | WP(202-1167)) | WP(713-1167)) | WP(463-1167)) | WP(720-1167)) | WP(209-1167)) | WP(722-1167)) | WP(1110-1167)) | WP(471-1167)) | WP(988-1167)) | WP(477-1167)) | WP(349-1167)) | WP(735-1167)) | WP(734-1167)) | WP(739-1167)) | WP(999-1167)) | WP(1127-1167)) | WP(1131-1167)) | WP(366-1167)) | WP(238-1167)) | WP(1135-1167)) | WP(753-1167)) | WP(240-1167)) | WP(623-1167)) | WP(632-1167)) | WP(1022-1167)) & (Reach 1167))
Initial path of nodes: [125, 123, 124, 121, 122, 61, 60, 69, 144, 149, 150, 82, 83, 148, 154, 146, 152, 77, 162, 167, 168, 169, 185, 143, 42, 40, 41, 189, 182, 322, 320, 321, 318, 319, 258, 257, 266, 341, 346, 347, 279, 280, 345, 351, 343, 349, 274, 359, 364, 365, 366, 382, 340, 239, 237, 238, 386, 379, 519, 517, 518, 515, 516, 455, 454, 463, 538, 543, 544, 476, 477, 542, 548, 540, 546, 471, 556, 561, 562, 563, 579, 537, 436, 434, 435, 583, 576, 716, 714, 715, 712, 713, 652, 651, 660, 735, 740, 741, 673, 674, 739, 745, 737, 743, 668, 753, 758, 759, 760, 776, 734, 633, 631, 632, 780, 773, 913, 911, 912, 909, 910, 849, 848, 857, 932, 937, 938, 870, 871, 936, 942, 934, 940, 865, 950, 955, 956, 957, 973, 931, 830, 828, 829, 977, 970, 1110, 1108, 1109, 1106, 1107, 1046, 1045, 1054, 1129, 1134, 1135, 1067, 1068, 1133, 1139, 1131, 1137, 1062, 1147, 1152, 1153, 1154, 1170, 1128, 1027, 1025, 1026, 1174, 1167]
Final path of nodes: [125, 123, 124, 121, 122, 61, 128, 127, 130, 129, 14, 15, 13, 12, 32, 37, 160, 153, 152, 77, 3, 4, 6, 5, 131, 142, 143, 42, 43, 41, 189, 182, 322, 320, 321, 318, 319, 258, 325, 324, 327, 326, 211, 212, 210, 209, 229, 234, 357, 350, 349, 274, 200, 201, 203, 202, 328, 339, 340, 239, 240, 238, 386, 379, 519, 517, 518, 515, 516, 455, 522, 521, 524, 523, 408, 409, 407, 406, 426, 431, 554, 547, 546, 471, 397, 398, 400, 399, 525, 536, 537, 436, 437, 435, 583, 576, 716, 714, 715, 712, 713, 652, 719, 718, 721, 720, 605, 606, 604, 603, 623, 628, 751, 744, 743, 668, 594, 595, 597, 596, 722, 733, 734, 633, 634, 632, 780, 773, 913, 911, 912, 909, 910, 849, 916, 915, 918, 917, 802, 803, 801, 800, 820, 825, 948, 941, 940, 865, 791, 792, 794, 793, 919, 930, 931, 830, 831, 829, 977, 970, 1110, 1108, 1109, 1106, 1107, 1046, 1113, 1112, 1115, 1114, 999, 1000, 998, 997, 1017, 1022, 1145, 1138, 1137, 1062, 988, 989, 991, 990, 1116, 1127, 1128, 1027, 1028, 1026, 1174, 1167]
{"Initial_routing":[[125, 123], [123, 124], [124, 121], [121, 122], [122, 61], [61, 60], [60, 69], [69, 144], [144, 149], [149, 150], [150, 82], [82, 83], [83, 148], [148, 154], [154, 146], [146, 152], [152, 77], [77, 162], [162, 167], [167, 168], [168, 169], [169, 185], [185, 143], [143, 42], [42, 40], [40, 41], [41, 189], [189, 182], [182, 322], [322, 320], [320, 321], [321, 318], [318, 319], [319, 258], [258, 257], [257, 266], [266, 341], [341, 346], [346, 347], [347, 279], [279, 280], [280, 345], [345, 351], [351, 343], [343, 349], [349, 274], [274, 359], [359, 364], [364, 365], [365, 366], [366, 382], [382, 340], [340, 239], [239, 237], [237, 238], [238, 386], [386, 379], [379, 519], [519, 517], [517, 518], [518, 515], [515, 516], [516, 455], [455, 454], [454, 463], [463, 538], [538, 543], [543, 544], [544, 476], [476, 477], [477, 542], [542, 548], [548, 540], [540, 546], [546, 471], [471, 556], [556, 561], [561, 562], [562, 563], [563, 579], [579, 537], [537, 436], [436, 434], [434, 435], [435, 583], [583, 576], [576, 716], [716, 714], [714, 715], [715, 712], [712, 713], [713, 652], [652, 651], [651, 660], [660, 735], [735, 740], [740, 741], [741, 673], [673, 674], [674, 739], [739, 745], [745, 737], [737, 743], [743, 668], [668, 753], [753, 758], [758, 759], [759, 760], [760, 776], [776, 734], [734, 633], [633, 631], [631, 632], [632, 780], [780, 773], [773, 913], [913, 911], [911, 912], [912, 909], [909, 910], [910, 849], [849, 848], [848, 857], [857, 932], [932, 937], [937, 938], [938, 870], [870, 871], [871, 936], [936, 942], [942, 934], [934, 940], [940, 865], [865, 950], [950, 955], [955, 956], [956, 957], [957, 973], [973, 931], [931, 830], [830, 828], [828, 829], [829, 977], [977, 970], [970, 1110], [1110, 1108], [1108, 1109], [1109, 1106], [1106, 1107], [1107, 1046], [1046, 1045], [1045, 1054], [1054, 1129], [1129, 1134], [1134, 1135], [1135, 1067], [1067, 1068], [1068, 1133], [1133, 1139], [1139, 1131], [1131, 1137], [1137, 1062], [1062, 1147], [1147, 1152], [1152, 1153], [1153, 1154], [1154, 1170], [1170, 1128], [1128, 1027], [1027, 1025], [1025, 1026], [1026, 1174], [1174, 1167]],"Final_routing":[[125, 123], [123, 124], [124, 121], [121, 122], [122, 61], [61, 128], [128, 127], [127, 130], [130, 129], [129, 14], [14, 15], [15, 13], [13, 12], [12, 32], [32, 37], [37, 160], [160, 153], [153, 152], [152, 77], [77, 3], [3, 4], [4, 6], [6, 5], [5, 131], [131, 142], [142, 143], [143, 42], [42, 43], [43, 41], [41, 189], [189, 182], [182, 322], [322, 320], [320, 321], [321, 318], [318, 319], [319, 258], [258, 325], [325, 324], [324, 327], [327, 326], [326, 211], [211, 212], [212, 210], [210, 209], [209, 229], [229, 234], [234, 357], [357, 350], [350, 349], [349, 274], [274, 200], [200, 201], [201, 203], [203, 202], [202, 328], [328, 339], [339, 340], [340, 239], [239, 240], [240, 238], [238, 386], [386, 379], [379, 519], [519, 517], [517, 518], [518, 515], [515, 516], [516, 455], [455, 522], [522, 521], [521, 524], [524, 523], [523, 408], [408, 409], [409, 407], [407, 406], [406, 426], [426, 431], [431, 554], [554, 547], [547, 546], [546, 471], [471, 397], [397, 398], [398, 400], [400, 399], [399, 525], [525, 536], [536, 537], [537, 436], [436, 437], [437, 435], [435, 583], [583, 576], [576, 716], [716, 714], [714, 715], [715, 712], [712, 713], [713, 652], [652, 719], [719, 718], [718, 721], [721, 720], [720, 605], [605, 606], [606, 604], [604, 603], [603, 623], [623, 628], [628, 751], [751, 744], [744, 743], [743, 668], [668, 594], [594, 595], [595, 597], [597, 596], [596, 722], [722, 733], [733, 734], [734, 633], [633, 634], [634, 632], [632, 780], [780, 773], [773, 913], [913, 911], [911, 912], [912, 909], [909, 910], [910, 849], [849, 916], [916, 915], [915, 918], [918, 917], [917, 802], [802, 803], [803, 801], [801, 800], [800, 820], [820, 825], [825, 948], [948, 941], [941, 940], [940, 865], [865, 791], [791, 792], [792, 794], [794, 793], [793, 919], [919, 930], [930, 931], [931, 830], [830, 831], [831, 829], [829, 977], [977, 970], [970, 1110], [1110, 1108], [1108, 1109], [1109, 1106], [1106, 1107], [1107, 1046], [1046, 1113], [1113, 1112], [1112, 1115], [1115, 1114], [1114, 999], [999, 1000], [1000, 998], [998, 997], [997, 1017], [1017, 1022], [1022, 1145], [1145, 1138], [1138, 1137], [1137, 1062], [1062, 988], [988, 989], [989, 991], [991, 990], [990, 1116], [1116, 1127], [1127, 1128], [1128, 1027], [1027, 1028], [1028, 1026], [1026, 1174], [1174, 1167]],"Properties":{"Waypoint": { "startNode": -1, "finalNode": -1, "waypoint": []}, "LoopFreedom": { "startNode": -1},"DFA": {"initialState": 0, "finalStates": [1022,632,623,240,753,1135,238,366,1131,1127,999,739,734,735,349,477,988,471,1110,722,209,720,463,713,202,327,712,583,579,576,318,320,189,830,61,955,942,941,554,937,40,168,37,801,1174,668,794,537,409,1046,279,150,915,912,146,398,142,14,910,522,517,518,773,3,1025,257,1153], "edges": [{"from": 0, "to": 1022, "label": 1022},{"from": 0, "to": 632, "label": 632},{"from": 0, "to": 623, "label": 623},{"from": 0, "to": 240, "label": 240},{"from": 0, "to": 753, "label": 753},{"from": 0, "to": 1135, "label": 1135},{"from": 0, "to": 238, "label": 238},{"from": 0, "to": 366, "label": 366},{"from": 0, "to": 1131, "label": 1131},{"from": 0, "to": 1127, "label": 1127},{"from": 0, "to": 999, "label": 999},{"from": 0, "to": 739, "label": 739},{"from": 0, "to": 734, "label": 734},{"from": 0, "to": 735, "label": 735},{"from": 0, "to": 349, "label": 349},{"from": 0, "to": 477, "label": 477},{"from": 0, "to": 988, "label": 988},{"from": 0, "to": 471, "label": 471},{"from": 0, "to": 1110, "label": 1110},{"from": 0, "to": 722, "label": 722},{"from": 0, "to": 209, "label": 209},{"from": 0, "to": 720, "label": 720},{"from": 0, "to": 463, "label": 463},{"from": 0, "to": 713, "label": 713},{"from": 0, "to": 202, "label": 202},{"from": 0, "to": 327, "label": 327},{"from": 0, "to": 712, "label": 712},{"from": 0, "to": 583, "label": 583},{"from": 0, "to": 579, "label": 579},{"from": 0, "to": 576, "label": 576},{"from": 0, "to": 318, "label": 318},{"from": 0, "to": 320, "label": 320},{"from": 0, "to": 189, "label": 189},{"from": 0, "to": 830, "label": 830},{"from": 0, "to": 61, "label": 61},{"from": 0, "to": 955, "label": 955},{"from": 0, "to": 942, "label": 942},{"from": 0, "to": 941, "label": 941},{"from": 0, "to": 554, "label": 554},{"from": 0, "to": 937, "label": 937},{"from": 0, "to": 40, "label": 40},{"from": 0, "to": 168, "label": 168},{"from": 0, "to": 37, "label": 37},{"from": 0, "to": 801, "label": 801},{"from": 0, "to": 1174, "label": 1174},{"from": 0, "to": 668, "label": 668},{"from": 0, "to": 794, "label": 794},{"from": 0, "to": 537, "label": 537},{"from": 0, "to": 409, "label": 409},{"from": 0, "to": 1046, "label": 1046},{"from": 0, "to": 279, "label": 279},{"from": 0, "to": 150, "label": 150},{"from": 0, "to": 915, "label": 915},{"from": 0, "to": 912, "label": 912},{"from": 0, "to": 146, "label": 146},{"from": 0, "to": 398, "label": 398},{"from": 0, "to": 142, "label": 142},{"from": 0, "to": 14, "label": 14},{"from": 0, "to": 910, "label": 910},{"from": 0, "to": 522, "label": 522},{"from": 0, "to": 517, "label": 517},{"from": 0, "to": 518, "label": 518},{"from": 0, "to": 773, "label": 773},{"from": 0, "to": 3, "label": 3},{"from": 0, "to": 1025, "label": 1025},{"from": 0, "to": 257, "label": 257},{"from": 0, "to": 1153, "label": 1153}]},"Reachability":{"startNode":125,"finalNode":1167}}}
Kaki stdout:  Version: 1.15 
 kaki/verifypn-linux64 /tmp/tmpie9bmow7
DFA generation time: 0.09 seconds 
DFA states: 33 
DFA transitions: 7969
Problem file: /tmp/tmpie9bmow7
Switches to update: 228

Decomposed topology into 18 subproblems
Topological decomposition took 0.2 seconds
Subproblem verification time: 0.061 seconds
Subproblem verification time: 0.017 seconds
Subproblem verification time: 0.016 seconds
Subproblem verification time: 0.02 seconds
Subproblem verification time: 0.019 seconds
Subproblem verification time: 0.02 seconds
Subproblem verification time: 0.022 seconds
Subproblem verification time: 0.018 seconds
Subproblem verification time: 0.016 seconds
Subproblem verification time: 0.019 seconds
Subproblem verification time: 0.017 seconds
Subproblem verification time: 0.015 seconds
Subproblem verification time: 0.018 seconds
Subproblem verification time: 0.016 seconds
Subproblem verification time: 0.015 seconds
Subproblem verification time: 0.016 seconds
Subproblem verification time: 0.017 seconds
Subproblem verification time: 0.014 seconds
Minimum batches required: 3
[[128, 127, 130, 129, 14, 15, 13, 12, 32, 37, 160, 153, 3, 4, 6, 5, 131, 142, 43, 325, 324, 327, 326, 211, 212, 210, 209, 229, 234, 357, 350, 200, 201, 203, 202, 328, 339, 240, 522, 521, 524, 523, 408, 409, 407, 406, 426, 431, 554, 547, 397, 398, 400, 399, 525, 536, 437, 719, 718, 721, 720, 605, 606, 604, 603, 623, 628, 751, 744, 594, 595, 597, 596, 722, 733, 634, 916, 915, 918, 917, 802, 803, 801, 800, 820, 825, 948, 941, 791, 792, 794, 793, 919, 930, 831, 1113, 1112, 1115, 1114, 999, 1000, 998, 997, 1017, 1022, 1145, 1138, 988, 989, 991, 990, 1116, 1127, 1028], [61, 77, 42, 258, 274, 239, 455, 471, 436, 652, 668, 633, 849, 865, 830, 1046, 1062, 1027], [60, 69, 144, 149, 150, 82, 83, 148, 154, 146, 162, 167, 168, 169, 185, 40, 257, 266, 341, 346, 347, 279, 280, 345, 351, 343, 359, 364, 365, 366, 382, 237, 454, 463, 538, 543, 544, 476, 477, 542, 548, 540, 556, 561, 562, 563, 579, 434, 651, 660, 735, 740, 741, 673, 674, 739, 745, 737, 753, 758, 759, 760, 776, 631, 848, 857, 932, 937, 938, 870, 871, 936, 942, 934, 950, 955, 956, 957, 973, 828, 1045, 1054, 1129, 1134, 1135, 1067, 1068, 1133, 1139, 1131, 1147, 1152, 1153, 1154, 1170, 1025]]
Total program runtime: 0.983 seconds

Kaki stderr:  
Time: 0.983
Solution: []
	Command being timed: "python3 allsynth/run.py -t kaki --GML topologies/topzoo/Cogentco.gml 5 --dir topzoo_res/SeparateWPk/kaki/kaki-1 --e-prop SeparateWPk --repeat 1"
	User time (seconds): 6.06
	System time (seconds): 1.46
	Percent of CPU this job got: 256%
	Elapsed (wall clock) time (h:mm:ss or m:ss): 0:02.93
	Average shared text size (kbytes): 0
	Average unshared data size (kbytes): 0
	Average stack size (kbytes): 0
	Average total size (kbytes): 0
	Maximum resident set size (kbytes): 200700
	Average resident set size (kbytes): 0
	Major (requiring I/O) page faults: 0
	Minor (reclaiming a frame) page faults: 77953
	Voluntary context switches: 7480
	Involuntary context switches: 61357
	Swaps: 0
	File system inputs: 0
	File system outputs: 48
	Socket messages sent: 0
	Socket messages received: 0
	Signals delivered: 0
	Page size (bytes): 4096
	Exit status: 0
