Namespace(tool='kaki', exper=None, gml=['topologies/topzoo/Compuserve.gml', '5'], index=None, prop='SeparateWPk', prop_file=None, op_req=None, repeat=1, reduce=False, opt=False, u=False, some=False, count=False, weight_bound=None, savedir='topzoo_res/SeparateWPk/kaki/kaki-1', dump_bdd=False)
Running 5Compuserve.gml
Policy: (((((((((((WP(64-81) | WP(34-81)) | WP(38-81)) | WP(11-81)) | WP(76-81)) | WP(77-81)) | WP(48-81)) | WP(18-81)) | WP(51-81)) | WP(24-81)) | WP(62-81)) & (Reach 81))
Initial path of nodes: [6, 13, 12, 2, 11, 18, 19, 16, 25, 24, 34, 41, 40, 30, 39, 48, 55, 54, 44, 53, 62, 69, 68, 58, 67, 76, 83, 82, 72, 81]
Final path of nodes: [6, 13, 4, 5, 2, 11, 18, 27, 26, 23, 24, 34, 35, 36, 37, 38, 39, 48, 49, 50, 51, 52, 53, 62, 63, 64, 65, 66, 67, 76, 77, 78, 79, 80, 81]
{"Initial_routing":[[6, 13], [13, 12], [12, 2], [2, 11], [11, 18], [18, 19], [19, 16], [16, 25], [25, 24], [24, 34], [34, 41], [41, 40], [40, 30], [30, 39], [39, 48], [48, 55], [55, 54], [54, 44], [44, 53], [53, 62], [62, 69], [69, 68], [68, 58], [58, 67], [67, 76], [76, 83], [83, 82], [82, 72], [72, 81]],"Final_routing":[[6, 13], [13, 4], [4, 5], [5, 2], [2, 11], [11, 18], [18, 27], [27, 26], [26, 23], [23, 24], [24, 34], [34, 35], [35, 36], [36, 37], [37, 38], [38, 39], [39, 48], [48, 49], [49, 50], [50, 51], [51, 52], [52, 53], [53, 62], [62, 63], [63, 64], [64, 65], [65, 66], [66, 67], [67, 76], [76, 77], [77, 78], [78, 79], [79, 80], [80, 81]],"Properties":{"Waypoint": { "startNode": -1, "finalNode": -1, "waypoint": []}, "LoopFreedom": { "startNode": -1},"DFA": {"initialState": 0, "finalStates": [62,24,51,18,48,77,76,11,38,64,34], "edges": [{"from": 0, "to": 62, "label": 62},{"from": 0, "to": 24, "label": 24},{"from": 0, "to": 51, "label": 51},{"from": 0, "to": 18, "label": 18},{"from": 0, "to": 48, "label": 48},{"from": 0, "to": 77, "label": 77},{"from": 0, "to": 76, "label": 76},{"from": 0, "to": 11, "label": 11},{"from": 0, "to": 38, "label": 38},{"from": 0, "to": 64, "label": 64},{"from": 0, "to": 34, "label": 34}]},"Reachability":{"startNode":6,"finalNode":81}}}
Kaki stdout:  Version: 1.15 
 kaki/verifypn-linux64 /tmp/tmpm4hznddr
DFA generation time: 0.02 seconds 
DFA states: 18 
DFA transitions: 755
Problem file: /tmp/tmpm4hznddr
Switches to update: 43

Decomposed topology into 6 subproblems
Topological decomposition took 0.014 seconds
Subproblem verification time: 0.043 seconds
Subproblem verification time: 0.014 seconds
Subproblem verification time: 0.014 seconds
Subproblem verification time: 0.013 seconds
Subproblem verification time: 0.013 seconds
Subproblem verification time: 0.014 seconds
Minimum batches required: 3
[[4, 5, 27, 26, 23, 35, 36, 37, 38, 49, 50, 51, 52, 63, 64, 65, 66, 77, 78, 79, 80], [13, 18, 34, 48, 62, 76], [12, 19, 16, 25, 41, 40, 30, 55, 54, 44, 69, 68, 58, 83, 82, 72]]
Total program runtime: 0.332 seconds

Kaki stderr:  
Time: 0.332
Solution: []
	Command being timed: "python3 allsynth/run.py -t kaki --GML topologies/topzoo/Compuserve.gml 5 --dir topzoo_res/SeparateWPk/kaki/kaki-1 --e-prop SeparateWPk --repeat 1"
	User time (seconds): 2.19
	System time (seconds): 1.36
	Percent of CPU this job got: 346%
	Elapsed (wall clock) time (h:mm:ss or m:ss): 0:01.02
	Average shared text size (kbytes): 0
	Average unshared data size (kbytes): 0
	Average stack size (kbytes): 0
	Average total size (kbytes): 0
	Maximum resident set size (kbytes): 103572
	Average resident set size (kbytes): 0
	Major (requiring I/O) page faults: 0
	Minor (reclaiming a frame) page faults: 39138
	Voluntary context switches: 4561
	Involuntary context switches: 408
	Swaps: 0
	File system inputs: 0
	File system outputs: 24
	Socket messages sent: 0
	Socket messages received: 0
	Signals delivered: 0
	Page size (bytes): 4096
	Exit status: 0
