Namespace(tool='kaki', exper=None, gml=['topologies/topzoo/Fccn.gml', '5'], index=None, prop='SeparateWPk', prop_file=None, op_req=None, repeat=1, reduce=False, opt=False, u=False, some=False, count=False, weight_bound=None, savedir='topzoo_res/SeparateWPk/kaki/kaki-1', dump_bdd=False)
Running 5Fccn.gml
Policy: ((((((((((((((WP(65-134) | WP(98-134)) | WP(100-134)) | WP(68-134)) | WP(134-134)) | WP(135-134)) | WP(75-134)) | WP(19-134)) | WP(20-134)) | WP(54-134)) | WP(91-134)) | WP(28-134)) | WP(125-134)) | WP(31-134)) & (Reach 134))
Initial path of nodes: [10, 8, 6, 22, 20, 19, 25, 43, 45, 29, 31, 34, 56, 54, 52, 68, 66, 65, 79, 77, 75, 91, 89, 88, 102, 100, 98, 114, 112, 111, 125, 123, 121, 137, 135, 134]
Final path of nodes: [10, 8, 6, 5, 22, 20, 19, 25, 43, 45, 28, 29, 31, 34, 56, 54, 52, 51, 68, 66, 65, 79, 77, 75, 74, 91, 89, 88, 102, 100, 98, 97, 114, 112, 111, 125, 123, 121, 120, 137, 135, 134]
{"Initial_routing":[[10, 8], [8, 6], [6, 22], [22, 20], [20, 19], [19, 25], [25, 43], [43, 45], [45, 29], [29, 31], [31, 34], [34, 56], [56, 54], [54, 52], [52, 68], [68, 66], [66, 65], [65, 79], [79, 77], [77, 75], [75, 91], [91, 89], [89, 88], [88, 102], [102, 100], [100, 98], [98, 114], [114, 112], [112, 111], [111, 125], [125, 123], [123, 121], [121, 137], [137, 135], [135, 134]],"Final_routing":[[10, 8], [8, 6], [6, 5], [5, 22], [22, 20], [20, 19], [19, 25], [25, 43], [43, 45], [45, 28], [28, 29], [29, 31], [31, 34], [34, 56], [56, 54], [54, 52], [52, 51], [51, 68], [68, 66], [66, 65], [65, 79], [79, 77], [77, 75], [75, 74], [74, 91], [91, 89], [89, 88], [88, 102], [102, 100], [100, 98], [98, 97], [97, 114], [114, 112], [112, 111], [111, 125], [125, 123], [123, 121], [121, 120], [120, 137], [137, 135], [135, 134]],"Properties":{"Waypoint": { "startNode": -1, "finalNode": -1, "waypoint": []}, "LoopFreedom": { "startNode": -1},"DFA": {"initialState": 0, "finalStates": [31,125,28,91,54,20,19,75,135,134,68,100,65,98], "edges": [{"from": 0, "to": 31, "label": 31},{"from": 0, "to": 125, "label": 125},{"from": 0, "to": 28, "label": 28},{"from": 0, "to": 91, "label": 91},{"from": 0, "to": 54, "label": 54},{"from": 0, "to": 20, "label": 20},{"from": 0, "to": 19, "label": 19},{"from": 0, "to": 75, "label": 75},{"from": 0, "to": 135, "label": 135},{"from": 0, "to": 134, "label": 134},{"from": 0, "to": 68, "label": 68},{"from": 0, "to": 100, "label": 100},{"from": 0, "to": 65, "label": 65},{"from": 0, "to": 98, "label": 98}]},"Reachability":{"startNode":10,"finalNode":134}}}
Kaki stdout:  Version: 1.15 
 kaki/verifypn-linux64 /tmp/tmpkqtzqppl
DFA generation time: 0.031 seconds 
DFA states: 28 
DFA transitions: 616
Problem file: /tmp/tmpkqtzqppl
Switches to update: 12

Decomposed topology into 6 subproblems
Topological decomposition took 0.023 seconds
Subproblem verification time: 0.047 seconds
Subproblem verification time: 0.013 seconds
Subproblem verification time: 0.013 seconds
Subproblem verification time: 0.014 seconds
Subproblem verification time: 0.013 seconds
Subproblem verification time: 0.015 seconds
Minimum batches required: 2
[[5, 28, 51, 74, 97, 120], [6, 45, 52, 75, 98, 121]]
Total program runtime: 0.36 seconds

Kaki stderr:  
Time: 0.36
Solution: []
	Command being timed: "python3 allsynth/run.py -t kaki --GML topologies/topzoo/Fccn.gml 5 --dir topzoo_res/SeparateWPk/kaki/kaki-1 --e-prop SeparateWPk --repeat 1"
	User time (seconds): 2.06
	System time (seconds): 1.46
	Percent of CPU this job got: 319%
	Elapsed (wall clock) time (h:mm:ss or m:ss): 0:01.10
	Average shared text size (kbytes): 0
	Average unshared data size (kbytes): 0
	Average stack size (kbytes): 0
	Average total size (kbytes): 0
	Maximum resident set size (kbytes): 93900
	Average resident set size (kbytes): 0
	Major (requiring I/O) page faults: 0
	Minor (reclaiming a frame) page faults: 36626
	Voluntary context switches: 4224
	Involuntary context switches: 427
	Swaps: 0
	File system inputs: 0
	File system outputs: 24
	Socket messages sent: 0
	Socket messages received: 0
	Signals delivered: 0
	Page size (bytes): 4096
	Exit status: 0
