Namespace(tool='kaki', exper=None, gml=['topologies/topzoo/Geant2012.gml', '5'], index=None, prop='SeparateWPk', prop_file=None, op_req=None, repeat=1, reduce=False, opt=False, u=False, some=False, count=False, weight_bound=None, savedir='topzoo_res/SeparateWPk/kaki/kaki-1', dump_bdd=False)
Running 5Geant2012.gml
Policy: ((((((((((((((((((WP(131-237) | WP(4-237)) | WP(164-237)) | WP(135-237)) | WP(42-237)) | WP(171-237)) | WP(204-237)) | WP(44-237)) | WP(124-237)) | WP(211-237)) | WP(116-237)) | WP(53-237)) | WP(51-237)) | WP(189-237)) | WP(84-237)) | WP(91-237)) | WP(92-237)) | WP(157-237)) & (Reach 237))
Initial path of nodes: [11, 13, 12, 15, 29, 4, 2, 36, 37, 51, 53, 52, 55, 69, 44, 42, 76, 77, 91, 93, 92, 95, 109, 84, 82, 116, 117, 131, 133, 132, 135, 149, 124, 122, 156, 157, 171, 173, 172, 175, 189, 164, 162, 196, 197, 211, 213, 212, 215, 229, 204, 202, 236, 237]
Final path of nodes: [11, 13, 22, 23, 5, 4, 2, 35, 36, 37, 51, 53, 62, 63, 45, 44, 40, 42, 76, 77, 91, 93, 102, 103, 85, 84, 82, 115, 116, 117, 131, 133, 142, 143, 125, 124, 120, 122, 156, 157, 171, 173, 182, 183, 165, 164, 162, 195, 196, 197, 211, 213, 222, 223, 205, 204, 200, 202, 236, 237]
{"Initial_routing":[[11, 13], [13, 12], [12, 15], [15, 29], [29, 4], [4, 2], [2, 36], [36, 37], [37, 51], [51, 53], [53, 52], [52, 55], [55, 69], [69, 44], [44, 42], [42, 76], [76, 77], [77, 91], [91, 93], [93, 92], [92, 95], [95, 109], [109, 84], [84, 82], [82, 116], [116, 117], [117, 131], [131, 133], [133, 132], [132, 135], [135, 149], [149, 124], [124, 122], [122, 156], [156, 157], [157, 171], [171, 173], [173, 172], [172, 175], [175, 189], [189, 164], [164, 162], [162, 196], [196, 197], [197, 211], [211, 213], [213, 212], [212, 215], [215, 229], [229, 204], [204, 202], [202, 236], [236, 237]],"Final_routing":[[11, 13], [13, 22], [22, 23], [23, 5], [5, 4], [4, 2], [2, 35], [35, 36], [36, 37], [37, 51], [51, 53], [53, 62], [62, 63], [63, 45], [45, 44], [44, 40], [40, 42], [42, 76], [76, 77], [77, 91], [91, 93], [93, 102], [102, 103], [103, 85], [85, 84], [84, 82], [82, 115], [115, 116], [116, 117], [117, 131], [131, 133], [133, 142], [142, 143], [143, 125], [125, 124], [124, 120], [120, 122], [122, 156], [156, 157], [157, 171], [171, 173], [173, 182], [182, 183], [183, 165], [165, 164], [164, 162], [162, 195], [195, 196], [196, 197], [197, 211], [211, 213], [213, 222], [222, 223], [223, 205], [205, 204], [204, 200], [200, 202], [202, 236], [236, 237]],"Properties":{"Waypoint": { "startNode": -1, "finalNode": -1, "waypoint": []}, "LoopFreedom": { "startNode": -1},"DFA": {"initialState": 0, "finalStates": [157,92,91,84,189,51,53,116,211,124,44,204,171,42,135,164,131,4], "edges": [{"from": 0, "to": 157, "label": 157},{"from": 0, "to": 92, "label": 92},{"from": 0, "to": 91, "label": 91},{"from": 0, "to": 84, "label": 84},{"from": 0, "to": 189, "label": 189},{"from": 0, "to": 51, "label": 51},{"from": 0, "to": 53, "label": 53},{"from": 0, "to": 116, "label": 116},{"from": 0, "to": 211, "label": 211},{"from": 0, "to": 124, "label": 124},{"from": 0, "to": 44, "label": 44},{"from": 0, "to": 204, "label": 204},{"from": 0, "to": 171, "label": 171},{"from": 0, "to": 42, "label": 42},{"from": 0, "to": 135, "label": 135},{"from": 0, "to": 164, "label": 164},{"from": 0, "to": 131, "label": 131},{"from": 0, "to": 4, "label": 4}]},"Reachability":{"startNode":11,"finalNode":237}}}
Kaki stdout:  Version: 1.15 
 kaki/verifypn-linux64 /tmp/tmpifyvfaip
DFA generation time: 0.036 seconds 
DFA states: 32 
DFA transitions: 1914
Problem file: /tmp/tmpifyvfaip
Switches to update: 54

Decomposed topology into 9 subproblems
Topological decomposition took 0.041 seconds
Subproblem verification time: 0.052 seconds
Subproblem verification time: 0.012 seconds
Subproblem verification time: 0.014 seconds
Subproblem verification time: 0.013 seconds
Subproblem verification time: 0.012 seconds
Subproblem verification time: 0.016 seconds
Subproblem verification time: 0.015 seconds
Subproblem verification time: 0.014 seconds
Subproblem verification time: 0.016 seconds
Minimum batches required: 3
[[22, 23, 5, 35, 62, 40, 63, 45, 102, 103, 85, 115, 142, 120, 143, 125, 182, 183, 165, 195, 222, 200, 223, 205], [13, 2, 44, 53, 93, 82, 124, 133, 173, 162, 204, 213], [12, 15, 29, 52, 55, 69, 92, 95, 109, 132, 135, 149, 172, 175, 189, 212, 215, 229]]
Total program runtime: 0.437 seconds

Kaki stderr:  
Time: 0.437
Solution: []
	Command being timed: "python3 allsynth/run.py -t kaki --GML topologies/topzoo/Geant2012.gml 5 --dir topzoo_res/SeparateWPk/kaki/kaki-1 --e-prop SeparateWPk --repeat 1"
	User time (seconds): 2.77
	System time (seconds): 1.42
	Percent of CPU this job got: 354%
	Elapsed (wall clock) time (h:mm:ss or m:ss): 0:01.18
	Average shared text size (kbytes): 0
	Average unshared data size (kbytes): 0
	Average stack size (kbytes): 0
	Average total size (kbytes): 0
	Maximum resident set size (kbytes): 108704
	Average resident set size (kbytes): 0
	Major (requiring I/O) page faults: 0
	Minor (reclaiming a frame) page faults: 49540
	Voluntary context switches: 5940
	Involuntary context switches: 483
	Swaps: 0
	File system inputs: 0
	File system outputs: 32
	Socket messages sent: 0
	Socket messages received: 0
	Signals delivered: 0
	Page size (bytes): 4096
	Exit status: 0
