Namespace(tool='kaki', exper=None, gml=['topologies/topzoo/Globenet.gml', '5'], index=None, prop='SeparateWPk', prop_file=None, op_req=None, repeat=1, reduce=False, opt=False, u=False, some=False, count=False, weight_bound=None, savedir='topzoo_res/SeparateWPk/kaki/kaki-1', dump_bdd=False)
Running 5Globenet.gml
Policy: (((((((((((((((((((((((((((((WP(131-393) | WP(393-393)) | WP(10-393)) | WP(266-393)) | WP(397-393)) | WP(16-393)) | WP(153-393)) | WP(285-393)) | WP(158-393)) | WP(42-393)) | WP(304-393)) | WP(307-393)) | WP(180-393)) | WP(58-393)) | WP(62-393)) | WP(193-393)) | WP(200-393)) | WP(332-393)) | WP(211-393)) | WP(84-393)) | WP(345-393)) | WP(351-393)) | WP(226-393)) | WP(103-393)) | WP(106-393)) | WP(235-393)) | WP(239-393)) | WP(370-393)) | WP(377-393)) & (Reach 393))
Initial path of nodes: [35, 36, 25, 24, 23, 16, 17, 38, 46, 39, 10, 64, 65, 66, 2, 58, 68, 70, 67, 132, 131, 77, 106, 113, 105, 84, 83, 90, 91, 92, 103, 102, 169, 170, 159, 158, 157, 150, 151, 172, 180, 173, 144, 198, 199, 200, 136, 192, 236, 237, 226, 225, 224, 217, 218, 239, 247, 240, 211, 265, 266, 267, 203, 259, 303, 304, 293, 292, 291, 284, 285, 306, 314, 307, 278, 332, 333, 334, 270, 326, 370, 371, 360, 359, 358, 351, 352, 373, 381, 374, 345, 399, 400, 401, 337, 393]
Final path of nodes: [35, 36, 25, 24, 23, 16, 17, 34, 19, 46, 42, 39, 10, 59, 61, 62, 64, 65, 66, 57, 58, 68, 70, 67, 132, 131, 129, 128, 126, 77, 106, 109, 110, 96, 101, 84, 83, 90, 91, 92, 103, 102, 169, 170, 159, 158, 157, 150, 151, 168, 153, 180, 176, 173, 144, 193, 195, 196, 198, 199, 200, 191, 192, 236, 237, 226, 225, 224, 217, 218, 235, 220, 247, 243, 240, 211, 260, 262, 263, 265, 266, 267, 258, 259, 303, 304, 293, 292, 291, 284, 285, 302, 287, 314, 310, 307, 278, 327, 329, 330, 332, 333, 334, 325, 326, 370, 371, 360, 359, 358, 351, 352, 369, 354, 381, 377, 374, 345, 394, 396, 397, 399, 400, 401, 392, 393]
{"Initial_routing":[[35, 36], [36, 25], [25, 24], [24, 23], [23, 16], [16, 17], [17, 38], [38, 46], [46, 39], [39, 10], [10, 64], [64, 65], [65, 66], [66, 2], [2, 58], [58, 68], [68, 70], [70, 67], [67, 132], [132, 131], [131, 77], [77, 106], [106, 113], [113, 105], [105, 84], [84, 83], [83, 90], [90, 91], [91, 92], [92, 103], [103, 102], [102, 169], [169, 170], [170, 159], [159, 158], [158, 157], [157, 150], [150, 151], [151, 172], [172, 180], [180, 173], [173, 144], [144, 198], [198, 199], [199, 200], [200, 136], [136, 192], [192, 236], [236, 237], [237, 226], [226, 225], [225, 224], [224, 217], [217, 218], [218, 239], [239, 247], [247, 240], [240, 211], [211, 265], [265, 266], [266, 267], [267, 203], [203, 259], [259, 303], [303, 304], [304, 293], [293, 292], [292, 291], [291, 284], [284, 285], [285, 306], [306, 314], [314, 307], [307, 278], [278, 332], [332, 333], [333, 334], [334, 270], [270, 326], [326, 370], [370, 371], [371, 360], [360, 359], [359, 358], [358, 351], [351, 352], [352, 373], [373, 381], [381, 374], [374, 345], [345, 399], [399, 400], [400, 401], [401, 337], [337, 393]],"Final_routing":[[35, 36], [36, 25], [25, 24], [24, 23], [23, 16], [16, 17], [17, 34], [34, 19], [19, 46], [46, 42], [42, 39], [39, 10], [10, 59], [59, 61], [61, 62], [62, 64], [64, 65], [65, 66], [66, 57], [57, 58], [58, 68], [68, 70], [70, 67], [67, 132], [132, 131], [131, 129], [129, 128], [128, 126], [126, 77], [77, 106], [106, 109], [109, 110], [110, 96], [96, 101], [101, 84], [84, 83], [83, 90], [90, 91], [91, 92], [92, 103], [103, 102], [102, 169], [169, 170], [170, 159], [159, 158], [158, 157], [157, 150], [150, 151], [151, 168], [168, 153], [153, 180], [180, 176], [176, 173], [173, 144], [144, 193], [193, 195], [195, 196], [196, 198], [198, 199], [199, 200], [200, 191], [191, 192], [192, 236], [236, 237], [237, 226], [226, 225], [225, 224], [224, 217], [217, 218], [218, 235], [235, 220], [220, 247], [247, 243], [243, 240], [240, 211], [211, 260], [260, 262], [262, 263], [263, 265], [265, 266], [266, 267], [267, 258], [258, 259], [259, 303], [303, 304], [304, 293], [293, 292], [292, 291], [291, 284], [284, 285], [285, 302], [302, 287], [287, 314], [314, 310], [310, 307], [307, 278], [278, 327], [327, 329], [329, 330], [330, 332], [332, 333], [333, 334], [334, 325], [325, 326], [326, 370], [370, 371], [371, 360], [360, 359], [359, 358], [358, 351], [351, 352], [352, 369], [369, 354], [354, 381], [381, 377], [377, 374], [374, 345], [345, 394], [394, 396], [396, 397], [397, 399], [399, 400], [400, 401], [401, 392], [392, 393]],"Properties":{"Waypoint": { "startNode": -1, "finalNode": -1, "waypoint": []}, "LoopFreedom": { "startNode": -1},"DFA": {"initialState": 0, "finalStates": [377,370,239,235,106,103,226,351,345,84,211,332,200,193,62,58,180,307,304,42,158,285,153,16,397,266,10,131,393], "edges": [{"from": 0, "to": 377, "label": 377},{"from": 0, "to": 370, "label": 370},{"from": 0, "to": 239, "label": 239},{"from": 0, "to": 235, "label": 235},{"from": 0, "to": 106, "label": 106},{"from": 0, "to": 103, "label": 103},{"from": 0, "to": 226, "label": 226},{"from": 0, "to": 351, "label": 351},{"from": 0, "to": 345, "label": 345},{"from": 0, "to": 84, "label": 84},{"from": 0, "to": 211, "label": 211},{"from": 0, "to": 332, "label": 332},{"from": 0, "to": 200, "label": 200},{"from": 0, "to": 193, "label": 193},{"from": 0, "to": 62, "label": 62},{"from": 0, "to": 58, "label": 58},{"from": 0, "to": 180, "label": 180},{"from": 0, "to": 307, "label": 307},{"from": 0, "to": 304, "label": 304},{"from": 0, "to": 42, "label": 42},{"from": 0, "to": 158, "label": 158},{"from": 0, "to": 285, "label": 285},{"from": 0, "to": 153, "label": 153},{"from": 0, "to": 16, "label": 16},{"from": 0, "to": 397, "label": 397},{"from": 0, "to": 266, "label": 266},{"from": 0, "to": 10, "label": 10},{"from": 0, "to": 131, "label": 131},{"from": 0, "to": 393, "label": 393}]},"Reachability":{"startNode":35,"finalNode":393}}}
Kaki stdout:  Version: 1.15 
 kaki/verifypn-linux64 /tmp/tmp4kq5oqv3
DFA generation time: 0.046 seconds 
DFA states: 27 
DFA transitions: 2395
Problem file: /tmp/tmp4kq5oqv3
Switches to update: 76

Decomposed topology into 17 subproblems
Topological decomposition took 0.053 seconds
Subproblem verification time: 0.059 seconds
Subproblem verification time: 0.013 seconds
Subproblem verification time: 0.014 seconds
Subproblem verification time: 0.013 seconds
Subproblem verification time: 0.016 seconds
Subproblem verification time: 0.015 seconds
Subproblem verification time: 0.017 seconds
Subproblem verification time: 0.014 seconds
Subproblem verification time: 0.015 seconds
Subproblem verification time: 0.014 seconds
Subproblem verification time: 0.014 seconds
Subproblem verification time: 0.015 seconds
Subproblem verification time: 0.014 seconds
Subproblem verification time: 0.013 seconds
Subproblem verification time: 0.015 seconds
Subproblem verification time: 0.015 seconds
Subproblem verification time: 0.014 seconds
Minimum batches required: 3
[[34, 42, 19, 59, 61, 62, 57, 129, 128, 126, 109, 110, 96, 101, 168, 176, 153, 193, 195, 196, 191, 235, 243, 220, 260, 262, 263, 258, 302, 310, 287, 327, 329, 330, 325, 369, 377, 354, 394, 396, 397, 392], [46, 17, 10, 66, 131, 106, 180, 151, 144, 200, 247, 218, 211, 267, 314, 285, 278, 334, 381, 352, 345, 401], [38, 2, 113, 105, 172, 136, 239, 203, 306, 270, 373, 337]]
Total program runtime: 0.637 seconds

Kaki stderr:  
Time: 0.637
Solution: []
	Command being timed: "python3 allsynth/run.py -t kaki --GML topologies/topzoo/Globenet.gml 5 --dir topzoo_res/SeparateWPk/kaki/kaki-1 --e-prop SeparateWPk --repeat 1"
	User time (seconds): 3.44
	System time (seconds): 1.44
	Percent of CPU this job got: 323%
	Elapsed (wall clock) time (h:mm:ss or m:ss): 0:01.51
	Average shared text size (kbytes): 0
	Average unshared data size (kbytes): 0
	Average stack size (kbytes): 0
	Average total size (kbytes): 0
	Maximum resident set size (kbytes): 141988
	Average resident set size (kbytes): 0
	Major (requiring I/O) page faults: 0
	Minor (reclaiming a frame) page faults: 71956
	Voluntary context switches: 8986
	Involuntary context switches: 56197
	Swaps: 0
	File system inputs: 0
	File system outputs: 32
	Socket messages sent: 0
	Socket messages received: 0
	Signals delivered: 0
	Page size (bytes): 4096
	Exit status: 0
