Namespace(tool='kaki', exper=None, gml=['topologies/topzoo/Goodnet.gml', '5'], index=None, prop='SeparateWPk', prop_file=None, op_req=None, repeat=1, reduce=False, opt=False, u=False, some=False, count=False, weight_bound=None, savedir='topzoo_res/SeparateWPk/kaki/kaki-1', dump_bdd=False)
Running 5Goodnet.gml
Policy: (((((WP(34-98) | WP(68-98)) | WP(17-98)) | WP(51-98)) | WP(85-98)) & (Reach 98))
Initial path of nodes: [0, 3, 9, 14, 13, 17, 20, 26, 31, 30, 34, 37, 43, 48, 47, 51, 54, 60, 65, 64, 68, 71, 77, 82, 81, 85, 88, 94, 99, 98]
Final path of nodes: [0, 3, 15, 14, 13, 17, 20, 32, 31, 30, 34, 41, 46, 48, 47, 51, 54, 66, 65, 64, 68, 75, 80, 82, 81, 85, 88, 100, 99, 98]
{"Initial_routing":[[0, 3], [3, 9], [9, 14], [14, 13], [13, 17], [17, 20], [20, 26], [26, 31], [31, 30], [30, 34], [34, 37], [37, 43], [43, 48], [48, 47], [47, 51], [51, 54], [54, 60], [60, 65], [65, 64], [64, 68], [68, 71], [71, 77], [77, 82], [82, 81], [81, 85], [85, 88], [88, 94], [94, 99], [99, 98]],"Final_routing":[[0, 3], [3, 15], [15, 14], [14, 13], [13, 17], [17, 20], [20, 32], [32, 31], [31, 30], [30, 34], [34, 41], [41, 46], [46, 48], [48, 47], [47, 51], [51, 54], [54, 66], [66, 65], [65, 64], [64, 68], [68, 75], [75, 80], [80, 82], [82, 81], [81, 85], [85, 88], [88, 100], [100, 99], [99, 98]],"Properties":{"Waypoint": { "startNode": -1, "finalNode": -1, "waypoint": []}, "LoopFreedom": { "startNode": -1},"DFA": {"initialState": 0, "finalStates": [85,51,17,34,68], "edges": [{"from": 0, "to": 85, "label": 85},{"from": 0, "to": 51, "label": 51},{"from": 0, "to": 17, "label": 17},{"from": 0, "to": 34, "label": 34},{"from": 0, "to": 68, "label": 68}]},"Reachability":{"startNode":0,"finalNode":98}}}
Kaki stdout:  Version: 1.15 
 kaki/verifypn-linux64 /tmp/tmpno3x4it4
DFA generation time: 0.015 seconds 
DFA states: 9 
DFA transitions: 93
Problem file: /tmp/tmpno3x4it4
Switches to update: 22

Decomposed topology into 6 subproblems
Topological decomposition took 0.009 seconds
Subproblem verification time: 0.042 seconds
Subproblem verification time: 0.012 seconds
Subproblem verification time: 0.012 seconds
Subproblem verification time: 0.012 seconds
Subproblem verification time: 0.012 seconds
Subproblem verification time: 0.013 seconds
Minimum batches required: 3
[[15, 32, 41, 46, 66, 75, 80, 100], [3, 20, 34, 54, 68, 88], [9, 26, 37, 43, 60, 71, 77, 94]]
Total program runtime: 0.311 seconds

Kaki stderr:  
Time: 0.311
Solution: []
	Command being timed: "python3 allsynth/run.py -t kaki --GML topologies/topzoo/Goodnet.gml 5 --dir topzoo_res/SeparateWPk/kaki/kaki-1 --e-prop SeparateWPk --repeat 1"
	User time (seconds): 1.88
	System time (seconds): 1.42
	Percent of CPU this job got: 316%
	Elapsed (wall clock) time (h:mm:ss or m:ss): 0:01.04
	Average shared text size (kbytes): 0
	Average unshared data size (kbytes): 0
	Average stack size (kbytes): 0
	Average total size (kbytes): 0
	Maximum resident set size (kbytes): 91952
	Average resident set size (kbytes): 0
	Major (requiring I/O) page faults: 0
	Minor (reclaiming a frame) page faults: 36651
	Voluntary context switches: 5064
	Involuntary context switches: 368
	Swaps: 0
	File system inputs: 0
	File system outputs: 24
	Socket messages sent: 0
	Socket messages received: 0
	Signals delivered: 0
	Page size (bytes): 4096
	Exit status: 0
