Namespace(tool='kaki', exper=None, gml=['topologies/topzoo/HiberniaCanada.gml', '5'], index=None, prop='SeparateWPk', prop_file=None, op_req=None, repeat=1, reduce=False, opt=False, u=False, some=False, count=False, weight_bound=None, savedir='topzoo_res/SeparateWPk/kaki/kaki-1', dump_bdd=False)
Running 5HiberniaCanada.gml
Policy: ((((((((((((((((WP(64-74) | WP(35-74)) | WP(67-74)) | WP(38-74)) | WP(39-74)) | WP(7-74)) | WP(70-74)) | WP(10-74)) | WP(75-74)) | WP(13-74)) | WP(45-74)) | WP(23-74)) | WP(56-74)) | WP(25-74)) | WP(60-74)) | WP(29-74)) & (Reach 74))
Initial path of nodes: [2, 12, 4, 11, 0, 10, 9, 14, 17, 24, 13, 23, 20, 21, 28, 38, 30, 37, 26, 36, 35, 41, 51, 43, 50, 39, 49, 48, 54, 64, 56, 63, 52, 62, 61, 67, 77, 69, 76, 65, 75, 74]
Final path of nodes: [2, 12, 3, 5, 6, 7, 8, 9, 14, 17, 25, 16, 18, 19, 20, 23, 22, 21, 28, 38, 29, 31, 32, 33, 34, 35, 41, 51, 42, 44, 45, 46, 47, 48, 54, 64, 55, 57, 58, 59, 60, 61, 67, 77, 68, 70, 71, 72, 73, 74]
{"Initial_routing":[[2, 12], [12, 4], [4, 11], [11, 0], [0, 10], [10, 9], [9, 14], [14, 17], [17, 24], [24, 13], [13, 23], [23, 20], [20, 21], [21, 28], [28, 38], [38, 30], [30, 37], [37, 26], [26, 36], [36, 35], [35, 41], [41, 51], [51, 43], [43, 50], [50, 39], [39, 49], [49, 48], [48, 54], [54, 64], [64, 56], [56, 63], [63, 52], [52, 62], [62, 61], [61, 67], [67, 77], [77, 69], [69, 76], [76, 65], [65, 75], [75, 74]],"Final_routing":[[2, 12], [12, 3], [3, 5], [5, 6], [6, 7], [7, 8], [8, 9], [9, 14], [14, 17], [17, 25], [25, 16], [16, 18], [18, 19], [19, 20], [20, 23], [23, 22], [22, 21], [21, 28], [28, 38], [38, 29], [29, 31], [31, 32], [32, 33], [33, 34], [34, 35], [35, 41], [41, 51], [51, 42], [42, 44], [44, 45], [45, 46], [46, 47], [47, 48], [48, 54], [54, 64], [64, 55], [55, 57], [57, 58], [58, 59], [59, 60], [60, 61], [61, 67], [67, 77], [77, 68], [68, 70], [70, 71], [71, 72], [72, 73], [73, 74]],"Properties":{"Waypoint": { "startNode": -1, "finalNode": -1, "waypoint": []}, "LoopFreedom": { "startNode": -1},"DFA": {"initialState": 0, "finalStates": [29,60,25,56,23,45,13,75,10,70,7,39,38,67,64,35], "edges": [{"from": 0, "to": 29, "label": 29},{"from": 0, "to": 60, "label": 60},{"from": 0, "to": 25, "label": 25},{"from": 0, "to": 56, "label": 56},{"from": 0, "to": 23, "label": 23},{"from": 0, "to": 45, "label": 45},{"from": 0, "to": 13, "label": 13},{"from": 0, "to": 75, "label": 75},{"from": 0, "to": 10, "label": 10},{"from": 0, "to": 70, "label": 70},{"from": 0, "to": 7, "label": 7},{"from": 0, "to": 39, "label": 39},{"from": 0, "to": 38, "label": 38},{"from": 0, "to": 67, "label": 67},{"from": 0, "to": 64, "label": 64},{"from": 0, "to": 35, "label": 35}]},"Reachability":{"startNode":2,"finalNode":74}}}
Kaki stdout:  Version: 1.15 
 kaki/verifypn-linux64 /tmp/tmpex5xo0gv
DFA generation time: 0.026 seconds 
DFA states: 53 
DFA transitions: 3196
Problem file: /tmp/tmpex5xo0gv
Switches to update: 60

Decomposed topology into 1 subproblems
Topological decomposition took 0.048 seconds
Subproblem verification time: 10.546 seconds
Minimum batches required: 3
[[3, 25, 22, 29, 42, 55, 68, 5, 6, 7, 8, 16, 18, 19, 31, 32, 33, 34, 44, 45, 46, 47, 57, 58, 59, 60, 70, 71, 72, 73], [77, 64, 51, 38, 23, 17, 12], [20, 4, 11, 0, 10, 24, 13, 30, 37, 26, 36, 43, 50, 39, 49, 56, 63, 52, 62, 69, 76, 65, 75]]
Total program runtime: 11.398 seconds

Kaki stderr:  
Time: 11.398
Solution: []
	Command being timed: "python3 allsynth/run.py -t kaki --GML topologies/topzoo/HiberniaCanada.gml 5 --dir topzoo_res/SeparateWPk/kaki/kaki-1 --e-prop SeparateWPk --repeat 1"
	User time (seconds): 14.81
	System time (seconds): 1.54
	Percent of CPU this job got: 135%
	Elapsed (wall clock) time (h:mm:ss or m:ss): 0:12.08
	Average shared text size (kbytes): 0
	Average unshared data size (kbytes): 0
	Average stack size (kbytes): 0
	Average total size (kbytes): 0
	Maximum resident set size (kbytes): 417800
	Average resident set size (kbytes): 0
	Major (requiring I/O) page faults: 0
	Minor (reclaiming a frame) page faults: 71438
	Voluntary context switches: 5595
	Involuntary context switches: 1611
	Swaps: 0
	File system inputs: 0
	File system outputs: 24
	Socket messages sent: 0
	Socket messages received: 0
	Signals delivered: 0
	Page size (bytes): 4096
	Exit status: 0
