Namespace(tool='kaki', exper=None, gml=['topologies/topzoo/HostwayInternational.gml', '5'], index=None, prop='SeparateWPk', prop_file=None, op_req=None, repeat=1, reduce=False, opt=False, u=False, some=False, count=False, weight_bound=None, savedir='topzoo_res/SeparateWPk/kaki/kaki-1', dump_bdd=False)
Running 5HostwayInternational.gml
Policy: ((((((((((((((((((((WP(10-94) | WP(15-94)) | WP(16-94)) | WP(25-94)) | WP(31-94)) | WP(32-94)) | WP(34-94)) | WP(40-94)) | WP(44-94)) | WP(53-94)) | WP(55-94)) | WP(60-94)) | WP(62-94)) | WP(66-94)) | WP(68-94)) | WP(75-94)) | WP(82-94)) | WP(83-94)) | WP(90-94)) | WP(91-94)) & (Reach 94))
Initial path of nodes: [3, 0, 2, 7, 4, 10, 9, 8, 14, 19, 16, 18, 23, 20, 26, 25, 24, 30, 35, 32, 34, 39, 36, 42, 41, 40, 46, 51, 48, 50, 55, 52, 58, 57, 56, 62, 67, 64, 66, 71, 68, 74, 73, 72, 78, 83, 80, 82, 87, 84, 90, 89, 88, 94]
Final path of nodes: [3, 0, 2, 7, 6, 15, 12, 11, 14, 19, 16, 21, 18, 23, 22, 31, 28, 27, 30, 35, 32, 34, 39, 38, 47, 44, 43, 46, 51, 48, 53, 50, 55, 54, 63, 60, 59, 62, 67, 64, 66, 71, 70, 79, 76, 75, 78, 83, 80, 85, 82, 87, 86, 95, 92, 91, 94]
{"Initial_routing":[[3, 0], [0, 2], [2, 7], [7, 4], [4, 10], [10, 9], [9, 8], [8, 14], [14, 19], [19, 16], [16, 18], [18, 23], [23, 20], [20, 26], [26, 25], [25, 24], [24, 30], [30, 35], [35, 32], [32, 34], [34, 39], [39, 36], [36, 42], [42, 41], [41, 40], [40, 46], [46, 51], [51, 48], [48, 50], [50, 55], [55, 52], [52, 58], [58, 57], [57, 56], [56, 62], [62, 67], [67, 64], [64, 66], [66, 71], [71, 68], [68, 74], [74, 73], [73, 72], [72, 78], [78, 83], [83, 80], [80, 82], [82, 87], [87, 84], [84, 90], [90, 89], [89, 88], [88, 94]],"Final_routing":[[3, 0], [0, 2], [2, 7], [7, 6], [6, 15], [15, 12], [12, 11], [11, 14], [14, 19], [19, 16], [16, 21], [21, 18], [18, 23], [23, 22], [22, 31], [31, 28], [28, 27], [27, 30], [30, 35], [35, 32], [32, 34], [34, 39], [39, 38], [38, 47], [47, 44], [44, 43], [43, 46], [46, 51], [51, 48], [48, 53], [53, 50], [50, 55], [55, 54], [54, 63], [63, 60], [60, 59], [59, 62], [62, 67], [67, 64], [64, 66], [66, 71], [71, 70], [70, 79], [79, 76], [76, 75], [75, 78], [78, 83], [83, 80], [80, 85], [85, 82], [82, 87], [87, 86], [86, 95], [95, 92], [92, 91], [91, 94]],"Properties":{"Waypoint": { "startNode": -1, "finalNode": -1, "waypoint": []}, "LoopFreedom": { "startNode": -1},"DFA": {"initialState": 0, "finalStates": [91,90,83,82,75,68,66,62,60,55,53,44,40,34,32,31,25,16,10,15], "edges": [{"from": 0, "to": 91, "label": 91},{"from": 0, "to": 90, "label": 90},{"from": 0, "to": 83, "label": 83},{"from": 0, "to": 82, "label": 82},{"from": 0, "to": 75, "label": 75},{"from": 0, "to": 68, "label": 68},{"from": 0, "to": 66, "label": 66},{"from": 0, "to": 62, "label": 62},{"from": 0, "to": 60, "label": 60},{"from": 0, "to": 55, "label": 55},{"from": 0, "to": 53, "label": 53},{"from": 0, "to": 44, "label": 44},{"from": 0, "to": 40, "label": 40},{"from": 0, "to": 34, "label": 34},{"from": 0, "to": 32, "label": 32},{"from": 0, "to": 31, "label": 31},{"from": 0, "to": 25, "label": 25},{"from": 0, "to": 16, "label": 16},{"from": 0, "to": 10, "label": 10},{"from": 0, "to": 15, "label": 15}]},"Reachability":{"startNode":3,"finalNode":94}}}
Kaki stdout:  Version: 1.15 
 kaki/verifypn-linux64 /tmp/tmpd46wtytw
DFA generation time: 0.028 seconds 
DFA states: 41 
DFA transitions: 2628
Problem file: /tmp/tmpd46wtytw
Switches to update: 60

Decomposed topology into 1 subproblems
Topological decomposition took 0.032 seconds
Subproblem verification time: 34.933 seconds
Minimum batches required: 3
[[6, 21, 22, 38, 53, 54, 70, 85, 86, 15, 12, 11, 31, 28, 27, 47, 44, 43, 63, 60, 59, 79, 76, 75, 95, 92, 91], [87, 80, 71, 55, 48, 39, 23, 16, 7], [4, 10, 9, 8, 20, 26, 25, 24, 36, 42, 41, 40, 52, 58, 57, 56, 68, 74, 73, 72, 84, 90, 89, 88]]
Total program runtime: 35.566 seconds

Kaki stderr:  
Time: 35.566
Solution: []
	Command being timed: "python3 allsynth/run.py -t kaki --GML topologies/topzoo/HostwayInternational.gml 5 --dir topzoo_res/SeparateWPk/kaki/kaki-1 --e-prop SeparateWPk --repeat 1"
	User time (seconds): 38.57
	System time (seconds): 1.64
	Percent of CPU this job got: 110%
	Elapsed (wall clock) time (h:mm:ss or m:ss): 0:36.29
	Average shared text size (kbytes): 0
	Average unshared data size (kbytes): 0
	Average stack size (kbytes): 0
	Average total size (kbytes): 0
	Maximum resident set size (kbytes): 260460
	Average resident set size (kbytes): 0
	Major (requiring I/O) page faults: 0
	Minor (reclaiming a frame) page faults: 101427
	Voluntary context switches: 5000
	Involuntary context switches: 4741
	Swaps: 0
	File system inputs: 0
	File system outputs: 24
	Socket messages sent: 0
	Socket messages received: 0
	Signals delivered: 0
	Page size (bytes): 4096
	Exit status: 0
