Namespace(tool='kaki', exper=None, gml=['topologies/topzoo/Iinet.gml', '5'], index=None, prop='SeparateWPk', prop_file=None, op_req=None, repeat=1, reduce=False, opt=False, u=False, some=False, count=False, weight_bound=None, savedir='topzoo_res/SeparateWPk/kaki/kaki-1', dump_bdd=False)
Running 5Iinet.gml
Policy: ((((((((WP(171-178) | WP(145-178)) | WP(178-178)) | WP(52-178)) | WP(23-178)) | WP(87-178)) | WP(121-178)) | WP(91-178)) & (Reach 178))
Initial path of nodes: [16, 21, 28, 25, 24, 23, 37, 55, 56, 59, 52, 47, 78, 83, 90, 87, 86, 85, 109, 114, 121, 118, 117, 116, 140, 145, 152, 149, 148, 147, 171, 176, 183, 180, 179, 178]
Final path of nodes: [16, 21, 28, 29, 24, 23, 37, 55, 60, 59, 52, 47, 78, 83, 90, 91, 86, 85, 109, 114, 121, 122, 117, 116, 140, 145, 152, 153, 148, 147, 171, 176, 183, 184, 179, 178]
{"Initial_routing":[[16, 21], [21, 28], [28, 25], [25, 24], [24, 23], [23, 37], [37, 55], [55, 56], [56, 59], [59, 52], [52, 47], [47, 78], [78, 83], [83, 90], [90, 87], [87, 86], [86, 85], [85, 109], [109, 114], [114, 121], [121, 118], [118, 117], [117, 116], [116, 140], [140, 145], [145, 152], [152, 149], [149, 148], [148, 147], [147, 171], [171, 176], [176, 183], [183, 180], [180, 179], [179, 178]],"Final_routing":[[16, 21], [21, 28], [28, 29], [29, 24], [24, 23], [23, 37], [37, 55], [55, 60], [60, 59], [59, 52], [52, 47], [47, 78], [78, 83], [83, 90], [90, 91], [91, 86], [86, 85], [85, 109], [109, 114], [114, 121], [121, 122], [122, 117], [117, 116], [116, 140], [140, 145], [145, 152], [152, 153], [153, 148], [148, 147], [147, 171], [171, 176], [176, 183], [183, 184], [184, 179], [179, 178]],"Properties":{"Waypoint": { "startNode": -1, "finalNode": -1, "waypoint": []}, "LoopFreedom": { "startNode": -1},"DFA": {"initialState": 0, "finalStates": [91,121,87,23,52,178,171,145], "edges": [{"from": 0, "to": 91, "label": 91},{"from": 0, "to": 121, "label": 121},{"from": 0, "to": 87, "label": 87},{"from": 0, "to": 23, "label": 23},{"from": 0, "to": 52, "label": 52},{"from": 0, "to": 178, "label": 178},{"from": 0, "to": 171, "label": 171},{"from": 0, "to": 145, "label": 145}]},"Reachability":{"startNode":16,"finalNode":178}}}
Kaki stdout:  Version: 1.15 
 kaki/verifypn-linux64 /tmp/tmp23zqo06x
DFA generation time: 0.017 seconds 
DFA states: 37 
DFA transitions: 733
Problem file: /tmp/tmp23zqo06x
Switches to update: 18

Decomposed topology into 6 subproblems
Topological decomposition took 0.016 seconds
Subproblem verification time: 0.041 seconds
Subproblem verification time: 0.012 seconds
Subproblem verification time: 0.012 seconds
Subproblem verification time: 0.011 seconds
Subproblem verification time: 0.012 seconds
Subproblem verification time: 0.013 seconds
Minimum batches required: 3
[[29, 60, 91, 122, 153, 184], [28, 55, 90, 121, 152, 183], [25, 56, 87, 118, 149, 180]]
Total program runtime: 0.299 seconds

Kaki stderr:  
Time: 0.299
Solution: []
	Command being timed: "python3 allsynth/run.py -t kaki --GML topologies/topzoo/Iinet.gml 5 --dir topzoo_res/SeparateWPk/kaki/kaki-1 --e-prop SeparateWPk --repeat 1"
	User time (seconds): 1.92
	System time (seconds): 1.39
	Percent of CPU this job got: 324%
	Elapsed (wall clock) time (h:mm:ss or m:ss): 0:01.02
	Average shared text size (kbytes): 0
	Average unshared data size (kbytes): 0
	Average stack size (kbytes): 0
	Average total size (kbytes): 0
	Maximum resident set size (kbytes): 94504
	Average resident set size (kbytes): 0
	Major (requiring I/O) page faults: 0
	Minor (reclaiming a frame) page faults: 37425
	Voluntary context switches: 4056
	Involuntary context switches: 728
	Swaps: 0
	File system inputs: 0
	File system outputs: 24
	Socket messages sent: 0
	Socket messages received: 0
	Signals delivered: 0
	Page size (bytes): 4096
	Exit status: 0
