Namespace(tool='kaki', exper=None, gml=['topologies/topzoo/Integra.gml', '5'], index=None, prop='SeparateWPk', prop_file=None, op_req=None, repeat=1, reduce=False, opt=False, u=False, some=False, count=False, weight_bound=None, savedir='topzoo_res/SeparateWPk/kaki/kaki-1', dump_bdd=False)
Running 5Integra.gml
Policy: (((((((((((((WP(160-147) | WP(101-147)) | WP(39-147)) | WP(136-147)) | WP(91-147)) | WP(111-147)) | WP(80-147)) | WP(113-147)) | WP(88-147)) | WP(25-147)) | WP(27-147)) | WP(62-147)) | WP(31-147)) & (Reach 147))
Initial path of nodes: [1, 20, 0, 3, 26, 25, 10, 12, 28, 47, 27, 30, 53, 52, 37, 39, 55, 74, 54, 57, 80, 79, 64, 66, 82, 101, 81, 84, 107, 106, 91, 93, 109, 128, 108, 111, 134, 133, 118, 120, 136, 155, 135, 138, 161, 160, 145, 147]
Final path of nodes: [1, 20, 21, 23, 24, 25, 10, 12, 28, 34, 31, 32, 35, 52, 37, 39, 55, 61, 58, 59, 62, 79, 64, 66, 82, 88, 85, 86, 89, 106, 91, 93, 109, 115, 112, 113, 116, 133, 118, 120, 136, 142, 139, 140, 143, 160, 145, 147]
{"Initial_routing":[[1, 20], [20, 0], [0, 3], [3, 26], [26, 25], [25, 10], [10, 12], [12, 28], [28, 47], [47, 27], [27, 30], [30, 53], [53, 52], [52, 37], [37, 39], [39, 55], [55, 74], [74, 54], [54, 57], [57, 80], [80, 79], [79, 64], [64, 66], [66, 82], [82, 101], [101, 81], [81, 84], [84, 107], [107, 106], [106, 91], [91, 93], [93, 109], [109, 128], [128, 108], [108, 111], [111, 134], [134, 133], [133, 118], [118, 120], [120, 136], [136, 155], [155, 135], [135, 138], [138, 161], [161, 160], [160, 145], [145, 147]],"Final_routing":[[1, 20], [20, 21], [21, 23], [23, 24], [24, 25], [25, 10], [10, 12], [12, 28], [28, 34], [34, 31], [31, 32], [32, 35], [35, 52], [52, 37], [37, 39], [39, 55], [55, 61], [61, 58], [58, 59], [59, 62], [62, 79], [79, 64], [64, 66], [66, 82], [82, 88], [88, 85], [85, 86], [86, 89], [89, 106], [106, 91], [91, 93], [93, 109], [109, 115], [115, 112], [112, 113], [113, 116], [116, 133], [133, 118], [118, 120], [120, 136], [136, 142], [142, 139], [139, 140], [140, 143], [143, 160], [160, 145], [145, 147]],"Properties":{"Waypoint": { "startNode": -1, "finalNode": -1, "waypoint": []}, "LoopFreedom": { "startNode": -1},"DFA": {"initialState": 0, "finalStates": [31,62,27,25,88,113,80,111,91,136,39,160,101], "edges": [{"from": 0, "to": 31, "label": 31},{"from": 0, "to": 62, "label": 62},{"from": 0, "to": 27, "label": 27},{"from": 0, "to": 25, "label": 25},{"from": 0, "to": 88, "label": 88},{"from": 0, "to": 113, "label": 113},{"from": 0, "to": 80, "label": 80},{"from": 0, "to": 111, "label": 111},{"from": 0, "to": 91, "label": 91},{"from": 0, "to": 136, "label": 136},{"from": 0, "to": 39, "label": 39},{"from": 0, "to": 160, "label": 160},{"from": 0, "to": 101, "label": 101}]},"Reachability":{"startNode":1,"finalNode":147}}}
Kaki stdout:  Version: 1.15 
 kaki/verifypn-linux64 /tmp/tmpag8mm1kj
DFA generation time: 0.022 seconds 
DFA states: 36 
DFA transitions: 1954
Problem file: /tmp/tmpag8mm1kj
Switches to update: 52

Decomposed topology into 6 subproblems
Topological decomposition took 0.023 seconds
Subproblem verification time: 0.05 seconds
Subproblem verification time: 0.013 seconds
Subproblem verification time: 0.013 seconds
Subproblem verification time: 0.013 seconds
Subproblem verification time: 0.014 seconds
Subproblem verification time: 0.014 seconds
Minimum batches required: 3
[[21, 23, 24, 34, 31, 32, 35, 61, 58, 59, 62, 88, 85, 86, 89, 115, 112, 113, 116, 142, 139, 140, 143], [20, 28, 55, 82, 109, 136], [0, 3, 26, 47, 27, 30, 53, 74, 54, 57, 80, 101, 81, 84, 107, 128, 108, 111, 134, 155, 135, 138, 161]]
Total program runtime: 0.335 seconds

Kaki stderr:  
Time: 0.335
Solution: []
	Command being timed: "python3 allsynth/run.py -t kaki --GML topologies/topzoo/Integra.gml 5 --dir topzoo_res/SeparateWPk/kaki/kaki-1 --e-prop SeparateWPk --repeat 1"
	User time (seconds): 2.31
	System time (seconds): 1.48
	Percent of CPU this job got: 360%
	Elapsed (wall clock) time (h:mm:ss or m:ss): 0:01.05
	Average shared text size (kbytes): 0
	Average unshared data size (kbytes): 0
	Average stack size (kbytes): 0
	Average total size (kbytes): 0
	Maximum resident set size (kbytes): 107188
	Average resident set size (kbytes): 0
	Major (requiring I/O) page faults: 0
	Minor (reclaiming a frame) page faults: 40825
	Voluntary context switches: 3807
	Involuntary context switches: 766
	Swaps: 0
	File system inputs: 0
	File system outputs: 24
	Socket messages sent: 0
	Socket messages received: 0
	Signals delivered: 0
	Page size (bytes): 4096
	Exit status: 0
