Namespace(tool='kaki', exper=None, gml=['topologies/topzoo/IowaStatewideFiberMap.gml', '5'], index=None, prop='SeparateWPk', prop_file=None, op_req=None, repeat=1, reduce=False, opt=False, u=False, some=False, count=False, weight_bound=None, savedir='topzoo_res/SeparateWPk/kaki/kaki-1', dump_bdd=False)
Running 5IowaStatewideFiberMap.gml
Policy: (((((((((((((((((((((((WP(131-191) | WP(12-191)) | WP(147-191)) | WP(148-191)) | WP(26-191)) | WP(159-191)) | WP(32-191)) | WP(164-191)) | WP(43-191)) | WP(48-191)) | WP(177-191)) | WP(180-191)) | WP(61-191)) | WP(191-191)) | WP(65-191)) | WP(197-191)) | WP(75-191)) | WP(81-191)) | WP(95-191)) | WP(98-191)) | WP(110-191)) | WP(114-191)) | WP(117-191)) & (Reach 191))
Initial path of nodes: [15, 16, 18, 30, 31, 32, 7, 9, 10, 26, 48, 49, 51, 63, 64, 65, 40, 42, 43, 59, 81, 82, 84, 96, 97, 98, 73, 75, 76, 92, 114, 115, 117, 129, 130, 131, 106, 108, 109, 125, 147, 148, 150, 162, 163, 164, 139, 141, 142, 158, 180, 181, 183, 195, 196, 197, 172, 174, 175, 191]
Final path of nodes: [15, 16, 18, 29, 28, 12, 27, 11, 9, 10, 26, 48, 49, 51, 62, 61, 45, 60, 44, 42, 43, 59, 81, 82, 84, 95, 94, 78, 93, 77, 75, 76, 92, 114, 115, 117, 128, 127, 111, 126, 110, 108, 109, 125, 147, 148, 150, 161, 160, 144, 159, 143, 141, 142, 158, 180, 181, 183, 194, 193, 177, 192, 176, 174, 175, 191]
{"Initial_routing":[[15, 16], [16, 18], [18, 30], [30, 31], [31, 32], [32, 7], [7, 9], [9, 10], [10, 26], [26, 48], [48, 49], [49, 51], [51, 63], [63, 64], [64, 65], [65, 40], [40, 42], [42, 43], [43, 59], [59, 81], [81, 82], [82, 84], [84, 96], [96, 97], [97, 98], [98, 73], [73, 75], [75, 76], [76, 92], [92, 114], [114, 115], [115, 117], [117, 129], [129, 130], [130, 131], [131, 106], [106, 108], [108, 109], [109, 125], [125, 147], [147, 148], [148, 150], [150, 162], [162, 163], [163, 164], [164, 139], [139, 141], [141, 142], [142, 158], [158, 180], [180, 181], [181, 183], [183, 195], [195, 196], [196, 197], [197, 172], [172, 174], [174, 175], [175, 191]],"Final_routing":[[15, 16], [16, 18], [18, 29], [29, 28], [28, 12], [12, 27], [27, 11], [11, 9], [9, 10], [10, 26], [26, 48], [48, 49], [49, 51], [51, 62], [62, 61], [61, 45], [45, 60], [60, 44], [44, 42], [42, 43], [43, 59], [59, 81], [81, 82], [82, 84], [84, 95], [95, 94], [94, 78], [78, 93], [93, 77], [77, 75], [75, 76], [76, 92], [92, 114], [114, 115], [115, 117], [117, 128], [128, 127], [127, 111], [111, 126], [126, 110], [110, 108], [108, 109], [109, 125], [125, 147], [147, 148], [148, 150], [150, 161], [161, 160], [160, 144], [144, 159], [159, 143], [143, 141], [141, 142], [142, 158], [158, 180], [180, 181], [181, 183], [183, 194], [194, 193], [193, 177], [177, 192], [192, 176], [176, 174], [174, 175], [175, 191]],"Properties":{"Waypoint": { "startNode": -1, "finalNode": -1, "waypoint": []}, "LoopFreedom": { "startNode": -1},"DFA": {"initialState": 0, "finalStates": [117,114,110,98,95,81,75,197,65,191,61,180,177,48,43,164,32,159,26,148,147,131,12], "edges": [{"from": 0, "to": 117, "label": 117},{"from": 0, "to": 114, "label": 114},{"from": 0, "to": 110, "label": 110},{"from": 0, "to": 98, "label": 98},{"from": 0, "to": 95, "label": 95},{"from": 0, "to": 81, "label": 81},{"from": 0, "to": 75, "label": 75},{"from": 0, "to": 197, "label": 197},{"from": 0, "to": 65, "label": 65},{"from": 0, "to": 191, "label": 191},{"from": 0, "to": 61, "label": 61},{"from": 0, "to": 180, "label": 180},{"from": 0, "to": 177, "label": 177},{"from": 0, "to": 48, "label": 48},{"from": 0, "to": 43, "label": 43},{"from": 0, "to": 164, "label": 164},{"from": 0, "to": 32, "label": 32},{"from": 0, "to": 159, "label": 159},{"from": 0, "to": 26, "label": 26},{"from": 0, "to": 148, "label": 148},{"from": 0, "to": 147, "label": 147},{"from": 0, "to": 131, "label": 131},{"from": 0, "to": 12, "label": 12}]},"Reachability":{"startNode":15,"finalNode":191}}}
Kaki stdout:  Version: 1.15 
 kaki/verifypn-linux64 /tmp/tmp5j_bgvgq
DFA generation time: 0.036 seconds 
DFA states: 47 
DFA transitions: 3275
Problem file: /tmp/tmp5j_bgvgq
Switches to update: 60

Decomposed topology into 1 subproblems
Topological decomposition took 0.044 seconds
Subproblem verification time: 9.077 seconds
Minimum batches required: 3
[[29, 62, 95, 128, 161, 194, 28, 12, 27, 11, 61, 45, 60, 44, 94, 78, 93, 77, 127, 111, 126, 110, 160, 144, 159, 143, 193, 177, 192, 176], [183, 150, 117, 84, 51, 18], [30, 31, 32, 7, 63, 64, 65, 40, 96, 97, 98, 73, 129, 130, 131, 106, 162, 163, 164, 139, 195, 196, 197, 172]]
Total program runtime: 10.551 seconds

Kaki stderr:  
Time: 10.551
Solution: []
	Command being timed: "python3 allsynth/run.py -t kaki --GML topologies/topzoo/IowaStatewideFiberMap.gml 5 --dir topzoo_res/SeparateWPk/kaki/kaki-1 --e-prop SeparateWPk --repeat 1"
	User time (seconds): 14.49
	System time (seconds): 1.67
	Percent of CPU this job got: 143%
	Elapsed (wall clock) time (h:mm:ss or m:ss): 0:11.26
	Average shared text size (kbytes): 0
	Average unshared data size (kbytes): 0
	Average stack size (kbytes): 0
	Average total size (kbytes): 0
	Maximum resident set size (kbytes): 556184
	Average resident set size (kbytes): 0
	Major (requiring I/O) page faults: 0
	Minor (reclaiming a frame) page faults: 72749
	Voluntary context switches: 5739
	Involuntary context switches: 726
	Swaps: 0
	File system inputs: 0
	File system outputs: 32
	Socket messages sent: 0
	Socket messages received: 0
	Signals delivered: 0
	Page size (bytes): 4096
	Exit status: 0
