Namespace(tool='kaki', exper=None, gml=['topologies/topzoo/Litnet.gml', '5'], index=None, prop='SeparateWPk', prop_file=None, op_req=None, repeat=1, reduce=False, opt=False, u=False, some=False, count=False, weight_bound=None, savedir='topzoo_res/SeparateWPk/kaki/kaki-1', dump_bdd=False)
Running 5Litnet.gml
Policy: (((((((((((WP(129-257) | WP(161-257)) | WP(257-257)) | WP(42-257)) | WP(43-257)) | WP(172-257)) | WP(76-257)) | WP(173-257)) | WP(112-257)) | WP(86-257)) | WP(215-257)) & (Reach 257))
Initial path of nodes: [0, 1, 39, 33, 42, 43, 44, 82, 76, 85, 86, 87, 125, 119, 128, 129, 130, 168, 162, 171, 172, 173, 211, 205, 214, 215, 216, 254, 248, 257]
Final path of nodes: [0, 1, 32, 26, 33, 42, 43, 44, 75, 69, 76, 85, 86, 87, 118, 112, 119, 128, 129, 130, 161, 155, 162, 171, 172, 173, 204, 198, 205, 214, 215, 216, 247, 241, 248, 257]
{"Initial_routing":[[0, 1], [1, 39], [39, 33], [33, 42], [42, 43], [43, 44], [44, 82], [82, 76], [76, 85], [85, 86], [86, 87], [87, 125], [125, 119], [119, 128], [128, 129], [129, 130], [130, 168], [168, 162], [162, 171], [171, 172], [172, 173], [173, 211], [211, 205], [205, 214], [214, 215], [215, 216], [216, 254], [254, 248], [248, 257]],"Final_routing":[[0, 1], [1, 32], [32, 26], [26, 33], [33, 42], [42, 43], [43, 44], [44, 75], [75, 69], [69, 76], [76, 85], [85, 86], [86, 87], [87, 118], [118, 112], [112, 119], [119, 128], [128, 129], [129, 130], [130, 161], [161, 155], [155, 162], [162, 171], [171, 172], [172, 173], [173, 204], [204, 198], [198, 205], [205, 214], [214, 215], [215, 216], [216, 247], [247, 241], [241, 248], [248, 257]],"Properties":{"Waypoint": { "startNode": -1, "finalNode": -1, "waypoint": []}, "LoopFreedom": { "startNode": -1},"DFA": {"initialState": 0, "finalStates": [215,86,112,173,76,172,43,42,257,129,161], "edges": [{"from": 0, "to": 215, "label": 215},{"from": 0, "to": 86, "label": 86},{"from": 0, "to": 112, "label": 112},{"from": 0, "to": 173, "label": 173},{"from": 0, "to": 76, "label": 76},{"from": 0, "to": 172, "label": 172},{"from": 0, "to": 43, "label": 43},{"from": 0, "to": 42, "label": 42},{"from": 0, "to": 257, "label": 257},{"from": 0, "to": 129, "label": 129},{"from": 0, "to": 161, "label": 161}]},"Reachability":{"startNode":0,"finalNode":257}}}
Kaki stdout:  Version: 1.15 
 kaki/verifypn-linux64 /tmp/tmptcueuobm
DFA generation time: 0.017 seconds 
DFA states: 26 
DFA transitions: 738
Problem file: /tmp/tmptcueuobm
Switches to update: 24

Decomposed topology into 6 subproblems
Topological decomposition took 0.012 seconds
Subproblem verification time: 0.044 seconds
Subproblem verification time: 0.012 seconds
Subproblem verification time: 0.012 seconds
Subproblem verification time: 0.013 seconds
Subproblem verification time: 0.011 seconds
Subproblem verification time: 0.014 seconds
Minimum batches required: 3
[[32, 26, 75, 69, 118, 112, 161, 155, 204, 198, 247, 241], [1, 44, 87, 130, 173, 216], [39, 82, 125, 168, 211, 254]]
Total program runtime: 0.284 seconds

Kaki stderr:  
Time: 0.284
Solution: []
	Command being timed: "python3 allsynth/run.py -t kaki --GML topologies/topzoo/Litnet.gml 5 --dir topzoo_res/SeparateWPk/kaki/kaki-1 --e-prop SeparateWPk --repeat 1"
	User time (seconds): 2.04
	System time (seconds): 1.36
	Percent of CPU this job got: 331%
	Elapsed (wall clock) time (h:mm:ss or m:ss): 0:01.02
	Average shared text size (kbytes): 0
	Average unshared data size (kbytes): 0
	Average stack size (kbytes): 0
	Average total size (kbytes): 0
	Maximum resident set size (kbytes): 96312
	Average resident set size (kbytes): 0
	Major (requiring I/O) page faults: 0
	Minor (reclaiming a frame) page faults: 37581
	Voluntary context switches: 4144
	Involuntary context switches: 341
	Swaps: 0
	File system inputs: 0
	File system outputs: 24
	Socket messages sent: 0
	Socket messages received: 0
	Signals delivered: 0
	Page size (bytes): 4096
	Exit status: 0
