Namespace(tool='kaki', exper=None, gml=['topologies/topzoo/Navigata.gml', '5'], index=None, prop='SeparateWPk', prop_file=None, op_req=None, repeat=1, reduce=False, opt=False, u=False, some=False, count=False, weight_bound=None, savedir='topzoo_res/SeparateWPk/kaki/kaki-1', dump_bdd=False)
Running 5Navigata.gml
Policy: (((((WP(65-74) | WP(39-74)) | WP(13-74)) | WP(52-74)) | WP(26-74)) & (Reach 74))
Initial path of nodes: [0, 4, 11, 5, 9, 13, 17, 24, 18, 22, 26, 30, 37, 31, 35, 39, 43, 50, 44, 48, 52, 56, 63, 57, 61, 65, 69, 76, 70, 74]
Final path of nodes: [0, 4, 11, 8, 9, 13, 17, 23, 21, 22, 26, 30, 37, 34, 35, 39, 43, 49, 47, 48, 52, 56, 63, 60, 61, 65, 69, 75, 73, 74]
{"Initial_routing":[[0, 4], [4, 11], [11, 5], [5, 9], [9, 13], [13, 17], [17, 24], [24, 18], [18, 22], [22, 26], [26, 30], [30, 37], [37, 31], [31, 35], [35, 39], [39, 43], [43, 50], [50, 44], [44, 48], [48, 52], [52, 56], [56, 63], [63, 57], [57, 61], [61, 65], [65, 69], [69, 76], [76, 70], [70, 74]],"Final_routing":[[0, 4], [4, 11], [11, 8], [8, 9], [9, 13], [13, 17], [17, 23], [23, 21], [21, 22], [22, 26], [26, 30], [30, 37], [37, 34], [34, 35], [35, 39], [39, 43], [43, 49], [49, 47], [47, 48], [48, 52], [52, 56], [56, 63], [63, 60], [60, 61], [61, 65], [65, 69], [69, 75], [75, 73], [73, 74]],"Properties":{"Waypoint": { "startNode": -1, "finalNode": -1, "waypoint": []}, "LoopFreedom": { "startNode": -1},"DFA": {"initialState": 0, "finalStates": [26,52,13,65,39], "edges": [{"from": 0, "to": 26, "label": 26},{"from": 0, "to": 52, "label": 52},{"from": 0, "to": 13, "label": 13},{"from": 0, "to": 65, "label": 65},{"from": 0, "to": 39, "label": 39}]},"Reachability":{"startNode":0,"finalNode":74}}}
Kaki stdout:  Version: 1.15 
 kaki/verifypn-linux64 /tmp/tmpxjauiija
DFA generation time: 0.017 seconds 
DFA states: 33 
DFA transitions: 859
Problem file: /tmp/tmpxjauiija
Switches to update: 24

Decomposed topology into 6 subproblems
Topological decomposition took 0.013 seconds
Subproblem verification time: 0.04 seconds
Subproblem verification time: 0.012 seconds
Subproblem verification time: 0.012 seconds
Subproblem verification time: 0.012 seconds
Subproblem verification time: 0.011 seconds
Subproblem verification time: 0.013 seconds
Minimum batches required: 3
[[8, 23, 21, 34, 49, 47, 60, 75, 73], [11, 17, 37, 43, 63, 69], [5, 24, 18, 31, 50, 44, 57, 76, 70]]
Total program runtime: 0.306 seconds

Kaki stderr:  
Time: 0.306
Solution: []
	Command being timed: "python3 allsynth/run.py -t kaki --GML topologies/topzoo/Navigata.gml 5 --dir topzoo_res/SeparateWPk/kaki/kaki-1 --e-prop SeparateWPk --repeat 1"
	User time (seconds): 1.99
	System time (seconds): 1.43
	Percent of CPU this job got: 344%
	Elapsed (wall clock) time (h:mm:ss or m:ss): 0:00.99
	Average shared text size (kbytes): 0
	Average unshared data size (kbytes): 0
	Average stack size (kbytes): 0
	Average total size (kbytes): 0
	Maximum resident set size (kbytes): 96212
	Average resident set size (kbytes): 0
	Major (requiring I/O) page faults: 0
	Minor (reclaiming a frame) page faults: 37853
	Voluntary context switches: 5347
	Involuntary context switches: 349
	Swaps: 0
	File system inputs: 0
	File system outputs: 24
	Socket messages sent: 0
	Socket messages received: 0
	Signals delivered: 0
	Page size (bytes): 4096
	Exit status: 0
