Namespace(tool='kaki', exper=None, gml=['topologies/topzoo/Niif.gml', '5'], index=None, prop='SeparateWPk', prop_file=None, op_req=None, repeat=1, reduce=False, opt=False, u=False, some=False, count=False, weight_bound=None, savedir='topzoo_res/SeparateWPk/kaki/kaki-1', dump_bdd=False)
Running 5Niif.gml
Policy: ((((((((((((((((((WP(0-200) | WP(194-200)) | WP(195-200)) | WP(7-200)) | WP(40-200)) | WP(104-200)) | WP(167-200)) | WP(140-200)) | WP(45-200)) | WP(144-200)) | WP(49-200)) | WP(50-200)) | WP(83-200)) | WP(121-200)) | WP(187-200)) | WP(92-200)) | WP(158-200)) | WP(127-200)) & (Reach 200))
Initial path of nodes: [14, 13, 16, 23, 32, 7, 19, 20, 44, 41, 40, 68, 47, 63, 51, 50, 86, 85, 88, 95, 104, 79, 91, 92, 122, 121, 124, 131, 140, 115, 127, 128, 158, 157, 160, 167, 176, 151, 163, 164, 194, 193, 196, 203, 212, 187, 199, 200]
Final path of nodes: [14, 15, 27, 11, 32, 0, 7, 19, 20, 44, 45, 57, 68, 59, 52, 49, 50, 86, 87, 99, 83, 104, 72, 79, 91, 92, 122, 123, 135, 119, 140, 108, 115, 127, 128, 158, 159, 171, 155, 176, 144, 151, 163, 164, 194, 195, 207, 191, 212, 180, 187, 199, 200]
{"Initial_routing":[[14, 13], [13, 16], [16, 23], [23, 32], [32, 7], [7, 19], [19, 20], [20, 44], [44, 41], [41, 40], [40, 68], [68, 47], [47, 63], [63, 51], [51, 50], [50, 86], [86, 85], [85, 88], [88, 95], [95, 104], [104, 79], [79, 91], [91, 92], [92, 122], [122, 121], [121, 124], [124, 131], [131, 140], [140, 115], [115, 127], [127, 128], [128, 158], [158, 157], [157, 160], [160, 167], [167, 176], [176, 151], [151, 163], [163, 164], [164, 194], [194, 193], [193, 196], [196, 203], [203, 212], [212, 187], [187, 199], [199, 200]],"Final_routing":[[14, 15], [15, 27], [27, 11], [11, 32], [32, 0], [0, 7], [7, 19], [19, 20], [20, 44], [44, 45], [45, 57], [57, 68], [68, 59], [59, 52], [52, 49], [49, 50], [50, 86], [86, 87], [87, 99], [99, 83], [83, 104], [104, 72], [72, 79], [79, 91], [91, 92], [92, 122], [122, 123], [123, 135], [135, 119], [119, 140], [140, 108], [108, 115], [115, 127], [127, 128], [128, 158], [158, 159], [159, 171], [171, 155], [155, 176], [176, 144], [144, 151], [151, 163], [163, 164], [164, 194], [194, 195], [195, 207], [207, 191], [191, 212], [212, 180], [180, 187], [187, 199], [199, 200]],"Properties":{"Waypoint": { "startNode": -1, "finalNode": -1, "waypoint": []}, "LoopFreedom": { "startNode": -1},"DFA": {"initialState": 0, "finalStates": [127,158,92,187,121,83,50,49,144,45,140,167,104,40,7,195,0,194], "edges": [{"from": 0, "to": 127, "label": 127},{"from": 0, "to": 158, "label": 158},{"from": 0, "to": 92, "label": 92},{"from": 0, "to": 187, "label": 187},{"from": 0, "to": 121, "label": 121},{"from": 0, "to": 83, "label": 83},{"from": 0, "to": 50, "label": 50},{"from": 0, "to": 49, "label": 49},{"from": 0, "to": 144, "label": 144},{"from": 0, "to": 45, "label": 45},{"from": 0, "to": 140, "label": 140},{"from": 0, "to": 167, "label": 167},{"from": 0, "to": 104, "label": 104},{"from": 0, "to": 40, "label": 40},{"from": 0, "to": 7, "label": 7},{"from": 0, "to": 195, "label": 195},{"from": 0, "to": 0, "label": 0},{"from": 0, "to": 194, "label": 194}]},"Reachability":{"startNode":14,"finalNode":200}}}
Kaki stdout:  Version: 1.15 
 kaki/verifypn-linux64 /tmp/tmp0c5scuzr
DFA generation time: 0.028 seconds 
DFA states: 74 
DFA transitions: 4505
Problem file: /tmp/tmp0c5scuzr
Switches to update: 57

Decomposed topology into 6 subproblems
Topological decomposition took 0.035 seconds
Subproblem verification time: 0.061 seconds
Subproblem verification time: 0.014 seconds
Subproblem verification time: 0.014 seconds
Subproblem verification time: 0.014 seconds
Subproblem verification time: 0.015 seconds
Subproblem verification time: 0.016 seconds
Minimum batches required: 3
[[15, 0, 27, 11, 45, 59, 57, 52, 49, 87, 72, 99, 83, 123, 108, 135, 119, 159, 144, 171, 155, 195, 180, 207, 191], [32, 14, 68, 44, 104, 86, 140, 122, 176, 158, 212, 194], [13, 16, 23, 41, 40, 47, 63, 51, 85, 88, 95, 121, 124, 131, 157, 160, 167, 193, 196, 203]]
Total program runtime: 0.379 seconds

Kaki stderr:  
Time: 0.379
Solution: []
	Command being timed: "python3 allsynth/run.py -t kaki --GML topologies/topzoo/Niif.gml 5 --dir topzoo_res/SeparateWPk/kaki/kaki-1 --e-prop SeparateWPk --repeat 1"
	User time (seconds): 2.70
	System time (seconds): 1.32
	Percent of CPU this job got: 373%
	Elapsed (wall clock) time (h:mm:ss or m:ss): 0:01.07
	Average shared text size (kbytes): 0
	Average unshared data size (kbytes): 0
	Average stack size (kbytes): 0
	Average total size (kbytes): 0
	Maximum resident set size (kbytes): 109336
	Average resident set size (kbytes): 0
	Major (requiring I/O) page faults: 0
	Minor (reclaiming a frame) page faults: 43857
	Voluntary context switches: 4850
	Involuntary context switches: 523
	Swaps: 0
	File system inputs: 0
	File system outputs: 24
	Socket messages sent: 0
	Socket messages received: 0
	Signals delivered: 0
	Page size (bytes): 4096
	Exit status: 0
