Namespace(tool='kaki', exper=None, gml=['topologies/topzoo/Noel.gml', '5'], index=None, prop='SeparateWPk', prop_file=None, op_req=None, repeat=1, reduce=False, opt=False, u=False, some=False, count=False, weight_bound=None, savedir='topzoo_res/SeparateWPk/kaki/kaki-1', dump_bdd=False)
Running 5Noel.gml
Policy: ((((((((((((((((WP(37-112) | WP(102-112)) | WP(103-112)) | WP(72-112)) | WP(8-112)) | WP(75-112)) | WP(44-112)) | WP(76-112)) | WP(111-112)) | WP(16-112)) | WP(47-112)) | WP(79-112)) | WP(22-112)) | WP(55-112)) | WP(26-112)) | WP(63-112)) & (Reach 112))
Initial path of nodes: [7, 6, 0, 2, 15, 16, 17, 23, 27, 28, 22, 19, 25, 26, 45, 44, 38, 40, 53, 54, 55, 64, 63, 57, 59, 72, 73, 74, 83, 82, 76, 78, 91, 92, 93, 102, 101, 95, 97, 110, 111, 112]
Final path of nodes: [7, 6, 0, 3, 9, 8, 18, 17, 23, 27, 37, 34, 21, 19, 25, 26, 45, 44, 38, 41, 47, 46, 56, 55, 64, 63, 57, 60, 66, 65, 75, 74, 83, 82, 76, 79, 85, 84, 94, 93, 102, 101, 95, 98, 104, 103, 113, 112]
{"Initial_routing":[[7, 6], [6, 0], [0, 2], [2, 15], [15, 16], [16, 17], [17, 23], [23, 27], [27, 28], [28, 22], [22, 19], [19, 25], [25, 26], [26, 45], [45, 44], [44, 38], [38, 40], [40, 53], [53, 54], [54, 55], [55, 64], [64, 63], [63, 57], [57, 59], [59, 72], [72, 73], [73, 74], [74, 83], [83, 82], [82, 76], [76, 78], [78, 91], [91, 92], [92, 93], [93, 102], [102, 101], [101, 95], [95, 97], [97, 110], [110, 111], [111, 112]],"Final_routing":[[7, 6], [6, 0], [0, 3], [3, 9], [9, 8], [8, 18], [18, 17], [17, 23], [23, 27], [27, 37], [37, 34], [34, 21], [21, 19], [19, 25], [25, 26], [26, 45], [45, 44], [44, 38], [38, 41], [41, 47], [47, 46], [46, 56], [56, 55], [55, 64], [64, 63], [63, 57], [57, 60], [60, 66], [66, 65], [65, 75], [75, 74], [74, 83], [83, 82], [82, 76], [76, 79], [79, 85], [85, 84], [84, 94], [94, 93], [93, 102], [102, 101], [101, 95], [95, 98], [98, 104], [104, 103], [103, 113], [113, 112]],"Properties":{"Waypoint": { "startNode": -1, "finalNode": -1, "waypoint": []}, "LoopFreedom": { "startNode": -1},"DFA": {"initialState": 0, "finalStates": [63,26,55,22,79,47,16,111,76,44,75,8,72,103,37,102], "edges": [{"from": 0, "to": 63, "label": 63},{"from": 0, "to": 26, "label": 26},{"from": 0, "to": 55, "label": 55},{"from": 0, "to": 22, "label": 22},{"from": 0, "to": 79, "label": 79},{"from": 0, "to": 47, "label": 47},{"from": 0, "to": 16, "label": 16},{"from": 0, "to": 111, "label": 111},{"from": 0, "to": 76, "label": 76},{"from": 0, "to": 44, "label": 44},{"from": 0, "to": 75, "label": 75},{"from": 0, "to": 8, "label": 8},{"from": 0, "to": 72, "label": 72},{"from": 0, "to": 103, "label": 103},{"from": 0, "to": 37, "label": 37},{"from": 0, "to": 102, "label": 102}]},"Reachability":{"startNode":7,"finalNode":112}}}
Kaki stdout:  Version: 1.15 
 kaki/verifypn-linux64 /tmp/tmptstxwixe
DFA generation time: 0.026 seconds 
DFA states: 55 
DFA transitions: 2816
Problem file: /tmp/tmptstxwixe
Switches to update: 46

Decomposed topology into 1 subproblems
Topological decomposition took 0.027 seconds
Subproblem verification time: 2.413 seconds
Minimum batches required: 3
[[3, 37, 41, 60, 79, 98, 9, 8, 18, 34, 21, 47, 46, 56, 66, 65, 75, 85, 84, 94, 104, 103, 113], [95, 76, 57, 38, 27, 0], [2, 15, 16, 28, 22, 40, 53, 54, 59, 72, 73, 78, 91, 92, 97, 110, 111]]
Total program runtime: 3.096 seconds

Kaki stderr:  
Time: 3.096
Solution: []
	Command being timed: "python3 allsynth/run.py -t kaki --GML topologies/topzoo/Noel.gml 5 --dir topzoo_res/SeparateWPk/kaki/kaki-1 --e-prop SeparateWPk --repeat 1"
	User time (seconds): 6.14
	System time (seconds): 1.46
	Percent of CPU this job got: 199%
	Elapsed (wall clock) time (h:mm:ss or m:ss): 0:03.80
	Average shared text size (kbytes): 0
	Average unshared data size (kbytes): 0
	Average stack size (kbytes): 0
	Average total size (kbytes): 0
	Maximum resident set size (kbytes): 320344
	Average resident set size (kbytes): 0
	Major (requiring I/O) page faults: 0
	Minor (reclaiming a frame) page faults: 54323
	Voluntary context switches: 4521
	Involuntary context switches: 678
	Swaps: 0
	File system inputs: 0
	File system outputs: 24
	Socket messages sent: 0
	Socket messages received: 0
	Signals delivered: 0
	Page size (bytes): 4096
	Exit status: 0
