Namespace(tool='kaki', exper=None, gml=['topologies/topzoo/Oxford.gml', '5'], index=None, prop='SeparateWPk', prop_file=None, op_req=None, repeat=1, reduce=False, opt=False, u=False, some=False, count=False, weight_bound=None, savedir='topzoo_res/SeparateWPk/kaki/kaki-1', dump_bdd=False)
Running 5Oxford.gml
Policy: ((((((((((((((((((WP(64-113) | WP(33-113)) | WP(65-113)) | WP(71-113)) | WP(105-113)) | WP(74-113)) | WP(11-113)) | WP(45-113)) | WP(15-113)) | WP(80-113)) | WP(111-113)) | WP(51-113)) | WP(115-113)) | WP(85-113)) | WP(25-113)) | WP(26-113)) | WP(91-113)) | WP(31-113)) & (Reach 113))
Initial path of nodes: [5, 4, 6, 0, 11, 15, 14, 13, 25, 24, 26, 20, 31, 35, 34, 33, 45, 44, 46, 40, 51, 55, 54, 53, 65, 64, 66, 60, 71, 75, 74, 73, 85, 84, 86, 80, 91, 95, 94, 93, 105, 104, 106, 100, 111, 115, 114, 113]
Final path of nodes: [5, 8, 9, 7, 1, 11, 18, 17, 12, 13, 25, 28, 29, 27, 21, 31, 38, 37, 32, 33, 45, 48, 49, 47, 41, 51, 58, 57, 52, 53, 65, 68, 69, 67, 61, 71, 78, 77, 72, 73, 85, 88, 89, 87, 81, 91, 98, 97, 92, 93, 105, 108, 109, 107, 101, 111, 118, 117, 112, 113]
{"Initial_routing":[[5, 4], [4, 6], [6, 0], [0, 11], [11, 15], [15, 14], [14, 13], [13, 25], [25, 24], [24, 26], [26, 20], [20, 31], [31, 35], [35, 34], [34, 33], [33, 45], [45, 44], [44, 46], [46, 40], [40, 51], [51, 55], [55, 54], [54, 53], [53, 65], [65, 64], [64, 66], [66, 60], [60, 71], [71, 75], [75, 74], [74, 73], [73, 85], [85, 84], [84, 86], [86, 80], [80, 91], [91, 95], [95, 94], [94, 93], [93, 105], [105, 104], [104, 106], [106, 100], [100, 111], [111, 115], [115, 114], [114, 113]],"Final_routing":[[5, 8], [8, 9], [9, 7], [7, 1], [1, 11], [11, 18], [18, 17], [17, 12], [12, 13], [13, 25], [25, 28], [28, 29], [29, 27], [27, 21], [21, 31], [31, 38], [38, 37], [37, 32], [32, 33], [33, 45], [45, 48], [48, 49], [49, 47], [47, 41], [41, 51], [51, 58], [58, 57], [57, 52], [52, 53], [53, 65], [65, 68], [68, 69], [69, 67], [67, 61], [61, 71], [71, 78], [78, 77], [77, 72], [72, 73], [73, 85], [85, 88], [88, 89], [89, 87], [87, 81], [81, 91], [91, 98], [98, 97], [97, 92], [92, 93], [93, 105], [105, 108], [108, 109], [109, 107], [107, 101], [101, 111], [111, 118], [118, 117], [117, 112], [112, 113]],"Properties":{"Waypoint": { "startNode": -1, "finalNode": -1, "waypoint": []}, "LoopFreedom": { "startNode": -1},"DFA": {"initialState": 0, "finalStates": [31,91,26,25,85,115,51,111,80,15,45,11,74,105,71,65,64,33], "edges": [{"from": 0, "to": 31, "label": 31},{"from": 0, "to": 91, "label": 91},{"from": 0, "to": 26, "label": 26},{"from": 0, "to": 25, "label": 25},{"from": 0, "to": 85, "label": 85},{"from": 0, "to": 115, "label": 115},{"from": 0, "to": 51, "label": 51},{"from": 0, "to": 111, "label": 111},{"from": 0, "to": 80, "label": 80},{"from": 0, "to": 15, "label": 15},{"from": 0, "to": 45, "label": 45},{"from": 0, "to": 11, "label": 11},{"from": 0, "to": 74, "label": 74},{"from": 0, "to": 105, "label": 105},{"from": 0, "to": 71, "label": 71},{"from": 0, "to": 65, "label": 65},{"from": 0, "to": 64, "label": 64},{"from": 0, "to": 33, "label": 33}]},"Reachability":{"startNode":5,"finalNode":113}}}
Kaki stdout:  Version: 1.15 
 kaki/verifypn-linux64 /tmp/tmpjyku43p8
DFA generation time: 0.037 seconds 
DFA states: 92 
DFA transitions: 7147
Problem file: /tmp/tmpjyku43p8
Switches to update: 84

Decomposed topology into 6 subproblems
Topological decomposition took 0.055 seconds
Subproblem verification time: 0.087 seconds
Subproblem verification time: 0.021 seconds
Subproblem verification time: 0.02 seconds
Subproblem verification time: 0.018 seconds
Subproblem verification time: 0.02 seconds
Subproblem verification time: 0.019 seconds
Minimum batches required: 3
[[8, 18, 9, 7, 1, 17, 12, 28, 38, 29, 27, 21, 37, 32, 48, 58, 49, 47, 41, 57, 52, 68, 78, 69, 67, 61, 77, 72, 88, 98, 89, 87, 81, 97, 92, 108, 118, 109, 107, 101, 117, 112], [11, 5, 31, 25, 51, 45, 71, 65, 91, 85, 111, 105], [4, 6, 0, 15, 14, 24, 26, 20, 35, 34, 44, 46, 40, 55, 54, 64, 66, 60, 75, 74, 84, 86, 80, 95, 94, 104, 106, 100, 115, 114]]
Total program runtime: 0.509 seconds

Kaki stderr:  
Time: 0.509
Solution: []
	Command being timed: "python3 allsynth/run.py -t kaki --GML topologies/topzoo/Oxford.gml 5 --dir topzoo_res/SeparateWPk/kaki/kaki-1 --e-prop SeparateWPk --repeat 1"
	User time (seconds): 3.57
	System time (seconds): 1.41
	Percent of CPU this job got: 408%
	Elapsed (wall clock) time (h:mm:ss or m:ss): 0:01.22
	Average shared text size (kbytes): 0
	Average unshared data size (kbytes): 0
	Average stack size (kbytes): 0
	Average total size (kbytes): 0
	Maximum resident set size (kbytes): 146108
	Average resident set size (kbytes): 0
	Major (requiring I/O) page faults: 0
	Minor (reclaiming a frame) page faults: 53628
	Voluntary context switches: 5761
	Involuntary context switches: 67331
	Swaps: 0
	File system inputs: 0
	File system outputs: 32
	Socket messages sent: 0
	Socket messages received: 0
	Signals delivered: 0
	Page size (bytes): 4096
	Exit status: 0
