Namespace(tool='kaki', exper=None, gml=['topologies/topzoo/Pacificwave.gml', '5'], index=None, prop='SeparateWPk', prop_file=None, op_req=None, repeat=1, reduce=False, opt=False, u=False, some=False, count=False, weight_bound=None, savedir='topzoo_res/SeparateWPk/kaki/kaki-1', dump_bdd=False)
Running 5Pacificwave.gml
Policy: ((((((((WP(36-107) | WP(71-107)) | WP(72-107)) | WP(18-107)) | WP(51-107)) | WP(54-107)) | WP(90-107)) | WP(29-107)) & (Reach 107))
Initial path of nodes: [0, 11, 15, 17, 18, 29, 33, 35, 36, 47, 51, 53, 54, 65, 69, 71, 72, 83, 87, 89, 90, 101, 105, 107]
Final path of nodes: [0, 11, 15, 8, 17, 18, 29, 33, 26, 35, 36, 47, 51, 44, 53, 54, 65, 69, 62, 71, 72, 83, 87, 80, 89, 90, 101, 105, 98, 107]
{"Initial_routing":[[0, 11], [11, 15], [15, 17], [17, 18], [18, 29], [29, 33], [33, 35], [35, 36], [36, 47], [47, 51], [51, 53], [53, 54], [54, 65], [65, 69], [69, 71], [71, 72], [72, 83], [83, 87], [87, 89], [89, 90], [90, 101], [101, 105], [105, 107]],"Final_routing":[[0, 11], [11, 15], [15, 8], [8, 17], [17, 18], [18, 29], [29, 33], [33, 26], [26, 35], [35, 36], [36, 47], [47, 51], [51, 44], [44, 53], [53, 54], [54, 65], [65, 69], [69, 62], [62, 71], [71, 72], [72, 83], [83, 87], [87, 80], [80, 89], [89, 90], [90, 101], [101, 105], [105, 98], [98, 107]],"Properties":{"Waypoint": { "startNode": -1, "finalNode": -1, "waypoint": []}, "LoopFreedom": { "startNode": -1},"DFA": {"initialState": 0, "finalStates": [29,90,54,51,18,72,36,71], "edges": [{"from": 0, "to": 29, "label": 29},{"from": 0, "to": 90, "label": 90},{"from": 0, "to": 54, "label": 54},{"from": 0, "to": 51, "label": 51},{"from": 0, "to": 18, "label": 18},{"from": 0, "to": 72, "label": 72},{"from": 0, "to": 36, "label": 36},{"from": 0, "to": 71, "label": 71}]},"Reachability":{"startNode":0,"finalNode":107}}}
Kaki stdout:  Version: 1.15 
 kaki/verifypn-linux64 /tmp/tmpp6rqvk6i
DFA generation time: 0.015 seconds 
DFA states: 20 
DFA transitions: 363
Problem file: /tmp/tmpp6rqvk6i
Switches to update: 12

Decomposed topology into 6 subproblems
Topological decomposition took 0.008 seconds
Subproblem verification time: 0.038 seconds
Subproblem verification time: 0.011 seconds
Subproblem verification time: 0.012 seconds
Subproblem verification time: 0.011 seconds
Subproblem verification time: 0.013 seconds
Subproblem verification time: 0.012 seconds
Minimum batches required: 2
[[8, 26, 44, 62, 80, 98], [15, 33, 51, 69, 87, 105]]
Total program runtime: 0.267 seconds

Kaki stderr:  
Time: 0.267
Solution: []
	Command being timed: "python3 allsynth/run.py -t kaki --GML topologies/topzoo/Pacificwave.gml 5 --dir topzoo_res/SeparateWPk/kaki/kaki-1 --e-prop SeparateWPk --repeat 1"
	User time (seconds): 1.77
	System time (seconds): 1.43
	Percent of CPU this job got: 323%
	Elapsed (wall clock) time (h:mm:ss or m:ss): 0:00.99
	Average shared text size (kbytes): 0
	Average unshared data size (kbytes): 0
	Average stack size (kbytes): 0
	Average total size (kbytes): 0
	Maximum resident set size (kbytes): 92596
	Average resident set size (kbytes): 0
	Major (requiring I/O) page faults: 0
	Minor (reclaiming a frame) page faults: 36250
	Voluntary context switches: 3991
	Involuntary context switches: 414
	Swaps: 0
	File system inputs: 0
	File system outputs: 24
	Socket messages sent: 0
	Socket messages received: 0
	Signals delivered: 0
	Page size (bytes): 4096
	Exit status: 0
