Namespace(tool='kaki', exper=None, gml=['topologies/topzoo/Psinet.gml', '5'], index=None, prop='SeparateWPk', prop_file=None, op_req=None, repeat=1, reduce=False, opt=False, u=False, some=False, count=False, weight_bound=None, savedir='topzoo_res/SeparateWPk/kaki/kaki-1', dump_bdd=False)
Running 5Psinet.gml
Policy: (((((((((((((((((((((WP(129-137) | WP(2-137)) | WP(136-137)) | WP(143-137)) | WP(16-137)) | WP(23-137)) | WP(28-137)) | WP(30-137)) | WP(43-137)) | WP(56-137)) | WP(61-137)) | WP(63-137)) | WP(65-137)) | WP(70-137)) | WP(73-137)) | WP(79-137)) | WP(90-137)) | WP(101-137)) | WP(108-137)) | WP(110-137)) | WP(122-137)) & (Reach 137))
Initial path of nodes: [9, 8, 5, 4, 1, 2, 15, 14, 19, 18, 16, 17, 33, 32, 29, 28, 25, 26, 39, 38, 43, 42, 40, 41, 57, 56, 53, 52, 49, 50, 63, 62, 67, 66, 64, 65, 81, 80, 77, 76, 73, 74, 87, 86, 91, 90, 88, 89, 105, 104, 101, 100, 97, 98, 111, 110, 115, 114, 112, 113, 129, 128, 125, 124, 121, 122, 135, 134, 139, 138, 136, 137]
Final path of nodes: [9, 13, 12, 6, 7, 23, 22, 14, 19, 18, 16, 17, 33, 37, 36, 30, 31, 47, 46, 38, 43, 42, 40, 41, 57, 61, 60, 54, 55, 71, 70, 62, 67, 66, 64, 65, 81, 85, 84, 78, 79, 95, 94, 86, 91, 90, 88, 89, 105, 109, 108, 102, 103, 119, 118, 110, 115, 114, 112, 113, 129, 133, 132, 126, 127, 143, 142, 134, 139, 138, 136, 137]
{"Initial_routing":[[9, 8], [8, 5], [5, 4], [4, 1], [1, 2], [2, 15], [15, 14], [14, 19], [19, 18], [18, 16], [16, 17], [17, 33], [33, 32], [32, 29], [29, 28], [28, 25], [25, 26], [26, 39], [39, 38], [38, 43], [43, 42], [42, 40], [40, 41], [41, 57], [57, 56], [56, 53], [53, 52], [52, 49], [49, 50], [50, 63], [63, 62], [62, 67], [67, 66], [66, 64], [64, 65], [65, 81], [81, 80], [80, 77], [77, 76], [76, 73], [73, 74], [74, 87], [87, 86], [86, 91], [91, 90], [90, 88], [88, 89], [89, 105], [105, 104], [104, 101], [101, 100], [100, 97], [97, 98], [98, 111], [111, 110], [110, 115], [115, 114], [114, 112], [112, 113], [113, 129], [129, 128], [128, 125], [125, 124], [124, 121], [121, 122], [122, 135], [135, 134], [134, 139], [139, 138], [138, 136], [136, 137]],"Final_routing":[[9, 13], [13, 12], [12, 6], [6, 7], [7, 23], [23, 22], [22, 14], [14, 19], [19, 18], [18, 16], [16, 17], [17, 33], [33, 37], [37, 36], [36, 30], [30, 31], [31, 47], [47, 46], [46, 38], [38, 43], [43, 42], [42, 40], [40, 41], [41, 57], [57, 61], [61, 60], [60, 54], [54, 55], [55, 71], [71, 70], [70, 62], [62, 67], [67, 66], [66, 64], [64, 65], [65, 81], [81, 85], [85, 84], [84, 78], [78, 79], [79, 95], [95, 94], [94, 86], [86, 91], [91, 90], [90, 88], [88, 89], [89, 105], [105, 109], [109, 108], [108, 102], [102, 103], [103, 119], [119, 118], [118, 110], [110, 115], [115, 114], [114, 112], [112, 113], [113, 129], [129, 133], [133, 132], [132, 126], [126, 127], [127, 143], [143, 142], [142, 134], [134, 139], [139, 138], [138, 136], [136, 137]],"Properties":{"Waypoint": { "startNode": -1, "finalNode": -1, "waypoint": []}, "LoopFreedom": { "startNode": -1},"DFA": {"initialState": 0, "finalStates": [122,110,108,101,90,79,73,70,65,63,61,56,43,30,28,23,16,143,136,129,2], "edges": [{"from": 0, "to": 122, "label": 122},{"from": 0, "to": 110, "label": 110},{"from": 0, "to": 108, "label": 108},{"from": 0, "to": 101, "label": 101},{"from": 0, "to": 90, "label": 90},{"from": 0, "to": 79, "label": 79},{"from": 0, "to": 73, "label": 73},{"from": 0, "to": 70, "label": 70},{"from": 0, "to": 65, "label": 65},{"from": 0, "to": 63, "label": 63},{"from": 0, "to": 61, "label": 61},{"from": 0, "to": 56, "label": 56},{"from": 0, "to": 43, "label": 43},{"from": 0, "to": 30, "label": 30},{"from": 0, "to": 28, "label": 28},{"from": 0, "to": 23, "label": 23},{"from": 0, "to": 16, "label": 16},{"from": 0, "to": 143, "label": 143},{"from": 0, "to": 136, "label": 136},{"from": 0, "to": 129, "label": 129},{"from": 0, "to": 2, "label": 2}]},"Reachability":{"startNode":9,"finalNode":137}}}
Kaki stdout:  Version: 1.15 
 kaki/verifypn-linux64 /tmp/tmp99rzy64w
DFA generation time: 0.037 seconds 
DFA states: 38 
DFA transitions: 3119
Problem file: /tmp/tmp99rzy64w
Switches to update: 78

Decomposed topology into 1 subproblems
Topological decomposition took 0.05 seconds
Subproblem verification time: 11.785 seconds
Minimum batches required: 3
[[13, 37, 61, 85, 109, 133, 12, 6, 7, 23, 22, 36, 30, 31, 47, 46, 60, 54, 55, 71, 70, 84, 78, 79, 95, 94, 108, 102, 103, 119, 118, 132, 126, 127, 143, 142], [129, 105, 81, 57, 33, 9], [8, 5, 4, 1, 2, 15, 32, 29, 28, 25, 26, 39, 56, 53, 52, 49, 50, 63, 80, 77, 76, 73, 74, 87, 104, 101, 100, 97, 98, 111, 128, 125, 124, 121, 122, 135]]
Total program runtime: 13.156 seconds

Kaki stderr:  
Time: 13.156
Solution: []
	Command being timed: "python3 allsynth/run.py -t kaki --GML topologies/topzoo/Psinet.gml 5 --dir topzoo_res/SeparateWPk/kaki/kaki-1 --e-prop SeparateWPk --repeat 1"
	User time (seconds): 16.68
	System time (seconds): 1.84
	Percent of CPU this job got: 134%
	Elapsed (wall clock) time (h:mm:ss or m:ss): 0:13.80
	Average shared text size (kbytes): 0
	Average unshared data size (kbytes): 0
	Average stack size (kbytes): 0
	Average total size (kbytes): 0
	Maximum resident set size (kbytes): 551516
	Average resident set size (kbytes): 0
	Major (requiring I/O) page faults: 0
	Minor (reclaiming a frame) page faults: 74648
	Voluntary context switches: 5781
	Involuntary context switches: 2110
	Swaps: 0
	File system inputs: 0
	File system outputs: 32
	Socket messages sent: 0
	Socket messages received: 0
	Signals delivered: 0
	Page size (bytes): 4096
	Exit status: 0
