Namespace(tool='kaki', exper=None, gml=['topologies/topzoo/Uninett2010.gml', '5'], index=None, prop='SeparateWPk', prop_file=None, op_req=None, repeat=1, reduce=False, opt=False, u=False, some=False, count=False, weight_bound=None, savedir='topzoo_res/SeparateWPk/kaki/kaki-1', dump_bdd=False)
Running 5Uninett2010.gml
Policy: (((((((((((((((((((((((WP(261-434) | WP(140-434)) | WP(141-434)) | WP(398-434)) | WP(403-434)) | WP(288-434)) | WP(295-434)) | WP(296-434)) | WP(176-434)) | WP(436-434)) | WP(185-434)) | WP(64-434)) | WP(66-434)) | WP(67-434)) | WP(324-434)) | WP(325-434)) | WP(78-434)) | WP(214-434)) | WP(87-434)) | WP(220-434)) | WP(362-434)) | WP(371-434)) | WP(250-434)) & (Reach 434))
Initial path of nodes: [28, 33, 29, 8, 26, 66, 3, 2, 65, 64, 78, 81, 79, 84, 77, 140, 100, 88, 86, 87, 176, 181, 177, 156, 174, 214, 151, 150, 213, 212, 250, 255, 251, 230, 248, 288, 225, 224, 287, 286, 324, 329, 325, 304, 322, 362, 299, 298, 361, 360, 398, 403, 399, 378, 396, 436, 373, 372, 435, 434]
Final path of nodes: [28, 33, 29, 39, 37, 67, 1, 0, 73, 72, 64, 78, 81, 80, 75, 141, 82, 89, 105, 122, 87, 176, 181, 177, 187, 185, 215, 149, 148, 221, 220, 212, 250, 255, 251, 261, 259, 289, 223, 222, 295, 294, 286, 324, 329, 325, 335, 333, 363, 297, 296, 369, 368, 360, 398, 403, 399, 409, 407, 437, 371, 370, 443, 442, 434]
{"Initial_routing":[[28, 33], [33, 29], [29, 8], [8, 26], [26, 66], [66, 3], [3, 2], [2, 65], [65, 64], [64, 78], [78, 81], [81, 79], [79, 84], [84, 77], [77, 140], [140, 100], [100, 88], [88, 86], [86, 87], [87, 176], [176, 181], [181, 177], [177, 156], [156, 174], [174, 214], [214, 151], [151, 150], [150, 213], [213, 212], [212, 250], [250, 255], [255, 251], [251, 230], [230, 248], [248, 288], [288, 225], [225, 224], [224, 287], [287, 286], [286, 324], [324, 329], [329, 325], [325, 304], [304, 322], [322, 362], [362, 299], [299, 298], [298, 361], [361, 360], [360, 398], [398, 403], [403, 399], [399, 378], [378, 396], [396, 436], [436, 373], [373, 372], [372, 435], [435, 434]],"Final_routing":[[28, 33], [33, 29], [29, 39], [39, 37], [37, 67], [67, 1], [1, 0], [0, 73], [73, 72], [72, 64], [64, 78], [78, 81], [81, 80], [80, 75], [75, 141], [141, 82], [82, 89], [89, 105], [105, 122], [122, 87], [87, 176], [176, 181], [181, 177], [177, 187], [187, 185], [185, 215], [215, 149], [149, 148], [148, 221], [221, 220], [220, 212], [212, 250], [250, 255], [255, 251], [251, 261], [261, 259], [259, 289], [289, 223], [223, 222], [222, 295], [295, 294], [294, 286], [286, 324], [324, 329], [329, 325], [325, 335], [335, 333], [333, 363], [363, 297], [297, 296], [296, 369], [369, 368], [368, 360], [360, 398], [398, 403], [403, 399], [399, 409], [409, 407], [407, 437], [437, 371], [371, 370], [370, 443], [443, 442], [442, 434]],"Properties":{"Waypoint": { "startNode": -1, "finalNode": -1, "waypoint": []}, "LoopFreedom": { "startNode": -1},"DFA": {"initialState": 0, "finalStates": [250,371,362,220,87,214,78,325,324,67,66,64,185,436,176,296,295,288,403,398,141,261,140], "edges": [{"from": 0, "to": 250, "label": 250},{"from": 0, "to": 371, "label": 371},{"from": 0, "to": 362, "label": 362},{"from": 0, "to": 220, "label": 220},{"from": 0, "to": 87, "label": 87},{"from": 0, "to": 214, "label": 214},{"from": 0, "to": 78, "label": 78},{"from": 0, "to": 325, "label": 325},{"from": 0, "to": 324, "label": 324},{"from": 0, "to": 67, "label": 67},{"from": 0, "to": 66, "label": 66},{"from": 0, "to": 64, "label": 64},{"from": 0, "to": 185, "label": 185},{"from": 0, "to": 436, "label": 436},{"from": 0, "to": 176, "label": 176},{"from": 0, "to": 296, "label": 296},{"from": 0, "to": 295, "label": 295},{"from": 0, "to": 288, "label": 288},{"from": 0, "to": 403, "label": 403},{"from": 0, "to": 398, "label": 398},{"from": 0, "to": 141, "label": 141},{"from": 0, "to": 261, "label": 261},{"from": 0, "to": 140, "label": 140}]},"Reachability":{"startNode":28,"finalNode":434}}}
Kaki stdout:  Version: 1.15 
 kaki/verifypn-linux64 /tmp/tmpxbsrvd5w
DFA generation time: 0.044 seconds 
DFA states: 131 
DFA transitions: 11063
Problem file: /tmp/tmpxbsrvd5w
Switches to update: 85

Decomposed topology into 1 subproblems
Topological decomposition took 0.077 seconds
Subproblem verification time: 11.645 seconds
Minimum batches required: 3
[[39, 80, 187, 261, 335, 409, 37, 67, 1, 0, 73, 72, 75, 141, 82, 89, 105, 122, 185, 215, 149, 148, 221, 220, 259, 289, 223, 222, 295, 294, 333, 363, 297, 296, 369, 368, 407, 437, 371, 370, 443, 442], [399, 325, 251, 177, 81, 29], [8, 26, 66, 3, 2, 65, 79, 84, 77, 140, 100, 88, 86, 156, 174, 214, 151, 150, 213, 230, 248, 288, 225, 224, 287, 304, 322, 362, 299, 298, 361, 378, 396, 436, 373, 372, 435]]
Total program runtime: 15.333 seconds

Kaki stderr:  
Time: 15.333
Solution: []
	Command being timed: "python3 allsynth/run.py -t kaki --GML topologies/topzoo/Uninett2010.gml 5 --dir topzoo_res/SeparateWPk/kaki/kaki-1 --e-prop SeparateWPk --repeat 1"
	User time (seconds): 19.71
	System time (seconds): 2.01
	Percent of CPU this job got: 133%
	Elapsed (wall clock) time (h:mm:ss or m:ss): 0:16.29
	Average shared text size (kbytes): 0
	Average unshared data size (kbytes): 0
	Average stack size (kbytes): 0
	Average total size (kbytes): 0
	Maximum resident set size (kbytes): 644028
	Average resident set size (kbytes): 0
	Major (requiring I/O) page faults: 0
	Minor (reclaiming a frame) page faults: 97235
	Voluntary context switches: 6559
	Involuntary context switches: 1309
	Swaps: 0
	File system inputs: 0
	File system outputs: 32
	Socket messages sent: 0
	Socket messages received: 0
	Signals delivered: 0
	Page size (bytes): 4096
	Exit status: 0
