Namespace(tool='kaki', exper=None, gml=['topologies/topzoo/UniC.gml', '5'], index=None, prop='SeparateWPk', prop_file=None, op_req=None, repeat=1, reduce=False, opt=False, u=False, some=False, count=False, weight_bound=None, savedir='topzoo_res/SeparateWPk/kaki/kaki-1', dump_bdd=False)
Running 5UniC.gml
Policy: (((((((((((((((((((((((((((WP(1-142) | WP(134-142)) | WP(143-142)) | WP(18-142)) | WP(146-142)) | WP(21-142)) | WP(25-142)) | WP(29-142)) | WP(38-142)) | WP(44-142)) | WP(47-142)) | WP(50-142)) | WP(53-142)) | WP(55-142)) | WP(63-142)) | WP(67-142)) | WP(68-142)) | WP(77-142)) | WP(81-142)) | WP(83-142)) | WP(92-142)) | WP(95-142)) | WP(102-142)) | WP(105-142)) | WP(107-142)) | WP(116-142)) | WP(126-142)) & (Reach 142))
Initial path of nodes: [9, 13, 5, 4, 6, 1, 0, 2, 22, 20, 18, 17, 34, 38, 30, 29, 31, 26, 25, 27, 47, 45, 43, 42, 59, 63, 55, 54, 56, 51, 50, 52, 72, 70, 68, 67, 84, 88, 80, 79, 81, 76, 75, 77, 97, 95, 93, 92, 109, 113, 105, 104, 106, 101, 100, 102, 122, 120, 118, 117, 134, 138, 130, 129, 131, 126, 125, 127, 147, 145, 143, 142]
Final path of nodes: [9, 13, 5, 8, 7, 1, 0, 3, 2, 16, 21, 19, 18, 17, 34, 38, 30, 33, 32, 26, 25, 28, 27, 41, 46, 44, 43, 42, 59, 63, 55, 58, 57, 51, 50, 53, 52, 66, 71, 69, 68, 67, 84, 88, 80, 83, 82, 76, 75, 78, 77, 91, 96, 94, 93, 92, 109, 113, 105, 108, 107, 101, 100, 103, 102, 116, 121, 119, 118, 117, 134, 138, 130, 133, 132, 126, 125, 128, 127, 141, 146, 144, 143, 142]
{"Initial_routing":[[9, 13], [13, 5], [5, 4], [4, 6], [6, 1], [1, 0], [0, 2], [2, 22], [22, 20], [20, 18], [18, 17], [17, 34], [34, 38], [38, 30], [30, 29], [29, 31], [31, 26], [26, 25], [25, 27], [27, 47], [47, 45], [45, 43], [43, 42], [42, 59], [59, 63], [63, 55], [55, 54], [54, 56], [56, 51], [51, 50], [50, 52], [52, 72], [72, 70], [70, 68], [68, 67], [67, 84], [84, 88], [88, 80], [80, 79], [79, 81], [81, 76], [76, 75], [75, 77], [77, 97], [97, 95], [95, 93], [93, 92], [92, 109], [109, 113], [113, 105], [105, 104], [104, 106], [106, 101], [101, 100], [100, 102], [102, 122], [122, 120], [120, 118], [118, 117], [117, 134], [134, 138], [138, 130], [130, 129], [129, 131], [131, 126], [126, 125], [125, 127], [127, 147], [147, 145], [145, 143], [143, 142]],"Final_routing":[[9, 13], [13, 5], [5, 8], [8, 7], [7, 1], [1, 0], [0, 3], [3, 2], [2, 16], [16, 21], [21, 19], [19, 18], [18, 17], [17, 34], [34, 38], [38, 30], [30, 33], [33, 32], [32, 26], [26, 25], [25, 28], [28, 27], [27, 41], [41, 46], [46, 44], [44, 43], [43, 42], [42, 59], [59, 63], [63, 55], [55, 58], [58, 57], [57, 51], [51, 50], [50, 53], [53, 52], [52, 66], [66, 71], [71, 69], [69, 68], [68, 67], [67, 84], [84, 88], [88, 80], [80, 83], [83, 82], [82, 76], [76, 75], [75, 78], [78, 77], [77, 91], [91, 96], [96, 94], [94, 93], [93, 92], [92, 109], [109, 113], [113, 105], [105, 108], [108, 107], [107, 101], [101, 100], [100, 103], [103, 102], [102, 116], [116, 121], [121, 119], [119, 118], [118, 117], [117, 134], [134, 138], [138, 130], [130, 133], [133, 132], [132, 126], [126, 125], [125, 128], [128, 127], [127, 141], [141, 146], [146, 144], [144, 143], [143, 142]],"Properties":{"Waypoint": { "startNode": -1, "finalNode": -1, "waypoint": []}, "LoopFreedom": { "startNode": -1},"DFA": {"initialState": 0, "finalStates": [126,116,107,105,102,95,92,83,81,77,68,67,63,55,53,50,47,44,38,29,25,21,146,18,143,1,134], "edges": [{"from": 0, "to": 126, "label": 126},{"from": 0, "to": 116, "label": 116},{"from": 0, "to": 107, "label": 107},{"from": 0, "to": 105, "label": 105},{"from": 0, "to": 102, "label": 102},{"from": 0, "to": 95, "label": 95},{"from": 0, "to": 92, "label": 92},{"from": 0, "to": 83, "label": 83},{"from": 0, "to": 81, "label": 81},{"from": 0, "to": 77, "label": 77},{"from": 0, "to": 68, "label": 68},{"from": 0, "to": 67, "label": 67},{"from": 0, "to": 63, "label": 63},{"from": 0, "to": 55, "label": 55},{"from": 0, "to": 53, "label": 53},{"from": 0, "to": 50, "label": 50},{"from": 0, "to": 47, "label": 47},{"from": 0, "to": 44, "label": 44},{"from": 0, "to": 38, "label": 38},{"from": 0, "to": 29, "label": 29},{"from": 0, "to": 25, "label": 25},{"from": 0, "to": 21, "label": 21},{"from": 0, "to": 146, "label": 146},{"from": 0, "to": 18, "label": 18},{"from": 0, "to": 143, "label": 143},{"from": 0, "to": 1, "label": 1},{"from": 0, "to": 134, "label": 134}]},"Reachability":{"startNode":9,"finalNode":142}}}
Kaki stdout:  Version: 1.15 
 kaki/verifypn-linux64 /tmp/tmpz_n_pk2l
DFA generation time: 0.045 seconds 
DFA states: 72 
DFA transitions: 6436
Problem file: /tmp/tmpz_n_pk2l
Switches to update: 78

Decomposed topology into 12 subproblems
Topological decomposition took 0.073 seconds
Subproblem verification time: 0.056 seconds
Subproblem verification time: 0.018 seconds
Subproblem verification time: 0.014 seconds
Subproblem verification time: 0.018 seconds
Subproblem verification time: 0.016 seconds
Subproblem verification time: 0.019 seconds
Subproblem verification time: 0.016 seconds
Subproblem verification time: 0.017 seconds
Subproblem verification time: 0.016 seconds
Subproblem verification time: 0.019 seconds
Subproblem verification time: 0.018 seconds
Subproblem verification time: 0.018 seconds
Minimum batches required: 3
[[8, 7, 3, 16, 21, 19, 33, 32, 28, 41, 46, 44, 58, 57, 53, 66, 71, 69, 83, 82, 78, 91, 96, 94, 108, 107, 103, 116, 121, 119, 133, 132, 128, 141, 146, 144], [5, 2, 0, 30, 27, 25, 55, 52, 50, 80, 77, 75, 105, 102, 100, 130, 127, 125], [4, 6, 22, 20, 29, 31, 47, 45, 54, 56, 72, 70, 79, 81, 97, 95, 104, 106, 122, 120, 129, 131, 147, 145]]
Total program runtime: 0.63 seconds

Kaki stderr:  
Time: 0.63
Solution: []
	Command being timed: "python3 allsynth/run.py -t kaki --GML topologies/topzoo/UniC.gml 5 --dir topzoo_res/SeparateWPk/kaki/kaki-1 --e-prop SeparateWPk --repeat 1"
	User time (seconds): 3.79
	System time (seconds): 1.51
	Percent of CPU this job got: 365%
	Elapsed (wall clock) time (h:mm:ss or m:ss): 0:01.44
	Average shared text size (kbytes): 0
	Average unshared data size (kbytes): 0
	Average stack size (kbytes): 0
	Average total size (kbytes): 0
	Maximum resident set size (kbytes): 142580
	Average resident set size (kbytes): 0
	Major (requiring I/O) page faults: 0
	Minor (reclaiming a frame) page faults: 61150
	Voluntary context switches: 6996
	Involuntary context switches: 744
	Swaps: 0
	File system inputs: 0
	File system outputs: 32
	Socket messages sent: 0
	Socket messages received: 0
	Signals delivered: 0
	Page size (bytes): 4096
	Exit status: 0
