Namespace(tool='kaki', exper=None, gml=['topologies/topzoo/UsCarrier.gml', '5'], index=None, prop='SeparateWPk', prop_file=None, op_req=None, repeat=1, reduce=False, opt=False, u=False, some=False, count=False, weight_bound=None, savedir='topzoo_res/SeparateWPk/kaki/kaki-1', dump_bdd=False)
Running 5UsCarrier.gml
Policy: ((((((((((((((((((((((((((((((((((((((((((((((((((((((((((((((((((((((((((((((((((((((WP(2-937) | WP(516-937)) | WP(8-937)) | WP(523-937)) | WP(12-937)) | WP(524-937)) | WP(20-937)) | WP(536-937)) | WP(30-937)) | WP(35-937)) | WP(552-937)) | WP(558-937)) | WP(57-937)) | WP(590-937)) | WP(79-937)) | WP(605-937)) | WP(99-937)) | WP(617-937)) | WP(106-937)) | WP(618-937)) | WP(619-937)) | WP(638-937)) | WP(129-937)) | WP(653-937)) | WP(142-937)) | WP(146-937)) | WP(147-937)) | WP(662-937)) | WP(665-937)) | WP(674-937)) | WP(675-937)) | WP(163-937)) | WP(171-937)) | WP(699-937)) | WP(192-937)) | WP(235-937)) | WP(236-937)) | WP(237-937)) | WP(751-937)) | WP(753-937)) | WP(244-937)) | WP(245-937)) | WP(759-937)) | WP(762-937)) | WP(765-937)) | WP(267-937)) | WP(276-937)) | WP(789-937)) | WP(280-937)) | WP(792-937)) | WP(283-937)) | WP(798-937)) | WP(802-937)) | WP(810-937)) | WP(301-937)) | WP(302-937)) | WP(304-937)) | WP(820-937)) | WP(825-937)) | WP(830-937)) | WP(323-937)) | WP(326-937)) | WP(847-937)) | WP(348-937)) | WP(869-937)) | WP(359-937)) | WP(889-937)) | WP(378-937)) | WP(896-937)) | WP(403-937)) | WP(919-937)) | WP(415-937)) | WP(932-937)) | WP(936-937)) | WP(937-937)) | WP(440-937)) | WP(444-937)) | WP(447-937)) | WP(448-937)) | WP(451-937)) | WP(461-937)) | WP(463-937)) | WP(473-937)) | WP(477-937)) | WP(483-937)) | WP(492-937)) & (Reach 937))
Initial path of nodes: [40, 43, 42, 87, 143, 142, 157, 49, 135, 77, 20, 21, 9, 7, 109, 106, 67, 18, 10, 13, 12, 30, 131, 124, 122, 129, 127, 78, 62, 79, 99, 121, 144, 145, 146, 147, 198, 201, 200, 245, 301, 300, 315, 207, 293, 235, 178, 179, 167, 165, 267, 264, 225, 176, 168, 171, 170, 188, 289, 282, 280, 287, 285, 236, 220, 237, 257, 279, 302, 303, 304, 305, 356, 359, 358, 403, 459, 458, 473, 365, 451, 393, 336, 337, 325, 323, 425, 422, 383, 334, 326, 329, 328, 346, 447, 440, 438, 445, 443, 394, 378, 395, 415, 437, 460, 461, 462, 463, 514, 517, 516, 561, 617, 616, 631, 523, 609, 551, 494, 495, 483, 481, 583, 580, 541, 492, 484, 487, 486, 504, 605, 598, 596, 603, 601, 552, 536, 553, 573, 595, 618, 619, 620, 621, 672, 675, 674, 719, 775, 774, 789, 681, 767, 709, 652, 653, 641, 639, 741, 738, 699, 650, 642, 645, 644, 662, 763, 756, 754, 761, 759, 710, 694, 711, 731, 753, 776, 777, 778, 779, 830, 833, 832, 877, 933, 932, 947, 839, 925, 867, 810, 811, 799, 797, 899, 896, 857, 808, 800, 803, 802, 820, 921, 914, 912, 919, 917, 868, 852, 869, 889, 911, 934, 935, 936, 937]
Final path of nodes: [40, 43, 42, 87, 143, 142, 157, 6, 5, 3, 2, 132, 133, 86, 9, 8, 7, 119, 118, 116, 35, 32, 33, 34, 84, 30, 131, 130, 125, 50, 57, 128, 127, 78, 62, 79, 99, 121, 144, 145, 146, 147, 198, 201, 200, 245, 301, 300, 315, 164, 163, 161, 160, 290, 291, 244, 167, 166, 165, 277, 276, 274, 193, 190, 191, 192, 242, 188, 289, 288, 283, 208, 215, 286, 285, 236, 220, 237, 257, 279, 302, 303, 304, 305, 356, 359, 358, 403, 459, 458, 473, 322, 321, 319, 318, 448, 449, 402, 325, 324, 323, 435, 434, 432, 351, 348, 349, 350, 400, 346, 447, 446, 441, 366, 373, 444, 443, 394, 378, 395, 415, 437, 460, 461, 462, 463, 514, 517, 516, 561, 617, 616, 631, 480, 479, 477, 476, 606, 607, 560, 483, 482, 481, 593, 592, 590, 509, 506, 507, 508, 558, 504, 605, 604, 599, 524, 531, 602, 601, 552, 536, 553, 573, 595, 618, 619, 620, 621, 672, 675, 674, 719, 775, 774, 789, 638, 637, 635, 634, 764, 765, 718, 641, 640, 639, 751, 750, 748, 667, 664, 665, 666, 716, 662, 763, 762, 757, 682, 689, 760, 759, 710, 694, 711, 731, 753, 776, 777, 778, 779, 830, 833, 832, 877, 933, 932, 947, 796, 795, 793, 792, 922, 923, 876, 799, 798, 797, 909, 908, 906, 825, 822, 823, 824, 874, 820, 921, 920, 915, 840, 847, 918, 917, 868, 852, 869, 889, 911, 934, 935, 936, 937]
{"Initial_routing":[[40, 43], [43, 42], [42, 87], [87, 143], [143, 142], [142, 157], [157, 49], [49, 135], [135, 77], [77, 20], [20, 21], [21, 9], [9, 7], [7, 109], [109, 106], [106, 67], [67, 18], [18, 10], [10, 13], [13, 12], [12, 30], [30, 131], [131, 124], [124, 122], [122, 129], [129, 127], [127, 78], [78, 62], [62, 79], [79, 99], [99, 121], [121, 144], [144, 145], [145, 146], [146, 147], [147, 198], [198, 201], [201, 200], [200, 245], [245, 301], [301, 300], [300, 315], [315, 207], [207, 293], [293, 235], [235, 178], [178, 179], [179, 167], [167, 165], [165, 267], [267, 264], [264, 225], [225, 176], [176, 168], [168, 171], [171, 170], [170, 188], [188, 289], [289, 282], [282, 280], [280, 287], [287, 285], [285, 236], [236, 220], [220, 237], [237, 257], [257, 279], [279, 302], [302, 303], [303, 304], [304, 305], [305, 356], [356, 359], [359, 358], [358, 403], [403, 459], [459, 458], [458, 473], [473, 365], [365, 451], [451, 393], [393, 336], [336, 337], [337, 325], [325, 323], [323, 425], [425, 422], [422, 383], [383, 334], [334, 326], [326, 329], [329, 328], [328, 346], [346, 447], [447, 440], [440, 438], [438, 445], [445, 443], [443, 394], [394, 378], [378, 395], [395, 415], [415, 437], [437, 460], [460, 461], [461, 462], [462, 463], [463, 514], [514, 517], [517, 516], [516, 561], [561, 617], [617, 616], [616, 631], [631, 523], [523, 609], [609, 551], [551, 494], [494, 495], [495, 483], [483, 481], [481, 583], [583, 580], [580, 541], [541, 492], [492, 484], [484, 487], [487, 486], [486, 504], [504, 605], [605, 598], [598, 596], [596, 603], [603, 601], [601, 552], [552, 536], [536, 553], [553, 573], [573, 595], [595, 618], [618, 619], [619, 620], [620, 621], [621, 672], [672, 675], [675, 674], [674, 719], [719, 775], [775, 774], [774, 789], [789, 681], [681, 767], [767, 709], [709, 652], [652, 653], [653, 641], [641, 639], [639, 741], [741, 738], [738, 699], [699, 650], [650, 642], [642, 645], [645, 644], [644, 662], [662, 763], [763, 756], [756, 754], [754, 761], [761, 759], [759, 710], [710, 694], [694, 711], [711, 731], [731, 753], [753, 776], [776, 777], [777, 778], [778, 779], [779, 830], [830, 833], [833, 832], [832, 877], [877, 933], [933, 932], [932, 947], [947, 839], [839, 925], [925, 867], [867, 810], [810, 811], [811, 799], [799, 797], [797, 899], [899, 896], [896, 857], [857, 808], [808, 800], [800, 803], [803, 802], [802, 820], [820, 921], [921, 914], [914, 912], [912, 919], [919, 917], [917, 868], [868, 852], [852, 869], [869, 889], [889, 911], [911, 934], [934, 935], [935, 936], [936, 937]],"Final_routing":[[40, 43], [43, 42], [42, 87], [87, 143], [143, 142], [142, 157], [157, 6], [6, 5], [5, 3], [3, 2], [2, 132], [132, 133], [133, 86], [86, 9], [9, 8], [8, 7], [7, 119], [119, 118], [118, 116], [116, 35], [35, 32], [32, 33], [33, 34], [34, 84], [84, 30], [30, 131], [131, 130], [130, 125], [125, 50], [50, 57], [57, 128], [128, 127], [127, 78], [78, 62], [62, 79], [79, 99], [99, 121], [121, 144], [144, 145], [145, 146], [146, 147], [147, 198], [198, 201], [201, 200], [200, 245], [245, 301], [301, 300], [300, 315], [315, 164], [164, 163], [163, 161], [161, 160], [160, 290], [290, 291], [291, 244], [244, 167], [167, 166], [166, 165], [165, 277], [277, 276], [276, 274], [274, 193], [193, 190], [190, 191], [191, 192], [192, 242], [242, 188], [188, 289], [289, 288], [288, 283], [283, 208], [208, 215], [215, 286], [286, 285], [285, 236], [236, 220], [220, 237], [237, 257], [257, 279], [279, 302], [302, 303], [303, 304], [304, 305], [305, 356], [356, 359], [359, 358], [358, 403], [403, 459], [459, 458], [458, 473], [473, 322], [322, 321], [321, 319], [319, 318], [318, 448], [448, 449], [449, 402], [402, 325], [325, 324], [324, 323], [323, 435], [435, 434], [434, 432], [432, 351], [351, 348], [348, 349], [349, 350], [350, 400], [400, 346], [346, 447], [447, 446], [446, 441], [441, 366], [366, 373], [373, 444], [444, 443], [443, 394], [394, 378], [378, 395], [395, 415], [415, 437], [437, 460], [460, 461], [461, 462], [462, 463], [463, 514], [514, 517], [517, 516], [516, 561], [561, 617], [617, 616], [616, 631], [631, 480], [480, 479], [479, 477], [477, 476], [476, 606], [606, 607], [607, 560], [560, 483], [483, 482], [482, 481], [481, 593], [593, 592], [592, 590], [590, 509], [509, 506], [506, 507], [507, 508], [508, 558], [558, 504], [504, 605], [605, 604], [604, 599], [599, 524], [524, 531], [531, 602], [602, 601], [601, 552], [552, 536], [536, 553], [553, 573], [573, 595], [595, 618], [618, 619], [619, 620], [620, 621], [621, 672], [672, 675], [675, 674], [674, 719], [719, 775], [775, 774], [774, 789], [789, 638], [638, 637], [637, 635], [635, 634], [634, 764], [764, 765], [765, 718], [718, 641], [641, 640], [640, 639], [639, 751], [751, 750], [750, 748], [748, 667], [667, 664], [664, 665], [665, 666], [666, 716], [716, 662], [662, 763], [763, 762], [762, 757], [757, 682], [682, 689], [689, 760], [760, 759], [759, 710], [710, 694], [694, 711], [711, 731], [731, 753], [753, 776], [776, 777], [777, 778], [778, 779], [779, 830], [830, 833], [833, 832], [832, 877], [877, 933], [933, 932], [932, 947], [947, 796], [796, 795], [795, 793], [793, 792], [792, 922], [922, 923], [923, 876], [876, 799], [799, 798], [798, 797], [797, 909], [909, 908], [908, 906], [906, 825], [825, 822], [822, 823], [823, 824], [824, 874], [874, 820], [820, 921], [921, 920], [920, 915], [915, 840], [840, 847], [847, 918], [918, 917], [917, 868], [868, 852], [852, 869], [869, 889], [889, 911], [911, 934], [934, 935], [935, 936], [936, 937]],"Properties":{"Waypoint": { "startNode": -1, "finalNode": -1, "waypoint": []}, "LoopFreedom": { "startNode": -1},"DFA": {"initialState": 0, "finalStates": [492,483,477,473,463,461,451,448,447,444,440,937,936,932,415,919,403,896,378,889,359,869,348,847,326,323,830,825,820,304,302,301,810,802,798,283,792,280,789,276,267,765,762,759,245,244,753,751,237,236,235,192,699,171,163,675,674,665,662,147,146,142,653,129,638,619,618,106,617,99,605,79,590,57,558,552,35,30,536,20,524,12,523,8,2,516], "edges": [{"from": 0, "to": 492, "label": 492},{"from": 0, "to": 483, "label": 483},{"from": 0, "to": 477, "label": 477},{"from": 0, "to": 473, "label": 473},{"from": 0, "to": 463, "label": 463},{"from": 0, "to": 461, "label": 461},{"from": 0, "to": 451, "label": 451},{"from": 0, "to": 448, "label": 448},{"from": 0, "to": 447, "label": 447},{"from": 0, "to": 444, "label": 444},{"from": 0, "to": 440, "label": 440},{"from": 0, "to": 937, "label": 937},{"from": 0, "to": 936, "label": 936},{"from": 0, "to": 932, "label": 932},{"from": 0, "to": 415, "label": 415},{"from": 0, "to": 919, "label": 919},{"from": 0, "to": 403, "label": 403},{"from": 0, "to": 896, "label": 896},{"from": 0, "to": 378, "label": 378},{"from": 0, "to": 889, "label": 889},{"from": 0, "to": 359, "label": 359},{"from": 0, "to": 869, "label": 869},{"from": 0, "to": 348, "label": 348},{"from": 0, "to": 847, "label": 847},{"from": 0, "to": 326, "label": 326},{"from": 0, "to": 323, "label": 323},{"from": 0, "to": 830, "label": 830},{"from": 0, "to": 825, "label": 825},{"from": 0, "to": 820, "label": 820},{"from": 0, "to": 304, "label": 304},{"from": 0, "to": 302, "label": 302},{"from": 0, "to": 301, "label": 301},{"from": 0, "to": 810, "label": 810},{"from": 0, "to": 802, "label": 802},{"from": 0, "to": 798, "label": 798},{"from": 0, "to": 283, "label": 283},{"from": 0, "to": 792, "label": 792},{"from": 0, "to": 280, "label": 280},{"from": 0, "to": 789, "label": 789},{"from": 0, "to": 276, "label": 276},{"from": 0, "to": 267, "label": 267},{"from": 0, "to": 765, "label": 765},{"from": 0, "to": 762, "label": 762},{"from": 0, "to": 759, "label": 759},{"from": 0, "to": 245, "label": 245},{"from": 0, "to": 244, "label": 244},{"from": 0, "to": 753, "label": 753},{"from": 0, "to": 751, "label": 751},{"from": 0, "to": 237, "label": 237},{"from": 0, "to": 236, "label": 236},{"from": 0, "to": 235, "label": 235},{"from": 0, "to": 192, "label": 192},{"from": 0, "to": 699, "label": 699},{"from": 0, "to": 171, "label": 171},{"from": 0, "to": 163, "label": 163},{"from": 0, "to": 675, "label": 675},{"from": 0, "to": 674, "label": 674},{"from": 0, "to": 665, "label": 665},{"from": 0, "to": 662, "label": 662},{"from": 0, "to": 147, "label": 147},{"from": 0, "to": 146, "label": 146},{"from": 0, "to": 142, "label": 142},{"from": 0, "to": 653, "label": 653},{"from": 0, "to": 129, "label": 129},{"from": 0, "to": 638, "label": 638},{"from": 0, "to": 619, "label": 619},{"from": 0, "to": 618, "label": 618},{"from": 0, "to": 106, "label": 106},{"from": 0, "to": 617, "label": 617},{"from": 0, "to": 99, "label": 99},{"from": 0, "to": 605, "label": 605},{"from": 0, "to": 79, "label": 79},{"from": 0, "to": 590, "label": 590},{"from": 0, "to": 57, "label": 57},{"from": 0, "to": 558, "label": 558},{"from": 0, "to": 552, "label": 552},{"from": 0, "to": 35, "label": 35},{"from": 0, "to": 30, "label": 30},{"from": 0, "to": 536, "label": 536},{"from": 0, "to": 20, "label": 20},{"from": 0, "to": 524, "label": 524},{"from": 0, "to": 12, "label": 12},{"from": 0, "to": 523, "label": 523},{"from": 0, "to": 8, "label": 8},{"from": 0, "to": 2, "label": 2},{"from": 0, "to": 516, "label": 516}]},"Reachability":{"startNode":40,"finalNode":937}}}
Kaki stdout:  Version: 1.15 
 kaki/verifypn-linux64 /tmp/tmpvkdhly2x
DFA generation time: 0.122 seconds 
DFA states: 46 
DFA transitions: 12555
Problem file: /tmp/tmpvkdhly2x
Switches to update: 240

Decomposed topology into 12 subproblems
Topological decomposition took 0.262 seconds
Subproblem verification time: 0.111 seconds
Subproblem verification time: 0.017 seconds
Subproblem verification time: 0.047 seconds
Subproblem verification time: 0.016 seconds
Subproblem verification time: 0.051 seconds
Subproblem verification time: 0.017 seconds
Subproblem verification time: 0.046 seconds
Subproblem verification time: 0.016 seconds
Subproblem verification time: 0.047 seconds
Subproblem verification time: 0.016 seconds
Subproblem verification time: 0.04 seconds
Subproblem verification time: 0.014 seconds
Minimum batches required: 3
[[6, 8, 119, 5, 3, 2, 132, 133, 86, 118, 116, 35, 32, 33, 34, 84, 130, 125, 50, 57, 128, 164, 166, 277, 163, 161, 160, 290, 291, 244, 276, 274, 193, 190, 191, 192, 242, 288, 283, 208, 215, 286, 322, 324, 435, 321, 319, 318, 448, 449, 402, 434, 432, 351, 348, 349, 350, 400, 446, 441, 366, 373, 444, 480, 482, 593, 479, 477, 476, 606, 607, 560, 592, 590, 509, 506, 507, 508, 558, 604, 599, 524, 531, 602, 638, 640, 751, 637, 635, 634, 764, 765, 718, 750, 748, 667, 664, 665, 666, 716, 762, 757, 682, 689, 760, 796, 798, 909, 795, 793, 792, 922, 923, 876, 908, 906, 825, 822, 823, 824, 874, 920, 915, 840, 847, 918], [7, 9, 157, 131, 165, 167, 315, 289, 323, 325, 473, 447, 481, 483, 631, 605, 639, 641, 789, 763, 797, 799, 947, 921], [49, 135, 77, 20, 21, 109, 106, 67, 18, 10, 13, 12, 124, 122, 129, 207, 293, 235, 178, 179, 267, 264, 225, 176, 168, 171, 170, 282, 280, 287, 365, 451, 393, 336, 337, 425, 422, 383, 334, 326, 329, 328, 440, 438, 445, 523, 609, 551, 494, 495, 583, 580, 541, 492, 484, 487, 486, 598, 596, 603, 681, 767, 709, 652, 653, 741, 738, 699, 650, 642, 645, 644, 756, 754, 761, 839, 925, 867, 810, 811, 899, 896, 857, 808, 800, 803, 802, 914, 912, 919]]
Total program runtime: 1.136 seconds

Kaki stderr:  
Time: 1.136
Solution: []
	Command being timed: "python3 allsynth/run.py -t kaki --GML topologies/topzoo/UsCarrier.gml 5 --dir topzoo_res/SeparateWPk/kaki/kaki-1 --e-prop SeparateWPk --repeat 1"
	User time (seconds): 6.08
	System time (seconds): 1.71
	Percent of CPU this job got: 298%
	Elapsed (wall clock) time (h:mm:ss or m:ss): 0:02.61
	Average shared text size (kbytes): 0
	Average unshared data size (kbytes): 0
	Average stack size (kbytes): 0
	Average total size (kbytes): 0
	Maximum resident set size (kbytes): 277876
	Average resident set size (kbytes): 0
	Major (requiring I/O) page faults: 0
	Minor (reclaiming a frame) page faults: 79431
	Voluntary context switches: 9080
	Involuntary context switches: 672
	Swaps: 0
	File system inputs: 0
	File system outputs: 48
	Socket messages sent: 0
	Socket messages received: 0
	Signals delivered: 0
	Page size (bytes): 4096
	Exit status: 0
