Namespace(tool='PERS', exper=None, gml=['topologies/topzoo/Aarnet.gml', '5'], index=None, prop='Reach', prop_file=None, op_req=None, repeat=1, reduce=False, opt=False, u=False, some=False, count=False, weight_bound=None, savedir='topzoo_res/Reach/PERS/PERS-2', dump_bdd=False)
Running 5Aarnet.gml
Policy: (Reach 113)
Initial path of nodes: [5, 4, 7, 6, 0, 10, 2, 15, 13, 18, 24, 23, 26, 25, 19, 29, 21, 34, 32, 37, 43, 42, 45, 44, 38, 48, 40, 53, 51, 56, 62, 61, 64, 63, 57, 67, 59, 72, 70, 75, 81, 80, 83, 82, 76, 86, 78, 91, 89, 94, 100, 99, 102, 101, 95, 105, 97, 110, 108, 113]
Final path of nodes: [5, 4, 7, 6, 0, 3, 16, 14, 17, 18, 24, 23, 26, 25, 19, 22, 35, 33, 36, 37, 43, 42, 45, 44, 38, 41, 54, 52, 55, 56, 62, 61, 64, 63, 57, 60, 73, 71, 74, 75, 81, 80, 83, 82, 76, 79, 92, 90, 93, 94, 100, 99, 102, 101, 95, 98, 111, 109, 112, 113]
Persimmon problem:  {"Initial_routing":[[5, 4], [4, 7], [7, 6], [6, 0], [0, 10], [10, 2], [2, 15], [15, 13], [13, 18], [18, 24], [24, 23], [23, 26], [26, 25], [25, 19], [19, 29], [29, 21], [21, 34], [34, 32], [32, 37], [37, 43], [43, 42], [42, 45], [45, 44], [44, 38], [38, 48], [48, 40], [40, 53], [53, 51], [51, 56], [56, 62], [62, 61], [61, 64], [64, 63], [63, 57], [57, 67], [67, 59], [59, 72], [72, 70], [70, 75], [75, 81], [81, 80], [80, 83], [83, 82], [82, 76], [76, 86], [86, 78], [78, 91], [91, 89], [89, 94], [94, 100], [100, 99], [99, 102], [102, 101], [101, 95], [95, 105], [105, 97], [97, 110], [110, 108], [108, 113]],"Final_routing":[[5, 4], [4, 7], [7, 6], [6, 0], [0, 3], [3, 16], [16, 14], [14, 17], [17, 18], [18, 24], [24, 23], [23, 26], [26, 25], [25, 19], [19, 22], [22, 35], [35, 33], [33, 36], [36, 37], [37, 43], [43, 42], [42, 45], [45, 44], [44, 38], [38, 41], [41, 54], [54, 52], [52, 55], [55, 56], [56, 62], [62, 61], [61, 64], [64, 63], [63, 57], [57, 60], [60, 73], [73, 71], [71, 74], [74, 75], [75, 81], [81, 80], [80, 83], [83, 82], [82, 76], [76, 79], [79, 92], [92, 90], [90, 93], [93, 94], [94, 100], [100, 99], [99, 102], [102, 101], [101, 95], [95, 98], [98, 111], [111, 109], [109, 112], [112, 113]],"Properties":{"Reachability":{"startNode":5,"finalNode":113}}}
Persimmon stdout:  Chain equivalence reduction: 84 -> 25
<=== Starting iteration 0 ===>
<=== Starting iteration 1 ===>
<=== Starting iteration 2 ===>
Solution: Some([[22, 35, 33, 36, 79, 92, 90, 93, 60, 73, 71, 74, 98, 111, 109, 112, 41, 54, 52, 55, 3, 16, 14, 17], [19, 57, 95, 38, 0, 76], [86, 78, 91, 89, 29, 21, 34, 32, 67, 59, 72, 70, 10, 2, 15, 13, 48, 40, 53, 51, 105, 97, 110, 108]])
Time elapsed: 1.15ms
Time elapsed(s): 0.001149s

Persimmon stderr:  
Time: 0.001149
Solution: [[22, 35, 33, 36, 79, 92, 90, 93, 60, 73, 71, 74, 98, 111, 109, 112, 41, 54, 52, 55, 3, 16, 14, 17], [19, 57, 95, 38, 0, 76], [86, 78, 91, 89, 29, 21, 34, 32, 67, 59, 72, 70, 10, 2, 15, 13, 48, 40, 53, 51, 105, 97, 110, 108]]
	Command being timed: "python3 allsynth/run.py -t PERS --GML topologies/topzoo/Aarnet.gml 5 --dir topzoo_res/Reach/PERS/PERS-2 --e-prop Reach --repeat 1"
	User time (seconds): 0.70
	System time (seconds): 1.31
	Percent of CPU this job got: 495%
	Elapsed (wall clock) time (h:mm:ss or m:ss): 0:00.40
	Average shared text size (kbytes): 0
	Average unshared data size (kbytes): 0
	Average stack size (kbytes): 0
	Average total size (kbytes): 0
	Maximum resident set size (kbytes): 71096
	Average resident set size (kbytes): 0
	Major (requiring I/O) page faults: 0
	Minor (reclaiming a frame) page faults: 13059
	Voluntary context switches: 29
	Involuntary context switches: 130
	Swaps: 0
	File system inputs: 0
	File system outputs: 24
	Socket messages sent: 0
	Socket messages received: 0
	Signals delivered: 0
	Page size (bytes): 4096
	Exit status: 0
