Namespace(tool='PERS', exper=None, gml=['topologies/topzoo/Arpanet19728.gml', '5'], index=None, prop='Reach', prop_file=None, op_req=None, repeat=1, reduce=False, opt=False, u=False, some=False, count=False, weight_bound=None, savedir='topzoo_res/Reach/PERS/PERS-2', dump_bdd=False)
Running 5Arpanet19728.gml
Policy: (Reach 171)
Initial path of nodes: [1, 16, 17, 2, 3, 11, 27, 28, 0, 26, 30, 45, 46, 31, 32, 40, 56, 57, 29, 55, 59, 74, 75, 60, 61, 69, 85, 86, 58, 84, 88, 103, 104, 89, 90, 98, 114, 115, 87, 113, 117, 132, 133, 118, 119, 127, 143, 144, 116, 142, 146, 161, 162, 147, 148, 156, 172, 173, 145, 171]
Final path of nodes: [1, 10, 4, 8, 13, 23, 22, 21, 12, 26, 30, 39, 33, 37, 42, 52, 51, 50, 41, 55, 59, 68, 62, 66, 71, 81, 80, 79, 70, 84, 88, 97, 91, 95, 100, 110, 109, 108, 99, 113, 117, 126, 120, 124, 129, 139, 138, 137, 128, 142, 146, 155, 149, 153, 158, 168, 167, 166, 157, 171]
Persimmon problem:  {"Initial_routing":[[1, 16], [16, 17], [17, 2], [2, 3], [3, 11], [11, 27], [27, 28], [28, 0], [0, 26], [26, 30], [30, 45], [45, 46], [46, 31], [31, 32], [32, 40], [40, 56], [56, 57], [57, 29], [29, 55], [55, 59], [59, 74], [74, 75], [75, 60], [60, 61], [61, 69], [69, 85], [85, 86], [86, 58], [58, 84], [84, 88], [88, 103], [103, 104], [104, 89], [89, 90], [90, 98], [98, 114], [114, 115], [115, 87], [87, 113], [113, 117], [117, 132], [132, 133], [133, 118], [118, 119], [119, 127], [127, 143], [143, 144], [144, 116], [116, 142], [142, 146], [146, 161], [161, 162], [162, 147], [147, 148], [148, 156], [156, 172], [172, 173], [173, 145], [145, 171]],"Final_routing":[[1, 10], [10, 4], [4, 8], [8, 13], [13, 23], [23, 22], [22, 21], [21, 12], [12, 26], [26, 30], [30, 39], [39, 33], [33, 37], [37, 42], [42, 52], [52, 51], [51, 50], [50, 41], [41, 55], [55, 59], [59, 68], [68, 62], [62, 66], [66, 71], [71, 81], [81, 80], [80, 79], [79, 70], [70, 84], [84, 88], [88, 97], [97, 91], [91, 95], [95, 100], [100, 110], [110, 109], [109, 108], [108, 99], [99, 113], [113, 117], [117, 126], [126, 120], [120, 124], [124, 129], [129, 139], [139, 138], [138, 137], [137, 128], [128, 142], [142, 146], [146, 155], [155, 149], [149, 153], [153, 158], [158, 168], [168, 167], [167, 166], [166, 157], [157, 171]],"Properties":{"Reachability":{"startNode":1,"finalNode":171}}}
Persimmon stdout:  Chain equivalence reduction: 108 -> 24
<=== Starting iteration 0 ===>
<=== Starting iteration 1 ===>
<=== Starting iteration 2 ===>
Solution: Some([[126, 120, 124, 129, 139, 138, 137, 128, 155, 149, 153, 158, 168, 167, 166, 157, 39, 33, 37, 42, 52, 51, 50, 41, 10, 4, 8, 13, 23, 22, 21, 12, 97, 91, 95, 100, 110, 109, 108, 99, 68, 62, 66, 71, 81, 80, 79, 70], [1, 117, 146, 30, 88, 59], [45, 46, 31, 32, 40, 56, 57, 29, 132, 133, 118, 119, 127, 143, 144, 116, 161, 162, 147, 148, 156, 172, 173, 145, 74, 75, 60, 61, 69, 85, 86, 58, 103, 104, 89, 90, 98, 114, 115, 87, 16, 17, 2, 3, 11, 27, 28, 0]])
Time elapsed: 1.10ms
Time elapsed(s): 0.001102s

Persimmon stderr:  
Time: 0.001102
Solution: [[126, 120, 124, 129, 139, 138, 137, 128, 155, 149, 153, 158, 168, 167, 166, 157, 39, 33, 37, 42, 52, 51, 50, 41, 10, 4, 8, 13, 23, 22, 21, 12, 97, 91, 95, 100, 110, 109, 108, 99, 68, 62, 66, 71, 81, 80, 79, 70], [1, 117, 146, 30, 88, 59], [45, 46, 31, 32, 40, 56, 57, 29, 132, 133, 118, 119, 127, 143, 144, 116, 161, 162, 147, 148, 156, 172, 173, 145, 74, 75, 60, 61, 69, 85, 86, 58, 103, 104, 89, 90, 98, 114, 115, 87, 16, 17, 2, 3, 11, 27, 28, 0]]
	Command being timed: "python3 allsynth/run.py -t PERS --GML topologies/topzoo/Arpanet19728.gml 5 --dir topzoo_res/Reach/PERS/PERS-2 --e-prop Reach --repeat 1"
	User time (seconds): 0.71
	System time (seconds): 1.31
	Percent of CPU this job got: 483%
	Elapsed (wall clock) time (h:mm:ss or m:ss): 0:00.41
	Average shared text size (kbytes): 0
	Average unshared data size (kbytes): 0
	Average stack size (kbytes): 0
	Average total size (kbytes): 0
	Maximum resident set size (kbytes): 71488
	Average resident set size (kbytes): 0
	Major (requiring I/O) page faults: 0
	Minor (reclaiming a frame) page faults: 13177
	Voluntary context switches: 33
	Involuntary context switches: 155
	Swaps: 0
	File system inputs: 0
	File system outputs: 24
	Socket messages sent: 0
	Socket messages received: 0
	Signals delivered: 0
	Page size (bytes): 4096
	Exit status: 0
