Namespace(tool='PERS', exper=None, gml=['topologies/topzoo/Arpanet19706.gml', '5'], index=None, prop='Reach', prop_file=None, op_req=None, repeat=1, reduce=False, opt=False, u=False, some=False, count=False, weight_bound=None, savedir='topzoo_res/Reach/PERS/PERS-2', dump_bdd=False)
Running 5Arpanet19706.gml
Policy: (Reach 52)
Initial path of nodes: [1, 3, 4, 8, 7, 9, 17, 13, 12, 11, 19, 21, 22, 26, 25, 28, 30, 31, 35, 34, 37, 39, 40, 44, 43, 46, 48, 49, 53, 52]
Final path of nodes: [1, 3, 4, 5, 6, 7, 9, 17, 16, 15, 14, 13, 12, 10, 11, 19, 20, 21, 22, 23, 24, 25, 28, 30, 31, 32, 33, 34, 37, 38, 39, 40, 41, 42, 43, 46, 48, 49, 50, 51, 52]
Persimmon problem:  {"Initial_routing":[[1, 3], [3, 4], [4, 8], [8, 7], [7, 9], [9, 17], [17, 13], [13, 12], [12, 11], [11, 19], [19, 21], [21, 22], [22, 26], [26, 25], [25, 28], [28, 30], [30, 31], [31, 35], [35, 34], [34, 37], [37, 39], [39, 40], [40, 44], [44, 43], [43, 46], [46, 48], [48, 49], [49, 53], [53, 52]],"Final_routing":[[1, 3], [3, 4], [4, 5], [5, 6], [6, 7], [7, 9], [9, 17], [17, 16], [16, 15], [15, 14], [14, 13], [13, 12], [12, 10], [10, 11], [11, 19], [19, 20], [20, 21], [21, 22], [22, 23], [23, 24], [24, 25], [25, 28], [28, 30], [30, 31], [31, 32], [32, 33], [33, 34], [34, 37], [37, 38], [38, 39], [39, 40], [40, 41], [41, 42], [42, 43], [43, 46], [46, 48], [48, 49], [49, 50], [50, 51], [51, 52]],"Properties":{"Reachability":{"startNode":1,"finalNode":52}}}
Persimmon stdout:  Chain equivalence reduction: 46 -> 33
<=== Starting iteration 0 ===>
<=== Starting iteration 1 ===>
<=== Starting iteration 2 ===>
Solution: Some([[5, 6, 32, 33, 16, 15, 14, 20, 10, 50, 51, 23, 24, 38, 41, 42], [49, 4, 31, 22, 40], [12, 8, 44, 37, 53, 17, 19, 26, 35]])
Time elapsed: 1.83ms
Time elapsed(s): 0.001829s

Persimmon stderr:  
Time: 0.001829
Solution: [[5, 6, 32, 33, 16, 15, 14, 20, 10, 50, 51, 23, 24, 38, 41, 42], [49, 4, 31, 22, 40], [12, 8, 44, 37, 53, 17, 19, 26, 35]]
	Command being timed: "python3 allsynth/run.py -t PERS --GML topologies/topzoo/Arpanet19706.gml 5 --dir topzoo_res/Reach/PERS/PERS-2 --e-prop Reach --repeat 1"
	User time (seconds): 0.69
	System time (seconds): 1.30
	Percent of CPU this job got: 505%
	Elapsed (wall clock) time (h:mm:ss or m:ss): 0:00.39
	Average shared text size (kbytes): 0
	Average unshared data size (kbytes): 0
	Average stack size (kbytes): 0
	Average total size (kbytes): 0
	Maximum resident set size (kbytes): 70708
	Average resident set size (kbytes): 0
	Major (requiring I/O) page faults: 0
	Minor (reclaiming a frame) page faults: 12947
	Voluntary context switches: 34
	Involuntary context switches: 131
	Swaps: 0
	File system inputs: 0
	File system outputs: 24
	Socket messages sent: 0
	Socket messages received: 0
	Signals delivered: 0
	Page size (bytes): 4096
	Exit status: 0
