Namespace(tool='PERS', exper=None, gml=['topologies/topzoo/Bellsouth.gml', '5'], index=None, prop='Reach', prop_file=None, op_req=None, repeat=1, reduce=False, opt=False, u=False, some=False, count=False, weight_bound=None, savedir='topzoo_res/Reach/PERS/PERS-2', dump_bdd=False)
Running 5Bellsouth.gml
Policy: (Reach 291)
Initial path of nodes: [2, 42, 50, 49, 35, 10, 46, 36, 53, 93, 101, 100, 86, 61, 97, 87, 104, 144, 152, 151, 137, 112, 148, 138, 155, 195, 203, 202, 188, 163, 199, 189, 206, 246, 254, 253, 239, 214, 250, 240, 257, 297, 305, 304, 290, 265, 301, 291]
Final path of nodes: [2, 42, 50, 49, 31, 39, 10, 46, 36, 53, 93, 101, 100, 82, 90, 61, 97, 87, 104, 144, 152, 151, 133, 141, 112, 148, 138, 155, 195, 203, 202, 184, 192, 163, 199, 189, 206, 246, 254, 253, 235, 243, 214, 250, 240, 257, 297, 305, 304, 286, 294, 265, 301, 291]
Persimmon problem:  {"Initial_routing":[[2, 42], [42, 50], [50, 49], [49, 35], [35, 10], [10, 46], [46, 36], [36, 53], [53, 93], [93, 101], [101, 100], [100, 86], [86, 61], [61, 97], [97, 87], [87, 104], [104, 144], [144, 152], [152, 151], [151, 137], [137, 112], [112, 148], [148, 138], [138, 155], [155, 195], [195, 203], [203, 202], [202, 188], [188, 163], [163, 199], [199, 189], [189, 206], [206, 246], [246, 254], [254, 253], [253, 239], [239, 214], [214, 250], [250, 240], [240, 257], [257, 297], [297, 305], [305, 304], [304, 290], [290, 265], [265, 301], [301, 291]],"Final_routing":[[2, 42], [42, 50], [50, 49], [49, 31], [31, 39], [39, 10], [10, 46], [46, 36], [36, 53], [53, 93], [93, 101], [101, 100], [100, 82], [82, 90], [90, 61], [61, 97], [97, 87], [87, 104], [104, 144], [144, 152], [152, 151], [151, 133], [133, 141], [141, 112], [112, 148], [148, 138], [138, 155], [155, 195], [195, 203], [203, 202], [202, 184], [184, 192], [192, 163], [163, 199], [199, 189], [189, 206], [206, 246], [246, 254], [254, 253], [253, 235], [235, 243], [243, 214], [214, 250], [250, 240], [240, 257], [257, 297], [297, 305], [305, 304], [304, 286], [286, 294], [294, 265], [265, 301], [301, 291]],"Properties":{"Reachability":{"startNode":2,"finalNode":291}}}
Persimmon stdout:  Chain equivalence reduction: 60 -> 26
<=== Starting iteration 0 ===>
<=== Starting iteration 1 ===>
<=== Starting iteration 2 ===>
Solution: Some([[82, 90, 235, 243, 286, 294, 184, 192, 31, 39, 133, 141], [100, 151, 202, 253, 49, 304], [188, 137, 239, 290, 86, 35]])
Time elapsed: 1.24ms
Time elapsed(s): 0.001242s

Persimmon stderr:  
Time: 0.001242
Solution: [[82, 90, 235, 243, 286, 294, 184, 192, 31, 39, 133, 141], [100, 151, 202, 253, 49, 304], [188, 137, 239, 290, 86, 35]]
	Command being timed: "python3 allsynth/run.py -t PERS --GML topologies/topzoo/Bellsouth.gml 5 --dir topzoo_res/Reach/PERS/PERS-2 --e-prop Reach --repeat 1"
	User time (seconds): 0.71
	System time (seconds): 1.36
	Percent of CPU this job got: 443%
	Elapsed (wall clock) time (h:mm:ss or m:ss): 0:00.46
	Average shared text size (kbytes): 0
	Average unshared data size (kbytes): 0
	Average stack size (kbytes): 0
	Average total size (kbytes): 0
	Maximum resident set size (kbytes): 72500
	Average resident set size (kbytes): 0
	Major (requiring I/O) page faults: 0
	Minor (reclaiming a frame) page faults: 13409
	Voluntary context switches: 28
	Involuntary context switches: 119
	Swaps: 0
	File system inputs: 0
	File system outputs: 24
	Socket messages sent: 0
	Socket messages received: 0
	Signals delivered: 0
	Page size (bytes): 4096
	Exit status: 0
