Namespace(tool='PERS', exper=None, gml=['topologies/topzoo/Geant2009.gml', '5'], index=None, prop='Reach', prop_file=None, op_req=None, repeat=1, reduce=False, opt=False, u=False, some=False, count=False, weight_bound=None, savedir='topzoo_res/Reach/PERS/PERS-2', dump_bdd=False)
Running 5Geant2009.gml
Policy: (Reach 203)
Initial path of nodes: [14, 20, 10, 23, 4, 2, 32, 33, 48, 54, 44, 57, 38, 36, 66, 67, 82, 88, 78, 91, 72, 70, 100, 101, 116, 122, 112, 125, 106, 104, 134, 135, 150, 156, 146, 159, 140, 138, 168, 169, 184, 190, 180, 193, 174, 172, 202, 203]
Final path of nodes: [14, 20, 16, 17, 5, 3, 24, 33, 48, 49, 50, 51, 39, 37, 58, 67, 82, 83, 84, 85, 73, 71, 92, 101, 116, 117, 118, 119, 107, 105, 126, 135, 150, 151, 152, 153, 141, 139, 160, 169, 184, 185, 186, 187, 175, 173, 194, 203]
Persimmon problem:  {"Initial_routing":[[14, 20], [20, 10], [10, 23], [23, 4], [4, 2], [2, 32], [32, 33], [33, 48], [48, 54], [54, 44], [44, 57], [57, 38], [38, 36], [36, 66], [66, 67], [67, 82], [82, 88], [88, 78], [78, 91], [91, 72], [72, 70], [70, 100], [100, 101], [101, 116], [116, 122], [122, 112], [112, 125], [125, 106], [106, 104], [104, 134], [134, 135], [135, 150], [150, 156], [156, 146], [146, 159], [159, 140], [140, 138], [138, 168], [168, 169], [169, 184], [184, 190], [190, 180], [180, 193], [193, 174], [174, 172], [172, 202], [202, 203]],"Final_routing":[[14, 20], [20, 16], [16, 17], [17, 5], [5, 3], [3, 24], [24, 33], [33, 48], [48, 49], [49, 50], [50, 51], [51, 39], [39, 37], [37, 58], [58, 67], [67, 82], [82, 83], [83, 84], [84, 85], [85, 73], [73, 71], [71, 92], [92, 101], [101, 116], [116, 117], [117, 118], [118, 119], [119, 107], [107, 105], [105, 126], [126, 135], [135, 150], [150, 151], [151, 152], [152, 153], [153, 141], [141, 139], [139, 160], [160, 169], [169, 184], [184, 185], [185, 186], [186, 187], [187, 175], [175, 173], [173, 194], [194, 203]],"Properties":{"Reachability":{"startNode":14,"finalNode":203}}}
Persimmon stdout:  Chain equivalence reduction: 83 -> 25
<=== Starting iteration 0 ===>
<=== Starting iteration 1 ===>
<=== Starting iteration 2 ===>
Solution: Some([[117, 118, 119, 107, 105, 126, 49, 50, 51, 39, 37, 58, 185, 186, 187, 175, 173, 194, 83, 84, 85, 73, 71, 92, 151, 152, 153, 141, 139, 160, 16, 17, 5, 3, 24], [20, 150, 48, 116, 184, 82], [122, 112, 125, 106, 104, 134, 10, 23, 4, 2, 32, 156, 146, 159, 140, 138, 168, 88, 78, 91, 72, 70, 100, 54, 44, 57, 38, 36, 66, 190, 180, 193, 174, 172, 202]])
Time elapsed: 1.16ms
Time elapsed(s): 0.001162s

Persimmon stderr:  
Time: 0.001162
Solution: [[117, 118, 119, 107, 105, 126, 49, 50, 51, 39, 37, 58, 185, 186, 187, 175, 173, 194, 83, 84, 85, 73, 71, 92, 151, 152, 153, 141, 139, 160, 16, 17, 5, 3, 24], [20, 150, 48, 116, 184, 82], [122, 112, 125, 106, 104, 134, 10, 23, 4, 2, 32, 156, 146, 159, 140, 138, 168, 88, 78, 91, 72, 70, 100, 54, 44, 57, 38, 36, 66, 190, 180, 193, 174, 172, 202]]
	Command being timed: "python3 allsynth/run.py -t PERS --GML topologies/topzoo/Geant2009.gml 5 --dir topzoo_res/Reach/PERS/PERS-2 --e-prop Reach --repeat 1"
	User time (seconds): 0.73
	System time (seconds): 1.30
	Percent of CPU this job got: 466%
	Elapsed (wall clock) time (h:mm:ss or m:ss): 0:00.43
	Average shared text size (kbytes): 0
	Average unshared data size (kbytes): 0
	Average stack size (kbytes): 0
	Average total size (kbytes): 0
	Maximum resident set size (kbytes): 72116
	Average resident set size (kbytes): 0
	Major (requiring I/O) page faults: 0
	Minor (reclaiming a frame) page faults: 13300
	Voluntary context switches: 30
	Involuntary context switches: 139
	Swaps: 0
	File system inputs: 0
	File system outputs: 24
	Socket messages sent: 0
	Socket messages received: 0
	Signals delivered: 0
	Page size (bytes): 4096
	Exit status: 0
