Namespace(tool='PERS', exper=None, gml=['topologies/topzoo/HiberniaIreland.gml', '5'], index=None, prop='Reach', prop_file=None, op_req=None, repeat=1, reduce=False, opt=False, u=False, some=False, count=False, weight_bound=None, savedir='topzoo_res/Reach/PERS/PERS-2', dump_bdd=False)
Running 5HiberniaIreland.gml
Policy: (Reach 47)
Initial path of nodes: [1, 2, 5, 0, 7, 9, 10, 13, 8, 15, 17, 18, 21, 16, 23, 25, 26, 29, 24, 31, 33, 34, 37, 32, 39, 41, 42, 45, 40, 47]
Final path of nodes: [1, 2, 3, 4, 0, 7, 9, 10, 11, 12, 8, 15, 17, 18, 19, 20, 16, 23, 25, 26, 27, 28, 24, 31, 33, 34, 35, 36, 32, 39, 41, 42, 43, 44, 40, 47]
Persimmon problem:  {"Initial_routing":[[1, 2], [2, 5], [5, 0], [0, 7], [7, 9], [9, 10], [10, 13], [13, 8], [8, 15], [15, 17], [17, 18], [18, 21], [21, 16], [16, 23], [23, 25], [25, 26], [26, 29], [29, 24], [24, 31], [31, 33], [33, 34], [34, 37], [37, 32], [32, 39], [39, 41], [41, 42], [42, 45], [45, 40], [40, 47]],"Final_routing":[[1, 2], [2, 3], [3, 4], [4, 0], [0, 7], [7, 9], [9, 10], [10, 11], [11, 12], [12, 8], [8, 15], [15, 17], [17, 18], [18, 19], [19, 20], [20, 16], [16, 23], [23, 25], [25, 26], [26, 27], [27, 28], [28, 24], [24, 31], [31, 33], [33, 34], [34, 35], [35, 36], [36, 32], [32, 39], [39, 41], [41, 42], [42, 43], [43, 44], [44, 40], [40, 47]],"Properties":{"Reachability":{"startNode":1,"finalNode":47}}}
Persimmon stdout:  Chain equivalence reduction: 42 -> 26
<=== Starting iteration 0 ===>
<=== Starting iteration 1 ===>
<=== Starting iteration 2 ===>
Solution: Some([[3, 4, 35, 36, 19, 20, 27, 28, 43, 44, 11, 12], [10, 18, 42, 2, 34, 26], [29, 45, 13, 37, 5, 21]])
Time elapsed: 1.29ms
Time elapsed(s): 0.001286s

Persimmon stderr:  
Time: 0.001286
Solution: [[3, 4, 35, 36, 19, 20, 27, 28, 43, 44, 11, 12], [10, 18, 42, 2, 34, 26], [29, 45, 13, 37, 5, 21]]
	Command being timed: "python3 allsynth/run.py -t PERS --GML topologies/topzoo/HiberniaIreland.gml 5 --dir topzoo_res/Reach/PERS/PERS-2 --e-prop Reach --repeat 1"
	User time (seconds): 0.72
	System time (seconds): 1.27
	Percent of CPU this job got: 511%
	Elapsed (wall clock) time (h:mm:ss or m:ss): 0:00.39
	Average shared text size (kbytes): 0
	Average unshared data size (kbytes): 0
	Average stack size (kbytes): 0
	Average total size (kbytes): 0
	Maximum resident set size (kbytes): 70588
	Average resident set size (kbytes): 0
	Major (requiring I/O) page faults: 0
	Minor (reclaiming a frame) page faults: 12922
	Voluntary context switches: 29
	Involuntary context switches: 160
	Swaps: 0
	File system inputs: 0
	File system outputs: 24
	Socket messages sent: 0
	Socket messages received: 0
	Signals delivered: 0
	Page size (bytes): 4096
	Exit status: 0
