Namespace(tool='PERS', exper=None, gml=['topologies/topzoo/HurricaneElectric.gml', '5'], index=None, prop='Reach', prop_file=None, op_req=None, repeat=1, reduce=False, opt=False, u=False, some=False, count=False, weight_bound=None, savedir='topzoo_res/Reach/PERS/PERS-2', dump_bdd=False)
Running 5HurricaneElectric.gml
Policy: (Reach 137)
Initial path of nodes: [6, 1, 0, 12, 9, 13, 17, 30, 25, 24, 36, 33, 37, 41, 54, 49, 48, 60, 57, 61, 65, 78, 73, 72, 84, 81, 85, 89, 102, 97, 96, 108, 105, 109, 113, 126, 121, 120, 132, 129, 133, 137]
Final path of nodes: [6, 1, 3, 23, 4, 13, 17, 30, 25, 27, 47, 28, 37, 41, 54, 49, 51, 71, 52, 61, 65, 78, 73, 75, 95, 76, 85, 89, 102, 97, 99, 119, 100, 109, 113, 126, 121, 123, 143, 124, 133, 137]
Persimmon problem:  {"Initial_routing":[[6, 1], [1, 0], [0, 12], [12, 9], [9, 13], [13, 17], [17, 30], [30, 25], [25, 24], [24, 36], [36, 33], [33, 37], [37, 41], [41, 54], [54, 49], [49, 48], [48, 60], [60, 57], [57, 61], [61, 65], [65, 78], [78, 73], [73, 72], [72, 84], [84, 81], [81, 85], [85, 89], [89, 102], [102, 97], [97, 96], [96, 108], [108, 105], [105, 109], [109, 113], [113, 126], [126, 121], [121, 120], [120, 132], [132, 129], [129, 133], [133, 137]],"Final_routing":[[6, 1], [1, 3], [3, 23], [23, 4], [4, 13], [13, 17], [17, 30], [30, 25], [25, 27], [27, 47], [47, 28], [28, 37], [37, 41], [41, 54], [54, 49], [49, 51], [51, 71], [71, 52], [52, 61], [61, 65], [65, 78], [78, 73], [73, 75], [75, 95], [95, 76], [76, 85], [85, 89], [89, 102], [102, 97], [97, 99], [99, 119], [119, 100], [100, 109], [109, 113], [113, 126], [126, 121], [121, 123], [123, 143], [143, 124], [124, 133], [133, 137]],"Properties":{"Reachability":{"startNode":6,"finalNode":137}}}
Persimmon stdout:  Chain equivalence reduction: 60 -> 26
<=== Starting iteration 0 ===>
<=== Starting iteration 1 ===>
<=== Starting iteration 2 ===>
Solution: Some([[75, 95, 76, 3, 23, 4, 51, 71, 52, 27, 47, 28, 123, 143, 124, 99, 119, 100], [1, 25, 49, 121, 97, 73], [120, 132, 129, 96, 108, 105, 72, 84, 81, 0, 12, 9, 48, 60, 57, 24, 36, 33]])
Time elapsed: 1.24ms
Time elapsed(s): 0.001238s

Persimmon stderr:  
Time: 0.001238
Solution: [[75, 95, 76, 3, 23, 4, 51, 71, 52, 27, 47, 28, 123, 143, 124, 99, 119, 100], [1, 25, 49, 121, 97, 73], [120, 132, 129, 96, 108, 105, 72, 84, 81, 0, 12, 9, 48, 60, 57, 24, 36, 33]]
	Command being timed: "python3 allsynth/run.py -t PERS --GML topologies/topzoo/HurricaneElectric.gml 5 --dir topzoo_res/Reach/PERS/PERS-2 --e-prop Reach --repeat 1"
	User time (seconds): 0.66
	System time (seconds): 1.35
	Percent of CPU this job got: 487%
	Elapsed (wall clock) time (h:mm:ss or m:ss): 0:00.41
	Average shared text size (kbytes): 0
	Average unshared data size (kbytes): 0
	Average stack size (kbytes): 0
	Average total size (kbytes): 0
	Maximum resident set size (kbytes): 73388
	Average resident set size (kbytes): 0
	Major (requiring I/O) page faults: 0
	Minor (reclaiming a frame) page faults: 13143
	Voluntary context switches: 42
	Involuntary context switches: 191
	Swaps: 0
	File system inputs: 0
	File system outputs: 24
	Socket messages sent: 0
	Socket messages received: 0
	Signals delivered: 0
	Page size (bytes): 4096
	Exit status: 0
