Namespace(tool='PERS', exper=None, gml=['topologies/topzoo/Iris.gml', '5'], index=None, prop='Reach', prop_file=None, op_req=None, repeat=1, reduce=False, opt=False, u=False, some=False, count=False, weight_bound=None, savedir='topzoo_res/Reach/PERS/PERS-2', dump_bdd=False)
Running 5Iris.gml
Policy: (Reach 299)
Initial path of nodes: [20, 11, 12, 24, 23, 28, 27, 30, 29, 37, 45, 44, 71, 62, 63, 75, 74, 79, 78, 81, 80, 88, 96, 95, 122, 113, 114, 126, 125, 130, 129, 132, 131, 139, 147, 146, 173, 164, 165, 177, 176, 181, 180, 183, 182, 190, 198, 197, 224, 215, 216, 228, 227, 232, 231, 234, 233, 241, 249, 248, 275, 266, 267, 279, 278, 283, 282, 285, 284, 292, 300, 299]
Final path of nodes: [20, 19, 18, 14, 23, 31, 33, 32, 47, 48, 49, 43, 44, 71, 70, 69, 65, 74, 82, 84, 83, 98, 99, 100, 94, 95, 122, 121, 120, 116, 125, 133, 135, 134, 149, 150, 151, 145, 146, 173, 172, 171, 167, 176, 184, 186, 185, 200, 201, 202, 196, 197, 224, 223, 222, 218, 227, 235, 237, 236, 251, 252, 253, 247, 248, 275, 274, 273, 269, 278, 286, 288, 287, 302, 303, 304, 298, 299]
Persimmon problem:  {"Initial_routing":[[20, 11], [11, 12], [12, 24], [24, 23], [23, 28], [28, 27], [27, 30], [30, 29], [29, 37], [37, 45], [45, 44], [44, 71], [71, 62], [62, 63], [63, 75], [75, 74], [74, 79], [79, 78], [78, 81], [81, 80], [80, 88], [88, 96], [96, 95], [95, 122], [122, 113], [113, 114], [114, 126], [126, 125], [125, 130], [130, 129], [129, 132], [132, 131], [131, 139], [139, 147], [147, 146], [146, 173], [173, 164], [164, 165], [165, 177], [177, 176], [176, 181], [181, 180], [180, 183], [183, 182], [182, 190], [190, 198], [198, 197], [197, 224], [224, 215], [215, 216], [216, 228], [228, 227], [227, 232], [232, 231], [231, 234], [234, 233], [233, 241], [241, 249], [249, 248], [248, 275], [275, 266], [266, 267], [267, 279], [279, 278], [278, 283], [283, 282], [282, 285], [285, 284], [284, 292], [292, 300], [300, 299]],"Final_routing":[[20, 19], [19, 18], [18, 14], [14, 23], [23, 31], [31, 33], [33, 32], [32, 47], [47, 48], [48, 49], [49, 43], [43, 44], [44, 71], [71, 70], [70, 69], [69, 65], [65, 74], [74, 82], [82, 84], [84, 83], [83, 98], [98, 99], [99, 100], [100, 94], [94, 95], [95, 122], [122, 121], [121, 120], [120, 116], [116, 125], [125, 133], [133, 135], [135, 134], [134, 149], [149, 150], [150, 151], [151, 145], [145, 146], [146, 173], [173, 172], [172, 171], [171, 167], [167, 176], [176, 184], [184, 186], [186, 185], [185, 200], [200, 201], [201, 202], [202, 196], [196, 197], [197, 224], [224, 223], [223, 222], [222, 218], [218, 227], [227, 235], [235, 237], [237, 236], [236, 251], [251, 252], [252, 253], [253, 247], [247, 248], [248, 275], [275, 274], [274, 273], [273, 269], [269, 278], [278, 286], [286, 288], [288, 287], [287, 302], [302, 303], [303, 304], [304, 298], [298, 299]],"Properties":{"Reachability":{"startNode":20,"finalNode":299}}}
Persimmon stdout:  Chain equivalence reduction: 132 -> 42
<=== Starting iteration 0 ===>
<=== Starting iteration 1 ===>
<=== Starting iteration 2 ===>
Solution: Some([[82, 84, 83, 98, 99, 100, 94, 19, 18, 14, 184, 186, 185, 200, 201, 202, 196, 235, 237, 236, 251, 252, 253, 247, 31, 33, 32, 47, 48, 49, 43, 70, 69, 65, 172, 171, 167, 223, 222, 218, 121, 120, 116, 274, 273, 269, 133, 135, 134, 149, 150, 151, 145, 286, 288, 287, 302, 303, 304, 298], [74, 224, 23, 20, 125, 71, 278, 227, 173, 176, 122, 275], [266, 267, 279, 113, 114, 126, 232, 231, 234, 233, 241, 249, 283, 282, 285, 284, 292, 300, 164, 165, 177, 11, 12, 24, 215, 216, 228, 62, 63, 75, 130, 129, 132, 131, 139, 147, 28, 27, 30, 29, 37, 45, 181, 180, 183, 182, 190, 198, 79, 78, 81, 80, 88, 96]])
Time elapsed: 2.51ms
Time elapsed(s): 0.002515s

Persimmon stderr:  
Time: 0.002515
Solution: [[82, 84, 83, 98, 99, 100, 94, 19, 18, 14, 184, 186, 185, 200, 201, 202, 196, 235, 237, 236, 251, 252, 253, 247, 31, 33, 32, 47, 48, 49, 43, 70, 69, 65, 172, 171, 167, 223, 222, 218, 121, 120, 116, 274, 273, 269, 133, 135, 134, 149, 150, 151, 145, 286, 288, 287, 302, 303, 304, 298], [74, 224, 23, 20, 125, 71, 278, 227, 173, 176, 122, 275], [266, 267, 279, 113, 114, 126, 232, 231, 234, 233, 241, 249, 283, 282, 285, 284, 292, 300, 164, 165, 177, 11, 12, 24, 215, 216, 228, 62, 63, 75, 130, 129, 132, 131, 139, 147, 28, 27, 30, 29, 37, 45, 181, 180, 183, 182, 190, 198, 79, 78, 81, 80, 88, 96]]
	Command being timed: "python3 allsynth/run.py -t PERS --GML topologies/topzoo/Iris.gml 5 --dir topzoo_res/Reach/PERS/PERS-2 --e-prop Reach --repeat 1"
	User time (seconds): 0.78
	System time (seconds): 1.27
	Percent of CPU this job got: 451%
	Elapsed (wall clock) time (h:mm:ss or m:ss): 0:00.45
	Average shared text size (kbytes): 0
	Average unshared data size (kbytes): 0
	Average stack size (kbytes): 0
	Average total size (kbytes): 0
	Maximum resident set size (kbytes): 72720
	Average resident set size (kbytes): 0
	Major (requiring I/O) page faults: 0
	Minor (reclaiming a frame) page faults: 13510
	Voluntary context switches: 29
	Involuntary context switches: 164
	Swaps: 0
	File system inputs: 0
	File system outputs: 32
	Socket messages sent: 0
	Socket messages received: 0
	Signals delivered: 0
	Page size (bytes): 4096
	Exit status: 0
