Namespace(tool='PERS', exper=None, gml=['topologies/topzoo/NetworkUsa.gml', '5'], index=None, prop='Reach', prop_file=None, op_req=None, repeat=1, reduce=False, opt=False, u=False, some=False, count=False, weight_bound=None, savedir='topzoo_res/Reach/PERS/PERS-2', dump_bdd=False)
Running 5NetworkUsa.gml
Policy: (Reach 208)
Initial path of nodes: [15, 10, 11, 12, 13, 27, 28, 29, 30, 34, 33, 38, 35, 42, 60, 65, 64, 63, 62, 48, 47, 46, 85, 80, 81, 82, 83, 97, 98, 99, 100, 104, 103, 120, 115, 116, 117, 118, 132, 133, 134, 135, 139, 138, 155, 150, 151, 152, 153, 167, 168, 169, 170, 174, 173, 190, 185, 186, 187, 188, 202, 203, 204, 205, 209, 208]
Final path of nodes: [15, 16, 21, 22, 23, 5, 4, 7, 25, 30, 31, 32, 33, 38, 35, 36, 41, 40, 58, 57, 56, 51, 50, 45, 46, 85, 86, 91, 92, 93, 75, 74, 77, 95, 100, 101, 102, 103, 120, 121, 126, 127, 128, 110, 109, 112, 130, 135, 136, 137, 138, 155, 156, 161, 162, 163, 145, 144, 147, 165, 170, 171, 172, 173, 190, 191, 196, 197, 198, 180, 179, 182, 200, 205, 206, 207, 208]
Persimmon problem:  {"Initial_routing":[[15, 10], [10, 11], [11, 12], [12, 13], [13, 27], [27, 28], [28, 29], [29, 30], [30, 34], [34, 33], [33, 38], [38, 35], [35, 42], [42, 60], [60, 65], [65, 64], [64, 63], [63, 62], [62, 48], [48, 47], [47, 46], [46, 85], [85, 80], [80, 81], [81, 82], [82, 83], [83, 97], [97, 98], [98, 99], [99, 100], [100, 104], [104, 103], [103, 120], [120, 115], [115, 116], [116, 117], [117, 118], [118, 132], [132, 133], [133, 134], [134, 135], [135, 139], [139, 138], [138, 155], [155, 150], [150, 151], [151, 152], [152, 153], [153, 167], [167, 168], [168, 169], [169, 170], [170, 174], [174, 173], [173, 190], [190, 185], [185, 186], [186, 187], [187, 188], [188, 202], [202, 203], [203, 204], [204, 205], [205, 209], [209, 208]],"Final_routing":[[15, 16], [16, 21], [21, 22], [22, 23], [23, 5], [5, 4], [4, 7], [7, 25], [25, 30], [30, 31], [31, 32], [32, 33], [33, 38], [38, 35], [35, 36], [36, 41], [41, 40], [40, 58], [58, 57], [57, 56], [56, 51], [51, 50], [50, 45], [45, 46], [46, 85], [85, 86], [86, 91], [91, 92], [92, 93], [93, 75], [75, 74], [74, 77], [77, 95], [95, 100], [100, 101], [101, 102], [102, 103], [103, 120], [120, 121], [121, 126], [126, 127], [127, 128], [128, 110], [110, 109], [109, 112], [112, 130], [130, 135], [135, 136], [136, 137], [137, 138], [138, 155], [155, 156], [156, 161], [161, 162], [162, 163], [163, 145], [145, 144], [144, 147], [147, 165], [165, 170], [170, 171], [171, 172], [172, 173], [173, 190], [190, 191], [191, 196], [196, 197], [197, 198], [198, 180], [180, 179], [179, 182], [182, 200], [200, 205], [205, 206], [206, 207], [207, 208]],"Properties":{"Reachability":{"startNode":15,"finalNode":208}}}
Persimmon stdout:  Chain equivalence reduction: 125 -> 39
<=== Starting iteration 0 ===>
<=== Starting iteration 1 ===>
<=== Starting iteration 2 ===>
Solution: Some([[16, 21, 22, 23, 5, 4, 7, 25, 31, 32, 36, 41, 40, 58, 57, 56, 51, 50, 45, 171, 172, 206, 207, 101, 102, 86, 91, 92, 93, 75, 74, 77, 95, 121, 126, 127, 128, 110, 109, 112, 130, 156, 161, 162, 163, 145, 144, 147, 165, 191, 196, 197, 198, 180, 179, 182, 200, 136, 137], [120, 100, 135, 15, 85, 35, 170, 190, 205, 155, 30], [174, 150, 151, 152, 153, 167, 168, 169, 209, 115, 116, 117, 118, 132, 133, 134, 10, 11, 12, 13, 27, 28, 29, 80, 81, 82, 83, 97, 98, 99, 34, 42, 60, 65, 64, 63, 62, 48, 47, 104, 185, 186, 187, 188, 202, 203, 204, 139]])
Time elapsed: 2.34ms
Time elapsed(s): 0.002343s

Persimmon stderr:  
Time: 0.002343
Solution: [[16, 21, 22, 23, 5, 4, 7, 25, 31, 32, 36, 41, 40, 58, 57, 56, 51, 50, 45, 171, 172, 206, 207, 101, 102, 86, 91, 92, 93, 75, 74, 77, 95, 121, 126, 127, 128, 110, 109, 112, 130, 156, 161, 162, 163, 145, 144, 147, 165, 191, 196, 197, 198, 180, 179, 182, 200, 136, 137], [120, 100, 135, 15, 85, 35, 170, 190, 205, 155, 30], [174, 150, 151, 152, 153, 167, 168, 169, 209, 115, 116, 117, 118, 132, 133, 134, 10, 11, 12, 13, 27, 28, 29, 80, 81, 82, 83, 97, 98, 99, 34, 42, 60, 65, 64, 63, 62, 48, 47, 104, 185, 186, 187, 188, 202, 203, 204, 139]]
	Command being timed: "python3 allsynth/run.py -t PERS --GML topologies/topzoo/NetworkUsa.gml 5 --dir topzoo_res/Reach/PERS/PERS-2 --e-prop Reach --repeat 1"
	User time (seconds): 0.74
	System time (seconds): 1.29
	Percent of CPU this job got: 468%
	Elapsed (wall clock) time (h:mm:ss or m:ss): 0:00.43
	Average shared text size (kbytes): 0
	Average unshared data size (kbytes): 0
	Average stack size (kbytes): 0
	Average total size (kbytes): 0
	Maximum resident set size (kbytes): 71860
	Average resident set size (kbytes): 0
	Major (requiring I/O) page faults: 0
	Minor (reclaiming a frame) page faults: 13262
	Voluntary context switches: 31
	Involuntary context switches: 160
	Swaps: 0
	File system inputs: 0
	File system outputs: 24
	Socket messages sent: 0
	Socket messages received: 0
	Signals delivered: 0
	Page size (bytes): 4096
	Exit status: 0
