Namespace(tool='PERS', exper=None, gml=['topologies/topzoo/SwitchL3.gml', '5'], index=None, prop='Reach', prop_file=None, op_req=None, repeat=1, reduce=False, opt=False, u=False, some=False, count=False, weight_bound=None, savedir='topzoo_res/Reach/PERS/PERS-2', dump_bdd=False)
Running 5SwitchL3.gml
Policy: (Reach 250)
Initial path of nodes: [16, 4, 5, 41, 7, 39, 40, 52, 76, 73, 46, 47, 50, 69, 100, 88, 89, 125, 91, 123, 124, 142, 130, 131, 167, 133, 165, 166, 184, 172, 173, 209, 175, 207, 208, 226, 214, 215, 251, 217, 249, 250]
Final path of nodes: [16, 4, 5, 28, 29, 7, 23, 40, 52, 76, 77, 49, 71, 51, 69, 100, 88, 89, 112, 113, 91, 107, 124, 142, 130, 157, 159, 127, 133, 149, 166, 184, 172, 173, 196, 197, 175, 191, 208, 226, 214, 241, 243, 211, 217, 233, 250]
Persimmon problem:  {"Initial_routing":[[16, 4], [4, 5], [5, 41], [41, 7], [7, 39], [39, 40], [40, 52], [52, 76], [76, 73], [73, 46], [46, 47], [47, 50], [50, 69], [69, 100], [100, 88], [88, 89], [89, 125], [125, 91], [91, 123], [123, 124], [124, 142], [142, 130], [130, 131], [131, 167], [167, 133], [133, 165], [165, 166], [166, 184], [184, 172], [172, 173], [173, 209], [209, 175], [175, 207], [207, 208], [208, 226], [226, 214], [214, 215], [215, 251], [251, 217], [217, 249], [249, 250]],"Final_routing":[[16, 4], [4, 5], [5, 28], [28, 29], [29, 7], [7, 23], [23, 40], [40, 52], [52, 76], [76, 77], [77, 49], [49, 71], [71, 51], [51, 69], [69, 100], [100, 88], [88, 89], [89, 112], [112, 113], [113, 91], [91, 107], [107, 124], [124, 142], [142, 130], [130, 157], [157, 159], [159, 127], [127, 133], [133, 149], [149, 166], [166, 184], [184, 172], [172, 173], [173, 196], [196, 197], [197, 175], [175, 191], [191, 208], [208, 226], [226, 214], [214, 241], [241, 243], [243, 211], [211, 217], [217, 233], [233, 250]],"Properties":{"Reachability":{"startNode":16,"finalNode":250}}}
Persimmon stdout:  Chain equivalence reduction: 63 -> 40
<=== Starting iteration 0 ===>
<=== Starting iteration 1 ===>
<=== Starting iteration 2 ===>
Solution: Some([[191, 77, 49, 71, 51, 112, 113, 28, 29, 107, 241, 243, 211, 233, 23, 149, 196, 197, 157, 159, 127], [130, 173, 217, 91, 214, 89, 5, 7, 76, 133, 175], [209, 41, 131, 167, 215, 251, 249, 125, 73, 46, 47, 50, 39, 165, 123, 207]])
Time elapsed: 2.36ms
Time elapsed(s): 0.002363s

Persimmon stderr:  
Time: 0.002363
Solution: [[191, 77, 49, 71, 51, 112, 113, 28, 29, 107, 241, 243, 211, 233, 23, 149, 196, 197, 157, 159, 127], [130, 173, 217, 91, 214, 89, 5, 7, 76, 133, 175], [209, 41, 131, 167, 215, 251, 249, 125, 73, 46, 47, 50, 39, 165, 123, 207]]
	Command being timed: "python3 allsynth/run.py -t PERS --GML topologies/topzoo/SwitchL3.gml 5 --dir topzoo_res/Reach/PERS/PERS-2 --e-prop Reach --repeat 1"
	User time (seconds): 0.73
	System time (seconds): 1.31
	Percent of CPU this job got: 469%
	Elapsed (wall clock) time (h:mm:ss or m:ss): 0:00.43
	Average shared text size (kbytes): 0
	Average unshared data size (kbytes): 0
	Average stack size (kbytes): 0
	Average total size (kbytes): 0
	Maximum resident set size (kbytes): 71948
	Average resident set size (kbytes): 0
	Major (requiring I/O) page faults: 0
	Minor (reclaiming a frame) page faults: 13360
	Voluntary context switches: 30
	Involuntary context switches: 47
	Swaps: 0
	File system inputs: 0
	File system outputs: 24
	Socket messages sent: 0
	Socket messages received: 0
	Signals delivered: 0
	Page size (bytes): 4096
	Exit status: 0
