Namespace(tool='PERS', exper=None, gml=['topologies/topzoo/Uunet.gml', '5'], index=None, prop='Reach', prop_file=None, op_req=None, repeat=1, reduce=False, opt=False, u=False, some=False, count=False, weight_bound=None, savedir='topzoo_res/Reach/PERS/PERS-2', dump_bdd=False)
Running 5Uunet.gml
Policy: (Reach 285)
Initial path of nodes: [17, 15, 14, 9, 6, 7, 20, 39, 40, 51, 88, 52, 49, 53, 62, 82, 67, 68, 115, 113, 112, 107, 104, 105, 118, 137, 138, 164, 162, 161, 156, 153, 154, 167, 186, 187, 213, 211, 210, 205, 202, 203, 216, 235, 236, 262, 260, 259, 254, 251, 252, 265, 284, 285]
Final path of nodes: [17, 15, 14, 13, 4, 0, 3, 39, 40, 51, 88, 69, 56, 55, 58, 82, 67, 68, 115, 114, 131, 111, 102, 98, 101, 137, 138, 164, 163, 180, 156, 170, 168, 167, 186, 187, 213, 212, 229, 209, 200, 196, 199, 235, 236, 262, 261, 278, 254, 268, 266, 265, 284, 285]
Persimmon problem:  {"Initial_routing":[[17, 15], [15, 14], [14, 9], [9, 6], [6, 7], [7, 20], [20, 39], [39, 40], [40, 51], [51, 88], [88, 52], [52, 49], [49, 53], [53, 62], [62, 82], [82, 67], [67, 68], [68, 115], [115, 113], [113, 112], [112, 107], [107, 104], [104, 105], [105, 118], [118, 137], [137, 138], [138, 164], [164, 162], [162, 161], [161, 156], [156, 153], [153, 154], [154, 167], [167, 186], [186, 187], [187, 213], [213, 211], [211, 210], [210, 205], [205, 202], [202, 203], [203, 216], [216, 235], [235, 236], [236, 262], [262, 260], [260, 259], [259, 254], [254, 251], [251, 252], [252, 265], [265, 284], [284, 285]],"Final_routing":[[17, 15], [15, 14], [14, 13], [13, 4], [4, 0], [0, 3], [3, 39], [39, 40], [40, 51], [51, 88], [88, 69], [69, 56], [56, 55], [55, 58], [58, 82], [82, 67], [67, 68], [68, 115], [115, 114], [114, 131], [131, 111], [111, 102], [102, 98], [98, 101], [101, 137], [137, 138], [138, 164], [164, 163], [163, 180], [180, 156], [156, 170], [170, 168], [168, 167], [167, 186], [186, 187], [187, 213], [213, 212], [212, 229], [229, 209], [209, 200], [200, 196], [196, 199], [199, 235], [235, 236], [236, 262], [262, 261], [261, 278], [278, 254], [254, 268], [268, 266], [266, 265], [265, 284], [284, 285]],"Properties":{"Reachability":{"startNode":17,"finalNode":285}}}
Persimmon stdout:  Chain equivalence reduction: 82 -> 32
<=== Starting iteration 0 ===>
<=== Starting iteration 1 ===>
<=== Starting iteration 2 ===>
Solution: Some([[212, 229, 209, 200, 196, 199, 261, 278, 170, 168, 69, 56, 55, 58, 268, 266, 13, 4, 0, 3, 114, 131, 111, 102, 98, 101, 163, 180], [254, 88, 115, 164, 14, 156, 213, 262], [9, 6, 7, 20, 211, 210, 205, 202, 203, 216, 52, 49, 53, 62, 113, 112, 107, 104, 105, 118, 162, 161, 153, 154, 260, 259, 251, 252]])
Time elapsed: 1.92ms
Time elapsed(s): 0.001918s

Persimmon stderr:  
Time: 0.001918
Solution: [[212, 229, 209, 200, 196, 199, 261, 278, 170, 168, 69, 56, 55, 58, 268, 266, 13, 4, 0, 3, 114, 131, 111, 102, 98, 101, 163, 180], [254, 88, 115, 164, 14, 156, 213, 262], [9, 6, 7, 20, 211, 210, 205, 202, 203, 216, 52, 49, 53, 62, 113, 112, 107, 104, 105, 118, 162, 161, 153, 154, 260, 259, 251, 252]]
	Command being timed: "python3 allsynth/run.py -t PERS --GML topologies/topzoo/Uunet.gml 5 --dir topzoo_res/Reach/PERS/PERS-2 --e-prop Reach --repeat 1"
	User time (seconds): 0.81
	System time (seconds): 1.24
	Percent of CPU this job got: 385%
	Elapsed (wall clock) time (h:mm:ss or m:ss): 0:00.53
	Average shared text size (kbytes): 0
	Average unshared data size (kbytes): 0
	Average stack size (kbytes): 0
	Average total size (kbytes): 0
	Maximum resident set size (kbytes): 72636
	Average resident set size (kbytes): 0
	Major (requiring I/O) page faults: 0
	Minor (reclaiming a frame) page faults: 13469
	Voluntary context switches: 32
	Involuntary context switches: 562
	Swaps: 0
	File system inputs: 0
	File system outputs: 24
	Socket messages sent: 0
	Socket messages received: 0
	Signals delivered: 0
	Page size (bytes): 4096
	Exit status: 0
