Namespace(tool='PERS', exper=None, gml=['topologies/topzoo/Xeex.gml', '5'], index=None, prop='Reach', prop_file=None, op_req=None, repeat=1, reduce=False, opt=False, u=False, some=False, count=False, weight_bound=None, savedir='topzoo_res/Reach/PERS/PERS-2', dump_bdd=False)
Running 5Xeex.gml
Policy: (Reach 134)
Initial path of nodes: [9, 5, 18, 4, 23, 22, 14, 29, 32, 41, 43, 45, 44, 37, 57, 53, 66, 52, 71, 70, 62, 81, 77, 90, 76, 95, 94, 86, 105, 101, 114, 100, 119, 118, 110, 129, 125, 138, 124, 143, 142, 134]
Final path of nodes: [9, 8, 17, 19, 21, 20, 14, 29, 42, 28, 47, 46, 44, 37, 57, 56, 65, 67, 69, 68, 62, 81, 80, 89, 91, 93, 92, 86, 105, 104, 113, 115, 117, 116, 110, 129, 128, 137, 139, 141, 140, 134]
Persimmon problem:  {"Initial_routing":[[9, 5], [5, 18], [18, 4], [4, 23], [23, 22], [22, 14], [14, 29], [29, 32], [32, 41], [41, 43], [43, 45], [45, 44], [44, 37], [37, 57], [57, 53], [53, 66], [66, 52], [52, 71], [71, 70], [70, 62], [62, 81], [81, 77], [77, 90], [90, 76], [76, 95], [95, 94], [94, 86], [86, 105], [105, 101], [101, 114], [114, 100], [100, 119], [119, 118], [118, 110], [110, 129], [129, 125], [125, 138], [138, 124], [124, 143], [143, 142], [142, 134]],"Final_routing":[[9, 8], [8, 17], [17, 19], [19, 21], [21, 20], [20, 14], [14, 29], [29, 42], [42, 28], [28, 47], [47, 46], [46, 44], [44, 37], [37, 57], [57, 56], [56, 65], [65, 67], [67, 69], [69, 68], [68, 62], [62, 81], [81, 80], [80, 89], [89, 91], [91, 93], [93, 92], [92, 86], [86, 105], [105, 104], [104, 113], [113, 115], [115, 117], [117, 116], [116, 110], [110, 129], [129, 128], [128, 137], [137, 139], [139, 141], [141, 140], [140, 134]],"Properties":{"Reachability":{"startNode":9,"finalNode":134}}}
Persimmon stdout:  Chain equivalence reduction: 71 -> 24
<=== Starting iteration 0 ===>
<=== Starting iteration 1 ===>
<=== Starting iteration 2 ===>
Solution: Some([[104, 113, 115, 117, 116, 42, 28, 47, 46, 80, 89, 91, 93, 92, 8, 17, 19, 21, 20, 56, 65, 67, 69, 68, 128, 137, 139, 141, 140], [81, 105, 9, 129, 57, 29], [77, 90, 76, 95, 94, 53, 66, 52, 71, 70, 101, 114, 100, 119, 118, 5, 18, 4, 23, 22, 32, 41, 43, 45, 125, 138, 124, 143, 142]])
Time elapsed: 1.11ms
Time elapsed(s): 0.001113s

Persimmon stderr:  
Time: 0.001113
Solution: [[104, 113, 115, 117, 116, 42, 28, 47, 46, 80, 89, 91, 93, 92, 8, 17, 19, 21, 20, 56, 65, 67, 69, 68, 128, 137, 139, 141, 140], [81, 105, 9, 129, 57, 29], [77, 90, 76, 95, 94, 53, 66, 52, 71, 70, 101, 114, 100, 119, 118, 5, 18, 4, 23, 22, 32, 41, 43, 45, 125, 138, 124, 143, 142]]
	Command being timed: "python3 allsynth/run.py -t PERS --GML topologies/topzoo/Xeex.gml 5 --dir topzoo_res/Reach/PERS/PERS-2 --e-prop Reach --repeat 1"
	User time (seconds): 0.63
	System time (seconds): 1.22
	Percent of CPU this job got: 431%
	Elapsed (wall clock) time (h:mm:ss or m:ss): 0:00.42
	Average shared text size (kbytes): 0
	Average unshared data size (kbytes): 0
	Average stack size (kbytes): 0
	Average total size (kbytes): 0
	Maximum resident set size (kbytes): 71352
	Average resident set size (kbytes): 0
	Major (requiring I/O) page faults: 0
	Minor (reclaiming a frame) page faults: 13146
	Voluntary context switches: 32
	Involuntary context switches: 461
	Swaps: 0
	File system inputs: 0
	File system outputs: 24
	Socket messages sent: 0
	Socket messages received: 0
	Signals delivered: 0
	Page size (bytes): 4096
	Exit status: 0
