Namespace(tool='kaki', exper=None, gml=['topologies/topzoo/Ans.gml', '5'], index=None, prop='SeparateWPk', prop_file=None, op_req=None, repeat=1, reduce=False, opt=False, u=False, some=False, count=False, weight_bound=None, savedir='topzoo_res/SeparateWPk/kaki/kaki-0', dump_bdd=False)
Running 5Ans.gml
Policy: ((((((((((((((((WP(34-106) | WP(37-106)) | WP(90-106)) | WP(71-106)) | WP(69-106)) | WP(105-106)) | WP(107-106)) | WP(14-106)) | WP(15-106)) | WP(79-106)) | WP(48-106)) | WP(83-106)) | WP(52-106)) | WP(55-106)) | WP(24-106)) | WP(26-106)) & (Reach 106))
Initial path of nodes: [0, 1, 7, 8, 17, 15, 16, 18, 19, 25, 26, 35, 33, 34, 36, 37, 43, 44, 53, 51, 52, 54, 55, 61, 62, 71, 69, 70, 72, 73, 79, 80, 89, 87, 88, 90, 91, 97, 98, 107, 105, 106]
Final path of nodes: [0, 3, 2, 11, 12, 14, 15, 16, 18, 19, 24, 22, 23, 35, 33, 34, 36, 39, 38, 47, 48, 50, 51, 52, 54, 55, 60, 58, 59, 71, 69, 70, 72, 75, 74, 83, 84, 86, 87, 88, 90, 91, 96, 94, 95, 107, 105, 106]
{"Initial_routing":[[0, 1], [1, 7], [7, 8], [8, 17], [17, 15], [15, 16], [16, 18], [18, 19], [19, 25], [25, 26], [26, 35], [35, 33], [33, 34], [34, 36], [36, 37], [37, 43], [43, 44], [44, 53], [53, 51], [51, 52], [52, 54], [54, 55], [55, 61], [61, 62], [62, 71], [71, 69], [69, 70], [70, 72], [72, 73], [73, 79], [79, 80], [80, 89], [89, 87], [87, 88], [88, 90], [90, 91], [91, 97], [97, 98], [98, 107], [107, 105], [105, 106]],"Final_routing":[[0, 3], [3, 2], [2, 11], [11, 12], [12, 14], [14, 15], [15, 16], [16, 18], [18, 19], [19, 24], [24, 22], [22, 23], [23, 35], [35, 33], [33, 34], [34, 36], [36, 39], [39, 38], [38, 47], [47, 48], [48, 50], [50, 51], [51, 52], [52, 54], [54, 55], [55, 60], [60, 58], [58, 59], [59, 71], [71, 69], [69, 70], [70, 72], [72, 75], [75, 74], [74, 83], [83, 84], [84, 86], [86, 87], [87, 88], [88, 90], [90, 91], [91, 96], [96, 94], [94, 95], [95, 107], [107, 105], [105, 106]],"Properties":{"Waypoint": { "startNode": -1, "finalNode": -1, "waypoint": []}, "LoopFreedom": { "startNode": -1},"DFA": {"initialState": 0, "finalStates": [26,24,55,52,83,48,79,15,14,107,105,69,71,90,34,37], "edges": [{"from": 0, "to": 26, "label": 26},{"from": 0, "to": 24, "label": 24},{"from": 0, "to": 55, "label": 55},{"from": 0, "to": 52, "label": 52},{"from": 0, "to": 83, "label": 83},{"from": 0, "to": 48, "label": 48},{"from": 0, "to": 79, "label": 79},{"from": 0, "to": 15, "label": 15},{"from": 0, "to": 14, "label": 14},{"from": 0, "to": 107, "label": 107},{"from": 0, "to": 105, "label": 105},{"from": 0, "to": 69, "label": 69},{"from": 0, "to": 71, "label": 71},{"from": 0, "to": 90, "label": 90},{"from": 0, "to": 34, "label": 34},{"from": 0, "to": 37, "label": 37}]},"Reachability":{"startNode":0,"finalNode":106}}}
Kaki stdout:  Version: 1.15 
 kaki/verifypn-linux64 /tmp/tmp8s2d0_uv
DFA generation time: 0.026 seconds 
DFA states: 50 
DFA transitions: 2623
Problem file: /tmp/tmp8s2d0_uv
Switches to update: 48

Decomposed topology into 1 subproblems
Topological decomposition took 0.043 seconds
Subproblem verification time: 5.404 seconds
Minimum batches required: 3
[[3, 24, 39, 60, 75, 96, 2, 11, 12, 14, 22, 23, 38, 47, 48, 50, 58, 59, 74, 83, 84, 86, 94, 95], [91, 72, 55, 36, 19, 0], [1, 7, 8, 17, 25, 26, 37, 43, 44, 53, 61, 62, 73, 79, 80, 89, 97, 98]]
Total program runtime: 6.453 seconds

Kaki stderr:  
Time: 6.453
Solution: []
	Command being timed: "python3 allsynth/run.py -t kaki --GML topologies/topzoo/Ans.gml 5 --dir topzoo_res/SeparateWPk/kaki/kaki-0 --e-prop SeparateWPk --repeat 1"
	User time (seconds): 9.80
	System time (seconds): 1.56
	Percent of CPU this job got: 159%
	Elapsed (wall clock) time (h:mm:ss or m:ss): 0:07.14
	Average shared text size (kbytes): 0
	Average unshared data size (kbytes): 0
	Average stack size (kbytes): 0
	Average total size (kbytes): 0
	Maximum resident set size (kbytes): 485596
	Average resident set size (kbytes): 0
	Major (requiring I/O) page faults: 0
	Minor (reclaiming a frame) page faults: 65104
	Voluntary context switches: 4370
	Involuntary context switches: 140
	Swaps: 0
	File system inputs: 16
	File system outputs: 24
	Socket messages sent: 0
	Socket messages received: 0
	Signals delivered: 0
	Page size (bytes): 4096
	Exit status: 0
