Namespace(tool='kaki', exper=None, gml=['topologies/topzoo/Belnet2004.gml', '5'], index=None, prop='SeparateWPk', prop_file=None, op_req=None, repeat=1, reduce=False, opt=False, u=False, some=False, count=False, weight_bound=None, savedir='topzoo_res/SeparateWPk/kaki/kaki-0', dump_bdd=False)
Running 5Belnet2004.gml
Policy: ((((((WP(27-137) | WP(50-137)) | WP(52-137)) | WP(120-137)) | WP(91-137)) | WP(29-137)) & (Reach 137))
Initial path of nodes: [5, 7, 4, 22, 23, 27, 30, 35, 51, 53, 50, 68, 74, 76, 73, 91, 97, 99, 96, 114, 120, 122, 119, 137]
Final path of nodes: [5, 7, 6, 22, 23, 29, 30, 35, 51, 53, 52, 68, 74, 76, 75, 91, 97, 99, 98, 114, 120, 122, 121, 137]
{"Initial_routing":[[5, 7], [7, 4], [4, 22], [22, 23], [23, 27], [27, 30], [30, 35], [35, 51], [51, 53], [53, 50], [50, 68], [68, 74], [74, 76], [76, 73], [73, 91], [91, 97], [97, 99], [99, 96], [96, 114], [114, 120], [120, 122], [122, 119], [119, 137]],"Final_routing":[[5, 7], [7, 6], [6, 22], [22, 23], [23, 29], [29, 30], [30, 35], [35, 51], [51, 53], [53, 52], [52, 68], [68, 74], [74, 76], [76, 75], [75, 91], [91, 97], [97, 99], [99, 98], [98, 114], [114, 120], [120, 122], [122, 121], [121, 137]],"Properties":{"Waypoint": { "startNode": -1, "finalNode": -1, "waypoint": []}, "LoopFreedom": { "startNode": -1},"DFA": {"initialState": 0, "finalStates": [29,91,120,52,27,50], "edges": [{"from": 0, "to": 29, "label": 29},{"from": 0, "to": 91, "label": 91},{"from": 0, "to": 120, "label": 120},{"from": 0, "to": 52, "label": 52},{"from": 0, "to": 27, "label": 27},{"from": 0, "to": 50, "label": 50}]},"Reachability":{"startNode":5,"finalNode":137}}}
Kaki stdout:  Version: 1.15 
 kaki/verifypn-linux64 /tmp/tmpn8kyao4u
DFA generation time: 0.016 seconds 
DFA states: 36 
DFA transitions: 644
Problem file: /tmp/tmpn8kyao4u
Switches to update: 18

Decomposed topology into 2 subproblems
Topological decomposition took 0.012 seconds
Subproblem verification time: 0.041 seconds
Subproblem verification time: 0.181 seconds
Minimum batches required: 3
[[6, 29, 52, 75, 98, 121], [7, 122, 99, 76, 53, 23], [4, 27, 50, 73, 96, 119]]
Total program runtime: 0.555 seconds

Kaki stderr:  
Time: 0.555
Solution: []
	Command being timed: "python3 allsynth/run.py -t kaki --GML topologies/topzoo/Belnet2004.gml 5 --dir topzoo_res/SeparateWPk/kaki/kaki-0 --e-prop SeparateWPk --repeat 1"
	User time (seconds): 3.39
	System time (seconds): 1.42
	Percent of CPU this job got: 358%
	Elapsed (wall clock) time (h:mm:ss or m:ss): 0:01.34
	Average shared text size (kbytes): 0
	Average unshared data size (kbytes): 0
	Average stack size (kbytes): 0
	Average total size (kbytes): 0
	Maximum resident set size (kbytes): 184884
	Average resident set size (kbytes): 0
	Major (requiring I/O) page faults: 0
	Minor (reclaiming a frame) page faults: 52134
	Voluntary context switches: 3795
	Involuntary context switches: 110
	Swaps: 0
	File system inputs: 24
	File system outputs: 24
	Socket messages sent: 0
	Socket messages received: 0
	Signals delivered: 0
	Page size (bytes): 4096
	Exit status: 0
