Namespace(tool='kaki', exper=None, gml=['topologies/topzoo/BeyondTheNetwork.gml', '5'], index=None, prop='SeparateWPk', prop_file=None, op_req=None, repeat=1, reduce=False, opt=False, u=False, some=False, count=False, weight_bound=None, savedir='topzoo_res/SeparateWPk/kaki/kaki-0', dump_bdd=False)
Running 5BeyondTheNetwork.gml
Policy: ((((((((((((((((((WP(153-291) | WP(165-291)) | WP(262-291)) | WP(199-291)) | WP(104-291)) | WP(77-291)) | WP(238-291)) | WP(47-291)) | WP(208-291)) | WP(146-291)) | WP(308-291)) | WP(247-291)) | WP(312-291)) | WP(25-291)) | WP(154-291)) | WP(283-291)) | WP(60-291)) | WP(61-291)) & (Reach 291))
Initial path of nodes: [18, 40, 49, 35, 48, 47, 6, 26, 57, 58, 61, 62, 88, 102, 93, 77, 124, 146, 155, 141, 154, 153, 112, 132, 177, 199, 208, 194, 207, 206, 165, 185, 230, 252, 261, 247, 260, 259, 218, 238, 283, 305, 314, 300, 313, 312, 271, 291]
Final path of nodes: [18, 40, 49, 50, 43, 25, 47, 6, 26, 57, 60, 59, 100, 56, 55, 104, 102, 93, 77, 124, 146, 155, 156, 149, 131, 153, 112, 132, 177, 199, 208, 209, 202, 184, 206, 165, 185, 230, 252, 261, 262, 255, 237, 259, 218, 238, 283, 305, 314, 315, 308, 290, 312, 271, 291]
{"Initial_routing":[[18, 40], [40, 49], [49, 35], [35, 48], [48, 47], [47, 6], [6, 26], [26, 57], [57, 58], [58, 61], [61, 62], [62, 88], [88, 102], [102, 93], [93, 77], [77, 124], [124, 146], [146, 155], [155, 141], [141, 154], [154, 153], [153, 112], [112, 132], [132, 177], [177, 199], [199, 208], [208, 194], [194, 207], [207, 206], [206, 165], [165, 185], [185, 230], [230, 252], [252, 261], [261, 247], [247, 260], [260, 259], [259, 218], [218, 238], [238, 283], [283, 305], [305, 314], [314, 300], [300, 313], [313, 312], [312, 271], [271, 291]],"Final_routing":[[18, 40], [40, 49], [49, 50], [50, 43], [43, 25], [25, 47], [47, 6], [6, 26], [26, 57], [57, 60], [60, 59], [59, 100], [100, 56], [56, 55], [55, 104], [104, 102], [102, 93], [93, 77], [77, 124], [124, 146], [146, 155], [155, 156], [156, 149], [149, 131], [131, 153], [153, 112], [112, 132], [132, 177], [177, 199], [199, 208], [208, 209], [209, 202], [202, 184], [184, 206], [206, 165], [165, 185], [185, 230], [230, 252], [252, 261], [261, 262], [262, 255], [255, 237], [237, 259], [259, 218], [218, 238], [238, 283], [283, 305], [305, 314], [314, 315], [315, 308], [308, 290], [290, 312], [312, 271], [271, 291]],"Properties":{"Waypoint": { "startNode": -1, "finalNode": -1, "waypoint": []}, "LoopFreedom": { "startNode": -1},"DFA": {"initialState": 0, "finalStates": [61,60,283,154,25,312,247,308,146,208,47,238,77,104,199,262,153,165], "edges": [{"from": 0, "to": 61, "label": 61},{"from": 0, "to": 60, "label": 60},{"from": 0, "to": 283, "label": 283},{"from": 0, "to": 154, "label": 154},{"from": 0, "to": 25, "label": 25},{"from": 0, "to": 312, "label": 312},{"from": 0, "to": 247, "label": 247},{"from": 0, "to": 308, "label": 308},{"from": 0, "to": 146, "label": 146},{"from": 0, "to": 208, "label": 208},{"from": 0, "to": 47, "label": 47},{"from": 0, "to": 238, "label": 238},{"from": 0, "to": 77, "label": 77},{"from": 0, "to": 104, "label": 104},{"from": 0, "to": 199, "label": 199},{"from": 0, "to": 262, "label": 262},{"from": 0, "to": 153, "label": 153},{"from": 0, "to": 165, "label": 165}]},"Reachability":{"startNode":18,"finalNode":291}}}
Kaki stdout:  Version: 1.15 
 kaki/verifypn-linux64 /tmp/tmpsvrehyee
DFA generation time: 0.026 seconds 
DFA states: 77 
DFA transitions: 3902
Problem file: /tmp/tmpsvrehyee
Switches to update: 41

Decomposed topology into 1 subproblems
Topological decomposition took 0.036 seconds
Subproblem verification time: 9.745 seconds
Minimum batches required: 3
[[50, 60, 156, 209, 262, 315, 43, 25, 59, 100, 56, 55, 104, 149, 131, 202, 184, 255, 237, 308, 290], [314, 261, 208, 155, 57, 49], [35, 48, 58, 61, 62, 88, 141, 154, 194, 207, 247, 260, 300, 313]]
Total program runtime: 11.556 seconds

Kaki stderr:  
Time: 11.556
Solution: []
	Command being timed: "python3 allsynth/run.py -t kaki --GML topologies/topzoo/BeyondTheNetwork.gml 5 --dir topzoo_res/SeparateWPk/kaki/kaki-0 --e-prop SeparateWPk --repeat 1"
	User time (seconds): 15.88
	System time (seconds): 1.74
	Percent of CPU this job got: 143%
	Elapsed (wall clock) time (h:mm:ss or m:ss): 0:12.29
	Average shared text size (kbytes): 0
	Average unshared data size (kbytes): 0
	Average stack size (kbytes): 0
	Average total size (kbytes): 0
	Maximum resident set size (kbytes): 570752
	Average resident set size (kbytes): 0
	Major (requiring I/O) page faults: 0
	Minor (reclaiming a frame) page faults: 77913
	Voluntary context switches: 5555
	Involuntary context switches: 170
	Swaps: 0
	File system inputs: 24
	File system outputs: 24
	Socket messages sent: 0
	Socket messages received: 0
	Signals delivered: 0
	Page size (bytes): 4096
	Exit status: 0
