Namespace(tool='kaki', exper=None, gml=['topologies/topzoo/BtAsiaPac.gml', '5'], index=None, prop='SeparateWPk', prop_file=None, op_req=None, repeat=1, reduce=False, opt=False, u=False, some=False, count=False, weight_bound=None, savedir='topzoo_res/SeparateWPk/kaki/kaki-0', dump_bdd=False)
Running 5BtAsiaPac.gml
Policy: (((((WP(100-119) | WP(40-119)) | WP(80-119)) | WP(20-119)) | WP(60-119)) & (Reach 119))
Initial path of nodes: [0, 15, 1, 2, 19, 20, 35, 21, 22, 39, 40, 55, 41, 42, 59, 60, 75, 61, 62, 79, 80, 95, 81, 82, 99, 100, 115, 101, 102, 119]
Final path of nodes: [0, 15, 8, 2, 19, 20, 35, 28, 22, 39, 40, 55, 48, 42, 59, 60, 75, 68, 62, 79, 80, 95, 88, 82, 99, 100, 115, 108, 102, 119]
{"Initial_routing":[[0, 15], [15, 1], [1, 2], [2, 19], [19, 20], [20, 35], [35, 21], [21, 22], [22, 39], [39, 40], [40, 55], [55, 41], [41, 42], [42, 59], [59, 60], [60, 75], [75, 61], [61, 62], [62, 79], [79, 80], [80, 95], [95, 81], [81, 82], [82, 99], [99, 100], [100, 115], [115, 101], [101, 102], [102, 119]],"Final_routing":[[0, 15], [15, 8], [8, 2], [2, 19], [19, 20], [20, 35], [35, 28], [28, 22], [22, 39], [39, 40], [40, 55], [55, 48], [48, 42], [42, 59], [59, 60], [60, 75], [75, 68], [68, 62], [62, 79], [79, 80], [80, 95], [95, 88], [88, 82], [82, 99], [99, 100], [100, 115], [115, 108], [108, 102], [102, 119]],"Properties":{"Waypoint": { "startNode": -1, "finalNode": -1, "waypoint": []}, "LoopFreedom": { "startNode": -1},"DFA": {"initialState": 0, "finalStates": [60,20,80,100,40], "edges": [{"from": 0, "to": 60, "label": 60},{"from": 0, "to": 20, "label": 20},{"from": 0, "to": 80, "label": 80},{"from": 0, "to": 100, "label": 100},{"from": 0, "to": 40, "label": 40}]},"Reachability":{"startNode":0,"finalNode":119}}}
Kaki stdout:  Version: 1.15 
 kaki/verifypn-linux64 /tmp/tmp45qpv519
DFA generation time: 0.014 seconds 
DFA states: 9 
DFA transitions: 91
Problem file: /tmp/tmp45qpv519
Switches to update: 18

Decomposed topology into 6 subproblems
Topological decomposition took 0.007 seconds
Subproblem verification time: 0.042 seconds
Subproblem verification time: 0.011 seconds
Subproblem verification time: 0.012 seconds
Subproblem verification time: 0.012 seconds
Subproblem verification time: 0.011 seconds
Subproblem verification time: 0.013 seconds
Minimum batches required: 3
[[8, 28, 48, 68, 88, 108], [15, 35, 55, 75, 95, 115], [1, 21, 41, 61, 81, 101]]
Total program runtime: 0.265 seconds

Kaki stderr:  
Time: 0.265
Solution: []
	Command being timed: "python3 allsynth/run.py -t kaki --GML topologies/topzoo/BtAsiaPac.gml 5 --dir topzoo_res/SeparateWPk/kaki/kaki-0 --e-prop SeparateWPk --repeat 1"
	User time (seconds): 1.70
	System time (seconds): 1.50
	Percent of CPU this job got: 326%
	Elapsed (wall clock) time (h:mm:ss or m:ss): 0:00.98
	Average shared text size (kbytes): 0
	Average unshared data size (kbytes): 0
	Average stack size (kbytes): 0
	Average total size (kbytes): 0
	Maximum resident set size (kbytes): 93464
	Average resident set size (kbytes): 0
	Major (requiring I/O) page faults: 0
	Minor (reclaiming a frame) page faults: 37564
	Voluntary context switches: 3951
	Involuntary context switches: 206
	Swaps: 0
	File system inputs: 16
	File system outputs: 24
	Socket messages sent: 0
	Socket messages received: 0
	Signals delivered: 0
	Page size (bytes): 4096
	Exit status: 0
