Namespace(tool='kaki', exper=None, gml=['topologies/topzoo/Cesnet200706.gml', '5'], index=None, prop='SeparateWPk', prop_file=None, op_req=None, repeat=1, reduce=False, opt=False, u=False, some=False, count=False, weight_bound=None, savedir='topzoo_res/SeparateWPk/kaki/kaki-0', dump_bdd=False)
Running 5Cesnet200706.gml
Policy: ((((((((((((((((WP(160-258) | WP(259-258)) | WP(260-258)) | WP(39-258)) | WP(41-258)) | WP(171-258)) | WP(172-258)) | WP(236-258)) | WP(51-258)) | WP(116-258)) | WP(85-258)) | WP(182-258)) | WP(88-258)) | WP(185-258)) | WP(60-258)) | WP(126-258)) & (Reach 258))
Initial path of nodes: [16, 28, 9, 7, 40, 39, 38, 58, 83, 84, 51, 53, 72, 60, 104, 116, 97, 95, 128, 127, 126, 148, 160, 141, 139, 172, 171, 170, 192, 204, 185, 183, 216, 215, 214, 236, 248, 229, 227, 260, 259, 258]
Final path of nodes: [16, 28, 9, 6, 0, 41, 39, 38, 58, 83, 85, 44, 50, 53, 72, 60, 104, 116, 97, 94, 88, 129, 127, 126, 148, 160, 141, 138, 132, 172, 171, 170, 192, 204, 185, 182, 176, 217, 215, 214, 236, 248, 229, 226, 220, 260, 259, 258]
{"Initial_routing":[[16, 28], [28, 9], [9, 7], [7, 40], [40, 39], [39, 38], [38, 58], [58, 83], [83, 84], [84, 51], [51, 53], [53, 72], [72, 60], [60, 104], [104, 116], [116, 97], [97, 95], [95, 128], [128, 127], [127, 126], [126, 148], [148, 160], [160, 141], [141, 139], [139, 172], [172, 171], [171, 170], [170, 192], [192, 204], [204, 185], [185, 183], [183, 216], [216, 215], [215, 214], [214, 236], [236, 248], [248, 229], [229, 227], [227, 260], [260, 259], [259, 258]],"Final_routing":[[16, 28], [28, 9], [9, 6], [6, 0], [0, 41], [41, 39], [39, 38], [38, 58], [58, 83], [83, 85], [85, 44], [44, 50], [50, 53], [53, 72], [72, 60], [60, 104], [104, 116], [116, 97], [97, 94], [94, 88], [88, 129], [129, 127], [127, 126], [126, 148], [148, 160], [160, 141], [141, 138], [138, 132], [132, 172], [172, 171], [171, 170], [170, 192], [192, 204], [204, 185], [185, 182], [182, 176], [176, 217], [217, 215], [215, 214], [214, 236], [236, 248], [248, 229], [229, 226], [226, 220], [220, 260], [260, 259], [259, 258]],"Properties":{"Waypoint": { "startNode": -1, "finalNode": -1, "waypoint": []}, "LoopFreedom": { "startNode": -1},"DFA": {"initialState": 0, "finalStates": [126,60,185,88,182,85,116,51,236,172,171,41,39,260,160,259], "edges": [{"from": 0, "to": 126, "label": 126},{"from": 0, "to": 60, "label": 60},{"from": 0, "to": 185, "label": 185},{"from": 0, "to": 88, "label": 88},{"from": 0, "to": 182, "label": 182},{"from": 0, "to": 85, "label": 85},{"from": 0, "to": 116, "label": 116},{"from": 0, "to": 51, "label": 51},{"from": 0, "to": 236, "label": 236},{"from": 0, "to": 172, "label": 172},{"from": 0, "to": 171, "label": 171},{"from": 0, "to": 41, "label": 41},{"from": 0, "to": 39, "label": 39},{"from": 0, "to": 260, "label": 260},{"from": 0, "to": 160, "label": 160},{"from": 0, "to": 259, "label": 259}]},"Reachability":{"startNode":16,"finalNode":258}}}
Kaki stdout:  Version: 1.15 
 kaki/verifypn-linux64 /tmp/tmpinm4y143
DFA generation time: 0.022 seconds 
DFA states: 60 
DFA transitions: 2469
Problem file: /tmp/tmpinm4y143
Switches to update: 32

Decomposed topology into 1 subproblems
Topological decomposition took 0.028 seconds
Subproblem verification time: 5.426 seconds
Minimum batches required: 3
[[6, 85, 94, 138, 182, 226, 0, 41, 44, 50, 88, 129, 132, 176, 217, 220], [229, 185, 141, 97, 83, 9], [7, 40, 84, 51, 95, 128, 139, 183, 216, 227]]
Total program runtime: 6.409 seconds

Kaki stderr:  
Time: 6.409
Solution: []
	Command being timed: "python3 allsynth/run.py -t kaki --GML topologies/topzoo/Cesnet200706.gml 5 --dir topzoo_res/SeparateWPk/kaki/kaki-0 --e-prop SeparateWPk --repeat 1"
	User time (seconds): 9.99
	System time (seconds): 1.51
	Percent of CPU this job got: 160%
	Elapsed (wall clock) time (h:mm:ss or m:ss): 0:07.18
	Average shared text size (kbytes): 0
	Average unshared data size (kbytes): 0
	Average stack size (kbytes): 0
	Average total size (kbytes): 0
	Maximum resident set size (kbytes): 483296
	Average resident set size (kbytes): 0
	Major (requiring I/O) page faults: 0
	Minor (reclaiming a frame) page faults: 66633
	Voluntary context switches: 4059
	Involuntary context switches: 11404
	Swaps: 0
	File system inputs: 24
	File system outputs: 24
	Socket messages sent: 0
	Socket messages received: 0
	Signals delivered: 0
	Page size (bytes): 4096
	Exit status: 0
