Namespace(tool='kaki', exper=None, gml=['topologies/topzoo/Fatman.gml', '5'], index=None, prop='SeparateWPk', prop_file=None, op_req=None, repeat=1, reduce=False, opt=False, u=False, some=False, count=False, weight_bound=None, savedir='topzoo_res/SeparateWPk/kaki/kaki-0', dump_bdd=False)
Running 5Fatman.gml
Policy: ((((((((((((((WP(36-91) | WP(70-91)) | WP(6-91)) | WP(40-91)) | WP(73-91)) | WP(91-91)) | WP(10-91)) | WP(45-91)) | WP(85-91)) | WP(56-91)) | WP(27-91)) | WP(60-91)) | WP(29-91)) | WP(95-91)) & (Reach 91))
Initial path of nodes: [0, 2, 5, 11, 10, 6, 17, 19, 22, 28, 27, 23, 34, 36, 39, 45, 44, 40, 51, 53, 56, 62, 61, 57, 68, 70, 73, 79, 78, 74, 85, 87, 90, 96, 95, 91]
Final path of nodes: [0, 2, 5, 12, 9, 10, 6, 17, 19, 22, 29, 26, 27, 23, 34, 36, 39, 46, 43, 44, 40, 51, 53, 56, 63, 60, 61, 57, 68, 70, 73, 80, 77, 78, 74, 85, 87, 90, 97, 94, 95, 91]
{"Initial_routing":[[0, 2], [2, 5], [5, 11], [11, 10], [10, 6], [6, 17], [17, 19], [19, 22], [22, 28], [28, 27], [27, 23], [23, 34], [34, 36], [36, 39], [39, 45], [45, 44], [44, 40], [40, 51], [51, 53], [53, 56], [56, 62], [62, 61], [61, 57], [57, 68], [68, 70], [70, 73], [73, 79], [79, 78], [78, 74], [74, 85], [85, 87], [87, 90], [90, 96], [96, 95], [95, 91]],"Final_routing":[[0, 2], [2, 5], [5, 12], [12, 9], [9, 10], [10, 6], [6, 17], [17, 19], [19, 22], [22, 29], [29, 26], [26, 27], [27, 23], [23, 34], [34, 36], [36, 39], [39, 46], [46, 43], [43, 44], [44, 40], [40, 51], [51, 53], [53, 56], [56, 63], [63, 60], [60, 61], [61, 57], [57, 68], [68, 70], [70, 73], [73, 80], [80, 77], [77, 78], [78, 74], [74, 85], [85, 87], [87, 90], [90, 97], [97, 94], [94, 95], [95, 91]],"Properties":{"Waypoint": { "startNode": -1, "finalNode": -1, "waypoint": []}, "LoopFreedom": { "startNode": -1},"DFA": {"initialState": 0, "finalStates": [95,29,60,27,56,85,45,10,91,73,40,6,36,70], "edges": [{"from": 0, "to": 95, "label": 95},{"from": 0, "to": 29, "label": 29},{"from": 0, "to": 60, "label": 60},{"from": 0, "to": 27, "label": 27},{"from": 0, "to": 56, "label": 56},{"from": 0, "to": 85, "label": 85},{"from": 0, "to": 45, "label": 45},{"from": 0, "to": 10, "label": 10},{"from": 0, "to": 91, "label": 91},{"from": 0, "to": 73, "label": 73},{"from": 0, "to": 40, "label": 40},{"from": 0, "to": 6, "label": 6},{"from": 0, "to": 36, "label": 36},{"from": 0, "to": 70, "label": 70}]},"Reachability":{"startNode":0,"finalNode":91}}}
Kaki stdout:  Version: 1.15 
 kaki/verifypn-linux64 /tmp/tmpnhj4ka3i
DFA generation time: 0.031 seconds 
DFA states: 55 
DFA transitions: 1579
Problem file: /tmp/tmpnhj4ka3i
Switches to update: 24

Decomposed topology into 6 subproblems
Topological decomposition took 0.028 seconds
Subproblem verification time: 0.057 seconds
Subproblem verification time: 0.015 seconds
Subproblem verification time: 0.015 seconds
Subproblem verification time: 0.015 seconds
Subproblem verification time: 0.016 seconds
Subproblem verification time: 0.017 seconds
Minimum batches required: 3
[[12, 9, 29, 26, 46, 43, 63, 60, 80, 77, 97, 94], [5, 22, 39, 56, 73, 90], [11, 28, 45, 62, 79, 96]]
Total program runtime: 0.401 seconds

Kaki stderr:  
Time: 0.401
Solution: []
	Command being timed: "python3 allsynth/run.py -t kaki --GML topologies/topzoo/Fatman.gml 5 --dir topzoo_res/SeparateWPk/kaki/kaki-0 --e-prop SeparateWPk --repeat 1"
	User time (seconds): 2.36
	System time (seconds): 1.47
	Percent of CPU this job got: 302%
	Elapsed (wall clock) time (h:mm:ss or m:ss): 0:01.27
	Average shared text size (kbytes): 0
	Average unshared data size (kbytes): 0
	Average stack size (kbytes): 0
	Average total size (kbytes): 0
	Maximum resident set size (kbytes): 99676
	Average resident set size (kbytes): 0
	Major (requiring I/O) page faults: 0
	Minor (reclaiming a frame) page faults: 39257
	Voluntary context switches: 4439
	Involuntary context switches: 673
	Swaps: 0
	File system inputs: 8
	File system outputs: 24
	Socket messages sent: 0
	Socket messages received: 0
	Signals delivered: 0
	Page size (bytes): 4096
	Exit status: 0
