Namespace(tool='kaki', exper=None, gml=['topologies/topzoo/Garr201201.gml', '5'], index=None, prop='SeparateWPk', prop_file=None, op_req=None, repeat=1, reduce=False, opt=False, u=False, some=False, count=False, weight_bound=None, savedir='topzoo_res/SeparateWPk/kaki/kaki-0', dump_bdd=False)
Running 5Garr201201.gml
Policy: (((((((((((((((((((WP(265-338) | WP(14-338)) | WP(143-338)) | WP(144-338)) | WP(275-338)) | WP(153-338)) | WP(156-338)) | WP(299-338)) | WP(313-338)) | WP(319-338)) | WP(193-338)) | WP(323-338)) | WP(204-338)) | WP(336-338)) | WP(83-338)) | WP(216-338)) | WP(217-338)) | WP(95-338)) | WP(96-338)) & (Reach 338))
Initial path of nodes: [8, 22, 21, 10, 55, 14, 34, 31, 33, 69, 83, 82, 71, 116, 75, 95, 92, 94, 130, 144, 143, 132, 177, 136, 156, 153, 155, 191, 205, 204, 193, 238, 197, 217, 214, 216, 252, 266, 265, 254, 299, 258, 278, 275, 277, 313, 327, 326, 315, 360, 319, 339, 336, 338]
Final path of nodes: [8, 22, 21, 18, 49, 14, 34, 31, 33, 69, 83, 82, 79, 110, 75, 96, 95, 92, 94, 130, 144, 143, 140, 171, 136, 156, 153, 155, 191, 205, 204, 201, 232, 197, 218, 217, 214, 216, 252, 266, 265, 262, 293, 258, 278, 275, 277, 313, 327, 326, 323, 354, 319, 340, 339, 336, 338]
{"Initial_routing":[[8, 22], [22, 21], [21, 10], [10, 55], [55, 14], [14, 34], [34, 31], [31, 33], [33, 69], [69, 83], [83, 82], [82, 71], [71, 116], [116, 75], [75, 95], [95, 92], [92, 94], [94, 130], [130, 144], [144, 143], [143, 132], [132, 177], [177, 136], [136, 156], [156, 153], [153, 155], [155, 191], [191, 205], [205, 204], [204, 193], [193, 238], [238, 197], [197, 217], [217, 214], [214, 216], [216, 252], [252, 266], [266, 265], [265, 254], [254, 299], [299, 258], [258, 278], [278, 275], [275, 277], [277, 313], [313, 327], [327, 326], [326, 315], [315, 360], [360, 319], [319, 339], [339, 336], [336, 338]],"Final_routing":[[8, 22], [22, 21], [21, 18], [18, 49], [49, 14], [14, 34], [34, 31], [31, 33], [33, 69], [69, 83], [83, 82], [82, 79], [79, 110], [110, 75], [75, 96], [96, 95], [95, 92], [92, 94], [94, 130], [130, 144], [144, 143], [143, 140], [140, 171], [171, 136], [136, 156], [156, 153], [153, 155], [155, 191], [191, 205], [205, 204], [204, 201], [201, 232], [232, 197], [197, 218], [218, 217], [217, 214], [214, 216], [216, 252], [252, 266], [266, 265], [265, 262], [262, 293], [293, 258], [258, 278], [278, 275], [275, 277], [277, 313], [313, 327], [327, 326], [326, 323], [323, 354], [354, 319], [319, 340], [340, 339], [339, 336], [336, 338]],"Properties":{"Waypoint": { "startNode": -1, "finalNode": -1, "waypoint": []}, "LoopFreedom": { "startNode": -1},"DFA": {"initialState": 0, "finalStates": [96,95,217,216,83,336,204,323,193,319,313,299,156,153,275,144,143,265,14], "edges": [{"from": 0, "to": 96, "label": 96},{"from": 0, "to": 95, "label": 95},{"from": 0, "to": 217, "label": 217},{"from": 0, "to": 216, "label": 216},{"from": 0, "to": 83, "label": 83},{"from": 0, "to": 336, "label": 336},{"from": 0, "to": 204, "label": 204},{"from": 0, "to": 323, "label": 323},{"from": 0, "to": 193, "label": 193},{"from": 0, "to": 319, "label": 319},{"from": 0, "to": 313, "label": 313},{"from": 0, "to": 299, "label": 299},{"from": 0, "to": 156, "label": 156},{"from": 0, "to": 153, "label": 153},{"from": 0, "to": 275, "label": 275},{"from": 0, "to": 144, "label": 144},{"from": 0, "to": 143, "label": 143},{"from": 0, "to": 265, "label": 265},{"from": 0, "to": 14, "label": 14}]},"Reachability":{"startNode":8,"finalNode":338}}}
Kaki stdout:  Version: 1.15 
 kaki/verifypn-linux64 /tmp/tmpsompg3tv
DFA generation time: 0.024 seconds 
DFA states: 34 
DFA transitions: 1649
Problem file: /tmp/tmpsompg3tv
Switches to update: 36

Decomposed topology into 6 subproblems
Topological decomposition took 0.027 seconds
Subproblem verification time: 0.043 seconds
Subproblem verification time: 0.014 seconds
Subproblem verification time: 0.014 seconds
Subproblem verification time: 0.015 seconds
Subproblem verification time: 0.013 seconds
Subproblem verification time: 0.015 seconds
Minimum batches required: 3
[[18, 49, 79, 96, 110, 140, 171, 201, 218, 232, 262, 293, 323, 340, 354], [21, 75, 82, 143, 197, 204, 265, 319, 326], [10, 55, 71, 116, 132, 177, 193, 238, 254, 299, 315, 360]]
Total program runtime: 0.339 seconds

Kaki stderr:  
Time: 0.339
Solution: []
	Command being timed: "python3 allsynth/run.py -t kaki --GML topologies/topzoo/Garr201201.gml 5 --dir topzoo_res/SeparateWPk/kaki/kaki-0 --e-prop SeparateWPk --repeat 1"
	User time (seconds): 2.58
	System time (seconds): 1.34
	Percent of CPU this job got: 315%
	Elapsed (wall clock) time (h:mm:ss or m:ss): 0:01.24
	Average shared text size (kbytes): 0
	Average unshared data size (kbytes): 0
	Average stack size (kbytes): 0
	Average total size (kbytes): 0
	Maximum resident set size (kbytes): 107152
	Average resident set size (kbytes): 0
	Major (requiring I/O) page faults: 0
	Minor (reclaiming a frame) page faults: 41448
	Voluntary context switches: 4956
	Involuntary context switches: 410
	Swaps: 0
	File system inputs: 40
	File system outputs: 32
	Socket messages sent: 0
	Socket messages received: 0
	Signals delivered: 0
	Page size (bytes): 4096
	Exit status: 0
