Namespace(tool='kaki', exper=None, gml=['topologies/topzoo/Grnet.gml', '5'], index=None, prop='SeparateWPk', prop_file=None, op_req=None, repeat=1, reduce=False, opt=False, u=False, some=False, count=False, weight_bound=None, savedir='topzoo_res/SeparateWPk/kaki/kaki-0', dump_bdd=False)
Running 5Grnet.gml
Policy: ((((((((((((WP(192-212) | WP(193-212)) | WP(102-212)) | WP(135-212)) | WP(8-212)) | WP(168-212)) | WP(42-212)) | WP(43-212)) | WP(138-212)) | WP(141-212)) | WP(78-212)) | WP(182-212)) & (Reach 212))
Initial path of nodes: [7, 6, 28, 24, 20, 8, 5, 4, 27, 44, 43, 65, 61, 57, 45, 42, 41, 64, 81, 80, 102, 98, 94, 82, 79, 78, 101, 118, 117, 139, 135, 131, 119, 116, 115, 138, 155, 154, 176, 172, 168, 156, 153, 152, 175, 192, 191, 213, 209, 205, 193, 190, 189, 212]
Final path of nodes: [7, 6, 28, 30, 34, 8, 5, 4, 27, 44, 43, 65, 67, 57, 45, 42, 41, 64, 81, 80, 102, 104, 108, 82, 79, 78, 101, 118, 117, 139, 141, 131, 119, 116, 115, 138, 155, 154, 176, 178, 182, 156, 153, 152, 175, 192, 191, 213, 215, 205, 193, 190, 189, 212]
{"Initial_routing":[[7, 6], [6, 28], [28, 24], [24, 20], [20, 8], [8, 5], [5, 4], [4, 27], [27, 44], [44, 43], [43, 65], [65, 61], [61, 57], [57, 45], [45, 42], [42, 41], [41, 64], [64, 81], [81, 80], [80, 102], [102, 98], [98, 94], [94, 82], [82, 79], [79, 78], [78, 101], [101, 118], [118, 117], [117, 139], [139, 135], [135, 131], [131, 119], [119, 116], [116, 115], [115, 138], [138, 155], [155, 154], [154, 176], [176, 172], [172, 168], [168, 156], [156, 153], [153, 152], [152, 175], [175, 192], [192, 191], [191, 213], [213, 209], [209, 205], [205, 193], [193, 190], [190, 189], [189, 212]],"Final_routing":[[7, 6], [6, 28], [28, 30], [30, 34], [34, 8], [8, 5], [5, 4], [4, 27], [27, 44], [44, 43], [43, 65], [65, 67], [67, 57], [57, 45], [45, 42], [42, 41], [41, 64], [64, 81], [81, 80], [80, 102], [102, 104], [104, 108], [108, 82], [82, 79], [79, 78], [78, 101], [101, 118], [118, 117], [117, 139], [139, 141], [141, 131], [131, 119], [119, 116], [116, 115], [115, 138], [138, 155], [155, 154], [154, 176], [176, 178], [178, 182], [182, 156], [156, 153], [153, 152], [152, 175], [175, 192], [192, 191], [191, 213], [213, 215], [215, 205], [205, 193], [193, 190], [190, 189], [189, 212]],"Properties":{"Waypoint": { "startNode": -1, "finalNode": -1, "waypoint": []}, "LoopFreedom": { "startNode": -1},"DFA": {"initialState": 0, "finalStates": [182,78,141,138,43,42,168,8,135,102,192,193], "edges": [{"from": 0, "to": 182, "label": 182},{"from": 0, "to": 78, "label": 78},{"from": 0, "to": 141, "label": 141},{"from": 0, "to": 138, "label": 138},{"from": 0, "to": 43, "label": 43},{"from": 0, "to": 42, "label": 42},{"from": 0, "to": 168, "label": 168},{"from": 0, "to": 8, "label": 8},{"from": 0, "to": 135, "label": 135},{"from": 0, "to": 102, "label": 102},{"from": 0, "to": 192, "label": 192},{"from": 0, "to": 193, "label": 193}]},"Reachability":{"startNode":7,"finalNode":212}}}
Kaki stdout:  Version: 1.15 
 kaki/verifypn-linux64 /tmp/tmpppwzbbsy
DFA generation time: 0.022 seconds 
DFA states: 24 
DFA transitions: 642
Problem file: /tmp/tmpppwzbbsy
Switches to update: 24

Decomposed topology into 6 subproblems
Topological decomposition took 0.03 seconds
Subproblem verification time: 0.05 seconds
Subproblem verification time: 0.013 seconds
Subproblem verification time: 0.013 seconds
Subproblem verification time: 0.012 seconds
Subproblem verification time: 0.014 seconds
Subproblem verification time: 0.013 seconds
Minimum batches required: 3
[[30, 34, 67, 104, 108, 141, 178, 182, 215], [28, 65, 102, 139, 176, 213], [24, 20, 61, 98, 94, 135, 172, 168, 209]]
Total program runtime: 0.366 seconds

Kaki stderr:  
Time: 0.366
Solution: []
	Command being timed: "python3 allsynth/run.py -t kaki --GML topologies/topzoo/Grnet.gml 5 --dir topzoo_res/SeparateWPk/kaki/kaki-0 --e-prop SeparateWPk --repeat 1"
	User time (seconds): 2.18
	System time (seconds): 1.46
	Percent of CPU this job got: 312%
	Elapsed (wall clock) time (h:mm:ss or m:ss): 0:01.16
	Average shared text size (kbytes): 0
	Average unshared data size (kbytes): 0
	Average stack size (kbytes): 0
	Average total size (kbytes): 0
	Maximum resident set size (kbytes): 96404
	Average resident set size (kbytes): 0
	Major (requiring I/O) page faults: 0
	Minor (reclaiming a frame) page faults: 37093
	Voluntary context switches: 4654
	Involuntary context switches: 397
	Swaps: 0
	File system inputs: 24
	File system outputs: 24
	Socket messages sent: 0
	Socket messages received: 0
	Signals delivered: 0
	Page size (bytes): 4096
	Exit status: 0
