Namespace(tool='kaki', exper=None, gml=['topologies/topzoo/GtsRomania.gml', '5'], index=None, prop='SeparateWPk', prop_file=None, op_req=None, repeat=1, reduce=False, opt=False, u=False, some=False, count=False, weight_bound=None, savedir='topzoo_res/SeparateWPk/kaki/kaki-0', dump_bdd=False)
Running 5GtsRomania.gml
Policy: ((((((((((((((WP(32-121) | WP(58-121)) | WP(102-121)) | WP(103-121)) | WP(11-121)) | WP(16-121)) | WP(81-121)) | WP(113-121)) | WP(116-121)) | WP(121-121)) | WP(26-121)) | WP(61-121)) | WP(62-121)) | WP(63-121)) & (Reach 121))
Initial path of nodes: [8, 19, 18, 20, 11, 16, 29, 40, 39, 41, 32, 37, 50, 61, 60, 62, 53, 58, 71, 82, 81, 83, 74, 79, 92, 103, 102, 104, 95, 100, 113, 124, 123, 125, 116, 121]
Final path of nodes: [8, 19, 18, 5, 0, 11, 16, 29, 40, 39, 26, 21, 32, 37, 50, 61, 60, 47, 42, 53, 58, 71, 82, 81, 68, 63, 74, 79, 92, 103, 102, 89, 84, 95, 100, 113, 124, 123, 110, 105, 116, 121]
{"Initial_routing":[[8, 19], [19, 18], [18, 20], [20, 11], [11, 16], [16, 29], [29, 40], [40, 39], [39, 41], [41, 32], [32, 37], [37, 50], [50, 61], [61, 60], [60, 62], [62, 53], [53, 58], [58, 71], [71, 82], [82, 81], [81, 83], [83, 74], [74, 79], [79, 92], [92, 103], [103, 102], [102, 104], [104, 95], [95, 100], [100, 113], [113, 124], [124, 123], [123, 125], [125, 116], [116, 121]],"Final_routing":[[8, 19], [19, 18], [18, 5], [5, 0], [0, 11], [11, 16], [16, 29], [29, 40], [40, 39], [39, 26], [26, 21], [21, 32], [32, 37], [37, 50], [50, 61], [61, 60], [60, 47], [47, 42], [42, 53], [53, 58], [58, 71], [71, 82], [82, 81], [81, 68], [68, 63], [63, 74], [74, 79], [79, 92], [92, 103], [103, 102], [102, 89], [89, 84], [84, 95], [95, 100], [100, 113], [113, 124], [124, 123], [123, 110], [110, 105], [105, 116], [116, 121]],"Properties":{"Waypoint": { "startNode": -1, "finalNode": -1, "waypoint": []}, "LoopFreedom": { "startNode": -1},"DFA": {"initialState": 0, "finalStates": [63,62,61,26,121,116,113,81,16,11,103,102,32,58], "edges": [{"from": 0, "to": 63, "label": 63},{"from": 0, "to": 62, "label": 62},{"from": 0, "to": 61, "label": 61},{"from": 0, "to": 26, "label": 26},{"from": 0, "to": 121, "label": 121},{"from": 0, "to": 116, "label": 116},{"from": 0, "to": 113, "label": 113},{"from": 0, "to": 81, "label": 81},{"from": 0, "to": 16, "label": 16},{"from": 0, "to": 11, "label": 11},{"from": 0, "to": 103, "label": 103},{"from": 0, "to": 102, "label": 102},{"from": 0, "to": 32, "label": 32},{"from": 0, "to": 58, "label": 58}]},"Reachability":{"startNode":8,"finalNode":121}}}
Kaki stdout:  Version: 1.15 
 kaki/verifypn-linux64 /tmp/tmp6p4v11q6
DFA generation time: 0.023 seconds 
DFA states: 55 
DFA transitions: 1579
Problem file: /tmp/tmp6p4v11q6
Switches to update: 24

Decomposed topology into 6 subproblems
Topological decomposition took 0.026 seconds
Subproblem verification time: 0.045 seconds
Subproblem verification time: 0.013 seconds
Subproblem verification time: 0.012 seconds
Subproblem verification time: 0.012 seconds
Subproblem verification time: 0.014 seconds
Subproblem verification time: 0.012 seconds
Minimum batches required: 3
[[5, 0, 26, 21, 47, 42, 68, 63, 89, 84, 110, 105], [18, 39, 60, 81, 102, 123], [20, 41, 62, 83, 104, 125]]
Total program runtime: 0.328 seconds

Kaki stderr:  
Time: 0.328
Solution: []
	Command being timed: "python3 allsynth/run.py -t kaki --GML topologies/topzoo/GtsRomania.gml 5 --dir topzoo_res/SeparateWPk/kaki/kaki-0 --e-prop SeparateWPk --repeat 1"
	User time (seconds): 2.20
	System time (seconds): 1.46
	Percent of CPU this job got: 349%
	Elapsed (wall clock) time (h:mm:ss or m:ss): 0:01.04
	Average shared text size (kbytes): 0
	Average unshared data size (kbytes): 0
	Average stack size (kbytes): 0
	Average total size (kbytes): 0
	Maximum resident set size (kbytes): 101548
	Average resident set size (kbytes): 0
	Major (requiring I/O) page faults: 0
	Minor (reclaiming a frame) page faults: 38317
	Voluntary context switches: 4965
	Involuntary context switches: 184
	Swaps: 0
	File system inputs: 16
	File system outputs: 24
	Socket messages sent: 0
	Socket messages received: 0
	Signals delivered: 0
	Page size (bytes): 4096
	Exit status: 0
