Namespace(tool='kaki', exper=None, gml=['topologies/topzoo/HurricaneElectric.gml', '5'], index=None, prop='SeparateWPk', prop_file=None, op_req=None, repeat=1, reduce=False, opt=False, u=False, some=False, count=False, weight_bound=None, savedir='topzoo_res/SeparateWPk/kaki/kaki-0', dump_bdd=False)
Running 5HurricaneElectric.gml
Policy: (((((((((((WP(96-137) | WP(65-137)) | WP(99-137)) | WP(36-137)) | WP(133-137)) | WP(76-137)) | WP(13-137)) | WP(47-137)) | WP(49-137)) | WP(81-137)) | WP(126-137)) & (Reach 137))
Initial path of nodes: [6, 1, 0, 12, 9, 13, 17, 30, 25, 24, 36, 33, 37, 41, 54, 49, 48, 60, 57, 61, 65, 78, 73, 72, 84, 81, 85, 89, 102, 97, 96, 108, 105, 109, 113, 126, 121, 120, 132, 129, 133, 137]
Final path of nodes: [6, 1, 3, 23, 4, 13, 17, 30, 25, 27, 47, 28, 37, 41, 54, 49, 51, 71, 52, 61, 65, 78, 73, 75, 95, 76, 85, 89, 102, 97, 99, 119, 100, 109, 113, 126, 121, 123, 143, 124, 133, 137]
{"Initial_routing":[[6, 1], [1, 0], [0, 12], [12, 9], [9, 13], [13, 17], [17, 30], [30, 25], [25, 24], [24, 36], [36, 33], [33, 37], [37, 41], [41, 54], [54, 49], [49, 48], [48, 60], [60, 57], [57, 61], [61, 65], [65, 78], [78, 73], [73, 72], [72, 84], [84, 81], [81, 85], [85, 89], [89, 102], [102, 97], [97, 96], [96, 108], [108, 105], [105, 109], [109, 113], [113, 126], [126, 121], [121, 120], [120, 132], [132, 129], [129, 133], [133, 137]],"Final_routing":[[6, 1], [1, 3], [3, 23], [23, 4], [4, 13], [13, 17], [17, 30], [30, 25], [25, 27], [27, 47], [47, 28], [28, 37], [37, 41], [41, 54], [54, 49], [49, 51], [51, 71], [71, 52], [52, 61], [61, 65], [65, 78], [78, 73], [73, 75], [75, 95], [95, 76], [76, 85], [85, 89], [89, 102], [102, 97], [97, 99], [99, 119], [119, 100], [100, 109], [109, 113], [113, 126], [126, 121], [121, 123], [123, 143], [143, 124], [124, 133], [133, 137]],"Properties":{"Waypoint": { "startNode": -1, "finalNode": -1, "waypoint": []}, "LoopFreedom": { "startNode": -1},"DFA": {"initialState": 0, "finalStates": [126,81,49,47,13,76,133,36,99,96,65], "edges": [{"from": 0, "to": 126, "label": 126},{"from": 0, "to": 81, "label": 81},{"from": 0, "to": 49, "label": 49},{"from": 0, "to": 47, "label": 47},{"from": 0, "to": 13, "label": 13},{"from": 0, "to": 76, "label": 76},{"from": 0, "to": 133, "label": 133},{"from": 0, "to": 36, "label": 36},{"from": 0, "to": 99, "label": 99},{"from": 0, "to": 96, "label": 96},{"from": 0, "to": 65, "label": 65}]},"Reachability":{"startNode":6,"finalNode":137}}}
Kaki stdout:  Version: 1.15 
 kaki/verifypn-linux64 /tmp/tmp65q6064_
DFA generation time: 0.032 seconds 
DFA states: 36 
DFA transitions: 1613
Problem file: /tmp/tmp65q6064_
Switches to update: 42

Decomposed topology into 6 subproblems
Topological decomposition took 0.022 seconds
Subproblem verification time: 0.053 seconds
Subproblem verification time: 0.014 seconds
Subproblem verification time: 0.015 seconds
Subproblem verification time: 0.014 seconds
Subproblem verification time: 0.015 seconds
Subproblem verification time: 0.015 seconds
Minimum batches required: 3
[[3, 23, 4, 27, 47, 28, 51, 71, 52, 75, 95, 76, 99, 119, 100, 123, 143, 124], [1, 25, 49, 73, 97, 121], [0, 12, 9, 24, 36, 33, 48, 60, 57, 72, 84, 81, 96, 108, 105, 120, 132, 129]]
Total program runtime: 0.365 seconds

Kaki stderr:  
Time: 0.365
Solution: []
	Command being timed: "python3 allsynth/run.py -t kaki --GML topologies/topzoo/HurricaneElectric.gml 5 --dir topzoo_res/SeparateWPk/kaki/kaki-0 --e-prop SeparateWPk --repeat 1"
	User time (seconds): 2.37
	System time (seconds): 1.43
	Percent of CPU this job got: 364%
	Elapsed (wall clock) time (h:mm:ss or m:ss): 0:01.04
	Average shared text size (kbytes): 0
	Average unshared data size (kbytes): 0
	Average stack size (kbytes): 0
	Average total size (kbytes): 0
	Maximum resident set size (kbytes): 106600
	Average resident set size (kbytes): 0
	Major (requiring I/O) page faults: 0
	Minor (reclaiming a frame) page faults: 41170
	Voluntary context switches: 4467
	Involuntary context switches: 237
	Swaps: 0
	File system inputs: 16
	File system outputs: 24
	Socket messages sent: 0
	Socket messages received: 0
	Signals delivered: 0
	Page size (bytes): 4096
	Exit status: 0
