Namespace(tool='kaki', exper=None, gml=['topologies/topzoo/Internetmci.gml', '5'], index=None, prop='SeparateWPk', prop_file=None, op_req=None, repeat=1, reduce=False, opt=False, u=False, some=False, count=False, weight_bound=None, savedir='topzoo_res/SeparateWPk/kaki/kaki-0', dump_bdd=False)
Running 5Internetmci.gml
Policy: ((((((((((WP(98-113) | WP(37-113)) | WP(38-113)) | WP(73-113)) | WP(76-113)) | WP(46-113)) | WP(78-113)) | WP(19-113)) | WP(57-113)) | WP(95-113)) & (Reach 113))
Initial path of nodes: [0, 3, 16, 8, 18, 19, 22, 35, 27, 37, 38, 41, 54, 46, 56, 57, 60, 73, 65, 75, 76, 79, 92, 84, 94, 95, 98, 111, 103, 113]
Final path of nodes: [0, 3, 16, 17, 18, 19, 22, 34, 35, 36, 37, 38, 39, 40, 47, 46, 56, 57, 60, 72, 73, 74, 75, 76, 77, 78, 85, 84, 94, 95, 98, 110, 111, 112, 113]
{"Initial_routing":[[0, 3], [3, 16], [16, 8], [8, 18], [18, 19], [19, 22], [22, 35], [35, 27], [27, 37], [37, 38], [38, 41], [41, 54], [54, 46], [46, 56], [56, 57], [57, 60], [60, 73], [73, 65], [65, 75], [75, 76], [76, 79], [79, 92], [92, 84], [84, 94], [94, 95], [95, 98], [98, 111], [111, 103], [103, 113]],"Final_routing":[[0, 3], [3, 16], [16, 17], [17, 18], [18, 19], [19, 22], [22, 34], [34, 35], [35, 36], [36, 37], [37, 38], [38, 39], [39, 40], [40, 47], [47, 46], [46, 56], [56, 57], [57, 60], [60, 72], [72, 73], [73, 74], [74, 75], [75, 76], [76, 77], [77, 78], [78, 85], [85, 84], [84, 94], [94, 95], [95, 98], [98, 110], [110, 111], [111, 112], [112, 113]],"Properties":{"Waypoint": { "startNode": -1, "finalNode": -1, "waypoint": []}, "LoopFreedom": { "startNode": -1},"DFA": {"initialState": 0, "finalStates": [95,57,19,78,46,76,73,38,98,37], "edges": [{"from": 0, "to": 95, "label": 95},{"from": 0, "to": 57, "label": 57},{"from": 0, "to": 19, "label": 19},{"from": 0, "to": 78, "label": 78},{"from": 0, "to": 46, "label": 46},{"from": 0, "to": 76, "label": 76},{"from": 0, "to": 73, "label": 73},{"from": 0, "to": 38, "label": 38},{"from": 0, "to": 98, "label": 98},{"from": 0, "to": 37, "label": 37}]},"Reachability":{"startNode":0,"finalNode":113}}}
Kaki stdout:  Version: 1.15 
 kaki/verifypn-linux64 /tmp/tmpqvdu1sjw
DFA generation time: 0.022 seconds 
DFA states: 48 
DFA transitions: 1685
Problem file: /tmp/tmpqvdu1sjw
Switches to update: 30

Decomposed topology into 6 subproblems
Topological decomposition took 0.021 seconds
Subproblem verification time: 0.056 seconds
Subproblem verification time: 0.015 seconds
Subproblem verification time: 0.016 seconds
Subproblem verification time: 0.015 seconds
Subproblem verification time: 0.016 seconds
Subproblem verification time: 0.016 seconds
Minimum batches required: 3
[[17, 34, 36, 39, 40, 47, 72, 74, 77, 78, 85, 110, 112], [16, 35, 22, 38, 73, 60, 76, 111, 98], [8, 27, 41, 54, 65, 79, 92, 103]]
Total program runtime: 0.371 seconds

Kaki stderr:  
Time: 0.371
Solution: []
	Command being timed: "python3 allsynth/run.py -t kaki --GML topologies/topzoo/Internetmci.gml 5 --dir topzoo_res/SeparateWPk/kaki/kaki-0 --e-prop SeparateWPk --repeat 1"
	User time (seconds): 2.26
	System time (seconds): 1.49
	Percent of CPU this job got: 355%
	Elapsed (wall clock) time (h:mm:ss or m:ss): 0:01.05
	Average shared text size (kbytes): 0
	Average unshared data size (kbytes): 0
	Average stack size (kbytes): 0
	Average total size (kbytes): 0
	Maximum resident set size (kbytes): 101496
	Average resident set size (kbytes): 0
	Major (requiring I/O) page faults: 0
	Minor (reclaiming a frame) page faults: 39295
	Voluntary context switches: 4417
	Involuntary context switches: 190
	Swaps: 0
	File system inputs: 24
	File system outputs: 24
	Socket messages sent: 0
	Socket messages received: 0
	Signals delivered: 0
	Page size (bytes): 4096
	Exit status: 0
