Namespace(tool='kaki', exper=None, gml=['topologies/topzoo/KentmanJan2011.gml', '5'], index=None, prop='SeparateWPk', prop_file=None, op_req=None, repeat=1, reduce=False, opt=False, u=False, some=False, count=False, weight_bound=None, savedir='topzoo_res/SeparateWPk/kaki/kaki-0', dump_bdd=False)
Running 5KentmanJan2011.gml
Policy: ((((((((((((((((WP(195-227) | WP(132-227)) | WP(71-227)) | WP(170-227)) | WP(43-227)) | WP(76-227)) | WP(111-227)) | WP(113-227)) | WP(18-227)) | WP(220-227)) | WP(119-227)) | WP(152-227)) | WP(94-227)) | WP(190-227)) | WP(157-227)) | WP(30-227)) & (Reach 227))
Initial path of nodes: [0, 35, 5, 33, 18, 30, 37, 38, 73, 43, 71, 56, 68, 75, 76, 111, 81, 109, 94, 106, 113, 114, 149, 119, 147, 132, 144, 151, 152, 187, 157, 185, 170, 182, 189, 190, 225, 195, 223, 208, 220, 227]
Final path of nodes: [0, 35, 5, 12, 33, 18, 30, 37, 38, 73, 43, 71, 56, 68, 75, 76, 111, 81, 88, 109, 94, 106, 113, 114, 149, 119, 147, 132, 144, 151, 152, 187, 157, 164, 185, 170, 182, 189, 190, 225, 195, 223, 208, 220, 227]
{"Initial_routing":[[0, 35], [35, 5], [5, 33], [33, 18], [18, 30], [30, 37], [37, 38], [38, 73], [73, 43], [43, 71], [71, 56], [56, 68], [68, 75], [75, 76], [76, 111], [111, 81], [81, 109], [109, 94], [94, 106], [106, 113], [113, 114], [114, 149], [149, 119], [119, 147], [147, 132], [132, 144], [144, 151], [151, 152], [152, 187], [187, 157], [157, 185], [185, 170], [170, 182], [182, 189], [189, 190], [190, 225], [225, 195], [195, 223], [223, 208], [208, 220], [220, 227]],"Final_routing":[[0, 35], [35, 5], [5, 12], [12, 33], [33, 18], [18, 30], [30, 37], [37, 38], [38, 73], [73, 43], [43, 71], [71, 56], [56, 68], [68, 75], [75, 76], [76, 111], [111, 81], [81, 88], [88, 109], [109, 94], [94, 106], [106, 113], [113, 114], [114, 149], [149, 119], [119, 147], [147, 132], [132, 144], [144, 151], [151, 152], [152, 187], [187, 157], [157, 164], [164, 185], [185, 170], [170, 182], [182, 189], [189, 190], [190, 225], [225, 195], [195, 223], [223, 208], [208, 220], [220, 227]],"Properties":{"Waypoint": { "startNode": -1, "finalNode": -1, "waypoint": []}, "LoopFreedom": { "startNode": -1},"DFA": {"initialState": 0, "finalStates": [30,157,190,94,152,119,220,18,113,111,76,43,170,71,195,132], "edges": [{"from": 0, "to": 30, "label": 30},{"from": 0, "to": 157, "label": 157},{"from": 0, "to": 190, "label": 190},{"from": 0, "to": 94, "label": 94},{"from": 0, "to": 152, "label": 152},{"from": 0, "to": 119, "label": 119},{"from": 0, "to": 220, "label": 220},{"from": 0, "to": 18, "label": 18},{"from": 0, "to": 113, "label": 113},{"from": 0, "to": 111, "label": 111},{"from": 0, "to": 76, "label": 76},{"from": 0, "to": 43, "label": 43},{"from": 0, "to": 170, "label": 170},{"from": 0, "to": 71, "label": 71},{"from": 0, "to": 195, "label": 195},{"from": 0, "to": 132, "label": 132}]},"Reachability":{"startNode":0,"finalNode":227}}}
Kaki stdout:  Version: 1.15 
 kaki/verifypn-linux64 /tmp/tmpfkgy7td9
DFA generation time: 0.022 seconds 
DFA states: 36 
DFA transitions: 806
Problem file: /tmp/tmpfkgy7td9
Switches to update: 6

Decomposed topology into 3 subproblems
Topological decomposition took 0.013 seconds
Subproblem verification time: 0.045 seconds
Subproblem verification time: 0.012 seconds
Subproblem verification time: 0.012 seconds
Minimum batches required: 2
[[12, 88, 164], [5, 81, 157]]
Total program runtime: 0.256 seconds

Kaki stderr:  
Time: 0.256
Solution: []
	Command being timed: "python3 allsynth/run.py -t kaki --GML topologies/topzoo/KentmanJan2011.gml 5 --dir topzoo_res/SeparateWPk/kaki/kaki-0 --e-prop SeparateWPk --repeat 1"
	User time (seconds): 1.94
	System time (seconds): 1.37
	Percent of CPU this job got: 309%
	Elapsed (wall clock) time (h:mm:ss or m:ss): 0:01.07
	Average shared text size (kbytes): 0
	Average unshared data size (kbytes): 0
	Average stack size (kbytes): 0
	Average total size (kbytes): 0
	Maximum resident set size (kbytes): 87968
	Average resident set size (kbytes): 0
	Major (requiring I/O) page faults: 0
	Minor (reclaiming a frame) page faults: 30328
	Voluntary context switches: 3516
	Involuntary context switches: 444
	Swaps: 0
	File system inputs: 24
	File system outputs: 24
	Socket messages sent: 0
	Socket messages received: 0
	Signals delivered: 0
	Page size (bytes): 4096
	Exit status: 0
