Namespace(tool='kaki', exper=None, gml=['topologies/topzoo/LambdaNet.gml', '5'], index=None, prop='SeparateWPk', prop_file=None, op_req=None, repeat=1, reduce=False, opt=False, u=False, some=False, count=False, weight_bound=None, savedir='topzoo_res/SeparateWPk/kaki/kaki-0', dump_bdd=False)
Running 5LambdaNet.gml
Policy: ((((((((((((((((((((((((((((((((((((WP(5-235) | WP(133-235)) | WP(137-235)) | WP(139-235)) | WP(16-235)) | WP(150-235)) | WP(151-235)) | WP(26-235)) | WP(31-235)) | WP(159-235)) | WP(164-235)) | WP(40-235)) | WP(171-235)) | WP(46-235)) | WP(176-235)) | WP(183-235)) | WP(56-235)) | WP(67-235)) | WP(69-235)) | WP(74-235)) | WP(75-235)) | WP(204-235)) | WP(79-235)) | WP(209-235)) | WP(86-235)) | WP(215-235)) | WP(90-235)) | WP(220-235)) | WP(226-235)) | WP(105-235)) | WP(236-235)) | WP(241-235)) | WP(114-235)) | WP(119-235)) | WP(250-235)) | WP(123-235)) & (Reach 235))
Initial path of nodes: [10, 33, 2, 11, 3, 5, 4, 6, 7, 8, 26, 27, 21, 25, 52, 75, 44, 53, 45, 47, 46, 48, 49, 50, 68, 69, 63, 67, 94, 117, 86, 95, 87, 89, 88, 90, 91, 92, 110, 111, 105, 109, 136, 159, 128, 137, 129, 131, 130, 132, 133, 134, 152, 153, 147, 151, 178, 201, 170, 179, 171, 173, 172, 174, 175, 176, 194, 195, 189, 193, 220, 243, 212, 221, 213, 215, 214, 216, 217, 218, 236, 237, 231, 235]
Final path of nodes: [10, 33, 32, 41, 39, 40, 38, 37, 36, 35, 16, 13, 14, 15, 30, 31, 24, 25, 52, 75, 74, 83, 81, 82, 80, 79, 78, 77, 58, 55, 56, 57, 72, 73, 66, 67, 94, 117, 116, 125, 123, 124, 122, 121, 120, 119, 100, 97, 98, 99, 114, 115, 108, 109, 136, 159, 158, 167, 165, 166, 164, 163, 162, 161, 142, 139, 140, 141, 156, 157, 150, 151, 178, 201, 200, 209, 207, 208, 206, 205, 204, 203, 184, 181, 182, 183, 198, 199, 192, 193, 220, 243, 242, 251, 249, 250, 248, 247, 246, 245, 226, 223, 224, 225, 240, 241, 234, 235]
{"Initial_routing":[[10, 33], [33, 2], [2, 11], [11, 3], [3, 5], [5, 4], [4, 6], [6, 7], [7, 8], [8, 26], [26, 27], [27, 21], [21, 25], [25, 52], [52, 75], [75, 44], [44, 53], [53, 45], [45, 47], [47, 46], [46, 48], [48, 49], [49, 50], [50, 68], [68, 69], [69, 63], [63, 67], [67, 94], [94, 117], [117, 86], [86, 95], [95, 87], [87, 89], [89, 88], [88, 90], [90, 91], [91, 92], [92, 110], [110, 111], [111, 105], [105, 109], [109, 136], [136, 159], [159, 128], [128, 137], [137, 129], [129, 131], [131, 130], [130, 132], [132, 133], [133, 134], [134, 152], [152, 153], [153, 147], [147, 151], [151, 178], [178, 201], [201, 170], [170, 179], [179, 171], [171, 173], [173, 172], [172, 174], [174, 175], [175, 176], [176, 194], [194, 195], [195, 189], [189, 193], [193, 220], [220, 243], [243, 212], [212, 221], [221, 213], [213, 215], [215, 214], [214, 216], [216, 217], [217, 218], [218, 236], [236, 237], [237, 231], [231, 235]],"Final_routing":[[10, 33], [33, 32], [32, 41], [41, 39], [39, 40], [40, 38], [38, 37], [37, 36], [36, 35], [35, 16], [16, 13], [13, 14], [14, 15], [15, 30], [30, 31], [31, 24], [24, 25], [25, 52], [52, 75], [75, 74], [74, 83], [83, 81], [81, 82], [82, 80], [80, 79], [79, 78], [78, 77], [77, 58], [58, 55], [55, 56], [56, 57], [57, 72], [72, 73], [73, 66], [66, 67], [67, 94], [94, 117], [117, 116], [116, 125], [125, 123], [123, 124], [124, 122], [122, 121], [121, 120], [120, 119], [119, 100], [100, 97], [97, 98], [98, 99], [99, 114], [114, 115], [115, 108], [108, 109], [109, 136], [136, 159], [159, 158], [158, 167], [167, 165], [165, 166], [166, 164], [164, 163], [163, 162], [162, 161], [161, 142], [142, 139], [139, 140], [140, 141], [141, 156], [156, 157], [157, 150], [150, 151], [151, 178], [178, 201], [201, 200], [200, 209], [209, 207], [207, 208], [208, 206], [206, 205], [205, 204], [204, 203], [203, 184], [184, 181], [181, 182], [182, 183], [183, 198], [198, 199], [199, 192], [192, 193], [193, 220], [220, 243], [243, 242], [242, 251], [251, 249], [249, 250], [250, 248], [248, 247], [247, 246], [246, 245], [245, 226], [226, 223], [223, 224], [224, 225], [225, 240], [240, 241], [241, 234], [234, 235]],"Properties":{"Waypoint": { "startNode": -1, "finalNode": -1, "waypoint": []}, "LoopFreedom": { "startNode": -1},"DFA": {"initialState": 0, "finalStates": [123,250,119,114,241,236,105,226,220,90,215,86,209,79,204,75,74,69,67,56,183,176,46,171,40,164,159,31,26,151,150,16,139,137,5,133], "edges": [{"from": 0, "to": 123, "label": 123},{"from": 0, "to": 250, "label": 250},{"from": 0, "to": 119, "label": 119},{"from": 0, "to": 114, "label": 114},{"from": 0, "to": 241, "label": 241},{"from": 0, "to": 236, "label": 236},{"from": 0, "to": 105, "label": 105},{"from": 0, "to": 226, "label": 226},{"from": 0, "to": 220, "label": 220},{"from": 0, "to": 90, "label": 90},{"from": 0, "to": 215, "label": 215},{"from": 0, "to": 86, "label": 86},{"from": 0, "to": 209, "label": 209},{"from": 0, "to": 79, "label": 79},{"from": 0, "to": 204, "label": 204},{"from": 0, "to": 75, "label": 75},{"from": 0, "to": 74, "label": 74},{"from": 0, "to": 69, "label": 69},{"from": 0, "to": 67, "label": 67},{"from": 0, "to": 56, "label": 56},{"from": 0, "to": 183, "label": 183},{"from": 0, "to": 176, "label": 176},{"from": 0, "to": 46, "label": 46},{"from": 0, "to": 171, "label": 171},{"from": 0, "to": 40, "label": 40},{"from": 0, "to": 164, "label": 164},{"from": 0, "to": 159, "label": 159},{"from": 0, "to": 31, "label": 31},{"from": 0, "to": 26, "label": 26},{"from": 0, "to": 151, "label": 151},{"from": 0, "to": 150, "label": 150},{"from": 0, "to": 16, "label": 16},{"from": 0, "to": 139, "label": 139},{"from": 0, "to": 137, "label": 137},{"from": 0, "to": 5, "label": 5},{"from": 0, "to": 133, "label": 133}]},"Reachability":{"startNode":10,"finalNode":235}}}
Kaki stdout:  Version: 1.15 
 kaki/verifypn-linux64 /tmp/tmpowamqgby
DFA generation time: 0.059 seconds 
DFA states: 56 
DFA transitions: 8365
Problem file: /tmp/tmpowamqgby
Switches to update: 162

Decomposed topology into 1 subproblems
Topological decomposition took 0.102 seconds
Subproblem verification time: 11.281 seconds
Minimum batches required: 3
[[32, 74, 116, 158, 200, 242, 41, 39, 40, 38, 37, 36, 35, 16, 13, 14, 15, 30, 31, 24, 83, 81, 82, 80, 79, 78, 77, 58, 55, 56, 57, 72, 73, 66, 125, 123, 124, 122, 121, 120, 119, 100, 97, 98, 99, 114, 115, 108, 167, 165, 166, 164, 163, 162, 161, 142, 139, 140, 141, 156, 157, 150, 209, 207, 208, 206, 205, 204, 203, 184, 181, 182, 183, 198, 199, 192, 251, 249, 250, 248, 247, 246, 245, 226, 223, 224, 225, 240, 241, 234], [243, 201, 159, 117, 75, 33], [2, 11, 3, 5, 4, 6, 7, 8, 26, 27, 21, 44, 53, 45, 47, 46, 48, 49, 50, 68, 69, 63, 86, 95, 87, 89, 88, 90, 91, 92, 110, 111, 105, 128, 137, 129, 131, 130, 132, 133, 134, 152, 153, 147, 170, 179, 171, 173, 172, 174, 175, 176, 194, 195, 189, 212, 221, 213, 215, 214, 216, 217, 218, 236, 237, 231]]
Total program runtime: 13.789 seconds

Kaki stderr:  
Time: 13.789
Solution: []
	Command being timed: "python3 allsynth/run.py -t kaki --GML topologies/topzoo/LambdaNet.gml 5 --dir topzoo_res/SeparateWPk/kaki/kaki-0 --e-prop SeparateWPk --repeat 1"
	User time (seconds): 18.73
	System time (seconds): 2.06
	Percent of CPU this job got: 143%
	Elapsed (wall clock) time (h:mm:ss or m:ss): 0:14.54
	Average shared text size (kbytes): 0
	Average unshared data size (kbytes): 0
	Average stack size (kbytes): 0
	Average total size (kbytes): 0
	Maximum resident set size (kbytes): 626816
	Average resident set size (kbytes): 0
	Major (requiring I/O) page faults: 0
	Minor (reclaiming a frame) page faults: 97707
	Voluntary context switches: 6595
	Involuntary context switches: 2121
	Swaps: 0
	File system inputs: 16
	File system outputs: 32
	Socket messages sent: 0
	Socket messages received: 0
	Signals delivered: 0
	Page size (bytes): 4096
	Exit status: 0
