Namespace(tool='kaki', exper=None, gml=['topologies/topzoo/Latnet.gml', '5'], index=None, prop='SeparateWPk', prop_file=None, op_req=None, repeat=1, reduce=False, opt=False, u=False, some=False, count=False, weight_bound=None, savedir='topzoo_res/SeparateWPk/kaki/kaki-0', dump_bdd=False)
Running 5Latnet.gml
Policy: (((((((((((((((((((((WP(129-413) | WP(273-413)) | WP(405-413)) | WP(26-413)) | WP(288-413)) | WP(289-413)) | WP(37-413)) | WP(166-413)) | WP(168-413)) | WP(314-413)) | WP(315-413)) | WP(344-413)) | WP(233-413)) | WP(106-413)) | WP(236-413)) | WP(111-413)) | WP(371-413)) | WP(373-413)) | WP(375-413)) | WP(248-413)) | WP(382-413)) & (Reach 413))
Initial path of nodes: [60, 41, 12, 13, 28, 37, 29, 38, 39, 30, 26, 66, 68, 70, 75, 111, 99, 108, 107, 98, 106, 97, 82, 81, 110, 129, 198, 179, 150, 151, 166, 175, 167, 176, 177, 168, 164, 204, 206, 267, 248, 219, 220, 235, 244, 236, 245, 246, 237, 233, 273, 275, 336, 317, 288, 289, 304, 313, 305, 314, 315, 306, 302, 342, 344, 405, 386, 357, 358, 373, 382, 374, 383, 384, 375, 371, 411, 413]
Final path of nodes: [60, 41, 12, 13, 28, 37, 29, 38, 39, 30, 26, 66, 68, 70, 75, 111, 99, 108, 107, 98, 106, 97, 82, 81, 110, 129, 198, 179, 150, 151, 166, 175, 167, 176, 177, 168, 164, 204, 206, 267, 248, 219, 220, 235, 244, 236, 245, 246, 237, 238, 233, 273, 275, 336, 317, 288, 289, 304, 313, 305, 314, 315, 306, 302, 342, 344, 405, 386, 357, 358, 373, 382, 374, 383, 384, 375, 376, 371, 411, 413]
{"Initial_routing":[[60, 41], [41, 12], [12, 13], [13, 28], [28, 37], [37, 29], [29, 38], [38, 39], [39, 30], [30, 26], [26, 66], [66, 68], [68, 70], [70, 75], [75, 111], [111, 99], [99, 108], [108, 107], [107, 98], [98, 106], [106, 97], [97, 82], [82, 81], [81, 110], [110, 129], [129, 198], [198, 179], [179, 150], [150, 151], [151, 166], [166, 175], [175, 167], [167, 176], [176, 177], [177, 168], [168, 164], [164, 204], [204, 206], [206, 267], [267, 248], [248, 219], [219, 220], [220, 235], [235, 244], [244, 236], [236, 245], [245, 246], [246, 237], [237, 233], [233, 273], [273, 275], [275, 336], [336, 317], [317, 288], [288, 289], [289, 304], [304, 313], [313, 305], [305, 314], [314, 315], [315, 306], [306, 302], [302, 342], [342, 344], [344, 405], [405, 386], [386, 357], [357, 358], [358, 373], [373, 382], [382, 374], [374, 383], [383, 384], [384, 375], [375, 371], [371, 411], [411, 413]],"Final_routing":[[60, 41], [41, 12], [12, 13], [13, 28], [28, 37], [37, 29], [29, 38], [38, 39], [39, 30], [30, 26], [26, 66], [66, 68], [68, 70], [70, 75], [75, 111], [111, 99], [99, 108], [108, 107], [107, 98], [98, 106], [106, 97], [97, 82], [82, 81], [81, 110], [110, 129], [129, 198], [198, 179], [179, 150], [150, 151], [151, 166], [166, 175], [175, 167], [167, 176], [176, 177], [177, 168], [168, 164], [164, 204], [204, 206], [206, 267], [267, 248], [248, 219], [219, 220], [220, 235], [235, 244], [244, 236], [236, 245], [245, 246], [246, 237], [237, 238], [238, 233], [233, 273], [273, 275], [275, 336], [336, 317], [317, 288], [288, 289], [289, 304], [304, 313], [313, 305], [305, 314], [314, 315], [315, 306], [306, 302], [302, 342], [342, 344], [344, 405], [405, 386], [386, 357], [357, 358], [358, 373], [373, 382], [382, 374], [374, 383], [383, 384], [384, 375], [375, 376], [376, 371], [371, 411], [411, 413]],"Properties":{"Waypoint": { "startNode": -1, "finalNode": -1, "waypoint": []}, "LoopFreedom": { "startNode": -1},"DFA": {"initialState": 0, "finalStates": [382,248,375,373,371,111,236,106,233,344,315,314,168,166,37,289,288,26,405,129,273], "edges": [{"from": 0, "to": 382, "label": 382},{"from": 0, "to": 248, "label": 248},{"from": 0, "to": 375, "label": 375},{"from": 0, "to": 373, "label": 373},{"from": 0, "to": 371, "label": 371},{"from": 0, "to": 111, "label": 111},{"from": 0, "to": 236, "label": 236},{"from": 0, "to": 106, "label": 106},{"from": 0, "to": 233, "label": 233},{"from": 0, "to": 344, "label": 344},{"from": 0, "to": 315, "label": 315},{"from": 0, "to": 314, "label": 314},{"from": 0, "to": 168, "label": 168},{"from": 0, "to": 166, "label": 166},{"from": 0, "to": 37, "label": 37},{"from": 0, "to": 289, "label": 289},{"from": 0, "to": 288, "label": 288},{"from": 0, "to": 26, "label": 26},{"from": 0, "to": 405, "label": 405},{"from": 0, "to": 129, "label": 129},{"from": 0, "to": 273, "label": 273}]},"Reachability":{"startNode":60,"finalNode":413}}}
Kaki stdout:  Version: 1.15 
 kaki/verifypn-linux64 /tmp/tmpaogkpsjz
DFA generation time: 0.028 seconds 
DFA states: 23 
DFA transitions: 581
Problem file: /tmp/tmpaogkpsjz
Switches to update: 4

Decomposed topology into 2 subproblems
Topological decomposition took 0.018 seconds
Subproblem verification time: 0.041 seconds
Subproblem verification time: 0.012 seconds
Minimum batches required: 2
[[238, 376], [237, 375]]
Total program runtime: 0.245 seconds

Kaki stderr:  
Time: 0.245
Solution: []
	Command being timed: "python3 allsynth/run.py -t kaki --GML topologies/topzoo/Latnet.gml 5 --dir topzoo_res/SeparateWPk/kaki/kaki-0 --e-prop SeparateWPk --repeat 1"
	User time (seconds): 1.99
	System time (seconds): 1.37
	Percent of CPU this job got: 313%
	Elapsed (wall clock) time (h:mm:ss or m:ss): 0:01.07
	Average shared text size (kbytes): 0
	Average unshared data size (kbytes): 0
	Average stack size (kbytes): 0
	Average total size (kbytes): 0
	Maximum resident set size (kbytes): 92428
	Average resident set size (kbytes): 0
	Major (requiring I/O) page faults: 0
	Minor (reclaiming a frame) page faults: 30314
	Voluntary context switches: 3993
	Involuntary context switches: 661
	Swaps: 0
	File system inputs: 48
	File system outputs: 32
	Socket messages sent: 0
	Socket messages received: 0
	Signals delivered: 0
	Page size (bytes): 4096
	Exit status: 0
