Namespace(tool='kaki', exper=None, gml=['topologies/topzoo/Rhnet.gml', '5'], index=None, prop='SeparateWPk', prop_file=None, op_req=None, repeat=1, reduce=False, opt=False, u=False, some=False, count=False, weight_bound=None, savedir='topzoo_res/SeparateWPk/kaki/kaki-0', dump_bdd=False)
Running 5Rhnet.gml
Policy: ((((((((((((((((((((((WP(7-87) | WP(8-87)) | WP(12-87)) | WP(19-87)) | WP(22-87)) | WP(27-87)) | WP(31-87)) | WP(33-87)) | WP(38-87)) | WP(46-87)) | WP(51-87)) | WP(55-87)) | WP(58-87)) | WP(61-87)) | WP(64-87)) | WP(70-87)) | WP(73-87)) | WP(75-87)) | WP(80-87)) | WP(88-87)) | WP(90-87)) | WP(95-87)) & (Reach 87))
Initial path of nodes: [0, 3, 1, 10, 9, 8, 15, 6, 7, 16, 19, 17, 26, 25, 24, 31, 22, 23, 32, 35, 33, 42, 41, 40, 47, 38, 39, 48, 51, 49, 58, 57, 56, 63, 54, 55, 64, 67, 65, 74, 73, 72, 79, 70, 71, 80, 83, 81, 90, 89, 88, 95, 86, 87]
Final path of nodes: [0, 3, 1, 10, 11, 12, 13, 14, 15, 6, 7, 16, 19, 17, 26, 27, 28, 29, 30, 31, 22, 23, 32, 34, 35, 33, 42, 43, 44, 45, 46, 47, 38, 39, 48, 51, 49, 58, 59, 60, 61, 62, 63, 54, 55, 64, 66, 67, 65, 74, 75, 76, 77, 78, 79, 70, 71, 80, 83, 81, 90, 91, 92, 93, 94, 95, 86, 87]
{"Initial_routing":[[0, 3], [3, 1], [1, 10], [10, 9], [9, 8], [8, 15], [15, 6], [6, 7], [7, 16], [16, 19], [19, 17], [17, 26], [26, 25], [25, 24], [24, 31], [31, 22], [22, 23], [23, 32], [32, 35], [35, 33], [33, 42], [42, 41], [41, 40], [40, 47], [47, 38], [38, 39], [39, 48], [48, 51], [51, 49], [49, 58], [58, 57], [57, 56], [56, 63], [63, 54], [54, 55], [55, 64], [64, 67], [67, 65], [65, 74], [74, 73], [73, 72], [72, 79], [79, 70], [70, 71], [71, 80], [80, 83], [83, 81], [81, 90], [90, 89], [89, 88], [88, 95], [95, 86], [86, 87]],"Final_routing":[[0, 3], [3, 1], [1, 10], [10, 11], [11, 12], [12, 13], [13, 14], [14, 15], [15, 6], [6, 7], [7, 16], [16, 19], [19, 17], [17, 26], [26, 27], [27, 28], [28, 29], [29, 30], [30, 31], [31, 22], [22, 23], [23, 32], [32, 34], [34, 35], [35, 33], [33, 42], [42, 43], [43, 44], [44, 45], [45, 46], [46, 47], [47, 38], [38, 39], [39, 48], [48, 51], [51, 49], [49, 58], [58, 59], [59, 60], [60, 61], [61, 62], [62, 63], [63, 54], [54, 55], [55, 64], [64, 66], [66, 67], [67, 65], [65, 74], [74, 75], [75, 76], [76, 77], [77, 78], [78, 79], [79, 70], [70, 71], [71, 80], [80, 83], [83, 81], [81, 90], [90, 91], [91, 92], [92, 93], [93, 94], [94, 95], [95, 86], [86, 87]],"Properties":{"Waypoint": { "startNode": -1, "finalNode": -1, "waypoint": []}, "LoopFreedom": { "startNode": -1},"DFA": {"initialState": 0, "finalStates": [95,90,88,80,75,73,70,64,61,58,55,51,46,38,33,31,27,22,19,12,7,8], "edges": [{"from": 0, "to": 95, "label": 95},{"from": 0, "to": 90, "label": 90},{"from": 0, "to": 88, "label": 88},{"from": 0, "to": 80, "label": 80},{"from": 0, "to": 75, "label": 75},{"from": 0, "to": 73, "label": 73},{"from": 0, "to": 70, "label": 70},{"from": 0, "to": 64, "label": 64},{"from": 0, "to": 61, "label": 61},{"from": 0, "to": 58, "label": 58},{"from": 0, "to": 55, "label": 55},{"from": 0, "to": 51, "label": 51},{"from": 0, "to": 46, "label": 46},{"from": 0, "to": 38, "label": 38},{"from": 0, "to": 33, "label": 33},{"from": 0, "to": 31, "label": 31},{"from": 0, "to": 27, "label": 27},{"from": 0, "to": 22, "label": 22},{"from": 0, "to": 19, "label": 19},{"from": 0, "to": 12, "label": 12},{"from": 0, "to": 7, "label": 7},{"from": 0, "to": 8, "label": 8}]},"Reachability":{"startNode":0,"finalNode":87}}}
Kaki stdout:  Version: 1.15 
 kaki/verifypn-linux64 /tmp/tmpg26f7uop
DFA generation time: 0.037 seconds 
DFA states: 50 
DFA transitions: 2825
Problem file: /tmp/tmpg26f7uop
Switches to update: 46

Decomposed topology into 1 subproblems
Topological decomposition took 0.036 seconds

Kaki stderr:  corrupted size vs. prev_size while consolidating

Exception in thread "main" verification.VerifyPNError: corrupted size vs. prev_size while consolidating

	at verification.Verifier.verifyQuery(verifier.kt:43)
	at verification.VerifierKt.bisectionSearch(verifier.kt:64)
	at MainKt.runProblem(main.kt:180)
	at MainKt.main(main.kt:325)

Traceback (most recent call last):
  File "/home/rasmus/Documents/dat7/AllSynth/allsynth/run.py", line 168, in <module>
    run_all_GML(savedir, config, suffix, G, p1, p2, dump=dump_bdd, num_copies=num_copies, op_req=op_req_ltl)
  File "/home/rasmus/Documents/dat7/AllSynth/allsynth/experiments.py", line 244, in run_all_GML
    exp_runner.runAll(config.repeat, foldername)
  File "/home/rasmus/Documents/dat7/AllSynth/allsynth/experiments.py", line 186, in runAll
    t, sol = e.run(repeat)
  File "/home/rasmus/Documents/dat7/AllSynth/allsynth/experiments.py", line 132, in run
    t, seq = spec.execute(repeat)
  File "/home/rasmus/Documents/dat7/AllSynth/allsynth/kaki.py", line 34, in execute
    time += float(re.search(r"Total program runtime: (\d+\.?\d*) seconds", res)[1])
TypeError: 'NoneType' object is not subscriptable
Command exited with non-zero status 1
	Command being timed: "python3 allsynth/run.py -t kaki --GML topologies/topzoo/Rhnet.gml 5 --dir topzoo_res/SeparateWPk/kaki/kaki-0 --e-prop SeparateWPk --repeat 1"
	User time (seconds): 4.31
	System time (seconds): 1.61
	Percent of CPU this job got: 256%
	Elapsed (wall clock) time (h:mm:ss or m:ss): 0:02.30
	Average shared text size (kbytes): 0
	Average unshared data size (kbytes): 0
	Average stack size (kbytes): 0
	Average total size (kbytes): 0
	Maximum resident set size (kbytes): 495168
	Average resident set size (kbytes): 0
	Major (requiring I/O) page faults: 0
	Minor (reclaiming a frame) page faults: 46004
	Voluntary context switches: 5238
	Involuntary context switches: 514
	Swaps: 0
	File system inputs: 8
	File system outputs: 16
	Socket messages sent: 0
	Socket messages received: 0
	Signals delivered: 0
	Page size (bytes): 4096
	Exit status: 1
