Namespace(tool='kaki', exper=None, gml=['topologies/topzoo/Roedunet.gml', '5'], index=None, prop='SeparateWPk', prop_file=None, op_req=None, repeat=1, reduce=False, opt=False, u=False, some=False, count=False, weight_bound=None, savedir='topzoo_res/SeparateWPk/kaki/kaki-0', dump_bdd=False)
Running 5Roedunet.gml
Policy: (((((WP(136-251) | WP(43-251)) | WP(178-251)) | WP(220-251)) | WP(94-251)) & (Reach 251))
Initial path of nodes: [10, 22, 4, 40, 41, 43, 42, 46, 78, 79, 94, 106, 88, 124, 125, 136, 148, 130, 166, 167, 178, 190, 172, 208, 209, 220, 232, 214, 250, 251]
Final path of nodes: [10, 22, 36, 40, 41, 43, 42, 82, 78, 79, 94, 106, 120, 124, 125, 136, 148, 162, 166, 167, 178, 190, 204, 208, 209, 220, 232, 246, 250, 251]
{"Initial_routing":[[10, 22], [22, 4], [4, 40], [40, 41], [41, 43], [43, 42], [42, 46], [46, 78], [78, 79], [79, 94], [94, 106], [106, 88], [88, 124], [124, 125], [125, 136], [136, 148], [148, 130], [130, 166], [166, 167], [167, 178], [178, 190], [190, 172], [172, 208], [208, 209], [209, 220], [220, 232], [232, 214], [214, 250], [250, 251]],"Final_routing":[[10, 22], [22, 36], [36, 40], [40, 41], [41, 43], [43, 42], [42, 82], [82, 78], [78, 79], [79, 94], [94, 106], [106, 120], [120, 124], [124, 125], [125, 136], [136, 148], [148, 162], [162, 166], [166, 167], [167, 178], [178, 190], [190, 204], [204, 208], [208, 209], [209, 220], [220, 232], [232, 246], [246, 250], [250, 251]],"Properties":{"Waypoint": { "startNode": -1, "finalNode": -1, "waypoint": []}, "LoopFreedom": { "startNode": -1},"DFA": {"initialState": 0, "finalStates": [94,220,178,136,43], "edges": [{"from": 0, "to": 94, "label": 94},{"from": 0, "to": 220, "label": 220},{"from": 0, "to": 178, "label": 178},{"from": 0, "to": 136, "label": 136},{"from": 0, "to": 43, "label": 43}]},"Reachability":{"startNode":10,"finalNode":251}}}
Kaki stdout:  Version: 1.15 
 kaki/verifypn-linux64 /tmp/tmpu0fz7c9r
DFA generation time: 0.014 seconds 
DFA states: 9 
DFA transitions: 91
Problem file: /tmp/tmpu0fz7c9r
Switches to update: 18

Decomposed topology into 6 subproblems
Topological decomposition took 0.007 seconds
Subproblem verification time: 0.044 seconds
Subproblem verification time: 0.013 seconds
Subproblem verification time: 0.013 seconds
Subproblem verification time: 0.013 seconds
Subproblem verification time: 0.012 seconds
Subproblem verification time: 0.012 seconds
Minimum batches required: 3
[[36, 82, 120, 162, 204, 246], [22, 42, 106, 148, 190, 232], [4, 46, 88, 130, 172, 214]]
Total program runtime: 0.289 seconds

Kaki stderr:  
Time: 0.289
Solution: []
	Command being timed: "python3 allsynth/run.py -t kaki --GML topologies/topzoo/Roedunet.gml 5 --dir topzoo_res/SeparateWPk/kaki/kaki-0 --e-prop SeparateWPk --repeat 1"
	User time (seconds): 1.89
	System time (seconds): 1.43
	Percent of CPU this job got: 306%
	Elapsed (wall clock) time (h:mm:ss or m:ss): 0:01.08
	Average shared text size (kbytes): 0
	Average unshared data size (kbytes): 0
	Average stack size (kbytes): 0
	Average total size (kbytes): 0
	Maximum resident set size (kbytes): 94044
	Average resident set size (kbytes): 0
	Major (requiring I/O) page faults: 0
	Minor (reclaiming a frame) page faults: 36376
	Voluntary context switches: 4170
	Involuntary context switches: 349
	Swaps: 0
	File system inputs: 24
	File system outputs: 24
	Socket messages sent: 0
	Socket messages received: 0
	Signals delivered: 0
	Page size (bytes): 4096
	Exit status: 0
