Namespace(tool='kaki', exper=None, gml=['topologies/topzoo/Sinet.gml', '5'], index=None, prop='SeparateWPk', prop_file=None, op_req=None, repeat=1, reduce=False, opt=False, u=False, some=False, count=False, weight_bound=None, savedir='topzoo_res/SeparateWPk/kaki/kaki-0', dump_bdd=False)
Running 5Sinet.gml
Policy: ((((((((((((((((((WP(320-443) | WP(257-443)) | WP(419-443)) | WP(295-443)) | WP(266-443)) | WP(10-443)) | WP(74-443)) | WP(207-443)) | WP(79-443)) | WP(145-443)) | WP(49-443)) | WP(148-443)) | WP(118-443)) | WP(182-443)) | WP(380-443)) | WP(412-443)) | WP(316-443)) | WP(222-443)) & (Reach 443))
Initial path of nodes: [42, 44, 34, 20, 59, 10, 0, 73, 75, 74, 79, 123, 98, 140, 144, 145, 190, 192, 182, 168, 207, 158, 148, 221, 264, 266, 256, 242, 281, 232, 222, 295, 338, 340, 330, 316, 355, 306, 296, 369, 412, 414, 404, 390, 429, 380, 370, 443]
Final path of nodes: [42, 44, 34, 35, 24, 49, 5, 0, 73, 75, 74, 84, 133, 94, 108, 118, 144, 145, 190, 192, 182, 183, 172, 197, 153, 148, 221, 264, 266, 256, 257, 246, 271, 227, 222, 295, 338, 340, 330, 331, 320, 345, 301, 296, 369, 412, 414, 404, 405, 394, 419, 375, 370, 443]
{"Initial_routing":[[42, 44], [44, 34], [34, 20], [20, 59], [59, 10], [10, 0], [0, 73], [73, 75], [75, 74], [74, 79], [79, 123], [123, 98], [98, 140], [140, 144], [144, 145], [145, 190], [190, 192], [192, 182], [182, 168], [168, 207], [207, 158], [158, 148], [148, 221], [221, 264], [264, 266], [266, 256], [256, 242], [242, 281], [281, 232], [232, 222], [222, 295], [295, 338], [338, 340], [340, 330], [330, 316], [316, 355], [355, 306], [306, 296], [296, 369], [369, 412], [412, 414], [414, 404], [404, 390], [390, 429], [429, 380], [380, 370], [370, 443]],"Final_routing":[[42, 44], [44, 34], [34, 35], [35, 24], [24, 49], [49, 5], [5, 0], [0, 73], [73, 75], [75, 74], [74, 84], [84, 133], [133, 94], [94, 108], [108, 118], [118, 144], [144, 145], [145, 190], [190, 192], [192, 182], [182, 183], [183, 172], [172, 197], [197, 153], [153, 148], [148, 221], [221, 264], [264, 266], [266, 256], [256, 257], [257, 246], [246, 271], [271, 227], [227, 222], [222, 295], [295, 338], [338, 340], [340, 330], [330, 331], [331, 320], [320, 345], [345, 301], [301, 296], [296, 369], [369, 412], [412, 414], [414, 404], [404, 405], [405, 394], [394, 419], [419, 375], [375, 370], [370, 443]],"Properties":{"Waypoint": { "startNode": -1, "finalNode": -1, "waypoint": []}, "LoopFreedom": { "startNode": -1},"DFA": {"initialState": 0, "finalStates": [222,316,412,380,182,118,148,49,145,79,207,74,10,266,295,419,320,257], "edges": [{"from": 0, "to": 222, "label": 222},{"from": 0, "to": 316, "label": 316},{"from": 0, "to": 412, "label": 412},{"from": 0, "to": 380, "label": 380},{"from": 0, "to": 182, "label": 182},{"from": 0, "to": 118, "label": 118},{"from": 0, "to": 148, "label": 148},{"from": 0, "to": 49, "label": 49},{"from": 0, "to": 145, "label": 145},{"from": 0, "to": 79, "label": 79},{"from": 0, "to": 207, "label": 207},{"from": 0, "to": 74, "label": 74},{"from": 0, "to": 10, "label": 10},{"from": 0, "to": 266, "label": 266},{"from": 0, "to": 295, "label": 295},{"from": 0, "to": 419, "label": 419},{"from": 0, "to": 320, "label": 320},{"from": 0, "to": 257, "label": 257}]},"Reachability":{"startNode":42,"finalNode":443}}}
Kaki stdout:  Version: 1.15 
 kaki/verifypn-linux64 /tmp/tmpj34v8odn
DFA generation time: 0.026 seconds 
DFA states: 35 
DFA transitions: 1904
Problem file: /tmp/tmpj34v8odn
Switches to update: 50

Decomposed topology into 1 subproblems
Topological decomposition took 0.028 seconds
Subproblem verification time: 4.65 seconds
Minimum batches required: 3
[[35, 84, 183, 257, 331, 405, 24, 49, 5, 133, 94, 108, 118, 172, 197, 153, 246, 271, 227, 320, 345, 301, 394, 419, 375], [404, 330, 256, 182, 74, 34], [20, 59, 10, 79, 123, 98, 140, 168, 207, 158, 242, 281, 232, 316, 355, 306, 390, 429, 380]]
Total program runtime: 5.437 seconds

Kaki stderr:  
Time: 5.437
Solution: []
	Command being timed: "python3 allsynth/run.py -t kaki --GML topologies/topzoo/Sinet.gml 5 --dir topzoo_res/SeparateWPk/kaki/kaki-0 --e-prop SeparateWPk --repeat 1"
	User time (seconds): 8.74
	System time (seconds): 1.50
	Percent of CPU this job got: 159%
	Elapsed (wall clock) time (h:mm:ss or m:ss): 0:06.42
	Average shared text size (kbytes): 0
	Average unshared data size (kbytes): 0
	Average stack size (kbytes): 0
	Average total size (kbytes): 0
	Maximum resident set size (kbytes): 391760
	Average resident set size (kbytes): 0
	Major (requiring I/O) page faults: 0
	Minor (reclaiming a frame) page faults: 58268
	Voluntary context switches: 4903
	Involuntary context switches: 666
	Swaps: 0
	File system inputs: 32
	File system outputs: 24
	Socket messages sent: 0
	Socket messages received: 0
	Signals delivered: 0
	Page size (bytes): 4096
	Exit status: 0
