Namespace(tool='kaki', exper=None, gml=['topologies/topzoo/Sprint.gml', '5'], index=None, prop='SeparateWPk', prop_file=None, op_req=None, repeat=1, reduce=False, opt=False, u=False, some=False, count=False, weight_bound=None, savedir='topzoo_res/SeparateWPk/kaki/kaki-0', dump_bdd=False)
Running 5Sprint.gml
Policy: (((((WP(34-57) | WP(12-57)) | WP(45-57)) | WP(23-57)) | WP(56-57)) & (Reach 57))
Initial path of nodes: [1, 10, 4, 0, 2, 12, 21, 15, 11, 13, 23, 32, 26, 22, 24, 34, 43, 37, 33, 35, 45, 54, 48, 44, 46, 56, 65, 59, 55, 57]
Final path of nodes: [1, 10, 7, 0, 2, 12, 21, 18, 11, 13, 23, 28, 29, 22, 24, 34, 43, 40, 33, 35, 45, 50, 51, 44, 46, 56, 65, 62, 55, 57]
{"Initial_routing":[[1, 10], [10, 4], [4, 0], [0, 2], [2, 12], [12, 21], [21, 15], [15, 11], [11, 13], [13, 23], [23, 32], [32, 26], [26, 22], [22, 24], [24, 34], [34, 43], [43, 37], [37, 33], [33, 35], [35, 45], [45, 54], [54, 48], [48, 44], [44, 46], [46, 56], [56, 65], [65, 59], [59, 55], [55, 57]],"Final_routing":[[1, 10], [10, 7], [7, 0], [0, 2], [2, 12], [12, 21], [21, 18], [18, 11], [11, 13], [13, 23], [23, 28], [28, 29], [29, 22], [22, 24], [24, 34], [34, 43], [43, 40], [40, 33], [33, 35], [35, 45], [45, 50], [50, 51], [51, 44], [44, 46], [46, 56], [56, 65], [65, 62], [62, 55], [55, 57]],"Properties":{"Waypoint": { "startNode": -1, "finalNode": -1, "waypoint": []}, "LoopFreedom": { "startNode": -1},"DFA": {"initialState": 0, "finalStates": [56,23,45,34,12], "edges": [{"from": 0, "to": 56, "label": 56},{"from": 0, "to": 23, "label": 23},{"from": 0, "to": 45, "label": 45},{"from": 0, "to": 34, "label": 34},{"from": 0, "to": 12, "label": 12}]},"Reachability":{"startNode":1,"finalNode":57}}}
Kaki stdout:  Version: 1.15 
 kaki/verifypn-linux64 /tmp/tmpmdchy7e3
DFA generation time: 0.016 seconds 
DFA states: 9 
DFA transitions: 93
Problem file: /tmp/tmpmdchy7e3
Switches to update: 22

Decomposed topology into 6 subproblems
Topological decomposition took 0.007 seconds
Subproblem verification time: 0.049 seconds
Subproblem verification time: 0.013 seconds
Subproblem verification time: 0.014 seconds
Subproblem verification time: 0.013 seconds
Subproblem verification time: 0.013 seconds
Subproblem verification time: 0.013 seconds
Minimum batches required: 3
[[7, 18, 28, 29, 40, 50, 51, 62], [10, 21, 23, 43, 45, 65], [4, 15, 32, 26, 37, 54, 48, 59]]
Total program runtime: 0.322 seconds

Kaki stderr:  
Time: 0.322
Solution: []
	Command being timed: "python3 allsynth/run.py -t kaki --GML topologies/topzoo/Sprint.gml 5 --dir topzoo_res/SeparateWPk/kaki/kaki-0 --e-prop SeparateWPk --repeat 1"
	User time (seconds): 1.93
	System time (seconds): 1.39
	Percent of CPU this job got: 327%
	Elapsed (wall clock) time (h:mm:ss or m:ss): 0:01.01
	Average shared text size (kbytes): 0
	Average unshared data size (kbytes): 0
	Average stack size (kbytes): 0
	Average total size (kbytes): 0
	Maximum resident set size (kbytes): 92504
	Average resident set size (kbytes): 0
	Major (requiring I/O) page faults: 0
	Minor (reclaiming a frame) page faults: 36708
	Voluntary context switches: 4423
	Involuntary context switches: 393
	Swaps: 0
	File system inputs: 8
	File system outputs: 24
	Socket messages sent: 0
	Socket messages received: 0
	Signals delivered: 0
	Page size (bytes): 4096
	Exit status: 0
