Namespace(tool='kaki', exper=None, gml=['topologies/topzoo/Syringa.gml', '5'], index=None, prop='SeparateWPk', prop_file=None, op_req=None, repeat=1, reduce=False, opt=False, u=False, some=False, count=False, weight_bound=None, savedir='topzoo_res/SeparateWPk/kaki/kaki-0', dump_bdd=False)
Running 5Syringa.gml
Policy: ((((((((((((((((((((((((((((((((((((((((((((((((((((((((((((((((((((((((WP(130-394) | WP(3-394)) | WP(393-394)) | WP(9-394)) | WP(139-394)) | WP(12-394)) | WP(138-394)) | WP(395-394)) | WP(144-394)) | WP(272-394)) | WP(274-394)) | WP(145-394)) | WP(148-394)) | WP(149-394)) | WP(150-394)) | WP(23-394)) | WP(25-394)) | WP(283-394)) | WP(156-394)) | WP(417-394)) | WP(162-394)) | WP(291-394)) | WP(419-394)) | WP(421-394)) | WP(295-394)) | WP(172-394)) | WP(429-394)) | WP(301-394)) | WP(175-394)) | WP(303-394)) | WP(49-394)) | WP(47-394)) | WP(51-394)) | WP(182-394)) | WP(311-394)) | WP(313-394)) | WP(442-394)) | WP(59-394)) | WP(189-394)) | WP(191-394)) | WP(72-394)) | WP(332-394)) | WP(78-394)) | WP(206-394)) | WP(81-394)) | WP(344-394)) | WP(217-394)) | WP(90-394)) | WP(221-394)) | WP(350-394)) | WP(223-394)) | WP(224-394)) | WP(353-394)) | WP(98-394)) | WP(222-394)) | WP(232-394)) | WP(360-394)) | WP(105-394)) | WP(107-394)) | WP(235-394)) | WP(361-394)) | WP(366-394)) | WP(367-394)) | WP(113-394)) | WP(379-394)) | WP(373-394)) | WP(245-394)) | WP(247-394)) | WP(376-394)) | WP(251-394)) | WP(382-394)) | WP(127-394)) & (Reach 394))
Initial path of nodes: [6, 1, 71, 70, 69, 72, 73, 64, 65, 2, 3, 0, 7, 4, 10, 51, 27, 54, 53, 52, 59, 58, 57, 56, 50, 49, 41, 17, 16, 25, 23, 24, 80, 75, 145, 144, 143, 146, 147, 138, 139, 76, 77, 74, 81, 78, 84, 125, 101, 128, 127, 126, 133, 132, 131, 130, 124, 123, 115, 91, 90, 99, 97, 98, 154, 149, 219, 218, 217, 220, 221, 212, 213, 150, 151, 148, 155, 152, 158, 199, 175, 202, 201, 200, 207, 206, 205, 204, 198, 197, 189, 165, 164, 173, 171, 172, 228, 223, 293, 292, 291, 294, 295, 286, 287, 224, 225, 222, 229, 226, 232, 273, 249, 276, 275, 274, 281, 280, 279, 278, 272, 271, 263, 239, 238, 247, 245, 246, 302, 297, 367, 366, 365, 368, 369, 360, 361, 298, 299, 296, 303, 300, 306, 347, 323, 350, 349, 348, 355, 354, 353, 352, 346, 345, 337, 313, 312, 321, 319, 320, 376, 371, 441, 440, 439, 442, 443, 434, 435, 372, 373, 370, 377, 374, 380, 421, 397, 424, 423, 422, 429, 428, 427, 426, 420, 419, 411, 387, 386, 395, 393, 394]
Final path of nodes: [6, 1, 71, 70, 69, 72, 73, 64, 65, 2, 3, 0, 7, 5, 43, 47, 61, 33, 15, 14, 12, 13, 31, 48, 8, 9, 29, 39, 36, 34, 25, 23, 24, 80, 75, 145, 144, 143, 146, 147, 138, 139, 76, 77, 74, 81, 79, 117, 121, 135, 107, 89, 88, 86, 87, 105, 122, 82, 83, 103, 113, 110, 108, 99, 97, 98, 154, 149, 219, 218, 217, 220, 221, 212, 213, 150, 151, 148, 155, 153, 191, 195, 209, 181, 163, 162, 160, 161, 179, 196, 156, 157, 177, 187, 184, 182, 173, 171, 172, 228, 223, 293, 292, 291, 294, 295, 286, 287, 224, 225, 222, 229, 227, 265, 269, 283, 255, 237, 236, 234, 235, 253, 270, 230, 231, 251, 261, 258, 256, 247, 245, 246, 302, 297, 367, 366, 365, 368, 369, 360, 361, 298, 299, 296, 303, 301, 339, 343, 357, 329, 311, 310, 308, 309, 327, 344, 304, 305, 325, 335, 332, 330, 321, 319, 320, 376, 371, 441, 440, 439, 442, 443, 434, 435, 372, 373, 370, 377, 375, 413, 417, 431, 403, 385, 384, 382, 383, 401, 418, 378, 379, 399, 409, 406, 404, 395, 393, 394]
{"Initial_routing":[[6, 1], [1, 71], [71, 70], [70, 69], [69, 72], [72, 73], [73, 64], [64, 65], [65, 2], [2, 3], [3, 0], [0, 7], [7, 4], [4, 10], [10, 51], [51, 27], [27, 54], [54, 53], [53, 52], [52, 59], [59, 58], [58, 57], [57, 56], [56, 50], [50, 49], [49, 41], [41, 17], [17, 16], [16, 25], [25, 23], [23, 24], [24, 80], [80, 75], [75, 145], [145, 144], [144, 143], [143, 146], [146, 147], [147, 138], [138, 139], [139, 76], [76, 77], [77, 74], [74, 81], [81, 78], [78, 84], [84, 125], [125, 101], [101, 128], [128, 127], [127, 126], [126, 133], [133, 132], [132, 131], [131, 130], [130, 124], [124, 123], [123, 115], [115, 91], [91, 90], [90, 99], [99, 97], [97, 98], [98, 154], [154, 149], [149, 219], [219, 218], [218, 217], [217, 220], [220, 221], [221, 212], [212, 213], [213, 150], [150, 151], [151, 148], [148, 155], [155, 152], [152, 158], [158, 199], [199, 175], [175, 202], [202, 201], [201, 200], [200, 207], [207, 206], [206, 205], [205, 204], [204, 198], [198, 197], [197, 189], [189, 165], [165, 164], [164, 173], [173, 171], [171, 172], [172, 228], [228, 223], [223, 293], [293, 292], [292, 291], [291, 294], [294, 295], [295, 286], [286, 287], [287, 224], [224, 225], [225, 222], [222, 229], [229, 226], [226, 232], [232, 273], [273, 249], [249, 276], [276, 275], [275, 274], [274, 281], [281, 280], [280, 279], [279, 278], [278, 272], [272, 271], [271, 263], [263, 239], [239, 238], [238, 247], [247, 245], [245, 246], [246, 302], [302, 297], [297, 367], [367, 366], [366, 365], [365, 368], [368, 369], [369, 360], [360, 361], [361, 298], [298, 299], [299, 296], [296, 303], [303, 300], [300, 306], [306, 347], [347, 323], [323, 350], [350, 349], [349, 348], [348, 355], [355, 354], [354, 353], [353, 352], [352, 346], [346, 345], [345, 337], [337, 313], [313, 312], [312, 321], [321, 319], [319, 320], [320, 376], [376, 371], [371, 441], [441, 440], [440, 439], [439, 442], [442, 443], [443, 434], [434, 435], [435, 372], [372, 373], [373, 370], [370, 377], [377, 374], [374, 380], [380, 421], [421, 397], [397, 424], [424, 423], [423, 422], [422, 429], [429, 428], [428, 427], [427, 426], [426, 420], [420, 419], [419, 411], [411, 387], [387, 386], [386, 395], [395, 393], [393, 394]],"Final_routing":[[6, 1], [1, 71], [71, 70], [70, 69], [69, 72], [72, 73], [73, 64], [64, 65], [65, 2], [2, 3], [3, 0], [0, 7], [7, 5], [5, 43], [43, 47], [47, 61], [61, 33], [33, 15], [15, 14], [14, 12], [12, 13], [13, 31], [31, 48], [48, 8], [8, 9], [9, 29], [29, 39], [39, 36], [36, 34], [34, 25], [25, 23], [23, 24], [24, 80], [80, 75], [75, 145], [145, 144], [144, 143], [143, 146], [146, 147], [147, 138], [138, 139], [139, 76], [76, 77], [77, 74], [74, 81], [81, 79], [79, 117], [117, 121], [121, 135], [135, 107], [107, 89], [89, 88], [88, 86], [86, 87], [87, 105], [105, 122], [122, 82], [82, 83], [83, 103], [103, 113], [113, 110], [110, 108], [108, 99], [99, 97], [97, 98], [98, 154], [154, 149], [149, 219], [219, 218], [218, 217], [217, 220], [220, 221], [221, 212], [212, 213], [213, 150], [150, 151], [151, 148], [148, 155], [155, 153], [153, 191], [191, 195], [195, 209], [209, 181], [181, 163], [163, 162], [162, 160], [160, 161], [161, 179], [179, 196], [196, 156], [156, 157], [157, 177], [177, 187], [187, 184], [184, 182], [182, 173], [173, 171], [171, 172], [172, 228], [228, 223], [223, 293], [293, 292], [292, 291], [291, 294], [294, 295], [295, 286], [286, 287], [287, 224], [224, 225], [225, 222], [222, 229], [229, 227], [227, 265], [265, 269], [269, 283], [283, 255], [255, 237], [237, 236], [236, 234], [234, 235], [235, 253], [253, 270], [270, 230], [230, 231], [231, 251], [251, 261], [261, 258], [258, 256], [256, 247], [247, 245], [245, 246], [246, 302], [302, 297], [297, 367], [367, 366], [366, 365], [365, 368], [368, 369], [369, 360], [360, 361], [361, 298], [298, 299], [299, 296], [296, 303], [303, 301], [301, 339], [339, 343], [343, 357], [357, 329], [329, 311], [311, 310], [310, 308], [308, 309], [309, 327], [327, 344], [344, 304], [304, 305], [305, 325], [325, 335], [335, 332], [332, 330], [330, 321], [321, 319], [319, 320], [320, 376], [376, 371], [371, 441], [441, 440], [440, 439], [439, 442], [442, 443], [443, 434], [434, 435], [435, 372], [372, 373], [373, 370], [370, 377], [377, 375], [375, 413], [413, 417], [417, 431], [431, 403], [403, 385], [385, 384], [384, 382], [382, 383], [383, 401], [401, 418], [418, 378], [378, 379], [379, 399], [399, 409], [409, 406], [406, 404], [404, 395], [395, 393], [393, 394]],"Properties":{"Waypoint": { "startNode": -1, "finalNode": -1, "waypoint": []}, "LoopFreedom": { "startNode": -1},"DFA": {"initialState": 0, "finalStates": [127,382,251,376,247,245,373,379,113,367,366,361,235,107,105,360,232,222,98,353,224,223,350,221,90,217,344,81,206,78,332,72,191,189,59,442,313,311,182,51,47,49,303,175,301,429,172,295,421,419,291,162,417,156,283,25,23,150,149,148,145,274,272,144,395,138,12,139,9,393,130,3], "edges": [{"from": 0, "to": 127, "label": 127},{"from": 0, "to": 382, "label": 382},{"from": 0, "to": 251, "label": 251},{"from": 0, "to": 376, "label": 376},{"from": 0, "to": 247, "label": 247},{"from": 0, "to": 245, "label": 245},{"from": 0, "to": 373, "label": 373},{"from": 0, "to": 379, "label": 379},{"from": 0, "to": 113, "label": 113},{"from": 0, "to": 367, "label": 367},{"from": 0, "to": 366, "label": 366},{"from": 0, "to": 361, "label": 361},{"from": 0, "to": 235, "label": 235},{"from": 0, "to": 107, "label": 107},{"from": 0, "to": 105, "label": 105},{"from": 0, "to": 360, "label": 360},{"from": 0, "to": 232, "label": 232},{"from": 0, "to": 222, "label": 222},{"from": 0, "to": 98, "label": 98},{"from": 0, "to": 353, "label": 353},{"from": 0, "to": 224, "label": 224},{"from": 0, "to": 223, "label": 223},{"from": 0, "to": 350, "label": 350},{"from": 0, "to": 221, "label": 221},{"from": 0, "to": 90, "label": 90},{"from": 0, "to": 217, "label": 217},{"from": 0, "to": 344, "label": 344},{"from": 0, "to": 81, "label": 81},{"from": 0, "to": 206, "label": 206},{"from": 0, "to": 78, "label": 78},{"from": 0, "to": 332, "label": 332},{"from": 0, "to": 72, "label": 72},{"from": 0, "to": 191, "label": 191},{"from": 0, "to": 189, "label": 189},{"from": 0, "to": 59, "label": 59},{"from": 0, "to": 442, "label": 442},{"from": 0, "to": 313, "label": 313},{"from": 0, "to": 311, "label": 311},{"from": 0, "to": 182, "label": 182},{"from": 0, "to": 51, "label": 51},{"from": 0, "to": 47, "label": 47},{"from": 0, "to": 49, "label": 49},{"from": 0, "to": 303, "label": 303},{"from": 0, "to": 175, "label": 175},{"from": 0, "to": 301, "label": 301},{"from": 0, "to": 429, "label": 429},{"from": 0, "to": 172, "label": 172},{"from": 0, "to": 295, "label": 295},{"from": 0, "to": 421, "label": 421},{"from": 0, "to": 419, "label": 419},{"from": 0, "to": 291, "label": 291},{"from": 0, "to": 162, "label": 162},{"from": 0, "to": 417, "label": 417},{"from": 0, "to": 156, "label": 156},{"from": 0, "to": 283, "label": 283},{"from": 0, "to": 25, "label": 25},{"from": 0, "to": 23, "label": 23},{"from": 0, "to": 150, "label": 150},{"from": 0, "to": 149, "label": 149},{"from": 0, "to": 148, "label": 148},{"from": 0, "to": 145, "label": 145},{"from": 0, "to": 274, "label": 274},{"from": 0, "to": 272, "label": 272},{"from": 0, "to": 144, "label": 144},{"from": 0, "to": 395, "label": 395},{"from": 0, "to": 138, "label": 138},{"from": 0, "to": 12, "label": 12},{"from": 0, "to": 139, "label": 139},{"from": 0, "to": 9, "label": 9},{"from": 0, "to": 393, "label": 393},{"from": 0, "to": 130, "label": 130},{"from": 0, "to": 3, "label": 3}]},"Reachability":{"startNode":6,"finalNode":394}}}
Kaki stdout:  Version: 1.15 
 kaki/verifypn-linux64 /tmp/tmpfm1yyheh
DFA generation time: 0.104 seconds 
DFA states: 36 
DFA transitions: 8149
Problem file: /tmp/tmpfm1yyheh
Switches to update: 204

Decomposed topology into 6 subproblems
Topological decomposition took 0.182 seconds
Subproblem verification time: 0.074 seconds
Subproblem verification time: 0.022 seconds
Subproblem verification time: 0.026 seconds
Subproblem verification time: 0.021 seconds
Subproblem verification time: 0.025 seconds
Subproblem verification time: 0.023 seconds
Minimum batches required: 3
[[5, 43, 47, 61, 33, 15, 14, 12, 13, 31, 48, 8, 9, 29, 39, 36, 34, 79, 117, 121, 135, 107, 89, 88, 86, 87, 105, 122, 82, 83, 103, 113, 110, 108, 153, 191, 195, 209, 181, 163, 162, 160, 161, 179, 196, 156, 157, 177, 187, 184, 182, 227, 265, 269, 283, 255, 237, 236, 234, 235, 253, 270, 230, 231, 251, 261, 258, 256, 301, 339, 343, 357, 329, 311, 310, 308, 309, 327, 344, 304, 305, 325, 335, 332, 330, 375, 413, 417, 431, 403, 385, 384, 382, 383, 401, 418, 378, 379, 399, 409, 406, 404], [7, 81, 155, 229, 303, 377], [4, 10, 51, 27, 54, 53, 52, 59, 58, 57, 56, 50, 49, 41, 17, 16, 78, 84, 125, 101, 128, 127, 126, 133, 132, 131, 130, 124, 123, 115, 91, 90, 152, 158, 199, 175, 202, 201, 200, 207, 206, 205, 204, 198, 197, 189, 165, 164, 226, 232, 273, 249, 276, 275, 274, 281, 280, 279, 278, 272, 271, 263, 239, 238, 300, 306, 347, 323, 350, 349, 348, 355, 354, 353, 352, 346, 345, 337, 313, 312, 374, 380, 421, 397, 424, 423, 422, 429, 428, 427, 426, 420, 419, 411, 387, 386]]
Total program runtime: 0.785 seconds

Kaki stderr:  
Time: 0.785
Solution: []
	Command being timed: "python3 allsynth/run.py -t kaki --GML topologies/topzoo/Syringa.gml 5 --dir topzoo_res/SeparateWPk/kaki/kaki-0 --e-prop SeparateWPk --repeat 1"
	User time (seconds): 4.97
	System time (seconds): 1.54
	Percent of CPU this job got: 363%
	Elapsed (wall clock) time (h:mm:ss or m:ss): 0:01.79
	Average shared text size (kbytes): 0
	Average unshared data size (kbytes): 0
	Average stack size (kbytes): 0
	Average total size (kbytes): 0
	Maximum resident set size (kbytes): 215684
	Average resident set size (kbytes): 0
	Major (requiring I/O) page faults: 0
	Minor (reclaiming a frame) page faults: 55461
	Voluntary context switches: 6552
	Involuntary context switches: 769
	Swaps: 0
	File system inputs: 32
	File system outputs: 48
	Socket messages sent: 0
	Socket messages received: 0
	Signals delivered: 0
	Page size (bytes): 4096
	Exit status: 0
