Namespace(tool='kaki', exper=None, gml=['topologies/topzoo/Telecomserbia.gml', '5'], index=None, prop='SeparateWPk', prop_file=None, op_req=None, repeat=1, reduce=False, opt=False, u=False, some=False, count=False, weight_bound=None, savedir='topzoo_res/SeparateWPk/kaki/kaki-0', dump_bdd=False)
Running 5Telecomserbia.gml
Policy: ((((((WP(32-35) | WP(7-35)) | WP(11-35)) | WP(12-35)) | WP(16-35)) | WP(23-35)) & (Reach 35))
Initial path of nodes: [2, 1, 0, 5, 6, 7, 8, 9, 14, 13, 12, 17, 20, 19, 18, 23, 26, 25, 24, 29, 32, 31, 30, 35]
Final path of nodes: [2, 3, 4, 5, 6, 11, 10, 9, 14, 15, 16, 17, 20, 21, 22, 23, 26, 27, 28, 29, 32, 33, 34, 35]
{"Initial_routing":[[2, 1], [1, 0], [0, 5], [5, 6], [6, 7], [7, 8], [8, 9], [9, 14], [14, 13], [13, 12], [12, 17], [17, 20], [20, 19], [19, 18], [18, 23], [23, 26], [26, 25], [25, 24], [24, 29], [29, 32], [32, 31], [31, 30], [30, 35]],"Final_routing":[[2, 3], [3, 4], [4, 5], [5, 6], [6, 11], [11, 10], [10, 9], [9, 14], [14, 15], [15, 16], [16, 17], [17, 20], [20, 21], [21, 22], [22, 23], [23, 26], [26, 27], [27, 28], [28, 29], [29, 32], [32, 33], [33, 34], [34, 35]],"Properties":{"Waypoint": { "startNode": -1, "finalNode": -1, "waypoint": []}, "LoopFreedom": { "startNode": -1},"DFA": {"initialState": 0, "finalStates": [23,16,12,11,32,7], "edges": [{"from": 0, "to": 23, "label": 23},{"from": 0, "to": 16, "label": 16},{"from": 0, "to": 12, "label": 12},{"from": 0, "to": 11, "label": 11},{"from": 0, "to": 32, "label": 32},{"from": 0, "to": 7, "label": 7}]},"Reachability":{"startNode":2,"finalNode":35}}}
Kaki stdout:  Version: 1.15 
 kaki/verifypn-linux64 /tmp/tmpfmq6q0if
DFA generation time: 0.017 seconds 
DFA states: 36 
DFA transitions: 906
Problem file: /tmp/tmpfmq6q0if
Switches to update: 30

Decomposed topology into 2 subproblems
Topological decomposition took 0.014 seconds
Subproblem verification time: 0.042 seconds
Subproblem verification time: 0.21 seconds
Minimum batches required: 3
[[3, 4, 11, 15, 21, 27, 33, 10, 16, 22, 28, 34], [2, 32, 26, 20, 14, 6], [1, 0, 7, 8, 13, 12, 19, 18, 25, 24, 31, 30]]
Total program runtime: 0.633 seconds

Kaki stderr:  
Time: 0.633
Solution: []
	Command being timed: "python3 allsynth/run.py -t kaki --GML topologies/topzoo/Telecomserbia.gml 5 --dir topzoo_res/SeparateWPk/kaki/kaki-0 --e-prop SeparateWPk --repeat 1"
	User time (seconds): 3.78
	System time (seconds): 1.56
	Percent of CPU this job got: 389%
	Elapsed (wall clock) time (h:mm:ss or m:ss): 0:01.37
	Average shared text size (kbytes): 0
	Average unshared data size (kbytes): 0
	Average stack size (kbytes): 0
	Average total size (kbytes): 0
	Maximum resident set size (kbytes): 216972
	Average resident set size (kbytes): 0
	Major (requiring I/O) page faults: 0
	Minor (reclaiming a frame) page faults: 55527
	Voluntary context switches: 5349
	Involuntary context switches: 808
	Swaps: 0
	File system inputs: 8
	File system outputs: 24
	Socket messages sent: 0
	Socket messages received: 0
	Signals delivered: 0
	Page size (bytes): 4096
	Exit status: 0
