Namespace(tool='kaki', exper=None, gml=['topologies/topzoo/Tinet.gml', '5'], index=None, prop='SeparateWPk', prop_file=None, op_req=None, repeat=1, reduce=False, opt=False, u=False, some=False, count=False, weight_bound=None, savedir='topzoo_res/SeparateWPk/kaki/kaki-0', dump_bdd=False)
Running 5Tinet.gml
Policy: (((((((((((((((((WP(65-317) | WP(225-317)) | WP(163-317)) | WP(4-317)) | WP(258-317)) | WP(172-317)) | WP(269-317)) | WP(110-317)) | WP(46-317)) | WP(205-317)) | WP(311-317)) | WP(278-317)) | WP(119-317)) | WP(216-317)) | WP(57-317)) | WP(88-317)) | WP(152-317)) & (Reach 317))
Initial path of nodes: [13, 22, 41, 34, 5, 4, 6, 0, 1, 52, 65, 63, 54, 53, 59, 57, 58, 87, 85, 79, 119, 128, 147, 140, 111, 110, 112, 106, 107, 158, 172, 181, 200, 193, 164, 163, 165, 159, 160, 211, 225, 234, 253, 246, 217, 216, 218, 212, 213, 264, 278, 287, 306, 299, 270, 269, 271, 265, 266, 317]
Final path of nodes: [13, 22, 41, 35, 24, 46, 45, 44, 49, 52, 65, 101, 64, 99, 77, 88, 94, 87, 85, 79, 119, 128, 147, 141, 130, 152, 151, 150, 155, 158, 172, 181, 200, 194, 183, 205, 204, 203, 208, 211, 225, 234, 253, 247, 236, 258, 257, 256, 261, 264, 278, 287, 306, 300, 289, 311, 310, 309, 314, 317]
{"Initial_routing":[[13, 22], [22, 41], [41, 34], [34, 5], [5, 4], [4, 6], [6, 0], [0, 1], [1, 52], [52, 65], [65, 63], [63, 54], [54, 53], [53, 59], [59, 57], [57, 58], [58, 87], [87, 85], [85, 79], [79, 119], [119, 128], [128, 147], [147, 140], [140, 111], [111, 110], [110, 112], [112, 106], [106, 107], [107, 158], [158, 172], [172, 181], [181, 200], [200, 193], [193, 164], [164, 163], [163, 165], [165, 159], [159, 160], [160, 211], [211, 225], [225, 234], [234, 253], [253, 246], [246, 217], [217, 216], [216, 218], [218, 212], [212, 213], [213, 264], [264, 278], [278, 287], [287, 306], [306, 299], [299, 270], [270, 269], [269, 271], [271, 265], [265, 266], [266, 317]],"Final_routing":[[13, 22], [22, 41], [41, 35], [35, 24], [24, 46], [46, 45], [45, 44], [44, 49], [49, 52], [52, 65], [65, 101], [101, 64], [64, 99], [99, 77], [77, 88], [88, 94], [94, 87], [87, 85], [85, 79], [79, 119], [119, 128], [128, 147], [147, 141], [141, 130], [130, 152], [152, 151], [151, 150], [150, 155], [155, 158], [158, 172], [172, 181], [181, 200], [200, 194], [194, 183], [183, 205], [205, 204], [204, 203], [203, 208], [208, 211], [211, 225], [225, 234], [234, 253], [253, 247], [247, 236], [236, 258], [258, 257], [257, 256], [256, 261], [261, 264], [264, 278], [278, 287], [287, 306], [306, 300], [300, 289], [289, 311], [311, 310], [310, 309], [309, 314], [314, 317]],"Properties":{"Waypoint": { "startNode": -1, "finalNode": -1, "waypoint": []}, "LoopFreedom": { "startNode": -1},"DFA": {"initialState": 0, "finalStates": [152,88,57,216,119,278,311,205,46,110,269,172,258,4,163,65,225], "edges": [{"from": 0, "to": 152, "label": 152},{"from": 0, "to": 88, "label": 88},{"from": 0, "to": 57, "label": 57},{"from": 0, "to": 216, "label": 216},{"from": 0, "to": 119, "label": 119},{"from": 0, "to": 278, "label": 278},{"from": 0, "to": 311, "label": 311},{"from": 0, "to": 205, "label": 205},{"from": 0, "to": 46, "label": 46},{"from": 0, "to": 110, "label": 110},{"from": 0, "to": 269, "label": 269},{"from": 0, "to": 172, "label": 172},{"from": 0, "to": 258, "label": 258},{"from": 0, "to": 4, "label": 4},{"from": 0, "to": 163, "label": 163},{"from": 0, "to": 65, "label": 65},{"from": 0, "to": 225, "label": 225}]},"Reachability":{"startNode":13,"finalNode":317}}}
Kaki stdout:  Version: 1.15 
 kaki/verifypn-linux64 /tmp/tmpzqw_eq5g
DFA generation time: 0.032 seconds 
DFA states: 48 
DFA transitions: 3590
Problem file: /tmp/tmpzqw_eq5g
Switches to update: 78

Decomposed topology into 1 subproblems
Topological decomposition took 0.05 seconds
Subproblem verification time: 4.534 seconds
Minimum batches required: 3
[[35, 101, 141, 194, 247, 300, 24, 46, 45, 44, 49, 64, 99, 77, 88, 94, 130, 152, 151, 150, 155, 183, 205, 204, 203, 208, 236, 258, 257, 256, 261, 289, 311, 310, 309, 314], [306, 253, 200, 147, 65, 41], [34, 5, 4, 6, 0, 1, 63, 54, 53, 59, 57, 58, 140, 111, 110, 112, 106, 107, 193, 164, 163, 165, 159, 160, 246, 217, 216, 218, 212, 213, 299, 270, 269, 271, 265, 266]]
Total program runtime: 5.478 seconds

Kaki stderr:  
Time: 5.478
Solution: []
	Command being timed: "python3 allsynth/run.py -t kaki --GML topologies/topzoo/Tinet.gml 5 --dir topzoo_res/SeparateWPk/kaki/kaki-0 --e-prop SeparateWPk --repeat 1"
	User time (seconds): 8.95
	System time (seconds): 1.77
	Percent of CPU this job got: 169%
	Elapsed (wall clock) time (h:mm:ss or m:ss): 0:06.34
	Average shared text size (kbytes): 0
	Average unshared data size (kbytes): 0
	Average stack size (kbytes): 0
	Average total size (kbytes): 0
	Maximum resident set size (kbytes): 501604
	Average resident set size (kbytes): 0
	Major (requiring I/O) page faults: 0
	Minor (reclaiming a frame) page faults: 66648
	Voluntary context switches: 5404
	Involuntary context switches: 837
	Swaps: 0
	File system inputs: 24
	File system outputs: 32
	Socket messages sent: 0
	Socket messages received: 0
	Signals delivered: 0
	Page size (bytes): 4096
	Exit status: 0
