Namespace(tool='kaki', exper=None, gml=['topologies/topzoo/Uninet.gml', '5'], index=None, prop='SeparateWPk', prop_file=None, op_req=None, repeat=1, reduce=False, opt=False, u=False, some=False, count=False, weight_bound=None, savedir='topzoo_res/SeparateWPk/kaki/kaki-0', dump_bdd=False)
Running 5Uninet.gml
Policy: ((((((((((WP(33-73) | WP(67-73)) | WP(37-73)) | WP(8-73)) | WP(73-73)) | WP(43-73)) | WP(14-73)) | WP(16-73)) | WP(53-73)) | WP(55-73)) & (Reach 73))
Initial path of nodes: [2, 1, 4, 7, 10, 8, 13, 23, 20, 17, 14, 15, 28, 27, 30, 33, 36, 34, 41, 40, 43, 46, 49, 47, 54, 53, 56, 59, 62, 60, 67, 66, 69, 72, 75, 73]
Final path of nodes: [2, 1, 4, 11, 9, 8, 13, 23, 24, 17, 16, 15, 28, 29, 30, 37, 35, 34, 41, 42, 43, 50, 48, 47, 54, 55, 56, 63, 61, 60, 67, 68, 69, 76, 74, 73]
{"Initial_routing":[[2, 1], [1, 4], [4, 7], [7, 10], [10, 8], [8, 13], [13, 23], [23, 20], [20, 17], [17, 14], [14, 15], [15, 28], [28, 27], [27, 30], [30, 33], [33, 36], [36, 34], [34, 41], [41, 40], [40, 43], [43, 46], [46, 49], [49, 47], [47, 54], [54, 53], [53, 56], [56, 59], [59, 62], [62, 60], [60, 67], [67, 66], [66, 69], [69, 72], [72, 75], [75, 73]],"Final_routing":[[2, 1], [1, 4], [4, 11], [11, 9], [9, 8], [8, 13], [13, 23], [23, 24], [24, 17], [17, 16], [16, 15], [15, 28], [28, 29], [29, 30], [30, 37], [37, 35], [35, 34], [34, 41], [41, 42], [42, 43], [43, 50], [50, 48], [48, 47], [47, 54], [54, 55], [55, 56], [56, 63], [63, 61], [61, 60], [60, 67], [67, 68], [68, 69], [69, 76], [76, 74], [74, 73]],"Properties":{"Waypoint": { "startNode": -1, "finalNode": -1, "waypoint": []}, "LoopFreedom": { "startNode": -1},"DFA": {"initialState": 0, "finalStates": [55,53,16,14,43,73,8,37,33,67], "edges": [{"from": 0, "to": 55, "label": 55},{"from": 0, "to": 53, "label": 53},{"from": 0, "to": 16, "label": 16},{"from": 0, "to": 14, "label": 14},{"from": 0, "to": 43, "label": 43},{"from": 0, "to": 73, "label": 73},{"from": 0, "to": 8, "label": 8},{"from": 0, "to": 37, "label": 37},{"from": 0, "to": 33, "label": 33},{"from": 0, "to": 67, "label": 67}]},"Reachability":{"startNode":2,"finalNode":73}}}
Kaki stdout:  Version: 1.15 
 kaki/verifypn-linux64 /tmp/tmp6exp3az4
DFA generation time: 0.023 seconds 
DFA states: 51 
DFA transitions: 2162
Problem file: /tmp/tmp6exp3az4
Switches to update: 43

Decomposed topology into 6 subproblems
Topological decomposition took 0.022 seconds
Subproblem verification time: 0.045 seconds
Subproblem verification time: 0.015 seconds
Subproblem verification time: 0.016 seconds
Subproblem verification time: 0.014 seconds
Subproblem verification time: 0.015 seconds
Subproblem verification time: 0.016 seconds
Minimum batches required: 3
[[11, 9, 24, 16, 29, 37, 35, 42, 50, 48, 55, 63, 61, 68, 76, 74], [4, 17, 23, 30, 28, 43, 41, 56, 54, 69, 67], [7, 10, 20, 14, 27, 33, 36, 40, 46, 49, 53, 59, 62, 66, 72, 75]]
Total program runtime: 0.363 seconds

Kaki stderr:  
Time: 0.363
Solution: []
	Command being timed: "python3 allsynth/run.py -t kaki --GML topologies/topzoo/Uninet.gml 5 --dir topzoo_res/SeparateWPk/kaki/kaki-0 --e-prop SeparateWPk --repeat 1"
	User time (seconds): 2.59
	System time (seconds): 1.40
	Percent of CPU this job got: 358%
	Elapsed (wall clock) time (h:mm:ss or m:ss): 0:01.11
	Average shared text size (kbytes): 0
	Average unshared data size (kbytes): 0
	Average stack size (kbytes): 0
	Average total size (kbytes): 0
	Maximum resident set size (kbytes): 110260
	Average resident set size (kbytes): 0
	Major (requiring I/O) page faults: 0
	Minor (reclaiming a frame) page faults: 41411
	Voluntary context switches: 4271
	Involuntary context switches: 396
	Swaps: 0
	File system inputs: 8
	File system outputs: 24
	Socket messages sent: 0
	Socket messages received: 0
	Signals delivered: 0
	Page size (bytes): 4096
	Exit status: 0
