Namespace(tool='kaki', exper=None, gml=['topologies/topzoo/York.gml', '5'], index=None, prop='SeparateWPk', prop_file=None, op_req=None, repeat=1, reduce=False, opt=False, u=False, some=False, count=False, weight_bound=None, savedir='topzoo_res/SeparateWPk/kaki/kaki-0', dump_bdd=False)
Running 5York.gml
Policy: ((((((((((((((((((((((((((WP(128-135) | WP(1-135)) | WP(133-135)) | WP(135-135)) | WP(13-135)) | WP(18-135)) | WP(20-135)) | WP(23-135)) | WP(31-135)) | WP(41-135)) | WP(45-135)) | WP(48-135)) | WP(53-135)) | WP(54-135)) | WP(66-135)) | WP(68-135)) | WP(72-135)) | WP(74-135)) | WP(83-135)) | WP(86-135)) | WP(92-135)) | WP(100-135)) | WP(101-135)) | WP(107-135)) | WP(116-135)) | WP(125-135)) & (Reach 135))
Initial path of nodes: [10, 8, 5, 7, 6, 1, 0, 3, 2, 21, 20, 27, 30, 29, 24, 23, 26, 25, 44, 43, 41, 40, 56, 54, 51, 53, 52, 47, 46, 49, 48, 67, 66, 79, 77, 74, 76, 75, 70, 69, 72, 71, 90, 89, 102, 100, 97, 99, 98, 93, 92, 95, 94, 113, 112, 125, 123, 120, 122, 121, 116, 115, 118, 117, 136, 135]
Final path of nodes: [10, 8, 9, 12, 14, 13, 22, 15, 16, 17, 18, 20, 27, 30, 28, 31, 32, 35, 37, 36, 45, 38, 39, 40, 56, 54, 55, 58, 60, 59, 68, 61, 62, 63, 64, 66, 79, 77, 78, 81, 83, 82, 91, 84, 85, 86, 87, 89, 102, 100, 101, 104, 106, 105, 114, 107, 108, 109, 110, 112, 125, 123, 124, 127, 129, 128, 137, 130, 131, 132, 133, 135]
{"Initial_routing":[[10, 8], [8, 5], [5, 7], [7, 6], [6, 1], [1, 0], [0, 3], [3, 2], [2, 21], [21, 20], [20, 27], [27, 30], [30, 29], [29, 24], [24, 23], [23, 26], [26, 25], [25, 44], [44, 43], [43, 41], [41, 40], [40, 56], [56, 54], [54, 51], [51, 53], [53, 52], [52, 47], [47, 46], [46, 49], [49, 48], [48, 67], [67, 66], [66, 79], [79, 77], [77, 74], [74, 76], [76, 75], [75, 70], [70, 69], [69, 72], [72, 71], [71, 90], [90, 89], [89, 102], [102, 100], [100, 97], [97, 99], [99, 98], [98, 93], [93, 92], [92, 95], [95, 94], [94, 113], [113, 112], [112, 125], [125, 123], [123, 120], [120, 122], [122, 121], [121, 116], [116, 115], [115, 118], [118, 117], [117, 136], [136, 135]],"Final_routing":[[10, 8], [8, 9], [9, 12], [12, 14], [14, 13], [13, 22], [22, 15], [15, 16], [16, 17], [17, 18], [18, 20], [20, 27], [27, 30], [30, 28], [28, 31], [31, 32], [32, 35], [35, 37], [37, 36], [36, 45], [45, 38], [38, 39], [39, 40], [40, 56], [56, 54], [54, 55], [55, 58], [58, 60], [60, 59], [59, 68], [68, 61], [61, 62], [62, 63], [63, 64], [64, 66], [66, 79], [79, 77], [77, 78], [78, 81], [81, 83], [83, 82], [82, 91], [91, 84], [84, 85], [85, 86], [86, 87], [87, 89], [89, 102], [102, 100], [100, 101], [101, 104], [104, 106], [106, 105], [105, 114], [114, 107], [107, 108], [108, 109], [109, 110], [110, 112], [112, 125], [125, 123], [123, 124], [124, 127], [127, 129], [129, 128], [128, 137], [137, 130], [130, 131], [131, 132], [132, 133], [133, 135]],"Properties":{"Waypoint": { "startNode": -1, "finalNode": -1, "waypoint": []}, "LoopFreedom": { "startNode": -1},"DFA": {"initialState": 0, "finalStates": [125,116,107,101,100,92,86,83,74,72,68,66,54,53,48,45,41,31,23,20,18,13,135,133,128,1], "edges": [{"from": 0, "to": 125, "label": 125},{"from": 0, "to": 116, "label": 116},{"from": 0, "to": 107, "label": 107},{"from": 0, "to": 101, "label": 101},{"from": 0, "to": 100, "label": 100},{"from": 0, "to": 92, "label": 92},{"from": 0, "to": 86, "label": 86},{"from": 0, "to": 83, "label": 83},{"from": 0, "to": 74, "label": 74},{"from": 0, "to": 72, "label": 72},{"from": 0, "to": 68, "label": 68},{"from": 0, "to": 66, "label": 66},{"from": 0, "to": 54, "label": 54},{"from": 0, "to": 53, "label": 53},{"from": 0, "to": 48, "label": 48},{"from": 0, "to": 45, "label": 45},{"from": 0, "to": 41, "label": 41},{"from": 0, "to": 31, "label": 31},{"from": 0, "to": 23, "label": 23},{"from": 0, "to": 20, "label": 20},{"from": 0, "to": 18, "label": 18},{"from": 0, "to": 13, "label": 13},{"from": 0, "to": 135, "label": 135},{"from": 0, "to": 133, "label": 133},{"from": 0, "to": 128, "label": 128},{"from": 0, "to": 1, "label": 1}]},"Reachability":{"startNode":10,"finalNode":135}}}
Kaki stdout:  Version: 1.15 
 kaki/verifypn-linux64 /tmp/tmpo77lzq14
DFA generation time: 0.054 seconds 
DFA states: 79 
DFA transitions: 8133
Problem file: /tmp/tmpo77lzq14
Switches to update: 108

Decomposed topology into 1 subproblems
Topological decomposition took 0.075 seconds
Subproblem verification time: 8.502 seconds
Minimum batches required: 3
[[9, 28, 55, 78, 101, 124, 12, 14, 13, 22, 15, 16, 17, 18, 31, 32, 35, 37, 36, 45, 38, 39, 58, 60, 59, 68, 61, 62, 63, 64, 81, 83, 82, 91, 84, 85, 86, 87, 104, 106, 105, 114, 107, 108, 109, 110, 127, 129, 128, 137, 130, 131, 132, 133], [123, 100, 77, 54, 30, 8], [5, 7, 6, 1, 0, 3, 2, 21, 29, 24, 23, 26, 25, 44, 43, 41, 51, 53, 52, 47, 46, 49, 48, 67, 74, 76, 75, 70, 69, 72, 71, 90, 97, 99, 98, 93, 92, 95, 94, 113, 120, 122, 121, 116, 115, 118, 117, 136]]
Total program runtime: 10.856 seconds

Kaki stderr:  
Time: 10.856
Solution: []
	Command being timed: "python3 allsynth/run.py -t kaki --GML topologies/topzoo/York.gml 5 --dir topzoo_res/SeparateWPk/kaki/kaki-0 --e-prop SeparateWPk --repeat 1"
	User time (seconds): 14.93
	System time (seconds): 1.90
	Percent of CPU this job got: 146%
	Elapsed (wall clock) time (h:mm:ss or m:ss): 0:11.52
	Average shared text size (kbytes): 0
	Average unshared data size (kbytes): 0
	Average stack size (kbytes): 0
	Average total size (kbytes): 0
	Maximum resident set size (kbytes): 597784
	Average resident set size (kbytes): 0
	Major (requiring I/O) page faults: 0
	Minor (reclaiming a frame) page faults: 87101
	Voluntary context switches: 7091
	Involuntary context switches: 1481
	Swaps: 0
	File system inputs: 16
	File system outputs: 32
	Socket messages sent: 0
	Socket messages received: 0
	Signals delivered: 0
	Page size (bytes): 4096
	Exit status: 0
