Namespace(tool='kaki', exper=None, gml=['topologies/topzoo/Arpanet196912.gml', '5'], index=None, prop='SC', prop_file=None, op_req=None, repeat=1, reduce=False, opt=False, u=False, some=False, count=False, weight_bound=None, savedir='topzoo_res/SC/kaki/kaki-2', dump_bdd=False)
Running 5Arpanet196912.gml
Policy: (Service([7, 12, 21]-23) & (Reach 23))
Initial path of nodes: [1, 0, 3, 5, 4, 7, 9, 8, 11, 13, 12, 15, 17, 16, 19, 21, 20, 23]
Final path of nodes: [1, 0, 3, 5, 4, 7, 9, 10, 8, 11, 13, 12, 15, 17, 18, 16, 19, 21, 20, 23]
{"Initial_routing":[[1, 0], [0, 3], [3, 5], [5, 4], [4, 7], [7, 9], [9, 8], [8, 11], [11, 13], [13, 12], [12, 15], [15, 17], [17, 16], [16, 19], [19, 21], [21, 20], [20, 23]],"Final_routing":[[1, 0], [0, 3], [3, 5], [5, 4], [4, 7], [7, 9], [9, 10], [10, 8], [8, 11], [11, 13], [13, 12], [12, 15], [15, 17], [17, 18], [18, 16], [16, 19], [19, 21], [21, 20], [20, 23]],"Properties":{"Waypoint": { "startNode": -1, "finalNode": -1, "waypoint": []}, "LoopFreedom": { "startNode": -1},"DFA": {"initialState": 0, "finalStates": [3], "edges": [{"from": 0, "to": 1, "label": 7},{"from": 1, "to": 2, "label": 12},{"from": 2, "to": 3, "label": 21}]},"Reachability":{"startNode":1,"finalNode":23}}}
Kaki stdout:  Version: 1.15 
 kaki/verifypn-linux64 /tmp/tmp1itxtkar
DFA generation time: 0.007 seconds 
DFA states: 6 
DFA transitions: 33
Problem file: /tmp/tmp1itxtkar
Switches to update: 4

Decomposed topology into 2 subproblems
Topological decomposition took 0.002 seconds
Subproblem verification time: 0.027 seconds
Subproblem verification time: 0.008 seconds
Minimum batches required: 2
[[10, 18], [9, 17]]
Total program runtime: 0.119 seconds

Kaki stderr:  
Time: 0.119
Solution: []
	Command being timed: "python3 allsynth/run.py -t kaki --GML topologies/topzoo/Arpanet196912.gml 5 --dir topzoo_res/SC/kaki/kaki-2 --e-prop SC --repeat 1"
	User time (seconds): 1.11
	System time (seconds): 1.31
	Percent of CPU this job got: 422%
	Elapsed (wall clock) time (h:mm:ss or m:ss): 0:00.57
	Average shared text size (kbytes): 0
	Average unshared data size (kbytes): 0
	Average stack size (kbytes): 0
	Average total size (kbytes): 0
	Maximum resident set size (kbytes): 78760
	Average resident set size (kbytes): 0
	Major (requiring I/O) page faults: 0
	Minor (reclaiming a frame) page faults: 27733
	Voluntary context switches: 2339
	Involuntary context switches: 158
	Swaps: 0
	File system inputs: 0
	File system outputs: 24
	Socket messages sent: 0
	Socket messages received: 0
	Signals delivered: 0
	Page size (bytes): 4096
	Exit status: 0
