Namespace(tool='kaki', exper=None, gml=['topologies/topzoo/Arpanet19719.gml', '5'], index=None, prop='SC', prop_file=None, op_req=None, repeat=1, reduce=False, opt=False, u=False, some=False, count=False, weight_bound=None, savedir='topzoo_res/SC/kaki/kaki-2', dump_bdd=False)
Running 5Arpanet19719.gml
Policy: (Service([31, 72]-103) & (Reach 103))
Initial path of nodes: [0, 17, 8, 1, 16, 10, 5, 13, 18, 35, 26, 19, 34, 28, 23, 31, 36, 53, 44, 37, 52, 46, 41, 49, 54, 71, 62, 55, 70, 64, 59, 67, 72, 89, 80, 73, 88, 82, 77, 85, 90, 107, 98, 91, 106, 100, 95, 103]
Final path of nodes: [0, 17, 8, 7, 9, 14, 12, 13, 18, 21, 22, 24, 20, 27, 32, 30, 31, 36, 39, 40, 42, 38, 45, 50, 48, 49, 54, 57, 58, 60, 56, 63, 68, 66, 67, 72, 75, 76, 78, 74, 81, 86, 84, 85, 90, 93, 94, 96, 92, 99, 104, 102, 103]
{"Initial_routing":[[0, 17], [17, 8], [8, 1], [1, 16], [16, 10], [10, 5], [5, 13], [13, 18], [18, 35], [35, 26], [26, 19], [19, 34], [34, 28], [28, 23], [23, 31], [31, 36], [36, 53], [53, 44], [44, 37], [37, 52], [52, 46], [46, 41], [41, 49], [49, 54], [54, 71], [71, 62], [62, 55], [55, 70], [70, 64], [64, 59], [59, 67], [67, 72], [72, 89], [89, 80], [80, 73], [73, 88], [88, 82], [82, 77], [77, 85], [85, 90], [90, 107], [107, 98], [98, 91], [91, 106], [106, 100], [100, 95], [95, 103]],"Final_routing":[[0, 17], [17, 8], [8, 7], [7, 9], [9, 14], [14, 12], [12, 13], [13, 18], [18, 21], [21, 22], [22, 24], [24, 20], [20, 27], [27, 32], [32, 30], [30, 31], [31, 36], [36, 39], [39, 40], [40, 42], [42, 38], [38, 45], [45, 50], [50, 48], [48, 49], [49, 54], [54, 57], [57, 58], [58, 60], [60, 56], [56, 63], [63, 68], [68, 66], [66, 67], [67, 72], [72, 75], [75, 76], [76, 78], [78, 74], [74, 81], [81, 86], [86, 84], [84, 85], [85, 90], [90, 93], [93, 94], [94, 96], [96, 92], [92, 99], [99, 104], [104, 102], [102, 103]],"Properties":{"Waypoint": { "startNode": -1, "finalNode": -1, "waypoint": []}, "LoopFreedom": { "startNode": -1},"DFA": {"initialState": 0, "finalStates": [2], "edges": [{"from": 0, "to": 1, "label": 31},{"from": 1, "to": 2, "label": 72}]},"Reachability":{"startNode":0,"finalNode":103}}}
Kaki stdout:  Version: 1.15 
 kaki/verifypn-linux64 /tmp/tmpr9tyqy2t
DFA generation time: 0.013 seconds 
DFA states: 11 
DFA transitions: 285
Problem file: /tmp/tmpr9tyqy2t
Switches to update: 79

Decomposed topology into 6 subproblems
Topological decomposition took 0.008 seconds
Subproblem verification time: 0.027 seconds
Subproblem verification time: 0.013 seconds
Subproblem verification time: 0.009 seconds
Subproblem verification time: 0.012 seconds
Subproblem verification time: 0.008 seconds
Subproblem verification time: 0.011 seconds
Minimum batches required: 3
[[7, 9, 14, 12, 21, 22, 24, 20, 27, 32, 30, 39, 40, 42, 38, 45, 50, 48, 57, 58, 60, 56, 63, 68, 66, 75, 76, 78, 74, 81, 86, 84, 93, 94, 96, 92, 99, 104, 102], [8, 18, 36, 54, 72, 90], [1, 16, 10, 5, 35, 26, 19, 34, 28, 23, 53, 44, 37, 52, 46, 41, 71, 62, 55, 70, 64, 59, 89, 80, 73, 88, 82, 77, 107, 98, 91, 106, 100, 95]]
Total program runtime: 0.219 seconds

Kaki stderr:  
Time: 0.219
Solution: []
	Command being timed: "python3 allsynth/run.py -t kaki --GML topologies/topzoo/Arpanet19719.gml 5 --dir topzoo_res/SC/kaki/kaki-2 --e-prop SC --repeat 1"
	User time (seconds): 1.58
	System time (seconds): 1.41
	Percent of CPU this job got: 423%
	Elapsed (wall clock) time (h:mm:ss or m:ss): 0:00.70
	Average shared text size (kbytes): 0
	Average unshared data size (kbytes): 0
	Average stack size (kbytes): 0
	Average total size (kbytes): 0
	Maximum resident set size (kbytes): 109440
	Average resident set size (kbytes): 0
	Major (requiring I/O) page faults: 0
	Minor (reclaiming a frame) page faults: 41743
	Voluntary context switches: 4511
	Involuntary context switches: 194
	Swaps: 0
	File system inputs: 0
	File system outputs: 24
	Socket messages sent: 0
	Socket messages received: 0
	Signals delivered: 0
	Page size (bytes): 4096
	Exit status: 0
