Namespace(tool='kaki', exper=None, gml=['topologies/topzoo/Belnet2006.gml', '5'], index=None, prop='SC', prop_file=None, op_req=None, repeat=1, reduce=False, opt=False, u=False, some=False, count=False, weight_bound=None, savedir='topzoo_res/SC/kaki/kaki-2', dump_bdd=False)
Running 5Belnet2006.gml
Policy: (Service([51, 91, 129]-137) & (Reach 137))
Initial path of nodes: [5, 14, 4, 22, 23, 27, 30, 35, 51, 60, 50, 68, 74, 83, 73, 91, 97, 106, 96, 114, 120, 129, 119, 137]
Final path of nodes: [5, 14, 6, 22, 23, 29, 37, 35, 51, 60, 52, 68, 74, 83, 75, 91, 97, 106, 98, 114, 120, 129, 121, 137]
{"Initial_routing":[[5, 14], [14, 4], [4, 22], [22, 23], [23, 27], [27, 30], [30, 35], [35, 51], [51, 60], [60, 50], [50, 68], [68, 74], [74, 83], [83, 73], [73, 91], [91, 97], [97, 106], [106, 96], [96, 114], [114, 120], [120, 129], [129, 119], [119, 137]],"Final_routing":[[5, 14], [14, 6], [6, 22], [22, 23], [23, 29], [29, 37], [37, 35], [35, 51], [51, 60], [60, 52], [52, 68], [68, 74], [74, 83], [83, 75], [75, 91], [91, 97], [97, 106], [106, 98], [98, 114], [114, 120], [120, 129], [129, 121], [121, 137]],"Properties":{"Waypoint": { "startNode": -1, "finalNode": -1, "waypoint": []}, "LoopFreedom": { "startNode": -1},"DFA": {"initialState": 0, "finalStates": [3], "edges": [{"from": 0, "to": 1, "label": 51},{"from": 1, "to": 2, "label": 91},{"from": 2, "to": 3, "label": 129}]},"Reachability":{"startNode":5,"finalNode":137}}}
Kaki stdout:  Version: 1.15 
 kaki/verifypn-linux64 /tmp/tmp0djloeaa
DFA generation time: 0.009 seconds 
DFA states: 14 
DFA transitions: 114
Problem file: /tmp/tmp0djloeaa
Switches to update: 20

Decomposed topology into 6 subproblems
Topological decomposition took 0.004 seconds
Subproblem verification time: 0.026 seconds
Subproblem verification time: 0.008 seconds
Subproblem verification time: 0.007 seconds
Subproblem verification time: 0.008 seconds
Subproblem verification time: 0.008 seconds
Subproblem verification time: 0.01 seconds
Minimum batches required: 3
[[6, 29, 37, 52, 75, 98, 121], [14, 23, 60, 83, 106, 129], [4, 27, 30, 50, 73, 96, 119]]
Total program runtime: 0.172 seconds

Kaki stderr:  
Time: 0.172
Solution: []
	Command being timed: "python3 allsynth/run.py -t kaki --GML topologies/topzoo/Belnet2006.gml 5 --dir topzoo_res/SC/kaki/kaki-2 --e-prop SC --repeat 1"
	User time (seconds): 1.32
	System time (seconds): 1.36
	Percent of CPU this job got: 416%
	Elapsed (wall clock) time (h:mm:ss or m:ss): 0:00.64
	Average shared text size (kbytes): 0
	Average unshared data size (kbytes): 0
	Average stack size (kbytes): 0
	Average total size (kbytes): 0
	Maximum resident set size (kbytes): 93400
	Average resident set size (kbytes): 0
	Major (requiring I/O) page faults: 0
	Minor (reclaiming a frame) page faults: 36063
	Voluntary context switches: 3573
	Involuntary context switches: 182
	Swaps: 0
	File system inputs: 0
	File system outputs: 24
	Socket messages sent: 0
	Socket messages received: 0
	Signals delivered: 0
	Page size (bytes): 4096
	Exit status: 0
