Namespace(tool='kaki', exper=None, gml=['topologies/topzoo/Deltacom.gml', '5'], index=None, prop='SC', prop_file=None, op_req=None, repeat=1, reduce=False, opt=False, u=False, some=False, count=False, weight_bound=None, savedir='topzoo_res/SC/kaki/kaki-2', dump_bdd=False)
Running 5Deltacom.gml
Policy: (Service([35, 108, 147, 160, 258, 330, 372, 358, 490, 470, 604, 600, 673]-673) & (Reach 673))
Initial path of nodes: [39, 38, 33, 32, 34, 35, 18, 19, 104, 60, 47, 51, 50, 91, 92, 25, 26, 21, 20, 23, 105, 106, 107, 108, 152, 151, 146, 145, 147, 148, 131, 132, 217, 173, 160, 164, 163, 204, 205, 138, 139, 134, 133, 136, 218, 219, 220, 221, 265, 264, 259, 258, 260, 261, 244, 245, 330, 286, 273, 277, 276, 317, 318, 251, 252, 247, 246, 249, 331, 332, 333, 334, 378, 377, 372, 371, 373, 374, 357, 358, 443, 399, 386, 390, 389, 430, 431, 364, 365, 360, 359, 362, 444, 445, 446, 447, 491, 490, 485, 484, 486, 487, 470, 471, 556, 512, 499, 503, 502, 543, 544, 477, 478, 473, 472, 475, 557, 558, 559, 560, 604, 603, 598, 597, 599, 600, 583, 584, 669, 625, 612, 616, 615, 656, 657, 590, 591, 586, 585, 588, 670, 671, 672, 673]
Final path of nodes: [39, 38, 33, 32, 34, 35, 18, 19, 104, 75, 72, 73, 47, 111, 55, 94, 95, 24, 27, 83, 82, 61, 58, 110, 109, 108, 152, 151, 146, 145, 147, 148, 131, 132, 217, 188, 185, 186, 160, 224, 168, 207, 208, 137, 140, 196, 195, 174, 171, 223, 222, 221, 265, 264, 259, 258, 260, 261, 244, 245, 330, 301, 298, 299, 273, 337, 281, 320, 321, 250, 253, 309, 308, 287, 284, 336, 335, 334, 378, 377, 372, 371, 373, 374, 357, 358, 443, 414, 411, 412, 386, 450, 394, 433, 434, 363, 366, 422, 421, 400, 397, 449, 448, 447, 491, 490, 485, 484, 486, 487, 470, 471, 556, 527, 524, 525, 499, 563, 507, 546, 547, 476, 479, 535, 534, 513, 510, 562, 561, 560, 604, 603, 598, 597, 599, 600, 583, 584, 669, 640, 637, 638, 612, 676, 620, 659, 660, 589, 592, 648, 647, 626, 623, 675, 674, 673]
{"Initial_routing":[[39, 38], [38, 33], [33, 32], [32, 34], [34, 35], [35, 18], [18, 19], [19, 104], [104, 60], [60, 47], [47, 51], [51, 50], [50, 91], [91, 92], [92, 25], [25, 26], [26, 21], [21, 20], [20, 23], [23, 105], [105, 106], [106, 107], [107, 108], [108, 152], [152, 151], [151, 146], [146, 145], [145, 147], [147, 148], [148, 131], [131, 132], [132, 217], [217, 173], [173, 160], [160, 164], [164, 163], [163, 204], [204, 205], [205, 138], [138, 139], [139, 134], [134, 133], [133, 136], [136, 218], [218, 219], [219, 220], [220, 221], [221, 265], [265, 264], [264, 259], [259, 258], [258, 260], [260, 261], [261, 244], [244, 245], [245, 330], [330, 286], [286, 273], [273, 277], [277, 276], [276, 317], [317, 318], [318, 251], [251, 252], [252, 247], [247, 246], [246, 249], [249, 331], [331, 332], [332, 333], [333, 334], [334, 378], [378, 377], [377, 372], [372, 371], [371, 373], [373, 374], [374, 357], [357, 358], [358, 443], [443, 399], [399, 386], [386, 390], [390, 389], [389, 430], [430, 431], [431, 364], [364, 365], [365, 360], [360, 359], [359, 362], [362, 444], [444, 445], [445, 446], [446, 447], [447, 491], [491, 490], [490, 485], [485, 484], [484, 486], [486, 487], [487, 470], [470, 471], [471, 556], [556, 512], [512, 499], [499, 503], [503, 502], [502, 543], [543, 544], [544, 477], [477, 478], [478, 473], [473, 472], [472, 475], [475, 557], [557, 558], [558, 559], [559, 560], [560, 604], [604, 603], [603, 598], [598, 597], [597, 599], [599, 600], [600, 583], [583, 584], [584, 669], [669, 625], [625, 612], [612, 616], [616, 615], [615, 656], [656, 657], [657, 590], [590, 591], [591, 586], [586, 585], [585, 588], [588, 670], [670, 671], [671, 672], [672, 673]],"Final_routing":[[39, 38], [38, 33], [33, 32], [32, 34], [34, 35], [35, 18], [18, 19], [19, 104], [104, 75], [75, 72], [72, 73], [73, 47], [47, 111], [111, 55], [55, 94], [94, 95], [95, 24], [24, 27], [27, 83], [83, 82], [82, 61], [61, 58], [58, 110], [110, 109], [109, 108], [108, 152], [152, 151], [151, 146], [146, 145], [145, 147], [147, 148], [148, 131], [131, 132], [132, 217], [217, 188], [188, 185], [185, 186], [186, 160], [160, 224], [224, 168], [168, 207], [207, 208], [208, 137], [137, 140], [140, 196], [196, 195], [195, 174], [174, 171], [171, 223], [223, 222], [222, 221], [221, 265], [265, 264], [264, 259], [259, 258], [258, 260], [260, 261], [261, 244], [244, 245], [245, 330], [330, 301], [301, 298], [298, 299], [299, 273], [273, 337], [337, 281], [281, 320], [320, 321], [321, 250], [250, 253], [253, 309], [309, 308], [308, 287], [287, 284], [284, 336], [336, 335], [335, 334], [334, 378], [378, 377], [377, 372], [372, 371], [371, 373], [373, 374], [374, 357], [357, 358], [358, 443], [443, 414], [414, 411], [411, 412], [412, 386], [386, 450], [450, 394], [394, 433], [433, 434], [434, 363], [363, 366], [366, 422], [422, 421], [421, 400], [400, 397], [397, 449], [449, 448], [448, 447], [447, 491], [491, 490], [490, 485], [485, 484], [484, 486], [486, 487], [487, 470], [470, 471], [471, 556], [556, 527], [527, 524], [524, 525], [525, 499], [499, 563], [563, 507], [507, 546], [546, 547], [547, 476], [476, 479], [479, 535], [535, 534], [534, 513], [513, 510], [510, 562], [562, 561], [561, 560], [560, 604], [604, 603], [603, 598], [598, 597], [597, 599], [599, 600], [600, 583], [583, 584], [584, 669], [669, 640], [640, 637], [637, 638], [638, 612], [612, 676], [676, 620], [620, 659], [659, 660], [660, 589], [589, 592], [592, 648], [648, 647], [647, 626], [626, 623], [623, 675], [675, 674], [674, 673]],"Properties":{"Waypoint": { "startNode": -1, "finalNode": -1, "waypoint": []}, "LoopFreedom": { "startNode": -1},"DFA": {"initialState": 0, "finalStates": [13], "edges": [{"from": 0, "to": 1, "label": 35},{"from": 1, "to": 2, "label": 108},{"from": 2, "to": 3, "label": 147},{"from": 3, "to": 4, "label": 160},{"from": 4, "to": 5, "label": 258},{"from": 5, "to": 6, "label": 330},{"from": 6, "to": 7, "label": 372},{"from": 7, "to": 8, "label": 358},{"from": 8, "to": 9, "label": 490},{"from": 9, "to": 10, "label": 470},{"from": 10, "to": 11, "label": 604},{"from": 11, "to": 12, "label": 600},{"from": 12, "to": 13, "label": 673}]},"Reachability":{"startNode":39,"finalNode":673}}}
Kaki stdout:  Version: 1.15 
 kaki/verifypn-linux64 /tmp/tmp3yobazdg
DFA generation time: 0.036 seconds 
DFA states: 41 
DFA transitions: 2273
Problem file: /tmp/tmp3yobazdg
Switches to update: 180

Decomposed topology into 6 subproblems
Topological decomposition took 0.053 seconds
Subproblem verification time: 0.047 seconds
Subproblem verification time: 0.012 seconds
Subproblem verification time: 0.012 seconds
Subproblem verification time: 0.015 seconds
Subproblem verification time: 0.012 seconds
Subproblem verification time: 0.014 seconds
Minimum batches required: 3
[[75, 111, 72, 73, 55, 94, 95, 24, 27, 83, 82, 61, 58, 110, 109, 188, 224, 185, 186, 168, 207, 208, 137, 140, 196, 195, 174, 171, 223, 222, 301, 337, 298, 299, 281, 320, 321, 250, 253, 309, 308, 287, 284, 336, 335, 414, 450, 411, 412, 394, 433, 434, 363, 366, 422, 421, 400, 397, 449, 448, 527, 563, 524, 525, 507, 546, 547, 476, 479, 535, 534, 513, 510, 562, 561, 640, 676, 637, 638, 620, 659, 660, 589, 592, 648, 647, 626, 623, 675, 674], [47, 104, 160, 217, 273, 330, 386, 443, 499, 556, 612, 669], [60, 51, 50, 91, 92, 25, 26, 21, 20, 23, 105, 106, 107, 173, 164, 163, 204, 205, 138, 139, 134, 133, 136, 218, 219, 220, 286, 277, 276, 317, 318, 251, 252, 247, 246, 249, 331, 332, 333, 399, 390, 389, 430, 431, 364, 365, 360, 359, 362, 444, 445, 446, 512, 503, 502, 543, 544, 477, 478, 473, 472, 475, 557, 558, 559, 625, 616, 615, 656, 657, 590, 591, 586, 585, 588, 670, 671, 672]]
Total program runtime: 0.354 seconds

Kaki stderr:  
Time: 0.354
Solution: []
	Command being timed: "python3 allsynth/run.py -t kaki --GML topologies/topzoo/Deltacom.gml 5 --dir topzoo_res/SC/kaki/kaki-2 --e-prop SC --repeat 1"
	User time (seconds): 2.71
	System time (seconds): 1.47
	Percent of CPU this job got: 378%
	Elapsed (wall clock) time (h:mm:ss or m:ss): 0:01.10
	Average shared text size (kbytes): 0
	Average unshared data size (kbytes): 0
	Average stack size (kbytes): 0
	Average total size (kbytes): 0
	Maximum resident set size (kbytes): 172208
	Average resident set size (kbytes): 0
	Major (requiring I/O) page faults: 0
	Minor (reclaiming a frame) page faults: 52684
	Voluntary context switches: 6270
	Involuntary context switches: 179
	Swaps: 0
	File system inputs: 0
	File system outputs: 32
	Socket messages sent: 0
	Socket messages received: 0
	Signals delivered: 0
	Page size (bytes): 4096
	Exit status: 0
