Namespace(tool='kaki', exper=None, gml=['topologies/topzoo/Esnet.gml', '5'], index=None, prop='SC', prop_file=None, op_req=None, repeat=1, reduce=False, opt=False, u=False, some=False, count=False, weight_bound=None, savedir='topzoo_res/SC/kaki/kaki-2', dump_bdd=False)
Running 5Esnet.gml
Policy: (Service([126, 193, 324]-397) & (Reach 397))
Initial path of nodes: [38, 41, 40, 61, 60, 58, 6, 18, 52, 57, 72, 73, 74, 126, 128, 129, 108, 109, 106, 107, 174, 177, 176, 197, 196, 194, 142, 154, 188, 193, 242, 245, 244, 265, 264, 262, 210, 222, 256, 261, 310, 313, 312, 333, 332, 330, 278, 290, 324, 329, 378, 381, 380, 401, 400, 398, 346, 358, 392, 397]
Final path of nodes: [38, 39, 17, 16, 25, 62, 0, 11, 51, 52, 57, 72, 75, 69, 74, 70, 126, 128, 130, 93, 84, 85, 107, 174, 175, 153, 152, 161, 198, 136, 147, 187, 188, 193, 242, 243, 221, 220, 229, 266, 204, 215, 255, 256, 261, 310, 311, 289, 288, 297, 334, 272, 283, 323, 324, 329, 378, 379, 357, 356, 365, 402, 340, 351, 391, 392, 397]
{"Initial_routing":[[38, 41], [41, 40], [40, 61], [61, 60], [60, 58], [58, 6], [6, 18], [18, 52], [52, 57], [57, 72], [72, 73], [73, 74], [74, 126], [126, 128], [128, 129], [129, 108], [108, 109], [109, 106], [106, 107], [107, 174], [174, 177], [177, 176], [176, 197], [197, 196], [196, 194], [194, 142], [142, 154], [154, 188], [188, 193], [193, 242], [242, 245], [245, 244], [244, 265], [265, 264], [264, 262], [262, 210], [210, 222], [222, 256], [256, 261], [261, 310], [310, 313], [313, 312], [312, 333], [333, 332], [332, 330], [330, 278], [278, 290], [290, 324], [324, 329], [329, 378], [378, 381], [381, 380], [380, 401], [401, 400], [400, 398], [398, 346], [346, 358], [358, 392], [392, 397]],"Final_routing":[[38, 39], [39, 17], [17, 16], [16, 25], [25, 62], [62, 0], [0, 11], [11, 51], [51, 52], [52, 57], [57, 72], [72, 75], [75, 69], [69, 74], [74, 70], [70, 126], [126, 128], [128, 130], [130, 93], [93, 84], [84, 85], [85, 107], [107, 174], [174, 175], [175, 153], [153, 152], [152, 161], [161, 198], [198, 136], [136, 147], [147, 187], [187, 188], [188, 193], [193, 242], [242, 243], [243, 221], [221, 220], [220, 229], [229, 266], [266, 204], [204, 215], [215, 255], [255, 256], [256, 261], [261, 310], [310, 311], [311, 289], [289, 288], [288, 297], [297, 334], [334, 272], [272, 283], [283, 323], [323, 324], [324, 329], [329, 378], [378, 379], [379, 357], [357, 356], [356, 365], [365, 402], [402, 340], [340, 351], [351, 391], [391, 392], [392, 397]],"Properties":{"Waypoint": { "startNode": -1, "finalNode": -1, "waypoint": []}, "LoopFreedom": { "startNode": -1},"DFA": {"initialState": 0, "finalStates": [3], "edges": [{"from": 0, "to": 1, "label": 126},{"from": 1, "to": 2, "label": 193},{"from": 2, "to": 3, "label": 324}]},"Reachability":{"startNode":38,"finalNode":397}}}
Kaki stdout:  Version: 1.15 
 kaki/verifypn-linux64 /tmp/tmp9qjsugvk
DFA generation time: 0.013 seconds 
DFA states: 16 
DFA transitions: 476
Problem file: /tmp/tmp9qjsugvk
Switches to update: 95

Decomposed topology into 7 subproblems
Topological decomposition took 0.011 seconds
Subproblem verification time: 0.028 seconds
Subproblem verification time: 0.009 seconds
Subproblem verification time: 0.008 seconds
Subproblem verification time: 0.011 seconds
Subproblem verification time: 0.009 seconds
Subproblem verification time: 0.01 seconds
Subproblem verification time: 0.01 seconds
Minimum batches required: 3
[[39, 17, 16, 25, 62, 0, 11, 51, 75, 70, 69, 130, 93, 84, 85, 175, 153, 152, 161, 198, 136, 147, 187, 243, 221, 220, 229, 266, 204, 215, 255, 311, 289, 288, 297, 334, 272, 283, 323, 379, 357, 356, 365, 402, 340, 351, 391], [38, 74, 72, 128, 174, 242, 310, 378], [41, 40, 61, 60, 58, 6, 18, 73, 129, 108, 109, 106, 177, 176, 197, 196, 194, 142, 154, 245, 244, 265, 264, 262, 210, 222, 313, 312, 333, 332, 330, 278, 290, 381, 380, 401, 400, 398, 346, 358]]
Total program runtime: 0.227 seconds

Kaki stderr:  
Time: 0.227
Solution: []
	Command being timed: "python3 allsynth/run.py -t kaki --GML topologies/topzoo/Esnet.gml 5 --dir topzoo_res/SC/kaki/kaki-2 --e-prop SC --repeat 1"
	User time (seconds): 1.75
	System time (seconds): 1.42
	Percent of CPU this job got: 399%
	Elapsed (wall clock) time (h:mm:ss or m:ss): 0:00.79
	Average shared text size (kbytes): 0
	Average unshared data size (kbytes): 0
	Average stack size (kbytes): 0
	Average total size (kbytes): 0
	Maximum resident set size (kbytes): 114256
	Average resident set size (kbytes): 0
	Major (requiring I/O) page faults: 0
	Minor (reclaiming a frame) page faults: 45404
	Voluntary context switches: 4488
	Involuntary context switches: 289
	Swaps: 0
	File system inputs: 0
	File system outputs: 24
	Socket messages sent: 0
	Socket messages received: 0
	Signals delivered: 0
	Page size (bytes): 4096
	Exit status: 0
