Namespace(tool='kaki', exper=None, gml=['topologies/topzoo/Fatman.gml', '5'], index=None, prop='SC', prop_file=None, op_req=None, repeat=1, reduce=False, opt=False, u=False, some=False, count=False, weight_bound=None, savedir='topzoo_res/SC/kaki/kaki-2', dump_bdd=False)
Running 5Fatman.gml
Policy: (Service([17, 34, 51, 68, 85]-91) & (Reach 91))
Initial path of nodes: [0, 2, 5, 11, 10, 6, 17, 19, 22, 28, 27, 23, 34, 36, 39, 45, 44, 40, 51, 53, 56, 62, 61, 57, 68, 70, 73, 79, 78, 74, 85, 87, 90, 96, 95, 91]
Final path of nodes: [0, 2, 5, 12, 9, 10, 6, 17, 19, 22, 29, 26, 27, 23, 34, 36, 39, 46, 43, 44, 40, 51, 53, 56, 63, 60, 61, 57, 68, 70, 73, 80, 77, 78, 74, 85, 87, 90, 97, 94, 95, 91]
{"Initial_routing":[[0, 2], [2, 5], [5, 11], [11, 10], [10, 6], [6, 17], [17, 19], [19, 22], [22, 28], [28, 27], [27, 23], [23, 34], [34, 36], [36, 39], [39, 45], [45, 44], [44, 40], [40, 51], [51, 53], [53, 56], [56, 62], [62, 61], [61, 57], [57, 68], [68, 70], [70, 73], [73, 79], [79, 78], [78, 74], [74, 85], [85, 87], [87, 90], [90, 96], [96, 95], [95, 91]],"Final_routing":[[0, 2], [2, 5], [5, 12], [12, 9], [9, 10], [10, 6], [6, 17], [17, 19], [19, 22], [22, 29], [29, 26], [26, 27], [27, 23], [23, 34], [34, 36], [36, 39], [39, 46], [46, 43], [43, 44], [44, 40], [40, 51], [51, 53], [53, 56], [56, 63], [63, 60], [60, 61], [61, 57], [57, 68], [68, 70], [70, 73], [73, 80], [80, 77], [77, 78], [78, 74], [74, 85], [85, 87], [87, 90], [90, 97], [97, 94], [94, 95], [95, 91]],"Properties":{"Waypoint": { "startNode": -1, "finalNode": -1, "waypoint": []}, "LoopFreedom": { "startNode": -1},"DFA": {"initialState": 0, "finalStates": [5], "edges": [{"from": 0, "to": 1, "label": 17},{"from": 1, "to": 2, "label": 34},{"from": 2, "to": 3, "label": 51},{"from": 3, "to": 4, "label": 68},{"from": 4, "to": 5, "label": 85}]},"Reachability":{"startNode":0,"finalNode":91}}}
Kaki stdout:  Version: 1.15 
 kaki/verifypn-linux64 /tmp/tmpne8iyt7f
DFA generation time: 0.009 seconds 
DFA states: 9 
DFA transitions: 109
Problem file: /tmp/tmpne8iyt7f
Switches to update: 24

Decomposed topology into 6 subproblems
Topological decomposition took 0.005 seconds
Subproblem verification time: 0.028 seconds
Subproblem verification time: 0.008 seconds
Subproblem verification time: 0.008 seconds
Subproblem verification time: 0.008 seconds
Subproblem verification time: 0.008 seconds
Subproblem verification time: 0.008 seconds
Minimum batches required: 3
[[12, 9, 29, 26, 46, 43, 63, 60, 80, 77, 97, 94], [5, 22, 39, 56, 73, 90], [11, 28, 45, 62, 79, 96]]
Total program runtime: 0.176 seconds

Kaki stderr:  
Time: 0.176
Solution: []
	Command being timed: "python3 allsynth/run.py -t kaki --GML topologies/topzoo/Fatman.gml 5 --dir topzoo_res/SC/kaki/kaki-2 --e-prop SC --repeat 1"
	User time (seconds): 1.35
	System time (seconds): 1.32
	Percent of CPU this job got: 405%
	Elapsed (wall clock) time (h:mm:ss or m:ss): 0:00.65
	Average shared text size (kbytes): 0
	Average unshared data size (kbytes): 0
	Average stack size (kbytes): 0
	Average total size (kbytes): 0
	Maximum resident set size (kbytes): 92032
	Average resident set size (kbytes): 0
	Major (requiring I/O) page faults: 0
	Minor (reclaiming a frame) page faults: 36566
	Voluntary context switches: 3717
	Involuntary context switches: 360
	Swaps: 0
	File system inputs: 0
	File system outputs: 24
	Socket messages sent: 0
	Socket messages received: 0
	Signals delivered: 0
	Page size (bytes): 4096
	Exit status: 0
