Namespace(tool='kaki', exper=None, gml=['topologies/topzoo/Gambia.gml', '5'], index=None, prop='SC', prop_file=None, op_req=None, repeat=1, reduce=False, opt=False, u=False, some=False, count=False, weight_bound=None, savedir='topzoo_res/SC/kaki/kaki-2', dump_bdd=False)
Running 5Gambia.gml
Policy: (Service([26, 44, 47, 77, 99, 102, 132, 154, 166]-159) & (Reach 159))
Initial path of nodes: [14, 15, 16, 20, 21, 25, 26, 18, 19, 42, 43, 44, 48, 49, 53, 54, 46, 47, 70, 71, 72, 76, 77, 81, 82, 74, 75, 98, 99, 100, 104, 105, 109, 110, 102, 103, 126, 127, 128, 132, 133, 137, 138, 130, 131, 154, 155, 156, 160, 161, 165, 166, 158, 159]
Final path of nodes: [14, 15, 16, 20, 21, 3, 2, 27, 26, 18, 19, 42, 43, 44, 48, 49, 31, 30, 55, 54, 46, 47, 70, 71, 72, 76, 77, 59, 58, 83, 82, 74, 75, 98, 99, 100, 104, 105, 87, 86, 111, 110, 102, 103, 126, 127, 128, 132, 133, 115, 114, 139, 138, 130, 131, 154, 155, 156, 160, 161, 143, 142, 167, 166, 158, 159]
{"Initial_routing":[[14, 15], [15, 16], [16, 20], [20, 21], [21, 25], [25, 26], [26, 18], [18, 19], [19, 42], [42, 43], [43, 44], [44, 48], [48, 49], [49, 53], [53, 54], [54, 46], [46, 47], [47, 70], [70, 71], [71, 72], [72, 76], [76, 77], [77, 81], [81, 82], [82, 74], [74, 75], [75, 98], [98, 99], [99, 100], [100, 104], [104, 105], [105, 109], [109, 110], [110, 102], [102, 103], [103, 126], [126, 127], [127, 128], [128, 132], [132, 133], [133, 137], [137, 138], [138, 130], [130, 131], [131, 154], [154, 155], [155, 156], [156, 160], [160, 161], [161, 165], [165, 166], [166, 158], [158, 159]],"Final_routing":[[14, 15], [15, 16], [16, 20], [20, 21], [21, 3], [3, 2], [2, 27], [27, 26], [26, 18], [18, 19], [19, 42], [42, 43], [43, 44], [44, 48], [48, 49], [49, 31], [31, 30], [30, 55], [55, 54], [54, 46], [46, 47], [47, 70], [70, 71], [71, 72], [72, 76], [76, 77], [77, 59], [59, 58], [58, 83], [83, 82], [82, 74], [74, 75], [75, 98], [98, 99], [99, 100], [100, 104], [104, 105], [105, 87], [87, 86], [86, 111], [111, 110], [110, 102], [102, 103], [103, 126], [126, 127], [127, 128], [128, 132], [132, 133], [133, 115], [115, 114], [114, 139], [139, 138], [138, 130], [130, 131], [131, 154], [154, 155], [155, 156], [156, 160], [160, 161], [161, 143], [143, 142], [142, 167], [167, 166], [166, 158], [158, 159]],"Properties":{"Waypoint": { "startNode": -1, "finalNode": -1, "waypoint": []}, "LoopFreedom": { "startNode": -1},"DFA": {"initialState": 0, "finalStates": [9], "edges": [{"from": 0, "to": 1, "label": 26},{"from": 1, "to": 2, "label": 44},{"from": 2, "to": 3, "label": 47},{"from": 3, "to": 4, "label": 77},{"from": 4, "to": 5, "label": 99},{"from": 5, "to": 6, "label": 102},{"from": 6, "to": 7, "label": 132},{"from": 7, "to": 8, "label": 154},{"from": 8, "to": 9, "label": 166}]},"Reachability":{"startNode":14,"finalNode":159}}}
Kaki stdout:  Version: 1.15 
 kaki/verifypn-linux64 /tmp/tmpwo8m1nis
DFA generation time: 0.013 seconds 
DFA states: 26 
DFA transitions: 358
Problem file: /tmp/tmpwo8m1nis
Switches to update: 30

Decomposed topology into 6 subproblems
Topological decomposition took 0.009 seconds
Subproblem verification time: 0.028 seconds
Subproblem verification time: 0.008 seconds
Subproblem verification time: 0.007 seconds
Subproblem verification time: 0.009 seconds
Subproblem verification time: 0.009 seconds
Subproblem verification time: 0.011 seconds
Minimum batches required: 3
[[3, 2, 27, 31, 30, 55, 59, 58, 83, 87, 86, 111, 115, 114, 139, 143, 142, 167], [21, 49, 77, 105, 133, 161], [25, 53, 81, 109, 137, 165]]
Total program runtime: 0.206 seconds

Kaki stderr:  
Time: 0.206
Solution: []
	Command being timed: "python3 allsynth/run.py -t kaki --GML topologies/topzoo/Gambia.gml 5 --dir topzoo_res/SC/kaki/kaki-2 --e-prop SC --repeat 1"
	User time (seconds): 1.44
	System time (seconds): 1.34
	Percent of CPU this job got: 392%
	Elapsed (wall clock) time (h:mm:ss or m:ss): 0:00.71
	Average shared text size (kbytes): 0
	Average unshared data size (kbytes): 0
	Average stack size (kbytes): 0
	Average total size (kbytes): 0
	Maximum resident set size (kbytes): 98100
	Average resident set size (kbytes): 0
	Major (requiring I/O) page faults: 0
	Minor (reclaiming a frame) page faults: 37789
	Voluntary context switches: 4385
	Involuntary context switches: 429
	Swaps: 0
	File system inputs: 0
	File system outputs: 24
	Socket messages sent: 0
	Socket messages received: 0
	Signals delivered: 0
	Page size (bytes): 4096
	Exit status: 0
