Namespace(tool='kaki', exper=None, gml=['topologies/topzoo/Garr201104.gml', '5'], index=None, prop='SC', prop_file=None, op_req=None, repeat=1, reduce=False, opt=False, u=False, some=False, count=False, weight_bound=None, savedir='topzoo_res/SC/kaki/kaki-2', dump_bdd=False)
Running 5Garr201104.gml
Policy: (Service([52, 79, 171, 198, 258, 303, 347]-347) & (Reach 347))
Initial path of nodes: [8, 22, 21, 10, 53, 35, 38, 52, 59, 92, 73, 103, 69, 80, 79, 71, 126, 140, 139, 128, 171, 153, 156, 170, 185, 199, 198, 187, 230, 212, 215, 229, 244, 258, 257, 246, 289, 271, 274, 288, 303, 317, 316, 305, 348, 330, 333, 347]
Final path of nodes: [8, 22, 21, 18, 53, 57, 38, 52, 59, 92, 73, 106, 77, 80, 79, 71, 126, 140, 139, 136, 171, 175, 156, 170, 185, 199, 198, 195, 230, 234, 215, 229, 244, 258, 257, 254, 289, 293, 274, 288, 303, 317, 316, 313, 348, 352, 333, 347]
{"Initial_routing":[[8, 22], [22, 21], [21, 10], [10, 53], [53, 35], [35, 38], [38, 52], [52, 59], [59, 92], [92, 73], [73, 103], [103, 69], [69, 80], [80, 79], [79, 71], [71, 126], [126, 140], [140, 139], [139, 128], [128, 171], [171, 153], [153, 156], [156, 170], [170, 185], [185, 199], [199, 198], [198, 187], [187, 230], [230, 212], [212, 215], [215, 229], [229, 244], [244, 258], [258, 257], [257, 246], [246, 289], [289, 271], [271, 274], [274, 288], [288, 303], [303, 317], [317, 316], [316, 305], [305, 348], [348, 330], [330, 333], [333, 347]],"Final_routing":[[8, 22], [22, 21], [21, 18], [18, 53], [53, 57], [57, 38], [38, 52], [52, 59], [59, 92], [92, 73], [73, 106], [106, 77], [77, 80], [80, 79], [79, 71], [71, 126], [126, 140], [140, 139], [139, 136], [136, 171], [171, 175], [175, 156], [156, 170], [170, 185], [185, 199], [199, 198], [198, 195], [195, 230], [230, 234], [234, 215], [215, 229], [229, 244], [244, 258], [258, 257], [257, 254], [254, 289], [289, 293], [293, 274], [274, 288], [288, 303], [303, 317], [317, 316], [316, 313], [313, 348], [348, 352], [352, 333], [333, 347]],"Properties":{"Waypoint": { "startNode": -1, "finalNode": -1, "waypoint": []}, "LoopFreedom": { "startNode": -1},"DFA": {"initialState": 0, "finalStates": [7], "edges": [{"from": 0, "to": 1, "label": 52},{"from": 1, "to": 2, "label": 79},{"from": 2, "to": 3, "label": 171},{"from": 3, "to": 4, "label": 198},{"from": 4, "to": 5, "label": 258},{"from": 5, "to": 6, "label": 303},{"from": 6, "to": 7, "label": 347}]},"Reachability":{"startNode":8,"finalNode":347}}}
Kaki stdout:  Version: 1.15 
 kaki/verifypn-linux64 /tmp/tmpnyd9w4rf
DFA generation time: 0.012 seconds 
DFA states: 28 
DFA transitions: 344
Problem file: /tmp/tmpnyd9w4rf
Switches to update: 35

Decomposed topology into 6 subproblems
Topological decomposition took 0.008 seconds
Subproblem verification time: 0.036 seconds
Subproblem verification time: 0.009 seconds
Subproblem verification time: 0.009 seconds
Subproblem verification time: 0.008 seconds
Subproblem verification time: 0.008 seconds
Subproblem verification time: 0.009 seconds
Minimum batches required: 3
[[18, 57, 106, 77, 136, 175, 195, 234, 254, 293, 313, 352], [53, 21, 73, 171, 139, 230, 198, 289, 257, 348, 316], [10, 35, 103, 69, 128, 153, 187, 212, 246, 271, 305, 330]]
Total program runtime: 0.204 seconds

Kaki stderr:  
Time: 0.204
Solution: []
	Command being timed: "python3 allsynth/run.py -t kaki --GML topologies/topzoo/Garr201104.gml 5 --dir topzoo_res/SC/kaki/kaki-2 --e-prop SC --repeat 1"
	User time (seconds): 1.60
	System time (seconds): 1.33
	Percent of CPU this job got: 384%
	Elapsed (wall clock) time (h:mm:ss or m:ss): 0:00.76
	Average shared text size (kbytes): 0
	Average unshared data size (kbytes): 0
	Average stack size (kbytes): 0
	Average total size (kbytes): 0
	Maximum resident set size (kbytes): 99868
	Average resident set size (kbytes): 0
	Major (requiring I/O) page faults: 0
	Minor (reclaiming a frame) page faults: 41674
	Voluntary context switches: 3669
	Involuntary context switches: 1064
	Swaps: 0
	File system inputs: 0
	File system outputs: 24
	Socket messages sent: 0
	Socket messages received: 0
	Signals delivered: 0
	Page size (bytes): 4096
	Exit status: 0
