Namespace(tool='kaki', exper=None, gml=['topologies/topzoo/Gridnet.gml', '5'], index=None, prop='SC', prop_file=None, op_req=None, repeat=1, reduce=False, opt=False, u=False, some=False, count=False, weight_bound=None, savedir='topzoo_res/SC/kaki/kaki-2', dump_bdd=False)
Running 5Gridnet.gml
Policy: (Service([19, 44]-53) & (Reach 53))
Initial path of nodes: [1, 2, 8, 9, 17, 15, 19, 20, 26, 28, 29, 35, 37, 38, 44, 46, 47, 53]
Final path of nodes: [1, 2, 8, 9, 16, 15, 19, 24, 26, 28, 33, 35, 37, 42, 44, 46, 51, 53]
{"Initial_routing":[[1, 2], [2, 8], [8, 9], [9, 17], [17, 15], [15, 19], [19, 20], [20, 26], [26, 28], [28, 29], [29, 35], [35, 37], [37, 38], [38, 44], [44, 46], [46, 47], [47, 53]],"Final_routing":[[1, 2], [2, 8], [8, 9], [9, 16], [16, 15], [15, 19], [19, 24], [24, 26], [26, 28], [28, 33], [33, 35], [35, 37], [37, 42], [42, 44], [44, 46], [46, 51], [51, 53]],"Properties":{"Waypoint": { "startNode": -1, "finalNode": -1, "waypoint": []}, "LoopFreedom": { "startNode": -1},"DFA": {"initialState": 0, "finalStates": [2], "edges": [{"from": 0, "to": 1, "label": 19},{"from": 1, "to": 2, "label": 44}]},"Reachability":{"startNode":1,"finalNode":53}}}
Kaki stdout:  Version: 1.15 
 kaki/verifypn-linux64 /tmp/tmpr688_8sj
DFA generation time: 0.008 seconds 
DFA states: 11 
DFA transitions: 78
Problem file: /tmp/tmpr688_8sj
Switches to update: 15

Decomposed topology into 5 subproblems
Topological decomposition took 0.003 seconds
Subproblem verification time: 0.028 seconds
Subproblem verification time: 0.008 seconds
Subproblem verification time: 0.007 seconds
Subproblem verification time: 0.008 seconds
Subproblem verification time: 0.008 seconds
Minimum batches required: 3
[[16, 24, 33, 42, 51], [9, 19, 28, 37, 46], [17, 20, 29, 38, 47]]
Total program runtime: 0.165 seconds

Kaki stderr:  
Time: 0.165
Solution: []
	Command being timed: "python3 allsynth/run.py -t kaki --GML topologies/topzoo/Gridnet.gml 5 --dir topzoo_res/SC/kaki/kaki-2 --e-prop SC --repeat 1"
	User time (seconds): 1.22
	System time (seconds): 1.39
	Percent of CPU this job got: 417%
	Elapsed (wall clock) time (h:mm:ss or m:ss): 0:00.62
	Average shared text size (kbytes): 0
	Average unshared data size (kbytes): 0
	Average stack size (kbytes): 0
	Average total size (kbytes): 0
	Maximum resident set size (kbytes): 92072
	Average resident set size (kbytes): 0
	Major (requiring I/O) page faults: 0
	Minor (reclaiming a frame) page faults: 33649
	Voluntary context switches: 3773
	Involuntary context switches: 119
	Swaps: 0
	File system inputs: 0
	File system outputs: 24
	Socket messages sent: 0
	Socket messages received: 0
	Signals delivered: 0
	Page size (bytes): 4096
	Exit status: 0
