Namespace(tool='kaki', exper=None, gml=['topologies/topzoo/Grnet.gml', '5'], index=None, prop='SC', prop_file=None, op_req=None, repeat=1, reduce=False, opt=False, u=False, some=False, count=False, weight_bound=None, savedir='topzoo_res/SC/kaki/kaki-2', dump_bdd=False)
Running 5Grnet.gml
Policy: (Service([4, 57, 81, 78, 131, 155, 152, 205]-212) & (Reach 212))
Initial path of nodes: [7, 6, 28, 24, 20, 8, 5, 4, 27, 44, 43, 65, 61, 57, 45, 42, 41, 64, 81, 80, 102, 98, 94, 82, 79, 78, 101, 118, 117, 139, 135, 131, 119, 116, 115, 138, 155, 154, 176, 172, 168, 156, 153, 152, 175, 192, 191, 213, 209, 205, 193, 190, 189, 212]
Final path of nodes: [7, 6, 28, 30, 34, 8, 5, 4, 27, 44, 43, 65, 67, 57, 45, 42, 41, 64, 81, 80, 102, 104, 108, 82, 79, 78, 101, 118, 117, 139, 141, 131, 119, 116, 115, 138, 155, 154, 176, 178, 182, 156, 153, 152, 175, 192, 191, 213, 215, 205, 193, 190, 189, 212]
{"Initial_routing":[[7, 6], [6, 28], [28, 24], [24, 20], [20, 8], [8, 5], [5, 4], [4, 27], [27, 44], [44, 43], [43, 65], [65, 61], [61, 57], [57, 45], [45, 42], [42, 41], [41, 64], [64, 81], [81, 80], [80, 102], [102, 98], [98, 94], [94, 82], [82, 79], [79, 78], [78, 101], [101, 118], [118, 117], [117, 139], [139, 135], [135, 131], [131, 119], [119, 116], [116, 115], [115, 138], [138, 155], [155, 154], [154, 176], [176, 172], [172, 168], [168, 156], [156, 153], [153, 152], [152, 175], [175, 192], [192, 191], [191, 213], [213, 209], [209, 205], [205, 193], [193, 190], [190, 189], [189, 212]],"Final_routing":[[7, 6], [6, 28], [28, 30], [30, 34], [34, 8], [8, 5], [5, 4], [4, 27], [27, 44], [44, 43], [43, 65], [65, 67], [67, 57], [57, 45], [45, 42], [42, 41], [41, 64], [64, 81], [81, 80], [80, 102], [102, 104], [104, 108], [108, 82], [82, 79], [79, 78], [78, 101], [101, 118], [118, 117], [117, 139], [139, 141], [141, 131], [131, 119], [119, 116], [116, 115], [115, 138], [138, 155], [155, 154], [154, 176], [176, 178], [178, 182], [182, 156], [156, 153], [153, 152], [152, 175], [175, 192], [192, 191], [191, 213], [213, 215], [215, 205], [205, 193], [193, 190], [190, 189], [189, 212]],"Properties":{"Waypoint": { "startNode": -1, "finalNode": -1, "waypoint": []}, "LoopFreedom": { "startNode": -1},"DFA": {"initialState": 0, "finalStates": [8], "edges": [{"from": 0, "to": 1, "label": 4},{"from": 1, "to": 2, "label": 57},{"from": 2, "to": 3, "label": 81},{"from": 3, "to": 4, "label": 78},{"from": 4, "to": 5, "label": 131},{"from": 5, "to": 6, "label": 155},{"from": 6, "to": 7, "label": 152},{"from": 7, "to": 8, "label": 205}]},"Reachability":{"startNode":7,"finalNode":212}}}
Kaki stdout:  Version: 1.15 
 kaki/verifypn-linux64 /tmp/tmp0e_wadlw
DFA generation time: 0.011 seconds 
DFA states: 23 
DFA transitions: 253
Problem file: /tmp/tmp0e_wadlw
Switches to update: 24

Decomposed topology into 6 subproblems
Topological decomposition took 0.009 seconds
Subproblem verification time: 0.027 seconds
Subproblem verification time: 0.008 seconds
Subproblem verification time: 0.007 seconds
Subproblem verification time: 0.008 seconds
Subproblem verification time: 0.008 seconds
Subproblem verification time: 0.009 seconds
Minimum batches required: 3
[[30, 34, 67, 104, 108, 141, 178, 182, 215], [28, 65, 102, 139, 176, 213], [24, 20, 61, 98, 94, 135, 172, 168, 209]]
Total program runtime: 0.184 seconds

Kaki stderr:  
Time: 0.184
Solution: []
	Command being timed: "python3 allsynth/run.py -t kaki --GML topologies/topzoo/Grnet.gml 5 --dir topzoo_res/SC/kaki/kaki-2 --e-prop SC --repeat 1"
	User time (seconds): 1.40
	System time (seconds): 1.39
	Percent of CPU this job got: 404%
	Elapsed (wall clock) time (h:mm:ss or m:ss): 0:00.69
	Average shared text size (kbytes): 0
	Average unshared data size (kbytes): 0
	Average stack size (kbytes): 0
	Average total size (kbytes): 0
	Maximum resident set size (kbytes): 98692
	Average resident set size (kbytes): 0
	Major (requiring I/O) page faults: 0
	Minor (reclaiming a frame) page faults: 37967
	Voluntary context switches: 3906
	Involuntary context switches: 169
	Swaps: 0
	File system inputs: 0
	File system outputs: 24
	Socket messages sent: 0
	Socket messages received: 0
	Signals delivered: 0
	Page size (bytes): 4096
	Exit status: 0
