Namespace(tool='kaki', exper=None, gml=['topologies/topzoo/GtsRomania.gml', '5'], index=None, prop='SC', prop_file=None, op_req=None, repeat=1, reduce=False, opt=False, u=False, some=False, count=False, weight_bound=None, savedir='topzoo_res/SC/kaki/kaki-2', dump_bdd=False)
Running 5GtsRomania.gml
Policy: (Service([29, 50, 71, 92, 113]-121) & (Reach 121))
Initial path of nodes: [8, 19, 18, 20, 11, 16, 29, 40, 39, 41, 32, 37, 50, 61, 60, 62, 53, 58, 71, 82, 81, 83, 74, 79, 92, 103, 102, 104, 95, 100, 113, 124, 123, 125, 116, 121]
Final path of nodes: [8, 19, 18, 5, 0, 11, 16, 29, 40, 39, 26, 21, 32, 37, 50, 61, 60, 47, 42, 53, 58, 71, 82, 81, 68, 63, 74, 79, 92, 103, 102, 89, 84, 95, 100, 113, 124, 123, 110, 105, 116, 121]
{"Initial_routing":[[8, 19], [19, 18], [18, 20], [20, 11], [11, 16], [16, 29], [29, 40], [40, 39], [39, 41], [41, 32], [32, 37], [37, 50], [50, 61], [61, 60], [60, 62], [62, 53], [53, 58], [58, 71], [71, 82], [82, 81], [81, 83], [83, 74], [74, 79], [79, 92], [92, 103], [103, 102], [102, 104], [104, 95], [95, 100], [100, 113], [113, 124], [124, 123], [123, 125], [125, 116], [116, 121]],"Final_routing":[[8, 19], [19, 18], [18, 5], [5, 0], [0, 11], [11, 16], [16, 29], [29, 40], [40, 39], [39, 26], [26, 21], [21, 32], [32, 37], [37, 50], [50, 61], [61, 60], [60, 47], [47, 42], [42, 53], [53, 58], [58, 71], [71, 82], [82, 81], [81, 68], [68, 63], [63, 74], [74, 79], [79, 92], [92, 103], [103, 102], [102, 89], [89, 84], [84, 95], [95, 100], [100, 113], [113, 124], [124, 123], [123, 110], [110, 105], [105, 116], [116, 121]],"Properties":{"Waypoint": { "startNode": -1, "finalNode": -1, "waypoint": []}, "LoopFreedom": { "startNode": -1},"DFA": {"initialState": 0, "finalStates": [5], "edges": [{"from": 0, "to": 1, "label": 29},{"from": 1, "to": 2, "label": 50},{"from": 2, "to": 3, "label": 71},{"from": 3, "to": 4, "label": 92},{"from": 4, "to": 5, "label": 113}]},"Reachability":{"startNode":8,"finalNode":121}}}
Kaki stdout:  Version: 1.15 
 kaki/verifypn-linux64 /tmp/tmpijy00upw
DFA generation time: 0.009 seconds 
DFA states: 9 
DFA transitions: 109
Problem file: /tmp/tmpijy00upw
Switches to update: 24

Decomposed topology into 6 subproblems
Topological decomposition took 0.004 seconds
Subproblem verification time: 0.03 seconds
Subproblem verification time: 0.008 seconds
Subproblem verification time: 0.008 seconds
Subproblem verification time: 0.008 seconds
Subproblem verification time: 0.008 seconds
Subproblem verification time: 0.009 seconds
Minimum batches required: 3
[[5, 0, 26, 21, 47, 42, 68, 63, 89, 84, 110, 105], [18, 39, 60, 81, 102, 123], [20, 41, 62, 83, 104, 125]]
Total program runtime: 0.189 seconds

Kaki stderr:  
Time: 0.189
Solution: []
	Command being timed: "python3 allsynth/run.py -t kaki --GML topologies/topzoo/GtsRomania.gml 5 --dir topzoo_res/SC/kaki/kaki-2 --e-prop SC --repeat 1"
	User time (seconds): 1.30
	System time (seconds): 1.39
	Percent of CPU this job got: 406%
	Elapsed (wall clock) time (h:mm:ss or m:ss): 0:00.66
	Average shared text size (kbytes): 0
	Average unshared data size (kbytes): 0
	Average stack size (kbytes): 0
	Average total size (kbytes): 0
	Maximum resident set size (kbytes): 94804
	Average resident set size (kbytes): 0
	Major (requiring I/O) page faults: 0
	Minor (reclaiming a frame) page faults: 36804
	Voluntary context switches: 3330
	Involuntary context switches: 225
	Swaps: 0
	File system inputs: 0
	File system outputs: 24
	Socket messages sent: 0
	Socket messages received: 0
	Signals delivered: 0
	Page size (bytes): 4096
	Exit status: 0
