Namespace(tool='kaki', exper=None, gml=['topologies/topzoo/HiberniaNireland.gml', '5'], index=None, prop='SC', prop_file=None, op_req=None, repeat=1, reduce=False, opt=False, u=False, some=False, count=False, weight_bound=None, savedir='topzoo_res/SC/kaki/kaki-2', dump_bdd=False)
Running 5HiberniaNireland.gml
Policy: (Service([28, 55, 97]-100) & (Reach 100))
Initial path of nodes: [7, 2, 9, 8, 17, 12, 1, 10, 25, 20, 27, 26, 35, 30, 19, 28, 43, 38, 45, 44, 53, 48, 37, 46, 61, 56, 63, 62, 71, 66, 55, 64, 79, 74, 81, 80, 89, 84, 73, 82, 97, 92, 99, 98, 107, 102, 91, 100]
Final path of nodes: [7, 4, 3, 5, 0, 6, 1, 10, 25, 22, 21, 23, 18, 24, 19, 28, 43, 40, 39, 41, 36, 42, 37, 46, 61, 58, 57, 59, 54, 60, 55, 64, 79, 76, 75, 77, 72, 78, 73, 82, 97, 94, 93, 95, 90, 96, 91, 100]
{"Initial_routing":[[7, 2], [2, 9], [9, 8], [8, 17], [17, 12], [12, 1], [1, 10], [10, 25], [25, 20], [20, 27], [27, 26], [26, 35], [35, 30], [30, 19], [19, 28], [28, 43], [43, 38], [38, 45], [45, 44], [44, 53], [53, 48], [48, 37], [37, 46], [46, 61], [61, 56], [56, 63], [63, 62], [62, 71], [71, 66], [66, 55], [55, 64], [64, 79], [79, 74], [74, 81], [81, 80], [80, 89], [89, 84], [84, 73], [73, 82], [82, 97], [97, 92], [92, 99], [99, 98], [98, 107], [107, 102], [102, 91], [91, 100]],"Final_routing":[[7, 4], [4, 3], [3, 5], [5, 0], [0, 6], [6, 1], [1, 10], [10, 25], [25, 22], [22, 21], [21, 23], [23, 18], [18, 24], [24, 19], [19, 28], [28, 43], [43, 40], [40, 39], [39, 41], [41, 36], [36, 42], [42, 37], [37, 46], [46, 61], [61, 58], [58, 57], [57, 59], [59, 54], [54, 60], [60, 55], [55, 64], [64, 79], [79, 76], [76, 75], [75, 77], [77, 72], [72, 78], [78, 73], [73, 82], [82, 97], [97, 94], [94, 93], [93, 95], [95, 90], [90, 96], [96, 91], [91, 100]],"Properties":{"Waypoint": { "startNode": -1, "finalNode": -1, "waypoint": []}, "LoopFreedom": { "startNode": -1},"DFA": {"initialState": 0, "finalStates": [3], "edges": [{"from": 0, "to": 1, "label": 28},{"from": 1, "to": 2, "label": 55},{"from": 2, "to": 3, "label": 97}]},"Reachability":{"startNode":7,"finalNode":100}}}
Kaki stdout:  Version: 1.15 
 kaki/verifypn-linux64 /tmp/tmpns2pxf1r
DFA generation time: 0.012 seconds 
DFA states: 14 
DFA transitions: 279
Problem file: /tmp/tmpns2pxf1r
Switches to update: 66

Decomposed topology into 6 subproblems
Topological decomposition took 0.009 seconds
Subproblem verification time: 0.029 seconds
Subproblem verification time: 0.009 seconds
Subproblem verification time: 0.008 seconds
Subproblem verification time: 0.009 seconds
Subproblem verification time: 0.008 seconds
Subproblem verification time: 0.009 seconds
Minimum batches required: 3
[[4, 3, 5, 0, 6, 22, 21, 23, 18, 24, 40, 39, 41, 36, 42, 58, 57, 59, 54, 60, 76, 75, 77, 72, 78, 94, 93, 95, 90, 96], [7, 25, 43, 61, 79, 97], [2, 9, 8, 17, 12, 20, 27, 26, 35, 30, 38, 45, 44, 53, 48, 56, 63, 62, 71, 66, 74, 81, 80, 89, 84, 92, 99, 98, 107, 102]]
Total program runtime: 0.203 seconds

Kaki stderr:  
Time: 0.203
Solution: []
	Command being timed: "python3 allsynth/run.py -t kaki --GML topologies/topzoo/HiberniaNireland.gml 5 --dir topzoo_res/SC/kaki/kaki-2 --e-prop SC --repeat 1"
	User time (seconds): 1.65
	System time (seconds): 1.30
	Percent of CPU this job got: 425%
	Elapsed (wall clock) time (h:mm:ss or m:ss): 0:00.69
	Average shared text size (kbytes): 0
	Average unshared data size (kbytes): 0
	Average stack size (kbytes): 0
	Average total size (kbytes): 0
	Maximum resident set size (kbytes): 101104
	Average resident set size (kbytes): 0
	Major (requiring I/O) page faults: 0
	Minor (reclaiming a frame) page faults: 39274
	Voluntary context switches: 4758
	Involuntary context switches: 203
	Swaps: 0
	File system inputs: 0
	File system outputs: 24
	Socket messages sent: 0
	Socket messages received: 0
	Signals delivered: 0
	Page size (bytes): 4096
	Exit status: 0
