Namespace(tool='kaki', exper=None, gml=['topologies/topzoo/HostwayInternational.gml', '5'], index=None, prop='SC', prop_file=None, op_req=None, repeat=1, reduce=False, opt=False, u=False, some=False, count=False, weight_bound=None, savedir='topzoo_res/SC/kaki/kaki-2', dump_bdd=False)
Running 5HostwayInternational.gml
Policy: (Service([19, 35, 51, 67, 83]-94) & (Reach 94))
Initial path of nodes: [3, 0, 2, 7, 4, 10, 9, 8, 14, 19, 16, 18, 23, 20, 26, 25, 24, 30, 35, 32, 34, 39, 36, 42, 41, 40, 46, 51, 48, 50, 55, 52, 58, 57, 56, 62, 67, 64, 66, 71, 68, 74, 73, 72, 78, 83, 80, 82, 87, 84, 90, 89, 88, 94]
Final path of nodes: [3, 0, 2, 7, 6, 15, 12, 11, 14, 19, 16, 21, 18, 23, 22, 31, 28, 27, 30, 35, 32, 34, 39, 38, 47, 44, 43, 46, 51, 48, 53, 50, 55, 54, 63, 60, 59, 62, 67, 64, 66, 71, 70, 79, 76, 75, 78, 83, 80, 85, 82, 87, 86, 95, 92, 91, 94]
{"Initial_routing":[[3, 0], [0, 2], [2, 7], [7, 4], [4, 10], [10, 9], [9, 8], [8, 14], [14, 19], [19, 16], [16, 18], [18, 23], [23, 20], [20, 26], [26, 25], [25, 24], [24, 30], [30, 35], [35, 32], [32, 34], [34, 39], [39, 36], [36, 42], [42, 41], [41, 40], [40, 46], [46, 51], [51, 48], [48, 50], [50, 55], [55, 52], [52, 58], [58, 57], [57, 56], [56, 62], [62, 67], [67, 64], [64, 66], [66, 71], [71, 68], [68, 74], [74, 73], [73, 72], [72, 78], [78, 83], [83, 80], [80, 82], [82, 87], [87, 84], [84, 90], [90, 89], [89, 88], [88, 94]],"Final_routing":[[3, 0], [0, 2], [2, 7], [7, 6], [6, 15], [15, 12], [12, 11], [11, 14], [14, 19], [19, 16], [16, 21], [21, 18], [18, 23], [23, 22], [22, 31], [31, 28], [28, 27], [27, 30], [30, 35], [35, 32], [32, 34], [34, 39], [39, 38], [38, 47], [47, 44], [44, 43], [43, 46], [46, 51], [51, 48], [48, 53], [53, 50], [50, 55], [55, 54], [54, 63], [63, 60], [60, 59], [59, 62], [62, 67], [67, 64], [64, 66], [66, 71], [71, 70], [70, 79], [79, 76], [76, 75], [75, 78], [78, 83], [83, 80], [80, 85], [85, 82], [82, 87], [87, 86], [86, 95], [95, 92], [92, 91], [91, 94]],"Properties":{"Waypoint": { "startNode": -1, "finalNode": -1, "waypoint": []}, "LoopFreedom": { "startNode": -1},"DFA": {"initialState": 0, "finalStates": [5], "edges": [{"from": 0, "to": 1, "label": 19},{"from": 1, "to": 2, "label": 35},{"from": 2, "to": 3, "label": 51},{"from": 3, "to": 4, "label": 67},{"from": 4, "to": 5, "label": 83}]},"Reachability":{"startNode":3,"finalNode":94}}}
Kaki stdout:  Version: 1.15 
 kaki/verifypn-linux64 /tmp/tmpz9qu1fz3
DFA generation time: 0.013 seconds 
DFA states: 29 
DFA transitions: 697
Problem file: /tmp/tmpz9qu1fz3
Switches to update: 60

Decomposed topology into 9 subproblems
Topological decomposition took 0.013 seconds
Subproblem verification time: 0.032 seconds
Subproblem verification time: 0.008 seconds
Subproblem verification time: 0.009 seconds
Subproblem verification time: 0.009 seconds
Subproblem verification time: 0.008 seconds
Subproblem verification time: 0.009 seconds
Subproblem verification time: 0.008 seconds
Subproblem verification time: 0.008 seconds
Subproblem verification time: 0.009 seconds
Minimum batches required: 3
[[6, 15, 12, 11, 21, 22, 31, 28, 27, 38, 47, 44, 43, 53, 54, 63, 60, 59, 70, 79, 76, 75, 85, 86, 95, 92, 91], [7, 16, 23, 39, 48, 55, 71, 80, 87], [4, 10, 9, 8, 20, 26, 25, 24, 36, 42, 41, 40, 52, 58, 57, 56, 68, 74, 73, 72, 84, 90, 89, 88]]
Total program runtime: 0.238 seconds

Kaki stderr:  
Time: 0.238
Solution: []
	Command being timed: "python3 allsynth/run.py -t kaki --GML topologies/topzoo/HostwayInternational.gml 5 --dir topzoo_res/SC/kaki/kaki-2 --e-prop SC --repeat 1"
	User time (seconds): 1.62
	System time (seconds): 1.41
	Percent of CPU this job got: 422%
	Elapsed (wall clock) time (h:mm:ss or m:ss): 0:00.71
	Average shared text size (kbytes): 0
	Average unshared data size (kbytes): 0
	Average stack size (kbytes): 0
	Average total size (kbytes): 0
	Maximum resident set size (kbytes): 109972
	Average resident set size (kbytes): 0
	Major (requiring I/O) page faults: 0
	Minor (reclaiming a frame) page faults: 47625
	Voluntary context switches: 4843
	Involuntary context switches: 357
	Swaps: 0
	File system inputs: 0
	File system outputs: 24
	Socket messages sent: 0
	Socket messages received: 0
	Signals delivered: 0
	Page size (bytes): 4096
	Exit status: 0
