Namespace(tool='kaki', exper=None, gml=['topologies/topzoo/Intellifiber.gml', '5'], index=None, prop='SC', prop_file=None, op_req=None, repeat=1, reduce=False, opt=False, u=False, some=False, count=False, weight_bound=None, savedir='topzoo_res/SC/kaki/kaki-2', dump_bdd=False)
Running 5Intellifiber.gml
Policy: (Service([29, 96, 211, 175, 225, 358, 361, 389]-434) & (Reach 434))
Initial path of nodes: [65, 66, 2, 3, 0, 1, 6, 4, 41, 44, 16, 23, 24, 9, 29, 69, 81, 99, 134, 97, 96, 89, 90, 115, 78, 79, 74, 73, 76, 75, 139, 138, 211, 212, 148, 149, 146, 147, 152, 150, 187, 190, 162, 169, 170, 155, 175, 215, 284, 285, 221, 222, 219, 220, 225, 223, 260, 263, 235, 242, 243, 228, 248, 288, 357, 358, 294, 295, 292, 293, 298, 296, 333, 336, 308, 315, 316, 301, 321, 361, 430, 431, 367, 368, 365, 366, 371, 369, 406, 409, 381, 388, 389, 374, 394, 434]
Final path of nodes: [65, 66, 67, 68, 70, 71, 1, 6, 10, 55, 21, 22, 25, 24, 61, 26, 29, 69, 81, 99, 102, 82, 97, 96, 92, 126, 128, 83, 79, 74, 144, 143, 141, 140, 139, 138, 211, 212, 213, 214, 216, 217, 147, 152, 156, 201, 167, 168, 171, 170, 207, 172, 175, 215, 284, 285, 286, 287, 289, 290, 220, 225, 229, 274, 240, 241, 244, 243, 280, 245, 248, 288, 357, 358, 359, 360, 362, 363, 293, 298, 302, 347, 313, 314, 317, 316, 353, 318, 321, 361, 430, 431, 432, 433, 435, 436, 366, 371, 375, 420, 386, 387, 390, 389, 426, 391, 394, 434]
{"Initial_routing":[[65, 66], [66, 2], [2, 3], [3, 0], [0, 1], [1, 6], [6, 4], [4, 41], [41, 44], [44, 16], [16, 23], [23, 24], [24, 9], [9, 29], [29, 69], [69, 81], [81, 99], [99, 134], [134, 97], [97, 96], [96, 89], [89, 90], [90, 115], [115, 78], [78, 79], [79, 74], [74, 73], [73, 76], [76, 75], [75, 139], [139, 138], [138, 211], [211, 212], [212, 148], [148, 149], [149, 146], [146, 147], [147, 152], [152, 150], [150, 187], [187, 190], [190, 162], [162, 169], [169, 170], [170, 155], [155, 175], [175, 215], [215, 284], [284, 285], [285, 221], [221, 222], [222, 219], [219, 220], [220, 225], [225, 223], [223, 260], [260, 263], [263, 235], [235, 242], [242, 243], [243, 228], [228, 248], [248, 288], [288, 357], [357, 358], [358, 294], [294, 295], [295, 292], [292, 293], [293, 298], [298, 296], [296, 333], [333, 336], [336, 308], [308, 315], [315, 316], [316, 301], [301, 321], [321, 361], [361, 430], [430, 431], [431, 367], [367, 368], [368, 365], [365, 366], [366, 371], [371, 369], [369, 406], [406, 409], [409, 381], [381, 388], [388, 389], [389, 374], [374, 394], [394, 434]],"Final_routing":[[65, 66], [66, 67], [67, 68], [68, 70], [70, 71], [71, 1], [1, 6], [6, 10], [10, 55], [55, 21], [21, 22], [22, 25], [25, 24], [24, 61], [61, 26], [26, 29], [29, 69], [69, 81], [81, 99], [99, 102], [102, 82], [82, 97], [97, 96], [96, 92], [92, 126], [126, 128], [128, 83], [83, 79], [79, 74], [74, 144], [144, 143], [143, 141], [141, 140], [140, 139], [139, 138], [138, 211], [211, 212], [212, 213], [213, 214], [214, 216], [216, 217], [217, 147], [147, 152], [152, 156], [156, 201], [201, 167], [167, 168], [168, 171], [171, 170], [170, 207], [207, 172], [172, 175], [175, 215], [215, 284], [284, 285], [285, 286], [286, 287], [287, 289], [289, 290], [290, 220], [220, 225], [225, 229], [229, 274], [274, 240], [240, 241], [241, 244], [244, 243], [243, 280], [280, 245], [245, 248], [248, 288], [288, 357], [357, 358], [358, 359], [359, 360], [360, 362], [362, 363], [363, 293], [293, 298], [298, 302], [302, 347], [347, 313], [313, 314], [314, 317], [317, 316], [316, 353], [353, 318], [318, 321], [321, 361], [361, 430], [430, 431], [431, 432], [432, 433], [433, 435], [435, 436], [436, 366], [366, 371], [371, 375], [375, 420], [420, 386], [386, 387], [387, 390], [390, 389], [389, 426], [426, 391], [391, 394], [394, 434]],"Properties":{"Waypoint": { "startNode": -1, "finalNode": -1, "waypoint": []}, "LoopFreedom": { "startNode": -1},"DFA": {"initialState": 0, "finalStates": [8], "edges": [{"from": 0, "to": 1, "label": 29},{"from": 1, "to": 2, "label": 96},{"from": 2, "to": 3, "label": 211},{"from": 3, "to": 4, "label": 175},{"from": 4, "to": 5, "label": 225},{"from": 5, "to": 6, "label": 358},{"from": 6, "to": 7, "label": 361},{"from": 7, "to": 8, "label": 389}]},"Reachability":{"startNode":65,"finalNode":434}}}
Kaki stdout:  Version: 1.15 
 kaki/verifypn-linux64 /tmp/tmptoyi6lpq
DFA generation time: 0.018 seconds 
DFA states: 38 
DFA transitions: 1211
Problem file: /tmp/tmptoyi6lpq
Switches to update: 136

Decomposed topology into 13 subproblems
Topological decomposition took 0.025 seconds
Subproblem verification time: 0.033 seconds
Subproblem verification time: 0.012 seconds
Subproblem verification time: 0.009 seconds
Subproblem verification time: 0.008 seconds
Subproblem verification time: 0.011 seconds
Subproblem verification time: 0.008 seconds
Subproblem verification time: 0.012 seconds
Subproblem verification time: 0.01 seconds
Subproblem verification time: 0.01 seconds
Subproblem verification time: 0.008 seconds
Subproblem verification time: 0.011 seconds
Subproblem verification time: 0.009 seconds
Subproblem verification time: 0.011 seconds
Minimum batches required: 3
[[67, 68, 70, 71, 10, 61, 55, 21, 22, 25, 26, 102, 82, 92, 126, 128, 83, 144, 143, 141, 140, 213, 214, 216, 217, 156, 207, 201, 167, 168, 171, 172, 286, 287, 289, 290, 229, 280, 274, 240, 241, 244, 245, 359, 360, 362, 363, 302, 353, 347, 313, 314, 317, 318, 432, 433, 435, 436, 375, 426, 420, 386, 387, 390, 391], [66, 24, 6, 99, 96, 74, 212, 170, 152, 285, 243, 225, 358, 316, 298, 431, 389, 371], [2, 3, 0, 4, 41, 44, 16, 23, 9, 134, 89, 90, 115, 78, 73, 76, 75, 148, 149, 146, 150, 187, 190, 162, 169, 155, 221, 222, 219, 223, 260, 263, 235, 242, 228, 294, 295, 292, 296, 333, 336, 308, 315, 301, 367, 368, 365, 369, 406, 409, 381, 388, 374]]
Total program runtime: 0.357 seconds

Kaki stderr:  
Time: 0.357
Solution: []
	Command being timed: "python3 allsynth/run.py -t kaki --GML topologies/topzoo/Intellifiber.gml 5 --dir topzoo_res/SC/kaki/kaki-2 --e-prop SC --repeat 1"
	User time (seconds): 2.38
	System time (seconds): 1.43
	Percent of CPU this job got: 397%
	Elapsed (wall clock) time (h:mm:ss or m:ss): 0:00.96
	Average shared text size (kbytes): 0
	Average unshared data size (kbytes): 0
	Average stack size (kbytes): 0
	Average total size (kbytes): 0
	Maximum resident set size (kbytes): 134944
	Average resident set size (kbytes): 0
	Major (requiring I/O) page faults: 0
	Minor (reclaiming a frame) page faults: 60722
	Voluntary context switches: 7450
	Involuntary context switches: 181
	Swaps: 0
	File system inputs: 0
	File system outputs: 32
	Socket messages sent: 0
	Socket messages received: 0
	Signals delivered: 0
	Page size (bytes): 4096
	Exit status: 0
