Namespace(tool='kaki', exper=None, gml=['topologies/topzoo/Layer42.gml', '5'], index=None, prop='SC', prop_file=None, op_req=None, repeat=1, reduce=False, opt=False, u=False, some=False, count=False, weight_bound=None, savedir='topzoo_res/SC/kaki/kaki-2', dump_bdd=False)
Running 5Layer42.gml
Policy: (Service([10, 19, 30]-34) & (Reach 34))
Initial path of nodes: [0, 1, 3, 4, 6, 7, 9, 10, 12, 13, 15, 16, 18, 19, 21, 22, 24, 25, 27, 28, 30, 31, 33, 34]
Final path of nodes: [0, 1, 5, 4, 6, 7, 11, 10, 12, 13, 17, 16, 18, 19, 23, 22, 24, 25, 29, 28, 30, 31, 35, 34]
{"Initial_routing":[[0, 1], [1, 3], [3, 4], [4, 6], [6, 7], [7, 9], [9, 10], [10, 12], [12, 13], [13, 15], [15, 16], [16, 18], [18, 19], [19, 21], [21, 22], [22, 24], [24, 25], [25, 27], [27, 28], [28, 30], [30, 31], [31, 33], [33, 34]],"Final_routing":[[0, 1], [1, 5], [5, 4], [4, 6], [6, 7], [7, 11], [11, 10], [10, 12], [12, 13], [13, 17], [17, 16], [16, 18], [18, 19], [19, 23], [23, 22], [22, 24], [24, 25], [25, 29], [29, 28], [28, 30], [30, 31], [31, 35], [35, 34]],"Properties":{"Waypoint": { "startNode": -1, "finalNode": -1, "waypoint": []}, "LoopFreedom": { "startNode": -1},"DFA": {"initialState": 0, "finalStates": [3], "edges": [{"from": 0, "to": 1, "label": 10},{"from": 1, "to": 2, "label": 19},{"from": 2, "to": 3, "label": 30}]},"Reachability":{"startNode":0,"finalNode":34}}}
Kaki stdout:  Version: 1.15 
 kaki/verifypn-linux64 /tmp/tmp781klzbm
DFA generation time: 0.008 seconds 
DFA states: 13 
DFA transitions: 103
Problem file: /tmp/tmp781klzbm
Switches to update: 18

Decomposed topology into 6 subproblems
Topological decomposition took 0.005 seconds
Subproblem verification time: 0.027 seconds
Subproblem verification time: 0.008 seconds
Subproblem verification time: 0.008 seconds
Subproblem verification time: 0.008 seconds
Subproblem verification time: 0.008 seconds
Subproblem verification time: 0.009 seconds
Minimum batches required: 3
[[5, 11, 17, 23, 29, 35], [1, 7, 13, 19, 25, 31], [3, 9, 15, 21, 27, 33]]
Total program runtime: 0.178 seconds

Kaki stderr:  
Time: 0.178
Solution: []
	Command being timed: "python3 allsynth/run.py -t kaki --GML topologies/topzoo/Layer42.gml 5 --dir topzoo_res/SC/kaki/kaki-2 --e-prop SC --repeat 1"
	User time (seconds): 1.27
	System time (seconds): 1.41
	Percent of CPU this job got: 413%
	Elapsed (wall clock) time (h:mm:ss or m:ss): 0:00.65
	Average shared text size (kbytes): 0
	Average unshared data size (kbytes): 0
	Average stack size (kbytes): 0
	Average total size (kbytes): 0
	Maximum resident set size (kbytes): 94524
	Average resident set size (kbytes): 0
	Major (requiring I/O) page faults: 0
	Minor (reclaiming a frame) page faults: 37138
	Voluntary context switches: 3624
	Involuntary context switches: 190
	Swaps: 0
	File system inputs: 0
	File system outputs: 24
	Socket messages sent: 0
	Socket messages received: 0
	Signals delivered: 0
	Page size (bytes): 4096
	Exit status: 0
