Namespace(tool='kaki', exper=None, gml=['topologies/topzoo/Pacificwave.gml', '5'], index=None, prop='SC', prop_file=None, op_req=None, repeat=1, reduce=False, opt=False, u=False, some=False, count=False, weight_bound=None, savedir='topzoo_res/SC/kaki/kaki-2', dump_bdd=False)
Running 5Pacificwave.gml
Policy: (Service([29, 51, 71, 90]-107) & (Reach 107))
Initial path of nodes: [0, 11, 15, 17, 18, 29, 33, 35, 36, 47, 51, 53, 54, 65, 69, 71, 72, 83, 87, 89, 90, 101, 105, 107]
Final path of nodes: [0, 11, 15, 8, 17, 18, 29, 33, 26, 35, 36, 47, 51, 44, 53, 54, 65, 69, 62, 71, 72, 83, 87, 80, 89, 90, 101, 105, 98, 107]
{"Initial_routing":[[0, 11], [11, 15], [15, 17], [17, 18], [18, 29], [29, 33], [33, 35], [35, 36], [36, 47], [47, 51], [51, 53], [53, 54], [54, 65], [65, 69], [69, 71], [71, 72], [72, 83], [83, 87], [87, 89], [89, 90], [90, 101], [101, 105], [105, 107]],"Final_routing":[[0, 11], [11, 15], [15, 8], [8, 17], [17, 18], [18, 29], [29, 33], [33, 26], [26, 35], [35, 36], [36, 47], [47, 51], [51, 44], [44, 53], [53, 54], [54, 65], [65, 69], [69, 62], [62, 71], [71, 72], [72, 83], [83, 87], [87, 80], [80, 89], [89, 90], [90, 101], [101, 105], [105, 98], [98, 107]],"Properties":{"Waypoint": { "startNode": -1, "finalNode": -1, "waypoint": []}, "LoopFreedom": { "startNode": -1},"DFA": {"initialState": 0, "finalStates": [4], "edges": [{"from": 0, "to": 1, "label": 29},{"from": 1, "to": 2, "label": 51},{"from": 2, "to": 3, "label": 71},{"from": 3, "to": 4, "label": 90}]},"Reachability":{"startNode":0,"finalNode":107}}}
Kaki stdout:  Version: 1.15 
 kaki/verifypn-linux64 /tmp/tmpspr39h3r
DFA generation time: 0.008 seconds 
DFA states: 13 
DFA transitions: 104
Problem file: /tmp/tmpspr39h3r
Switches to update: 12

Decomposed topology into 6 subproblems
Topological decomposition took 0.004 seconds
Subproblem verification time: 0.025 seconds
Subproblem verification time: 0.007 seconds
Subproblem verification time: 0.008 seconds
Subproblem verification time: 0.008 seconds
Subproblem verification time: 0.009 seconds
Subproblem verification time: 0.008 seconds
Minimum batches required: 2
[[8, 26, 44, 62, 80, 98], [15, 33, 51, 69, 87, 105]]
Total program runtime: 0.162 seconds

Kaki stderr:  
Time: 0.162
Solution: []
	Command being timed: "python3 allsynth/run.py -t kaki --GML topologies/topzoo/Pacificwave.gml 5 --dir topzoo_res/SC/kaki/kaki-2 --e-prop SC --repeat 1"
	User time (seconds): 1.18
	System time (seconds): 1.40
	Percent of CPU this job got: 407%
	Elapsed (wall clock) time (h:mm:ss or m:ss): 0:00.63
	Average shared text size (kbytes): 0
	Average unshared data size (kbytes): 0
	Average stack size (kbytes): 0
	Average total size (kbytes): 0
	Maximum resident set size (kbytes): 86824
	Average resident set size (kbytes): 0
	Major (requiring I/O) page faults: 0
	Minor (reclaiming a frame) page faults: 36202
	Voluntary context switches: 2848
	Involuntary context switches: 172
	Swaps: 0
	File system inputs: 0
	File system outputs: 24
	Socket messages sent: 0
	Socket messages received: 0
	Signals delivered: 0
	Page size (bytes): 4096
	Exit status: 0
