Namespace(tool='kaki', exper=None, gml=['topologies/topzoo/Sanren.gml', '5'], index=None, prop='SC', prop_file=None, op_req=None, repeat=1, reduce=False, opt=False, u=False, some=False, count=False, weight_bound=None, savedir='topzoo_res/SC/kaki/kaki-2', dump_bdd=False)
Running 5Sanren.gml
Policy: (Service([20, 36]-41) & (Reach 41))
Initial path of nodes: [1, 0, 3, 6, 7, 10, 13, 12, 15, 14, 17, 20, 22, 21, 24, 27, 29, 28, 31, 34, 36, 35, 38, 41]
Final path of nodes: [1, 2, 4, 5, 6, 7, 8, 9, 11, 12, 15, 16, 18, 19, 20, 22, 23, 25, 26, 27, 29, 30, 32, 33, 34, 36, 37, 39, 40, 41]
{"Initial_routing":[[1, 0], [0, 3], [3, 6], [6, 7], [7, 10], [10, 13], [13, 12], [12, 15], [15, 14], [14, 17], [17, 20], [20, 22], [22, 21], [21, 24], [24, 27], [27, 29], [29, 28], [28, 31], [31, 34], [34, 36], [36, 35], [35, 38], [38, 41]],"Final_routing":[[1, 2], [2, 4], [4, 5], [5, 6], [6, 7], [7, 8], [8, 9], [9, 11], [11, 12], [12, 15], [15, 16], [16, 18], [18, 19], [19, 20], [20, 22], [22, 23], [23, 25], [25, 26], [26, 27], [27, 29], [29, 30], [30, 32], [32, 33], [33, 34], [34, 36], [36, 37], [37, 39], [39, 40], [40, 41]],"Properties":{"Waypoint": { "startNode": -1, "finalNode": -1, "waypoint": []}, "LoopFreedom": { "startNode": -1},"DFA": {"initialState": 0, "finalStates": [2], "edges": [{"from": 0, "to": 1, "label": 20},{"from": 1, "to": 2, "label": 36}]},"Reachability":{"startNode":1,"finalNode":41}}}
Kaki stdout:  Version: 1.15 
 kaki/verifypn-linux64 /tmp/tmpk7jnd472
DFA generation time: 0.009 seconds 
DFA states: 11 
DFA transitions: 136
Problem file: /tmp/tmpk7jnd472
Switches to update: 36

Decomposed topology into 6 subproblems
Topological decomposition took 0.005 seconds
Subproblem verification time: 0.027 seconds
Subproblem verification time: 0.008 seconds
Subproblem verification time: 0.009 seconds
Subproblem verification time: 0.007 seconds
Subproblem verification time: 0.008 seconds
Subproblem verification time: 0.009 seconds
Minimum batches required: 3
[[2, 4, 5, 8, 9, 11, 16, 18, 19, 23, 25, 26, 30, 32, 33, 37, 39, 40], [1, 7, 15, 22, 29, 36], [0, 3, 10, 13, 14, 17, 21, 24, 28, 31, 35, 38]]
Total program runtime: 0.179 seconds

Kaki stderr:  
Time: 0.179
Solution: []
	Command being timed: "python3 allsynth/run.py -t kaki --GML topologies/topzoo/Sanren.gml 5 --dir topzoo_res/SC/kaki/kaki-2 --e-prop SC --repeat 1"
	User time (seconds): 1.36
	System time (seconds): 1.35
	Percent of CPU this job got: 416%
	Elapsed (wall clock) time (h:mm:ss or m:ss): 0:00.65
	Average shared text size (kbytes): 0
	Average unshared data size (kbytes): 0
	Average stack size (kbytes): 0
	Average total size (kbytes): 0
	Maximum resident set size (kbytes): 94588
	Average resident set size (kbytes): 0
	Major (requiring I/O) page faults: 0
	Minor (reclaiming a frame) page faults: 38406
	Voluntary context switches: 3468
	Involuntary context switches: 171
	Swaps: 0
	File system inputs: 0
	File system outputs: 24
	Socket messages sent: 0
	Socket messages received: 0
	Signals delivered: 0
	Page size (bytes): 4096
	Exit status: 0
