Namespace(tool='kaki', exper=None, gml=['topologies/topzoo/Savvis.gml', '5'], index=None, prop='SC', prop_file=None, op_req=None, repeat=1, reduce=False, opt=False, u=False, some=False, count=False, weight_bound=None, savedir='topzoo_res/SC/kaki/kaki-2', dump_bdd=False)
Running 5Savvis.gml
Policy: (Service([31, 72]-110) & (Reach 110))
Initial path of nodes: [1, 0, 3, 2, 10, 18, 17, 16, 15, 19, 22, 21, 29, 37, 27, 33, 31, 32, 39, 38, 41, 40, 48, 56, 55, 54, 53, 58, 57, 60, 59, 67, 75, 74, 73, 72, 77, 76, 79, 78, 86, 94, 93, 92, 91, 96, 95, 98, 97, 105, 113, 112, 111, 110]
Final path of nodes: [1, 6, 7, 4, 5, 8, 14, 12, 11, 15, 19, 20, 25, 26, 23, 24, 27, 33, 31, 32, 39, 44, 45, 42, 43, 46, 52, 50, 49, 53, 58, 63, 64, 61, 62, 65, 71, 69, 68, 72, 77, 82, 83, 80, 81, 84, 90, 88, 87, 91, 96, 101, 102, 99, 100, 103, 109, 107, 106, 110]
{"Initial_routing":[[1, 0], [0, 3], [3, 2], [2, 10], [10, 18], [18, 17], [17, 16], [16, 15], [15, 19], [19, 22], [22, 21], [21, 29], [29, 37], [37, 27], [27, 33], [33, 31], [31, 32], [32, 39], [39, 38], [38, 41], [41, 40], [40, 48], [48, 56], [56, 55], [55, 54], [54, 53], [53, 58], [58, 57], [57, 60], [60, 59], [59, 67], [67, 75], [75, 74], [74, 73], [73, 72], [72, 77], [77, 76], [76, 79], [79, 78], [78, 86], [86, 94], [94, 93], [93, 92], [92, 91], [91, 96], [96, 95], [95, 98], [98, 97], [97, 105], [105, 113], [113, 112], [112, 111], [111, 110]],"Final_routing":[[1, 6], [6, 7], [7, 4], [4, 5], [5, 8], [8, 14], [14, 12], [12, 11], [11, 15], [15, 19], [19, 20], [20, 25], [25, 26], [26, 23], [23, 24], [24, 27], [27, 33], [33, 31], [31, 32], [32, 39], [39, 44], [44, 45], [45, 42], [42, 43], [43, 46], [46, 52], [52, 50], [50, 49], [49, 53], [53, 58], [58, 63], [63, 64], [64, 61], [61, 62], [62, 65], [65, 71], [71, 69], [69, 68], [68, 72], [72, 77], [77, 82], [82, 83], [83, 80], [80, 81], [81, 84], [84, 90], [90, 88], [88, 87], [87, 91], [91, 96], [96, 101], [101, 102], [102, 99], [99, 100], [100, 103], [103, 109], [109, 107], [107, 106], [106, 110]],"Properties":{"Waypoint": { "startNode": -1, "finalNode": -1, "waypoint": []}, "LoopFreedom": { "startNode": -1},"DFA": {"initialState": 0, "finalStates": [2], "edges": [{"from": 0, "to": 1, "label": 31},{"from": 1, "to": 2, "label": 72}]},"Reachability":{"startNode":1,"finalNode":110}}}
Kaki stdout:  Version: 1.15 
 kaki/verifypn-linux64 /tmp/tmpzzy0_5wu
DFA generation time: 0.011 seconds 
DFA states: 8 
DFA transitions: 224
Problem file: /tmp/tmpzzy0_5wu
Switches to update: 90

Decomposed topology into 6 subproblems
Topological decomposition took 0.01 seconds
Subproblem verification time: 0.03 seconds
Subproblem verification time: 0.009 seconds
Subproblem verification time: 0.009 seconds
Subproblem verification time: 0.008 seconds
Subproblem verification time: 0.008 seconds
Subproblem verification time: 0.009 seconds
Minimum batches required: 3
[[6, 7, 4, 5, 8, 14, 12, 11, 20, 25, 26, 23, 24, 44, 45, 42, 43, 46, 52, 50, 49, 63, 64, 61, 62, 65, 71, 69, 68, 82, 83, 80, 81, 84, 90, 88, 87, 101, 102, 99, 100, 103, 109, 107, 106], [1, 19, 39, 58, 77, 96], [0, 3, 2, 10, 18, 17, 16, 22, 21, 29, 37, 38, 41, 40, 48, 56, 55, 54, 57, 60, 59, 67, 75, 74, 73, 76, 79, 78, 86, 94, 93, 92, 95, 98, 97, 105, 113, 112, 111]]
Total program runtime: 0.211 seconds

Kaki stderr:  
Time: 0.211
Solution: []
	Command being timed: "python3 allsynth/run.py -t kaki --GML topologies/topzoo/Savvis.gml 5 --dir topzoo_res/SC/kaki/kaki-2 --e-prop SC --repeat 1"
	User time (seconds): 1.54
	System time (seconds): 1.36
	Percent of CPU this job got: 419%
	Elapsed (wall clock) time (h:mm:ss or m:ss): 0:00.69
	Average shared text size (kbytes): 0
	Average unshared data size (kbytes): 0
	Average stack size (kbytes): 0
	Average total size (kbytes): 0
	Maximum resident set size (kbytes): 103056
	Average resident set size (kbytes): 0
	Major (requiring I/O) page faults: 0
	Minor (reclaiming a frame) page faults: 39315
	Voluntary context switches: 4259
	Involuntary context switches: 219
	Swaps: 0
	File system inputs: 0
	File system outputs: 24
	Socket messages sent: 0
	Socket messages received: 0
	Signals delivered: 0
	Page size (bytes): 4096
	Exit status: 0
