Namespace(tool='PERS', exper=None, gml=['topologies/topzoo/Colt.gml', '5'], index=None, prop='SeparateWPk', prop_file=None, op_req=None, repeat=1, reduce=False, opt=False, u=False, some=False, count=False, weight_bound=None, savedir='topzoo_res/SeparateWPk/PERS/PERS-0', dump_bdd=False)
Running 5Colt.gml
Policy: ((((((((((((((((((((((((((((((((((((((((((((((((((((((((WP(2-860) | WP(387-860)) | WP(260-860)) | WP(388-860)) | WP(262-860)) | WP(517-860)) | WP(770-860)) | WP(522-860)) | WP(13-860)) | WP(782-860)) | WP(527-860)) | WP(17-860)) | WP(917-860)) | WP(152-860)) | WP(795-860)) | WP(668-860)) | WP(413-860)) | WP(158-860)) | WP(669-860)) | WP(289-860)) | WP(291-860)) | WP(678-860)) | WP(684-860)) | WP(686-860)) | WP(308-860)) | WP(822-860)) | WP(183-860)) | WP(568-860)) | WP(823-860)) | WP(828-860)) | WP(318-860)) | WP(319-860)) | WP(582-860)) | WP(72-860)) | WP(74-860)) | WP(719-860)) | WP(464-860)) | WP(211-860)) | WP(600-860)) | WP(216-860)) | WP(860-860)) | WP(95-860)) | WP(357-860)) | WP(614-860)) | WP(489-860)) | WP(874-860)) | WP(107-860)) | WP(363-860)) | WP(751-860)) | WP(625-860)) | WP(626-860)) | WP(883-860)) | WP(118-860)) | WP(378-860)) | WP(380-860)) | WP(509-860)) & (Reach 860))
Initial path of nodes: [57, 56, 50, 51, 136, 17, 14, 141, 12, 30, 118, 139, 123, 82, 138, 152, 66, 68, 81, 107, 95, 210, 209, 203, 204, 289, 170, 167, 294, 165, 183, 271, 292, 276, 235, 291, 305, 219, 221, 234, 260, 248, 363, 362, 356, 357, 442, 323, 320, 447, 318, 336, 424, 445, 429, 388, 444, 458, 372, 374, 387, 413, 401, 516, 515, 509, 510, 595, 476, 473, 600, 471, 489, 577, 598, 582, 541, 597, 611, 525, 527, 540, 566, 554, 669, 668, 662, 663, 748, 629, 626, 753, 624, 642, 730, 751, 735, 694, 750, 764, 678, 680, 693, 719, 707, 822, 821, 815, 816, 901, 782, 779, 906, 777, 795, 883, 904, 888, 847, 903, 917, 831, 833, 846, 872, 860]
Final path of nodes: [57, 56, 50, 53, 51, 2, 144, 5, 4, 8, 13, 119, 30, 118, 117, 74, 125, 63, 126, 64, 72, 152, 109, 112, 111, 107, 95, 210, 209, 212, 211, 203, 204, 155, 297, 158, 157, 161, 166, 272, 183, 271, 270, 227, 278, 216, 279, 217, 225, 305, 262, 265, 264, 260, 248, 363, 362, 356, 359, 357, 308, 450, 311, 310, 314, 319, 425, 336, 424, 423, 380, 431, 369, 432, 370, 378, 458, 415, 418, 417, 413, 401, 516, 515, 518, 517, 509, 510, 461, 603, 464, 463, 467, 472, 578, 489, 577, 576, 533, 584, 522, 585, 523, 531, 611, 568, 571, 570, 566, 554, 669, 668, 662, 665, 663, 614, 756, 617, 616, 620, 625, 731, 642, 730, 729, 686, 737, 675, 738, 676, 684, 764, 721, 724, 723, 719, 707, 822, 821, 824, 823, 815, 816, 767, 909, 770, 769, 773, 778, 884, 795, 883, 882, 839, 890, 828, 891, 829, 837, 917, 874, 877, 876, 872, 860]
Persimmon problem:  {"Initial_routing":[[57, 56], [56, 50], [50, 51], [51, 136], [136, 17], [17, 14], [14, 141], [141, 12], [12, 30], [30, 118], [118, 139], [139, 123], [123, 82], [82, 138], [138, 152], [152, 66], [66, 68], [68, 81], [81, 107], [107, 95], [95, 210], [210, 209], [209, 203], [203, 204], [204, 289], [289, 170], [170, 167], [167, 294], [294, 165], [165, 183], [183, 271], [271, 292], [292, 276], [276, 235], [235, 291], [291, 305], [305, 219], [219, 221], [221, 234], [234, 260], [260, 248], [248, 363], [363, 362], [362, 356], [356, 357], [357, 442], [442, 323], [323, 320], [320, 447], [447, 318], [318, 336], [336, 424], [424, 445], [445, 429], [429, 388], [388, 444], [444, 458], [458, 372], [372, 374], [374, 387], [387, 413], [413, 401], [401, 516], [516, 515], [515, 509], [509, 510], [510, 595], [595, 476], [476, 473], [473, 600], [600, 471], [471, 489], [489, 577], [577, 598], [598, 582], [582, 541], [541, 597], [597, 611], [611, 525], [525, 527], [527, 540], [540, 566], [566, 554], [554, 669], [669, 668], [668, 662], [662, 663], [663, 748], [748, 629], [629, 626], [626, 753], [753, 624], [624, 642], [642, 730], [730, 751], [751, 735], [735, 694], [694, 750], [750, 764], [764, 678], [678, 680], [680, 693], [693, 719], [719, 707], [707, 822], [822, 821], [821, 815], [815, 816], [816, 901], [901, 782], [782, 779], [779, 906], [906, 777], [777, 795], [795, 883], [883, 904], [904, 888], [888, 847], [847, 903], [903, 917], [917, 831], [831, 833], [833, 846], [846, 872], [872, 860]],"Final_routing":[[57, 56], [56, 50], [50, 53], [53, 51], [51, 2], [2, 144], [144, 5], [5, 4], [4, 8], [8, 13], [13, 119], [119, 30], [30, 118], [118, 117], [117, 74], [74, 125], [125, 63], [63, 126], [126, 64], [64, 72], [72, 152], [152, 109], [109, 112], [112, 111], [111, 107], [107, 95], [95, 210], [210, 209], [209, 212], [212, 211], [211, 203], [203, 204], [204, 155], [155, 297], [297, 158], [158, 157], [157, 161], [161, 166], [166, 272], [272, 183], [183, 271], [271, 270], [270, 227], [227, 278], [278, 216], [216, 279], [279, 217], [217, 225], [225, 305], [305, 262], [262, 265], [265, 264], [264, 260], [260, 248], [248, 363], [363, 362], [362, 356], [356, 359], [359, 357], [357, 308], [308, 450], [450, 311], [311, 310], [310, 314], [314, 319], [319, 425], [425, 336], [336, 424], [424, 423], [423, 380], [380, 431], [431, 369], [369, 432], [432, 370], [370, 378], [378, 458], [458, 415], [415, 418], [418, 417], [417, 413], [413, 401], [401, 516], [516, 515], [515, 518], [518, 517], [517, 509], [509, 510], [510, 461], [461, 603], [603, 464], [464, 463], [463, 467], [467, 472], [472, 578], [578, 489], [489, 577], [577, 576], [576, 533], [533, 584], [584, 522], [522, 585], [585, 523], [523, 531], [531, 611], [611, 568], [568, 571], [571, 570], [570, 566], [566, 554], [554, 669], [669, 668], [668, 662], [662, 665], [665, 663], [663, 614], [614, 756], [756, 617], [617, 616], [616, 620], [620, 625], [625, 731], [731, 642], [642, 730], [730, 729], [729, 686], [686, 737], [737, 675], [675, 738], [738, 676], [676, 684], [684, 764], [764, 721], [721, 724], [724, 723], [723, 719], [719, 707], [707, 822], [822, 821], [821, 824], [824, 823], [823, 815], [815, 816], [816, 767], [767, 909], [909, 770], [770, 769], [769, 773], [773, 778], [778, 884], [884, 795], [795, 883], [883, 882], [882, 839], [839, 890], [890, 828], [828, 891], [891, 829], [829, 837], [837, 917], [917, 874], [874, 877], [877, 876], [876, 872], [872, 860]],"Properties":{"MultiAlternativeWaypoint": {"waypoint": [2,387,260,388,262,517,770,522,13,782,527,17,917,152,795,668,413,158,669,289,291,678,684,686,308,822,183,568,823,828,318,319,582,72,74,719,464,211,600,216,860,95,357,614,489,874,107,363,751,625,626,883,118,378,380,509]},"Reachability":{"startNode":57,"finalNode":860}}}
Persimmon stdout:  Chain equivalence reduction: 237 -> 147
<=== Starting iteration 0 ===>
<=== Starting iteration 1 ===>
<=== Starting iteration 2 ===>
Solution: Some([[431, 369, 432, 370, 767, 909, 585, 523, 531, 270, 227, 278, 216, 721, 724, 723, 571, 570, 125, 63, 126, 64, 158, 74, 262, 665, 770, 450, 311, 310, 314, 423, 119, 891, 829, 837, 517, 53, 769, 773, 778, 884, 2, 756, 617, 616, 620, 13, 824, 522, 823, 461, 603, 464, 737, 675, 738, 676, 625, 72, 212, 319, 380, 265, 264, 144, 5, 4, 8, 211, 686, 576, 533, 584, 109, 112, 111, 729, 359, 155, 297, 308, 425, 614, 877, 876, 378, 731, 463, 467, 472, 578, 157, 161, 166, 272, 684, 568, 117, 279, 217, 225, 415, 418, 417, 828, 882, 839, 890, 518, 874], [764, 152, 204, 357, 883, 611, 118, 424, 816, 577, 271, 663, 305, 917, 510, 730, 458, 51], [136, 66, 68, 81, 318, 170, 167, 294, 165, 388, 442, 323, 320, 447, 748, 629, 387, 139, 123, 82, 138, 289, 680, 693, 753, 624, 372, 374, 735, 694, 750, 598, 821, 678, 540, 904, 888, 847, 903, 515, 17, 600, 14, 141, 12, 782, 751, 292, 276, 235, 291, 525, 50, 356, 626, 471, 541, 597, 662, 445, 429, 901, 595, 476, 473, 209, 219, 221, 234, 527, 779, 906, 777, 831, 833, 846, 582, 444]])
Time elapsed: 18.54ms
Time elapsed(s): 0.018536s

Persimmon stderr:  
Time: 0.018536
Solution: [[431, 369, 432, 370, 767, 909, 585, 523, 531, 270, 227, 278, 216, 721, 724, 723, 571, 570, 125, 63, 126, 64, 158, 74, 262, 665, 770, 450, 311, 310, 314, 423, 119, 891, 829, 837, 517, 53, 769, 773, 778, 884, 2, 756, 617, 616, 620, 13, 824, 522, 823, 461, 603, 464, 737, 675, 738, 676, 625, 72, 212, 319, 380, 265, 264, 144, 5, 4, 8, 211, 686, 576, 533, 584, 109, 112, 111, 729, 359, 155, 297, 308, 425, 614, 877, 876, 378, 731, 463, 467, 472, 578, 157, 161, 166, 272, 684, 568, 117, 279, 217, 225, 415, 418, 417, 828, 882, 839, 890, 518, 874], [764, 152, 204, 357, 883, 611, 118, 424, 816, 577, 271, 663, 305, 917, 510, 730, 458, 51], [136, 66, 68, 81, 318, 170, 167, 294, 165, 388, 442, 323, 320, 447, 748, 629, 387, 139, 123, 82, 138, 289, 680, 693, 753, 624, 372, 374, 735, 694, 750, 598, 821, 678, 540, 904, 888, 847, 903, 515, 17, 600, 14, 141, 12, 782, 751, 292, 276, 235, 291, 525, 50, 356, 626, 471, 541, 597, 662, 445, 429, 901, 595, 476, 473, 209, 219, 221, 234, 527, 779, 906, 777, 831, 833, 846, 582, 444]]
	Command being timed: "python3 allsynth/run.py -t PERS --GML topologies/topzoo/Colt.gml 5 --dir topzoo_res/SeparateWPk/PERS/PERS-0 --e-prop SeparateWPk --repeat 1"
	User time (seconds): 1.07
	System time (seconds): 1.31
	Percent of CPU this job got: 301%
	Elapsed (wall clock) time (h:mm:ss or m:ss): 0:00.79
	Average shared text size (kbytes): 0
	Average unshared data size (kbytes): 0
	Average stack size (kbytes): 0
	Average total size (kbytes): 0
	Maximum resident set size (kbytes): 76552
	Average resident set size (kbytes): 0
	Major (requiring I/O) page faults: 0
	Minor (reclaiming a frame) page faults: 14697
	Voluntary context switches: 29
	Involuntary context switches: 335
	Swaps: 0
	File system inputs: 0
	File system outputs: 40
	Socket messages sent: 0
	Socket messages received: 0
	Signals delivered: 0
	Page size (bytes): 4096
	Exit status: 0
