Namespace(tool='PERS', exper=None, gml=['topologies/topzoo/Ibm.gml', '5'], index=None, prop='SeparateWPk', prop_file=None, op_req=None, repeat=1, reduce=False, opt=False, u=False, some=False, count=False, weight_bound=None, savedir='topzoo_res/SeparateWPk/PERS/PERS-0', dump_bdd=False)
Running 5Ibm.gml
Policy: ((((((((((((((WP(102-103) | WP(71-103)) | WP(39-103)) | WP(104-103)) | WP(74-103)) | WP(43-103)) | WP(12-103)) | WP(14-103)) | WP(78-103)) | WP(49-103)) | WP(22-103)) | WP(90-103)) | WP(27-103)) | WP(62-103)) & (Reach 103))
Initial path of nodes: [0, 3, 2, 9, 17, 14, 13, 18, 21, 20, 27, 35, 32, 31, 36, 39, 38, 45, 53, 50, 49, 54, 57, 56, 63, 71, 68, 67, 72, 75, 74, 81, 89, 86, 85, 90, 93, 92, 99, 107, 104, 103]
Final path of nodes: [0, 3, 2, 4, 8, 12, 13, 18, 25, 24, 22, 26, 30, 31, 36, 43, 42, 40, 44, 48, 49, 54, 61, 60, 58, 62, 66, 67, 72, 79, 78, 76, 80, 84, 85, 90, 97, 96, 94, 98, 102, 103]
Persimmon problem:  {"Initial_routing":[[0, 3], [3, 2], [2, 9], [9, 17], [17, 14], [14, 13], [13, 18], [18, 21], [21, 20], [20, 27], [27, 35], [35, 32], [32, 31], [31, 36], [36, 39], [39, 38], [38, 45], [45, 53], [53, 50], [50, 49], [49, 54], [54, 57], [57, 56], [56, 63], [63, 71], [71, 68], [68, 67], [67, 72], [72, 75], [75, 74], [74, 81], [81, 89], [89, 86], [86, 85], [85, 90], [90, 93], [93, 92], [92, 99], [99, 107], [107, 104], [104, 103]],"Final_routing":[[0, 3], [3, 2], [2, 4], [4, 8], [8, 12], [12, 13], [13, 18], [18, 25], [25, 24], [24, 22], [22, 26], [26, 30], [30, 31], [31, 36], [36, 43], [43, 42], [42, 40], [40, 44], [44, 48], [48, 49], [49, 54], [54, 61], [61, 60], [60, 58], [58, 62], [62, 66], [66, 67], [67, 72], [72, 79], [79, 78], [78, 76], [76, 80], [80, 84], [84, 85], [85, 90], [90, 97], [97, 96], [96, 94], [94, 98], [98, 102], [102, 103]],"Properties":{"MultiAlternativeWaypoint": {"waypoint": [102,71,39,104,74,43,12,14,78,49,22,90,27,62]},"Reachability":{"startNode":0,"finalNode":103}}}
Persimmon stdout:  Chain equivalence reduction: 70 -> 43
<=== Starting iteration 0 ===>
<=== Starting iteration 1 ===>
<=== Starting iteration 2 ===>
Solution: Some([[42, 40, 44, 48, 25, 24, 78, 26, 30, 66, 43, 4, 8, 76, 80, 84, 97, 96, 94, 98, 61, 60, 58, 22, 12, 102, 62, 79], [18, 36, 54, 90, 2, 72], [68, 14, 81, 89, 86, 38, 45, 53, 50, 104, 71, 75, 74, 9, 17, 27, 93, 92, 99, 107, 39, 57, 56, 63, 21, 20, 35, 32]])
Time elapsed: 2.53ms
Time elapsed(s): 0.002528s

Persimmon stderr:  
Time: 0.002528
Solution: [[42, 40, 44, 48, 25, 24, 78, 26, 30, 66, 43, 4, 8, 76, 80, 84, 97, 96, 94, 98, 61, 60, 58, 22, 12, 102, 62, 79], [18, 36, 54, 90, 2, 72], [68, 14, 81, 89, 86, 38, 45, 53, 50, 104, 71, 75, 74, 9, 17, 27, 93, 92, 99, 107, 39, 57, 56, 63, 21, 20, 35, 32]]
	Command being timed: "python3 allsynth/run.py -t PERS --GML topologies/topzoo/Ibm.gml 5 --dir topzoo_res/SeparateWPk/PERS/PERS-0 --e-prop SeparateWPk --repeat 1"
	User time (seconds): 0.67
	System time (seconds): 1.34
	Percent of CPU this job got: 487%
	Elapsed (wall clock) time (h:mm:ss or m:ss): 0:00.41
	Average shared text size (kbytes): 0
	Average unshared data size (kbytes): 0
	Average stack size (kbytes): 0
	Average total size (kbytes): 0
	Maximum resident set size (kbytes): 77100
	Average resident set size (kbytes): 0
	Major (requiring I/O) page faults: 0
	Minor (reclaiming a frame) page faults: 13075
	Voluntary context switches: 49
	Involuntary context switches: 112
	Swaps: 0
	File system inputs: 0
	File system outputs: 24
	Socket messages sent: 0
	Socket messages received: 0
	Signals delivered: 0
	Page size (bytes): 4096
	Exit status: 0
