Namespace(tool='PERS', exper=None, gml=['topologies/topzoo/KentmanFeb2008.gml', '5'], index=None, prop='SeparateWPk', prop_file=None, op_req=None, repeat=1, reduce=False, opt=False, u=False, some=False, count=False, weight_bound=None, savedir='topzoo_res/SeparateWPk/PERS/PERS-0', dump_bdd=False)
Running 5KentmanFeb2008.gml
Policy: (((((((((WP(65-143) | WP(100-143)) | WP(37-143)) | WP(136-143)) | WP(76-143)) | WP(45-143)) | WP(116-143)) | WP(23-143)) | WP(153-143)) & (Reach 143))
Initial path of nodes: [6, 24, 12, 11, 22, 23, 13, 32, 50, 38, 37, 48, 49, 39, 58, 76, 64, 63, 74, 75, 65, 84, 102, 90, 89, 100, 101, 91, 110, 128, 116, 115, 126, 127, 117, 136, 154, 142, 141, 152, 153, 143]
Final path of nodes: [6, 24, 12, 19, 22, 23, 13, 32, 50, 38, 45, 48, 49, 39, 58, 76, 64, 71, 74, 75, 65, 84, 102, 90, 97, 100, 101, 91, 110, 128, 116, 123, 126, 127, 117, 136, 154, 142, 149, 152, 153, 143]
Persimmon problem:  {"Initial_routing":[[6, 24], [24, 12], [12, 11], [11, 22], [22, 23], [23, 13], [13, 32], [32, 50], [50, 38], [38, 37], [37, 48], [48, 49], [49, 39], [39, 58], [58, 76], [76, 64], [64, 63], [63, 74], [74, 75], [75, 65], [65, 84], [84, 102], [102, 90], [90, 89], [89, 100], [100, 101], [101, 91], [91, 110], [110, 128], [128, 116], [116, 115], [115, 126], [126, 127], [127, 117], [117, 136], [136, 154], [154, 142], [142, 141], [141, 152], [152, 153], [153, 143]],"Final_routing":[[6, 24], [24, 12], [12, 19], [19, 22], [22, 23], [23, 13], [13, 32], [32, 50], [50, 38], [38, 45], [45, 48], [48, 49], [49, 39], [39, 58], [58, 76], [76, 64], [64, 71], [71, 74], [74, 75], [75, 65], [65, 84], [84, 102], [102, 90], [90, 97], [97, 100], [100, 101], [101, 91], [91, 110], [110, 128], [128, 116], [116, 123], [123, 126], [126, 127], [127, 117], [117, 136], [136, 154], [154, 142], [142, 149], [149, 152], [152, 153], [153, 143]],"Properties":{"MultiAlternativeWaypoint": {"waypoint": [65,100,37,136,76,45,116,23,153]},"Reachability":{"startNode":6,"finalNode":143}}}
Persimmon stdout:  Chain equivalence reduction: 48 -> 35
<=== Starting iteration 0 ===>
<=== Starting iteration 1 ===>
<=== Starting iteration 2 ===>
Solution: Some([[19, 45, 123, 149, 71, 97], [38, 90, 116, 12, 64, 142], [63, 37, 11, 89, 115, 141]])
Time elapsed: 2.10ms
Time elapsed(s): 0.002095s

Persimmon stderr:  
Time: 0.002095
Solution: [[19, 45, 123, 149, 71, 97], [38, 90, 116, 12, 64, 142], [63, 37, 11, 89, 115, 141]]
	Command being timed: "python3 allsynth/run.py -t PERS --GML topologies/topzoo/KentmanFeb2008.gml 5 --dir topzoo_res/SeparateWPk/PERS/PERS-0 --e-prop SeparateWPk --repeat 1"
	User time (seconds): 0.72
	System time (seconds): 1.29
	Percent of CPU this job got: 472%
	Elapsed (wall clock) time (h:mm:ss or m:ss): 0:00.42
	Average shared text size (kbytes): 0
	Average unshared data size (kbytes): 0
	Average stack size (kbytes): 0
	Average total size (kbytes): 0
	Maximum resident set size (kbytes): 71536
	Average resident set size (kbytes): 0
	Major (requiring I/O) page faults: 0
	Minor (reclaiming a frame) page faults: 13151
	Voluntary context switches: 31
	Involuntary context switches: 275
	Swaps: 0
	File system inputs: 0
	File system outputs: 24
	Socket messages sent: 0
	Socket messages received: 0
	Signals delivered: 0
	Page size (bytes): 4096
	Exit status: 0
