Namespace(tool='PERS', exper=None, gml=['topologies/topzoo/Marwan.gml', '5'], index=None, prop='SeparateWPk', prop_file=None, op_req=None, repeat=1, reduce=False, opt=False, u=False, some=False, count=False, weight_bound=None, savedir='topzoo_res/SeparateWPk/PERS/PERS-0', dump_bdd=False)
Running 5Marwan.gml
Policy: (((((((((((WP(32-92) | WP(67-92)) | WP(36-92)) | WP(71-92)) | WP(44-92)) | WP(13-92)) | WP(81-92)) | WP(18-92)) | WP(22-92)) | WP(93-92)) | WP(63-92)) & (Reach 92))
Initial path of nodes: [1, 0, 3, 2, 15, 13, 12, 17, 16, 19, 18, 31, 29, 28, 33, 32, 35, 34, 47, 45, 44, 49, 48, 51, 50, 63, 61, 60, 65, 64, 67, 66, 79, 77, 76, 81, 80, 83, 82, 95, 93, 92]
Final path of nodes: [1, 4, 7, 2, 15, 13, 12, 17, 20, 23, 22, 31, 29, 28, 33, 36, 39, 34, 47, 45, 44, 49, 52, 55, 54, 63, 61, 60, 65, 68, 71, 66, 79, 77, 76, 81, 84, 87, 86, 95, 93, 92]
Persimmon problem:  {"Initial_routing":[[1, 0], [0, 3], [3, 2], [2, 15], [15, 13], [13, 12], [12, 17], [17, 16], [16, 19], [19, 18], [18, 31], [31, 29], [29, 28], [28, 33], [33, 32], [32, 35], [35, 34], [34, 47], [47, 45], [45, 44], [44, 49], [49, 48], [48, 51], [51, 50], [50, 63], [63, 61], [61, 60], [60, 65], [65, 64], [64, 67], [67, 66], [66, 79], [79, 77], [77, 76], [76, 81], [81, 80], [80, 83], [83, 82], [82, 95], [95, 93], [93, 92]],"Final_routing":[[1, 4], [4, 7], [7, 2], [2, 15], [15, 13], [13, 12], [12, 17], [17, 20], [20, 23], [23, 22], [22, 31], [31, 29], [29, 28], [28, 33], [33, 36], [36, 39], [39, 34], [34, 47], [47, 45], [45, 44], [44, 49], [49, 52], [52, 55], [55, 54], [54, 63], [63, 61], [61, 60], [60, 65], [65, 68], [68, 71], [71, 66], [66, 79], [79, 77], [77, 76], [76, 81], [81, 84], [84, 87], [87, 86], [86, 95], [95, 93], [93, 92]],"Properties":{"MultiAlternativeWaypoint": {"waypoint": [32,67,36,71,44,13,81,18,22,93,63]},"Reachability":{"startNode":1,"finalNode":92}}}
Persimmon stdout:  Chain equivalence reduction: 57 -> 36
<=== Starting iteration 0 ===>
<=== Starting iteration 1 ===>
<=== Starting iteration 2 ===>
Solution: Some([[71, 36, 84, 87, 86, 68, 22, 4, 7, 20, 23, 39, 52, 55, 54], [65, 1, 81, 33, 17, 49], [16, 19, 0, 3, 35, 67, 80, 83, 82, 32, 64, 48, 51, 50, 18]])
Time elapsed: 2.22ms
Time elapsed(s): 0.002216s

Persimmon stderr:  
Time: 0.002216
Solution: [[71, 36, 84, 87, 86, 68, 22, 4, 7, 20, 23, 39, 52, 55, 54], [65, 1, 81, 33, 17, 49], [16, 19, 0, 3, 35, 67, 80, 83, 82, 32, 64, 48, 51, 50, 18]]
	Command being timed: "python3 allsynth/run.py -t PERS --GML topologies/topzoo/Marwan.gml 5 --dir topzoo_res/SeparateWPk/PERS/PERS-0 --e-prop SeparateWPk --repeat 1"
	User time (seconds): 0.76
	System time (seconds): 1.26
	Percent of CPU this job got: 457%
	Elapsed (wall clock) time (h:mm:ss or m:ss): 0:00.44
	Average shared text size (kbytes): 0
	Average unshared data size (kbytes): 0
	Average stack size (kbytes): 0
	Average total size (kbytes): 0
	Maximum resident set size (kbytes): 72836
	Average resident set size (kbytes): 0
	Major (requiring I/O) page faults: 0
	Minor (reclaiming a frame) page faults: 13022
	Voluntary context switches: 40
	Involuntary context switches: 254
	Swaps: 0
	File system inputs: 0
	File system outputs: 24
	Socket messages sent: 0
	Socket messages received: 0
	Signals delivered: 0
	Page size (bytes): 4096
	Exit status: 0
