Namespace(tool='PERS', exper=None, gml=['topologies/topzoo/Sanren.gml', '5'], index=None, prop='SeparateWPk', prop_file=None, op_req=None, repeat=1, reduce=False, opt=False, u=False, some=False, count=False, weight_bound=None, savedir='topzoo_res/SeparateWPk/PERS/PERS-0', dump_bdd=False)
Running 5Sanren.gml
Policy: ((((((((WP(36-41) | WP(7-41)) | WP(10-41)) | WP(15-41)) | WP(17-41)) | WP(22-41)) | WP(27-41)) | WP(29-41)) & (Reach 41))
Initial path of nodes: [1, 0, 3, 6, 7, 10, 13, 12, 15, 14, 17, 20, 22, 21, 24, 27, 29, 28, 31, 34, 36, 35, 38, 41]
Final path of nodes: [1, 2, 4, 5, 6, 7, 8, 9, 11, 12, 15, 16, 18, 19, 20, 22, 23, 25, 26, 27, 29, 30, 32, 33, 34, 36, 37, 39, 40, 41]
Persimmon problem:  {"Initial_routing":[[1, 0], [0, 3], [3, 6], [6, 7], [7, 10], [10, 13], [13, 12], [12, 15], [15, 14], [14, 17], [17, 20], [20, 22], [22, 21], [21, 24], [24, 27], [27, 29], [29, 28], [28, 31], [31, 34], [34, 36], [36, 35], [35, 38], [38, 41]],"Final_routing":[[1, 2], [2, 4], [4, 5], [5, 6], [6, 7], [7, 8], [8, 9], [9, 11], [11, 12], [12, 15], [15, 16], [16, 18], [18, 19], [19, 20], [20, 22], [22, 23], [23, 25], [25, 26], [26, 27], [27, 29], [29, 30], [30, 32], [32, 33], [33, 34], [34, 36], [36, 37], [37, 39], [39, 40], [40, 41]],"Properties":{"MultiAlternativeWaypoint": {"waypoint": [36,7,10,15,17,22,27,29]},"Reachability":{"startNode":1,"finalNode":41}}}
Persimmon stdout:  Chain equivalence reduction: 42 -> 26
<=== Starting iteration 0 ===>
<=== Starting iteration 1 ===>
<=== Starting iteration 2 ===>
Solution: Some([[30, 32, 33, 8, 9, 11, 23, 25, 26, 16, 18, 19, 37, 39, 40, 2, 4, 5], [7, 1, 29, 15, 22, 36], [28, 31, 0, 3, 10, 14, 13, 35, 38, 21, 24, 17]])
Time elapsed: 1.22ms
Time elapsed(s): 0.001221s

Persimmon stderr:  
Time: 0.001221
Solution: [[30, 32, 33, 8, 9, 11, 23, 25, 26, 16, 18, 19, 37, 39, 40, 2, 4, 5], [7, 1, 29, 15, 22, 36], [28, 31, 0, 3, 10, 14, 13, 35, 38, 21, 24, 17]]
	Command being timed: "python3 allsynth/run.py -t PERS --GML topologies/topzoo/Sanren.gml 5 --dir topzoo_res/SeparateWPk/PERS/PERS-0 --e-prop SeparateWPk --repeat 1"
	User time (seconds): 0.72
	System time (seconds): 1.27
	Percent of CPU this job got: 506%
	Elapsed (wall clock) time (h:mm:ss or m:ss): 0:00.39
	Average shared text size (kbytes): 0
	Average unshared data size (kbytes): 0
	Average stack size (kbytes): 0
	Average total size (kbytes): 0
	Maximum resident set size (kbytes): 70708
	Average resident set size (kbytes): 0
	Major (requiring I/O) page faults: 0
	Minor (reclaiming a frame) page faults: 12913
	Voluntary context switches: 28
	Involuntary context switches: 124
	Swaps: 0
	File system inputs: 0
	File system outputs: 24
	Socket messages sent: 0
	Socket messages received: 0
	Signals delivered: 0
	Page size (bytes): 4096
	Exit status: 0
