Namespace(tool='PERS', exper=None, gml=['topologies/topzoo/Surfnet.gml', '5'], index=None, prop='SeparateWPk', prop_file=None, op_req=None, repeat=1, reduce=False, opt=False, u=False, some=False, count=False, weight_bound=None, savedir='topzoo_res/SeparateWPk/PERS/PERS-0', dump_bdd=False)
Running 5Surfnet.gml
Policy: (((((((((((((((((((((((((((((WP(2-291) | WP(130-291)) | WP(141-291)) | WP(269-291)) | WP(271-291)) | WP(19-291)) | WP(278-291)) | WP(153-291)) | WP(287-291)) | WP(37-291)) | WP(299-291)) | WP(174-291)) | WP(49-291)) | WP(177-291)) | WP(51-291)) | WP(197-291)) | WP(77-291)) | WP(79-291)) | WP(208-291)) | WP(88-291)) | WP(90-291)) | WP(221-291)) | WP(248-291)) | WP(225-291)) | WP(226-291)) | WP(108-291)) | WP(120-291)) | WP(252-291)) | WP(126-291)) & (Reach 291))
Initial path of nodes: [21, 20, 26, 27, 24, 19, 30, 8, 1, 3, 2, 41, 71, 70, 76, 77, 74, 69, 80, 58, 51, 53, 52, 91, 121, 120, 126, 127, 124, 119, 130, 108, 101, 103, 102, 141, 171, 170, 176, 177, 174, 169, 180, 158, 151, 153, 152, 191, 221, 220, 226, 227, 224, 219, 230, 208, 201, 203, 202, 241, 271, 270, 276, 277, 274, 269, 280, 258, 251, 253, 252, 291]
Final path of nodes: [21, 20, 26, 27, 25, 37, 38, 8, 47, 48, 49, 40, 41, 71, 78, 79, 76, 77, 75, 87, 88, 58, 97, 98, 99, 90, 91, 121, 128, 129, 126, 127, 125, 137, 138, 108, 147, 148, 149, 140, 141, 171, 178, 179, 176, 177, 175, 187, 188, 158, 197, 198, 199, 190, 191, 221, 228, 229, 226, 227, 225, 237, 238, 208, 247, 248, 249, 240, 241, 271, 278, 279, 276, 277, 275, 287, 288, 258, 297, 298, 299, 290, 291]
Persimmon problem:  {"Initial_routing":[[21, 20], [20, 26], [26, 27], [27, 24], [24, 19], [19, 30], [30, 8], [8, 1], [1, 3], [3, 2], [2, 41], [41, 71], [71, 70], [70, 76], [76, 77], [77, 74], [74, 69], [69, 80], [80, 58], [58, 51], [51, 53], [53, 52], [52, 91], [91, 121], [121, 120], [120, 126], [126, 127], [127, 124], [124, 119], [119, 130], [130, 108], [108, 101], [101, 103], [103, 102], [102, 141], [141, 171], [171, 170], [170, 176], [176, 177], [177, 174], [174, 169], [169, 180], [180, 158], [158, 151], [151, 153], [153, 152], [152, 191], [191, 221], [221, 220], [220, 226], [226, 227], [227, 224], [224, 219], [219, 230], [230, 208], [208, 201], [201, 203], [203, 202], [202, 241], [241, 271], [271, 270], [270, 276], [276, 277], [277, 274], [274, 269], [269, 280], [280, 258], [258, 251], [251, 253], [253, 252], [252, 291]],"Final_routing":[[21, 20], [20, 26], [26, 27], [27, 25], [25, 37], [37, 38], [38, 8], [8, 47], [47, 48], [48, 49], [49, 40], [40, 41], [41, 71], [71, 78], [78, 79], [79, 76], [76, 77], [77, 75], [75, 87], [87, 88], [88, 58], [58, 97], [97, 98], [98, 99], [99, 90], [90, 91], [91, 121], [121, 128], [128, 129], [129, 126], [126, 127], [127, 125], [125, 137], [137, 138], [138, 108], [108, 147], [147, 148], [148, 149], [149, 140], [140, 141], [141, 171], [171, 178], [178, 179], [179, 176], [176, 177], [177, 175], [175, 187], [187, 188], [188, 158], [158, 197], [197, 198], [198, 199], [199, 190], [190, 191], [191, 221], [221, 228], [228, 229], [229, 226], [226, 227], [227, 225], [225, 237], [237, 238], [238, 208], [208, 247], [247, 248], [248, 249], [249, 240], [240, 241], [241, 271], [271, 278], [278, 279], [279, 276], [276, 277], [277, 275], [275, 287], [287, 288], [288, 258], [258, 297], [297, 298], [298, 299], [299, 290], [290, 291]],"Properties":{"MultiAlternativeWaypoint": {"waypoint": [2,130,141,269,271,19,278,153,287,37,299,174,49,177,51,197,77,79,208,88,90,221,248,225,226,108,120,252,126]},"Reachability":{"startNode":21,"finalNode":291}}}
Persimmon stdout:  Chain equivalence reduction: 124 -> 90
<=== Starting iteration 0 ===>
<=== Starting iteration 1 ===>
<=== Starting iteration 2 ===>
Solution: Some([[178, 179, 198, 199, 190, 278, 147, 148, 149, 140, 197, 88, 290, 125, 137, 138, 97, 98, 99, 90, 279, 287, 47, 48, 78, 248, 79, 37, 228, 229, 297, 298, 275, 128, 129, 237, 238, 175, 187, 188, 38, 225, 247, 49, 288, 40, 75, 87, 249, 240, 299, 25], [121, 258, 271, 71, 171, 127, 208, 158, 77, 108, 27, 221, 277, 58, 8, 227, 177], [124, 119, 270, 120, 152, 130, 224, 219, 230, 1, 3, 19, 74, 69, 80, 280, 24, 30, 169, 180, 174, 53, 52, 101, 103, 102, 153, 274, 269, 70, 220, 251, 253, 201, 203, 202, 151, 51, 252, 170, 2]])
Time elapsed: 9.33ms
Time elapsed(s): 0.009328s

Persimmon stderr:  
Time: 0.009328
Solution: [[178, 179, 198, 199, 190, 278, 147, 148, 149, 140, 197, 88, 290, 125, 137, 138, 97, 98, 99, 90, 279, 287, 47, 48, 78, 248, 79, 37, 228, 229, 297, 298, 275, 128, 129, 237, 238, 175, 187, 188, 38, 225, 247, 49, 288, 40, 75, 87, 249, 240, 299, 25], [121, 258, 271, 71, 171, 127, 208, 158, 77, 108, 27, 221, 277, 58, 8, 227, 177], [124, 119, 270, 120, 152, 130, 224, 219, 230, 1, 3, 19, 74, 69, 80, 280, 24, 30, 169, 180, 174, 53, 52, 101, 103, 102, 153, 274, 269, 70, 220, 251, 253, 201, 203, 202, 151, 51, 252, 170, 2]]
	Command being timed: "python3 allsynth/run.py -t PERS --GML topologies/topzoo/Surfnet.gml 5 --dir topzoo_res/SeparateWPk/PERS/PERS-0 --e-prop SeparateWPk --repeat 1"
	User time (seconds): 0.83
	System time (seconds): 1.23
	Percent of CPU this job got: 445%
	Elapsed (wall clock) time (h:mm:ss or m:ss): 0:00.46
	Average shared text size (kbytes): 0
	Average unshared data size (kbytes): 0
	Average stack size (kbytes): 0
	Average total size (kbytes): 0
	Maximum resident set size (kbytes): 73004
	Average resident set size (kbytes): 0
	Major (requiring I/O) page faults: 0
	Minor (reclaiming a frame) page faults: 13591
	Voluntary context switches: 31
	Involuntary context switches: 157
	Swaps: 0
	File system inputs: 0
	File system outputs: 32
	Socket messages sent: 0
	Socket messages received: 0
	Signals delivered: 0
	Page size (bytes): 4096
	Exit status: 0
