Namespace(tool='kaki', exper=None, gml=['topologies/topzoo/Ans.gml', '5'], index=None, prop='SC', prop_file=None, op_req=None, repeat=1, reduce=False, opt=False, u=False, some=False, count=False, weight_bound=None, savedir='topzoo_res/SC/kaki/kaki-0', dump_bdd=False)
Running 5Ans.gml
Policy: (Service([35, 52, 70, 91]-106) & (Reach 106))
Initial path of nodes: [0, 1, 7, 8, 17, 15, 16, 18, 19, 25, 26, 35, 33, 34, 36, 37, 43, 44, 53, 51, 52, 54, 55, 61, 62, 71, 69, 70, 72, 73, 79, 80, 89, 87, 88, 90, 91, 97, 98, 107, 105, 106]
Final path of nodes: [0, 3, 2, 11, 12, 14, 15, 16, 18, 19, 24, 22, 23, 35, 33, 34, 36, 39, 38, 47, 48, 50, 51, 52, 54, 55, 60, 58, 59, 71, 69, 70, 72, 75, 74, 83, 84, 86, 87, 88, 90, 91, 96, 94, 95, 107, 105, 106]
{"Initial_routing":[[0, 1], [1, 7], [7, 8], [8, 17], [17, 15], [15, 16], [16, 18], [18, 19], [19, 25], [25, 26], [26, 35], [35, 33], [33, 34], [34, 36], [36, 37], [37, 43], [43, 44], [44, 53], [53, 51], [51, 52], [52, 54], [54, 55], [55, 61], [61, 62], [62, 71], [71, 69], [69, 70], [70, 72], [72, 73], [73, 79], [79, 80], [80, 89], [89, 87], [87, 88], [88, 90], [90, 91], [91, 97], [97, 98], [98, 107], [107, 105], [105, 106]],"Final_routing":[[0, 3], [3, 2], [2, 11], [11, 12], [12, 14], [14, 15], [15, 16], [16, 18], [18, 19], [19, 24], [24, 22], [22, 23], [23, 35], [35, 33], [33, 34], [34, 36], [36, 39], [39, 38], [38, 47], [47, 48], [48, 50], [50, 51], [51, 52], [52, 54], [54, 55], [55, 60], [60, 58], [58, 59], [59, 71], [71, 69], [69, 70], [70, 72], [72, 75], [75, 74], [74, 83], [83, 84], [84, 86], [86, 87], [87, 88], [88, 90], [90, 91], [91, 96], [96, 94], [94, 95], [95, 107], [107, 105], [105, 106]],"Properties":{"Waypoint": { "startNode": -1, "finalNode": -1, "waypoint": []}, "LoopFreedom": { "startNode": -1},"DFA": {"initialState": 0, "finalStates": [4], "edges": [{"from": 0, "to": 1, "label": 35},{"from": 1, "to": 2, "label": 52},{"from": 2, "to": 3, "label": 70},{"from": 3, "to": 4, "label": 91}]},"Reachability":{"startNode":0,"finalNode":106}}}
Kaki stdout:  Version: 1.15 
 kaki/verifypn-linux64 /tmp/tmpo1h7cink
DFA generation time: 0.011 seconds 
DFA states: 14 
DFA transitions: 177
Problem file: /tmp/tmpo1h7cink
Switches to update: 48

Decomposed topology into 6 subproblems
Topological decomposition took 0.007 seconds
Subproblem verification time: 0.031 seconds
Subproblem verification time: 0.008 seconds
Subproblem verification time: 0.009 seconds
Subproblem verification time: 0.008 seconds
Subproblem verification time: 0.007 seconds
Subproblem verification time: 0.008 seconds
Minimum batches required: 3
[[3, 2, 11, 12, 14, 24, 22, 23, 39, 38, 47, 48, 50, 60, 58, 59, 75, 74, 83, 84, 86, 96, 94, 95], [0, 19, 36, 55, 72, 91], [1, 7, 8, 17, 25, 26, 37, 43, 44, 53, 61, 62, 73, 79, 80, 89, 97, 98]]
Total program runtime: 0.209 seconds

Kaki stderr:  
Time: 0.209
Solution: []
	Command being timed: "python3 allsynth/run.py -t kaki --GML topologies/topzoo/Ans.gml 5 --dir topzoo_res/SC/kaki/kaki-0 --e-prop SC --repeat 1"
	User time (seconds): 1.43
	System time (seconds): 1.31
	Percent of CPU this job got: 439%
	Elapsed (wall clock) time (h:mm:ss or m:ss): 0:00.62
	Average shared text size (kbytes): 0
	Average unshared data size (kbytes): 0
	Average stack size (kbytes): 0
	Average total size (kbytes): 0
	Maximum resident set size (kbytes): 98244
	Average resident set size (kbytes): 0
	Major (requiring I/O) page faults: 0
	Minor (reclaiming a frame) page faults: 38763
	Voluntary context switches: 3951
	Involuntary context switches: 459
	Swaps: 0
	File system inputs: 0
	File system outputs: 24
	Socket messages sent: 0
	Socket messages received: 0
	Signals delivered: 0
	Page size (bytes): 4096
	Exit status: 0
