Namespace(tool='kaki', exper=None, gml=['topologies/topzoo/Bellsouth.gml', '5'], index=None, prop='SC', prop_file=None, op_req=None, repeat=1, reduce=False, opt=False, u=False, some=False, count=False, weight_bound=None, savedir='topzoo_res/SC/kaki/kaki-0', dump_bdd=False)
Running 5Bellsouth.gml
Policy: (Service([46, 100, 144, 138, 163, 254, 257, 301]-291) & (Reach 291))
Initial path of nodes: [2, 42, 50, 49, 35, 10, 46, 36, 53, 93, 101, 100, 86, 61, 97, 87, 104, 144, 152, 151, 137, 112, 148, 138, 155, 195, 203, 202, 188, 163, 199, 189, 206, 246, 254, 253, 239, 214, 250, 240, 257, 297, 305, 304, 290, 265, 301, 291]
Final path of nodes: [2, 42, 50, 49, 31, 39, 10, 46, 36, 53, 93, 101, 100, 82, 90, 61, 97, 87, 104, 144, 152, 151, 133, 141, 112, 148, 138, 155, 195, 203, 202, 184, 192, 163, 199, 189, 206, 246, 254, 253, 235, 243, 214, 250, 240, 257, 297, 305, 304, 286, 294, 265, 301, 291]
{"Initial_routing":[[2, 42], [42, 50], [50, 49], [49, 35], [35, 10], [10, 46], [46, 36], [36, 53], [53, 93], [93, 101], [101, 100], [100, 86], [86, 61], [61, 97], [97, 87], [87, 104], [104, 144], [144, 152], [152, 151], [151, 137], [137, 112], [112, 148], [148, 138], [138, 155], [155, 195], [195, 203], [203, 202], [202, 188], [188, 163], [163, 199], [199, 189], [189, 206], [206, 246], [246, 254], [254, 253], [253, 239], [239, 214], [214, 250], [250, 240], [240, 257], [257, 297], [297, 305], [305, 304], [304, 290], [290, 265], [265, 301], [301, 291]],"Final_routing":[[2, 42], [42, 50], [50, 49], [49, 31], [31, 39], [39, 10], [10, 46], [46, 36], [36, 53], [53, 93], [93, 101], [101, 100], [100, 82], [82, 90], [90, 61], [61, 97], [97, 87], [87, 104], [104, 144], [144, 152], [152, 151], [151, 133], [133, 141], [141, 112], [112, 148], [148, 138], [138, 155], [155, 195], [195, 203], [203, 202], [202, 184], [184, 192], [192, 163], [163, 199], [199, 189], [189, 206], [206, 246], [246, 254], [254, 253], [253, 235], [235, 243], [243, 214], [214, 250], [250, 240], [240, 257], [257, 297], [297, 305], [305, 304], [304, 286], [286, 294], [294, 265], [265, 301], [301, 291]],"Properties":{"Waypoint": { "startNode": -1, "finalNode": -1, "waypoint": []}, "LoopFreedom": { "startNode": -1},"DFA": {"initialState": 0, "finalStates": [8], "edges": [{"from": 0, "to": 1, "label": 46},{"from": 1, "to": 2, "label": 100},{"from": 2, "to": 3, "label": 144},{"from": 3, "to": 4, "label": 138},{"from": 4, "to": 5, "label": 163},{"from": 5, "to": 6, "label": 254},{"from": 6, "to": 7, "label": 257},{"from": 7, "to": 8, "label": 301}]},"Reachability":{"startNode":2,"finalNode":291}}}
Kaki stdout:  Version: 1.15 
 kaki/verifypn-linux64 /tmp/tmpvo8pjm05
DFA generation time: 0.011 seconds 
DFA states: 24 
DFA transitions: 280
Problem file: /tmp/tmpvo8pjm05
Switches to update: 24

Decomposed topology into 6 subproblems
Topological decomposition took 0.01 seconds
Subproblem verification time: 0.028 seconds
Subproblem verification time: 0.008 seconds
Subproblem verification time: 0.008 seconds
Subproblem verification time: 0.008 seconds
Subproblem verification time: 0.007 seconds
Subproblem verification time: 0.008 seconds
Minimum batches required: 3
[[31, 39, 82, 90, 133, 141, 184, 192, 235, 243, 286, 294], [49, 100, 151, 202, 253, 304], [35, 86, 137, 188, 239, 290]]
Total program runtime: 0.186 seconds

Kaki stderr:  
Time: 0.186
Solution: []
	Command being timed: "python3 allsynth/run.py -t kaki --GML topologies/topzoo/Bellsouth.gml 5 --dir topzoo_res/SC/kaki/kaki-0 --e-prop SC --repeat 1"
	User time (seconds): 1.29
	System time (seconds): 1.41
	Percent of CPU this job got: 429%
	Elapsed (wall clock) time (h:mm:ss or m:ss): 0:00.63
	Average shared text size (kbytes): 0
	Average unshared data size (kbytes): 0
	Average stack size (kbytes): 0
	Average total size (kbytes): 0
	Maximum resident set size (kbytes): 95172
	Average resident set size (kbytes): 0
	Major (requiring I/O) page faults: 0
	Minor (reclaiming a frame) page faults: 38338
	Voluntary context switches: 3869
	Involuntary context switches: 181
	Swaps: 0
	File system inputs: 0
	File system outputs: 24
	Socket messages sent: 0
	Socket messages received: 0
	Signals delivered: 0
	Page size (bytes): 4096
	Exit status: 0
