Namespace(tool='kaki', exper=None, gml=['topologies/topzoo/Belnet2008.gml', '5'], index=None, prop='SC', prop_file=None, op_req=None, repeat=1, reduce=False, opt=False, u=False, some=False, count=False, weight_bound=None, savedir='topzoo_res/SC/kaki/kaki-0', dump_bdd=False)
Running 5Belnet2008.gml
Policy: (Service([35, 73, 91, 111]-120) & (Reach 120))
Initial path of nodes: [10, 20, 19, 7, 6, 17, 16, 15, 23, 24, 21, 27, 38, 37, 36, 35, 52, 62, 61, 49, 48, 59, 58, 57, 73, 83, 82, 70, 69, 80, 79, 78, 94, 104, 103, 91, 90, 101, 100, 99, 115, 125, 124, 112, 111, 122, 121, 120]
Final path of nodes: [10, 11, 2, 3, 0, 6, 7, 18, 13, 14, 15, 23, 32, 31, 41, 40, 28, 39, 34, 35, 52, 53, 44, 45, 42, 48, 49, 60, 55, 56, 57, 73, 74, 65, 66, 63, 69, 70, 81, 76, 77, 78, 94, 95, 86, 87, 84, 90, 91, 102, 97, 98, 99, 115, 116, 107, 108, 105, 111, 112, 123, 118, 119, 120]
{"Initial_routing":[[10, 20], [20, 19], [19, 7], [7, 6], [6, 17], [17, 16], [16, 15], [15, 23], [23, 24], [24, 21], [21, 27], [27, 38], [38, 37], [37, 36], [36, 35], [35, 52], [52, 62], [62, 61], [61, 49], [49, 48], [48, 59], [59, 58], [58, 57], [57, 73], [73, 83], [83, 82], [82, 70], [70, 69], [69, 80], [80, 79], [79, 78], [78, 94], [94, 104], [104, 103], [103, 91], [91, 90], [90, 101], [101, 100], [100, 99], [99, 115], [115, 125], [125, 124], [124, 112], [112, 111], [111, 122], [122, 121], [121, 120]],"Final_routing":[[10, 11], [11, 2], [2, 3], [3, 0], [0, 6], [6, 7], [7, 18], [18, 13], [13, 14], [14, 15], [15, 23], [23, 32], [32, 31], [31, 41], [41, 40], [40, 28], [28, 39], [39, 34], [34, 35], [35, 52], [52, 53], [53, 44], [44, 45], [45, 42], [42, 48], [48, 49], [49, 60], [60, 55], [55, 56], [56, 57], [57, 73], [73, 74], [74, 65], [65, 66], [66, 63], [63, 69], [69, 70], [70, 81], [81, 76], [76, 77], [77, 78], [78, 94], [94, 95], [95, 86], [86, 87], [87, 84], [84, 90], [90, 91], [91, 102], [102, 97], [97, 98], [98, 99], [99, 115], [115, 116], [116, 107], [107, 108], [108, 105], [105, 111], [111, 112], [112, 123], [123, 118], [118, 119], [119, 120]],"Properties":{"Waypoint": { "startNode": -1, "finalNode": -1, "waypoint": []}, "LoopFreedom": { "startNode": -1},"DFA": {"initialState": 0, "finalStates": [4], "edges": [{"from": 0, "to": 1, "label": 35},{"from": 1, "to": 2, "label": 73},{"from": 2, "to": 3, "label": 91},{"from": 3, "to": 4, "label": 111}]},"Reachability":{"startNode":10,"finalNode":120}}}
Kaki stdout:  Version: 1.15 
 kaki/verifypn-linux64 /tmp/tmpo10scqqs
DFA generation time: 0.012 seconds 
DFA states: 17 
DFA transitions: 516
Problem file: /tmp/tmpo10scqqs
Switches to update: 84

Decomposed topology into 6 subproblems
Topological decomposition took 0.018 seconds
Subproblem verification time: 0.035 seconds
Subproblem verification time: 0.008 seconds
Subproblem verification time: 0.009 seconds
Subproblem verification time: 0.009 seconds
Subproblem verification time: 0.01 seconds
Subproblem verification time: 0.011 seconds
Minimum batches required: 5
[[11, 18, 2, 3, 0, 13, 14, 32, 31, 41, 40, 28, 39, 34, 53, 60, 44, 45, 42, 55, 56, 74, 81, 65, 66, 63, 76, 77, 95, 102, 86, 87, 84, 97, 98, 116, 123, 107, 108, 105, 118, 119], [7, 10, 23, 49, 52, 70, 73, 91, 115], [6, 24, 21, 27, 38, 37, 36, 48, 69, 90, 112], [20, 19, 17, 16, 62, 61, 59, 58, 83, 82, 80, 79, 94, 111], [104, 103, 101, 100, 125, 124, 122, 121]]
Total program runtime: 0.225 seconds

Kaki stderr:  
Time: 0.225
Solution: []
	Command being timed: "python3 allsynth/run.py -t kaki --GML topologies/topzoo/Belnet2008.gml 5 --dir topzoo_res/SC/kaki/kaki-0 --e-prop SC --repeat 1"
	User time (seconds): 1.52
	System time (seconds): 1.43
	Percent of CPU this job got: 468%
	Elapsed (wall clock) time (h:mm:ss or m:ss): 0:00.63
	Average shared text size (kbytes): 0
	Average unshared data size (kbytes): 0
	Average stack size (kbytes): 0
	Average total size (kbytes): 0
	Maximum resident set size (kbytes): 109708
	Average resident set size (kbytes): 0
	Major (requiring I/O) page faults: 0
	Minor (reclaiming a frame) page faults: 43583
	Voluntary context switches: 4920
	Involuntary context switches: 214
	Swaps: 0
	File system inputs: 0
	File system outputs: 24
	Socket messages sent: 0
	Socket messages received: 0
	Signals delivered: 0
	Page size (bytes): 4096
	Exit status: 0
