Namespace(tool='kaki', exper=None, gml=['topologies/topzoo/Garr200908.gml', '5'], index=None, prop='SC', prop_file=None, op_req=None, repeat=1, reduce=False, opt=False, u=False, some=False, count=False, weight_bound=None, savedir='topzoo_res/SC/kaki/kaki-0', dump_bdd=False)
Running 5Garr200908.gml
Policy: (Service([51, 72, 156, 181, 234, 283, 321]-321) & (Reach 321))
Initial path of nodes: [13, 18, 19, 8, 48, 31, 12, 51, 54, 83, 78, 93, 62, 73, 72, 67, 121, 126, 127, 116, 156, 139, 120, 159, 175, 180, 181, 170, 210, 193, 174, 213, 229, 234, 235, 224, 264, 247, 228, 267, 283, 288, 289, 278, 318, 301, 282, 321]
Final path of nodes: [13, 18, 19, 16, 48, 24, 29, 12, 51, 54, 83, 78, 96, 70, 73, 72, 67, 121, 126, 127, 124, 156, 132, 137, 120, 159, 175, 180, 181, 178, 210, 186, 191, 174, 213, 229, 234, 235, 232, 264, 240, 245, 228, 267, 283, 288, 289, 286, 318, 294, 299, 282, 321]
{"Initial_routing":[[13, 18], [18, 19], [19, 8], [8, 48], [48, 31], [31, 12], [12, 51], [51, 54], [54, 83], [83, 78], [78, 93], [93, 62], [62, 73], [73, 72], [72, 67], [67, 121], [121, 126], [126, 127], [127, 116], [116, 156], [156, 139], [139, 120], [120, 159], [159, 175], [175, 180], [180, 181], [181, 170], [170, 210], [210, 193], [193, 174], [174, 213], [213, 229], [229, 234], [234, 235], [235, 224], [224, 264], [264, 247], [247, 228], [228, 267], [267, 283], [283, 288], [288, 289], [289, 278], [278, 318], [318, 301], [301, 282], [282, 321]],"Final_routing":[[13, 18], [18, 19], [19, 16], [16, 48], [48, 24], [24, 29], [29, 12], [12, 51], [51, 54], [54, 83], [83, 78], [78, 96], [96, 70], [70, 73], [73, 72], [72, 67], [67, 121], [121, 126], [126, 127], [127, 124], [124, 156], [156, 132], [132, 137], [137, 120], [120, 159], [159, 175], [175, 180], [180, 181], [181, 178], [178, 210], [210, 186], [186, 191], [191, 174], [174, 213], [213, 229], [229, 234], [234, 235], [235, 232], [232, 264], [264, 240], [240, 245], [245, 228], [228, 267], [267, 283], [283, 288], [288, 289], [289, 286], [286, 318], [318, 294], [294, 299], [299, 282], [282, 321]],"Properties":{"Waypoint": { "startNode": -1, "finalNode": -1, "waypoint": []}, "LoopFreedom": { "startNode": -1},"DFA": {"initialState": 0, "finalStates": [7], "edges": [{"from": 0, "to": 1, "label": 51},{"from": 1, "to": 2, "label": 72},{"from": 2, "to": 3, "label": 156},{"from": 3, "to": 4, "label": 181},{"from": 4, "to": 5, "label": 234},{"from": 5, "to": 6, "label": 283},{"from": 6, "to": 7, "label": 321}]},"Reachability":{"startNode":13,"finalNode":321}}}
Kaki stdout:  Version: 1.15 
 kaki/verifypn-linux64 /tmp/tmpp9heb4n1
DFA generation time: 0.011 seconds 
DFA states: 28 
DFA transitions: 377
Problem file: /tmp/tmpp9heb4n1
Switches to update: 40

Decomposed topology into 6 subproblems
Topological decomposition took 0.009 seconds
Subproblem verification time: 0.04 seconds
Subproblem verification time: 0.008 seconds
Subproblem verification time: 0.009 seconds
Subproblem verification time: 0.008 seconds
Subproblem verification time: 0.009 seconds
Subproblem verification time: 0.009 seconds
Minimum batches required: 3
[[16, 24, 29, 96, 70, 124, 132, 137, 178, 186, 191, 232, 240, 245, 286, 294, 299], [48, 19, 78, 156, 127, 210, 181, 264, 235, 318, 289], [8, 31, 93, 62, 116, 139, 170, 193, 224, 247, 278, 301]]
Total program runtime: 0.21 seconds

Kaki stderr:  
Time: 0.21
Solution: []
	Command being timed: "python3 allsynth/run.py -t kaki --GML topologies/topzoo/Garr200908.gml 5 --dir topzoo_res/SC/kaki/kaki-0 --e-prop SC --repeat 1"
	User time (seconds): 1.53
	System time (seconds): 1.38
	Percent of CPU this job got: 392%
	Elapsed (wall clock) time (h:mm:ss or m:ss): 0:00.74
	Average shared text size (kbytes): 0
	Average unshared data size (kbytes): 0
	Average stack size (kbytes): 0
	Average total size (kbytes): 0
	Maximum resident set size (kbytes): 98704
	Average resident set size (kbytes): 0
	Major (requiring I/O) page faults: 0
	Minor (reclaiming a frame) page faults: 40307
	Voluntary context switches: 4637
	Involuntary context switches: 182
	Swaps: 0
	File system inputs: 0
	File system outputs: 24
	Socket messages sent: 0
	Socket messages received: 0
	Signals delivered: 0
	Page size (bytes): 4096
	Exit status: 0
