Namespace(tool='kaki', exper=None, gml=['topologies/topzoo/Globalcenter.gml', '5'], index=None, prop='SC', prop_file=None, op_req=None, repeat=1, reduce=False, opt=False, u=False, some=False, count=False, weight_bound=None, savedir='topzoo_res/SC/kaki/kaki-0', dump_bdd=False)
Running 5Globalcenter.gml
Policy: (Service([26, 45]-53) & (Reach 53))
Initial path of nodes: [0, 8, 9, 17, 18, 26, 27, 35, 36, 44, 45, 53]
Final path of nodes: [0, 8, 9, 10, 17, 18, 19, 26, 27, 28, 35, 36, 37, 44, 45, 46, 53]
{"Initial_routing":[[0, 8], [8, 9], [9, 17], [17, 18], [18, 26], [26, 27], [27, 35], [35, 36], [36, 44], [44, 45], [45, 53]],"Final_routing":[[0, 8], [8, 9], [9, 10], [10, 17], [17, 18], [18, 19], [19, 26], [26, 27], [27, 28], [28, 35], [35, 36], [36, 37], [37, 44], [44, 45], [45, 46], [46, 53]],"Properties":{"Waypoint": { "startNode": -1, "finalNode": -1, "waypoint": []}, "LoopFreedom": { "startNode": -1},"DFA": {"initialState": 0, "finalStates": [2], "edges": [{"from": 0, "to": 1, "label": 26},{"from": 1, "to": 2, "label": 45}]},"Reachability":{"startNode":0,"finalNode":53}}}
Kaki stdout:  Version: 1.15 
 kaki/verifypn-linux64 /tmp/tmp08enqf55
DFA generation time: 0.008 seconds 
DFA states: 11 
DFA transitions: 59
Problem file: /tmp/tmp08enqf55
Switches to update: 10

Decomposed topology into 5 subproblems
Topological decomposition took 0.003 seconds
Subproblem verification time: 0.026 seconds
Subproblem verification time: 0.008 seconds
Subproblem verification time: 0.007 seconds
Subproblem verification time: 0.007 seconds
Subproblem verification time: 0.008 seconds
Minimum batches required: 2
[[10, 19, 28, 37, 46], [9, 18, 27, 36, 45]]
Total program runtime: 0.154 seconds

Kaki stderr:  
Time: 0.154
Solution: []
	Command being timed: "python3 allsynth/run.py -t kaki --GML topologies/topzoo/Globalcenter.gml 5 --dir topzoo_res/SC/kaki/kaki-0 --e-prop SC --repeat 1"
	User time (seconds): 1.15
	System time (seconds): 1.37
	Percent of CPU this job got: 406%
	Elapsed (wall clock) time (h:mm:ss or m:ss): 0:00.62
	Average shared text size (kbytes): 0
	Average unshared data size (kbytes): 0
	Average stack size (kbytes): 0
	Average total size (kbytes): 0
	Maximum resident set size (kbytes): 86308
	Average resident set size (kbytes): 0
	Major (requiring I/O) page faults: 0
	Minor (reclaiming a frame) page faults: 34317
	Voluntary context switches: 3096
	Involuntary context switches: 176
	Swaps: 0
	File system inputs: 0
	File system outputs: 24
	Socket messages sent: 0
	Socket messages received: 0
	Signals delivered: 0
	Page size (bytes): 4096
	Exit status: 0
