Namespace(tool='kaki', exper=None, gml=['topologies/topzoo/Ion.gml', '5'], index=None, prop='SC', prop_file=None, op_req=None, repeat=1, reduce=False, opt=False, u=False, some=False, count=False, weight_bound=None, savedir='topzoo_res/SC/kaki/kaki-0', dump_bdd=False)
Running 5Ion.gml
Policy: (Service([204, 329, 454, 579, 704]-727) & (Reach 727))
Initial path of nodes: [79, 21, 80, 77, 78, 48, 49, 109, 60, 124, 59, 19, 13, 18, 11, 10, 58, 92, 8, 100, 105, 29, 33, 34, 103, 102, 204, 146, 205, 202, 203, 173, 174, 234, 185, 249, 184, 144, 138, 143, 136, 135, 183, 217, 133, 225, 230, 154, 158, 159, 228, 227, 329, 271, 330, 327, 328, 298, 299, 359, 310, 374, 309, 269, 263, 268, 261, 260, 308, 342, 258, 350, 355, 279, 283, 284, 353, 352, 454, 396, 455, 452, 453, 423, 424, 484, 435, 499, 434, 394, 388, 393, 386, 385, 433, 467, 383, 475, 480, 404, 408, 409, 478, 477, 579, 521, 580, 577, 578, 548, 549, 609, 560, 624, 559, 519, 513, 518, 511, 510, 558, 592, 508, 600, 605, 529, 533, 534, 603, 602, 704, 646, 705, 702, 703, 673, 674, 734, 685, 749, 684, 644, 638, 643, 636, 635, 683, 717, 633, 725, 730, 654, 658, 659, 728, 727]
Final path of nodes: [79, 82, 81, 94, 83, 86, 67, 74, 72, 117, 115, 89, 90, 96, 63, 66, 87, 26, 107, 100, 105, 99, 2, 3, 5, 103, 102, 204, 207, 206, 219, 208, 211, 192, 199, 197, 242, 240, 214, 215, 221, 188, 191, 212, 151, 232, 225, 230, 224, 127, 128, 130, 228, 227, 329, 332, 331, 344, 333, 336, 317, 324, 322, 367, 365, 339, 340, 346, 313, 316, 337, 276, 357, 350, 355, 349, 252, 253, 255, 353, 352, 454, 457, 456, 469, 458, 461, 442, 449, 447, 492, 490, 464, 465, 471, 438, 441, 462, 401, 482, 475, 480, 474, 377, 378, 380, 478, 477, 579, 582, 581, 594, 583, 586, 567, 574, 572, 617, 615, 589, 590, 596, 563, 566, 587, 526, 607, 600, 605, 599, 502, 503, 505, 603, 602, 704, 707, 706, 719, 708, 711, 692, 699, 697, 742, 740, 714, 715, 721, 688, 691, 712, 651, 732, 725, 730, 724, 627, 628, 630, 728, 727]
{"Initial_routing":[[79, 21], [21, 80], [80, 77], [77, 78], [78, 48], [48, 49], [49, 109], [109, 60], [60, 124], [124, 59], [59, 19], [19, 13], [13, 18], [18, 11], [11, 10], [10, 58], [58, 92], [92, 8], [8, 100], [100, 105], [105, 29], [29, 33], [33, 34], [34, 103], [103, 102], [102, 204], [204, 146], [146, 205], [205, 202], [202, 203], [203, 173], [173, 174], [174, 234], [234, 185], [185, 249], [249, 184], [184, 144], [144, 138], [138, 143], [143, 136], [136, 135], [135, 183], [183, 217], [217, 133], [133, 225], [225, 230], [230, 154], [154, 158], [158, 159], [159, 228], [228, 227], [227, 329], [329, 271], [271, 330], [330, 327], [327, 328], [328, 298], [298, 299], [299, 359], [359, 310], [310, 374], [374, 309], [309, 269], [269, 263], [263, 268], [268, 261], [261, 260], [260, 308], [308, 342], [342, 258], [258, 350], [350, 355], [355, 279], [279, 283], [283, 284], [284, 353], [353, 352], [352, 454], [454, 396], [396, 455], [455, 452], [452, 453], [453, 423], [423, 424], [424, 484], [484, 435], [435, 499], [499, 434], [434, 394], [394, 388], [388, 393], [393, 386], [386, 385], [385, 433], [433, 467], [467, 383], [383, 475], [475, 480], [480, 404], [404, 408], [408, 409], [409, 478], [478, 477], [477, 579], [579, 521], [521, 580], [580, 577], [577, 578], [578, 548], [548, 549], [549, 609], [609, 560], [560, 624], [624, 559], [559, 519], [519, 513], [513, 518], [518, 511], [511, 510], [510, 558], [558, 592], [592, 508], [508, 600], [600, 605], [605, 529], [529, 533], [533, 534], [534, 603], [603, 602], [602, 704], [704, 646], [646, 705], [705, 702], [702, 703], [703, 673], [673, 674], [674, 734], [734, 685], [685, 749], [749, 684], [684, 644], [644, 638], [638, 643], [643, 636], [636, 635], [635, 683], [683, 717], [717, 633], [633, 725], [725, 730], [730, 654], [654, 658], [658, 659], [659, 728], [728, 727]],"Final_routing":[[79, 82], [82, 81], [81, 94], [94, 83], [83, 86], [86, 67], [67, 74], [74, 72], [72, 117], [117, 115], [115, 89], [89, 90], [90, 96], [96, 63], [63, 66], [66, 87], [87, 26], [26, 107], [107, 100], [100, 105], [105, 99], [99, 2], [2, 3], [3, 5], [5, 103], [103, 102], [102, 204], [204, 207], [207, 206], [206, 219], [219, 208], [208, 211], [211, 192], [192, 199], [199, 197], [197, 242], [242, 240], [240, 214], [214, 215], [215, 221], [221, 188], [188, 191], [191, 212], [212, 151], [151, 232], [232, 225], [225, 230], [230, 224], [224, 127], [127, 128], [128, 130], [130, 228], [228, 227], [227, 329], [329, 332], [332, 331], [331, 344], [344, 333], [333, 336], [336, 317], [317, 324], [324, 322], [322, 367], [367, 365], [365, 339], [339, 340], [340, 346], [346, 313], [313, 316], [316, 337], [337, 276], [276, 357], [357, 350], [350, 355], [355, 349], [349, 252], [252, 253], [253, 255], [255, 353], [353, 352], [352, 454], [454, 457], [457, 456], [456, 469], [469, 458], [458, 461], [461, 442], [442, 449], [449, 447], [447, 492], [492, 490], [490, 464], [464, 465], [465, 471], [471, 438], [438, 441], [441, 462], [462, 401], [401, 482], [482, 475], [475, 480], [480, 474], [474, 377], [377, 378], [378, 380], [380, 478], [478, 477], [477, 579], [579, 582], [582, 581], [581, 594], [594, 583], [583, 586], [586, 567], [567, 574], [574, 572], [572, 617], [617, 615], [615, 589], [589, 590], [590, 596], [596, 563], [563, 566], [566, 587], [587, 526], [526, 607], [607, 600], [600, 605], [605, 599], [599, 502], [502, 503], [503, 505], [505, 603], [603, 602], [602, 704], [704, 707], [707, 706], [706, 719], [719, 708], [708, 711], [711, 692], [692, 699], [699, 697], [697, 742], [742, 740], [740, 714], [714, 715], [715, 721], [721, 688], [688, 691], [691, 712], [712, 651], [651, 732], [732, 725], [725, 730], [730, 724], [724, 627], [627, 628], [628, 630], [630, 728], [728, 727]],"Properties":{"Waypoint": { "startNode": -1, "finalNode": -1, "waypoint": []}, "LoopFreedom": { "startNode": -1},"DFA": {"initialState": 0, "finalStates": [5], "edges": [{"from": 0, "to": 1, "label": 204},{"from": 1, "to": 2, "label": 329},{"from": 2, "to": 3, "label": 454},{"from": 3, "to": 4, "label": 579},{"from": 4, "to": 5, "label": 704}]},"Reachability":{"startNode":79,"finalNode":727}}}
Kaki stdout:  Version: 1.15 
 kaki/verifypn-linux64 /tmp/tmpjsabppq8
DFA generation time: 0.03 seconds 
DFA states: 9 
DFA transitions: 373
Problem file: /tmp/tmpjsabppq8
Switches to update: 270

Decomposed topology into 12 subproblems
Topological decomposition took 0.021 seconds
Subproblem verification time: 0.03 seconds
Subproblem verification time: 0.009 seconds
Subproblem verification time: 0.009 seconds
Subproblem verification time: 0.009 seconds
Subproblem verification time: 0.01 seconds
Subproblem verification time: 0.009 seconds
Subproblem verification time: 0.01 seconds
Subproblem verification time: 0.009 seconds
Subproblem verification time: 0.011 seconds
Subproblem verification time: 0.01 seconds
Subproblem verification time: 0.01 seconds
Subproblem verification time: 0.01 seconds
Minimum batches required: 3
[[82, 81, 94, 83, 86, 67, 74, 72, 117, 115, 89, 90, 96, 63, 66, 87, 26, 107, 99, 2, 3, 5, 207, 206, 219, 208, 211, 192, 199, 197, 242, 240, 214, 215, 221, 188, 191, 212, 151, 232, 224, 127, 128, 130, 332, 331, 344, 333, 336, 317, 324, 322, 367, 365, 339, 340, 346, 313, 316, 337, 276, 357, 349, 252, 253, 255, 457, 456, 469, 458, 461, 442, 449, 447, 492, 490, 464, 465, 471, 438, 441, 462, 401, 482, 474, 377, 378, 380, 582, 581, 594, 583, 586, 567, 574, 572, 617, 615, 589, 590, 596, 563, 566, 587, 526, 607, 599, 502, 503, 505, 707, 706, 719, 708, 711, 692, 699, 697, 742, 740, 714, 715, 721, 688, 691, 712, 651, 732, 724, 627, 628, 630], [79, 105, 204, 230, 329, 355, 454, 480, 579, 605, 704, 730], [21, 80, 77, 78, 48, 49, 109, 60, 124, 59, 19, 13, 18, 11, 10, 58, 92, 8, 29, 33, 34, 146, 205, 202, 203, 173, 174, 234, 185, 249, 184, 144, 138, 143, 136, 135, 183, 217, 133, 154, 158, 159, 271, 330, 327, 328, 298, 299, 359, 310, 374, 309, 269, 263, 268, 261, 260, 308, 342, 258, 279, 283, 284, 396, 455, 452, 453, 423, 424, 484, 435, 499, 434, 394, 388, 393, 386, 385, 433, 467, 383, 404, 408, 409, 521, 580, 577, 578, 548, 549, 609, 560, 624, 559, 519, 513, 518, 511, 510, 558, 592, 508, 529, 533, 534, 646, 705, 702, 703, 673, 674, 734, 685, 749, 684, 644, 638, 643, 636, 635, 683, 717, 633, 654, 658, 659]]
Total program runtime: 0.345 seconds

Kaki stderr:  
Time: 0.345
Solution: []
	Command being timed: "python3 allsynth/run.py -t kaki --GML topologies/topzoo/Ion.gml 5 --dir topzoo_res/SC/kaki/kaki-0 --e-prop SC --repeat 1"
	User time (seconds): 2.62
	System time (seconds): 1.43
	Percent of CPU this job got: 348%
	Elapsed (wall clock) time (h:mm:ss or m:ss): 0:01.16
	Average shared text size (kbytes): 0
	Average unshared data size (kbytes): 0
	Average stack size (kbytes): 0
	Average total size (kbytes): 0
	Maximum resident set size (kbytes): 150816
	Average resident set size (kbytes): 0
	Major (requiring I/O) page faults: 0
	Minor (reclaiming a frame) page faults: 65345
	Voluntary context switches: 6354
	Involuntary context switches: 240
	Swaps: 0
	File system inputs: 0
	File system outputs: 40
	Socket messages sent: 0
	Socket messages received: 0
	Signals delivered: 0
	Page size (bytes): 4096
	Exit status: 0
