Namespace(tool='kaki', exper=None, gml=['topologies/topzoo/Latnet.gml', '5'], index=None, prop='SC', prop_file=None, op_req=None, repeat=1, reduce=False, opt=False, u=False, some=False, count=False, weight_bound=None, savedir='topzoo_res/SC/kaki/kaki-0', dump_bdd=False)
Running 5Latnet.gml
Policy: (Service([37, 26, 111, 106, 129, 166, 168, 248, 236, 273, 289, 315, 405, 382, 371]-413) & (Reach 413))
Initial path of nodes: [60, 41, 12, 13, 28, 37, 29, 38, 39, 30, 26, 66, 68, 70, 75, 111, 99, 108, 107, 98, 106, 97, 82, 81, 110, 129, 198, 179, 150, 151, 166, 175, 167, 176, 177, 168, 164, 204, 206, 267, 248, 219, 220, 235, 244, 236, 245, 246, 237, 233, 273, 275, 336, 317, 288, 289, 304, 313, 305, 314, 315, 306, 302, 342, 344, 405, 386, 357, 358, 373, 382, 374, 383, 384, 375, 371, 411, 413]
Final path of nodes: [60, 41, 12, 13, 28, 37, 29, 38, 39, 30, 26, 66, 68, 70, 75, 111, 99, 108, 107, 98, 106, 97, 82, 81, 110, 129, 198, 179, 150, 151, 166, 175, 167, 176, 177, 168, 164, 204, 206, 267, 248, 219, 220, 235, 244, 236, 245, 246, 237, 238, 233, 273, 275, 336, 317, 288, 289, 304, 313, 305, 314, 315, 306, 302, 342, 344, 405, 386, 357, 358, 373, 382, 374, 383, 384, 375, 376, 371, 411, 413]
{"Initial_routing":[[60, 41], [41, 12], [12, 13], [13, 28], [28, 37], [37, 29], [29, 38], [38, 39], [39, 30], [30, 26], [26, 66], [66, 68], [68, 70], [70, 75], [75, 111], [111, 99], [99, 108], [108, 107], [107, 98], [98, 106], [106, 97], [97, 82], [82, 81], [81, 110], [110, 129], [129, 198], [198, 179], [179, 150], [150, 151], [151, 166], [166, 175], [175, 167], [167, 176], [176, 177], [177, 168], [168, 164], [164, 204], [204, 206], [206, 267], [267, 248], [248, 219], [219, 220], [220, 235], [235, 244], [244, 236], [236, 245], [245, 246], [246, 237], [237, 233], [233, 273], [273, 275], [275, 336], [336, 317], [317, 288], [288, 289], [289, 304], [304, 313], [313, 305], [305, 314], [314, 315], [315, 306], [306, 302], [302, 342], [342, 344], [344, 405], [405, 386], [386, 357], [357, 358], [358, 373], [373, 382], [382, 374], [374, 383], [383, 384], [384, 375], [375, 371], [371, 411], [411, 413]],"Final_routing":[[60, 41], [41, 12], [12, 13], [13, 28], [28, 37], [37, 29], [29, 38], [38, 39], [39, 30], [30, 26], [26, 66], [66, 68], [68, 70], [70, 75], [75, 111], [111, 99], [99, 108], [108, 107], [107, 98], [98, 106], [106, 97], [97, 82], [82, 81], [81, 110], [110, 129], [129, 198], [198, 179], [179, 150], [150, 151], [151, 166], [166, 175], [175, 167], [167, 176], [176, 177], [177, 168], [168, 164], [164, 204], [204, 206], [206, 267], [267, 248], [248, 219], [219, 220], [220, 235], [235, 244], [244, 236], [236, 245], [245, 246], [246, 237], [237, 238], [238, 233], [233, 273], [273, 275], [275, 336], [336, 317], [317, 288], [288, 289], [289, 304], [304, 313], [313, 305], [305, 314], [314, 315], [315, 306], [306, 302], [302, 342], [342, 344], [344, 405], [405, 386], [386, 357], [357, 358], [358, 373], [373, 382], [382, 374], [374, 383], [383, 384], [384, 375], [375, 376], [376, 371], [371, 411], [411, 413]],"Properties":{"Waypoint": { "startNode": -1, "finalNode": -1, "waypoint": []}, "LoopFreedom": { "startNode": -1},"DFA": {"initialState": 0, "finalStates": [15], "edges": [{"from": 0, "to": 1, "label": 37},{"from": 1, "to": 2, "label": 26},{"from": 2, "to": 3, "label": 111},{"from": 3, "to": 4, "label": 106},{"from": 4, "to": 5, "label": 129},{"from": 5, "to": 6, "label": 166},{"from": 6, "to": 7, "label": 168},{"from": 7, "to": 8, "label": 248},{"from": 8, "to": 9, "label": 236},{"from": 9, "to": 10, "label": 273},{"from": 10, "to": 11, "label": 289},{"from": 11, "to": 12, "label": 315},{"from": 12, "to": 13, "label": 405},{"from": 13, "to": 14, "label": 382},{"from": 14, "to": 15, "label": 371}]},"Reachability":{"startNode":60,"finalNode":413}}}
Kaki stdout:  Version: 1.15 
 kaki/verifypn-linux64 /tmp/tmppyb462kw
DFA generation time: 0.015 seconds 
DFA states: 25 
DFA transitions: 417
Problem file: /tmp/tmppyb462kw
Switches to update: 4

Decomposed topology into 2 subproblems
Topological decomposition took 0.009 seconds
Subproblem verification time: 0.027 seconds
Subproblem verification time: 0.008 seconds
Minimum batches required: 2
[[238, 376], [237, 375]]
Total program runtime: 0.137 seconds

Kaki stderr:  
Time: 0.137
Solution: []
	Command being timed: "python3 allsynth/run.py -t kaki --GML topologies/topzoo/Latnet.gml 5 --dir topzoo_res/SC/kaki/kaki-0 --e-prop SC --repeat 1"
	User time (seconds): 1.38
	System time (seconds): 1.34
	Percent of CPU this job got: 380%
	Elapsed (wall clock) time (h:mm:ss or m:ss): 0:00.71
	Average shared text size (kbytes): 0
	Average unshared data size (kbytes): 0
	Average stack size (kbytes): 0
	Average total size (kbytes): 0
	Maximum resident set size (kbytes): 91116
	Average resident set size (kbytes): 0
	Major (requiring I/O) page faults: 0
	Minor (reclaiming a frame) page faults: 29496
	Voluntary context switches: 3071
	Involuntary context switches: 198
	Swaps: 0
	File system inputs: 0
	File system outputs: 32
	Socket messages sent: 0
	Socket messages received: 0
	Signals delivered: 0
	Page size (bytes): 4096
	Exit status: 0
