Namespace(tool='kaki', exper=None, gml=['topologies/topzoo/Litnet.gml', '5'], index=None, prop='SC', prop_file=None, op_req=None, repeat=1, reduce=False, opt=False, u=False, some=False, count=False, weight_bound=None, savedir='topzoo_res/SC/kaki/kaki-0', dump_bdd=False)
Running 5Litnet.gml
Policy: (Service([44, 119, 171, 215]-257) & (Reach 257))
Initial path of nodes: [0, 1, 39, 33, 42, 43, 44, 82, 76, 85, 86, 87, 125, 119, 128, 129, 130, 168, 162, 171, 172, 173, 211, 205, 214, 215, 216, 254, 248, 257]
Final path of nodes: [0, 1, 32, 26, 33, 42, 43, 44, 75, 69, 76, 85, 86, 87, 118, 112, 119, 128, 129, 130, 161, 155, 162, 171, 172, 173, 204, 198, 205, 214, 215, 216, 247, 241, 248, 257]
{"Initial_routing":[[0, 1], [1, 39], [39, 33], [33, 42], [42, 43], [43, 44], [44, 82], [82, 76], [76, 85], [85, 86], [86, 87], [87, 125], [125, 119], [119, 128], [128, 129], [129, 130], [130, 168], [168, 162], [162, 171], [171, 172], [172, 173], [173, 211], [211, 205], [205, 214], [214, 215], [215, 216], [216, 254], [254, 248], [248, 257]],"Final_routing":[[0, 1], [1, 32], [32, 26], [26, 33], [33, 42], [42, 43], [43, 44], [44, 75], [75, 69], [69, 76], [76, 85], [85, 86], [86, 87], [87, 118], [118, 112], [112, 119], [119, 128], [128, 129], [129, 130], [130, 161], [161, 155], [155, 162], [162, 171], [171, 172], [172, 173], [173, 204], [204, 198], [198, 205], [205, 214], [214, 215], [215, 216], [216, 247], [247, 241], [241, 248], [248, 257]],"Properties":{"Waypoint": { "startNode": -1, "finalNode": -1, "waypoint": []}, "LoopFreedom": { "startNode": -1},"DFA": {"initialState": 0, "finalStates": [4], "edges": [{"from": 0, "to": 1, "label": 44},{"from": 1, "to": 2, "label": 119},{"from": 2, "to": 3, "label": 171},{"from": 3, "to": 4, "label": 215}]},"Reachability":{"startNode":0,"finalNode":257}}}
Kaki stdout:  Version: 1.15 
 kaki/verifypn-linux64 /tmp/tmpu9zyb2yo
DFA generation time: 0.01 seconds 
DFA states: 15 
DFA transitions: 154
Problem file: /tmp/tmpu9zyb2yo
Switches to update: 24

Decomposed topology into 6 subproblems
Topological decomposition took 0.005 seconds
Subproblem verification time: 0.027 seconds
Subproblem verification time: 0.008 seconds
Subproblem verification time: 0.007 seconds
Subproblem verification time: 0.008 seconds
Subproblem verification time: 0.008 seconds
Subproblem verification time: 0.008 seconds
Minimum batches required: 3
[[32, 26, 75, 69, 118, 112, 161, 155, 204, 198, 247, 241], [1, 44, 87, 130, 173, 216], [39, 82, 125, 168, 211, 254]]
Total program runtime: 0.176 seconds

Kaki stderr:  
Time: 0.176
Solution: []
	Command being timed: "python3 allsynth/run.py -t kaki --GML topologies/topzoo/Litnet.gml 5 --dir topzoo_res/SC/kaki/kaki-0 --e-prop SC --repeat 1"
	User time (seconds): 1.32
	System time (seconds): 1.41
	Percent of CPU this job got: 399%
	Elapsed (wall clock) time (h:mm:ss or m:ss): 0:00.68
	Average shared text size (kbytes): 0
	Average unshared data size (kbytes): 0
	Average stack size (kbytes): 0
	Average total size (kbytes): 0
	Maximum resident set size (kbytes): 93612
	Average resident set size (kbytes): 0
	Major (requiring I/O) page faults: 0
	Minor (reclaiming a frame) page faults: 37334
	Voluntary context switches: 3985
	Involuntary context switches: 167
	Swaps: 0
	File system inputs: 0
	File system outputs: 24
	Socket messages sent: 0
	Socket messages received: 0
	Signals delivered: 0
	Page size (bytes): 4096
	Exit status: 0
