Namespace(tool='kaki', exper=None, gml=['topologies/topzoo/Myren.gml', '5'], index=None, prop='SC', prop_file=None, op_req=None, repeat=1, reduce=False, opt=False, u=False, some=False, count=False, weight_bound=None, savedir='topzoo_res/SC/kaki/kaki-0', dump_bdd=False)
Running 5Myren.gml
Policy: (Service([37, 74, 111, 148, 185]-221) & (Reach 221))
Initial path of nodes: [0, 34, 29, 30, 36, 37, 71, 66, 67, 73, 74, 108, 103, 104, 110, 111, 145, 140, 141, 147, 148, 182, 177, 178, 184, 185, 219, 214, 215, 221]
Final path of nodes: [0, 34, 29, 30, 36, 37, 71, 68, 66, 67, 73, 74, 108, 103, 104, 110, 111, 145, 142, 140, 141, 147, 148, 182, 177, 178, 184, 185, 219, 216, 214, 215, 221]
{"Initial_routing":[[0, 34], [34, 29], [29, 30], [30, 36], [36, 37], [37, 71], [71, 66], [66, 67], [67, 73], [73, 74], [74, 108], [108, 103], [103, 104], [104, 110], [110, 111], [111, 145], [145, 140], [140, 141], [141, 147], [147, 148], [148, 182], [182, 177], [177, 178], [178, 184], [184, 185], [185, 219], [219, 214], [214, 215], [215, 221]],"Final_routing":[[0, 34], [34, 29], [29, 30], [30, 36], [36, 37], [37, 71], [71, 68], [68, 66], [66, 67], [67, 73], [73, 74], [74, 108], [108, 103], [103, 104], [104, 110], [110, 111], [111, 145], [145, 142], [142, 140], [140, 141], [141, 147], [147, 148], [148, 182], [182, 177], [177, 178], [178, 184], [184, 185], [185, 219], [219, 216], [216, 214], [214, 215], [215, 221]],"Properties":{"Waypoint": { "startNode": -1, "finalNode": -1, "waypoint": []}, "LoopFreedom": { "startNode": -1},"DFA": {"initialState": 0, "finalStates": [5], "edges": [{"from": 0, "to": 1, "label": 37},{"from": 1, "to": 2, "label": 74},{"from": 2, "to": 3, "label": 111},{"from": 3, "to": 4, "label": 148},{"from": 4, "to": 5, "label": 185}]},"Reachability":{"startNode":0,"finalNode":221}}}
Kaki stdout:  Version: 1.15 
 kaki/verifypn-linux64 /tmp/tmpa1edqj90
DFA generation time: 0.009 seconds 
DFA states: 8 
DFA transitions: 64
Problem file: /tmp/tmpa1edqj90
Switches to update: 6

Decomposed topology into 3 subproblems
Topological decomposition took 0.003 seconds
Subproblem verification time: 0.026 seconds
Subproblem verification time: 0.007 seconds
Subproblem verification time: 0.008 seconds
Minimum batches required: 2
[[68, 142, 216], [71, 145, 219]]
Total program runtime: 0.128 seconds

Kaki stderr:  
Time: 0.128
Solution: []
	Command being timed: "python3 allsynth/run.py -t kaki --GML topologies/topzoo/Myren.gml 5 --dir topzoo_res/SC/kaki/kaki-0 --e-prop SC --repeat 1"
	User time (seconds): 1.17
	System time (seconds): 1.37
	Percent of CPU this job got: 405%
	Elapsed (wall clock) time (h:mm:ss or m:ss): 0:00.62
	Average shared text size (kbytes): 0
	Average unshared data size (kbytes): 0
	Average stack size (kbytes): 0
	Average total size (kbytes): 0
	Maximum resident set size (kbytes): 85180
	Average resident set size (kbytes): 0
	Major (requiring I/O) page faults: 0
	Minor (reclaiming a frame) page faults: 30601
	Voluntary context switches: 2660
	Involuntary context switches: 150
	Swaps: 0
	File system inputs: 0
	File system outputs: 24
	Socket messages sent: 0
	Socket messages received: 0
	Signals delivered: 0
	Page size (bytes): 4096
	Exit status: 0
