Namespace(tool='kaki', exper=None, gml=['topologies/topzoo/Packetexchange.gml', '5'], index=None, prop='SC', prop_file=None, op_req=None, repeat=1, reduce=False, opt=False, u=False, some=False, count=False, weight_bound=None, savedir='topzoo_res/SC/kaki/kaki-0', dump_bdd=False)
Running 5Packetexchange.gml
Policy: (Service([17, 31, 44, 64, 91, 110, 122]-122) & (Reach 122))
Initial path of nodes: [5, 7, 4, 1, 2, 20, 19, 18, 10, 17, 26, 28, 25, 22, 23, 41, 40, 39, 31, 38, 47, 49, 46, 43, 44, 62, 61, 60, 52, 59, 68, 70, 67, 64, 65, 83, 82, 81, 73, 80, 89, 91, 88, 85, 86, 104, 103, 102, 94, 101, 110, 112, 109, 106, 107, 125, 124, 123, 115, 122]
Final path of nodes: [5, 7, 6, 1, 2, 12, 11, 14, 15, 10, 17, 26, 28, 27, 22, 23, 33, 32, 35, 36, 31, 38, 47, 49, 48, 43, 44, 54, 53, 56, 57, 52, 59, 68, 70, 69, 64, 65, 75, 74, 77, 78, 73, 80, 89, 91, 90, 85, 86, 96, 95, 98, 99, 94, 101, 110, 112, 111, 106, 107, 117, 116, 119, 120, 115, 122]
{"Initial_routing":[[5, 7], [7, 4], [4, 1], [1, 2], [2, 20], [20, 19], [19, 18], [18, 10], [10, 17], [17, 26], [26, 28], [28, 25], [25, 22], [22, 23], [23, 41], [41, 40], [40, 39], [39, 31], [31, 38], [38, 47], [47, 49], [49, 46], [46, 43], [43, 44], [44, 62], [62, 61], [61, 60], [60, 52], [52, 59], [59, 68], [68, 70], [70, 67], [67, 64], [64, 65], [65, 83], [83, 82], [82, 81], [81, 73], [73, 80], [80, 89], [89, 91], [91, 88], [88, 85], [85, 86], [86, 104], [104, 103], [103, 102], [102, 94], [94, 101], [101, 110], [110, 112], [112, 109], [109, 106], [106, 107], [107, 125], [125, 124], [124, 123], [123, 115], [115, 122]],"Final_routing":[[5, 7], [7, 6], [6, 1], [1, 2], [2, 12], [12, 11], [11, 14], [14, 15], [15, 10], [10, 17], [17, 26], [26, 28], [28, 27], [27, 22], [22, 23], [23, 33], [33, 32], [32, 35], [35, 36], [36, 31], [31, 38], [38, 47], [47, 49], [49, 48], [48, 43], [43, 44], [44, 54], [54, 53], [53, 56], [56, 57], [57, 52], [52, 59], [59, 68], [68, 70], [70, 69], [69, 64], [64, 65], [65, 75], [75, 74], [74, 77], [77, 78], [78, 73], [73, 80], [80, 89], [89, 91], [91, 90], [90, 85], [85, 86], [86, 96], [96, 95], [95, 98], [98, 99], [99, 94], [94, 101], [101, 110], [110, 112], [112, 111], [111, 106], [106, 107], [107, 117], [117, 116], [116, 119], [119, 120], [120, 115], [115, 122]],"Properties":{"Waypoint": { "startNode": -1, "finalNode": -1, "waypoint": []}, "LoopFreedom": { "startNode": -1},"DFA": {"initialState": 0, "finalStates": [7], "edges": [{"from": 0, "to": 1, "label": 17},{"from": 1, "to": 2, "label": 31},{"from": 2, "to": 3, "label": 44},{"from": 3, "to": 4, "label": 64},{"from": 4, "to": 5, "label": 91},{"from": 5, "to": 6, "label": 110},{"from": 6, "to": 7, "label": 122}]},"Reachability":{"startNode":5,"finalNode":122}}}
Kaki stdout:  Version: 1.15 
 kaki/verifypn-linux64 /tmp/tmpka7h42ca
DFA generation time: 0.016 seconds 
DFA states: 32 
DFA transitions: 476
Problem file: /tmp/tmpka7h42ca
Switches to update: 66

Decomposed topology into 12 subproblems
Topological decomposition took 0.012 seconds
Subproblem verification time: 0.027 seconds
Subproblem verification time: 0.009 seconds
Subproblem verification time: 0.008 seconds
Subproblem verification time: 0.008 seconds
Subproblem verification time: 0.008 seconds
Subproblem verification time: 0.008 seconds
Subproblem verification time: 0.009 seconds
Subproblem verification time: 0.008 seconds
Subproblem verification time: 0.008 seconds
Subproblem verification time: 0.008 seconds
Subproblem verification time: 0.009 seconds
Subproblem verification time: 0.009 seconds
Minimum batches required: 3
[[6, 12, 11, 14, 15, 27, 33, 32, 35, 36, 48, 54, 53, 56, 57, 69, 75, 74, 77, 78, 90, 96, 95, 98, 99, 111, 117, 116, 119, 120], [7, 2, 28, 23, 49, 44, 70, 65, 91, 86, 112, 107], [4, 20, 19, 18, 25, 41, 40, 39, 46, 62, 61, 60, 67, 83, 82, 81, 88, 104, 103, 102, 109, 125, 124, 123]]
Total program runtime: 0.268 seconds

Kaki stderr:  
Time: 0.268
Solution: []
	Command being timed: "python3 allsynth/run.py -t kaki --GML topologies/topzoo/Packetexchange.gml 5 --dir topzoo_res/SC/kaki/kaki-0 --e-prop SC --repeat 1"
	User time (seconds): 1.79
	System time (seconds): 1.35
	Percent of CPU this job got: 419%
	Elapsed (wall clock) time (h:mm:ss or m:ss): 0:00.75
	Average shared text size (kbytes): 0
	Average unshared data size (kbytes): 0
	Average stack size (kbytes): 0
	Average total size (kbytes): 0
	Maximum resident set size (kbytes): 109020
	Average resident set size (kbytes): 0
	Major (requiring I/O) page faults: 0
	Minor (reclaiming a frame) page faults: 52961
	Voluntary context switches: 6041
	Involuntary context switches: 183
	Swaps: 0
	File system inputs: 0
	File system outputs: 24
	Socket messages sent: 0
	Socket messages received: 0
	Signals delivered: 0
	Page size (bytes): 4096
	Exit status: 0
