Namespace(tool='kaki', exper=None, gml=['topologies/topzoo/Peer1.gml', '5'], index=None, prop='SC', prop_file=None, op_req=None, repeat=1, reduce=False, opt=False, u=False, some=False, count=False, weight_bound=None, savedir='topzoo_res/SC/kaki/kaki-0', dump_bdd=False)
Running 5Peer1.gml
Policy: (Service([20, 36, 51, 67, 86]-91) & (Reach 91))
Initial path of nodes: [5, 4, 3, 6, 9, 10, 11, 21, 20, 19, 22, 25, 26, 27, 37, 36, 35, 38, 41, 42, 43, 53, 52, 51, 54, 57, 58, 59, 69, 68, 67, 70, 73, 74, 75, 85, 84, 83, 86, 89, 90, 91]
Final path of nodes: [5, 4, 3, 0, 15, 13, 12, 11, 21, 20, 19, 22, 29, 28, 27, 37, 36, 35, 32, 47, 45, 44, 43, 53, 52, 51, 54, 61, 60, 59, 69, 68, 67, 64, 79, 77, 76, 75, 85, 84, 83, 86, 93, 92, 91]
{"Initial_routing":[[5, 4], [4, 3], [3, 6], [6, 9], [9, 10], [10, 11], [11, 21], [21, 20], [20, 19], [19, 22], [22, 25], [25, 26], [26, 27], [27, 37], [37, 36], [36, 35], [35, 38], [38, 41], [41, 42], [42, 43], [43, 53], [53, 52], [52, 51], [51, 54], [54, 57], [57, 58], [58, 59], [59, 69], [69, 68], [68, 67], [67, 70], [70, 73], [73, 74], [74, 75], [75, 85], [85, 84], [84, 83], [83, 86], [86, 89], [89, 90], [90, 91]],"Final_routing":[[5, 4], [4, 3], [3, 0], [0, 15], [15, 13], [13, 12], [12, 11], [11, 21], [21, 20], [20, 19], [19, 22], [22, 29], [29, 28], [28, 27], [27, 37], [37, 36], [36, 35], [35, 32], [32, 47], [47, 45], [45, 44], [44, 43], [43, 53], [53, 52], [52, 51], [51, 54], [54, 61], [61, 60], [60, 59], [59, 69], [69, 68], [68, 67], [67, 64], [64, 79], [79, 77], [77, 76], [76, 75], [75, 85], [85, 84], [84, 83], [83, 86], [86, 93], [93, 92], [92, 91]],"Properties":{"Waypoint": { "startNode": -1, "finalNode": -1, "waypoint": []}, "LoopFreedom": { "startNode": -1},"DFA": {"initialState": 0, "finalStates": [5], "edges": [{"from": 0, "to": 1, "label": 20},{"from": 1, "to": 2, "label": 36},{"from": 2, "to": 3, "label": 51},{"from": 3, "to": 4, "label": 67},{"from": 4, "to": 5, "label": 86}]},"Reachability":{"startNode":5,"finalNode":91}}}
Kaki stdout:  Version: 1.15 
 kaki/verifypn-linux64 /tmp/tmp4b4vdoi1
DFA generation time: 0.01 seconds 
DFA states: 9 
DFA transitions: 127
Problem file: /tmp/tmp4b4vdoi1
Switches to update: 39

Decomposed topology into 6 subproblems
Topological decomposition took 0.006 seconds
Subproblem verification time: 0.027 seconds
Subproblem verification time: 0.008 seconds
Subproblem verification time: 0.007 seconds
Subproblem verification time: 0.008 seconds
Subproblem verification time: 0.008 seconds
Subproblem verification time: 0.009 seconds
Minimum batches required: 3
[[0, 15, 13, 12, 29, 28, 32, 47, 45, 44, 61, 60, 64, 79, 77, 76, 93, 92], [3, 22, 35, 54, 67, 86], [6, 9, 10, 25, 26, 38, 41, 42, 57, 58, 70, 73, 74, 89, 90]]
Total program runtime: 0.183 seconds

Kaki stderr:  
Time: 0.183
Solution: []
	Command being timed: "python3 allsynth/run.py -t kaki --GML topologies/topzoo/Peer1.gml 5 --dir topzoo_res/SC/kaki/kaki-0 --e-prop SC --repeat 1"
	User time (seconds): 1.38
	System time (seconds): 1.34
	Percent of CPU this job got: 412%
	Elapsed (wall clock) time (h:mm:ss or m:ss): 0:00.66
	Average shared text size (kbytes): 0
	Average unshared data size (kbytes): 0
	Average stack size (kbytes): 0
	Average total size (kbytes): 0
	Maximum resident set size (kbytes): 94876
	Average resident set size (kbytes): 0
	Major (requiring I/O) page faults: 0
	Minor (reclaiming a frame) page faults: 38291
	Voluntary context switches: 4323
	Involuntary context switches: 175
	Swaps: 0
	File system inputs: 0
	File system outputs: 24
	Socket messages sent: 0
	Socket messages received: 0
	Signals delivered: 0
	Page size (bytes): 4096
	Exit status: 0
