Namespace(tool='kaki', exper=None, gml=['topologies/topzoo/Pern.gml', '5'], index=None, prop='SC', prop_file=None, op_req=None, repeat=1, reduce=False, opt=False, u=False, some=False, count=False, weight_bound=None, savedir='topzoo_res/SC/kaki/kaki-0', dump_bdd=False)
Running 5Pern.gml
Policy: (Service([125, 246, 380, 394, 551, 655, 760]-760) & (Reach 760))
Initial path of nodes: [20, 43, 13, 46, 60, 102, 126, 119, 125, 147, 170, 140, 173, 187, 229, 253, 246, 252, 274, 297, 267, 300, 314, 356, 380, 373, 379, 401, 424, 394, 427, 441, 483, 507, 500, 506, 528, 551, 521, 554, 568, 610, 634, 627, 633, 655, 678, 648, 681, 695, 737, 761, 754, 760]
Final path of nodes: [20, 43, 13, 10, 59, 50, 72, 126, 119, 125, 147, 170, 140, 137, 186, 177, 199, 253, 246, 252, 274, 297, 267, 264, 313, 304, 326, 380, 373, 379, 401, 424, 394, 391, 440, 431, 453, 507, 500, 506, 528, 551, 521, 518, 567, 558, 580, 634, 627, 633, 655, 678, 648, 645, 694, 685, 707, 761, 754, 760]
{"Initial_routing":[[20, 43], [43, 13], [13, 46], [46, 60], [60, 102], [102, 126], [126, 119], [119, 125], [125, 147], [147, 170], [170, 140], [140, 173], [173, 187], [187, 229], [229, 253], [253, 246], [246, 252], [252, 274], [274, 297], [297, 267], [267, 300], [300, 314], [314, 356], [356, 380], [380, 373], [373, 379], [379, 401], [401, 424], [424, 394], [394, 427], [427, 441], [441, 483], [483, 507], [507, 500], [500, 506], [506, 528], [528, 551], [551, 521], [521, 554], [554, 568], [568, 610], [610, 634], [634, 627], [627, 633], [633, 655], [655, 678], [678, 648], [648, 681], [681, 695], [695, 737], [737, 761], [761, 754], [754, 760]],"Final_routing":[[20, 43], [43, 13], [13, 10], [10, 59], [59, 50], [50, 72], [72, 126], [126, 119], [119, 125], [125, 147], [147, 170], [170, 140], [140, 137], [137, 186], [186, 177], [177, 199], [199, 253], [253, 246], [246, 252], [252, 274], [274, 297], [297, 267], [267, 264], [264, 313], [313, 304], [304, 326], [326, 380], [380, 373], [373, 379], [379, 401], [401, 424], [424, 394], [394, 391], [391, 440], [440, 431], [431, 453], [453, 507], [507, 500], [500, 506], [506, 528], [528, 551], [551, 521], [521, 518], [518, 567], [567, 558], [558, 580], [580, 634], [634, 627], [627, 633], [633, 655], [655, 678], [678, 648], [648, 645], [645, 694], [694, 685], [685, 707], [707, 761], [761, 754], [754, 760]],"Properties":{"Waypoint": { "startNode": -1, "finalNode": -1, "waypoint": []}, "LoopFreedom": { "startNode": -1},"DFA": {"initialState": 0, "finalStates": [7], "edges": [{"from": 0, "to": 1, "label": 125},{"from": 1, "to": 2, "label": 246},{"from": 2, "to": 3, "label": 380},{"from": 3, "to": 4, "label": 394},{"from": 4, "to": 5, "label": 551},{"from": 5, "to": 6, "label": 655},{"from": 6, "to": 7, "label": 760}]},"Reachability":{"startNode":20,"finalNode":760}}}
Kaki stdout:  Version: 1.15 
 kaki/verifypn-linux64 /tmp/tmpauz0kpqi
DFA generation time: 0.012 seconds 
DFA states: 18 
DFA transitions: 247
Problem file: /tmp/tmpauz0kpqi
Switches to update: 48

Decomposed topology into 6 subproblems
Topological decomposition took 0.008 seconds
Subproblem verification time: 0.026 seconds
Subproblem verification time: 0.008 seconds
Subproblem verification time: 0.009 seconds
Subproblem verification time: 0.008 seconds
Subproblem verification time: 0.007 seconds
Subproblem verification time: 0.007 seconds
Minimum batches required: 3
[[10, 59, 50, 72, 137, 186, 177, 199, 264, 313, 304, 326, 391, 440, 431, 453, 518, 567, 558, 580, 645, 694, 685, 707], [13, 140, 267, 394, 521, 648], [46, 60, 102, 173, 187, 229, 300, 314, 356, 427, 441, 483, 554, 568, 610, 681, 695, 737]]
Total program runtime: 0.191 seconds

Kaki stderr:  
Time: 0.191
Solution: []
	Command being timed: "python3 allsynth/run.py -t kaki --GML topologies/topzoo/Pern.gml 5 --dir topzoo_res/SC/kaki/kaki-0 --e-prop SC --repeat 1"
	User time (seconds): 1.68
	System time (seconds): 1.41
	Percent of CPU this job got: 326%
	Elapsed (wall clock) time (h:mm:ss or m:ss): 0:00.94
	Average shared text size (kbytes): 0
	Average unshared data size (kbytes): 0
	Average stack size (kbytes): 0
	Average total size (kbytes): 0
	Maximum resident set size (kbytes): 100976
	Average resident set size (kbytes): 0
	Major (requiring I/O) page faults: 0
	Minor (reclaiming a frame) page faults: 39292
	Voluntary context switches: 4490
	Involuntary context switches: 197
	Swaps: 0
	File system inputs: 0
	File system outputs: 24
	Socket messages sent: 0
	Socket messages received: 0
	Signals delivered: 0
	Page size (bytes): 4096
	Exit status: 0
