Namespace(tool='kaki', exper=None, gml=['topologies/topzoo/RedBestel.gml', '5'], index=None, prop='SC', prop_file=None, op_req=None, repeat=1, reduce=False, opt=False, u=False, some=False, count=False, weight_bound=None, savedir='topzoo_res/SC/kaki/kaki-0', dump_bdd=False)
Running 5RedBestel.gml
Policy: (Service([18, 41, 2, 163, 128, 119, 167, 246, 211, 171, 286, 253, 292, 308, 413, 336, 389, 501, 438, 461, 422]-503) & (Reach 503))
Initial path of nodes: [81, 34, 79, 77, 78, 47, 46, 69, 61, 21, 18, 22, 20, 48, 54, 6, 71, 1, 44, 0, 43, 41, 40, 35, 53, 3, 2, 56, 83, 165, 118, 163, 161, 162, 131, 130, 153, 145, 105, 102, 106, 104, 132, 138, 90, 155, 85, 128, 84, 127, 125, 124, 119, 137, 87, 86, 140, 167, 249, 202, 247, 245, 246, 215, 214, 237, 229, 189, 186, 190, 188, 216, 222, 174, 239, 169, 212, 168, 211, 209, 208, 203, 221, 171, 170, 224, 251, 333, 286, 331, 329, 330, 299, 298, 321, 313, 273, 270, 274, 272, 300, 306, 258, 323, 253, 296, 252, 295, 293, 292, 287, 305, 255, 254, 308, 335, 417, 370, 415, 413, 414, 383, 382, 405, 397, 357, 354, 358, 356, 384, 390, 342, 407, 337, 380, 336, 379, 377, 376, 371, 389, 339, 338, 392, 419, 501, 454, 499, 497, 498, 467, 466, 489, 481, 441, 438, 442, 440, 468, 474, 426, 491, 421, 464, 420, 463, 461, 460, 455, 473, 423, 422, 476, 503]
Final path of nodes: [81, 34, 79, 77, 78, 17, 49, 72, 51, 67, 68, 70, 50, 62, 63, 16, 18, 31, 23, 25, 5, 65, 4, 10, 9, 8, 75, 29, 7, 30, 45, 1, 44, 0, 43, 41, 40, 35, 53, 3, 2, 56, 83, 165, 118, 163, 161, 162, 101, 133, 156, 135, 151, 152, 154, 134, 146, 147, 100, 102, 115, 107, 109, 89, 149, 88, 94, 93, 92, 159, 113, 91, 114, 129, 85, 128, 84, 127, 125, 124, 119, 137, 87, 86, 140, 167, 249, 202, 247, 245, 246, 185, 217, 240, 219, 235, 236, 238, 218, 230, 231, 184, 186, 199, 191, 193, 173, 233, 172, 178, 177, 176, 243, 197, 175, 198, 213, 169, 212, 168, 211, 209, 208, 203, 221, 171, 170, 224, 251, 333, 286, 331, 329, 330, 269, 301, 324, 303, 319, 320, 322, 302, 314, 315, 268, 270, 283, 275, 277, 257, 317, 256, 262, 261, 260, 327, 281, 259, 282, 297, 253, 296, 252, 295, 293, 292, 287, 305, 255, 254, 308, 335, 417, 370, 415, 413, 414, 353, 385, 408, 387, 403, 404, 406, 386, 398, 399, 352, 354, 367, 359, 361, 341, 401, 340, 346, 345, 344, 411, 365, 343, 366, 381, 337, 380, 336, 379, 377, 376, 371, 389, 339, 338, 392, 419, 501, 454, 499, 497, 498, 437, 469, 492, 471, 487, 488, 490, 470, 482, 483, 436, 438, 451, 443, 445, 425, 485, 424, 430, 429, 428, 495, 449, 427, 450, 465, 421, 464, 420, 463, 461, 460, 455, 473, 423, 422, 476, 503]
{"Initial_routing":[[81, 34], [34, 79], [79, 77], [77, 78], [78, 47], [47, 46], [46, 69], [69, 61], [61, 21], [21, 18], [18, 22], [22, 20], [20, 48], [48, 54], [54, 6], [6, 71], [71, 1], [1, 44], [44, 0], [0, 43], [43, 41], [41, 40], [40, 35], [35, 53], [53, 3], [3, 2], [2, 56], [56, 83], [83, 165], [165, 118], [118, 163], [163, 161], [161, 162], [162, 131], [131, 130], [130, 153], [153, 145], [145, 105], [105, 102], [102, 106], [106, 104], [104, 132], [132, 138], [138, 90], [90, 155], [155, 85], [85, 128], [128, 84], [84, 127], [127, 125], [125, 124], [124, 119], [119, 137], [137, 87], [87, 86], [86, 140], [140, 167], [167, 249], [249, 202], [202, 247], [247, 245], [245, 246], [246, 215], [215, 214], [214, 237], [237, 229], [229, 189], [189, 186], [186, 190], [190, 188], [188, 216], [216, 222], [222, 174], [174, 239], [239, 169], [169, 212], [212, 168], [168, 211], [211, 209], [209, 208], [208, 203], [203, 221], [221, 171], [171, 170], [170, 224], [224, 251], [251, 333], [333, 286], [286, 331], [331, 329], [329, 330], [330, 299], [299, 298], [298, 321], [321, 313], [313, 273], [273, 270], [270, 274], [274, 272], [272, 300], [300, 306], [306, 258], [258, 323], [323, 253], [253, 296], [296, 252], [252, 295], [295, 293], [293, 292], [292, 287], [287, 305], [305, 255], [255, 254], [254, 308], [308, 335], [335, 417], [417, 370], [370, 415], [415, 413], [413, 414], [414, 383], [383, 382], [382, 405], [405, 397], [397, 357], [357, 354], [354, 358], [358, 356], [356, 384], [384, 390], [390, 342], [342, 407], [407, 337], [337, 380], [380, 336], [336, 379], [379, 377], [377, 376], [376, 371], [371, 389], [389, 339], [339, 338], [338, 392], [392, 419], [419, 501], [501, 454], [454, 499], [499, 497], [497, 498], [498, 467], [467, 466], [466, 489], [489, 481], [481, 441], [441, 438], [438, 442], [442, 440], [440, 468], [468, 474], [474, 426], [426, 491], [491, 421], [421, 464], [464, 420], [420, 463], [463, 461], [461, 460], [460, 455], [455, 473], [473, 423], [423, 422], [422, 476], [476, 503]],"Final_routing":[[81, 34], [34, 79], [79, 77], [77, 78], [78, 17], [17, 49], [49, 72], [72, 51], [51, 67], [67, 68], [68, 70], [70, 50], [50, 62], [62, 63], [63, 16], [16, 18], [18, 31], [31, 23], [23, 25], [25, 5], [5, 65], [65, 4], [4, 10], [10, 9], [9, 8], [8, 75], [75, 29], [29, 7], [7, 30], [30, 45], [45, 1], [1, 44], [44, 0], [0, 43], [43, 41], [41, 40], [40, 35], [35, 53], [53, 3], [3, 2], [2, 56], [56, 83], [83, 165], [165, 118], [118, 163], [163, 161], [161, 162], [162, 101], [101, 133], [133, 156], [156, 135], [135, 151], [151, 152], [152, 154], [154, 134], [134, 146], [146, 147], [147, 100], [100, 102], [102, 115], [115, 107], [107, 109], [109, 89], [89, 149], [149, 88], [88, 94], [94, 93], [93, 92], [92, 159], [159, 113], [113, 91], [91, 114], [114, 129], [129, 85], [85, 128], [128, 84], [84, 127], [127, 125], [125, 124], [124, 119], [119, 137], [137, 87], [87, 86], [86, 140], [140, 167], [167, 249], [249, 202], [202, 247], [247, 245], [245, 246], [246, 185], [185, 217], [217, 240], [240, 219], [219, 235], [235, 236], [236, 238], [238, 218], [218, 230], [230, 231], [231, 184], [184, 186], [186, 199], [199, 191], [191, 193], [193, 173], [173, 233], [233, 172], [172, 178], [178, 177], [177, 176], [176, 243], [243, 197], [197, 175], [175, 198], [198, 213], [213, 169], [169, 212], [212, 168], [168, 211], [211, 209], [209, 208], [208, 203], [203, 221], [221, 171], [171, 170], [170, 224], [224, 251], [251, 333], [333, 286], [286, 331], [331, 329], [329, 330], [330, 269], [269, 301], [301, 324], [324, 303], [303, 319], [319, 320], [320, 322], [322, 302], [302, 314], [314, 315], [315, 268], [268, 270], [270, 283], [283, 275], [275, 277], [277, 257], [257, 317], [317, 256], [256, 262], [262, 261], [261, 260], [260, 327], [327, 281], [281, 259], [259, 282], [282, 297], [297, 253], [253, 296], [296, 252], [252, 295], [295, 293], [293, 292], [292, 287], [287, 305], [305, 255], [255, 254], [254, 308], [308, 335], [335, 417], [417, 370], [370, 415], [415, 413], [413, 414], [414, 353], [353, 385], [385, 408], [408, 387], [387, 403], [403, 404], [404, 406], [406, 386], [386, 398], [398, 399], [399, 352], [352, 354], [354, 367], [367, 359], [359, 361], [361, 341], [341, 401], [401, 340], [340, 346], [346, 345], [345, 344], [344, 411], [411, 365], [365, 343], [343, 366], [366, 381], [381, 337], [337, 380], [380, 336], [336, 379], [379, 377], [377, 376], [376, 371], [371, 389], [389, 339], [339, 338], [338, 392], [392, 419], [419, 501], [501, 454], [454, 499], [499, 497], [497, 498], [498, 437], [437, 469], [469, 492], [492, 471], [471, 487], [487, 488], [488, 490], [490, 470], [470, 482], [482, 483], [483, 436], [436, 438], [438, 451], [451, 443], [443, 445], [445, 425], [425, 485], [485, 424], [424, 430], [430, 429], [429, 428], [428, 495], [495, 449], [449, 427], [427, 450], [450, 465], [465, 421], [421, 464], [464, 420], [420, 463], [463, 461], [461, 460], [460, 455], [455, 473], [473, 423], [423, 422], [422, 476], [476, 503]],"Properties":{"Waypoint": { "startNode": -1, "finalNode": -1, "waypoint": []}, "LoopFreedom": { "startNode": -1},"DFA": {"initialState": 0, "finalStates": [21], "edges": [{"from": 0, "to": 1, "label": 18},{"from": 1, "to": 2, "label": 41},{"from": 2, "to": 3, "label": 2},{"from": 3, "to": 4, "label": 163},{"from": 4, "to": 5, "label": 128},{"from": 5, "to": 6, "label": 119},{"from": 6, "to": 7, "label": 167},{"from": 7, "to": 8, "label": 246},{"from": 8, "to": 9, "label": 211},{"from": 9, "to": 10, "label": 171},{"from": 10, "to": 11, "label": 286},{"from": 11, "to": 12, "label": 253},{"from": 12, "to": 13, "label": 292},{"from": 13, "to": 14, "label": 308},{"from": 14, "to": 15, "label": 413},{"from": 15, "to": 16, "label": 336},{"from": 16, "to": 17, "label": 389},{"from": 17, "to": 18, "label": 501},{"from": 18, "to": 19, "label": 438},{"from": 19, "to": 20, "label": 461},{"from": 20, "to": 21, "label": 422}]},"Reachability":{"startNode":81,"finalNode":503}}}
Kaki stdout:  Version: 1.15 
 kaki/verifypn-linux64 /tmp/tmplqwe2bue
DFA generation time: 0.054 seconds 
DFA states: 75 
DFA transitions: 4523
Problem file: /tmp/tmplqwe2bue
Switches to update: 228

Decomposed topology into 6 subproblems
Topological decomposition took 0.117 seconds
Subproblem verification time: 0.066 seconds
Subproblem verification time: 0.014 seconds
Subproblem verification time: 0.015 seconds
Subproblem verification time: 0.015 seconds
Subproblem verification time: 0.014 seconds
Subproblem verification time: 0.015 seconds
Minimum batches required: 3
[[17, 31, 49, 72, 51, 67, 68, 70, 50, 62, 63, 16, 23, 25, 5, 65, 4, 10, 9, 8, 75, 29, 7, 30, 45, 101, 115, 133, 156, 135, 151, 152, 154, 134, 146, 147, 100, 107, 109, 89, 149, 88, 94, 93, 92, 159, 113, 91, 114, 129, 185, 199, 217, 240, 219, 235, 236, 238, 218, 230, 231, 184, 191, 193, 173, 233, 172, 178, 177, 176, 243, 197, 175, 198, 213, 269, 283, 301, 324, 303, 319, 320, 322, 302, 314, 315, 268, 275, 277, 257, 317, 256, 262, 261, 260, 327, 281, 259, 282, 297, 353, 367, 385, 408, 387, 403, 404, 406, 386, 398, 399, 352, 359, 361, 341, 401, 340, 346, 345, 344, 411, 365, 343, 366, 381, 437, 451, 469, 492, 471, 487, 488, 490, 470, 482, 483, 436, 443, 445, 425, 485, 424, 430, 429, 428, 495, 449, 427, 450, 465], [18, 78, 102, 162, 186, 246, 270, 330, 354, 414, 438, 498], [47, 46, 69, 61, 21, 22, 20, 48, 54, 6, 71, 131, 130, 153, 145, 105, 106, 104, 132, 138, 90, 155, 215, 214, 237, 229, 189, 190, 188, 216, 222, 174, 239, 299, 298, 321, 313, 273, 274, 272, 300, 306, 258, 323, 383, 382, 405, 397, 357, 358, 356, 384, 390, 342, 407, 467, 466, 489, 481, 441, 442, 440, 468, 474, 426, 491]]
Total program runtime: 0.542 seconds

Kaki stderr:  
Time: 0.542
Solution: []
	Command being timed: "python3 allsynth/run.py -t kaki --GML topologies/topzoo/RedBestel.gml 5 --dir topzoo_res/SC/kaki/kaki-0 --e-prop SC --repeat 1"
	User time (seconds): 3.81
	System time (seconds): 1.42
	Percent of CPU this job got: 442%
	Elapsed (wall clock) time (h:mm:ss or m:ss): 0:01.18
	Average shared text size (kbytes): 0
	Average unshared data size (kbytes): 0
	Average stack size (kbytes): 0
	Average total size (kbytes): 0
	Maximum resident set size (kbytes): 211556
	Average resident set size (kbytes): 0
	Major (requiring I/O) page faults: 0
	Minor (reclaiming a frame) page faults: 59476
	Voluntary context switches: 9844
	Involuntary context switches: 262
	Swaps: 0
	File system inputs: 0
	File system outputs: 40
	Socket messages sent: 0
	Socket messages received: 0
	Signals delivered: 0
	Page size (bytes): 4096
	Exit status: 0
