Namespace(tool='kaki', exper=None, gml=['topologies/topzoo/Renater2001.gml', '5'], index=None, prop='SC', prop_file=None, op_req=None, repeat=1, reduce=False, opt=False, u=False, some=False, count=False, weight_bound=None, savedir='topzoo_res/SC/kaki/kaki-0', dump_bdd=False)
Running 5Renater2001.gml
Policy: (Service([21, 33, 58, 81, 108, 117, 131]-142) & (Reach 142))
Initial path of nodes: [12, 9, 13, 10, 11, 21, 22, 27, 39, 35, 34, 37, 33, 36, 60, 57, 61, 58, 59, 69, 70, 84, 81, 85, 82, 83, 93, 94, 108, 105, 109, 106, 107, 117, 118, 132, 129, 133, 130, 131, 141, 142]
Final path of nodes: [12, 9, 13, 6, 1, 10, 11, 21, 22, 27, 39, 24, 25, 30, 37, 33, 36, 60, 57, 61, 54, 49, 58, 59, 69, 70, 84, 81, 85, 78, 73, 72, 87, 83, 93, 94, 108, 105, 109, 102, 97, 106, 107, 117, 118, 132, 129, 133, 126, 121, 120, 135, 131, 141, 142]
{"Initial_routing":[[12, 9], [9, 13], [13, 10], [10, 11], [11, 21], [21, 22], [22, 27], [27, 39], [39, 35], [35, 34], [34, 37], [37, 33], [33, 36], [36, 60], [60, 57], [57, 61], [61, 58], [58, 59], [59, 69], [69, 70], [70, 84], [84, 81], [81, 85], [85, 82], [82, 83], [83, 93], [93, 94], [94, 108], [108, 105], [105, 109], [109, 106], [106, 107], [107, 117], [117, 118], [118, 132], [132, 129], [129, 133], [133, 130], [130, 131], [131, 141], [141, 142]],"Final_routing":[[12, 9], [9, 13], [13, 6], [6, 1], [1, 10], [10, 11], [11, 21], [21, 22], [22, 27], [27, 39], [39, 24], [24, 25], [25, 30], [30, 37], [37, 33], [33, 36], [36, 60], [60, 57], [57, 61], [61, 54], [54, 49], [49, 58], [58, 59], [59, 69], [69, 70], [70, 84], [84, 81], [81, 85], [85, 78], [78, 73], [73, 72], [72, 87], [87, 83], [83, 93], [93, 94], [94, 108], [108, 105], [105, 109], [109, 102], [102, 97], [97, 106], [106, 107], [107, 117], [117, 118], [118, 132], [132, 129], [129, 133], [133, 126], [126, 121], [121, 120], [120, 135], [135, 131], [131, 141], [141, 142]],"Properties":{"Waypoint": { "startNode": -1, "finalNode": -1, "waypoint": []}, "LoopFreedom": { "startNode": -1},"DFA": {"initialState": 0, "finalStates": [7], "edges": [{"from": 0, "to": 1, "label": 21},{"from": 1, "to": 2, "label": 33},{"from": 2, "to": 3, "label": 58},{"from": 3, "to": 4, "label": 81},{"from": 4, "to": 5, "label": 108},{"from": 5, "to": 6, "label": 117},{"from": 6, "to": 7, "label": 131}]},"Reachability":{"startNode":12,"finalNode":142}}}
Kaki stdout:  Version: 1.15 
 kaki/verifypn-linux64 /tmp/tmp8rddd8qo
DFA generation time: 0.012 seconds 
DFA states: 22 
DFA transitions: 275
Problem file: /tmp/tmp8rddd8qo
Switches to update: 27

Decomposed topology into 6 subproblems
Topological decomposition took 0.011 seconds
Subproblem verification time: 0.026 seconds
Subproblem verification time: 0.008 seconds
Subproblem verification time: 0.008 seconds
Subproblem verification time: 0.012 seconds
Subproblem verification time: 0.007 seconds
Subproblem verification time: 0.008 seconds
Minimum batches required: 3
[[6, 1, 24, 25, 30, 54, 49, 78, 73, 72, 87, 102, 97, 126, 121, 120, 135], [13, 39, 61, 85, 109, 133], [35, 34, 82, 130]]
Total program runtime: 0.183 seconds

Kaki stderr:  
Time: 0.183
Solution: []
	Command being timed: "python3 allsynth/run.py -t kaki --GML topologies/topzoo/Renater2001.gml 5 --dir topzoo_res/SC/kaki/kaki-0 --e-prop SC --repeat 1"
	User time (seconds): 1.31
	System time (seconds): 1.43
	Percent of CPU this job got: 413%
	Elapsed (wall clock) time (h:mm:ss or m:ss): 0:00.66
	Average shared text size (kbytes): 0
	Average unshared data size (kbytes): 0
	Average stack size (kbytes): 0
	Average total size (kbytes): 0
	Maximum resident set size (kbytes): 95968
	Average resident set size (kbytes): 0
	Major (requiring I/O) page faults: 0
	Minor (reclaiming a frame) page faults: 36589
	Voluntary context switches: 3659
	Involuntary context switches: 108
	Swaps: 0
	File system inputs: 0
	File system outputs: 24
	Socket messages sent: 0
	Socket messages received: 0
	Signals delivered: 0
	Page size (bytes): 4096
	Exit status: 0
