Namespace(tool='kaki', exper=None, gml=['topologies/topzoo/Sinet.gml', '5'], index=None, prop='SC', prop_file=None, op_req=None, repeat=1, reduce=False, opt=False, u=False, some=False, count=False, weight_bound=None, savedir='topzoo_res/SC/kaki/kaki-0', dump_bdd=False)
Running 5Sinet.gml
Policy: (Service([75, 192, 266, 340, 414]-443) & (Reach 443))
Initial path of nodes: [42, 44, 34, 20, 59, 10, 0, 73, 75, 74, 79, 123, 98, 140, 144, 145, 190, 192, 182, 168, 207, 158, 148, 221, 264, 266, 256, 242, 281, 232, 222, 295, 338, 340, 330, 316, 355, 306, 296, 369, 412, 414, 404, 390, 429, 380, 370, 443]
Final path of nodes: [42, 44, 34, 35, 24, 49, 5, 0, 73, 75, 74, 84, 133, 94, 108, 118, 144, 145, 190, 192, 182, 183, 172, 197, 153, 148, 221, 264, 266, 256, 257, 246, 271, 227, 222, 295, 338, 340, 330, 331, 320, 345, 301, 296, 369, 412, 414, 404, 405, 394, 419, 375, 370, 443]
{"Initial_routing":[[42, 44], [44, 34], [34, 20], [20, 59], [59, 10], [10, 0], [0, 73], [73, 75], [75, 74], [74, 79], [79, 123], [123, 98], [98, 140], [140, 144], [144, 145], [145, 190], [190, 192], [192, 182], [182, 168], [168, 207], [207, 158], [158, 148], [148, 221], [221, 264], [264, 266], [266, 256], [256, 242], [242, 281], [281, 232], [232, 222], [222, 295], [295, 338], [338, 340], [340, 330], [330, 316], [316, 355], [355, 306], [306, 296], [296, 369], [369, 412], [412, 414], [414, 404], [404, 390], [390, 429], [429, 380], [380, 370], [370, 443]],"Final_routing":[[42, 44], [44, 34], [34, 35], [35, 24], [24, 49], [49, 5], [5, 0], [0, 73], [73, 75], [75, 74], [74, 84], [84, 133], [133, 94], [94, 108], [108, 118], [118, 144], [144, 145], [145, 190], [190, 192], [192, 182], [182, 183], [183, 172], [172, 197], [197, 153], [153, 148], [148, 221], [221, 264], [264, 266], [266, 256], [256, 257], [257, 246], [246, 271], [271, 227], [227, 222], [222, 295], [295, 338], [338, 340], [340, 330], [330, 331], [331, 320], [320, 345], [345, 301], [301, 296], [296, 369], [369, 412], [412, 414], [414, 404], [404, 405], [405, 394], [394, 419], [419, 375], [375, 370], [370, 443]],"Properties":{"Waypoint": { "startNode": -1, "finalNode": -1, "waypoint": []}, "LoopFreedom": { "startNode": -1},"DFA": {"initialState": 0, "finalStates": [5], "edges": [{"from": 0, "to": 1, "label": 75},{"from": 1, "to": 2, "label": 192},{"from": 2, "to": 3, "label": 266},{"from": 3, "to": 4, "label": 340},{"from": 4, "to": 5, "label": 414}]},"Reachability":{"startNode":42,"finalNode":443}}}
Kaki stdout:  Version: 1.15 
 kaki/verifypn-linux64 /tmp/tmp5u9f658s
DFA generation time: 0.011 seconds 
DFA states: 9 
DFA transitions: 158
Problem file: /tmp/tmp5u9f658s
Switches to update: 50

Decomposed topology into 6 subproblems
Topological decomposition took 0.007 seconds
Subproblem verification time: 0.028 seconds
Subproblem verification time: 0.008 seconds
Subproblem verification time: 0.008 seconds
Subproblem verification time: 0.007 seconds
Subproblem verification time: 0.008 seconds
Subproblem verification time: 0.009 seconds
Minimum batches required: 3
[[35, 24, 49, 5, 84, 133, 94, 108, 118, 183, 172, 197, 153, 257, 246, 271, 227, 331, 320, 345, 301, 405, 394, 419, 375], [34, 74, 182, 256, 330, 404], [20, 59, 10, 79, 123, 98, 140, 168, 207, 158, 242, 281, 232, 316, 355, 306, 390, 429, 380]]
Total program runtime: 0.181 seconds

Kaki stderr:  
Time: 0.181
Solution: []
	Command being timed: "python3 allsynth/run.py -t kaki --GML topologies/topzoo/Sinet.gml 5 --dir topzoo_res/SC/kaki/kaki-0 --e-prop SC --repeat 1"
	User time (seconds): 1.48
	System time (seconds): 1.39
	Percent of CPU this job got: 375%
	Elapsed (wall clock) time (h:mm:ss or m:ss): 0:00.76
	Average shared text size (kbytes): 0
	Average unshared data size (kbytes): 0
	Average stack size (kbytes): 0
	Average total size (kbytes): 0
	Maximum resident set size (kbytes): 95760
	Average resident set size (kbytes): 0
	Major (requiring I/O) page faults: 0
	Minor (reclaiming a frame) page faults: 39141
	Voluntary context switches: 3783
	Involuntary context switches: 156
	Swaps: 0
	File system inputs: 0
	File system outputs: 24
	Socket messages sent: 0
	Socket messages received: 0
	Signals delivered: 0
	Page size (bytes): 4096
	Exit status: 0
