Namespace(tool='kaki', exper=None, gml=['topologies/topzoo/Telecomserbia.gml', '5'], index=None, prop='SC', prop_file=None, op_req=None, repeat=1, reduce=False, opt=False, u=False, some=False, count=False, weight_bound=None, savedir='topzoo_res/SC/kaki/kaki-0', dump_bdd=False)
Running 5Telecomserbia.gml
Policy: (Service([17, 32]-35) & (Reach 35))
Initial path of nodes: [2, 1, 0, 5, 6, 7, 8, 9, 14, 13, 12, 17, 20, 19, 18, 23, 26, 25, 24, 29, 32, 31, 30, 35]
Final path of nodes: [2, 3, 4, 5, 6, 11, 10, 9, 14, 15, 16, 17, 20, 21, 22, 23, 26, 27, 28, 29, 32, 33, 34, 35]
{"Initial_routing":[[2, 1], [1, 0], [0, 5], [5, 6], [6, 7], [7, 8], [8, 9], [9, 14], [14, 13], [13, 12], [12, 17], [17, 20], [20, 19], [19, 18], [18, 23], [23, 26], [26, 25], [25, 24], [24, 29], [29, 32], [32, 31], [31, 30], [30, 35]],"Final_routing":[[2, 3], [3, 4], [4, 5], [5, 6], [6, 11], [11, 10], [10, 9], [9, 14], [14, 15], [15, 16], [16, 17], [17, 20], [20, 21], [21, 22], [22, 23], [23, 26], [26, 27], [27, 28], [28, 29], [29, 32], [32, 33], [33, 34], [34, 35]],"Properties":{"Waypoint": { "startNode": -1, "finalNode": -1, "waypoint": []}, "LoopFreedom": { "startNode": -1},"DFA": {"initialState": 0, "finalStates": [2], "edges": [{"from": 0, "to": 1, "label": 17},{"from": 1, "to": 2, "label": 32}]},"Reachability":{"startNode":2,"finalNode":35}}}
Kaki stdout:  Version: 1.15 
 kaki/verifypn-linux64 /tmp/tmpsx76xcvo
DFA generation time: 0.009 seconds 
DFA states: 11 
DFA transitions: 117
Problem file: /tmp/tmpsx76xcvo
Switches to update: 30

Decomposed topology into 6 subproblems
Topological decomposition took 0.005 seconds
Subproblem verification time: 0.027 seconds
Subproblem verification time: 0.008 seconds
Subproblem verification time: 0.008 seconds
Subproblem verification time: 0.008 seconds
Subproblem verification time: 0.008 seconds
Subproblem verification time: 0.008 seconds
Minimum batches required: 3
[[3, 4, 11, 10, 15, 16, 21, 22, 27, 28, 33, 34], [2, 6, 14, 20, 26, 32], [1, 0, 7, 8, 13, 12, 19, 18, 25, 24, 31, 30]]
Total program runtime: 0.178 seconds

Kaki stderr:  
Time: 0.178
Solution: []
	Command being timed: "python3 allsynth/run.py -t kaki --GML topologies/topzoo/Telecomserbia.gml 5 --dir topzoo_res/SC/kaki/kaki-0 --e-prop SC --repeat 1"
	User time (seconds): 1.31
	System time (seconds): 1.39
	Percent of CPU this job got: 411%
	Elapsed (wall clock) time (h:mm:ss or m:ss): 0:00.65
	Average shared text size (kbytes): 0
	Average unshared data size (kbytes): 0
	Average stack size (kbytes): 0
	Average total size (kbytes): 0
	Maximum resident set size (kbytes): 93020
	Average resident set size (kbytes): 0
	Major (requiring I/O) page faults: 0
	Minor (reclaiming a frame) page faults: 36857
	Voluntary context switches: 3842
	Involuntary context switches: 145
	Swaps: 0
	File system inputs: 0
	File system outputs: 24
	Socket messages sent: 0
	Socket messages received: 0
	Signals delivered: 0
	Page size (bytes): 4096
	Exit status: 0
