Namespace(tool='kaki', exper=None, gml=['topologies/topzoo/UniC.gml', '5'], index=None, prop='SC', prop_file=None, op_req=None, repeat=1, reduce=False, opt=False, u=False, some=False, count=False, weight_bound=None, savedir='topzoo_res/SC/kaki/kaki-0', dump_bdd=False)
Running 5UniC.gml
Policy: (Service([2, 30, 42, 50, 88, 93, 101, 134, 127]-142) & (Reach 142))
Initial path of nodes: [9, 13, 5, 4, 6, 1, 0, 2, 22, 20, 18, 17, 34, 38, 30, 29, 31, 26, 25, 27, 47, 45, 43, 42, 59, 63, 55, 54, 56, 51, 50, 52, 72, 70, 68, 67, 84, 88, 80, 79, 81, 76, 75, 77, 97, 95, 93, 92, 109, 113, 105, 104, 106, 101, 100, 102, 122, 120, 118, 117, 134, 138, 130, 129, 131, 126, 125, 127, 147, 145, 143, 142]
Final path of nodes: [9, 13, 5, 8, 7, 1, 0, 3, 2, 16, 21, 19, 18, 17, 34, 38, 30, 33, 32, 26, 25, 28, 27, 41, 46, 44, 43, 42, 59, 63, 55, 58, 57, 51, 50, 53, 52, 66, 71, 69, 68, 67, 84, 88, 80, 83, 82, 76, 75, 78, 77, 91, 96, 94, 93, 92, 109, 113, 105, 108, 107, 101, 100, 103, 102, 116, 121, 119, 118, 117, 134, 138, 130, 133, 132, 126, 125, 128, 127, 141, 146, 144, 143, 142]
{"Initial_routing":[[9, 13], [13, 5], [5, 4], [4, 6], [6, 1], [1, 0], [0, 2], [2, 22], [22, 20], [20, 18], [18, 17], [17, 34], [34, 38], [38, 30], [30, 29], [29, 31], [31, 26], [26, 25], [25, 27], [27, 47], [47, 45], [45, 43], [43, 42], [42, 59], [59, 63], [63, 55], [55, 54], [54, 56], [56, 51], [51, 50], [50, 52], [52, 72], [72, 70], [70, 68], [68, 67], [67, 84], [84, 88], [88, 80], [80, 79], [79, 81], [81, 76], [76, 75], [75, 77], [77, 97], [97, 95], [95, 93], [93, 92], [92, 109], [109, 113], [113, 105], [105, 104], [104, 106], [106, 101], [101, 100], [100, 102], [102, 122], [122, 120], [120, 118], [118, 117], [117, 134], [134, 138], [138, 130], [130, 129], [129, 131], [131, 126], [126, 125], [125, 127], [127, 147], [147, 145], [145, 143], [143, 142]],"Final_routing":[[9, 13], [13, 5], [5, 8], [8, 7], [7, 1], [1, 0], [0, 3], [3, 2], [2, 16], [16, 21], [21, 19], [19, 18], [18, 17], [17, 34], [34, 38], [38, 30], [30, 33], [33, 32], [32, 26], [26, 25], [25, 28], [28, 27], [27, 41], [41, 46], [46, 44], [44, 43], [43, 42], [42, 59], [59, 63], [63, 55], [55, 58], [58, 57], [57, 51], [51, 50], [50, 53], [53, 52], [52, 66], [66, 71], [71, 69], [69, 68], [68, 67], [67, 84], [84, 88], [88, 80], [80, 83], [83, 82], [82, 76], [76, 75], [75, 78], [78, 77], [77, 91], [91, 96], [96, 94], [94, 93], [93, 92], [92, 109], [109, 113], [113, 105], [105, 108], [108, 107], [107, 101], [101, 100], [100, 103], [103, 102], [102, 116], [116, 121], [121, 119], [119, 118], [118, 117], [117, 134], [134, 138], [138, 130], [130, 133], [133, 132], [132, 126], [126, 125], [125, 128], [128, 127], [127, 141], [141, 146], [146, 144], [144, 143], [143, 142]],"Properties":{"Waypoint": { "startNode": -1, "finalNode": -1, "waypoint": []}, "LoopFreedom": { "startNode": -1},"DFA": {"initialState": 0, "finalStates": [9], "edges": [{"from": 0, "to": 1, "label": 2},{"from": 1, "to": 2, "label": 30},{"from": 2, "to": 3, "label": 42},{"from": 3, "to": 4, "label": 50},{"from": 4, "to": 5, "label": 88},{"from": 5, "to": 6, "label": 93},{"from": 6, "to": 7, "label": 101},{"from": 7, "to": 8, "label": 134},{"from": 8, "to": 9, "label": 127}]},"Reachability":{"startNode":9,"finalNode":142}}}
Kaki stdout:  Version: 1.15 
 kaki/verifypn-linux64 /tmp/tmpgzjlhocf
DFA generation time: 0.017 seconds 
DFA states: 42 
DFA transitions: 833
Problem file: /tmp/tmpgzjlhocf
Switches to update: 78

Decomposed topology into 12 subproblems
Topological decomposition took 0.017 seconds
Subproblem verification time: 0.028 seconds
Subproblem verification time: 0.009 seconds
Subproblem verification time: 0.008 seconds
Subproblem verification time: 0.009 seconds
Subproblem verification time: 0.009 seconds
Subproblem verification time: 0.009 seconds
Subproblem verification time: 0.009 seconds
Subproblem verification time: 0.009 seconds
Subproblem verification time: 0.009 seconds
Subproblem verification time: 0.009 seconds
Subproblem verification time: 0.008 seconds
Subproblem verification time: 0.009 seconds
Minimum batches required: 3
[[8, 7, 3, 16, 21, 19, 33, 32, 28, 41, 46, 44, 58, 57, 53, 66, 71, 69, 83, 82, 78, 91, 96, 94, 108, 107, 103, 116, 121, 119, 133, 132, 128, 141, 146, 144], [5, 2, 0, 30, 27, 25, 55, 52, 50, 80, 77, 75, 105, 102, 100, 130, 127, 125], [4, 6, 22, 20, 29, 31, 47, 45, 54, 56, 72, 70, 79, 81, 97, 95, 104, 106, 122, 120, 129, 131, 147, 145]]
Total program runtime: 0.287 seconds

Kaki stderr:  
Time: 0.287
Solution: []
	Command being timed: "python3 allsynth/run.py -t kaki --GML topologies/topzoo/UniC.gml 5 --dir topzoo_res/SC/kaki/kaki-0 --e-prop SC --repeat 1"
	User time (seconds): 1.89
	System time (seconds): 1.41
	Percent of CPU this job got: 421%
	Elapsed (wall clock) time (h:mm:ss or m:ss): 0:00.78
	Average shared text size (kbytes): 0
	Average unshared data size (kbytes): 0
	Average stack size (kbytes): 0
	Average total size (kbytes): 0
	Maximum resident set size (kbytes): 117216
	Average resident set size (kbytes): 0
	Major (requiring I/O) page faults: 0
	Minor (reclaiming a frame) page faults: 55495
	Voluntary context switches: 5371
	Involuntary context switches: 234
	Swaps: 0
	File system inputs: 0
	File system outputs: 32
	Socket messages sent: 0
	Socket messages received: 0
	Signals delivered: 0
	Page size (bytes): 4096
	Exit status: 0
