Namespace(tool='kaki', exper=None, gml=['topologies/topzoo/Abvt.gml', '5'], index=None, prop='SeparateWPk', prop_file=None, op_req=None, repeat=1, reduce=False, opt=False, u=False, some=False, count=False, weight_bound=None, savedir='topzoo_res/SeparateWPk/kaki/kaki-2', dump_bdd=False)
Running 5Abvt.gml
Policy: ((((((((((((((((WP(89-134) | WP(40-134)) | WP(136-134)) | WP(10-134)) | WP(77-134)) | WP(92-134)) | WP(48-134)) | WP(81-134)) | WP(114-134)) | WP(21-134)) | WP(87-134)) | WP(24-134)) | WP(25-134)) | WP(124-134)) | WP(125-134)) | WP(57-134)) & (Reach 134))
Initial path of nodes: [9, 8, 1, 22, 11, 21, 18, 19, 30, 23, 25, 33, 43, 42, 41, 40, 55, 54, 47, 68, 57, 67, 64, 65, 78, 77, 70, 91, 80, 90, 87, 88, 101, 100, 93, 114, 103, 113, 110, 111, 124, 123, 116, 137, 126, 136, 133, 134]
Final path of nodes: [9, 8, 5, 0, 2, 10, 20, 19, 30, 29, 24, 45, 34, 44, 41, 40, 55, 58, 51, 46, 48, 56, 66, 65, 78, 81, 74, 69, 71, 79, 89, 88, 101, 104, 97, 92, 94, 102, 112, 111, 124, 127, 120, 115, 117, 125, 135, 134]
{"Initial_routing":[[9, 8], [8, 1], [1, 22], [22, 11], [11, 21], [21, 18], [18, 19], [19, 30], [30, 23], [23, 25], [25, 33], [33, 43], [43, 42], [42, 41], [41, 40], [40, 55], [55, 54], [54, 47], [47, 68], [68, 57], [57, 67], [67, 64], [64, 65], [65, 78], [78, 77], [77, 70], [70, 91], [91, 80], [80, 90], [90, 87], [87, 88], [88, 101], [101, 100], [100, 93], [93, 114], [114, 103], [103, 113], [113, 110], [110, 111], [111, 124], [124, 123], [123, 116], [116, 137], [137, 126], [126, 136], [136, 133], [133, 134]],"Final_routing":[[9, 8], [8, 5], [5, 0], [0, 2], [2, 10], [10, 20], [20, 19], [19, 30], [30, 29], [29, 24], [24, 45], [45, 34], [34, 44], [44, 41], [41, 40], [40, 55], [55, 58], [58, 51], [51, 46], [46, 48], [48, 56], [56, 66], [66, 65], [65, 78], [78, 81], [81, 74], [74, 69], [69, 71], [71, 79], [79, 89], [89, 88], [88, 101], [101, 104], [104, 97], [97, 92], [92, 94], [94, 102], [102, 112], [112, 111], [111, 124], [124, 127], [127, 120], [120, 115], [115, 117], [117, 125], [125, 135], [135, 134]],"Properties":{"Waypoint": { "startNode": -1, "finalNode": -1, "waypoint": []}, "LoopFreedom": { "startNode": -1},"DFA": {"initialState": 0, "finalStates": [57,125,124,25,24,87,21,114,81,48,92,77,10,136,89,40], "edges": [{"from": 0, "to": 57, "label": 57},{"from": 0, "to": 125, "label": 125},{"from": 0, "to": 124, "label": 124},{"from": 0, "to": 25, "label": 25},{"from": 0, "to": 24, "label": 24},{"from": 0, "to": 87, "label": 87},{"from": 0, "to": 21, "label": 21},{"from": 0, "to": 114, "label": 114},{"from": 0, "to": 81, "label": 81},{"from": 0, "to": 48, "label": 48},{"from": 0, "to": 92, "label": 92},{"from": 0, "to": 77, "label": 77},{"from": 0, "to": 10, "label": 10},{"from": 0, "to": 136, "label": 136},{"from": 0, "to": 89, "label": 89},{"from": 0, "to": 40, "label": 40}]},"Reachability":{"startNode":9,"finalNode":134}}}
Kaki stdout:  Version: 1.15 
 kaki/verifypn-linux64 /tmp/tmpe3w2jupy
DFA generation time: 0.047 seconds 
DFA states: 79 
DFA transitions: 5469
Problem file: /tmp/tmpe3w2jupy
Switches to update: 74

Decomposed topology into 1 subproblems
Topological decomposition took 0.052 seconds
Subproblem verification time: 4.738 seconds
Minimum batches required: 3
[[5, 29, 58, 81, 104, 127, 0, 2, 10, 20, 24, 45, 34, 44, 51, 46, 48, 56, 66, 74, 69, 71, 79, 89, 97, 92, 94, 102, 112, 120, 115, 117, 125, 135], [124, 101, 78, 55, 30, 8], [1, 22, 11, 21, 18, 23, 25, 33, 43, 42, 54, 47, 68, 57, 67, 64, 77, 70, 91, 80, 90, 87, 100, 93, 114, 103, 113, 110, 123, 116, 137, 126, 136, 133]]
Total program runtime: 6.496 seconds

Kaki stderr:  
Time: 6.496
Solution: []
	Command being timed: "python3 allsynth/run.py -t kaki --GML topologies/topzoo/Abvt.gml 5 --dir topzoo_res/SeparateWPk/kaki/kaki-2 --e-prop SeparateWPk --repeat 1"
	User time (seconds): 10.77
	System time (seconds): 1.75
	Percent of CPU this job got: 173%
	Elapsed (wall clock) time (h:mm:ss or m:ss): 0:07.23
	Average shared text size (kbytes): 0
	Average unshared data size (kbytes): 0
	Average stack size (kbytes): 0
	Average total size (kbytes): 0
	Maximum resident set size (kbytes): 640904
	Average resident set size (kbytes): 0
	Major (requiring I/O) page faults: 0
	Minor (reclaiming a frame) page faults: 80938
	Voluntary context switches: 5461
	Involuntary context switches: 1338
	Swaps: 0
	File system inputs: 0
	File system outputs: 24
	Socket messages sent: 0
	Socket messages received: 0
	Signals delivered: 0
	Page size (bytes): 4096
	Exit status: 0
