Namespace(tool='kaki', exper=None, gml=['topologies/topzoo/Bbnplanet.gml', '5'], index=None, prop='SeparateWPk', prop_file=None, op_req=None, repeat=1, reduce=False, opt=False, u=False, some=False, count=False, weight_bound=None, savedir='topzoo_res/SeparateWPk/kaki/kaki-2', dump_bdd=False)
Running 5Bbnplanet.gml
Policy: ((((((((((((((WP(65-148) | WP(99-148)) | WP(131-148)) | WP(7-148)) | WP(40-148)) | WP(137-148)) | WP(74-148)) | WP(142-148)) | WP(17-148)) | WP(51-148)) | WP(152-148)) | WP(89-148)) | WP(123-148)) | WP(28-148)) & (Reach 148))
Initial path of nodes: [2, 18, 1, 15, 11, 7, 8, 13, 29, 45, 28, 42, 38, 34, 35, 40, 56, 72, 55, 69, 65, 61, 62, 67, 83, 99, 82, 96, 92, 88, 89, 94, 110, 126, 109, 123, 119, 115, 116, 121, 137, 153, 136, 150, 146, 142, 143, 148]
Final path of nodes: [2, 18, 24, 23, 20, 17, 8, 13, 29, 45, 51, 50, 47, 44, 35, 40, 56, 72, 78, 77, 74, 71, 62, 67, 83, 99, 105, 104, 101, 98, 89, 94, 110, 126, 132, 131, 128, 125, 116, 121, 137, 153, 159, 158, 155, 152, 143, 148]
{"Initial_routing":[[2, 18], [18, 1], [1, 15], [15, 11], [11, 7], [7, 8], [8, 13], [13, 29], [29, 45], [45, 28], [28, 42], [42, 38], [38, 34], [34, 35], [35, 40], [40, 56], [56, 72], [72, 55], [55, 69], [69, 65], [65, 61], [61, 62], [62, 67], [67, 83], [83, 99], [99, 82], [82, 96], [96, 92], [92, 88], [88, 89], [89, 94], [94, 110], [110, 126], [126, 109], [109, 123], [123, 119], [119, 115], [115, 116], [116, 121], [121, 137], [137, 153], [153, 136], [136, 150], [150, 146], [146, 142], [142, 143], [143, 148]],"Final_routing":[[2, 18], [18, 24], [24, 23], [23, 20], [20, 17], [17, 8], [8, 13], [13, 29], [29, 45], [45, 51], [51, 50], [50, 47], [47, 44], [44, 35], [35, 40], [40, 56], [56, 72], [72, 78], [78, 77], [77, 74], [74, 71], [71, 62], [62, 67], [67, 83], [83, 99], [99, 105], [105, 104], [104, 101], [101, 98], [98, 89], [89, 94], [94, 110], [110, 126], [126, 132], [132, 131], [131, 128], [128, 125], [125, 116], [116, 121], [121, 137], [137, 153], [153, 159], [159, 158], [158, 155], [155, 152], [152, 143], [143, 148]],"Properties":{"Waypoint": { "startNode": -1, "finalNode": -1, "waypoint": []}, "LoopFreedom": { "startNode": -1},"DFA": {"initialState": 0, "finalStates": [28,123,89,152,51,17,142,74,137,40,7,131,65,99], "edges": [{"from": 0, "to": 28, "label": 28},{"from": 0, "to": 123, "label": 123},{"from": 0, "to": 89, "label": 89},{"from": 0, "to": 152, "label": 152},{"from": 0, "to": 51, "label": 51},{"from": 0, "to": 17, "label": 17},{"from": 0, "to": 142, "label": 142},{"from": 0, "to": 74, "label": 74},{"from": 0, "to": 137, "label": 137},{"from": 0, "to": 40, "label": 40},{"from": 0, "to": 7, "label": 7},{"from": 0, "to": 131, "label": 131},{"from": 0, "to": 65, "label": 65},{"from": 0, "to": 99, "label": 99}]},"Reachability":{"startNode":2,"finalNode":148}}}
Kaki stdout:  Version: 1.15 
 kaki/verifypn-linux64 /tmp/tmp4zgl7_k4
DFA generation time: 0.052 seconds 
DFA states: 67 
DFA transitions: 3761
Problem file: /tmp/tmp4zgl7_k4
Switches to update: 54

Decomposed topology into 1 subproblems
Topological decomposition took 0.08 seconds
Subproblem verification time: 8.83 seconds
Minimum batches required: 3
[[24, 51, 78, 105, 132, 159, 23, 20, 17, 50, 47, 44, 77, 74, 71, 104, 101, 98, 131, 128, 125, 158, 155, 152], [153, 126, 99, 72, 45, 18], [1, 15, 11, 7, 28, 42, 38, 34, 55, 69, 65, 61, 82, 96, 92, 88, 109, 123, 119, 115, 136, 150, 146, 142]]
Total program runtime: 10.836 seconds

Kaki stderr:  
Time: 10.836
Solution: []
	Command being timed: "python3 allsynth/run.py -t kaki --GML topologies/topzoo/Bbnplanet.gml 5 --dir topzoo_res/SeparateWPk/kaki/kaki-2 --e-prop SeparateWPk --repeat 1"
	User time (seconds): 15.70
	System time (seconds): 1.83
	Percent of CPU this job got: 150%
	Elapsed (wall clock) time (h:mm:ss or m:ss): 0:11.64
	Average shared text size (kbytes): 0
	Average unshared data size (kbytes): 0
	Average stack size (kbytes): 0
	Average total size (kbytes): 0
	Maximum resident set size (kbytes): 572360
	Average resident set size (kbytes): 0
	Major (requiring I/O) page faults: 0
	Minor (reclaiming a frame) page faults: 76849
	Voluntary context switches: 5498
	Involuntary context switches: 1463
	Swaps: 0
	File system inputs: 0
	File system outputs: 24
	Socket messages sent: 0
	Socket messages received: 0
	Signals delivered: 0
	Page size (bytes): 4096
	Exit status: 0
