Namespace(tool='kaki', exper=None, gml=['topologies/topzoo/Bellsouth.gml', '5'], index=None, prop='SeparateWPk', prop_file=None, op_req=None, repeat=1, reduce=False, opt=False, u=False, some=False, count=False, weight_bound=None, savedir='topzoo_res/SeparateWPk/kaki/kaki-2', dump_bdd=False)
Running 5Bellsouth.gml
Policy: ((((((((((((((((((WP(257-291) | WP(195-291)) | WP(101-291)) | WP(294-291)) | WP(199-291)) | WP(39-291)) | WP(137-291)) | WP(10-291)) | WP(265-291)) | WP(202-291)) | WP(235-291)) | WP(61-291)) | WP(93-291)) | WP(148-291)) | WP(189-291)) | WP(87-291)) | WP(152-291)) | WP(253-291)) & (Reach 291))
Initial path of nodes: [2, 42, 50, 49, 35, 10, 46, 36, 53, 93, 101, 100, 86, 61, 97, 87, 104, 144, 152, 151, 137, 112, 148, 138, 155, 195, 203, 202, 188, 163, 199, 189, 206, 246, 254, 253, 239, 214, 250, 240, 257, 297, 305, 304, 290, 265, 301, 291]
Final path of nodes: [2, 42, 50, 49, 31, 39, 10, 46, 36, 53, 93, 101, 100, 82, 90, 61, 97, 87, 104, 144, 152, 151, 133, 141, 112, 148, 138, 155, 195, 203, 202, 184, 192, 163, 199, 189, 206, 246, 254, 253, 235, 243, 214, 250, 240, 257, 297, 305, 304, 286, 294, 265, 301, 291]
{"Initial_routing":[[2, 42], [42, 50], [50, 49], [49, 35], [35, 10], [10, 46], [46, 36], [36, 53], [53, 93], [93, 101], [101, 100], [100, 86], [86, 61], [61, 97], [97, 87], [87, 104], [104, 144], [144, 152], [152, 151], [151, 137], [137, 112], [112, 148], [148, 138], [138, 155], [155, 195], [195, 203], [203, 202], [202, 188], [188, 163], [163, 199], [199, 189], [189, 206], [206, 246], [246, 254], [254, 253], [253, 239], [239, 214], [214, 250], [250, 240], [240, 257], [257, 297], [297, 305], [305, 304], [304, 290], [290, 265], [265, 301], [301, 291]],"Final_routing":[[2, 42], [42, 50], [50, 49], [49, 31], [31, 39], [39, 10], [10, 46], [46, 36], [36, 53], [53, 93], [93, 101], [101, 100], [100, 82], [82, 90], [90, 61], [61, 97], [97, 87], [87, 104], [104, 144], [144, 152], [152, 151], [151, 133], [133, 141], [141, 112], [112, 148], [148, 138], [138, 155], [155, 195], [195, 203], [203, 202], [202, 184], [184, 192], [192, 163], [163, 199], [199, 189], [189, 206], [206, 246], [246, 254], [254, 253], [253, 235], [235, 243], [243, 214], [214, 250], [250, 240], [240, 257], [257, 297], [297, 305], [305, 304], [304, 286], [286, 294], [294, 265], [265, 301], [301, 291]],"Properties":{"Waypoint": { "startNode": -1, "finalNode": -1, "waypoint": []}, "LoopFreedom": { "startNode": -1},"DFA": {"initialState": 0, "finalStates": [253,152,87,189,148,93,61,235,202,265,10,137,39,199,294,101,257,195], "edges": [{"from": 0, "to": 253, "label": 253},{"from": 0, "to": 152, "label": 152},{"from": 0, "to": 87, "label": 87},{"from": 0, "to": 189, "label": 189},{"from": 0, "to": 148, "label": 148},{"from": 0, "to": 93, "label": 93},{"from": 0, "to": 61, "label": 61},{"from": 0, "to": 235, "label": 235},{"from": 0, "to": 202, "label": 202},{"from": 0, "to": 265, "label": 265},{"from": 0, "to": 10, "label": 10},{"from": 0, "to": 137, "label": 137},{"from": 0, "to": 39, "label": 39},{"from": 0, "to": 199, "label": 199},{"from": 0, "to": 294, "label": 294},{"from": 0, "to": 101, "label": 101},{"from": 0, "to": 257, "label": 257},{"from": 0, "to": 195, "label": 195}]},"Reachability":{"startNode":2,"finalNode":291}}}
Kaki stdout:  Version: 1.15 
 kaki/verifypn-linux64 /tmp/tmpv8cg8e73
DFA generation time: 0.024 seconds 
DFA states: 50 
DFA transitions: 1905
Problem file: /tmp/tmpv8cg8e73
Switches to update: 24

Decomposed topology into 1 subproblems
Topological decomposition took 0.032 seconds
Subproblem verification time: 5.507 seconds
Minimum batches required: 3
[[31, 82, 133, 184, 235, 286, 39, 90, 141, 192, 243, 294], [304, 253, 202, 151, 100, 49], [35, 86, 137, 188, 239, 290]]
Total program runtime: 6.416 seconds

Kaki stderr:  
Time: 6.416
Solution: []
	Command being timed: "python3 allsynth/run.py -t kaki --GML topologies/topzoo/Bellsouth.gml 5 --dir topzoo_res/SeparateWPk/kaki/kaki-2 --e-prop SeparateWPk --repeat 1"
	User time (seconds): 9.47
	System time (seconds): 1.68
	Percent of CPU this job got: 155%
	Elapsed (wall clock) time (h:mm:ss or m:ss): 0:07.16
	Average shared text size (kbytes): 0
	Average unshared data size (kbytes): 0
	Average stack size (kbytes): 0
	Average total size (kbytes): 0
	Maximum resident set size (kbytes): 482708
	Average resident set size (kbytes): 0
	Major (requiring I/O) page faults: 0
	Minor (reclaiming a frame) page faults: 59088
	Voluntary context switches: 4891
	Involuntary context switches: 683
	Swaps: 0
	File system inputs: 0
	File system outputs: 24
	Socket messages sent: 0
	Socket messages received: 0
	Signals delivered: 0
	Page size (bytes): 4096
	Exit status: 0
