Namespace(tool='kaki', exper=None, gml=['topologies/topzoo/Bics.gml', '5'], index=None, prop='SeparateWPk', prop_file=None, op_req=None, repeat=1, reduce=False, opt=False, u=False, some=False, count=False, weight_bound=None, savedir='topzoo_res/SeparateWPk/kaki/kaki-2', dump_bdd=False)
Running 5Bics.gml
Policy: (((((((((((((((((((((WP(133-193) | WP(137-193)) | WP(16-193)) | WP(146-193)) | WP(24-193)) | WP(39-193)) | WP(40-193)) | WP(170-193)) | WP(171-193)) | WP(52-193)) | WP(181-193)) | WP(187-193)) | WP(63-193)) | WP(71-193)) | WP(73-193)) | WP(85-193)) | WP(95-193)) | WP(99-193)) | WP(106-193)) | WP(113-193)) | WP(127-193)) & (Reach 193))
Initial path of nodes: [6, 7, 5, 0, 1, 16, 30, 29, 28, 39, 40, 38, 33, 34, 49, 63, 62, 61, 72, 73, 71, 66, 67, 82, 96, 95, 94, 105, 106, 104, 99, 100, 115, 129, 128, 127, 138, 139, 137, 132, 133, 148, 162, 161, 160, 171, 172, 170, 165, 166, 181, 195, 194, 193]
Final path of nodes: [6, 7, 5, 8, 25, 24, 19, 14, 22, 28, 39, 40, 38, 33, 35, 52, 47, 55, 61, 72, 73, 71, 74, 91, 90, 85, 80, 88, 94, 105, 106, 104, 99, 101, 118, 113, 121, 127, 138, 139, 137, 140, 157, 156, 151, 146, 154, 160, 171, 172, 170, 165, 167, 184, 179, 187, 193]
{"Initial_routing":[[6, 7], [7, 5], [5, 0], [0, 1], [1, 16], [16, 30], [30, 29], [29, 28], [28, 39], [39, 40], [40, 38], [38, 33], [33, 34], [34, 49], [49, 63], [63, 62], [62, 61], [61, 72], [72, 73], [73, 71], [71, 66], [66, 67], [67, 82], [82, 96], [96, 95], [95, 94], [94, 105], [105, 106], [106, 104], [104, 99], [99, 100], [100, 115], [115, 129], [129, 128], [128, 127], [127, 138], [138, 139], [139, 137], [137, 132], [132, 133], [133, 148], [148, 162], [162, 161], [161, 160], [160, 171], [171, 172], [172, 170], [170, 165], [165, 166], [166, 181], [181, 195], [195, 194], [194, 193]],"Final_routing":[[6, 7], [7, 5], [5, 8], [8, 25], [25, 24], [24, 19], [19, 14], [14, 22], [22, 28], [28, 39], [39, 40], [40, 38], [38, 33], [33, 35], [35, 52], [52, 47], [47, 55], [55, 61], [61, 72], [72, 73], [73, 71], [71, 74], [74, 91], [91, 90], [90, 85], [85, 80], [80, 88], [88, 94], [94, 105], [105, 106], [106, 104], [104, 99], [99, 101], [101, 118], [118, 113], [113, 121], [121, 127], [127, 138], [138, 139], [139, 137], [137, 140], [140, 157], [157, 156], [156, 151], [151, 146], [146, 154], [154, 160], [160, 171], [171, 172], [172, 170], [170, 165], [165, 167], [167, 184], [184, 179], [179, 187], [187, 193]],"Properties":{"Waypoint": { "startNode": -1, "finalNode": -1, "waypoint": []}, "LoopFreedom": { "startNode": -1},"DFA": {"initialState": 0, "finalStates": [127,113,106,99,95,85,73,71,63,187,181,52,171,170,40,39,24,146,16,133,137], "edges": [{"from": 0, "to": 127, "label": 127},{"from": 0, "to": 113, "label": 113},{"from": 0, "to": 106, "label": 106},{"from": 0, "to": 99, "label": 99},{"from": 0, "to": 95, "label": 95},{"from": 0, "to": 85, "label": 85},{"from": 0, "to": 73, "label": 73},{"from": 0, "to": 71, "label": 71},{"from": 0, "to": 63, "label": 63},{"from": 0, "to": 187, "label": 187},{"from": 0, "to": 181, "label": 181},{"from": 0, "to": 52, "label": 52},{"from": 0, "to": 171, "label": 171},{"from": 0, "to": 170, "label": 170},{"from": 0, "to": 40, "label": 40},{"from": 0, "to": 39, "label": 39},{"from": 0, "to": 24, "label": 24},{"from": 0, "to": 146, "label": 146},{"from": 0, "to": 16, "label": 16},{"from": 0, "to": 133, "label": 133},{"from": 0, "to": 137, "label": 137}]},"Reachability":{"startNode":6,"finalNode":193}}}
Kaki stdout:  Version: 1.15 
 kaki/verifypn-linux64 /tmp/tmphybb9y0h
DFA generation time: 0.046 seconds 
DFA states: 58 
DFA transitions: 4067
Problem file: /tmp/tmphybb9y0h
Switches to update: 63

Decomposed topology into 1 subproblems
Topological decomposition took 0.038 seconds
Subproblem verification time: 3.842 seconds
Minimum batches required: 3
[[8, 35, 74, 101, 140, 167, 25, 24, 19, 14, 22, 52, 47, 55, 91, 90, 85, 80, 88, 118, 113, 121, 157, 156, 151, 146, 154, 184, 179, 187], [165, 137, 99, 71, 33, 5], [0, 1, 16, 30, 29, 34, 49, 63, 62, 66, 67, 82, 96, 95, 100, 115, 129, 128, 132, 133, 148, 162, 161, 166, 181, 195, 194]]
Total program runtime: 4.74 seconds

Kaki stderr:  
Time: 4.74
Solution: []
	Command being timed: "python3 allsynth/run.py -t kaki --GML topologies/topzoo/Bics.gml 5 --dir topzoo_res/SeparateWPk/kaki/kaki-2 --e-prop SeparateWPk --repeat 1"
	User time (seconds): 8.09
	System time (seconds): 1.50
	Percent of CPU this job got: 176%
	Elapsed (wall clock) time (h:mm:ss or m:ss): 0:05.42
	Average shared text size (kbytes): 0
	Average unshared data size (kbytes): 0
	Average stack size (kbytes): 0
	Average total size (kbytes): 0
	Maximum resident set size (kbytes): 402076
	Average resident set size (kbytes): 0
	Major (requiring I/O) page faults: 0
	Minor (reclaiming a frame) page faults: 64544
	Voluntary context switches: 4236
	Involuntary context switches: 781
	Swaps: 0
	File system inputs: 0
	File system outputs: 32
	Socket messages sent: 0
	Socket messages received: 0
	Signals delivered: 0
	Page size (bytes): 4096
	Exit status: 0
