Namespace(tool='kaki', exper=None, gml=['topologies/topzoo/BtEurope.gml', '5'], index=None, prop='SeparateWPk', prop_file=None, op_req=None, repeat=1, reduce=False, opt=False, u=False, some=False, count=False, weight_bound=None, savedir='topzoo_res/SeparateWPk/kaki/kaki-2', dump_bdd=False)
Running 5BtEurope.gml
Policy: (((((WP(134-140) | WP(110-140)) | WP(86-140)) | WP(24-140)) | WP(62-140)) & (Reach 140))
Initial path of nodes: [14, 23, 16, 17, 20, 24, 41, 40, 47, 39, 62, 71, 64, 65, 68, 86, 95, 88, 89, 92, 110, 119, 112, 113, 116, 134, 143, 136, 137, 140]
Final path of nodes: [14, 23, 21, 17, 20, 24, 41, 45, 47, 39, 62, 71, 69, 65, 68, 86, 95, 93, 89, 92, 110, 119, 117, 113, 116, 134, 143, 141, 137, 140]
{"Initial_routing":[[14, 23], [23, 16], [16, 17], [17, 20], [20, 24], [24, 41], [41, 40], [40, 47], [47, 39], [39, 62], [62, 71], [71, 64], [64, 65], [65, 68], [68, 86], [86, 95], [95, 88], [88, 89], [89, 92], [92, 110], [110, 119], [119, 112], [112, 113], [113, 116], [116, 134], [134, 143], [143, 136], [136, 137], [137, 140]],"Final_routing":[[14, 23], [23, 21], [21, 17], [17, 20], [20, 24], [24, 41], [41, 45], [45, 47], [47, 39], [39, 62], [62, 71], [71, 69], [69, 65], [65, 68], [68, 86], [86, 95], [95, 93], [93, 89], [89, 92], [92, 110], [110, 119], [119, 117], [117, 113], [113, 116], [116, 134], [134, 143], [143, 141], [141, 137], [137, 140]],"Properties":{"Waypoint": { "startNode": -1, "finalNode": -1, "waypoint": []}, "LoopFreedom": { "startNode": -1},"DFA": {"initialState": 0, "finalStates": [62,24,86,134,110], "edges": [{"from": 0, "to": 62, "label": 62},{"from": 0, "to": 24, "label": 24},{"from": 0, "to": 86, "label": 86},{"from": 0, "to": 134, "label": 134},{"from": 0, "to": 110, "label": 110}]},"Reachability":{"startNode":14,"finalNode":140}}}
Kaki stdout:  Version: 1.15 
 kaki/verifypn-linux64 /tmp/tmppe3cm74j
DFA generation time: 0.019 seconds 
DFA states: 9 
DFA transitions: 91
Problem file: /tmp/tmppe3cm74j
Switches to update: 18

Decomposed topology into 6 subproblems
Topological decomposition took 0.01 seconds
Subproblem verification time: 0.062 seconds
Subproblem verification time: 0.014 seconds
Subproblem verification time: 0.014 seconds
Subproblem verification time: 0.013 seconds
Subproblem verification time: 0.014 seconds
Subproblem verification time: 0.015 seconds
Minimum batches required: 3
[[21, 45, 69, 93, 117, 141], [23, 41, 71, 95, 119, 143], [16, 40, 64, 88, 112, 136]]
Total program runtime: 0.36 seconds

Kaki stderr:  
Time: 0.36
Solution: []
	Command being timed: "python3 allsynth/run.py -t kaki --GML topologies/topzoo/BtEurope.gml 5 --dir topzoo_res/SeparateWPk/kaki/kaki-2 --e-prop SeparateWPk --repeat 1"
	User time (seconds): 2.16
	System time (seconds): 1.36
	Percent of CPU this job got: 286%
	Elapsed (wall clock) time (h:mm:ss or m:ss): 0:01.23
	Average shared text size (kbytes): 0
	Average unshared data size (kbytes): 0
	Average stack size (kbytes): 0
	Average total size (kbytes): 0
	Maximum resident set size (kbytes): 92256
	Average resident set size (kbytes): 0
	Major (requiring I/O) page faults: 0
	Minor (reclaiming a frame) page faults: 37275
	Voluntary context switches: 3201
	Involuntary context switches: 407
	Swaps: 0
	File system inputs: 0
	File system outputs: 24
	Socket messages sent: 0
	Socket messages received: 0
	Signals delivered: 0
	Page size (bytes): 4096
	Exit status: 0
