Namespace(tool='kaki', exper=None, gml=['topologies/topzoo/Cesnet200304.gml', '5'], index=None, prop='SeparateWPk', prop_file=None, op_req=None, repeat=1, reduce=False, opt=False, u=False, some=False, count=False, weight_bound=None, savedir='topzoo_res/SeparateWPk/kaki/kaki-2', dump_bdd=False)
Running 5Cesnet200304.gml
Policy: ((((((((((((((((WP(32-168) | WP(129-168)) | WP(67-168)) | WP(71-168)) | WP(169-168)) | WP(138-168)) | WP(112-168)) | WP(81-168)) | WP(80-168)) | WP(116-168)) | WP(22-168)) | WP(54-168)) | WP(24-168)) | WP(151-168)) | WP(93-168)) | WP(158-168)) & (Reach 168))
Initial path of nodes: [13, 9, 0, 26, 25, 24, 23, 39, 56, 54, 32, 29, 38, 43, 71, 67, 58, 84, 83, 82, 81, 100, 96, 87, 113, 112, 111, 110, 129, 125, 116, 142, 141, 140, 139, 158, 154, 145, 171, 170, 169, 168]
Final path of nodes: [13, 9, 0, 3, 25, 22, 24, 23, 39, 56, 54, 36, 35, 38, 43, 71, 67, 58, 61, 83, 80, 82, 81, 100, 96, 93, 94, 112, 111, 110, 129, 125, 116, 119, 141, 138, 140, 139, 158, 154, 151, 152, 170, 169, 168]
{"Initial_routing":[[13, 9], [9, 0], [0, 26], [26, 25], [25, 24], [24, 23], [23, 39], [39, 56], [56, 54], [54, 32], [32, 29], [29, 38], [38, 43], [43, 71], [71, 67], [67, 58], [58, 84], [84, 83], [83, 82], [82, 81], [81, 100], [100, 96], [96, 87], [87, 113], [113, 112], [112, 111], [111, 110], [110, 129], [129, 125], [125, 116], [116, 142], [142, 141], [141, 140], [140, 139], [139, 158], [158, 154], [154, 145], [145, 171], [171, 170], [170, 169], [169, 168]],"Final_routing":[[13, 9], [9, 0], [0, 3], [3, 25], [25, 22], [22, 24], [24, 23], [23, 39], [39, 56], [56, 54], [54, 36], [36, 35], [35, 38], [38, 43], [43, 71], [71, 67], [67, 58], [58, 61], [61, 83], [83, 80], [80, 82], [82, 81], [81, 100], [100, 96], [96, 93], [93, 94], [94, 112], [112, 111], [111, 110], [110, 129], [129, 125], [125, 116], [116, 119], [119, 141], [141, 138], [138, 140], [140, 139], [139, 158], [158, 154], [154, 151], [151, 152], [152, 170], [170, 169], [169, 168]],"Properties":{"Waypoint": { "startNode": -1, "finalNode": -1, "waypoint": []}, "LoopFreedom": { "startNode": -1},"DFA": {"initialState": 0, "finalStates": [158,93,151,24,54,22,116,80,81,112,138,169,71,67,32,129], "edges": [{"from": 0, "to": 158, "label": 158},{"from": 0, "to": 93, "label": 93},{"from": 0, "to": 151, "label": 151},{"from": 0, "to": 24, "label": 24},{"from": 0, "to": 54, "label": 54},{"from": 0, "to": 22, "label": 22},{"from": 0, "to": 116, "label": 116},{"from": 0, "to": 80, "label": 80},{"from": 0, "to": 81, "label": 81},{"from": 0, "to": 112, "label": 112},{"from": 0, "to": 138, "label": 138},{"from": 0, "to": 169, "label": 169},{"from": 0, "to": 71, "label": 71},{"from": 0, "to": 67, "label": 67},{"from": 0, "to": 32, "label": 32},{"from": 0, "to": 129, "label": 129}]},"Reachability":{"startNode":13,"finalNode":168}}}
Kaki stdout:  Version: 1.15 
 kaki/verifypn-linux64 /tmp/tmpmh7kv1g8
DFA generation time: 0.022 seconds 
DFA states: 41 
DFA transitions: 1629
Problem file: /tmp/tmpmh7kv1g8
Switches to update: 30

Decomposed topology into 1 subproblems
Topological decomposition took 0.031 seconds
Subproblem verification time: 49.648 seconds
Minimum batches required: 3
[[3, 22, 36, 61, 80, 93, 119, 138, 151, 35, 94, 152], [154, 141, 116, 96, 83, 58, 54, 25, 0], [26, 32, 29, 84, 87, 113, 142, 145, 171]]
Total program runtime: 50.417 seconds

Kaki stderr:  
Time: 50.417
Solution: []
	Command being timed: "python3 allsynth/run.py -t kaki --GML topologies/topzoo/Cesnet200304.gml 5 --dir topzoo_res/SeparateWPk/kaki/kaki-2 --e-prop SeparateWPk --repeat 1"
	User time (seconds): 53.43
	System time (seconds): 1.62
	Percent of CPU this job got: 107%
	Elapsed (wall clock) time (h:mm:ss or m:ss): 0:51.16
	Average shared text size (kbytes): 0
	Average unshared data size (kbytes): 0
	Average stack size (kbytes): 0
	Average total size (kbytes): 0
	Maximum resident set size (kbytes): 360096
	Average resident set size (kbytes): 0
	Major (requiring I/O) page faults: 0
	Minor (reclaiming a frame) page faults: 82964
	Voluntary context switches: 4931
	Involuntary context switches: 1401
	Swaps: 0
	File system inputs: 0
	File system outputs: 24
	Socket messages sent: 0
	Socket messages received: 0
	Signals delivered: 0
	Page size (bytes): 4096
	Exit status: 0
