Namespace(tool='kaki', exper=None, gml=['topologies/topzoo/Cwix.gml', '5'], index=None, prop='SeparateWPk', prop_file=None, op_req=None, repeat=1, reduce=False, opt=False, u=False, some=False, count=False, weight_bound=None, savedir='topzoo_res/SeparateWPk/kaki/kaki-2', dump_bdd=False)
Running 5Cwix.gml
Policy: ((((((((((((((((((((WP(128-209) | WP(1-209)) | WP(132-209)) | WP(5-209)) | WP(137-209)) | WP(150-209)) | WP(153-209)) | WP(165-209)) | WP(38-209)) | WP(42-209)) | WP(182-209)) | WP(185-209)) | WP(60-209)) | WP(61-209)) | WP(200-209)) | WP(72-209)) | WP(210-209)) | WP(90-209)) | WP(102-209)) | WP(109-209)) & (Reach 209))
Initial path of nodes: [20, 19, 18, 24, 9, 5, 31, 30, 29, 40, 42, 37, 36, 39, 45, 60, 54, 61, 92, 91, 90, 96, 81, 77, 103, 102, 101, 128, 127, 126, 132, 117, 113, 139, 138, 137, 164, 163, 162, 168, 153, 149, 175, 174, 173, 200, 199, 198, 204, 189, 185, 211, 210, 209]
Final path of nodes: [20, 21, 2, 3, 0, 1, 6, 30, 29, 40, 42, 70, 62, 63, 39, 38, 57, 56, 55, 54, 61, 92, 93, 74, 75, 72, 73, 78, 102, 101, 128, 129, 110, 111, 108, 109, 114, 138, 137, 164, 165, 146, 147, 144, 145, 150, 174, 173, 200, 201, 182, 183, 180, 181, 186, 210, 209]
{"Initial_routing":[[20, 19], [19, 18], [18, 24], [24, 9], [9, 5], [5, 31], [31, 30], [30, 29], [29, 40], [40, 42], [42, 37], [37, 36], [36, 39], [39, 45], [45, 60], [60, 54], [54, 61], [61, 92], [92, 91], [91, 90], [90, 96], [96, 81], [81, 77], [77, 103], [103, 102], [102, 101], [101, 128], [128, 127], [127, 126], [126, 132], [132, 117], [117, 113], [113, 139], [139, 138], [138, 137], [137, 164], [164, 163], [163, 162], [162, 168], [168, 153], [153, 149], [149, 175], [175, 174], [174, 173], [173, 200], [200, 199], [199, 198], [198, 204], [204, 189], [189, 185], [185, 211], [211, 210], [210, 209]],"Final_routing":[[20, 21], [21, 2], [2, 3], [3, 0], [0, 1], [1, 6], [6, 30], [30, 29], [29, 40], [40, 42], [42, 70], [70, 62], [62, 63], [63, 39], [39, 38], [38, 57], [57, 56], [56, 55], [55, 54], [54, 61], [61, 92], [92, 93], [93, 74], [74, 75], [75, 72], [72, 73], [73, 78], [78, 102], [102, 101], [101, 128], [128, 129], [129, 110], [110, 111], [111, 108], [108, 109], [109, 114], [114, 138], [138, 137], [137, 164], [164, 165], [165, 146], [146, 147], [147, 144], [144, 145], [145, 150], [150, 174], [174, 173], [173, 200], [200, 201], [201, 182], [182, 183], [183, 180], [180, 181], [181, 186], [186, 210], [210, 209]],"Properties":{"Waypoint": { "startNode": -1, "finalNode": -1, "waypoint": []}, "LoopFreedom": { "startNode": -1},"DFA": {"initialState": 0, "finalStates": [109,102,90,210,72,200,61,60,185,182,42,38,165,153,150,137,5,132,128,1], "edges": [{"from": 0, "to": 109, "label": 109},{"from": 0, "to": 102, "label": 102},{"from": 0, "to": 90, "label": 90},{"from": 0, "to": 210, "label": 210},{"from": 0, "to": 72, "label": 72},{"from": 0, "to": 200, "label": 200},{"from": 0, "to": 61, "label": 61},{"from": 0, "to": 60, "label": 60},{"from": 0, "to": 185, "label": 185},{"from": 0, "to": 182, "label": 182},{"from": 0, "to": 42, "label": 42},{"from": 0, "to": 38, "label": 38},{"from": 0, "to": 165, "label": 165},{"from": 0, "to": 153, "label": 153},{"from": 0, "to": 150, "label": 150},{"from": 0, "to": 137, "label": 137},{"from": 0, "to": 5, "label": 5},{"from": 0, "to": 132, "label": 132},{"from": 0, "to": 128, "label": 128},{"from": 0, "to": 1, "label": 1}]},"Reachability":{"startNode":20,"finalNode":209}}}
Kaki stdout:  Version: 1.15 
 kaki/verifypn-linux64 /tmp/tmpmwhy2rbm
DFA generation time: 0.031 seconds 
DFA states: 32 
DFA transitions: 2453
Problem file: /tmp/tmpmwhy2rbm
Switches to update: 78

Decomposed topology into 1 subproblems
Topological decomposition took 0.036 seconds
Subproblem verification time: 12.701 seconds
Minimum batches required: 3
[[21, 70, 38, 93, 129, 165, 201, 2, 3, 0, 1, 6, 62, 63, 57, 56, 55, 74, 75, 72, 73, 78, 110, 111, 108, 109, 114, 146, 147, 144, 145, 150, 182, 183, 180, 181, 186], [200, 164, 128, 92, 39, 42, 20], [19, 18, 24, 9, 5, 31, 37, 36, 45, 60, 91, 90, 96, 81, 77, 103, 127, 126, 132, 117, 113, 139, 163, 162, 168, 153, 149, 175, 199, 198, 204, 189, 185, 211]]
Total program runtime: 13.737 seconds

Kaki stderr:  
Time: 13.737
Solution: []
	Command being timed: "python3 allsynth/run.py -t kaki --GML topologies/topzoo/Cwix.gml 5 --dir topzoo_res/SeparateWPk/kaki/kaki-2 --e-prop SeparateWPk --repeat 1"
	User time (seconds): 17.33
	System time (seconds): 1.49
	Percent of CPU this job got: 129%
	Elapsed (wall clock) time (h:mm:ss or m:ss): 0:14.53
	Average shared text size (kbytes): 0
	Average unshared data size (kbytes): 0
	Average stack size (kbytes): 0
	Average total size (kbytes): 0
	Maximum resident set size (kbytes): 498132
	Average resident set size (kbytes): 0
	Major (requiring I/O) page faults: 0
	Minor (reclaiming a frame) page faults: 69901
	Voluntary context switches: 5746
	Involuntary context switches: 1081
	Swaps: 0
	File system inputs: 0
	File system outputs: 32
	Socket messages sent: 0
	Socket messages received: 0
	Signals delivered: 0
	Page size (bytes): 4096
	Exit status: 0
