Namespace(tool='kaki', exper=None, gml=['topologies/topzoo/Deltacom.gml', '5'], index=None, prop='SeparateWPk', prop_file=None, op_req=None, repeat=1, reduce=False, opt=False, u=False, some=False, count=False, weight_bound=None, savedir='topzoo_res/SeparateWPk/kaki/kaki-2', dump_bdd=False)
Running 5Deltacom.gml
Policy: ((((((((((((((((((((((((((((((((((((((((((((((((((((((((WP(512-673) | WP(513-673)) | WP(258-673)) | WP(131-673)) | WP(259-673)) | WP(386-673)) | WP(637-673)) | WP(647-673)) | WP(139-673)) | WP(397-673)) | WP(525-673)) | WP(147-673)) | WP(276-673)) | WP(659-673)) | WP(151-673)) | WP(25-673)) | WP(670-673)) | WP(544-673)) | WP(673-673)) | WP(35-673)) | WP(164-673)) | WP(547-673)) | WP(168-673)) | WP(430-673)) | WP(47-673)) | WP(443-673)) | WP(188-673)) | WP(447-673)) | WP(196-673)) | WP(72-673)) | WP(330-673)) | WP(333-673)) | WP(590-673)) | WP(336-673)) | WP(337-673)) | WP(82-673)) | WP(470-673)) | WP(600-673)) | WP(219-673)) | WP(475-673)) | WP(604-673)) | WP(94-673)) | WP(222-673)) | WP(612-673)) | WP(486-673)) | WP(359-673)) | WP(358-673)) | WP(105-673)) | WP(490-673)) | WP(363-673)) | WP(108-673)) | WP(371-673)) | WP(372-673)) | WP(245-673)) | WP(247-673)) | WP(253-673)) & (Reach 673))
Initial path of nodes: [39, 38, 33, 32, 34, 35, 18, 19, 104, 60, 47, 51, 50, 91, 92, 25, 26, 21, 20, 23, 105, 106, 107, 108, 152, 151, 146, 145, 147, 148, 131, 132, 217, 173, 160, 164, 163, 204, 205, 138, 139, 134, 133, 136, 218, 219, 220, 221, 265, 264, 259, 258, 260, 261, 244, 245, 330, 286, 273, 277, 276, 317, 318, 251, 252, 247, 246, 249, 331, 332, 333, 334, 378, 377, 372, 371, 373, 374, 357, 358, 443, 399, 386, 390, 389, 430, 431, 364, 365, 360, 359, 362, 444, 445, 446, 447, 491, 490, 485, 484, 486, 487, 470, 471, 556, 512, 499, 503, 502, 543, 544, 477, 478, 473, 472, 475, 557, 558, 559, 560, 604, 603, 598, 597, 599, 600, 583, 584, 669, 625, 612, 616, 615, 656, 657, 590, 591, 586, 585, 588, 670, 671, 672, 673]
Final path of nodes: [39, 38, 33, 32, 34, 35, 18, 19, 104, 75, 72, 73, 47, 111, 55, 94, 95, 24, 27, 83, 82, 61, 58, 110, 109, 108, 152, 151, 146, 145, 147, 148, 131, 132, 217, 188, 185, 186, 160, 224, 168, 207, 208, 137, 140, 196, 195, 174, 171, 223, 222, 221, 265, 264, 259, 258, 260, 261, 244, 245, 330, 301, 298, 299, 273, 337, 281, 320, 321, 250, 253, 309, 308, 287, 284, 336, 335, 334, 378, 377, 372, 371, 373, 374, 357, 358, 443, 414, 411, 412, 386, 450, 394, 433, 434, 363, 366, 422, 421, 400, 397, 449, 448, 447, 491, 490, 485, 484, 486, 487, 470, 471, 556, 527, 524, 525, 499, 563, 507, 546, 547, 476, 479, 535, 534, 513, 510, 562, 561, 560, 604, 603, 598, 597, 599, 600, 583, 584, 669, 640, 637, 638, 612, 676, 620, 659, 660, 589, 592, 648, 647, 626, 623, 675, 674, 673]
{"Initial_routing":[[39, 38], [38, 33], [33, 32], [32, 34], [34, 35], [35, 18], [18, 19], [19, 104], [104, 60], [60, 47], [47, 51], [51, 50], [50, 91], [91, 92], [92, 25], [25, 26], [26, 21], [21, 20], [20, 23], [23, 105], [105, 106], [106, 107], [107, 108], [108, 152], [152, 151], [151, 146], [146, 145], [145, 147], [147, 148], [148, 131], [131, 132], [132, 217], [217, 173], [173, 160], [160, 164], [164, 163], [163, 204], [204, 205], [205, 138], [138, 139], [139, 134], [134, 133], [133, 136], [136, 218], [218, 219], [219, 220], [220, 221], [221, 265], [265, 264], [264, 259], [259, 258], [258, 260], [260, 261], [261, 244], [244, 245], [245, 330], [330, 286], [286, 273], [273, 277], [277, 276], [276, 317], [317, 318], [318, 251], [251, 252], [252, 247], [247, 246], [246, 249], [249, 331], [331, 332], [332, 333], [333, 334], [334, 378], [378, 377], [377, 372], [372, 371], [371, 373], [373, 374], [374, 357], [357, 358], [358, 443], [443, 399], [399, 386], [386, 390], [390, 389], [389, 430], [430, 431], [431, 364], [364, 365], [365, 360], [360, 359], [359, 362], [362, 444], [444, 445], [445, 446], [446, 447], [447, 491], [491, 490], [490, 485], [485, 484], [484, 486], [486, 487], [487, 470], [470, 471], [471, 556], [556, 512], [512, 499], [499, 503], [503, 502], [502, 543], [543, 544], [544, 477], [477, 478], [478, 473], [473, 472], [472, 475], [475, 557], [557, 558], [558, 559], [559, 560], [560, 604], [604, 603], [603, 598], [598, 597], [597, 599], [599, 600], [600, 583], [583, 584], [584, 669], [669, 625], [625, 612], [612, 616], [616, 615], [615, 656], [656, 657], [657, 590], [590, 591], [591, 586], [586, 585], [585, 588], [588, 670], [670, 671], [671, 672], [672, 673]],"Final_routing":[[39, 38], [38, 33], [33, 32], [32, 34], [34, 35], [35, 18], [18, 19], [19, 104], [104, 75], [75, 72], [72, 73], [73, 47], [47, 111], [111, 55], [55, 94], [94, 95], [95, 24], [24, 27], [27, 83], [83, 82], [82, 61], [61, 58], [58, 110], [110, 109], [109, 108], [108, 152], [152, 151], [151, 146], [146, 145], [145, 147], [147, 148], [148, 131], [131, 132], [132, 217], [217, 188], [188, 185], [185, 186], [186, 160], [160, 224], [224, 168], [168, 207], [207, 208], [208, 137], [137, 140], [140, 196], [196, 195], [195, 174], [174, 171], [171, 223], [223, 222], [222, 221], [221, 265], [265, 264], [264, 259], [259, 258], [258, 260], [260, 261], [261, 244], [244, 245], [245, 330], [330, 301], [301, 298], [298, 299], [299, 273], [273, 337], [337, 281], [281, 320], [320, 321], [321, 250], [250, 253], [253, 309], [309, 308], [308, 287], [287, 284], [284, 336], [336, 335], [335, 334], [334, 378], [378, 377], [377, 372], [372, 371], [371, 373], [373, 374], [374, 357], [357, 358], [358, 443], [443, 414], [414, 411], [411, 412], [412, 386], [386, 450], [450, 394], [394, 433], [433, 434], [434, 363], [363, 366], [366, 422], [422, 421], [421, 400], [400, 397], [397, 449], [449, 448], [448, 447], [447, 491], [491, 490], [490, 485], [485, 484], [484, 486], [486, 487], [487, 470], [470, 471], [471, 556], [556, 527], [527, 524], [524, 525], [525, 499], [499, 563], [563, 507], [507, 546], [546, 547], [547, 476], [476, 479], [479, 535], [535, 534], [534, 513], [513, 510], [510, 562], [562, 561], [561, 560], [560, 604], [604, 603], [603, 598], [598, 597], [597, 599], [599, 600], [600, 583], [583, 584], [584, 669], [669, 640], [640, 637], [637, 638], [638, 612], [612, 676], [676, 620], [620, 659], [659, 660], [660, 589], [589, 592], [592, 648], [648, 647], [647, 626], [626, 623], [623, 675], [675, 674], [674, 673]],"Properties":{"Waypoint": { "startNode": -1, "finalNode": -1, "waypoint": []}, "LoopFreedom": { "startNode": -1},"DFA": {"initialState": 0, "finalStates": [253,247,245,372,371,108,363,490,105,358,359,486,612,222,94,604,475,219,600,470,82,337,336,590,333,330,72,196,447,188,443,47,430,168,547,164,35,673,544,670,25,151,659,276,147,525,397,139,647,637,386,259,131,258,512,513], "edges": [{"from": 0, "to": 253, "label": 253},{"from": 0, "to": 247, "label": 247},{"from": 0, "to": 245, "label": 245},{"from": 0, "to": 372, "label": 372},{"from": 0, "to": 371, "label": 371},{"from": 0, "to": 108, "label": 108},{"from": 0, "to": 363, "label": 363},{"from": 0, "to": 490, "label": 490},{"from": 0, "to": 105, "label": 105},{"from": 0, "to": 358, "label": 358},{"from": 0, "to": 359, "label": 359},{"from": 0, "to": 486, "label": 486},{"from": 0, "to": 612, "label": 612},{"from": 0, "to": 222, "label": 222},{"from": 0, "to": 94, "label": 94},{"from": 0, "to": 604, "label": 604},{"from": 0, "to": 475, "label": 475},{"from": 0, "to": 219, "label": 219},{"from": 0, "to": 600, "label": 600},{"from": 0, "to": 470, "label": 470},{"from": 0, "to": 82, "label": 82},{"from": 0, "to": 337, "label": 337},{"from": 0, "to": 336, "label": 336},{"from": 0, "to": 590, "label": 590},{"from": 0, "to": 333, "label": 333},{"from": 0, "to": 330, "label": 330},{"from": 0, "to": 72, "label": 72},{"from": 0, "to": 196, "label": 196},{"from": 0, "to": 447, "label": 447},{"from": 0, "to": 188, "label": 188},{"from": 0, "to": 443, "label": 443},{"from": 0, "to": 47, "label": 47},{"from": 0, "to": 430, "label": 430},{"from": 0, "to": 168, "label": 168},{"from": 0, "to": 547, "label": 547},{"from": 0, "to": 164, "label": 164},{"from": 0, "to": 35, "label": 35},{"from": 0, "to": 673, "label": 673},{"from": 0, "to": 544, "label": 544},{"from": 0, "to": 670, "label": 670},{"from": 0, "to": 25, "label": 25},{"from": 0, "to": 151, "label": 151},{"from": 0, "to": 659, "label": 659},{"from": 0, "to": 276, "label": 276},{"from": 0, "to": 147, "label": 147},{"from": 0, "to": 525, "label": 525},{"from": 0, "to": 397, "label": 397},{"from": 0, "to": 139, "label": 139},{"from": 0, "to": 647, "label": 647},{"from": 0, "to": 637, "label": 637},{"from": 0, "to": 386, "label": 386},{"from": 0, "to": 259, "label": 259},{"from": 0, "to": 131, "label": 131},{"from": 0, "to": 258, "label": 258},{"from": 0, "to": 512, "label": 512},{"from": 0, "to": 513, "label": 513}]},"Reachability":{"startNode":39,"finalNode":673}}}
Kaki stdout:  Version: 1.15 
 kaki/verifypn-linux64 /tmp/tmpmmjndz9i
DFA generation time: 0.091 seconds 
DFA states: 25 
DFA transitions: 4679
Problem file: /tmp/tmpmmjndz9i
Switches to update: 180

Decomposed topology into 6 subproblems
Topological decomposition took 0.118 seconds
Subproblem verification time: 0.096 seconds
Subproblem verification time: 0.024 seconds
Subproblem verification time: 0.024 seconds
Subproblem verification time: 0.029 seconds
Subproblem verification time: 0.029 seconds
Subproblem verification time: 0.024 seconds
Minimum batches required: 3
[[75, 111, 72, 73, 55, 94, 95, 24, 27, 83, 82, 61, 58, 110, 109, 188, 224, 185, 186, 168, 207, 208, 137, 140, 196, 195, 174, 171, 223, 222, 301, 337, 298, 299, 281, 320, 321, 250, 253, 309, 308, 287, 284, 336, 335, 414, 450, 411, 412, 394, 433, 434, 363, 366, 422, 421, 400, 397, 449, 448, 527, 563, 524, 525, 507, 546, 547, 476, 479, 535, 534, 513, 510, 562, 561, 640, 676, 637, 638, 620, 659, 660, 589, 592, 648, 647, 626, 623, 675, 674], [47, 104, 160, 217, 273, 330, 386, 443, 499, 556, 612, 669], [60, 51, 50, 91, 92, 25, 26, 21, 20, 23, 105, 106, 107, 173, 164, 163, 204, 205, 138, 139, 134, 133, 136, 218, 219, 220, 286, 277, 276, 317, 318, 251, 252, 247, 246, 249, 331, 332, 333, 399, 390, 389, 430, 431, 364, 365, 360, 359, 362, 444, 445, 446, 512, 503, 502, 543, 544, 477, 478, 473, 472, 475, 557, 558, 559, 625, 616, 615, 656, 657, 590, 591, 586, 585, 588, 670, 671, 672]]
Total program runtime: 0.776 seconds

Kaki stderr:  
Time: 0.776
Solution: []
	Command being timed: "python3 allsynth/run.py -t kaki --GML topologies/topzoo/Deltacom.gml 5 --dir topzoo_res/SeparateWPk/kaki/kaki-2 --e-prop SeparateWPk --repeat 1"
	User time (seconds): 5.11
	System time (seconds): 1.53
	Percent of CPU this job got: 331%
	Elapsed (wall clock) time (h:mm:ss or m:ss): 0:02.00
	Average shared text size (kbytes): 0
	Average unshared data size (kbytes): 0
	Average stack size (kbytes): 0
	Average total size (kbytes): 0
	Maximum resident set size (kbytes): 194416
	Average resident set size (kbytes): 0
	Major (requiring I/O) page faults: 0
	Minor (reclaiming a frame) page faults: 54424
	Voluntary context switches: 6551
	Involuntary context switches: 716
	Swaps: 0
	File system inputs: 0
	File system outputs: 40
	Socket messages sent: 0
	Socket messages received: 0
	Signals delivered: 0
	Page size (bytes): 4096
	Exit status: 0
