Namespace(tool='kaki', exper=None, gml=['topologies/topzoo/Easynet.gml', '5'], index=None, prop='SeparateWPk', prop_file=None, op_req=None, repeat=1, reduce=False, opt=False, u=False, some=False, count=False, weight_bound=None, savedir='topzoo_res/SeparateWPk/kaki/kaki-2', dump_bdd=False)
Running 5Easynet.gml
Policy: ((((((((((((((((((WP(32-107) | WP(97-107)) | WP(67-107)) | WP(102-107)) | WP(72-107)) | WP(41-107)) | WP(106-107)) | WP(11-107)) | WP(10-107)) | WP(107-107)) | WP(79-107)) | WP(50-107)) | WP(83-107)) | WP(19-107)) | WP(55-107)) | WP(89-107)) | WP(59-107)) | WP(28-107)) & (Reach 107))
Initial path of nodes: [2, 3, 7, 9, 10, 11, 12, 21, 22, 26, 28, 29, 30, 31, 40, 41, 45, 47, 48, 49, 50, 59, 60, 64, 66, 67, 68, 69, 78, 79, 83, 85, 86, 87, 88, 97, 98, 102, 104, 105, 106, 107]
Final path of nodes: [2, 3, 7, 17, 9, 10, 13, 12, 21, 22, 19, 26, 28, 34, 33, 32, 31, 40, 41, 45, 55, 47, 48, 51, 50, 59, 60, 57, 64, 66, 72, 71, 70, 69, 78, 79, 83, 93, 85, 86, 89, 88, 97, 98, 95, 102, 104, 110, 109, 108, 107]
{"Initial_routing":[[2, 3], [3, 7], [7, 9], [9, 10], [10, 11], [11, 12], [12, 21], [21, 22], [22, 26], [26, 28], [28, 29], [29, 30], [30, 31], [31, 40], [40, 41], [41, 45], [45, 47], [47, 48], [48, 49], [49, 50], [50, 59], [59, 60], [60, 64], [64, 66], [66, 67], [67, 68], [68, 69], [69, 78], [78, 79], [79, 83], [83, 85], [85, 86], [86, 87], [87, 88], [88, 97], [97, 98], [98, 102], [102, 104], [104, 105], [105, 106], [106, 107]],"Final_routing":[[2, 3], [3, 7], [7, 17], [17, 9], [9, 10], [10, 13], [13, 12], [12, 21], [21, 22], [22, 19], [19, 26], [26, 28], [28, 34], [34, 33], [33, 32], [32, 31], [31, 40], [40, 41], [41, 45], [45, 55], [55, 47], [47, 48], [48, 51], [51, 50], [50, 59], [59, 60], [60, 57], [57, 64], [64, 66], [66, 72], [72, 71], [71, 70], [70, 69], [69, 78], [78, 79], [79, 83], [83, 93], [93, 85], [85, 86], [86, 89], [89, 88], [88, 97], [97, 98], [98, 95], [95, 102], [102, 104], [104, 110], [110, 109], [109, 108], [108, 107]],"Properties":{"Waypoint": { "startNode": -1, "finalNode": -1, "waypoint": []}, "LoopFreedom": { "startNode": -1},"DFA": {"initialState": 0, "finalStates": [28,59,89,55,19,83,50,79,107,10,11,106,41,72,102,67,32,97], "edges": [{"from": 0, "to": 28, "label": 28},{"from": 0, "to": 59, "label": 59},{"from": 0, "to": 89, "label": 89},{"from": 0, "to": 55, "label": 55},{"from": 0, "to": 19, "label": 19},{"from": 0, "to": 83, "label": 83},{"from": 0, "to": 50, "label": 50},{"from": 0, "to": 79, "label": 79},{"from": 0, "to": 107, "label": 107},{"from": 0, "to": 10, "label": 10},{"from": 0, "to": 11, "label": 11},{"from": 0, "to": 106, "label": 106},{"from": 0, "to": 41, "label": 41},{"from": 0, "to": 72, "label": 72},{"from": 0, "to": 102, "label": 102},{"from": 0, "to": 67, "label": 67},{"from": 0, "to": 32, "label": 32},{"from": 0, "to": 97, "label": 97}]},"Reachability":{"startNode":2,"finalNode":107}}}
Kaki stdout:  Version: 1.15 
 kaki/verifypn-linux64 /tmp/tmpzp1l3va9
DFA generation time: 0.026 seconds 
DFA states: 78 
DFA transitions: 3518
Problem file: /tmp/tmpzp1l3va9
Switches to update: 39

Decomposed topology into 12 subproblems
Topological decomposition took 0.051 seconds
Subproblem verification time: 0.061 seconds
Subproblem verification time: 0.013 seconds
Subproblem verification time: 0.012 seconds
Subproblem verification time: 0.014 seconds
Subproblem verification time: 0.013 seconds
Subproblem verification time: 0.012 seconds
Subproblem verification time: 0.013 seconds
Subproblem verification time: 0.014 seconds
Subproblem verification time: 0.012 seconds
Subproblem verification time: 0.015 seconds
Subproblem verification time: 0.013 seconds
Subproblem verification time: 0.015 seconds
Minimum batches required: 3
[[17, 13, 19, 34, 33, 32, 55, 51, 57, 72, 71, 70, 93, 89, 95, 110, 109, 108], [7, 10, 22, 28, 45, 48, 60, 66, 83, 86, 98, 104], [11, 29, 30, 49, 67, 68, 87, 105, 106]]
Total program runtime: 0.493 seconds

Kaki stderr:  
Time: 0.493
Solution: []
	Command being timed: "python3 allsynth/run.py -t kaki --GML topologies/topzoo/Easynet.gml 5 --dir topzoo_res/SeparateWPk/kaki/kaki-2 --e-prop SeparateWPk --repeat 1"
	User time (seconds): 2.72
	System time (seconds): 1.53
	Percent of CPU this job got: 360%
	Elapsed (wall clock) time (h:mm:ss or m:ss): 0:01.18
	Average shared text size (kbytes): 0
	Average unshared data size (kbytes): 0
	Average stack size (kbytes): 0
	Average total size (kbytes): 0
	Maximum resident set size (kbytes): 107376
	Average resident set size (kbytes): 0
	Major (requiring I/O) page faults: 0
	Minor (reclaiming a frame) page faults: 54017
	Voluntary context switches: 5063
	Involuntary context switches: 442
	Swaps: 0
	File system inputs: 0
	File system outputs: 24
	Socket messages sent: 0
	Socket messages received: 0
	Signals delivered: 0
	Page size (bytes): 4096
	Exit status: 0
