Namespace(tool='kaki', exper=None, gml=['topologies/topzoo/EliBackbone.gml', '5'], index=None, prop='SeparateWPk', prop_file=None, op_req=None, repeat=1, reduce=False, opt=False, u=False, some=False, count=False, weight_bound=None, savedir='topzoo_res/SeparateWPk/kaki/kaki-2', dump_bdd=False)
Running 5EliBackbone.gml
Policy: ((((((((((((((((WP(36-112) | WP(69-112)) | WP(70-112)) | WP(39-112)) | WP(9-112)) | WP(74-112)) | WP(43-112)) | WP(109-112)) | WP(110-112)) | WP(14-112)) | WP(82-112)) | WP(51-112)) | WP(52-112)) | WP(115-112)) | WP(92-112)) | WP(29-112)) & (Reach 112))
Initial path of nodes: [10, 11, 2, 16, 14, 9, 12, 25, 26, 34, 36, 22, 31, 30, 50, 51, 42, 56, 54, 49, 52, 70, 71, 62, 76, 74, 69, 72, 90, 91, 82, 96, 94, 89, 92, 110, 111, 102, 116, 114, 109, 112]
Final path of nodes: [10, 11, 2, 3, 0, 14, 13, 12, 25, 28, 29, 34, 20, 23, 22, 39, 30, 50, 59, 42, 43, 40, 54, 53, 52, 70, 79, 62, 76, 75, 69, 73, 72, 90, 99, 82, 83, 80, 94, 93, 92, 110, 119, 102, 116, 115, 109, 113, 112]
{"Initial_routing":[[10, 11], [11, 2], [2, 16], [16, 14], [14, 9], [9, 12], [12, 25], [25, 26], [26, 34], [34, 36], [36, 22], [22, 31], [31, 30], [30, 50], [50, 51], [51, 42], [42, 56], [56, 54], [54, 49], [49, 52], [52, 70], [70, 71], [71, 62], [62, 76], [76, 74], [74, 69], [69, 72], [72, 90], [90, 91], [91, 82], [82, 96], [96, 94], [94, 89], [89, 92], [92, 110], [110, 111], [111, 102], [102, 116], [116, 114], [114, 109], [109, 112]],"Final_routing":[[10, 11], [11, 2], [2, 3], [3, 0], [0, 14], [14, 13], [13, 12], [12, 25], [25, 28], [28, 29], [29, 34], [34, 20], [20, 23], [23, 22], [22, 39], [39, 30], [30, 50], [50, 59], [59, 42], [42, 43], [43, 40], [40, 54], [54, 53], [53, 52], [52, 70], [70, 79], [79, 62], [62, 76], [76, 75], [75, 69], [69, 73], [73, 72], [72, 90], [90, 99], [99, 82], [82, 83], [83, 80], [80, 94], [94, 93], [93, 92], [92, 110], [110, 119], [119, 102], [102, 116], [116, 115], [115, 109], [109, 113], [113, 112]],"Properties":{"Waypoint": { "startNode": -1, "finalNode": -1, "waypoint": []}, "LoopFreedom": { "startNode": -1},"DFA": {"initialState": 0, "finalStates": [29,92,115,52,51,82,14,110,109,43,74,9,39,70,36,69], "edges": [{"from": 0, "to": 29, "label": 29},{"from": 0, "to": 92, "label": 92},{"from": 0, "to": 115, "label": 115},{"from": 0, "to": 52, "label": 52},{"from": 0, "to": 51, "label": 51},{"from": 0, "to": 82, "label": 82},{"from": 0, "to": 14, "label": 14},{"from": 0, "to": 110, "label": 110},{"from": 0, "to": 109, "label": 109},{"from": 0, "to": 43, "label": 43},{"from": 0, "to": 74, "label": 74},{"from": 0, "to": 9, "label": 9},{"from": 0, "to": 39, "label": 39},{"from": 0, "to": 70, "label": 70},{"from": 0, "to": 36, "label": 36},{"from": 0, "to": 69, "label": 69}]},"Reachability":{"startNode":10,"finalNode":112}}}
Kaki stdout:  Version: 1.15 
 kaki/verifypn-linux64 /tmp/tmpytc5uovf
DFA generation time: 0.026 seconds 
DFA states: 81 
DFA transitions: 3968
Problem file: /tmp/tmpytc5uovf
Switches to update: 54

Decomposed topology into 8 subproblems
Topological decomposition took 0.034 seconds
Subproblem verification time: 0.062 seconds
Subproblem verification time: 0.031 seconds
Subproblem verification time: 0.032 seconds
Subproblem verification time: 0.013 seconds
Subproblem verification time: 0.014 seconds
Subproblem verification time: 0.034 seconds
Subproblem verification time: 0.014 seconds
Subproblem verification time: 0.017 seconds
Minimum batches required: 3
[[3, 13, 0, 28, 20, 39, 29, 23, 59, 43, 53, 40, 79, 75, 73, 99, 83, 93, 80, 119, 115, 113], [14, 2, 22, 34, 25, 54, 42, 50, 70, 69, 76, 94, 82, 90, 110, 109, 116], [16, 9, 26, 36, 31, 51, 56, 49, 71, 74, 91, 96, 89, 111, 114]]
Total program runtime: 0.486 seconds

Kaki stderr:  
Time: 0.486
Solution: []
	Command being timed: "python3 allsynth/run.py -t kaki --GML topologies/topzoo/EliBackbone.gml 5 --dir topzoo_res/SeparateWPk/kaki/kaki-2 --e-prop SeparateWPk --repeat 1"
	User time (seconds): 2.80
	System time (seconds): 1.50
	Percent of CPU this job got: 354%
	Elapsed (wall clock) time (h:mm:ss or m:ss): 0:01.21
	Average shared text size (kbytes): 0
	Average unshared data size (kbytes): 0
	Average stack size (kbytes): 0
	Average total size (kbytes): 0
	Maximum resident set size (kbytes): 107772
	Average resident set size (kbytes): 0
	Major (requiring I/O) page faults: 0
	Minor (reclaiming a frame) page faults: 55590
	Voluntary context switches: 5769
	Involuntary context switches: 735
	Swaps: 0
	File system inputs: 0
	File system outputs: 24
	Socket messages sent: 0
	Socket messages received: 0
	Signals delivered: 0
	Page size (bytes): 4096
	Exit status: 0
