Namespace(tool='kaki', exper=None, gml=['topologies/topzoo/Epoch.gml', '5'], index=None, prop='SeparateWPk', prop_file=None, op_req=None, repeat=1, reduce=False, opt=False, u=False, some=False, count=False, weight_bound=None, savedir='topzoo_res/SeparateWPk/kaki/kaki-2', dump_bdd=False)
Running 5Epoch.gml
Policy: ((((((WP(32-35) | WP(6-35)) | WP(11-35)) | WP(13-35)) | WP(16-35)) | WP(23-35)) & (Reach 35))
Initial path of nodes: [2, 0, 1, 5, 7, 6, 8, 9, 14, 12, 13, 17, 20, 18, 19, 23, 26, 24, 25, 29, 32, 30, 31, 35]
Final path of nodes: [2, 0, 4, 5, 7, 11, 10, 9, 14, 15, 16, 17, 20, 21, 22, 23, 26, 27, 28, 29, 32, 33, 34, 35]
{"Initial_routing":[[2, 0], [0, 1], [1, 5], [5, 7], [7, 6], [6, 8], [8, 9], [9, 14], [14, 12], [12, 13], [13, 17], [17, 20], [20, 18], [18, 19], [19, 23], [23, 26], [26, 24], [24, 25], [25, 29], [29, 32], [32, 30], [30, 31], [31, 35]],"Final_routing":[[2, 0], [0, 4], [4, 5], [5, 7], [7, 11], [11, 10], [10, 9], [9, 14], [14, 15], [15, 16], [16, 17], [17, 20], [20, 21], [21, 22], [22, 23], [23, 26], [26, 27], [27, 28], [28, 29], [29, 32], [32, 33], [33, 34], [34, 35]],"Properties":{"Waypoint": { "startNode": -1, "finalNode": -1, "waypoint": []}, "LoopFreedom": { "startNode": -1},"DFA": {"initialState": 0, "finalStates": [23,16,13,11,32,6], "edges": [{"from": 0, "to": 23, "label": 23},{"from": 0, "to": 16, "label": 16},{"from": 0, "to": 13, "label": 13},{"from": 0, "to": 11, "label": 11},{"from": 0, "to": 32, "label": 32},{"from": 0, "to": 6, "label": 6}]},"Reachability":{"startNode":2,"finalNode":35}}}
Kaki stdout:  Version: 1.15 
 kaki/verifypn-linux64 /tmp/tmppy47gcg3
DFA generation time: 0.017 seconds 
DFA states: 36 
DFA transitions: 900
Problem file: /tmp/tmppy47gcg3
Switches to update: 28

Decomposed topology into 2 subproblems
Topological decomposition took 0.013 seconds
Subproblem verification time: 0.04 seconds
Subproblem verification time: 0.197 seconds
Minimum batches required: 3
[[4, 11, 15, 21, 27, 33, 10, 16, 22, 28, 34], [0, 32, 26, 20, 14, 7], [1, 6, 8, 12, 13, 18, 19, 24, 25, 30, 31]]
Total program runtime: 0.655 seconds

Kaki stderr:  
Time: 0.655
Solution: []
	Command being timed: "python3 allsynth/run.py -t kaki --GML topologies/topzoo/Epoch.gml 5 --dir topzoo_res/SeparateWPk/kaki/kaki-2 --e-prop SeparateWPk --repeat 1"
	User time (seconds): 3.48
	System time (seconds): 1.57
	Percent of CPU this job got: 365%
	Elapsed (wall clock) time (h:mm:ss or m:ss): 0:01.38
	Average shared text size (kbytes): 0
	Average unshared data size (kbytes): 0
	Average stack size (kbytes): 0
	Average total size (kbytes): 0
	Maximum resident set size (kbytes): 203040
	Average resident set size (kbytes): 0
	Major (requiring I/O) page faults: 0
	Minor (reclaiming a frame) page faults: 52657
	Voluntary context switches: 4424
	Involuntary context switches: 530
	Swaps: 0
	File system inputs: 0
	File system outputs: 24
	Socket messages sent: 0
	Socket messages received: 0
	Signals delivered: 0
	Page size (bytes): 4096
	Exit status: 0
