Namespace(tool='kaki', exper=None, gml=['topologies/topzoo/Garr201102.gml', '5'], index=None, prop='SeparateWPk', prop_file=None, op_req=None, repeat=1, reduce=False, opt=False, u=False, some=False, count=False, weight_bound=None, savedir='topzoo_res/SeparateWPk/kaki/kaki-2', dump_bdd=False)
Running 5Garr201102.gml
Policy: (((((((((((((((((((WP(131-339) | WP(13-339)) | WP(33-339)) | WP(165-339)) | WP(293-339)) | WP(168-339)) | WP(306-339)) | WP(185-339)) | WP(316-339)) | WP(318-339)) | WP(192-339)) | WP(68-339)) | WP(70-339)) | WP(76-339)) | WP(88-339)) | WP(216-339)) | WP(236-339)) | WP(237-339)) | WP(241-339)) & (Reach 339))
Initial path of nodes: [8, 21, 20, 9, 51, 33, 14, 54, 57, 88, 70, 99, 66, 77, 76, 68, 122, 135, 134, 123, 165, 147, 128, 168, 179, 192, 191, 180, 222, 204, 185, 225, 236, 249, 248, 237, 279, 261, 242, 282, 293, 306, 305, 294, 336, 318, 299, 339]
Final path of nodes: [8, 21, 20, 17, 45, 13, 31, 14, 54, 57, 88, 70, 102, 74, 77, 76, 68, 122, 135, 134, 131, 159, 127, 145, 128, 168, 179, 192, 191, 188, 216, 184, 202, 185, 225, 236, 249, 248, 245, 273, 241, 259, 242, 282, 293, 306, 305, 302, 330, 298, 316, 299, 339]
{"Initial_routing":[[8, 21], [21, 20], [20, 9], [9, 51], [51, 33], [33, 14], [14, 54], [54, 57], [57, 88], [88, 70], [70, 99], [99, 66], [66, 77], [77, 76], [76, 68], [68, 122], [122, 135], [135, 134], [134, 123], [123, 165], [165, 147], [147, 128], [128, 168], [168, 179], [179, 192], [192, 191], [191, 180], [180, 222], [222, 204], [204, 185], [185, 225], [225, 236], [236, 249], [249, 248], [248, 237], [237, 279], [279, 261], [261, 242], [242, 282], [282, 293], [293, 306], [306, 305], [305, 294], [294, 336], [336, 318], [318, 299], [299, 339]],"Final_routing":[[8, 21], [21, 20], [20, 17], [17, 45], [45, 13], [13, 31], [31, 14], [14, 54], [54, 57], [57, 88], [88, 70], [70, 102], [102, 74], [74, 77], [77, 76], [76, 68], [68, 122], [122, 135], [135, 134], [134, 131], [131, 159], [159, 127], [127, 145], [145, 128], [128, 168], [168, 179], [179, 192], [192, 191], [191, 188], [188, 216], [216, 184], [184, 202], [202, 185], [185, 225], [225, 236], [236, 249], [249, 248], [248, 245], [245, 273], [273, 241], [241, 259], [259, 242], [242, 282], [282, 293], [293, 306], [306, 305], [305, 302], [302, 330], [330, 298], [298, 316], [316, 299], [299, 339]],"Properties":{"Waypoint": { "startNode": -1, "finalNode": -1, "waypoint": []}, "LoopFreedom": { "startNode": -1},"DFA": {"initialState": 0, "finalStates": [241,237,236,216,88,76,70,68,192,318,316,185,306,168,293,165,33,131,13], "edges": [{"from": 0, "to": 241, "label": 241},{"from": 0, "to": 237, "label": 237},{"from": 0, "to": 236, "label": 236},{"from": 0, "to": 216, "label": 216},{"from": 0, "to": 88, "label": 88},{"from": 0, "to": 76, "label": 76},{"from": 0, "to": 70, "label": 70},{"from": 0, "to": 68, "label": 68},{"from": 0, "to": 192, "label": 192},{"from": 0, "to": 318, "label": 318},{"from": 0, "to": 316, "label": 316},{"from": 0, "to": 185, "label": 185},{"from": 0, "to": 306, "label": 306},{"from": 0, "to": 168, "label": 168},{"from": 0, "to": 293, "label": 293},{"from": 0, "to": 165, "label": 165},{"from": 0, "to": 33, "label": 33},{"from": 0, "to": 131, "label": 131},{"from": 0, "to": 13, "label": 13}]},"Reachability":{"startNode":8,"finalNode":339}}}
Kaki stdout:  Version: 1.15 
 kaki/verifypn-linux64 /tmp/tmpb227jyek
DFA generation time: 0.026 seconds 
DFA states: 44 
DFA transitions: 2361
Problem file: /tmp/tmpb227jyek
Switches to update: 45

Decomposed topology into 1 subproblems
Topological decomposition took 0.03 seconds
Subproblem verification time: 5.432 seconds
Minimum batches required: 3
[[17, 102, 131, 188, 245, 302, 45, 13, 31, 74, 159, 127, 145, 216, 184, 202, 273, 241, 259, 330, 298, 316], [305, 248, 191, 134, 70, 20], [9, 51, 33, 99, 66, 123, 165, 147, 180, 222, 204, 237, 279, 261, 294, 336, 318]]
Total program runtime: 6.376 seconds

Kaki stderr:  
Time: 6.376
Solution: []
	Command being timed: "python3 allsynth/run.py -t kaki --GML topologies/topzoo/Garr201102.gml 5 --dir topzoo_res/SeparateWPk/kaki/kaki-2 --e-prop SeparateWPk --repeat 1"
	User time (seconds): 9.70
	System time (seconds): 1.69
	Percent of CPU this job got: 159%
	Elapsed (wall clock) time (h:mm:ss or m:ss): 0:07.14
	Average shared text size (kbytes): 0
	Average unshared data size (kbytes): 0
	Average stack size (kbytes): 0
	Average total size (kbytes): 0
	Maximum resident set size (kbytes): 501208
	Average resident set size (kbytes): 0
	Major (requiring I/O) page faults: 0
	Minor (reclaiming a frame) page faults: 62990
	Voluntary context switches: 5589
	Involuntary context switches: 943
	Swaps: 0
	File system inputs: 0
	File system outputs: 24
	Socket messages sent: 0
	Socket messages received: 0
	Signals delivered: 0
	Page size (bytes): 4096
	Exit status: 0
