Namespace(tool='kaki', exper=None, gml=['topologies/topzoo/Harnet.gml', '5'], index=None, prop='SeparateWPk', prop_file=None, op_req=None, repeat=1, reduce=False, opt=False, u=False, some=False, count=False, weight_bound=None, savedir='topzoo_res/SeparateWPk/kaki/kaki-2', dump_bdd=False)
Running 5Harnet.gml
Policy: (((((((((WP(39-125) | WP(40-125)) | WP(105-125)) | WP(78-125)) | WP(20-125)) | WP(86-125)) | WP(58-125)) | WP(59-125)) | WP(125-125)) & (Reach 125))
Initial path of nodes: [0, 2, 15, 16, 18, 20, 21, 23, 36, 37, 39, 41, 42, 44, 57, 58, 60, 62, 63, 65, 78, 79, 81, 83, 84, 86, 99, 100, 102, 104, 105, 107, 120, 121, 123, 125]
Final path of nodes: [0, 2, 15, 17, 19, 20, 21, 23, 36, 38, 40, 41, 42, 44, 57, 59, 61, 62, 63, 65, 78, 80, 82, 83, 84, 86, 99, 101, 103, 104, 105, 107, 120, 122, 124, 125]
{"Initial_routing":[[0, 2], [2, 15], [15, 16], [16, 18], [18, 20], [20, 21], [21, 23], [23, 36], [36, 37], [37, 39], [39, 41], [41, 42], [42, 44], [44, 57], [57, 58], [58, 60], [60, 62], [62, 63], [63, 65], [65, 78], [78, 79], [79, 81], [81, 83], [83, 84], [84, 86], [86, 99], [99, 100], [100, 102], [102, 104], [104, 105], [105, 107], [107, 120], [120, 121], [121, 123], [123, 125]],"Final_routing":[[0, 2], [2, 15], [15, 17], [17, 19], [19, 20], [20, 21], [21, 23], [23, 36], [36, 38], [38, 40], [40, 41], [41, 42], [42, 44], [44, 57], [57, 59], [59, 61], [61, 62], [62, 63], [63, 65], [65, 78], [78, 80], [80, 82], [82, 83], [83, 84], [84, 86], [86, 99], [99, 101], [101, 103], [103, 104], [104, 105], [105, 107], [107, 120], [120, 122], [122, 124], [124, 125]],"Properties":{"Waypoint": { "startNode": -1, "finalNode": -1, "waypoint": []}, "LoopFreedom": { "startNode": -1},"DFA": {"initialState": 0, "finalStates": [125,59,58,86,20,78,105,39,40], "edges": [{"from": 0, "to": 125, "label": 125},{"from": 0, "to": 59, "label": 59},{"from": 0, "to": 58, "label": 58},{"from": 0, "to": 86, "label": 86},{"from": 0, "to": 20, "label": 20},{"from": 0, "to": 78, "label": 78},{"from": 0, "to": 105, "label": 105},{"from": 0, "to": 39, "label": 39},{"from": 0, "to": 40, "label": 40}]},"Reachability":{"startNode":0,"finalNode":125}}}
Kaki stdout:  Version: 1.15 
 kaki/verifypn-linux64 /tmp/tmpu5g29dy0
DFA generation time: 0.021 seconds 
DFA states: 44 
DFA transitions: 1327
Problem file: /tmp/tmpu5g29dy0
Switches to update: 30

Decomposed topology into 6 subproblems
Topological decomposition took 0.018 seconds
Subproblem verification time: 0.044 seconds
Subproblem verification time: 0.012 seconds
Subproblem verification time: 0.011 seconds
Subproblem verification time: 0.011 seconds
Subproblem verification time: 0.014 seconds
Subproblem verification time: 0.013 seconds
Minimum batches required: 3
[[17, 19, 38, 40, 59, 61, 80, 82, 101, 103, 122, 124], [15, 36, 57, 78, 99, 120], [16, 18, 37, 39, 58, 60, 79, 81, 100, 102, 121, 123]]
Total program runtime: 0.323 seconds

Kaki stderr:  
Time: 0.323
Solution: []
	Command being timed: "python3 allsynth/run.py -t kaki --GML topologies/topzoo/Harnet.gml 5 --dir topzoo_res/SeparateWPk/kaki/kaki-2 --e-prop SeparateWPk --repeat 1"
	User time (seconds): 2.10
	System time (seconds): 1.44
	Percent of CPU this job got: 343%
	Elapsed (wall clock) time (h:mm:ss or m:ss): 0:01.03
	Average shared text size (kbytes): 0
	Average unshared data size (kbytes): 0
	Average stack size (kbytes): 0
	Average total size (kbytes): 0
	Maximum resident set size (kbytes): 101012
	Average resident set size (kbytes): 0
	Major (requiring I/O) page faults: 0
	Minor (reclaiming a frame) page faults: 38528
	Voluntary context switches: 5108
	Involuntary context switches: 402
	Swaps: 0
	File system inputs: 0
	File system outputs: 24
	Socket messages sent: 0
	Socket messages received: 0
	Signals delivered: 0
	Page size (bytes): 4096
	Exit status: 0
