Namespace(tool='kaki', exper=None, gml=['topologies/topzoo/HiberniaUk.gml', '5'], index=None, prop='SeparateWPk', prop_file=None, op_req=None, repeat=1, reduce=False, opt=False, u=False, some=False, count=False, weight_bound=None, savedir='topzoo_res/SeparateWPk/kaki/kaki-2', dump_bdd=False)
Running 5HiberniaUk.gml
Policy: ((((((((((((((((((WP(64-85) | WP(66-85)) | WP(35-85)) | WP(56-85)) | WP(39-85)) | WP(8-85)) | WP(12-85)) | WP(77-85)) | WP(44-85)) | WP(18-85)) | WP(19-85)) | WP(52-85)) | WP(83-85)) | WP(21-85)) | WP(55-85)) | WP(24-85)) | WP(87-85)) | WP(58-85)) & (Reach 85))
Initial path of nodes: [2, 13, 0, 6, 5, 8, 7, 10, 16, 27, 19, 26, 29, 28, 15, 18, 32, 43, 30, 36, 35, 38, 37, 40, 47, 58, 45, 51, 50, 53, 52, 55, 62, 73, 60, 66, 65, 68, 67, 70, 77, 88, 75, 81, 80, 83, 82, 85]
Final path of nodes: [2, 13, 14, 11, 4, 12, 1, 9, 10, 16, 24, 25, 22, 23, 20, 21, 15, 18, 32, 43, 44, 41, 34, 42, 31, 39, 40, 47, 58, 59, 56, 49, 57, 46, 54, 55, 62, 73, 74, 71, 64, 72, 61, 69, 70, 77, 88, 89, 86, 79, 87, 76, 84, 85]
{"Initial_routing":[[2, 13], [13, 0], [0, 6], [6, 5], [5, 8], [8, 7], [7, 10], [10, 16], [16, 27], [27, 19], [19, 26], [26, 29], [29, 28], [28, 15], [15, 18], [18, 32], [32, 43], [43, 30], [30, 36], [36, 35], [35, 38], [38, 37], [37, 40], [40, 47], [47, 58], [58, 45], [45, 51], [51, 50], [50, 53], [53, 52], [52, 55], [55, 62], [62, 73], [73, 60], [60, 66], [66, 65], [65, 68], [68, 67], [67, 70], [70, 77], [77, 88], [88, 75], [75, 81], [81, 80], [80, 83], [83, 82], [82, 85]],"Final_routing":[[2, 13], [13, 14], [14, 11], [11, 4], [4, 12], [12, 1], [1, 9], [9, 10], [10, 16], [16, 24], [24, 25], [25, 22], [22, 23], [23, 20], [20, 21], [21, 15], [15, 18], [18, 32], [32, 43], [43, 44], [44, 41], [41, 34], [34, 42], [42, 31], [31, 39], [39, 40], [40, 47], [47, 58], [58, 59], [59, 56], [56, 49], [49, 57], [57, 46], [46, 54], [54, 55], [55, 62], [62, 73], [73, 74], [74, 71], [71, 64], [64, 72], [72, 61], [61, 69], [69, 70], [70, 77], [77, 88], [88, 89], [89, 86], [86, 79], [79, 87], [87, 76], [76, 84], [84, 85]],"Properties":{"Waypoint": { "startNode": -1, "finalNode": -1, "waypoint": []}, "LoopFreedom": { "startNode": -1},"DFA": {"initialState": 0, "finalStates": [58,87,24,55,21,83,52,19,18,44,77,12,8,39,56,35,64,66], "edges": [{"from": 0, "to": 58, "label": 58},{"from": 0, "to": 87, "label": 87},{"from": 0, "to": 24, "label": 24},{"from": 0, "to": 55, "label": 55},{"from": 0, "to": 21, "label": 21},{"from": 0, "to": 83, "label": 83},{"from": 0, "to": 52, "label": 52},{"from": 0, "to": 19, "label": 19},{"from": 0, "to": 18, "label": 18},{"from": 0, "to": 44, "label": 44},{"from": 0, "to": 77, "label": 77},{"from": 0, "to": 12, "label": 12},{"from": 0, "to": 8, "label": 8},{"from": 0, "to": 39, "label": 39},{"from": 0, "to": 56, "label": 56},{"from": 0, "to": 35, "label": 35},{"from": 0, "to": 64, "label": 64},{"from": 0, "to": 66, "label": 66}]},"Reachability":{"startNode":2,"finalNode":85}}}
Kaki stdout:  Version: 1.15 
 kaki/verifypn-linux64 /tmp/tmprcte1zao
DFA generation time: 0.036 seconds 
DFA states: 72 
DFA transitions: 5018
Problem file: /tmp/tmprcte1zao
Switches to update: 72

Decomposed topology into 1 subproblems
Topological decomposition took 0.042 seconds
Subproblem verification time: 4.356 seconds
Minimum batches required: 3
[[14, 24, 44, 59, 74, 89, 11, 4, 12, 1, 9, 25, 22, 23, 20, 21, 41, 34, 42, 31, 39, 56, 49, 57, 46, 54, 71, 64, 72, 61, 69, 86, 79, 87, 76, 84], [88, 73, 58, 43, 16, 13], [0, 6, 5, 8, 7, 27, 19, 26, 29, 28, 30, 36, 35, 38, 37, 45, 51, 50, 53, 52, 60, 66, 65, 68, 67, 75, 81, 80, 83, 82]]
Total program runtime: 5.741 seconds

Kaki stderr:  
Time: 5.741
Solution: []
	Command being timed: "python3 allsynth/run.py -t kaki --GML topologies/topzoo/HiberniaUk.gml 5 --dir topzoo_res/SeparateWPk/kaki/kaki-2 --e-prop SeparateWPk --repeat 1"
	User time (seconds): 9.87
	System time (seconds): 1.82
	Percent of CPU this job got: 183%
	Elapsed (wall clock) time (h:mm:ss or m:ss): 0:06.36
	Average shared text size (kbytes): 0
	Average unshared data size (kbytes): 0
	Average stack size (kbytes): 0
	Average total size (kbytes): 0
	Maximum resident set size (kbytes): 566932
	Average resident set size (kbytes): 0
	Major (requiring I/O) page faults: 0
	Minor (reclaiming a frame) page faults: 74652
	Voluntary context switches: 5518
	Involuntary context switches: 1248
	Swaps: 0
	File system inputs: 0
	File system outputs: 24
	Socket messages sent: 0
	Socket messages received: 0
	Signals delivered: 0
	Page size (bytes): 4096
	Exit status: 0
