Namespace(tool='kaki', exper=None, gml=['topologies/topzoo/Highwinds.gml', '5'], index=None, prop='SeparateWPk', prop_file=None, op_req=None, repeat=1, reduce=False, opt=False, u=False, some=False, count=False, weight_bound=None, savedir='topzoo_res/SeparateWPk/kaki/kaki-2', dump_bdd=False)
Running 5Highwinds.gml
Policy: ((((((((((((WP(2-93) | WP(91-93)) | WP(45-93)) | WP(60-93)) | WP(50-93)) | WP(21-93)) | WP(22-93)) | WP(54-93)) | WP(89-93)) | WP(26-93)) | WP(59-93)) | WP(92-93)) & (Reach 93))
Initial path of nodes: [1, 5, 4, 17, 9, 2, 0, 3, 19, 23, 22, 35, 27, 20, 18, 21, 37, 41, 40, 53, 45, 38, 36, 39, 55, 59, 58, 71, 63, 56, 54, 57, 73, 77, 76, 89, 81, 74, 72, 75, 91, 95, 94, 107, 99, 92, 90, 93]
Final path of nodes: [1, 6, 8, 17, 14, 2, 0, 3, 19, 24, 26, 35, 32, 20, 18, 21, 37, 42, 44, 53, 50, 38, 36, 39, 55, 60, 62, 71, 68, 56, 54, 57, 73, 78, 80, 89, 86, 74, 72, 75, 91, 96, 98, 107, 104, 92, 90, 93]
{"Initial_routing":[[1, 5], [5, 4], [4, 17], [17, 9], [9, 2], [2, 0], [0, 3], [3, 19], [19, 23], [23, 22], [22, 35], [35, 27], [27, 20], [20, 18], [18, 21], [21, 37], [37, 41], [41, 40], [40, 53], [53, 45], [45, 38], [38, 36], [36, 39], [39, 55], [55, 59], [59, 58], [58, 71], [71, 63], [63, 56], [56, 54], [54, 57], [57, 73], [73, 77], [77, 76], [76, 89], [89, 81], [81, 74], [74, 72], [72, 75], [75, 91], [91, 95], [95, 94], [94, 107], [107, 99], [99, 92], [92, 90], [90, 93]],"Final_routing":[[1, 6], [6, 8], [8, 17], [17, 14], [14, 2], [2, 0], [0, 3], [3, 19], [19, 24], [24, 26], [26, 35], [35, 32], [32, 20], [20, 18], [18, 21], [21, 37], [37, 42], [42, 44], [44, 53], [53, 50], [50, 38], [38, 36], [36, 39], [39, 55], [55, 60], [60, 62], [62, 71], [71, 68], [68, 56], [56, 54], [54, 57], [57, 73], [73, 78], [78, 80], [80, 89], [89, 86], [86, 74], [74, 72], [72, 75], [75, 91], [91, 96], [96, 98], [98, 107], [107, 104], [104, 92], [92, 90], [90, 93]],"Properties":{"Waypoint": { "startNode": -1, "finalNode": -1, "waypoint": []}, "LoopFreedom": { "startNode": -1},"DFA": {"initialState": 0, "finalStates": [92,59,26,89,54,22,21,50,60,45,2,91], "edges": [{"from": 0, "to": 92, "label": 92},{"from": 0, "to": 59, "label": 59},{"from": 0, "to": 26, "label": 26},{"from": 0, "to": 89, "label": 89},{"from": 0, "to": 54, "label": 54},{"from": 0, "to": 22, "label": 22},{"from": 0, "to": 21, "label": 21},{"from": 0, "to": 50, "label": 50},{"from": 0, "to": 60, "label": 60},{"from": 0, "to": 45, "label": 45},{"from": 0, "to": 2, "label": 2},{"from": 0, "to": 91, "label": 91}]},"Reachability":{"startNode":1,"finalNode":93}}}
Kaki stdout:  Version: 1.15 
 kaki/verifypn-linux64 /tmp/tmpq_m677k0
DFA generation time: 0.021 seconds 
DFA states: 36 
DFA transitions: 1828
Problem file: /tmp/tmpq_m677k0
Switches to update: 48

Decomposed topology into 6 subproblems
Topological decomposition took 0.023 seconds
Subproblem verification time: 0.062 seconds
Subproblem verification time: 0.013 seconds
Subproblem verification time: 0.013 seconds
Subproblem verification time: 0.016 seconds
Subproblem verification time: 0.015 seconds
Subproblem verification time: 0.018 seconds
Minimum batches required: 3
[[6, 14, 8, 24, 32, 26, 42, 50, 44, 60, 68, 62, 78, 86, 80, 96, 104, 98], [17, 1, 35, 19, 53, 37, 71, 55, 89, 73, 107, 91], [5, 4, 9, 23, 22, 27, 41, 40, 45, 59, 58, 63, 77, 76, 81, 95, 94, 99]]
Total program runtime: 0.363 seconds

Kaki stderr:  
Time: 0.363
Solution: []
	Command being timed: "python3 allsynth/run.py -t kaki --GML topologies/topzoo/Highwinds.gml 5 --dir topzoo_res/SeparateWPk/kaki/kaki-2 --e-prop SeparateWPk --repeat 1"
	User time (seconds): 2.40
	System time (seconds): 1.45
	Percent of CPU this job got: 347%
	Elapsed (wall clock) time (h:mm:ss or m:ss): 0:01.10
	Average shared text size (kbytes): 0
	Average unshared data size (kbytes): 0
	Average stack size (kbytes): 0
	Average total size (kbytes): 0
	Maximum resident set size (kbytes): 110740
	Average resident set size (kbytes): 0
	Major (requiring I/O) page faults: 0
	Minor (reclaiming a frame) page faults: 44796
	Voluntary context switches: 4097
	Involuntary context switches: 450
	Swaps: 0
	File system inputs: 0
	File system outputs: 24
	Socket messages sent: 0
	Socket messages received: 0
	Signals delivered: 0
	Page size (bytes): 4096
	Exit status: 0
