Namespace(tool='kaki', exper=None, gml=['topologies/topzoo/Janetbackbone.gml', '5'], index=None, prop='SeparateWPk', prop_file=None, op_req=None, repeat=1, reduce=False, opt=False, u=False, some=False, count=False, weight_bound=None, savedir='topzoo_res/SeparateWPk/kaki/kaki-2', dump_bdd=False)
Running 5Janetbackbone.gml
Policy: ((((((((((((((WP(128-170) | WP(98-170)) | WP(134-170)) | WP(71-170)) | WP(39-170)) | WP(170-170)) | WP(146-170)) | WP(82-170)) | WP(52-170)) | WP(117-170)) | WP(25-170)) | WP(156-170)) | WP(61-170)) | WP(94-170)) & (Reach 170))
Initial path of nodes: [1, 18, 11, 13, 14, 25, 29, 40, 42, 41, 52, 51, 59, 76, 69, 71, 72, 83, 88, 105, 98, 100, 101, 112, 117, 134, 127, 129, 130, 141, 146, 163, 156, 158, 159, 170]
Final path of nodes: [1, 18, 17, 12, 24, 25, 29, 33, 46, 41, 39, 43, 50, 51, 59, 61, 69, 65, 75, 70, 82, 83, 88, 90, 98, 94, 104, 99, 111, 112, 117, 119, 127, 123, 133, 128, 140, 141, 146, 148, 156, 152, 162, 157, 169, 170]
{"Initial_routing":[[1, 18], [18, 11], [11, 13], [13, 14], [14, 25], [25, 29], [29, 40], [40, 42], [42, 41], [41, 52], [52, 51], [51, 59], [59, 76], [76, 69], [69, 71], [71, 72], [72, 83], [83, 88], [88, 105], [105, 98], [98, 100], [100, 101], [101, 112], [112, 117], [117, 134], [134, 127], [127, 129], [129, 130], [130, 141], [141, 146], [146, 163], [163, 156], [156, 158], [158, 159], [159, 170]],"Final_routing":[[1, 18], [18, 17], [17, 12], [12, 24], [24, 25], [25, 29], [29, 33], [33, 46], [46, 41], [41, 39], [39, 43], [43, 50], [50, 51], [51, 59], [59, 61], [61, 69], [69, 65], [65, 75], [75, 70], [70, 82], [82, 83], [83, 88], [88, 90], [90, 98], [98, 94], [94, 104], [104, 99], [99, 111], [111, 112], [112, 117], [117, 119], [119, 127], [127, 123], [123, 133], [133, 128], [128, 140], [140, 141], [141, 146], [146, 148], [148, 156], [156, 152], [152, 162], [162, 157], [157, 169], [169, 170]],"Properties":{"Waypoint": { "startNode": -1, "finalNode": -1, "waypoint": []}, "LoopFreedom": { "startNode": -1},"DFA": {"initialState": 0, "finalStates": [94,61,156,25,117,52,82,146,170,39,71,134,128,98], "edges": [{"from": 0, "to": 94, "label": 94},{"from": 0, "to": 61, "label": 61},{"from": 0, "to": 156, "label": 156},{"from": 0, "to": 25, "label": 25},{"from": 0, "to": 117, "label": 117},{"from": 0, "to": 52, "label": 52},{"from": 0, "to": 82, "label": 82},{"from": 0, "to": 146, "label": 146},{"from": 0, "to": 170, "label": 170},{"from": 0, "to": 39, "label": 39},{"from": 0, "to": 71, "label": 71},{"from": 0, "to": 134, "label": 134},{"from": 0, "to": 128, "label": 128},{"from": 0, "to": 98, "label": 98}]},"Reachability":{"startNode":1,"finalNode":170}}}
Kaki stdout:  Version: 1.15 
 kaki/verifypn-linux64 /tmp/tmpggxws6br
DFA generation time: 0.032 seconds 
DFA states: 66 
DFA transitions: 3592
Problem file: /tmp/tmpggxws6br
Switches to update: 57

Decomposed topology into 6 subproblems
Topological decomposition took 0.035 seconds
Subproblem verification time: 0.054 seconds
Subproblem verification time: 0.016 seconds
Subproblem verification time: 0.017 seconds
Subproblem verification time: 0.018 seconds
Subproblem verification time: 0.019 seconds
Subproblem verification time: 0.019 seconds
Minimum batches required: 3
[[17, 12, 24, 33, 39, 46, 43, 50, 61, 65, 75, 70, 82, 90, 94, 104, 99, 111, 119, 123, 133, 128, 140, 148, 152, 162, 157, 169], [18, 41, 29, 69, 59, 98, 88, 127, 117, 156, 146], [11, 13, 14, 40, 42, 52, 76, 71, 72, 105, 100, 101, 134, 129, 130, 163, 158, 159]]
Total program runtime: 0.458 seconds

Kaki stderr:  
Time: 0.458
Solution: []
	Command being timed: "python3 allsynth/run.py -t kaki --GML topologies/topzoo/Janetbackbone.gml 5 --dir topzoo_res/SeparateWPk/kaki/kaki-2 --e-prop SeparateWPk --repeat 1"
	User time (seconds): 3.08
	System time (seconds): 1.42
	Percent of CPU this job got: 342%
	Elapsed (wall clock) time (h:mm:ss or m:ss): 0:01.31
	Average shared text size (kbytes): 0
	Average unshared data size (kbytes): 0
	Average stack size (kbytes): 0
	Average total size (kbytes): 0
	Maximum resident set size (kbytes): 110632
	Average resident set size (kbytes): 0
	Major (requiring I/O) page faults: 0
	Minor (reclaiming a frame) page faults: 43198
	Voluntary context switches: 5469
	Involuntary context switches: 534
	Swaps: 0
	File system inputs: 0
	File system outputs: 24
	Socket messages sent: 0
	Socket messages received: 0
	Signals delivered: 0
	Page size (bytes): 4096
	Exit status: 0
