Namespace(tool='kaki', exper=None, gml=['topologies/topzoo/Missouri.gml', '5'], index=None, prop='SeparateWPk', prop_file=None, op_req=None, repeat=1, reduce=False, opt=False, u=False, some=False, count=False, weight_bound=None, savedir='topzoo_res/SeparateWPk/kaki/kaki-2', dump_bdd=False)
Running 5Missouri.gml
Policy: ((((((((((((((((((((((((((((((((((((WP(2-387) | WP(131-387)) | WP(10-387)) | WP(267-387)) | WP(396-387)) | WP(17-387)) | WP(401-387)) | WP(151-387)) | WP(280-387)) | WP(279-387)) | WP(28-387)) | WP(285-387)) | WP(160-387)) | WP(161-387)) | WP(164-387)) | WP(295-387)) | WP(186-387)) | WP(66-387)) | WP(196-387)) | WP(324-387)) | WP(70-387)) | WP(200-387)) | WP(203-387)) | WP(334-387)) | WP(78-387)) | WP(79-387)) | WP(211-387)) | WP(218-387)) | WP(349-387)) | WP(352-387)) | WP(228-387)) | WP(361-387)) | WP(362-387)) | WP(108-387)) | WP(242-387)) | WP(123-387)) & (Reach 387))
Initial path of nodes: [27, 26, 9, 32, 42, 17, 16, 49, 63, 64, 66, 65, 57, 2, 52, 70, 69, 124, 132, 133, 131, 130, 116, 83, 84, 108, 99, 76, 93, 94, 161, 160, 143, 166, 176, 151, 150, 183, 197, 198, 200, 199, 191, 136, 186, 228, 227, 210, 233, 243, 218, 217, 250, 264, 265, 267, 266, 258, 203, 253, 295, 294, 277, 300, 310, 285, 284, 317, 331, 332, 334, 333, 325, 270, 320, 362, 361, 344, 367, 377, 352, 351, 384, 398, 399, 401, 400, 392, 337, 387]
Final path of nodes: [27, 26, 9, 12, 15, 28, 30, 14, 11, 4, 10, 62, 61, 56, 58, 2, 52, 70, 69, 125, 123, 128, 129, 77, 71, 78, 81, 97, 95, 82, 79, 76, 93, 94, 161, 160, 143, 146, 149, 162, 164, 148, 145, 138, 144, 196, 195, 190, 192, 136, 186, 228, 227, 210, 233, 242, 231, 215, 212, 205, 211, 263, 262, 257, 259, 203, 253, 295, 294, 277, 280, 283, 296, 298, 282, 279, 272, 278, 330, 329, 324, 326, 270, 320, 362, 361, 344, 367, 376, 365, 349, 346, 339, 345, 397, 396, 391, 393, 337, 387]
{"Initial_routing":[[27, 26], [26, 9], [9, 32], [32, 42], [42, 17], [17, 16], [16, 49], [49, 63], [63, 64], [64, 66], [66, 65], [65, 57], [57, 2], [2, 52], [52, 70], [70, 69], [69, 124], [124, 132], [132, 133], [133, 131], [131, 130], [130, 116], [116, 83], [83, 84], [84, 108], [108, 99], [99, 76], [76, 93], [93, 94], [94, 161], [161, 160], [160, 143], [143, 166], [166, 176], [176, 151], [151, 150], [150, 183], [183, 197], [197, 198], [198, 200], [200, 199], [199, 191], [191, 136], [136, 186], [186, 228], [228, 227], [227, 210], [210, 233], [233, 243], [243, 218], [218, 217], [217, 250], [250, 264], [264, 265], [265, 267], [267, 266], [266, 258], [258, 203], [203, 253], [253, 295], [295, 294], [294, 277], [277, 300], [300, 310], [310, 285], [285, 284], [284, 317], [317, 331], [331, 332], [332, 334], [334, 333], [333, 325], [325, 270], [270, 320], [320, 362], [362, 361], [361, 344], [344, 367], [367, 377], [377, 352], [352, 351], [351, 384], [384, 398], [398, 399], [399, 401], [401, 400], [400, 392], [392, 337], [337, 387]],"Final_routing":[[27, 26], [26, 9], [9, 12], [12, 15], [15, 28], [28, 30], [30, 14], [14, 11], [11, 4], [4, 10], [10, 62], [62, 61], [61, 56], [56, 58], [58, 2], [2, 52], [52, 70], [70, 69], [69, 125], [125, 123], [123, 128], [128, 129], [129, 77], [77, 71], [71, 78], [78, 81], [81, 97], [97, 95], [95, 82], [82, 79], [79, 76], [76, 93], [93, 94], [94, 161], [161, 160], [160, 143], [143, 146], [146, 149], [149, 162], [162, 164], [164, 148], [148, 145], [145, 138], [138, 144], [144, 196], [196, 195], [195, 190], [190, 192], [192, 136], [136, 186], [186, 228], [228, 227], [227, 210], [210, 233], [233, 242], [242, 231], [231, 215], [215, 212], [212, 205], [205, 211], [211, 263], [263, 262], [262, 257], [257, 259], [259, 203], [203, 253], [253, 295], [295, 294], [294, 277], [277, 280], [280, 283], [283, 296], [296, 298], [298, 282], [282, 279], [279, 272], [272, 278], [278, 330], [330, 329], [329, 324], [324, 326], [326, 270], [270, 320], [320, 362], [362, 361], [361, 344], [344, 367], [367, 376], [376, 365], [365, 349], [349, 346], [346, 339], [339, 345], [345, 397], [397, 396], [396, 391], [391, 393], [393, 337], [337, 387]],"Properties":{"Waypoint": { "startNode": -1, "finalNode": -1, "waypoint": []}, "LoopFreedom": { "startNode": -1},"DFA": {"initialState": 0, "finalStates": [123,242,108,362,361,228,352,349,218,211,79,78,334,203,200,70,324,196,66,186,295,164,161,160,285,28,279,280,151,401,17,396,267,10,2,131], "edges": [{"from": 0, "to": 123, "label": 123},{"from": 0, "to": 242, "label": 242},{"from": 0, "to": 108, "label": 108},{"from": 0, "to": 362, "label": 362},{"from": 0, "to": 361, "label": 361},{"from": 0, "to": 228, "label": 228},{"from": 0, "to": 352, "label": 352},{"from": 0, "to": 349, "label": 349},{"from": 0, "to": 218, "label": 218},{"from": 0, "to": 211, "label": 211},{"from": 0, "to": 79, "label": 79},{"from": 0, "to": 78, "label": 78},{"from": 0, "to": 334, "label": 334},{"from": 0, "to": 203, "label": 203},{"from": 0, "to": 200, "label": 200},{"from": 0, "to": 70, "label": 70},{"from": 0, "to": 324, "label": 324},{"from": 0, "to": 196, "label": 196},{"from": 0, "to": 66, "label": 66},{"from": 0, "to": 186, "label": 186},{"from": 0, "to": 295, "label": 295},{"from": 0, "to": 164, "label": 164},{"from": 0, "to": 161, "label": 161},{"from": 0, "to": 160, "label": 160},{"from": 0, "to": 285, "label": 285},{"from": 0, "to": 28, "label": 28},{"from": 0, "to": 279, "label": 279},{"from": 0, "to": 280, "label": 280},{"from": 0, "to": 151, "label": 151},{"from": 0, "to": 401, "label": 401},{"from": 0, "to": 17, "label": 17},{"from": 0, "to": 396, "label": 396},{"from": 0, "to": 267, "label": 267},{"from": 0, "to": 10, "label": 10},{"from": 0, "to": 2, "label": 2},{"from": 0, "to": 131, "label": 131}]},"Reachability":{"startNode":27,"finalNode":387}}}
Kaki stdout:  Version: 1.15 
 kaki/verifypn-linux64 /tmp/tmpzvrbiji_
DFA generation time: 0.059 seconds 
DFA states: 86 
DFA transitions: 11544
Problem file: /tmp/tmpzvrbiji_
Switches to update: 132

Decomposed topology into 1 subproblems
Topological decomposition took 0.141 seconds
Subproblem verification time: 47.677 seconds
Minimum batches required: 3
[[12, 125, 146, 242, 280, 376, 15, 28, 30, 14, 11, 4, 10, 62, 61, 56, 58, 123, 128, 129, 77, 71, 78, 81, 97, 95, 82, 79, 149, 162, 164, 148, 145, 138, 144, 196, 195, 190, 192, 231, 215, 212, 205, 211, 263, 262, 257, 259, 283, 296, 298, 282, 279, 272, 278, 330, 329, 324, 326, 365, 349, 346, 339, 345, 397, 396, 391, 393], [367, 277, 233, 143, 69, 9], [32, 42, 17, 16, 49, 63, 64, 66, 65, 57, 124, 132, 133, 131, 130, 116, 83, 84, 108, 99, 166, 176, 151, 150, 183, 197, 198, 200, 199, 191, 243, 218, 217, 250, 264, 265, 267, 266, 258, 300, 310, 285, 284, 317, 331, 332, 334, 333, 325, 377, 352, 351, 384, 398, 399, 401, 400, 392]]
Total program runtime: 56.456 seconds

Kaki stderr:  
Time: 56.456
Solution: []
	Command being timed: "python3 allsynth/run.py -t kaki --GML topologies/topzoo/Missouri.gml 5 --dir topzoo_res/SeparateWPk/kaki/kaki-2 --e-prop SeparateWPk --repeat 1"
	User time (seconds): 62.48
	System time (seconds): 2.21
	Percent of CPU this job got: 112%
	Elapsed (wall clock) time (h:mm:ss or m:ss): 0:57.34
	Average shared text size (kbytes): 0
	Average unshared data size (kbytes): 0
	Average stack size (kbytes): 0
	Average total size (kbytes): 0
	Maximum resident set size (kbytes): 788600
	Average resident set size (kbytes): 0
	Major (requiring I/O) page faults: 0
	Minor (reclaiming a frame) page faults: 126795
	Voluntary context switches: 10583
	Involuntary context switches: 5248
	Swaps: 0
	File system inputs: 0
	File system outputs: 32
	Socket messages sent: 0
	Socket messages received: 0
	Signals delivered: 0
	Page size (bytes): 4096
	Exit status: 0
