Namespace(tool='kaki', exper=None, gml=['topologies/topzoo/Peer1.gml', '5'], index=None, prop='SeparateWPk', prop_file=None, op_req=None, repeat=1, reduce=False, opt=False, u=False, some=False, count=False, weight_bound=None, savedir='topzoo_res/SeparateWPk/kaki/kaki-2', dump_bdd=False)
Running 5Peer1.gml
Policy: ((((((((((((((((WP(67-91) | WP(36-91)) | WP(37-91)) | WP(69-91)) | WP(10-91)) | WP(43-91)) | WP(13-91)) | WP(45-91)) | WP(77-91)) | WP(19-91)) | WP(51-91)) | WP(85-91)) | WP(22-91)) | WP(83-91)) | WP(57-91)) | WP(90-91)) & (Reach 91))
Initial path of nodes: [5, 4, 3, 6, 9, 10, 11, 21, 20, 19, 22, 25, 26, 27, 37, 36, 35, 38, 41, 42, 43, 53, 52, 51, 54, 57, 58, 59, 69, 68, 67, 70, 73, 74, 75, 85, 84, 83, 86, 89, 90, 91]
Final path of nodes: [5, 4, 3, 0, 15, 13, 12, 11, 21, 20, 19, 22, 29, 28, 27, 37, 36, 35, 32, 47, 45, 44, 43, 53, 52, 51, 54, 61, 60, 59, 69, 68, 67, 64, 79, 77, 76, 75, 85, 84, 83, 86, 93, 92, 91]
{"Initial_routing":[[5, 4], [4, 3], [3, 6], [6, 9], [9, 10], [10, 11], [11, 21], [21, 20], [20, 19], [19, 22], [22, 25], [25, 26], [26, 27], [27, 37], [37, 36], [36, 35], [35, 38], [38, 41], [41, 42], [42, 43], [43, 53], [53, 52], [52, 51], [51, 54], [54, 57], [57, 58], [58, 59], [59, 69], [69, 68], [68, 67], [67, 70], [70, 73], [73, 74], [74, 75], [75, 85], [85, 84], [84, 83], [83, 86], [86, 89], [89, 90], [90, 91]],"Final_routing":[[5, 4], [4, 3], [3, 0], [0, 15], [15, 13], [13, 12], [12, 11], [11, 21], [21, 20], [20, 19], [19, 22], [22, 29], [29, 28], [28, 27], [27, 37], [37, 36], [36, 35], [35, 32], [32, 47], [47, 45], [45, 44], [44, 43], [43, 53], [53, 52], [52, 51], [51, 54], [54, 61], [61, 60], [60, 59], [59, 69], [69, 68], [68, 67], [67, 64], [64, 79], [79, 77], [77, 76], [76, 75], [75, 85], [85, 84], [84, 83], [83, 86], [86, 93], [93, 92], [92, 91]],"Properties":{"Waypoint": { "startNode": -1, "finalNode": -1, "waypoint": []}, "LoopFreedom": { "startNode": -1},"DFA": {"initialState": 0, "finalStates": [90,57,83,22,85,51,19,77,45,13,43,10,69,37,67,36], "edges": [{"from": 0, "to": 90, "label": 90},{"from": 0, "to": 57, "label": 57},{"from": 0, "to": 83, "label": 83},{"from": 0, "to": 22, "label": 22},{"from": 0, "to": 85, "label": 85},{"from": 0, "to": 51, "label": 51},{"from": 0, "to": 19, "label": 19},{"from": 0, "to": 77, "label": 77},{"from": 0, "to": 45, "label": 45},{"from": 0, "to": 13, "label": 13},{"from": 0, "to": 43, "label": 43},{"from": 0, "to": 10, "label": 10},{"from": 0, "to": 69, "label": 69},{"from": 0, "to": 37, "label": 37},{"from": 0, "to": 67, "label": 67},{"from": 0, "to": 36, "label": 36}]},"Reachability":{"startNode":5,"finalNode":91}}}
Kaki stdout:  Version: 1.15 
 kaki/verifypn-linux64 /tmp/tmprjw5c1ak
DFA generation time: 0.024 seconds 
DFA states: 41 
DFA transitions: 1919
Problem file: /tmp/tmprjw5c1ak
Switches to update: 39

Decomposed topology into 1 subproblems
Topological decomposition took 0.024 seconds
Subproblem verification time: 2.004 seconds
Minimum batches required: 3
[[0, 29, 32, 61, 64, 93, 15, 13, 12, 28, 47, 45, 44, 60, 79, 77, 76, 92], [86, 67, 54, 35, 22, 3], [6, 9, 10, 25, 26, 38, 41, 42, 57, 58, 70, 73, 74, 89, 90]]
Total program runtime: 2.511 seconds

Kaki stderr:  
Time: 2.511
Solution: []
	Command being timed: "python3 allsynth/run.py -t kaki --GML topologies/topzoo/Peer1.gml 5 --dir topzoo_res/SeparateWPk/kaki/kaki-2 --e-prop SeparateWPk --repeat 1"
	User time (seconds): 5.57
	System time (seconds): 1.57
	Percent of CPU this job got: 222%
	Elapsed (wall clock) time (h:mm:ss or m:ss): 0:03.21
	Average shared text size (kbytes): 0
	Average unshared data size (kbytes): 0
	Average stack size (kbytes): 0
	Average total size (kbytes): 0
	Maximum resident set size (kbytes): 193012
	Average resident set size (kbytes): 0
	Major (requiring I/O) page faults: 0
	Minor (reclaiming a frame) page faults: 49865
	Voluntary context switches: 4279
	Involuntary context switches: 767
	Swaps: 0
	File system inputs: 0
	File system outputs: 24
	Socket messages sent: 0
	Socket messages received: 0
	Signals delivered: 0
	Page size (bytes): 4096
	Exit status: 0
