Namespace(tool='kaki', exper=None, gml=['topologies/topzoo/Pern.gml', '5'], index=None, prop='SeparateWPk', prop_file=None, op_req=None, repeat=1, reduce=False, opt=False, u=False, some=False, count=False, weight_bound=None, savedir='topzoo_res/SeparateWPk/kaki/kaki-2', dump_bdd=False)
Running 5Pern.gml
Policy: ((((((((((((((((((((WP(267-760) | WP(655-760)) | WP(528-760)) | WP(401-760)) | WP(274-760)) | WP(147-760)) | WP(170-760)) | WP(427-760)) | WP(685-760)) | WP(558-760)) | WP(431-760)) | WP(304-760)) | WP(177-760)) | WP(50-760)) | WP(568-760)) | WP(737-760)) | WP(102-760)) | WP(373-760)) | WP(506-760)) | WP(253-760)) & (Reach 760))
Initial path of nodes: [20, 43, 13, 46, 60, 102, 126, 119, 125, 147, 170, 140, 173, 187, 229, 253, 246, 252, 274, 297, 267, 300, 314, 356, 380, 373, 379, 401, 424, 394, 427, 441, 483, 507, 500, 506, 528, 551, 521, 554, 568, 610, 634, 627, 633, 655, 678, 648, 681, 695, 737, 761, 754, 760]
Final path of nodes: [20, 43, 13, 10, 59, 50, 72, 126, 119, 125, 147, 170, 140, 137, 186, 177, 199, 253, 246, 252, 274, 297, 267, 264, 313, 304, 326, 380, 373, 379, 401, 424, 394, 391, 440, 431, 453, 507, 500, 506, 528, 551, 521, 518, 567, 558, 580, 634, 627, 633, 655, 678, 648, 645, 694, 685, 707, 761, 754, 760]
{"Initial_routing":[[20, 43], [43, 13], [13, 46], [46, 60], [60, 102], [102, 126], [126, 119], [119, 125], [125, 147], [147, 170], [170, 140], [140, 173], [173, 187], [187, 229], [229, 253], [253, 246], [246, 252], [252, 274], [274, 297], [297, 267], [267, 300], [300, 314], [314, 356], [356, 380], [380, 373], [373, 379], [379, 401], [401, 424], [424, 394], [394, 427], [427, 441], [441, 483], [483, 507], [507, 500], [500, 506], [506, 528], [528, 551], [551, 521], [521, 554], [554, 568], [568, 610], [610, 634], [634, 627], [627, 633], [633, 655], [655, 678], [678, 648], [648, 681], [681, 695], [695, 737], [737, 761], [761, 754], [754, 760]],"Final_routing":[[20, 43], [43, 13], [13, 10], [10, 59], [59, 50], [50, 72], [72, 126], [126, 119], [119, 125], [125, 147], [147, 170], [170, 140], [140, 137], [137, 186], [186, 177], [177, 199], [199, 253], [253, 246], [246, 252], [252, 274], [274, 297], [297, 267], [267, 264], [264, 313], [313, 304], [304, 326], [326, 380], [380, 373], [373, 379], [379, 401], [401, 424], [424, 394], [394, 391], [391, 440], [440, 431], [431, 453], [453, 507], [507, 500], [500, 506], [506, 528], [528, 551], [551, 521], [521, 518], [518, 567], [567, 558], [558, 580], [580, 634], [634, 627], [627, 633], [633, 655], [655, 678], [678, 648], [648, 645], [645, 694], [694, 685], [685, 707], [707, 761], [761, 754], [754, 760]],"Properties":{"Waypoint": { "startNode": -1, "finalNode": -1, "waypoint": []}, "LoopFreedom": { "startNode": -1},"DFA": {"initialState": 0, "finalStates": [253,506,373,102,737,568,50,177,304,431,558,685,427,170,147,274,401,528,267,655], "edges": [{"from": 0, "to": 253, "label": 253},{"from": 0, "to": 506, "label": 506},{"from": 0, "to": 373, "label": 373},{"from": 0, "to": 102, "label": 102},{"from": 0, "to": 737, "label": 737},{"from": 0, "to": 568, "label": 568},{"from": 0, "to": 50, "label": 50},{"from": 0, "to": 177, "label": 177},{"from": 0, "to": 304, "label": 304},{"from": 0, "to": 431, "label": 431},{"from": 0, "to": 558, "label": 558},{"from": 0, "to": 685, "label": 685},{"from": 0, "to": 427, "label": 427},{"from": 0, "to": 170, "label": 170},{"from": 0, "to": 147, "label": 147},{"from": 0, "to": 274, "label": 274},{"from": 0, "to": 401, "label": 401},{"from": 0, "to": 528, "label": 528},{"from": 0, "to": 267, "label": 267},{"from": 0, "to": 655, "label": 655}]},"Reachability":{"startNode":20,"finalNode":760}}}
Kaki stdout:  Version: 1.15 
 kaki/verifypn-linux64 /tmp/tmpg46bso1g
DFA generation time: 0.026 seconds 
DFA states: 47 
DFA transitions: 2759
Problem file: /tmp/tmpg46bso1g
Switches to update: 48

Decomposed topology into 1 subproblems
Topological decomposition took 0.06 seconds
Subproblem verification time: 7.538 seconds
Minimum batches required: 3
[[10, 137, 264, 391, 518, 645, 59, 50, 72, 186, 177, 199, 313, 304, 326, 440, 431, 453, 567, 558, 580, 694, 685, 707], [648, 521, 394, 267, 140, 13], [46, 60, 102, 173, 187, 229, 300, 314, 356, 427, 441, 483, 554, 568, 610, 681, 695, 737]]
Total program runtime: 8.747 seconds

Kaki stderr:  
Time: 8.747
Solution: []
	Command being timed: "python3 allsynth/run.py -t kaki --GML topologies/topzoo/Pern.gml 5 --dir topzoo_res/SeparateWPk/kaki/kaki-2 --e-prop SeparateWPk --repeat 1"
	User time (seconds): 12.27
	System time (seconds): 1.68
	Percent of CPU this job got: 141%
	Elapsed (wall clock) time (h:mm:ss or m:ss): 0:09.88
	Average shared text size (kbytes): 0
	Average unshared data size (kbytes): 0
	Average stack size (kbytes): 0
	Average total size (kbytes): 0
	Maximum resident set size (kbytes): 505064
	Average resident set size (kbytes): 0
	Major (requiring I/O) page faults: 0
	Minor (reclaiming a frame) page faults: 64149
	Voluntary context switches: 5958
	Involuntary context switches: 992
	Swaps: 0
	File system inputs: 0
	File system outputs: 32
	Socket messages sent: 0
	Socket messages received: 0
	Signals delivered: 0
	Page size (bytes): 4096
	Exit status: 0
