Namespace(tool='kaki', exper=None, gml=['topologies/topzoo/Renater2004.gml', '5'], index=None, prop='SeparateWPk', prop_file=None, op_req=None, repeat=1, reduce=False, opt=False, u=False, some=False, count=False, weight_bound=None, savedir='topzoo_res/SeparateWPk/kaki/kaki-2', dump_bdd=False)
Running 5Renater2004.gml
Policy: (((((((((((((WP(99-179) | WP(132-179)) | WP(164-179)) | WP(38-179)) | WP(27-179)) | WP(73-179)) | WP(171-179)) | WP(45-179)) | WP(110-179)) | WP(177-179)) | WP(21-179)) | WP(118-179)) | WP(59-179)) & (Reach 179))
Initial path of nodes: [14, 9, 8, 12, 13, 21, 20, 29, 44, 39, 38, 42, 43, 51, 50, 59, 74, 69, 68, 72, 73, 81, 80, 89, 104, 99, 98, 102, 103, 111, 110, 119, 134, 129, 128, 132, 133, 141, 140, 149, 164, 159, 158, 162, 163, 171, 170, 179]
Final path of nodes: [14, 9, 15, 12, 13, 27, 28, 29, 44, 39, 45, 42, 43, 57, 58, 59, 74, 69, 75, 72, 73, 87, 88, 89, 104, 99, 105, 102, 103, 117, 118, 119, 134, 129, 135, 132, 133, 147, 148, 149, 164, 159, 165, 162, 163, 177, 178, 179]
{"Initial_routing":[[14, 9], [9, 8], [8, 12], [12, 13], [13, 21], [21, 20], [20, 29], [29, 44], [44, 39], [39, 38], [38, 42], [42, 43], [43, 51], [51, 50], [50, 59], [59, 74], [74, 69], [69, 68], [68, 72], [72, 73], [73, 81], [81, 80], [80, 89], [89, 104], [104, 99], [99, 98], [98, 102], [102, 103], [103, 111], [111, 110], [110, 119], [119, 134], [134, 129], [129, 128], [128, 132], [132, 133], [133, 141], [141, 140], [140, 149], [149, 164], [164, 159], [159, 158], [158, 162], [162, 163], [163, 171], [171, 170], [170, 179]],"Final_routing":[[14, 9], [9, 15], [15, 12], [12, 13], [13, 27], [27, 28], [28, 29], [29, 44], [44, 39], [39, 45], [45, 42], [42, 43], [43, 57], [57, 58], [58, 59], [59, 74], [74, 69], [69, 75], [75, 72], [72, 73], [73, 87], [87, 88], [88, 89], [89, 104], [104, 99], [99, 105], [105, 102], [102, 103], [103, 117], [117, 118], [118, 119], [119, 134], [134, 129], [129, 135], [135, 132], [132, 133], [133, 147], [147, 148], [148, 149], [149, 164], [164, 159], [159, 165], [165, 162], [162, 163], [163, 177], [177, 178], [178, 179]],"Properties":{"Waypoint": { "startNode": -1, "finalNode": -1, "waypoint": []}, "LoopFreedom": { "startNode": -1},"DFA": {"initialState": 0, "finalStates": [59,118,21,177,110,45,171,73,27,38,164,99,132], "edges": [{"from": 0, "to": 59, "label": 59},{"from": 0, "to": 118, "label": 118},{"from": 0, "to": 21, "label": 21},{"from": 0, "to": 177, "label": 177},{"from": 0, "to": 110, "label": 110},{"from": 0, "to": 45, "label": 45},{"from": 0, "to": 171, "label": 171},{"from": 0, "to": 73, "label": 73},{"from": 0, "to": 27, "label": 27},{"from": 0, "to": 38, "label": 38},{"from": 0, "to": 164, "label": 164},{"from": 0, "to": 99, "label": 99},{"from": 0, "to": 132, "label": 132}]},"Reachability":{"startNode":14,"finalNode":179}}}
Kaki stdout:  Version: 1.15 
 kaki/verifypn-linux64 /tmp/tmppk8k_o8w
DFA generation time: 0.025 seconds 
DFA states: 65 
DFA transitions: 2663
Problem file: /tmp/tmppk8k_o8w
Switches to update: 48

Decomposed topology into 2 subproblems
Topological decomposition took 0.028 seconds
Subproblem verification time: 0.045 seconds
Subproblem verification time: 24.268 seconds
Minimum batches required: 3
[[15, 27, 45, 57, 75, 87, 105, 117, 135, 147, 165, 177, 28, 58, 88, 118, 148, 178], [9, 163, 159, 133, 129, 103, 99, 73, 69, 43, 39, 13], [8, 21, 20, 38, 51, 50, 68, 81, 80, 98, 111, 110, 128, 141, 140, 158, 171, 170]]
Total program runtime: 24.997 seconds

Kaki stderr:  
Time: 24.997
Solution: []
	Command being timed: "python3 allsynth/run.py -t kaki --GML topologies/topzoo/Renater2004.gml 5 --dir topzoo_res/SeparateWPk/kaki/kaki-2 --e-prop SeparateWPk --repeat 1"
	User time (seconds): 27.95
	System time (seconds): 1.68
	Percent of CPU this job got: 115%
	Elapsed (wall clock) time (h:mm:ss or m:ss): 0:25.74
	Average shared text size (kbytes): 0
	Average unshared data size (kbytes): 0
	Average stack size (kbytes): 0
	Average total size (kbytes): 0
	Maximum resident set size (kbytes): 375964
	Average resident set size (kbytes): 0
	Major (requiring I/O) page faults: 0
	Minor (reclaiming a frame) page faults: 105973
	Voluntary context switches: 4748
	Involuntary context switches: 1932
	Swaps: 0
	File system inputs: 0
	File system outputs: 24
	Socket messages sent: 0
	Socket messages received: 0
	Signals delivered: 0
	Page size (bytes): 4096
	Exit status: 0
