Namespace(tool='kaki', exper=None, gml=['topologies/topzoo/Renater2001.gml', '5'], index=None, prop='SeparateWPk', prop_file=None, op_req=None, repeat=1, reduce=False, opt=False, u=False, some=False, count=False, weight_bound=None, savedir='topzoo_res/SeparateWPk/kaki/kaki-2', dump_bdd=False)
Running 5Renater2001.gml
Policy: ((((((((((((((((WP(33-142) | WP(34-142)) | WP(97-142)) | WP(132-142)) | WP(70-142)) | WP(39-142)) | WP(73-142)) | WP(10-142)) | WP(109-142)) | WP(141-142)) | WP(83-142)) | WP(21-142)) | WP(54-142)) | WP(120-142)) | WP(57-142)) | WP(94-142)) & (Reach 142))
Initial path of nodes: [12, 9, 13, 10, 11, 21, 22, 27, 39, 35, 34, 37, 33, 36, 60, 57, 61, 58, 59, 69, 70, 84, 81, 85, 82, 83, 93, 94, 108, 105, 109, 106, 107, 117, 118, 132, 129, 133, 130, 131, 141, 142]
Final path of nodes: [12, 9, 13, 6, 1, 10, 11, 21, 22, 27, 39, 24, 25, 30, 37, 33, 36, 60, 57, 61, 54, 49, 58, 59, 69, 70, 84, 81, 85, 78, 73, 72, 87, 83, 93, 94, 108, 105, 109, 102, 97, 106, 107, 117, 118, 132, 129, 133, 126, 121, 120, 135, 131, 141, 142]
{"Initial_routing":[[12, 9], [9, 13], [13, 10], [10, 11], [11, 21], [21, 22], [22, 27], [27, 39], [39, 35], [35, 34], [34, 37], [37, 33], [33, 36], [36, 60], [60, 57], [57, 61], [61, 58], [58, 59], [59, 69], [69, 70], [70, 84], [84, 81], [81, 85], [85, 82], [82, 83], [83, 93], [93, 94], [94, 108], [108, 105], [105, 109], [109, 106], [106, 107], [107, 117], [117, 118], [118, 132], [132, 129], [129, 133], [133, 130], [130, 131], [131, 141], [141, 142]],"Final_routing":[[12, 9], [9, 13], [13, 6], [6, 1], [1, 10], [10, 11], [11, 21], [21, 22], [22, 27], [27, 39], [39, 24], [24, 25], [25, 30], [30, 37], [37, 33], [33, 36], [36, 60], [60, 57], [57, 61], [61, 54], [54, 49], [49, 58], [58, 59], [59, 69], [69, 70], [70, 84], [84, 81], [81, 85], [85, 78], [78, 73], [73, 72], [72, 87], [87, 83], [83, 93], [93, 94], [94, 108], [108, 105], [105, 109], [109, 102], [102, 97], [97, 106], [106, 107], [107, 117], [117, 118], [118, 132], [132, 129], [129, 133], [133, 126], [126, 121], [121, 120], [120, 135], [135, 131], [131, 141], [141, 142]],"Properties":{"Waypoint": { "startNode": -1, "finalNode": -1, "waypoint": []}, "LoopFreedom": { "startNode": -1},"DFA": {"initialState": 0, "finalStates": [94,57,120,54,21,83,141,109,10,73,39,70,132,97,33,34], "edges": [{"from": 0, "to": 94, "label": 94},{"from": 0, "to": 57, "label": 57},{"from": 0, "to": 120, "label": 120},{"from": 0, "to": 54, "label": 54},{"from": 0, "to": 21, "label": 21},{"from": 0, "to": 83, "label": 83},{"from": 0, "to": 141, "label": 141},{"from": 0, "to": 109, "label": 109},{"from": 0, "to": 10, "label": 10},{"from": 0, "to": 73, "label": 73},{"from": 0, "to": 39, "label": 39},{"from": 0, "to": 70, "label": 70},{"from": 0, "to": 132, "label": 132},{"from": 0, "to": 97, "label": 97},{"from": 0, "to": 33, "label": 33},{"from": 0, "to": 34, "label": 34}]},"Reachability":{"startNode":12,"finalNode":142}}}
Kaki stdout:  Version: 1.15 
 kaki/verifypn-linux64 /tmp/tmp91k3z29e
DFA generation time: 0.023 seconds 
DFA states: 30 
DFA transitions: 1146
Problem file: /tmp/tmp91k3z29e
Switches to update: 27

Decomposed topology into 6 subproblems
Topological decomposition took 0.019 seconds
Subproblem verification time: 0.044 seconds
Subproblem verification time: 0.013 seconds
Subproblem verification time: 0.012 seconds
Subproblem verification time: 0.013 seconds
Subproblem verification time: 0.012 seconds
Subproblem verification time: 0.014 seconds
Minimum batches required: 3
[[6, 1, 24, 25, 30, 54, 49, 78, 73, 72, 87, 102, 97, 126, 121, 120, 135], [13, 39, 61, 85, 109, 133], [35, 34, 82, 130]]
Total program runtime: 0.317 seconds

Kaki stderr:  
Time: 0.317
Solution: []
	Command being timed: "python3 allsynth/run.py -t kaki --GML topologies/topzoo/Renater2001.gml 5 --dir topzoo_res/SeparateWPk/kaki/kaki-2 --e-prop SeparateWPk --repeat 1"
	User time (seconds): 2.12
	System time (seconds): 1.47
	Percent of CPU this job got: 343%
	Elapsed (wall clock) time (h:mm:ss or m:ss): 0:01.05
	Average shared text size (kbytes): 0
	Average unshared data size (kbytes): 0
	Average stack size (kbytes): 0
	Average total size (kbytes): 0
	Maximum resident set size (kbytes): 97576
	Average resident set size (kbytes): 0
	Major (requiring I/O) page faults: 0
	Minor (reclaiming a frame) page faults: 38267
	Voluntary context switches: 3747
	Involuntary context switches: 687
	Swaps: 0
	File system inputs: 0
	File system outputs: 24
	Socket messages sent: 0
	Socket messages received: 0
	Signals delivered: 0
	Page size (bytes): 4096
	Exit status: 0
