Namespace(tool='kaki', exper=None, gml=['topologies/topzoo/Renater2006.gml', '5'], index=None, prop='SeparateWPk', prop_file=None, op_req=None, repeat=1, reduce=False, opt=False, u=False, some=False, count=False, weight_bound=None, savedir='topzoo_res/SeparateWPk/kaki/kaki-2', dump_bdd=False)
Running 5Renater2006.gml
Policy: ((((((((((((((WP(65-197) | WP(66-197)) | WP(130-197)) | WP(195-197)) | WP(40-197)) | WP(138-197)) | WP(152-197)) | WP(115-197)) | WP(180-197)) | WP(87-197)) | WP(24-197)) | WP(122-197)) | WP(189-197)) | WP(30-197)) & (Reach 197))
Initial path of nodes: [15, 16, 7, 6, 0, 24, 23, 32, 48, 49, 40, 39, 33, 57, 56, 65, 81, 82, 73, 72, 66, 90, 89, 98, 114, 115, 106, 105, 99, 123, 122, 131, 147, 148, 139, 138, 132, 156, 155, 164, 180, 181, 172, 171, 165, 189, 188, 197]
Final path of nodes: [15, 16, 7, 20, 21, 30, 31, 32, 48, 49, 40, 53, 54, 63, 64, 65, 81, 82, 73, 86, 87, 96, 97, 98, 114, 115, 106, 119, 120, 129, 130, 131, 147, 148, 139, 152, 153, 162, 163, 164, 180, 181, 172, 185, 186, 195, 196, 197]
{"Initial_routing":[[15, 16], [16, 7], [7, 6], [6, 0], [0, 24], [24, 23], [23, 32], [32, 48], [48, 49], [49, 40], [40, 39], [39, 33], [33, 57], [57, 56], [56, 65], [65, 81], [81, 82], [82, 73], [73, 72], [72, 66], [66, 90], [90, 89], [89, 98], [98, 114], [114, 115], [115, 106], [106, 105], [105, 99], [99, 123], [123, 122], [122, 131], [131, 147], [147, 148], [148, 139], [139, 138], [138, 132], [132, 156], [156, 155], [155, 164], [164, 180], [180, 181], [181, 172], [172, 171], [171, 165], [165, 189], [189, 188], [188, 197]],"Final_routing":[[15, 16], [16, 7], [7, 20], [20, 21], [21, 30], [30, 31], [31, 32], [32, 48], [48, 49], [49, 40], [40, 53], [53, 54], [54, 63], [63, 64], [64, 65], [65, 81], [81, 82], [82, 73], [73, 86], [86, 87], [87, 96], [96, 97], [97, 98], [98, 114], [114, 115], [115, 106], [106, 119], [119, 120], [120, 129], [129, 130], [130, 131], [131, 147], [147, 148], [148, 139], [139, 152], [152, 153], [153, 162], [162, 163], [163, 164], [164, 180], [180, 181], [181, 172], [172, 185], [185, 186], [186, 195], [195, 196], [196, 197]],"Properties":{"Waypoint": { "startNode": -1, "finalNode": -1, "waypoint": []}, "LoopFreedom": { "startNode": -1},"DFA": {"initialState": 0, "finalStates": [30,189,122,24,87,180,115,152,138,40,195,130,65,66], "edges": [{"from": 0, "to": 30, "label": 30},{"from": 0, "to": 189, "label": 189},{"from": 0, "to": 122, "label": 122},{"from": 0, "to": 24, "label": 24},{"from": 0, "to": 87, "label": 87},{"from": 0, "to": 180, "label": 180},{"from": 0, "to": 115, "label": 115},{"from": 0, "to": 152, "label": 152},{"from": 0, "to": 138, "label": 138},{"from": 0, "to": 40, "label": 40},{"from": 0, "to": 195, "label": 195},{"from": 0, "to": 130, "label": 130},{"from": 0, "to": 65, "label": 65},{"from": 0, "to": 66, "label": 66}]},"Reachability":{"startNode":15,"finalNode":197}}}
Kaki stdout:  Version: 1.15 
 kaki/verifypn-linux64 /tmp/tmp4_r4h2r6
DFA generation time: 0.03 seconds 
DFA states: 29 
DFA transitions: 1585
Problem file: /tmp/tmp4_r4h2r6
Switches to update: 54

Decomposed topology into 1 subproblems
Topological decomposition took 0.025 seconds
Subproblem verification time: 2.052 seconds
Minimum batches required: 3
[[20, 53, 86, 119, 152, 185, 21, 30, 31, 54, 63, 64, 87, 96, 97, 120, 129, 130, 153, 162, 163, 186, 195, 196], [172, 139, 106, 73, 40, 7], [6, 0, 24, 23, 39, 33, 57, 56, 72, 66, 90, 89, 105, 99, 123, 122, 138, 132, 156, 155, 171, 165, 189, 188]]
Total program runtime: 2.522 seconds

Kaki stderr:  
Time: 2.522
Solution: []
	Command being timed: "python3 allsynth/run.py -t kaki --GML topologies/topzoo/Renater2006.gml 5 --dir topzoo_res/SeparateWPk/kaki/kaki-2 --e-prop SeparateWPk --repeat 1"
	User time (seconds): 5.52
	System time (seconds): 1.54
	Percent of CPU this job got: 219%
	Elapsed (wall clock) time (h:mm:ss or m:ss): 0:03.21
	Average shared text size (kbytes): 0
	Average unshared data size (kbytes): 0
	Average stack size (kbytes): 0
	Average total size (kbytes): 0
	Maximum resident set size (kbytes): 195804
	Average resident set size (kbytes): 0
	Major (requiring I/O) page faults: 0
	Minor (reclaiming a frame) page faults: 51145
	Voluntary context switches: 5240
	Involuntary context switches: 675
	Swaps: 0
	File system inputs: 0
	File system outputs: 24
	Socket messages sent: 0
	Socket messages received: 0
	Signals delivered: 0
	Page size (bytes): 4096
	Exit status: 0
