Namespace(tool='kaki', exper=None, gml=['topologies/topzoo/Renater2010.gml', '5'], index=None, prop='SeparateWPk', prop_file=None, op_req=None, repeat=1, reduce=False, opt=False, u=False, some=False, count=False, weight_bound=None, savedir='topzoo_res/SeparateWPk/kaki/kaki-2', dump_bdd=False)
Running 5Renater2010.gml
Policy: (((((((((((((((((((((((WP(256-251) | WP(4-251)) | WP(134-251)) | WP(145-251)) | WP(147-251)) | WP(36-251)) | WP(41-251)) | WP(170-251)) | WP(51-251)) | WP(53-251)) | WP(189-251)) | WP(190-251)) | WP(75-251)) | WP(76-251)) | WP(203-251)) | WP(213-251)) | WP(219-251)) | WP(94-251)) | WP(104-251)) | WP(233-251)) | WP(119-251)) | WP(251-251)) | WP(127-251)) & (Reach 251))
Initial path of nodes: [18, 11, 10, 19, 42, 41, 40, 32, 37, 36, 51, 48, 74, 47, 43, 76, 59, 60, 61, 54, 104, 97, 96, 105, 128, 127, 126, 118, 123, 122, 147, 140, 139, 148, 171, 170, 169, 161, 166, 165, 190, 183, 182, 191, 214, 213, 212, 204, 209, 208, 233, 226, 225, 234, 257, 256, 255, 247, 252, 251]
Final path of nodes: [18, 17, 16, 33, 0, 4, 31, 5, 8, 35, 36, 51, 78, 79, 80, 75, 83, 84, 85, 62, 53, 54, 104, 103, 102, 119, 86, 90, 117, 91, 94, 121, 122, 147, 146, 145, 162, 129, 133, 160, 134, 137, 164, 165, 190, 189, 188, 205, 172, 176, 203, 177, 180, 207, 208, 233, 232, 231, 248, 215, 219, 246, 220, 223, 250, 251]
{"Initial_routing":[[18, 11], [11, 10], [10, 19], [19, 42], [42, 41], [41, 40], [40, 32], [32, 37], [37, 36], [36, 51], [51, 48], [48, 74], [74, 47], [47, 43], [43, 76], [76, 59], [59, 60], [60, 61], [61, 54], [54, 104], [104, 97], [97, 96], [96, 105], [105, 128], [128, 127], [127, 126], [126, 118], [118, 123], [123, 122], [122, 147], [147, 140], [140, 139], [139, 148], [148, 171], [171, 170], [170, 169], [169, 161], [161, 166], [166, 165], [165, 190], [190, 183], [183, 182], [182, 191], [191, 214], [214, 213], [213, 212], [212, 204], [204, 209], [209, 208], [208, 233], [233, 226], [226, 225], [225, 234], [234, 257], [257, 256], [256, 255], [255, 247], [247, 252], [252, 251]],"Final_routing":[[18, 17], [17, 16], [16, 33], [33, 0], [0, 4], [4, 31], [31, 5], [5, 8], [8, 35], [35, 36], [36, 51], [51, 78], [78, 79], [79, 80], [80, 75], [75, 83], [83, 84], [84, 85], [85, 62], [62, 53], [53, 54], [54, 104], [104, 103], [103, 102], [102, 119], [119, 86], [86, 90], [90, 117], [117, 91], [91, 94], [94, 121], [121, 122], [122, 147], [147, 146], [146, 145], [145, 162], [162, 129], [129, 133], [133, 160], [160, 134], [134, 137], [137, 164], [164, 165], [165, 190], [190, 189], [189, 188], [188, 205], [205, 172], [172, 176], [176, 203], [203, 177], [177, 180], [180, 207], [207, 208], [208, 233], [233, 232], [232, 231], [231, 248], [248, 215], [215, 219], [219, 246], [246, 220], [220, 223], [223, 250], [250, 251]],"Properties":{"Waypoint": { "startNode": -1, "finalNode": -1, "waypoint": []}, "LoopFreedom": { "startNode": -1},"DFA": {"initialState": 0, "finalStates": [127,251,119,233,104,94,219,213,203,76,75,190,189,53,51,170,41,36,147,145,134,256,4], "edges": [{"from": 0, "to": 127, "label": 127},{"from": 0, "to": 251, "label": 251},{"from": 0, "to": 119, "label": 119},{"from": 0, "to": 233, "label": 233},{"from": 0, "to": 104, "label": 104},{"from": 0, "to": 94, "label": 94},{"from": 0, "to": 219, "label": 219},{"from": 0, "to": 213, "label": 213},{"from": 0, "to": 203, "label": 203},{"from": 0, "to": 76, "label": 76},{"from": 0, "to": 75, "label": 75},{"from": 0, "to": 190, "label": 190},{"from": 0, "to": 189, "label": 189},{"from": 0, "to": 53, "label": 53},{"from": 0, "to": 51, "label": 51},{"from": 0, "to": 170, "label": 170},{"from": 0, "to": 41, "label": 41},{"from": 0, "to": 36, "label": 36},{"from": 0, "to": 147, "label": 147},{"from": 0, "to": 145, "label": 145},{"from": 0, "to": 134, "label": 134},{"from": 0, "to": 256, "label": 256},{"from": 0, "to": 4, "label": 4}]},"Reachability":{"startNode":18,"finalNode":251}}}
Kaki stdout:  Version: 1.15 
 kaki/verifypn-linux64 /tmp/tmpupf8fcgd
DFA generation time: 0.045 seconds 
DFA states: 113 
DFA transitions: 11141
Problem file: /tmp/tmpupf8fcgd
Switches to update: 108

Decomposed topology into 1 subproblems
Topological decomposition took 0.082 seconds
Subproblem verification time: 11.384 seconds
Minimum batches required: 3
[[17, 78, 103, 146, 189, 232, 16, 33, 0, 4, 31, 5, 8, 35, 79, 80, 75, 83, 84, 85, 62, 53, 102, 119, 86, 90, 117, 91, 94, 121, 145, 162, 129, 133, 160, 134, 137, 164, 188, 205, 172, 176, 203, 177, 180, 207, 231, 248, 215, 219, 246, 220, 223, 250], [233, 190, 147, 104, 51, 18], [11, 10, 19, 42, 41, 40, 32, 37, 48, 74, 47, 43, 76, 59, 60, 61, 97, 96, 105, 128, 127, 126, 118, 123, 140, 139, 148, 171, 170, 169, 161, 166, 183, 182, 191, 214, 213, 212, 204, 209, 226, 225, 234, 257, 256, 255, 247, 252]]
Total program runtime: 15.93 seconds

Kaki stderr:  
Time: 15.93
Solution: []
	Command being timed: "python3 allsynth/run.py -t kaki --GML topologies/topzoo/Renater2010.gml 5 --dir topzoo_res/SeparateWPk/kaki/kaki-2 --e-prop SeparateWPk --repeat 1"
	User time (seconds): 20.69
	System time (seconds): 1.78
	Percent of CPU this job got: 135%
	Elapsed (wall clock) time (h:mm:ss or m:ss): 0:16.64
	Average shared text size (kbytes): 0
	Average unshared data size (kbytes): 0
	Average stack size (kbytes): 0
	Average total size (kbytes): 0
	Maximum resident set size (kbytes): 657632
	Average resident set size (kbytes): 0
	Major (requiring I/O) page faults: 0
	Minor (reclaiming a frame) page faults: 105939
	Voluntary context switches: 7222
	Involuntary context switches: 134708
	Swaps: 0
	File system inputs: 0
	File system outputs: 32
	Socket messages sent: 0
	Socket messages received: 0
	Signals delivered: 0
	Page size (bytes): 4096
	Exit status: 0
