Namespace(tool='kaki', exper=None, gml=['topologies/topzoo/Sanet.gml', '5'], index=None, prop='SeparateWPk', prop_file=None, op_req=None, repeat=1, reduce=False, opt=False, u=False, some=False, count=False, weight_bound=None, savedir='topzoo_res/SeparateWPk/kaki/kaki-2', dump_bdd=False)
Running 5Sanet.gml
Policy: ((((((((((((((((((((((((((((((((WP(0-249) | WP(134-249)) | WP(141-249)) | WP(24-249)) | WP(29-249)) | WP(159-249)) | WP(160-249)) | WP(163-249)) | WP(42-249)) | WP(44-249)) | WP(176-249)) | WP(49-249)) | WP(68-249)) | WP(196-249)) | WP(198-249)) | WP(199-249)) | WP(71-249)) | WP(75-249)) | WP(80-249)) | WP(214-249)) | WP(215-249)) | WP(88-249)) | WP(87-249)) | WP(94-249)) | WP(238-249)) | WP(240-249)) | WP(241-249)) | WP(244-249)) | WP(117-249)) | WP(118-249)) | WP(120-249)) | WP(254-249)) & (Reach 249))
Initial path of nodes: [26, 25, 32, 31, 27, 29, 28, 8, 5, 4, 0, 3, 2, 34, 53, 80, 81, 58, 57, 56, 49, 66, 67, 73, 74, 75, 68, 69, 112, 111, 118, 117, 113, 115, 114, 94, 91, 90, 86, 89, 88, 120, 155, 154, 161, 160, 156, 158, 157, 137, 134, 133, 129, 132, 131, 163, 198, 197, 204, 203, 199, 201, 200, 180, 177, 176, 172, 175, 174, 206, 241, 240, 247, 246, 242, 244, 243, 223, 220, 219, 215, 218, 217, 249]
Final path of nodes: [26, 25, 32, 31, 30, 24, 23, 6, 1, 12, 42, 39, 33, 34, 53, 80, 81, 82, 85, 55, 44, 49, 50, 48, 51, 71, 72, 70, 74, 75, 68, 69, 112, 111, 118, 117, 116, 110, 109, 92, 87, 98, 128, 125, 119, 120, 155, 154, 161, 160, 159, 153, 152, 135, 130, 141, 171, 168, 162, 163, 198, 197, 204, 203, 202, 196, 195, 178, 173, 184, 214, 211, 205, 206, 241, 240, 247, 246, 245, 239, 238, 221, 216, 227, 257, 254, 248, 249]
{"Initial_routing":[[26, 25], [25, 32], [32, 31], [31, 27], [27, 29], [29, 28], [28, 8], [8, 5], [5, 4], [4, 0], [0, 3], [3, 2], [2, 34], [34, 53], [53, 80], [80, 81], [81, 58], [58, 57], [57, 56], [56, 49], [49, 66], [66, 67], [67, 73], [73, 74], [74, 75], [75, 68], [68, 69], [69, 112], [112, 111], [111, 118], [118, 117], [117, 113], [113, 115], [115, 114], [114, 94], [94, 91], [91, 90], [90, 86], [86, 89], [89, 88], [88, 120], [120, 155], [155, 154], [154, 161], [161, 160], [160, 156], [156, 158], [158, 157], [157, 137], [137, 134], [134, 133], [133, 129], [129, 132], [132, 131], [131, 163], [163, 198], [198, 197], [197, 204], [204, 203], [203, 199], [199, 201], [201, 200], [200, 180], [180, 177], [177, 176], [176, 172], [172, 175], [175, 174], [174, 206], [206, 241], [241, 240], [240, 247], [247, 246], [246, 242], [242, 244], [244, 243], [243, 223], [223, 220], [220, 219], [219, 215], [215, 218], [218, 217], [217, 249]],"Final_routing":[[26, 25], [25, 32], [32, 31], [31, 30], [30, 24], [24, 23], [23, 6], [6, 1], [1, 12], [12, 42], [42, 39], [39, 33], [33, 34], [34, 53], [53, 80], [80, 81], [81, 82], [82, 85], [85, 55], [55, 44], [44, 49], [49, 50], [50, 48], [48, 51], [51, 71], [71, 72], [72, 70], [70, 74], [74, 75], [75, 68], [68, 69], [69, 112], [112, 111], [111, 118], [118, 117], [117, 116], [116, 110], [110, 109], [109, 92], [92, 87], [87, 98], [98, 128], [128, 125], [125, 119], [119, 120], [120, 155], [155, 154], [154, 161], [161, 160], [160, 159], [159, 153], [153, 152], [152, 135], [135, 130], [130, 141], [141, 171], [171, 168], [168, 162], [162, 163], [163, 198], [198, 197], [197, 204], [204, 203], [203, 202], [202, 196], [196, 195], [195, 178], [178, 173], [173, 184], [184, 214], [214, 211], [211, 205], [205, 206], [206, 241], [241, 240], [240, 247], [247, 246], [246, 245], [245, 239], [239, 238], [238, 221], [221, 216], [216, 227], [227, 257], [257, 254], [254, 248], [248, 249]],"Properties":{"Waypoint": { "startNode": -1, "finalNode": -1, "waypoint": []}, "LoopFreedom": { "startNode": -1},"DFA": {"initialState": 0, "finalStates": [254,120,118,117,244,241,240,238,94,87,88,215,214,80,75,71,199,198,196,68,49,176,44,42,163,160,159,29,24,141,0,134], "edges": [{"from": 0, "to": 254, "label": 254},{"from": 0, "to": 120, "label": 120},{"from": 0, "to": 118, "label": 118},{"from": 0, "to": 117, "label": 117},{"from": 0, "to": 244, "label": 244},{"from": 0, "to": 241, "label": 241},{"from": 0, "to": 240, "label": 240},{"from": 0, "to": 238, "label": 238},{"from": 0, "to": 94, "label": 94},{"from": 0, "to": 87, "label": 87},{"from": 0, "to": 88, "label": 88},{"from": 0, "to": 215, "label": 215},{"from": 0, "to": 214, "label": 214},{"from": 0, "to": 80, "label": 80},{"from": 0, "to": 75, "label": 75},{"from": 0, "to": 71, "label": 71},{"from": 0, "to": 199, "label": 199},{"from": 0, "to": 198, "label": 198},{"from": 0, "to": 196, "label": 196},{"from": 0, "to": 68, "label": 68},{"from": 0, "to": 49, "label": 49},{"from": 0, "to": 176, "label": 176},{"from": 0, "to": 44, "label": 44},{"from": 0, "to": 42, "label": 42},{"from": 0, "to": 163, "label": 163},{"from": 0, "to": 160, "label": 160},{"from": 0, "to": 159, "label": 159},{"from": 0, "to": 29, "label": 29},{"from": 0, "to": 24, "label": 24},{"from": 0, "to": 141, "label": 141},{"from": 0, "to": 0, "label": 0},{"from": 0, "to": 134, "label": 134}]},"Reachability":{"startNode":26,"finalNode":249}}}
Kaki stdout:  Version: 1.15 
 kaki/verifypn-linux64 /tmp/tmp6a9m1ox_
DFA generation time: 0.062 seconds 
DFA states: 54 
DFA transitions: 6189
Problem file: /tmp/tmp6a9m1ox_
Switches to update: 113

Decomposed topology into 1 subproblems
Topological decomposition took 0.067 seconds
Subproblem verification time: 20.425 seconds
Minimum batches required: 3
[[30, 82, 50, 116, 159, 202, 245, 24, 23, 6, 1, 12, 42, 39, 33, 85, 55, 44, 48, 51, 71, 72, 70, 110, 109, 92, 87, 98, 128, 125, 119, 153, 152, 135, 130, 141, 171, 168, 162, 196, 195, 178, 173, 184, 214, 211, 205, 239, 238, 221, 216, 227, 257, 254, 248], [246, 203, 160, 117, 49, 81, 31], [27, 29, 28, 8, 5, 4, 0, 3, 2, 58, 57, 56, 66, 67, 73, 113, 115, 114, 94, 91, 90, 86, 89, 88, 156, 158, 157, 137, 134, 133, 129, 132, 131, 199, 201, 200, 180, 177, 176, 172, 175, 174, 242, 244, 243, 223, 220, 219, 215, 218, 217]]
Total program runtime: 21.891 seconds

Kaki stderr:  
Time: 21.891
Solution: []
	Command being timed: "python3 allsynth/run.py -t kaki --GML topologies/topzoo/Sanet.gml 5 --dir topzoo_res/SeparateWPk/kaki/kaki-2 --e-prop SeparateWPk --repeat 1"
	User time (seconds): 25.83
	System time (seconds): 1.74
	Percent of CPU this job got: 121%
	Elapsed (wall clock) time (h:mm:ss or m:ss): 0:22.65
	Average shared text size (kbytes): 0
	Average unshared data size (kbytes): 0
	Average stack size (kbytes): 0
	Average total size (kbytes): 0
	Maximum resident set size (kbytes): 525896
	Average resident set size (kbytes): 0
	Major (requiring I/O) page faults: 0
	Minor (reclaiming a frame) page faults: 90504
	Voluntary context switches: 7363
	Involuntary context switches: 2150
	Swaps: 0
	File system inputs: 0
	File system outputs: 32
	Socket messages sent: 0
	Socket messages received: 0
	Signals delivered: 0
	Page size (bytes): 4096
	Exit status: 0
