Namespace(tool='kaki', exper=None, gml=['topologies/topzoo/Switch.gml', '5'], index=None, prop='SeparateWPk', prop_file=None, op_req=None, repeat=1, reduce=False, opt=False, u=False, some=False, count=False, weight_bound=None, savedir='topzoo_res/SeparateWPk/kaki/kaki-2', dump_bdd=False)
Running 5Switch.gml
Policy: ((((((((((((((((((((((((((((WP(256-432) | WP(129-432)) | WP(385-432)) | WP(8-432)) | WP(264-432)) | WP(15-432)) | WP(150-432)) | WP(283-432)) | WP(284-432)) | WP(421-432)) | WP(166-432)) | WP(297-432)) | WP(170-432)) | WP(176-432)) | WP(51-432)) | WP(436-432)) | WP(310-432)) | WP(183-432)) | WP(316-432)) | WP(66-432)) | WP(86-432)) | WP(225-432)) | WP(104-432)) | WP(365-432)) | WP(114-432)) | WP(374-432)) | WP(378-432)) | WP(123-432)) & (Reach 432))
Initial path of nodes: [4, 40, 2, 42, 14, 8, 30, 35, 3, 69, 66, 49, 18, 62, 78, 114, 76, 116, 88, 82, 104, 109, 77, 143, 140, 123, 92, 136, 152, 188, 150, 190, 162, 156, 178, 183, 151, 217, 214, 197, 166, 210, 226, 262, 224, 264, 236, 230, 252, 257, 225, 291, 288, 271, 240, 284, 300, 336, 298, 338, 310, 304, 326, 331, 299, 365, 362, 345, 314, 358, 374, 410, 372, 412, 384, 378, 400, 405, 373, 439, 436, 419, 388, 432]
Final path of nodes: [4, 40, 2, 61, 1, 15, 12, 22, 34, 20, 51, 55, 28, 62, 78, 114, 76, 135, 75, 89, 86, 96, 108, 94, 125, 129, 102, 136, 152, 188, 150, 209, 149, 163, 160, 170, 182, 168, 199, 203, 176, 210, 226, 262, 224, 283, 223, 237, 234, 244, 256, 242, 273, 277, 250, 284, 300, 336, 298, 357, 297, 311, 308, 318, 330, 316, 347, 351, 324, 358, 374, 410, 372, 431, 371, 385, 382, 392, 404, 390, 421, 425, 398, 432]
{"Initial_routing":[[4, 40], [40, 2], [2, 42], [42, 14], [14, 8], [8, 30], [30, 35], [35, 3], [3, 69], [69, 66], [66, 49], [49, 18], [18, 62], [62, 78], [78, 114], [114, 76], [76, 116], [116, 88], [88, 82], [82, 104], [104, 109], [109, 77], [77, 143], [143, 140], [140, 123], [123, 92], [92, 136], [136, 152], [152, 188], [188, 150], [150, 190], [190, 162], [162, 156], [156, 178], [178, 183], [183, 151], [151, 217], [217, 214], [214, 197], [197, 166], [166, 210], [210, 226], [226, 262], [262, 224], [224, 264], [264, 236], [236, 230], [230, 252], [252, 257], [257, 225], [225, 291], [291, 288], [288, 271], [271, 240], [240, 284], [284, 300], [300, 336], [336, 298], [298, 338], [338, 310], [310, 304], [304, 326], [326, 331], [331, 299], [299, 365], [365, 362], [362, 345], [345, 314], [314, 358], [358, 374], [374, 410], [410, 372], [372, 412], [412, 384], [384, 378], [378, 400], [400, 405], [405, 373], [373, 439], [439, 436], [436, 419], [419, 388], [388, 432]],"Final_routing":[[4, 40], [40, 2], [2, 61], [61, 1], [1, 15], [15, 12], [12, 22], [22, 34], [34, 20], [20, 51], [51, 55], [55, 28], [28, 62], [62, 78], [78, 114], [114, 76], [76, 135], [135, 75], [75, 89], [89, 86], [86, 96], [96, 108], [108, 94], [94, 125], [125, 129], [129, 102], [102, 136], [136, 152], [152, 188], [188, 150], [150, 209], [209, 149], [149, 163], [163, 160], [160, 170], [170, 182], [182, 168], [168, 199], [199, 203], [203, 176], [176, 210], [210, 226], [226, 262], [262, 224], [224, 283], [283, 223], [223, 237], [237, 234], [234, 244], [244, 256], [256, 242], [242, 273], [273, 277], [277, 250], [250, 284], [284, 300], [300, 336], [336, 298], [298, 357], [357, 297], [297, 311], [311, 308], [308, 318], [318, 330], [330, 316], [316, 347], [347, 351], [351, 324], [324, 358], [358, 374], [374, 410], [410, 372], [372, 431], [431, 371], [371, 385], [385, 382], [382, 392], [392, 404], [404, 390], [390, 421], [421, 425], [425, 398], [398, 432]],"Properties":{"Waypoint": { "startNode": -1, "finalNode": -1, "waypoint": []}, "LoopFreedom": { "startNode": -1},"DFA": {"initialState": 0, "finalStates": [123,378,374,114,365,104,225,86,66,316,183,310,436,51,176,170,297,166,421,284,283,150,15,264,8,385,256,129], "edges": [{"from": 0, "to": 123, "label": 123},{"from": 0, "to": 378, "label": 378},{"from": 0, "to": 374, "label": 374},{"from": 0, "to": 114, "label": 114},{"from": 0, "to": 365, "label": 365},{"from": 0, "to": 104, "label": 104},{"from": 0, "to": 225, "label": 225},{"from": 0, "to": 86, "label": 86},{"from": 0, "to": 66, "label": 66},{"from": 0, "to": 316, "label": 316},{"from": 0, "to": 183, "label": 183},{"from": 0, "to": 310, "label": 310},{"from": 0, "to": 436, "label": 436},{"from": 0, "to": 51, "label": 51},{"from": 0, "to": 176, "label": 176},{"from": 0, "to": 170, "label": 170},{"from": 0, "to": 297, "label": 297},{"from": 0, "to": 166, "label": 166},{"from": 0, "to": 421, "label": 421},{"from": 0, "to": 284, "label": 284},{"from": 0, "to": 283, "label": 283},{"from": 0, "to": 150, "label": 150},{"from": 0, "to": 15, "label": 15},{"from": 0, "to": 264, "label": 264},{"from": 0, "to": 8, "label": 8},{"from": 0, "to": 385, "label": 385},{"from": 0, "to": 256, "label": 256},{"from": 0, "to": 129, "label": 129}]},"Reachability":{"startNode":4,"finalNode":432}}}
Kaki stdout:  Version: 1.15 
 kaki/verifypn-linux64 /tmp/tmp43ybcvir
DFA generation time: 0.06 seconds 
DFA states: 47 
DFA transitions: 5553
Problem file: /tmp/tmp43ybcvir
Switches to update: 126

Decomposed topology into 1 subproblems
Topological decomposition took 0.075 seconds
Subproblem verification time: 9.821 seconds
Minimum batches required: 3
[[61, 135, 209, 283, 357, 431, 1, 15, 12, 22, 34, 20, 51, 55, 28, 75, 89, 86, 96, 108, 94, 125, 129, 102, 149, 163, 160, 170, 182, 168, 199, 203, 176, 223, 237, 234, 244, 256, 242, 273, 277, 250, 297, 311, 308, 318, 330, 316, 347, 351, 324, 371, 385, 382, 392, 404, 390, 421, 425, 398], [372, 298, 224, 150, 76, 2], [42, 14, 8, 30, 35, 3, 69, 66, 49, 18, 116, 88, 82, 104, 109, 77, 143, 140, 123, 92, 190, 162, 156, 178, 183, 151, 217, 214, 197, 166, 264, 236, 230, 252, 257, 225, 291, 288, 271, 240, 338, 310, 304, 326, 331, 299, 365, 362, 345, 314, 412, 384, 378, 400, 405, 373, 439, 436, 419, 388]]
Total program runtime: 11.615 seconds

Kaki stderr:  
Time: 11.615
Solution: []
	Command being timed: "python3 allsynth/run.py -t kaki --GML topologies/topzoo/Switch.gml 5 --dir topzoo_res/SeparateWPk/kaki/kaki-2 --e-prop SeparateWPk --repeat 1"
	User time (seconds): 16.92
	System time (seconds): 1.93
	Percent of CPU this job got: 149%
	Elapsed (wall clock) time (h:mm:ss or m:ss): 0:12.61
	Average shared text size (kbytes): 0
	Average unshared data size (kbytes): 0
	Average stack size (kbytes): 0
	Average total size (kbytes): 0
	Maximum resident set size (kbytes): 571592
	Average resident set size (kbytes): 0
	Major (requiring I/O) page faults: 0
	Minor (reclaiming a frame) page faults: 83072
	Voluntary context switches: 6534
	Involuntary context switches: 2066
	Swaps: 0
	File system inputs: 0
	File system outputs: 32
	Socket messages sent: 0
	Socket messages received: 0
	Signals delivered: 0
	Page size (bytes): 4096
	Exit status: 0
