Namespace(tool='kaki', exper=None, gml=['topologies/topzoo/Uunet.gml', '5'], index=None, prop='SeparateWPk', prop_file=None, op_req=None, repeat=1, reduce=False, opt=False, u=False, some=False, count=False, weight_bound=None, savedir='topzoo_res/SeparateWPk/kaki/kaki-2', dump_bdd=False)
Running 5Uunet.gml
Policy: ((((((((((((((WP(0-285) | WP(131-285)) | WP(262-285)) | WP(7-285)) | WP(200-285)) | WP(137-285)) | WP(202-285)) | WP(266-285)) | WP(112-285)) | WP(82-285)) | WP(252-285)) | WP(88-285)) | WP(187-285)) | WP(156-285)) & (Reach 285))
Initial path of nodes: [17, 15, 14, 9, 6, 7, 20, 39, 40, 51, 88, 52, 49, 53, 62, 82, 67, 68, 115, 113, 112, 107, 104, 105, 118, 137, 138, 164, 162, 161, 156, 153, 154, 167, 186, 187, 213, 211, 210, 205, 202, 203, 216, 235, 236, 262, 260, 259, 254, 251, 252, 265, 284, 285]
Final path of nodes: [17, 15, 14, 13, 4, 0, 3, 39, 40, 51, 88, 69, 56, 55, 58, 82, 67, 68, 115, 114, 131, 111, 102, 98, 101, 137, 138, 164, 163, 180, 156, 170, 168, 167, 186, 187, 213, 212, 229, 209, 200, 196, 199, 235, 236, 262, 261, 278, 254, 268, 266, 265, 284, 285]
{"Initial_routing":[[17, 15], [15, 14], [14, 9], [9, 6], [6, 7], [7, 20], [20, 39], [39, 40], [40, 51], [51, 88], [88, 52], [52, 49], [49, 53], [53, 62], [62, 82], [82, 67], [67, 68], [68, 115], [115, 113], [113, 112], [112, 107], [107, 104], [104, 105], [105, 118], [118, 137], [137, 138], [138, 164], [164, 162], [162, 161], [161, 156], [156, 153], [153, 154], [154, 167], [167, 186], [186, 187], [187, 213], [213, 211], [211, 210], [210, 205], [205, 202], [202, 203], [203, 216], [216, 235], [235, 236], [236, 262], [262, 260], [260, 259], [259, 254], [254, 251], [251, 252], [252, 265], [265, 284], [284, 285]],"Final_routing":[[17, 15], [15, 14], [14, 13], [13, 4], [4, 0], [0, 3], [3, 39], [39, 40], [40, 51], [51, 88], [88, 69], [69, 56], [56, 55], [55, 58], [58, 82], [82, 67], [67, 68], [68, 115], [115, 114], [114, 131], [131, 111], [111, 102], [102, 98], [98, 101], [101, 137], [137, 138], [138, 164], [164, 163], [163, 180], [180, 156], [156, 170], [170, 168], [168, 167], [167, 186], [186, 187], [187, 213], [213, 212], [212, 229], [229, 209], [209, 200], [200, 196], [196, 199], [199, 235], [235, 236], [236, 262], [262, 261], [261, 278], [278, 254], [254, 268], [268, 266], [266, 265], [265, 284], [284, 285]],"Properties":{"Waypoint": { "startNode": -1, "finalNode": -1, "waypoint": []}, "LoopFreedom": { "startNode": -1},"DFA": {"initialState": 0, "finalStates": [156,187,88,252,82,112,266,202,137,200,7,262,0,131], "edges": [{"from": 0, "to": 156, "label": 156},{"from": 0, "to": 187, "label": 187},{"from": 0, "to": 88, "label": 88},{"from": 0, "to": 252, "label": 252},{"from": 0, "to": 82, "label": 82},{"from": 0, "to": 112, "label": 112},{"from": 0, "to": 266, "label": 266},{"from": 0, "to": 202, "label": 202},{"from": 0, "to": 137, "label": 137},{"from": 0, "to": 200, "label": 200},{"from": 0, "to": 7, "label": 7},{"from": 0, "to": 262, "label": 262},{"from": 0, "to": 0, "label": 0},{"from": 0, "to": 131, "label": 131}]},"Reachability":{"startNode":17,"finalNode":285}}}
Kaki stdout:  Version: 1.15 
 kaki/verifypn-linux64 /tmp/tmpbhe_9ylu
DFA generation time: 0.031 seconds 
DFA states: 22 
DFA transitions: 1426
Problem file: /tmp/tmpbhe_9ylu
Switches to update: 64

Decomposed topology into 1 subproblems
Topological decomposition took 0.026 seconds
Subproblem verification time: 19.57 seconds
Minimum batches required: 3
[[13, 69, 114, 163, 170, 212, 261, 268, 4, 0, 3, 56, 55, 58, 131, 111, 102, 98, 101, 180, 168, 229, 209, 200, 196, 199, 278, 266], [254, 262, 213, 156, 164, 115, 88, 14], [9, 6, 7, 20, 52, 49, 53, 62, 113, 112, 107, 104, 105, 118, 162, 161, 153, 154, 211, 210, 205, 202, 203, 216, 260, 259, 251, 252]]
Total program runtime: 20.171 seconds

Kaki stderr:  
Time: 20.171
Solution: []
	Command being timed: "python3 allsynth/run.py -t kaki --GML topologies/topzoo/Uunet.gml 5 --dir topzoo_res/SeparateWPk/kaki/kaki-2 --e-prop SeparateWPk --repeat 1"
	User time (seconds): 23.39
	System time (seconds): 1.59
	Percent of CPU this job got: 119%
	Elapsed (wall clock) time (h:mm:ss or m:ss): 0:20.96
	Average shared text size (kbytes): 0
	Average unshared data size (kbytes): 0
	Average stack size (kbytes): 0
	Average total size (kbytes): 0
	Maximum resident set size (kbytes): 296940
	Average resident set size (kbytes): 0
	Major (requiring I/O) page faults: 0
	Minor (reclaiming a frame) page faults: 78359
	Voluntary context switches: 3867
	Involuntary context switches: 2258
	Swaps: 0
	File system inputs: 0
	File system outputs: 24
	Socket messages sent: 0
	Socket messages received: 0
	Signals delivered: 0
	Page size (bytes): 4096
	Exit status: 0
