Namespace(tool='kaki', exper=None, gml=['topologies/topzoo/Vinaren.gml', '5'], index=None, prop='SeparateWPk', prop_file=None, op_req=None, repeat=1, reduce=False, opt=False, u=False, some=False, count=False, weight_bound=None, savedir='topzoo_res/SeparateWPk/kaki/kaki-2', dump_bdd=False)
Running 5Vinaren.gml
Policy: (((((((((((((((((WP(66-148) | WP(102-148)) | WP(6-148)) | WP(73-148)) | WP(137-148)) | WP(74-148)) | WP(76-148)) | WP(105-148)) | WP(81-148)) | WP(49-148)) | WP(52-148)) | WP(149-148)) | WP(116-148)) | WP(24-148)) | WP(26-148)) | WP(27-148)) | WP(127-148)) & (Reach 148))
Initial path of nodes: [12, 16, 2, 1, 6, 24, 23, 29, 49, 31, 26, 27, 41, 37, 62, 66, 52, 51, 56, 74, 73, 87, 91, 77, 76, 81, 99, 98, 112, 116, 102, 101, 106, 124, 123, 137, 141, 127, 126, 131, 149, 148]
Final path of nodes: [12, 16, 2, 3, 1, 6, 5, 24, 23, 29, 49, 30, 31, 26, 28, 27, 41, 37, 62, 66, 52, 53, 51, 56, 55, 74, 73, 87, 91, 77, 76, 81, 99, 98, 112, 116, 102, 103, 101, 106, 105, 124, 123, 137, 141, 127, 126, 131, 149, 148]
{"Initial_routing":[[12, 16], [16, 2], [2, 1], [1, 6], [6, 24], [24, 23], [23, 29], [29, 49], [49, 31], [31, 26], [26, 27], [27, 41], [41, 37], [37, 62], [62, 66], [66, 52], [52, 51], [51, 56], [56, 74], [74, 73], [73, 87], [87, 91], [91, 77], [77, 76], [76, 81], [81, 99], [99, 98], [98, 112], [112, 116], [116, 102], [102, 101], [101, 106], [106, 124], [124, 123], [123, 137], [137, 141], [141, 127], [127, 126], [126, 131], [131, 149], [149, 148]],"Final_routing":[[12, 16], [16, 2], [2, 3], [3, 1], [1, 6], [6, 5], [5, 24], [24, 23], [23, 29], [29, 49], [49, 30], [30, 31], [31, 26], [26, 28], [28, 27], [27, 41], [41, 37], [37, 62], [62, 66], [66, 52], [52, 53], [53, 51], [51, 56], [56, 55], [55, 74], [74, 73], [73, 87], [87, 91], [91, 77], [77, 76], [76, 81], [81, 99], [99, 98], [98, 112], [112, 116], [116, 102], [102, 103], [103, 101], [101, 106], [106, 105], [105, 124], [124, 123], [123, 137], [137, 141], [141, 127], [127, 126], [126, 131], [131, 149], [149, 148]],"Properties":{"Waypoint": { "startNode": -1, "finalNode": -1, "waypoint": []}, "LoopFreedom": { "startNode": -1},"DFA": {"initialState": 0, "finalStates": [127,27,26,24,116,149,52,49,81,105,76,74,137,73,6,66,102], "edges": [{"from": 0, "to": 127, "label": 127},{"from": 0, "to": 27, "label": 27},{"from": 0, "to": 26, "label": 26},{"from": 0, "to": 24, "label": 24},{"from": 0, "to": 116, "label": 116},{"from": 0, "to": 149, "label": 149},{"from": 0, "to": 52, "label": 52},{"from": 0, "to": 49, "label": 49},{"from": 0, "to": 81, "label": 81},{"from": 0, "to": 105, "label": 105},{"from": 0, "to": 76, "label": 76},{"from": 0, "to": 74, "label": 74},{"from": 0, "to": 137, "label": 137},{"from": 0, "to": 73, "label": 73},{"from": 0, "to": 6, "label": 6},{"from": 0, "to": 66, "label": 66},{"from": 0, "to": 102, "label": 102}]},"Reachability":{"startNode":12,"finalNode":148}}}
Kaki stdout:  Version: 1.15 
 kaki/verifypn-linux64 /tmp/tmpaqxqco0i
DFA generation time: 0.022 seconds 
DFA states: 52 
DFA transitions: 1463
Problem file: /tmp/tmpaqxqco0i
Switches to update: 16

Decomposed topology into 8 subproblems
Topological decomposition took 0.022 seconds
Subproblem verification time: 0.042 seconds
Subproblem verification time: 0.011 seconds
Subproblem verification time: 0.012 seconds
Subproblem verification time: 0.012 seconds
Subproblem verification time: 0.011 seconds
Subproblem verification time: 0.012 seconds
Subproblem verification time: 0.012 seconds
Subproblem verification time: 0.012 seconds
Minimum batches required: 2
[[3, 5, 30, 28, 53, 55, 103, 105], [2, 6, 49, 26, 52, 56, 102, 106]]
Total program runtime: 0.341 seconds

Kaki stderr:  
Time: 0.341
Solution: []
	Command being timed: "python3 allsynth/run.py -t kaki --GML topologies/topzoo/Vinaren.gml 5 --dir topzoo_res/SeparateWPk/kaki/kaki-2 --e-prop SeparateWPk --repeat 1"
	User time (seconds): 1.98
	System time (seconds): 1.44
	Percent of CPU this job got: 335%
	Elapsed (wall clock) time (h:mm:ss or m:ss): 0:01.02
	Average shared text size (kbytes): 0
	Average unshared data size (kbytes): 0
	Average stack size (kbytes): 0
	Average total size (kbytes): 0
	Maximum resident set size (kbytes): 95516
	Average resident set size (kbytes): 0
	Major (requiring I/O) page faults: 0
	Minor (reclaiming a frame) page faults: 40696
	Voluntary context switches: 4441
	Involuntary context switches: 351
	Swaps: 0
	File system inputs: 0
	File system outputs: 24
	Socket messages sent: 0
	Socket messages received: 0
	Signals delivered: 0
	Page size (bytes): 4096
	Exit status: 0
