Namespace(tool='kaki', exper=None, gml=['topologies/topzoo/WideJpn.gml', '5'], index=None, prop='SeparateWPk', prop_file=None, op_req=None, repeat=1, reduce=False, opt=False, u=False, some=False, count=False, weight_bound=None, savedir='topzoo_res/SeparateWPk/kaki/kaki-2', dump_bdd=False)
Running 5WideJpn.gml
Policy: ((((((((((((((((((WP(160-165) | WP(161-165)) | WP(2-165)) | WP(105-165)) | WP(10-165)) | WP(45-165)) | WP(111-165)) | WP(80-165)) | WP(81-165)) | WP(50-165)) | WP(152-165)) | WP(52-165)) | WP(119-165)) | WP(120-165)) | WP(90-165)) | WP(59-165)) | WP(61-165)) | WP(126-165)) & (Reach 165))
Initial path of nodes: [11, 29, 20, 0, 1, 2, 21, 15, 41, 59, 50, 30, 31, 32, 51, 45, 71, 89, 80, 60, 61, 62, 81, 75, 101, 119, 110, 90, 91, 92, 111, 105, 131, 149, 140, 120, 121, 122, 141, 135, 161, 179, 170, 150, 151, 152, 171, 165]
Final path of nodes: [11, 29, 20, 0, 6, 10, 22, 21, 15, 41, 59, 50, 30, 36, 40, 52, 51, 45, 71, 89, 80, 60, 66, 70, 82, 81, 75, 101, 119, 110, 90, 96, 100, 112, 111, 105, 131, 149, 140, 120, 126, 130, 142, 141, 135, 161, 179, 170, 150, 156, 160, 172, 171, 165]
{"Initial_routing":[[11, 29], [29, 20], [20, 0], [0, 1], [1, 2], [2, 21], [21, 15], [15, 41], [41, 59], [59, 50], [50, 30], [30, 31], [31, 32], [32, 51], [51, 45], [45, 71], [71, 89], [89, 80], [80, 60], [60, 61], [61, 62], [62, 81], [81, 75], [75, 101], [101, 119], [119, 110], [110, 90], [90, 91], [91, 92], [92, 111], [111, 105], [105, 131], [131, 149], [149, 140], [140, 120], [120, 121], [121, 122], [122, 141], [141, 135], [135, 161], [161, 179], [179, 170], [170, 150], [150, 151], [151, 152], [152, 171], [171, 165]],"Final_routing":[[11, 29], [29, 20], [20, 0], [0, 6], [6, 10], [10, 22], [22, 21], [21, 15], [15, 41], [41, 59], [59, 50], [50, 30], [30, 36], [36, 40], [40, 52], [52, 51], [51, 45], [45, 71], [71, 89], [89, 80], [80, 60], [60, 66], [66, 70], [70, 82], [82, 81], [81, 75], [75, 101], [101, 119], [119, 110], [110, 90], [90, 96], [96, 100], [100, 112], [112, 111], [111, 105], [105, 131], [131, 149], [149, 140], [140, 120], [120, 126], [126, 130], [130, 142], [142, 141], [141, 135], [135, 161], [161, 179], [179, 170], [170, 150], [150, 156], [156, 160], [160, 172], [172, 171], [171, 165]],"Properties":{"Waypoint": { "startNode": -1, "finalNode": -1, "waypoint": []}, "LoopFreedom": { "startNode": -1},"DFA": {"initialState": 0, "finalStates": [126,61,59,90,120,119,52,152,50,81,80,111,45,10,105,2,160,161], "edges": [{"from": 0, "to": 126, "label": 126},{"from": 0, "to": 61, "label": 61},{"from": 0, "to": 59, "label": 59},{"from": 0, "to": 90, "label": 90},{"from": 0, "to": 120, "label": 120},{"from": 0, "to": 119, "label": 119},{"from": 0, "to": 52, "label": 52},{"from": 0, "to": 152, "label": 152},{"from": 0, "to": 50, "label": 50},{"from": 0, "to": 81, "label": 81},{"from": 0, "to": 80, "label": 80},{"from": 0, "to": 111, "label": 111},{"from": 0, "to": 45, "label": 45},{"from": 0, "to": 10, "label": 10},{"from": 0, "to": 105, "label": 105},{"from": 0, "to": 2, "label": 2},{"from": 0, "to": 160, "label": 160},{"from": 0, "to": 161, "label": 161}]},"Reachability":{"startNode":11,"finalNode":165}}}
Kaki stdout:  Version: 1.15 
 kaki/verifypn-linux64 /tmp/tmp5hnozxj6
DFA generation time: 0.025 seconds 
DFA states: 44 
DFA transitions: 2016
Problem file: /tmp/tmp5hnozxj6
Switches to update: 36

Decomposed topology into 1 subproblems
Topological decomposition took 0.028 seconds
Subproblem verification time: 5.426 seconds
Minimum batches required: 3
[[6, 36, 66, 96, 126, 156, 10, 22, 40, 52, 70, 82, 100, 112, 130, 142, 160, 172], [150, 120, 90, 60, 30, 0], [1, 2, 31, 32, 61, 62, 91, 92, 121, 122, 151, 152]]
Total program runtime: 6.254 seconds

Kaki stderr:  
Time: 6.254
Solution: []
	Command being timed: "python3 allsynth/run.py -t kaki --GML topologies/topzoo/WideJpn.gml 5 --dir topzoo_res/SeparateWPk/kaki/kaki-2 --e-prop SeparateWPk --repeat 1"
	User time (seconds): 9.36
	System time (seconds): 1.60
	Percent of CPU this job got: 156%
	Elapsed (wall clock) time (h:mm:ss or m:ss): 0:06.98
	Average shared text size (kbytes): 0
	Average unshared data size (kbytes): 0
	Average stack size (kbytes): 0
	Average total size (kbytes): 0
	Maximum resident set size (kbytes): 446664
	Average resident set size (kbytes): 0
	Major (requiring I/O) page faults: 0
	Minor (reclaiming a frame) page faults: 59924
	Voluntary context switches: 4637
	Involuntary context switches: 1090
	Swaps: 0
	File system inputs: 0
	File system outputs: 24
	Socket messages sent: 0
	Socket messages received: 0
	Signals delivered: 0
	Page size (bytes): 4096
	Exit status: 0
