Namespace(tool='kaki', exper=None, gml=['topologies/topzoo/Xspedius.gml', '5'], index=None, prop='SeparateWPk', prop_file=None, op_req=None, repeat=1, reduce=False, opt=False, u=False, some=False, count=False, weight_bound=None, savedir='topzoo_res/SeparateWPk/kaki/kaki-2', dump_bdd=False)
Running 5Xspedius.gml
Policy: (((((((((((((((WP(160-196) | WP(129-196)) | WP(99-196)) | WP(131-196)) | WP(3-196)) | WP(68-196)) | WP(39-196)) | WP(200-196)) | WP(173-196)) | WP(50-196)) | WP(179-196)) | WP(120-196)) | WP(60-196)) | WP(30-196)) | WP(159-196)) & (Reach 196))
Initial path of nodes: [9, 18, 5, 24, 31, 30, 29, 26, 43, 52, 39, 58, 65, 64, 63, 60, 77, 86, 73, 92, 99, 98, 97, 94, 111, 120, 107, 126, 133, 132, 131, 128, 145, 154, 141, 160, 167, 166, 165, 162, 179, 188, 175, 194, 201, 200, 199, 196]
Final path of nodes: [9, 18, 16, 23, 0, 3, 27, 26, 43, 52, 50, 57, 34, 37, 61, 60, 77, 86, 84, 91, 68, 71, 95, 94, 111, 120, 118, 125, 102, 105, 129, 128, 145, 154, 152, 159, 136, 139, 163, 162, 179, 188, 186, 193, 170, 173, 197, 196]
{"Initial_routing":[[9, 18], [18, 5], [5, 24], [24, 31], [31, 30], [30, 29], [29, 26], [26, 43], [43, 52], [52, 39], [39, 58], [58, 65], [65, 64], [64, 63], [63, 60], [60, 77], [77, 86], [86, 73], [73, 92], [92, 99], [99, 98], [98, 97], [97, 94], [94, 111], [111, 120], [120, 107], [107, 126], [126, 133], [133, 132], [132, 131], [131, 128], [128, 145], [145, 154], [154, 141], [141, 160], [160, 167], [167, 166], [166, 165], [165, 162], [162, 179], [179, 188], [188, 175], [175, 194], [194, 201], [201, 200], [200, 199], [199, 196]],"Final_routing":[[9, 18], [18, 16], [16, 23], [23, 0], [0, 3], [3, 27], [27, 26], [26, 43], [43, 52], [52, 50], [50, 57], [57, 34], [34, 37], [37, 61], [61, 60], [60, 77], [77, 86], [86, 84], [84, 91], [91, 68], [68, 71], [71, 95], [95, 94], [94, 111], [111, 120], [120, 118], [118, 125], [125, 102], [102, 105], [105, 129], [129, 128], [128, 145], [145, 154], [154, 152], [152, 159], [159, 136], [136, 139], [139, 163], [163, 162], [162, 179], [179, 188], [188, 186], [186, 193], [193, 170], [170, 173], [173, 197], [197, 196]],"Properties":{"Waypoint": { "startNode": -1, "finalNode": -1, "waypoint": []}, "LoopFreedom": { "startNode": -1},"DFA": {"initialState": 0, "finalStates": [159,30,60,120,179,50,173,200,39,68,3,131,99,160,129], "edges": [{"from": 0, "to": 159, "label": 159},{"from": 0, "to": 30, "label": 30},{"from": 0, "to": 60, "label": 60},{"from": 0, "to": 120, "label": 120},{"from": 0, "to": 179, "label": 179},{"from": 0, "to": 50, "label": 50},{"from": 0, "to": 173, "label": 173},{"from": 0, "to": 200, "label": 200},{"from": 0, "to": 39, "label": 39},{"from": 0, "to": 68, "label": 68},{"from": 0, "to": 3, "label": 3},{"from": 0, "to": 131, "label": 131},{"from": 0, "to": 99, "label": 99},{"from": 0, "to": 160, "label": 160},{"from": 0, "to": 129, "label": 129}]},"Reachability":{"startNode":9,"finalNode":196}}}
Kaki stdout:  Version: 1.15 
 kaki/verifypn-linux64 /tmp/tmpxzer3irx
DFA generation time: 0.028 seconds 
DFA states: 59 
DFA transitions: 3789
Problem file: /tmp/tmpxzer3irx
Switches to update: 66

Decomposed topology into 1 subproblems
Topological decomposition took 0.055 seconds
Subproblem verification time: 3.646 seconds
Minimum batches required: 3
[[16, 50, 84, 118, 152, 186, 23, 0, 3, 27, 57, 34, 37, 61, 91, 68, 71, 95, 125, 102, 105, 129, 159, 136, 139, 163, 193, 170, 173, 197], [188, 154, 120, 86, 52, 18], [5, 24, 31, 30, 29, 39, 58, 65, 64, 63, 73, 92, 99, 98, 97, 107, 126, 133, 132, 131, 141, 160, 167, 166, 165, 175, 194, 201, 200, 199]]
Total program runtime: 4.71 seconds

Kaki stderr:  
Time: 4.71
Solution: []
	Command being timed: "python3 allsynth/run.py -t kaki --GML topologies/topzoo/Xspedius.gml 5 --dir topzoo_res/SeparateWPk/kaki/kaki-2 --e-prop SeparateWPk --repeat 1"
	User time (seconds): 8.43
	System time (seconds): 1.79
	Percent of CPU this job got: 189%
	Elapsed (wall clock) time (h:mm:ss or m:ss): 0:05.41
	Average shared text size (kbytes): 0
	Average unshared data size (kbytes): 0
	Average stack size (kbytes): 0
	Average total size (kbytes): 0
	Maximum resident set size (kbytes): 504252
	Average resident set size (kbytes): 0
	Major (requiring I/O) page faults: 0
	Minor (reclaiming a frame) page faults: 66664
	Voluntary context switches: 5477
	Involuntary context switches: 959
	Swaps: 0
	File system inputs: 0
	File system outputs: 24
	Socket messages sent: 0
	Socket messages received: 0
	Signals delivered: 0
	Page size (bytes): 4096
	Exit status: 0
