Namespace(tool='PERS', exper=None, gml=['topologies/topzoo/Ans.gml', '5'], index=None, prop='SC', prop_file=None, op_req=None, repeat=1, reduce=False, opt=False, u=False, some=False, count=False, weight_bound=None, savedir='topzoo_res/SC/PERS/PERS-1', dump_bdd=False)
Running 5Ans.gml
Policy: (Service([35, 52, 70, 91]-106) & (Reach 106))
Initial path of nodes: [0, 1, 7, 8, 17, 15, 16, 18, 19, 25, 26, 35, 33, 34, 36, 37, 43, 44, 53, 51, 52, 54, 55, 61, 62, 71, 69, 70, 72, 73, 79, 80, 89, 87, 88, 90, 91, 97, 98, 107, 105, 106]
Final path of nodes: [0, 3, 2, 11, 12, 14, 15, 16, 18, 19, 24, 22, 23, 35, 33, 34, 36, 39, 38, 47, 48, 50, 51, 52, 54, 55, 60, 58, 59, 71, 69, 70, 72, 75, 74, 83, 84, 86, 87, 88, 90, 91, 96, 94, 95, 107, 105, 106]
Persimmon problem:  {"Initial_routing":[[0, 1], [1, 7], [7, 8], [8, 17], [17, 15], [15, 16], [16, 18], [18, 19], [19, 25], [25, 26], [26, 35], [35, 33], [33, 34], [34, 36], [36, 37], [37, 43], [43, 44], [44, 53], [53, 51], [51, 52], [52, 54], [54, 55], [55, 61], [61, 62], [62, 71], [71, 69], [69, 70], [70, 72], [72, 73], [73, 79], [79, 80], [80, 89], [89, 87], [87, 88], [88, 90], [90, 91], [91, 97], [97, 98], [98, 107], [107, 105], [105, 106]],"Final_routing":[[0, 3], [3, 2], [2, 11], [11, 12], [12, 14], [14, 15], [15, 16], [16, 18], [18, 19], [19, 24], [24, 22], [22, 23], [23, 35], [35, 33], [33, 34], [34, 36], [36, 39], [39, 38], [38, 47], [47, 48], [48, 50], [50, 51], [51, 52], [52, 54], [54, 55], [55, 60], [60, 58], [58, 59], [59, 71], [71, 69], [69, 70], [70, 72], [72, 75], [75, 74], [74, 83], [83, 84], [84, 86], [86, 87], [87, 88], [88, 90], [90, 91], [91, 96], [96, 94], [94, 95], [95, 107], [107, 105], [105, 106]],"Properties":{"ServiceChain": {"waypoint": [35,52,70,91]},"Reachability":{"startNode":0,"finalNode":106}}}
Persimmon stdout:  Chain equivalence reduction: 66 -> 29
<=== Starting iteration 0 ===>
<=== Starting iteration 1 ===>
<=== Starting iteration 2 ===>
Solution: Some([[60, 58, 59, 24, 22, 23, 3, 2, 11, 12, 14, 96, 94, 95, 39, 38, 47, 48, 50, 75, 74, 83, 84, 86], [36, 55, 91, 19, 72, 0], [1, 7, 8, 17, 97, 98, 61, 62, 73, 79, 80, 89, 37, 43, 44, 53, 25, 26]])
Time elapsed: 1.47ms
Time elapsed(s): 0.001466s

Persimmon stderr:  
Time: 0.001466
Solution: [[60, 58, 59, 24, 22, 23, 3, 2, 11, 12, 14, 96, 94, 95, 39, 38, 47, 48, 50, 75, 74, 83, 84, 86], [36, 55, 91, 19, 72, 0], [1, 7, 8, 17, 97, 98, 61, 62, 73, 79, 80, 89, 37, 43, 44, 53, 25, 26]]
	Command being timed: "python3 allsynth/run.py -t PERS --GML topologies/topzoo/Ans.gml 5 --dir topzoo_res/SC/PERS/PERS-1 --e-prop SC --repeat 1"
	User time (seconds): 0.75
	System time (seconds): 1.25
	Percent of CPU this job got: 501%
	Elapsed (wall clock) time (h:mm:ss or m:ss): 0:00.40
	Average shared text size (kbytes): 0
	Average unshared data size (kbytes): 0
	Average stack size (kbytes): 0
	Average total size (kbytes): 0
	Maximum resident set size (kbytes): 71152
	Average resident set size (kbytes): 0
	Major (requiring I/O) page faults: 0
	Minor (reclaiming a frame) page faults: 13063
	Voluntary context switches: 33
	Involuntary context switches: 87
	Swaps: 0
	File system inputs: 0
	File system outputs: 24
	Socket messages sent: 0
	Socket messages received: 0
	Signals delivered: 0
	Page size (bytes): 4096
	Exit status: 0
