Namespace(tool='PERS', exper=None, gml=['topologies/topzoo/GtsSlovakia.gml', '5'], index=None, prop='SC', prop_file=None, op_req=None, repeat=1, reduce=False, opt=False, u=False, some=False, count=False, weight_bound=None, savedir='topzoo_res/SC/PERS/PERS-1', dump_bdd=False)
Running 5GtsSlovakia.gml
Policy: (Service([43, 78, 113, 148, 183]-206) & (Reach 206))
Initial path of nodes: [8, 4, 27, 6, 26, 30, 31, 43, 39, 62, 41, 61, 65, 66, 78, 74, 97, 76, 96, 100, 101, 113, 109, 132, 111, 131, 135, 136, 148, 144, 167, 146, 166, 170, 171, 183, 179, 202, 181, 201, 205, 206]
Final path of nodes: [8, 4, 27, 28, 29, 30, 31, 43, 39, 62, 63, 64, 65, 66, 78, 74, 97, 98, 99, 100, 101, 113, 109, 132, 133, 134, 135, 136, 148, 144, 167, 168, 169, 170, 171, 183, 179, 202, 203, 204, 205, 206]
Persimmon problem:  {"Initial_routing":[[8, 4], [4, 27], [27, 6], [6, 26], [26, 30], [30, 31], [31, 43], [43, 39], [39, 62], [62, 41], [41, 61], [61, 65], [65, 66], [66, 78], [78, 74], [74, 97], [97, 76], [76, 96], [96, 100], [100, 101], [101, 113], [113, 109], [109, 132], [132, 111], [111, 131], [131, 135], [135, 136], [136, 148], [148, 144], [144, 167], [167, 146], [146, 166], [166, 170], [170, 171], [171, 183], [183, 179], [179, 202], [202, 181], [181, 201], [201, 205], [205, 206]],"Final_routing":[[8, 4], [4, 27], [27, 28], [28, 29], [29, 30], [30, 31], [31, 43], [43, 39], [39, 62], [62, 63], [63, 64], [64, 65], [65, 66], [66, 78], [78, 74], [74, 97], [97, 98], [98, 99], [99, 100], [100, 101], [101, 113], [113, 109], [109, 132], [132, 133], [133, 134], [134, 135], [135, 136], [136, 148], [148, 144], [144, 167], [167, 168], [168, 169], [169, 170], [170, 171], [171, 183], [183, 179], [179, 202], [202, 203], [203, 204], [204, 205], [205, 206]],"Properties":{"ServiceChain": {"waypoint": [43,78,113,148,183]},"Reachability":{"startNode":8,"finalNode":206}}}
Persimmon stdout:  Chain equivalence reduction: 54 -> 36
<=== Starting iteration 0 ===>
<=== Starting iteration 1 ===>
<=== Starting iteration 2 ===>
Solution: Some([[133, 134, 28, 29, 168, 169, 63, 64, 98, 99, 203, 204], [62, 202, 167, 27, 97, 132], [6, 26, 41, 61, 181, 201, 111, 131, 146, 166, 76, 96]])
Time elapsed: 2.10ms
Time elapsed(s): 0.002105s

Persimmon stderr:  
Time: 0.002105
Solution: [[133, 134, 28, 29, 168, 169, 63, 64, 98, 99, 203, 204], [62, 202, 167, 27, 97, 132], [6, 26, 41, 61, 181, 201, 111, 131, 146, 166, 76, 96]]
	Command being timed: "python3 allsynth/run.py -t PERS --GML topologies/topzoo/GtsSlovakia.gml 5 --dir topzoo_res/SC/PERS/PERS-1 --e-prop SC --repeat 1"
	User time (seconds): 0.83
	System time (seconds): 1.21
	Percent of CPU this job got: 449%
	Elapsed (wall clock) time (h:mm:ss or m:ss): 0:00.45
	Average shared text size (kbytes): 0
	Average unshared data size (kbytes): 0
	Average stack size (kbytes): 0
	Average total size (kbytes): 0
	Maximum resident set size (kbytes): 71860
	Average resident set size (kbytes): 0
	Major (requiring I/O) page faults: 0
	Minor (reclaiming a frame) page faults: 13249
	Voluntary context switches: 39
	Involuntary context switches: 182
	Swaps: 0
	File system inputs: 0
	File system outputs: 24
	Socket messages sent: 0
	Socket messages received: 0
	Signals delivered: 0
	Page size (bytes): 4096
	Exit status: 0
