Namespace(tool='PERS', exper=None, gml=['topologies/topzoo/HiberniaUk.gml', '5'], index=None, prop='SC', prop_file=None, op_req=None, repeat=1, reduce=False, opt=False, u=False, some=False, count=False, weight_bound=None, savedir='topzoo_res/SC/PERS/PERS-1', dump_bdd=False)
Running 5HiberniaUk.gml
Policy: (Service([18, 58, 77]-85) & (Reach 85))
Initial path of nodes: [2, 13, 0, 6, 5, 8, 7, 10, 16, 27, 19, 26, 29, 28, 15, 18, 32, 43, 30, 36, 35, 38, 37, 40, 47, 58, 45, 51, 50, 53, 52, 55, 62, 73, 60, 66, 65, 68, 67, 70, 77, 88, 75, 81, 80, 83, 82, 85]
Final path of nodes: [2, 13, 14, 11, 4, 12, 1, 9, 10, 16, 24, 25, 22, 23, 20, 21, 15, 18, 32, 43, 44, 41, 34, 42, 31, 39, 40, 47, 58, 59, 56, 49, 57, 46, 54, 55, 62, 73, 74, 71, 64, 72, 61, 69, 70, 77, 88, 89, 86, 79, 87, 76, 84, 85]
Persimmon problem:  {"Initial_routing":[[2, 13], [13, 0], [0, 6], [6, 5], [5, 8], [8, 7], [7, 10], [10, 16], [16, 27], [27, 19], [19, 26], [26, 29], [29, 28], [28, 15], [15, 18], [18, 32], [32, 43], [43, 30], [30, 36], [36, 35], [35, 38], [38, 37], [37, 40], [40, 47], [47, 58], [58, 45], [45, 51], [51, 50], [50, 53], [53, 52], [52, 55], [55, 62], [62, 73], [73, 60], [60, 66], [66, 65], [65, 68], [68, 67], [67, 70], [70, 77], [77, 88], [88, 75], [75, 81], [81, 80], [80, 83], [83, 82], [82, 85]],"Final_routing":[[2, 13], [13, 14], [14, 11], [11, 4], [4, 12], [12, 1], [1, 9], [9, 10], [10, 16], [16, 24], [24, 25], [25, 22], [22, 23], [23, 20], [20, 21], [21, 15], [15, 18], [18, 32], [32, 43], [43, 44], [44, 41], [41, 34], [34, 42], [42, 31], [31, 39], [39, 40], [40, 47], [47, 58], [58, 59], [59, 56], [56, 49], [49, 57], [57, 46], [46, 54], [54, 55], [55, 62], [62, 73], [73, 74], [74, 71], [71, 64], [64, 72], [72, 61], [61, 69], [69, 70], [70, 77], [77, 88], [88, 89], [89, 86], [86, 79], [79, 87], [87, 76], [76, 84], [84, 85]],"Properties":{"ServiceChain": {"waypoint": [18,58,77]},"Reachability":{"startNode":2,"finalNode":85}}}
Persimmon stdout:  Chain equivalence reduction: 84 -> 28
<=== Starting iteration 0 ===>
<=== Starting iteration 1 ===>
<=== Starting iteration 2 ===>
Solution: Some([[14, 11, 4, 12, 1, 9, 89, 86, 79, 87, 76, 84, 44, 41, 34, 42, 31, 39, 59, 56, 49, 57, 46, 54, 74, 71, 64, 72, 61, 69, 24, 25, 22, 23, 20, 21], [73, 58, 13, 43, 88, 16], [27, 19, 26, 29, 28, 75, 81, 80, 83, 82, 60, 66, 65, 68, 67, 0, 6, 5, 8, 7, 30, 36, 35, 38, 37, 45, 51, 50, 53, 52]])
Time elapsed: 1.45ms
Time elapsed(s): 0.001448s

Persimmon stderr:  
Time: 0.001448
Solution: [[14, 11, 4, 12, 1, 9, 89, 86, 79, 87, 76, 84, 44, 41, 34, 42, 31, 39, 59, 56, 49, 57, 46, 54, 74, 71, 64, 72, 61, 69, 24, 25, 22, 23, 20, 21], [73, 58, 13, 43, 88, 16], [27, 19, 26, 29, 28, 75, 81, 80, 83, 82, 60, 66, 65, 68, 67, 0, 6, 5, 8, 7, 30, 36, 35, 38, 37, 45, 51, 50, 53, 52]]
	Command being timed: "python3 allsynth/run.py -t PERS --GML topologies/topzoo/HiberniaUk.gml 5 --dir topzoo_res/SC/PERS/PERS-1 --e-prop SC --repeat 1"
	User time (seconds): 0.75
	System time (seconds): 1.25
	Percent of CPU this job got: 455%
	Elapsed (wall clock) time (h:mm:ss or m:ss): 0:00.44
	Average shared text size (kbytes): 0
	Average unshared data size (kbytes): 0
	Average stack size (kbytes): 0
	Average total size (kbytes): 0
	Maximum resident set size (kbytes): 70960
	Average resident set size (kbytes): 0
	Major (requiring I/O) page faults: 0
	Minor (reclaiming a frame) page faults: 13020
	Voluntary context switches: 30
	Involuntary context switches: 330
	Swaps: 0
	File system inputs: 0
	File system outputs: 24
	Socket messages sent: 0
	Socket messages received: 0
	Signals delivered: 0
	Page size (bytes): 4096
	Exit status: 0
