Namespace(tool='PERS', exper=None, gml=['topologies/topzoo/Iij.gml', '5'], index=None, prop='SC', prop_file=None, op_req=None, repeat=1, reduce=False, opt=False, u=False, some=False, count=False, weight_bound=None, savedir='topzoo_res/SC/PERS/PERS-1', dump_bdd=False)
Running 5Iij.gml
Policy: (Service([61, 106, 167]-217) & (Reach 217))
Initial path of nodes: [14, 19, 24, 6, 21, 32, 50, 44, 43, 61, 56, 52, 88, 93, 98, 80, 95, 106, 125, 130, 135, 117, 132, 143, 162, 167, 172, 154, 169, 180, 199, 204, 209, 191, 206, 217]
Final path of nodes: [14, 19, 25, 30, 31, 32, 50, 44, 71, 61, 56, 52, 88, 93, 99, 104, 105, 106, 125, 130, 136, 141, 142, 143, 162, 167, 173, 178, 179, 180, 199, 204, 210, 215, 216, 217]
Persimmon problem:  {"Initial_routing":[[14, 19], [19, 24], [24, 6], [6, 21], [21, 32], [32, 50], [50, 44], [44, 43], [43, 61], [61, 56], [56, 52], [52, 88], [88, 93], [93, 98], [98, 80], [80, 95], [95, 106], [106, 125], [125, 130], [130, 135], [135, 117], [117, 132], [132, 143], [143, 162], [162, 167], [167, 172], [172, 154], [154, 169], [169, 180], [180, 199], [199, 204], [204, 209], [209, 191], [191, 206], [206, 217]],"Final_routing":[[14, 19], [19, 25], [25, 30], [30, 31], [31, 32], [32, 50], [50, 44], [44, 71], [71, 61], [61, 56], [56, 52], [52, 88], [88, 93], [93, 99], [99, 104], [104, 105], [105, 106], [106, 125], [125, 130], [130, 136], [136, 141], [141, 142], [142, 143], [143, 162], [162, 167], [167, 173], [173, 178], [178, 179], [179, 180], [180, 199], [199, 204], [204, 210], [210, 215], [215, 216], [216, 217]],"Properties":{"ServiceChain": {"waypoint": [61,106,167]},"Reachability":{"startNode":14,"finalNode":217}}}
Persimmon stdout:  Chain equivalence reduction: 52 -> 27
<=== Starting iteration 0 ===>
<=== Starting iteration 1 ===>
<=== Starting iteration 2 ===>
Solution: Some([[99, 104, 105, 71, 25, 30, 31, 210, 215, 216, 173, 178, 179, 136, 141, 142], [130, 167, 19, 204, 44, 93], [172, 154, 169, 209, 191, 206, 24, 6, 21, 43, 135, 117, 132, 98, 80, 95]])
Time elapsed: 1.29ms
Time elapsed(s): 0.001287s

Persimmon stderr:  
Time: 0.001287
Solution: [[99, 104, 105, 71, 25, 30, 31, 210, 215, 216, 173, 178, 179, 136, 141, 142], [130, 167, 19, 204, 44, 93], [172, 154, 169, 209, 191, 206, 24, 6, 21, 43, 135, 117, 132, 98, 80, 95]]
	Command being timed: "python3 allsynth/run.py -t PERS --GML topologies/topzoo/Iij.gml 5 --dir topzoo_res/SC/PERS/PERS-1 --e-prop SC --repeat 1"
	User time (seconds): 0.75
	System time (seconds): 1.21
	Percent of CPU this job got: 425%
	Elapsed (wall clock) time (h:mm:ss or m:ss): 0:00.46
	Average shared text size (kbytes): 0
	Average unshared data size (kbytes): 0
	Average stack size (kbytes): 0
	Average total size (kbytes): 0
	Maximum resident set size (kbytes): 72012
	Average resident set size (kbytes): 0
	Major (requiring I/O) page faults: 1
	Minor (reclaiming a frame) page faults: 13335
	Voluntary context switches: 33
	Involuntary context switches: 93055
	Swaps: 0
	File system inputs: 0
	File system outputs: 24
	Socket messages sent: 0
	Socket messages received: 0
	Signals delivered: 0
	Page size (bytes): 4096
	Exit status: 0
