Namespace(tool='PERS', exper=None, gml=['topologies/topzoo/Ulaknet.gml', '5'], index=None, prop='SC', prop_file=None, op_req=None, repeat=1, reduce=False, opt=False, u=False, some=False, count=False, weight_bound=None, savedir='topzoo_res/SC/PERS/PERS-1', dump_bdd=False)
Running 5Ulaknet.gml
Policy: (Service([82, 201, 283, 365, 447]-491) & (Reach 491))
Initial path of nodes: [37, 49, 76, 75, 81, 82, 157, 158, 126, 122, 201, 213, 240, 239, 245, 283, 295, 322, 321, 327, 365, 377, 404, 403, 409, 447, 459, 486, 485, 491]
Final path of nodes: [37, 49, 76, 74, 75, 81, 82, 157, 156, 158, 126, 122, 201, 213, 240, 238, 239, 245, 283, 295, 322, 321, 327, 365, 377, 404, 402, 403, 409, 447, 459, 486, 485, 491]
Persimmon problem:  {"Initial_routing":[[37, 49], [49, 76], [76, 75], [75, 81], [81, 82], [82, 157], [157, 158], [158, 126], [126, 122], [122, 201], [201, 213], [213, 240], [240, 239], [239, 245], [245, 283], [283, 295], [295, 322], [322, 321], [321, 327], [327, 365], [365, 377], [377, 404], [404, 403], [403, 409], [409, 447], [447, 459], [459, 486], [486, 485], [485, 491]],"Final_routing":[[37, 49], [49, 76], [76, 74], [74, 75], [75, 81], [81, 82], [82, 157], [157, 156], [156, 158], [158, 126], [126, 122], [122, 201], [201, 213], [213, 240], [240, 238], [238, 239], [239, 245], [245, 283], [283, 295], [295, 322], [322, 321], [321, 327], [327, 365], [365, 377], [377, 404], [404, 402], [402, 403], [403, 409], [409, 447], [447, 459], [459, 486], [486, 485], [485, 491]],"Properties":{"ServiceChain": {"waypoint": [82,201,283,365,447]},"Reachability":{"startNode":37,"finalNode":491}}}
Persimmon stdout:  Chain equivalence reduction: 34 -> 23
<=== Starting iteration 0 ===>
<=== Starting iteration 1 ===>
Solution: Some([[238, 156, 402, 74], [240, 404, 76, 157]])
Time elapsed: 683.31µs
Time elapsed(s): 0.000683s

Persimmon stderr:  
Time: 0.000683
Solution: [[238, 156, 402, 74], [240, 404, 76, 157]]
	Command being timed: "python3 allsynth/run.py -t PERS --GML topologies/topzoo/Ulaknet.gml 5 --dir topzoo_res/SC/PERS/PERS-1 --e-prop SC --repeat 1"
	User time (seconds): 0.81
	System time (seconds): 1.31
	Percent of CPU this job got: 408%
	Elapsed (wall clock) time (h:mm:ss or m:ss): 0:00.52
	Average shared text size (kbytes): 0
	Average unshared data size (kbytes): 0
	Average stack size (kbytes): 0
	Average total size (kbytes): 0
	Maximum resident set size (kbytes): 73276
	Average resident set size (kbytes): 0
	Major (requiring I/O) page faults: 0
	Minor (reclaiming a frame) page faults: 13540
	Voluntary context switches: 36
	Involuntary context switches: 151
	Swaps: 0
	File system inputs: 0
	File system outputs: 24
	Socket messages sent: 0
	Socket messages received: 0
	Signals delivered: 0
	Page size (bytes): 4096
	Exit status: 0
