Namespace(tool='BDD', exper=None, gml=['topologies/topzoo/Bics.gml', '5'], index=None, prop='Reach', prop_file=None, op_req=None, repeat=1, reduce=True, opt=False, u=False, some=False, count=False, weight_bound=None, savedir='topzoo_res/Reach/reduce/BDD-1', dump_bdd=False)
Running 5Bics.gml
Policy: (Reach 193)
Initial path of nodes: [6, 7, 5, 0, 1, 16, 30, 29, 28, 39, 40, 38, 33, 34, 49, 63, 62, 61, 72, 73, 71, 66, 67, 82, 96, 95, 94, 105, 106, 104, 99, 100, 115, 129, 128, 127, 138, 139, 137, 132, 133, 148, 162, 161, 160, 171, 172, 170, 165, 166, 181, 195, 194, 193]
Final path of nodes: [6, 7, 5, 8, 25, 24, 19, 14, 22, 28, 39, 40, 38, 33, 35, 52, 47, 55, 61, 72, 73, 71, 74, 91, 90, 85, 80, 88, 94, 105, 106, 104, 99, 101, 118, 113, 121, 127, 138, 139, 137, 140, 157, 156, 151, 146, 154, 160, 171, 172, 170, 165, 167, 184, 179, 187, 193]
Time: 0.007071018218994141
Solution: non-empty
	Command being timed: "python3 allsynth/run.py -t BDD --GML topologies/topzoo/Bics.gml 5 --dir topzoo_res/Reach/reduce/BDD-1 --e-prop Reach --repeat 1 --reduce"
	User time (seconds): 0.75
	System time (seconds): 1.29
	Percent of CPU this job got: 459%
	Elapsed (wall clock) time (h:mm:ss or m:ss): 0:00.44
	Average shared text size (kbytes): 0
	Average unshared data size (kbytes): 0
	Average stack size (kbytes): 0
	Average total size (kbytes): 0
	Maximum resident set size (kbytes): 88900
	Average resident set size (kbytes): 0
	Major (requiring I/O) page faults: 0
	Minor (reclaiming a frame) page faults: 14237
	Voluntary context switches: 27
	Involuntary context switches: 23
	Swaps: 0
	File system inputs: 0
	File system outputs: 24
	Socket messages sent: 0
	Socket messages received: 0
	Signals delivered: 0
	Page size (bytes): 4096
	Exit status: 0
