Namespace(tool='BDD', exper=None, gml=['topologies/topzoo/Bren.gml', '5'], index=None, prop='Reach', prop_file=None, op_req=None, repeat=1, reduce=True, opt=False, u=False, some=False, count=False, weight_bound=None, savedir='topzoo_res/Reach/reduce/BDD-1', dump_bdd=False)
Running 5Bren.gml
Policy: (Reach 221)
Initial path of nodes: [16, 10, 11, 21, 3, 2, 34, 35, 36, 53, 47, 48, 58, 40, 39, 71, 72, 73, 90, 84, 85, 95, 77, 76, 108, 109, 110, 127, 121, 122, 132, 114, 113, 145, 146, 147, 164, 158, 159, 169, 151, 150, 182, 183, 184, 201, 195, 196, 206, 188, 187, 219, 220, 221]
Final path of nodes: [16, 10, 17, 25, 22, 3, 0, 28, 27, 35, 36, 53, 47, 54, 62, 59, 40, 37, 65, 64, 72, 73, 90, 84, 91, 99, 96, 77, 74, 102, 101, 109, 110, 127, 121, 128, 136, 133, 114, 111, 139, 138, 146, 147, 164, 158, 165, 173, 170, 151, 148, 176, 175, 183, 184, 201, 195, 202, 210, 207, 188, 185, 213, 212, 220, 221]
Time: 0.02290034294128418
Solution: non-empty
	Command being timed: "python3 allsynth/run.py -t BDD --GML topologies/topzoo/Bren.gml 5 --dir topzoo_res/Reach/reduce/BDD-1 --e-prop Reach --repeat 1 --reduce"
	User time (seconds): 0.77
	System time (seconds): 1.29
	Percent of CPU this job got: 448%
	Elapsed (wall clock) time (h:mm:ss or m:ss): 0:00.46
	Average shared text size (kbytes): 0
	Average unshared data size (kbytes): 0
	Average stack size (kbytes): 0
	Average total size (kbytes): 0
	Maximum resident set size (kbytes): 89172
	Average resident set size (kbytes): 0
	Major (requiring I/O) page faults: 0
	Minor (reclaiming a frame) page faults: 14263
	Voluntary context switches: 28
	Involuntary context switches: 55
	Swaps: 0
	File system inputs: 0
	File system outputs: 24
	Socket messages sent: 0
	Socket messages received: 0
	Signals delivered: 0
	Page size (bytes): 4096
	Exit status: 0
