Namespace(tool='BDD', exper=None, gml=['topologies/topzoo/BsonetEurope.gml', '5'], index=None, prop='Reach', prop_file=None, op_req=None, repeat=1, reduce=True, opt=False, u=False, some=False, count=False, weight_bound=None, savedir='topzoo_res/Reach/reduce/BDD-1', dump_bdd=False)
Running 5BsonetEurope.gml
Policy: (Reach 106)
Initial path of nodes: [12, 10, 11, 9, 1, 17, 16, 23, 35, 19, 27, 29, 28, 30, 48, 46, 47, 45, 37, 53, 52, 66, 64, 65, 63, 55, 71, 70, 84, 82, 83, 81, 73, 89, 88, 102, 100, 101, 99, 91, 107, 106]
Final path of nodes: [12, 10, 11, 13, 14, 17, 16, 23, 35, 32, 31, 29, 28, 30, 48, 46, 47, 49, 50, 53, 52, 66, 64, 65, 63, 62, 71, 70, 84, 82, 83, 85, 86, 89, 88, 102, 100, 101, 99, 98, 107, 106]
Time: 0.006192684173583984
Solution: non-empty
	Command being timed: "python3 allsynth/run.py -t BDD --GML topologies/topzoo/BsonetEurope.gml 5 --dir topzoo_res/Reach/reduce/BDD-1 --e-prop Reach --repeat 1 --reduce"
	User time (seconds): 0.68
	System time (seconds): 1.35
	Percent of CPU this job got: 484%
	Elapsed (wall clock) time (h:mm:ss or m:ss): 0:00.41
	Average shared text size (kbytes): 0
	Average unshared data size (kbytes): 0
	Average stack size (kbytes): 0
	Average total size (kbytes): 0
	Maximum resident set size (kbytes): 88332
	Average resident set size (kbytes): 0
	Major (requiring I/O) page faults: 0
	Minor (reclaiming a frame) page faults: 13994
	Voluntary context switches: 26
	Involuntary context switches: 21
	Swaps: 0
	File system inputs: 0
	File system outputs: 24
	Socket messages sent: 0
	Socket messages received: 0
	Signals delivered: 0
	Page size (bytes): 4096
	Exit status: 0
