Namespace(tool='BDD', exper=None, gml=['topologies/topzoo/Canerie.gml', '5'], index=None, prop='Reach', prop_file=None, op_req=None, repeat=1, reduce=True, opt=False, u=False, some=False, count=False, weight_bound=None, savedir='topzoo_res/Reach/reduce/BDD-1', dump_bdd=False)
Running 5Canerie.gml
Policy: (Reach 190)
Initial path of nodes: [14, 16, 17, 15, 7, 3, 1, 31, 30, 42, 63, 33, 35, 39, 47, 49, 48, 46, 78, 80, 81, 79, 71, 67, 65, 95, 94, 110, 112, 113, 111, 103, 99, 97, 127, 126, 142, 144, 145, 143, 135, 131, 129, 159, 158, 174, 176, 177, 175, 167, 163, 161, 191, 190]
Final path of nodes: [14, 16, 17, 5, 4, 7, 0, 3, 22, 27, 29, 30, 42, 63, 61, 59, 54, 33, 38, 39, 36, 37, 49, 48, 46, 78, 80, 81, 69, 68, 71, 64, 67, 86, 91, 93, 94, 110, 112, 113, 101, 100, 103, 99, 118, 123, 125, 126, 142, 144, 145, 133, 132, 135, 128, 131, 150, 155, 157, 158, 174, 176, 177, 165, 164, 167, 163, 182, 187, 189, 190]
Time: 0.030961036682128906
Solution: non-empty
	Command being timed: "python3 allsynth/run.py -t BDD --GML topologies/topzoo/Canerie.gml 5 --dir topzoo_res/Reach/reduce/BDD-1 --e-prop Reach --repeat 1 --reduce"
	User time (seconds): 0.77
	System time (seconds): 1.30
	Percent of CPU this job got: 439%
	Elapsed (wall clock) time (h:mm:ss or m:ss): 0:00.47
	Average shared text size (kbytes): 0
	Average unshared data size (kbytes): 0
	Average stack size (kbytes): 0
	Average total size (kbytes): 0
	Maximum resident set size (kbytes): 88840
	Average resident set size (kbytes): 0
	Major (requiring I/O) page faults: 0
	Minor (reclaiming a frame) page faults: 14232
	Voluntary context switches: 23
	Involuntary context switches: 28
	Swaps: 0
	File system inputs: 0
	File system outputs: 24
	Socket messages sent: 0
	Socket messages received: 0
	Signals delivered: 0
	Page size (bytes): 4096
	Exit status: 0
