Namespace(tool='BDD', exper=None, gml=['topologies/topzoo/Cesnet2001.gml', '5'], index=None, prop='Reach', prop_file=None, op_req=None, repeat=1, reduce=True, opt=False, u=False, some=False, count=False, weight_bound=None, savedir='topzoo_res/Reach/reduce/BDD-1', dump_bdd=False)
Running 5Cesnet2001.gml
Policy: (Reach 132)
Initial path of nodes: [0, 1, 19, 18, 17, 23, 24, 42, 41, 40, 46, 47, 65, 64, 63, 69, 70, 88, 87, 86, 92, 93, 111, 110, 109, 115, 116, 134, 133, 132]
Final path of nodes: [0, 1, 19, 18, 17, 23, 28, 42, 41, 40, 46, 51, 65, 64, 63, 69, 74, 88, 87, 86, 92, 97, 111, 110, 109, 115, 120, 134, 133, 132]
Time: 0.005333900451660156
Solution: non-empty
	Command being timed: "python3 allsynth/run.py -t BDD --GML topologies/topzoo/Cesnet2001.gml 5 --dir topzoo_res/Reach/reduce/BDD-1 --e-prop Reach --repeat 1 --reduce"
	User time (seconds): 0.67
	System time (seconds): 1.36
	Percent of CPU this job got: 474%
	Elapsed (wall clock) time (h:mm:ss or m:ss): 0:00.43
	Average shared text size (kbytes): 0
	Average unshared data size (kbytes): 0
	Average stack size (kbytes): 0
	Average total size (kbytes): 0
	Maximum resident set size (kbytes): 88252
	Average resident set size (kbytes): 0
	Major (requiring I/O) page faults: 0
	Minor (reclaiming a frame) page faults: 13994
	Voluntary context switches: 22
	Involuntary context switches: 40
	Swaps: 0
	File system inputs: 0
	File system outputs: 24
	Socket messages sent: 0
	Socket messages received: 0
	Signals delivered: 0
	Page size (bytes): 4096
	Exit status: 0
