Namespace(tool='BDD', exper=None, gml=['topologies/topzoo/Garr201103.gml', '5'], index=None, prop='Reach', prop_file=None, op_req=None, repeat=1, reduce=True, opt=False, u=False, some=False, count=False, weight_bound=None, savedir='topzoo_res/Reach/reduce/BDD-1', dump_bdd=False)
Running 5Garr201103.gml
Policy: (Reach 341)
Initial path of nodes: [8, 22, 21, 10, 52, 34, 37, 51, 58, 90, 72, 101, 68, 79, 78, 70, 124, 138, 137, 126, 168, 150, 153, 167, 182, 196, 195, 184, 226, 208, 211, 225, 240, 254, 253, 242, 284, 266, 269, 283, 298, 312, 311, 300, 342, 324, 327, 341]
Final path of nodes: [8, 22, 21, 18, 52, 56, 37, 51, 58, 90, 72, 104, 76, 79, 78, 70, 124, 138, 137, 134, 168, 172, 153, 167, 182, 196, 195, 192, 226, 230, 211, 225, 240, 254, 253, 250, 284, 288, 269, 283, 298, 312, 311, 308, 342, 346, 327, 341]
Time: 0.01395559310913086
Solution: non-empty
	Command being timed: "python3 allsynth/run.py -t BDD --GML topologies/topzoo/Garr201103.gml 5 --dir topzoo_res/Reach/reduce/BDD-1 --e-prop Reach --repeat 1 --reduce"
	User time (seconds): 0.76
	System time (seconds): 1.34
	Percent of CPU this job got: 422%
	Elapsed (wall clock) time (h:mm:ss or m:ss): 0:00.49
	Average shared text size (kbytes): 0
	Average unshared data size (kbytes): 0
	Average stack size (kbytes): 0
	Average total size (kbytes): 0
	Maximum resident set size (kbytes): 90100
	Average resident set size (kbytes): 0
	Major (requiring I/O) page faults: 0
	Minor (reclaiming a frame) page faults: 14414
	Voluntary context switches: 23
	Involuntary context switches: 71
	Swaps: 0
	File system inputs: 0
	File system outputs: 24
	Socket messages sent: 0
	Socket messages received: 0
	Signals delivered: 0
	Page size (bytes): 4096
	Exit status: 0
