Namespace(tool='BDD', exper=None, gml=['topologies/topzoo/GtsRomania.gml', '5'], index=None, prop='Reach', prop_file=None, op_req=None, repeat=1, reduce=True, opt=False, u=False, some=False, count=False, weight_bound=None, savedir='topzoo_res/Reach/reduce/BDD-1', dump_bdd=False)
Running 5GtsRomania.gml
Policy: (Reach 121)
Initial path of nodes: [8, 19, 18, 20, 11, 16, 29, 40, 39, 41, 32, 37, 50, 61, 60, 62, 53, 58, 71, 82, 81, 83, 74, 79, 92, 103, 102, 104, 95, 100, 113, 124, 123, 125, 116, 121]
Final path of nodes: [8, 19, 18, 5, 0, 11, 16, 29, 40, 39, 26, 21, 32, 37, 50, 61, 60, 47, 42, 53, 58, 71, 82, 81, 68, 63, 74, 79, 92, 103, 102, 89, 84, 95, 100, 113, 124, 123, 110, 105, 116, 121]
Time: 0.006231546401977539
Solution: non-empty
	Command being timed: "python3 allsynth/run.py -t BDD --GML topologies/topzoo/GtsRomania.gml 5 --dir topzoo_res/Reach/reduce/BDD-1 --e-prop Reach --repeat 1 --reduce"
	User time (seconds): 0.73
	System time (seconds): 1.30
	Percent of CPU this job got: 479%
	Elapsed (wall clock) time (h:mm:ss or m:ss): 0:00.42
	Average shared text size (kbytes): 0
	Average unshared data size (kbytes): 0
	Average stack size (kbytes): 0
	Average total size (kbytes): 0
	Maximum resident set size (kbytes): 88352
	Average resident set size (kbytes): 0
	Major (requiring I/O) page faults: 0
	Minor (reclaiming a frame) page faults: 14029
	Voluntary context switches: 23
	Involuntary context switches: 25
	Swaps: 0
	File system inputs: 0
	File system outputs: 24
	Socket messages sent: 0
	Socket messages received: 0
	Signals delivered: 0
	Page size (bytes): 4096
	Exit status: 0
