Namespace(tool='BDD', exper=None, gml=['topologies/topzoo/HiberniaUk.gml', '5'], index=None, prop='Reach', prop_file=None, op_req=None, repeat=1, reduce=True, opt=False, u=False, some=False, count=False, weight_bound=None, savedir='topzoo_res/Reach/reduce/BDD-1', dump_bdd=False)
Running 5HiberniaUk.gml
Policy: (Reach 85)
Initial path of nodes: [2, 13, 0, 6, 5, 8, 7, 10, 16, 27, 19, 26, 29, 28, 15, 18, 32, 43, 30, 36, 35, 38, 37, 40, 47, 58, 45, 51, 50, 53, 52, 55, 62, 73, 60, 66, 65, 68, 67, 70, 77, 88, 75, 81, 80, 83, 82, 85]
Final path of nodes: [2, 13, 14, 11, 4, 12, 1, 9, 10, 16, 24, 25, 22, 23, 20, 21, 15, 18, 32, 43, 44, 41, 34, 42, 31, 39, 40, 47, 58, 59, 56, 49, 57, 46, 54, 55, 62, 73, 74, 71, 64, 72, 61, 69, 70, 77, 88, 89, 86, 79, 87, 76, 84, 85]
Time: 0.007208108901977539
Solution: non-empty
	Command being timed: "python3 allsynth/run.py -t BDD --GML topologies/topzoo/HiberniaUk.gml 5 --dir topzoo_res/Reach/reduce/BDD-1 --e-prop Reach --repeat 1 --reduce"
	User time (seconds): 0.71
	System time (seconds): 1.32
	Percent of CPU this job got: 475%
	Elapsed (wall clock) time (h:mm:ss or m:ss): 0:00.42
	Average shared text size (kbytes): 0
	Average unshared data size (kbytes): 0
	Average stack size (kbytes): 0
	Average total size (kbytes): 0
	Maximum resident set size (kbytes): 87852
	Average resident set size (kbytes): 0
	Major (requiring I/O) page faults: 0
	Minor (reclaiming a frame) page faults: 13971
	Voluntary context switches: 26
	Involuntary context switches: 41
	Swaps: 0
	File system inputs: 0
	File system outputs: 24
	Socket messages sent: 0
	Socket messages received: 0
	Signals delivered: 0
	Page size (bytes): 4096
	Exit status: 0
