Namespace(tool='BDD', exper=None, gml=['topologies/topzoo/Internetmci.gml', '5'], index=None, prop='Reach', prop_file=None, op_req=None, repeat=1, reduce=True, opt=False, u=False, some=False, count=False, weight_bound=None, savedir='topzoo_res/Reach/reduce/BDD-1', dump_bdd=False)
Running 5Internetmci.gml
Policy: (Reach 113)
Initial path of nodes: [0, 3, 16, 8, 18, 19, 22, 35, 27, 37, 38, 41, 54, 46, 56, 57, 60, 73, 65, 75, 76, 79, 92, 84, 94, 95, 98, 111, 103, 113]
Final path of nodes: [0, 3, 16, 17, 18, 19, 22, 34, 35, 36, 37, 38, 39, 40, 47, 46, 56, 57, 60, 72, 73, 74, 75, 76, 77, 78, 85, 84, 94, 95, 98, 110, 111, 112, 113]
Time: 0.011258125305175781
Solution: non-empty
	Command being timed: "python3 allsynth/run.py -t BDD --GML topologies/topzoo/Internetmci.gml 5 --dir topzoo_res/Reach/reduce/BDD-1 --e-prop Reach --repeat 1 --reduce"
	User time (seconds): 0.70
	System time (seconds): 1.32
	Percent of CPU this job got: 483%
	Elapsed (wall clock) time (h:mm:ss or m:ss): 0:00.42
	Average shared text size (kbytes): 0
	Average unshared data size (kbytes): 0
	Average stack size (kbytes): 0
	Average total size (kbytes): 0
	Maximum resident set size (kbytes): 88532
	Average resident set size (kbytes): 0
	Major (requiring I/O) page faults: 0
	Minor (reclaiming a frame) page faults: 14138
	Voluntary context switches: 22
	Involuntary context switches: 29
	Swaps: 0
	File system inputs: 0
	File system outputs: 24
	Socket messages sent: 0
	Socket messages received: 0
	Signals delivered: 0
	Page size (bytes): 4096
	Exit status: 0
