Namespace(tool='BDD', exper=None, gml=['topologies/topzoo/Marwan.gml', '5'], index=None, prop='Reach', prop_file=None, op_req=None, repeat=1, reduce=True, opt=False, u=False, some=False, count=False, weight_bound=None, savedir='topzoo_res/Reach/reduce/BDD-1', dump_bdd=False)
Running 5Marwan.gml
Policy: (Reach 92)
Initial path of nodes: [1, 0, 3, 2, 15, 13, 12, 17, 16, 19, 18, 31, 29, 28, 33, 32, 35, 34, 47, 45, 44, 49, 48, 51, 50, 63, 61, 60, 65, 64, 67, 66, 79, 77, 76, 81, 80, 83, 82, 95, 93, 92]
Final path of nodes: [1, 4, 7, 2, 15, 13, 12, 17, 20, 23, 22, 31, 29, 28, 33, 36, 39, 34, 47, 45, 44, 49, 52, 55, 54, 63, 61, 60, 65, 68, 71, 66, 79, 77, 76, 81, 84, 87, 86, 95, 93, 92]
Time: 0.006182670593261719
Solution: non-empty
	Command being timed: "python3 allsynth/run.py -t BDD --GML topologies/topzoo/Marwan.gml 5 --dir topzoo_res/Reach/reduce/BDD-1 --e-prop Reach --repeat 1 --reduce"
	User time (seconds): 0.76
	System time (seconds): 1.26
	Percent of CPU this job got: 483%
	Elapsed (wall clock) time (h:mm:ss or m:ss): 0:00.42
	Average shared text size (kbytes): 0
	Average unshared data size (kbytes): 0
	Average stack size (kbytes): 0
	Average total size (kbytes): 0
	Maximum resident set size (kbytes): 87884
	Average resident set size (kbytes): 0
	Major (requiring I/O) page faults: 0
	Minor (reclaiming a frame) page faults: 13949
	Voluntary context switches: 24
	Involuntary context switches: 52
	Swaps: 0
	File system inputs: 0
	File system outputs: 24
	Socket messages sent: 0
	Socket messages received: 0
	Signals delivered: 0
	Page size (bytes): 4096
	Exit status: 0
