Namespace(tool='BDD', exper=None, gml=['topologies/topzoo/Renater2004.gml', '5'], index=None, prop='Reach', prop_file=None, op_req=None, repeat=1, reduce=True, opt=False, u=False, some=False, count=False, weight_bound=None, savedir='topzoo_res/Reach/reduce/BDD-1', dump_bdd=False)
Running 5Renater2004.gml
Policy: (Reach 179)
Initial path of nodes: [14, 9, 8, 12, 13, 21, 20, 29, 44, 39, 38, 42, 43, 51, 50, 59, 74, 69, 68, 72, 73, 81, 80, 89, 104, 99, 98, 102, 103, 111, 110, 119, 134, 129, 128, 132, 133, 141, 140, 149, 164, 159, 158, 162, 163, 171, 170, 179]
Final path of nodes: [14, 9, 15, 12, 13, 27, 28, 29, 44, 39, 45, 42, 43, 57, 58, 59, 74, 69, 75, 72, 73, 87, 88, 89, 104, 99, 105, 102, 103, 117, 118, 119, 134, 129, 135, 132, 133, 147, 148, 149, 164, 159, 165, 162, 163, 177, 178, 179]
Time: 0.015551328659057617
Solution: non-empty
	Command being timed: "python3 allsynth/run.py -t BDD --GML topologies/topzoo/Renater2004.gml 5 --dir topzoo_res/Reach/reduce/BDD-1 --e-prop Reach --repeat 1 --reduce"
	User time (seconds): 0.77
	System time (seconds): 1.29
	Percent of CPU this job got: 455%
	Elapsed (wall clock) time (h:mm:ss or m:ss): 0:00.45
	Average shared text size (kbytes): 0
	Average unshared data size (kbytes): 0
	Average stack size (kbytes): 0
	Average total size (kbytes): 0
	Maximum resident set size (kbytes): 88660
	Average resident set size (kbytes): 0
	Major (requiring I/O) page faults: 0
	Minor (reclaiming a frame) page faults: 14196
	Voluntary context switches: 22
	Involuntary context switches: 37
	Swaps: 0
	File system inputs: 0
	File system outputs: 24
	Socket messages sent: 0
	Socket messages received: 0
	Signals delivered: 0
	Page size (bytes): 4096
	Exit status: 0
