Namespace(tool='BDD', exper=None, gml=['topologies/topzoo/Rhnet.gml', '5'], index=None, prop='Reach', prop_file=None, op_req=None, repeat=1, reduce=True, opt=False, u=False, some=False, count=False, weight_bound=None, savedir='topzoo_res/Reach/reduce/BDD-1', dump_bdd=False)
Running 5Rhnet.gml
Policy: (Reach 87)
Initial path of nodes: [0, 3, 1, 10, 9, 8, 15, 6, 7, 16, 19, 17, 26, 25, 24, 31, 22, 23, 32, 35, 33, 42, 41, 40, 47, 38, 39, 48, 51, 49, 58, 57, 56, 63, 54, 55, 64, 67, 65, 74, 73, 72, 79, 70, 71, 80, 83, 81, 90, 89, 88, 95, 86, 87]
Final path of nodes: [0, 3, 1, 10, 11, 12, 13, 14, 15, 6, 7, 16, 19, 17, 26, 27, 28, 29, 30, 31, 22, 23, 32, 34, 35, 33, 42, 43, 44, 45, 46, 47, 38, 39, 48, 51, 49, 58, 59, 60, 61, 62, 63, 54, 55, 64, 66, 67, 65, 74, 75, 76, 77, 78, 79, 70, 71, 80, 83, 81, 90, 91, 92, 93, 94, 95, 86, 87]
Time: 0.016944169998168945
Solution: non-empty
	Command being timed: "python3 allsynth/run.py -t BDD --GML topologies/topzoo/Rhnet.gml 5 --dir topzoo_res/Reach/reduce/BDD-1 --e-prop Reach --repeat 1 --reduce"
	User time (seconds): 0.77
	System time (seconds): 1.26
	Percent of CPU this job got: 477%
	Elapsed (wall clock) time (h:mm:ss or m:ss): 0:00.42
	Average shared text size (kbytes): 0
	Average unshared data size (kbytes): 0
	Average stack size (kbytes): 0
	Average total size (kbytes): 0
	Maximum resident set size (kbytes): 88040
	Average resident set size (kbytes): 0
	Major (requiring I/O) page faults: 0
	Minor (reclaiming a frame) page faults: 14036
	Voluntary context switches: 30
	Involuntary context switches: 25
	Swaps: 0
	File system inputs: 0
	File system outputs: 24
	Socket messages sent: 0
	Socket messages received: 0
	Signals delivered: 0
	Page size (bytes): 4096
	Exit status: 0
