Namespace(tool='BDD', exper=None, gml=['topologies/topzoo/Shentel.gml', '5'], index=None, prop='Reach', prop_file=None, op_req=None, repeat=1, reduce=True, opt=False, u=False, some=False, count=False, weight_bound=None, savedir='topzoo_res/Reach/reduce/BDD-1', dump_bdd=False)
Running 5Shentel.gml
Policy: (Reach 167)
Initial path of nodes: [17, 10, 11, 12, 13, 9, 8, 24, 14, 20, 15, 19, 18, 27, 45, 38, 39, 40, 41, 37, 36, 52, 42, 48, 43, 47, 46, 55, 73, 66, 67, 68, 69, 65, 64, 80, 70, 76, 71, 75, 74, 83, 101, 94, 95, 96, 97, 93, 92, 108, 98, 104, 99, 103, 102, 111, 129, 122, 123, 124, 125, 121, 120, 136, 126, 132, 127, 131, 130, 139, 157, 150, 151, 152, 153, 149, 148, 164, 154, 160, 155, 159, 158, 167]
Final path of nodes: [17, 10, 11, 12, 13, 9, 8, 23, 16, 22, 20, 2, 3, 25, 26, 27, 45, 38, 39, 40, 41, 37, 36, 51, 44, 50, 48, 30, 31, 53, 54, 55, 73, 66, 67, 68, 69, 65, 64, 79, 72, 78, 76, 58, 59, 81, 82, 83, 101, 94, 95, 96, 97, 93, 92, 107, 100, 106, 104, 86, 87, 109, 110, 111, 129, 122, 123, 124, 125, 121, 120, 135, 128, 134, 132, 114, 115, 137, 138, 139, 157, 150, 151, 152, 153, 149, 148, 163, 156, 162, 160, 142, 143, 165, 166, 167]
Time: 0.03265786170959473
Solution: non-empty
	Command being timed: "python3 allsynth/run.py -t BDD --GML topologies/topzoo/Shentel.gml 5 --dir topzoo_res/Reach/reduce/BDD-1 --e-prop Reach --repeat 1 --reduce"
	User time (seconds): 0.81
	System time (seconds): 1.24
	Percent of CPU this job got: 450%
	Elapsed (wall clock) time (h:mm:ss or m:ss): 0:00.45
	Average shared text size (kbytes): 0
	Average unshared data size (kbytes): 0
	Average stack size (kbytes): 0
	Average total size (kbytes): 0
	Maximum resident set size (kbytes): 88488
	Average resident set size (kbytes): 0
	Major (requiring I/O) page faults: 0
	Minor (reclaiming a frame) page faults: 14194
	Voluntary context switches: 30
	Involuntary context switches: 27
	Swaps: 0
	File system inputs: 0
	File system outputs: 24
	Socket messages sent: 0
	Socket messages received: 0
	Signals delivered: 0
	Page size (bytes): 4096
	Exit status: 0
