Namespace(tool='BDD', exper=None, gml=['topologies/topzoo/Uninett2011.gml', '5'], index=None, prop='Reach', prop_file=None, op_req=None, repeat=1, reduce=True, opt=False, u=False, some=False, count=False, weight_bound=None, savedir='topzoo_res/Reach/reduce/BDD-1', dump_bdd=False)
Running 5Uninett2011.gml
Policy: (Reach 412)
Initial path of nodes: [31, 14, 30, 56, 43, 62, 1, 0, 68, 67, 76, 73, 74, 72, 130, 81, 84, 111, 113, 100, 169, 152, 168, 194, 181, 200, 139, 138, 206, 205, 238, 221, 237, 263, 250, 269, 208, 207, 275, 274, 307, 290, 306, 332, 319, 338, 277, 276, 344, 343, 376, 359, 375, 401, 388, 407, 346, 345, 413, 412]
Final path of nodes: [31, 44, 42, 15, 12, 61, 3, 2, 60, 59, 67, 76, 120, 75, 70, 131, 112, 125, 99, 83, 100, 169, 182, 180, 153, 150, 199, 141, 140, 198, 197, 205, 238, 251, 249, 222, 219, 268, 210, 209, 267, 266, 274, 307, 320, 318, 291, 288, 337, 279, 278, 336, 335, 343, 376, 389, 387, 360, 357, 406, 348, 347, 405, 404, 412]
Time: 0.007260560989379883
Solution: non-empty
	Command being timed: "python3 allsynth/run.py -t BDD --GML topologies/topzoo/Uninett2011.gml 5 --dir topzoo_res/Reach/reduce/BDD-1 --e-prop Reach --repeat 1 --reduce"
	User time (seconds): 0.85
	System time (seconds): 1.23
	Percent of CPU this job got: 390%
	Elapsed (wall clock) time (h:mm:ss or m:ss): 0:00.53
	Average shared text size (kbytes): 0
	Average unshared data size (kbytes): 0
	Average stack size (kbytes): 0
	Average total size (kbytes): 0
	Maximum resident set size (kbytes): 90144
	Average resident set size (kbytes): 0
	Major (requiring I/O) page faults: 0
	Minor (reclaiming a frame) page faults: 14476
	Voluntary context switches: 26
	Involuntary context switches: 89
	Swaps: 0
	File system inputs: 0
	File system outputs: 24
	Socket messages sent: 0
	Socket messages received: 0
	Signals delivered: 0
	Page size (bytes): 4096
	Exit status: 0
