Namespace(tool='PERS', exper=None, gml=['topologies/topzoo/Belnet2008.gml', '5'], index=None, prop='SeparateWPk', prop_file=None, op_req=None, repeat=1, reduce=False, opt=False, u=False, some=False, count=False, weight_bound=None, savedir='topzoo_res/SeparateWPk/PERS/PERS-0', dump_bdd=False)
Running 5Belnet2008.gml
Policy: ((((((((((((((((((((WP(6-120) | WP(15-120)) | WP(17-120)) | WP(21-120)) | WP(35-120)) | WP(40-120)) | WP(48-120)) | WP(52-120)) | WP(57-120)) | WP(63-120)) | WP(77-120)) | WP(79-120)) | WP(83-120)) | WP(87-120)) | WP(91-120)) | WP(97-120)) | WP(107-120)) | WP(115-120)) | WP(122-120)) | WP(123-120)) & (Reach 120))
Initial path of nodes: [10, 20, 19, 7, 6, 17, 16, 15, 23, 24, 21, 27, 38, 37, 36, 35, 52, 62, 61, 49, 48, 59, 58, 57, 73, 83, 82, 70, 69, 80, 79, 78, 94, 104, 103, 91, 90, 101, 100, 99, 115, 125, 124, 112, 111, 122, 121, 120]
Final path of nodes: [10, 11, 2, 3, 0, 6, 7, 18, 13, 14, 15, 23, 32, 31, 41, 40, 28, 39, 34, 35, 52, 53, 44, 45, 42, 48, 49, 60, 55, 56, 57, 73, 74, 65, 66, 63, 69, 70, 81, 76, 77, 78, 94, 95, 86, 87, 84, 90, 91, 102, 97, 98, 99, 115, 116, 107, 108, 105, 111, 112, 123, 118, 119, 120]
Persimmon problem:  {"Initial_routing":[[10, 20], [20, 19], [19, 7], [7, 6], [6, 17], [17, 16], [16, 15], [15, 23], [23, 24], [24, 21], [21, 27], [27, 38], [38, 37], [37, 36], [36, 35], [35, 52], [52, 62], [62, 61], [61, 49], [49, 48], [48, 59], [59, 58], [58, 57], [57, 73], [73, 83], [83, 82], [82, 70], [70, 69], [69, 80], [80, 79], [79, 78], [78, 94], [94, 104], [104, 103], [103, 91], [91, 90], [90, 101], [101, 100], [100, 99], [99, 115], [115, 125], [125, 124], [124, 112], [112, 111], [111, 122], [122, 121], [121, 120]],"Final_routing":[[10, 11], [11, 2], [2, 3], [3, 0], [0, 6], [6, 7], [7, 18], [18, 13], [13, 14], [14, 15], [15, 23], [23, 32], [32, 31], [31, 41], [41, 40], [40, 28], [28, 39], [39, 34], [34, 35], [35, 52], [52, 53], [53, 44], [44, 45], [45, 42], [42, 48], [48, 49], [49, 60], [60, 55], [55, 56], [56, 57], [57, 73], [73, 74], [74, 65], [65, 66], [66, 63], [63, 69], [69, 70], [70, 81], [81, 76], [76, 77], [77, 78], [78, 94], [94, 95], [95, 86], [86, 87], [87, 84], [84, 90], [90, 91], [91, 102], [102, 97], [97, 98], [98, 99], [99, 115], [115, 116], [116, 107], [107, 108], [108, 105], [105, 111], [111, 112], [112, 123], [123, 118], [118, 119], [119, 120]],"Properties":{"MultiAlternativeWaypoint": {"waypoint": [6,15,17,21,35,40,48,52,57,63,77,79,83,87,91,97,107,115,122,123]},"Reachability":{"startNode":10,"finalNode":120}}}
Persimmon stdout:  Chain equivalence reduction: 90 -> 61
Constructing all update BDD
Solution: Some([[28, 39, 34, 63, 53, 44, 45, 42, 102, 60, 55, 56, 97, 81, 76, 95, 86, 32, 31, 41, 49, 118, 119, 7, 73, 84, 98, 18, 13, 14, 70, 91, 52, 11, 2, 3, 0, 40, 108, 105, 10, 87, 77, 115, 123, 74, 65, 66, 94, 112, 116, 107], [23], [6, 90, 111, 69, 48], [104, 103, 24, 27, 38, 37, 36, 122, 17, 20, 19, 16, 21, 62, 61, 83, 80, 59, 58, 82, 121, 125, 124, 101, 100, 79]])
Time elapsed: 8.89ms
Time elapsed(s): 0.008886s

Persimmon stderr:  
Time: 0.008886
Solution: [[28, 39, 34, 63, 53, 44, 45, 42, 102, 60, 55, 56, 97, 81, 76, 95, 86, 32, 31, 41, 49, 118, 119, 7, 73, 84, 98, 18, 13, 14, 70, 91, 52, 11, 2, 3, 0, 40, 108, 105, 10, 87, 77, 115, 123, 74, 65, 66, 94, 112, 116, 107], [23], [6, 90, 111, 69, 48], [104, 103, 24, 27, 38, 37, 36, 122, 17, 20, 19, 16, 21, 62, 61, 83, 80, 59, 58, 82, 121, 125, 124, 101, 100, 79]]
	Command being timed: "python3 allsynth/run.py -t PERS --GML topologies/topzoo/Belnet2008.gml 5 --dir topzoo_res/SeparateWPk/PERS/PERS-0 --e-prop SeparateWPk --repeat 1"
	User time (seconds): 1.03
	System time (seconds): 1.37
	Percent of CPU this job got: 298%
	Elapsed (wall clock) time (h:mm:ss or m:ss): 0:00.80
	Average shared text size (kbytes): 0
	Average unshared data size (kbytes): 0
	Average stack size (kbytes): 0
	Average total size (kbytes): 0
	Maximum resident set size (kbytes): 70748
	Average resident set size (kbytes): 0
	Major (requiring I/O) page faults: 0
	Minor (reclaiming a frame) page faults: 13176
	Voluntary context switches: 29
	Involuntary context switches: 155
	Swaps: 0
	File system inputs: 0
	File system outputs: 24
	Socket messages sent: 0
	Socket messages received: 0
	Signals delivered: 0
	Page size (bytes): 4096
	Exit status: 0
