Namespace(tool='PERS', exper=None, gml=['topologies/topzoo/BtAsiaPac.gml', '5'], index=None, prop='SeparateWPk', prop_file=None, op_req=None, repeat=1, reduce=False, opt=False, u=False, some=False, count=False, weight_bound=None, savedir='topzoo_res/SeparateWPk/PERS/PERS-0', dump_bdd=False)
Running 5BtAsiaPac.gml
Policy: (((((WP(100-119) | WP(40-119)) | WP(80-119)) | WP(20-119)) | WP(60-119)) & (Reach 119))
Initial path of nodes: [0, 15, 1, 2, 19, 20, 35, 21, 22, 39, 40, 55, 41, 42, 59, 60, 75, 61, 62, 79, 80, 95, 81, 82, 99, 100, 115, 101, 102, 119]
Final path of nodes: [0, 15, 8, 2, 19, 20, 35, 28, 22, 39, 40, 55, 48, 42, 59, 60, 75, 68, 62, 79, 80, 95, 88, 82, 99, 100, 115, 108, 102, 119]
Persimmon problem:  {"Initial_routing":[[0, 15], [15, 1], [1, 2], [2, 19], [19, 20], [20, 35], [35, 21], [21, 22], [22, 39], [39, 40], [40, 55], [55, 41], [41, 42], [42, 59], [59, 60], [60, 75], [75, 61], [61, 62], [62, 79], [79, 80], [80, 95], [95, 81], [81, 82], [82, 99], [99, 100], [100, 115], [115, 101], [101, 102], [102, 119]],"Final_routing":[[0, 15], [15, 8], [8, 2], [2, 19], [19, 20], [20, 35], [35, 28], [28, 22], [22, 39], [39, 40], [40, 55], [55, 48], [48, 42], [42, 59], [59, 60], [60, 75], [75, 68], [68, 62], [62, 79], [79, 80], [80, 95], [95, 88], [88, 82], [82, 99], [99, 100], [100, 115], [115, 108], [108, 102], [102, 119]],"Properties":{"MultiAlternativeWaypoint": {"waypoint": [100,40,80,20,60]},"Reachability":{"startNode":0,"finalNode":119}}}
Persimmon stdout:  Chain equivalence reduction: 36 -> 31
Constructing all update BDD
Solution: Some([[8, 48, 88, 28, 68, 108], [35, 75, 55, 95, 115, 15], [21, 41, 61, 101, 1, 81]])
Time elapsed: 1.84ms
Time elapsed(s): 0.001844s

Persimmon stderr:  
Time: 0.001844
Solution: [[8, 48, 88, 28, 68, 108], [35, 75, 55, 95, 115, 15], [21, 41, 61, 101, 1, 81]]
	Command being timed: "python3 allsynth/run.py -t PERS --GML topologies/topzoo/BtAsiaPac.gml 5 --dir topzoo_res/SeparateWPk/PERS/PERS-0 --e-prop SeparateWPk --repeat 1"
	User time (seconds): 0.92
	System time (seconds): 1.24
	Percent of CPU this job got: 336%
	Elapsed (wall clock) time (h:mm:ss or m:ss): 0:00.64
	Average shared text size (kbytes): 0
	Average unshared data size (kbytes): 0
	Average stack size (kbytes): 0
	Average total size (kbytes): 0
	Maximum resident set size (kbytes): 70948
	Average resident set size (kbytes): 0
	Major (requiring I/O) page faults: 0
	Minor (reclaiming a frame) page faults: 13086
	Voluntary context switches: 33
	Involuntary context switches: 196
	Swaps: 0
	File system inputs: 0
	File system outputs: 24
	Socket messages sent: 0
	Socket messages received: 0
	Signals delivered: 0
	Page size (bytes): 4096
	Exit status: 0
