Namespace(tool='PERS', exper=None, gml=['topologies/topzoo/Epoch.gml', '5'], index=None, prop='SeparateWPk', prop_file=None, op_req=None, repeat=1, reduce=False, opt=False, u=False, some=False, count=False, weight_bound=None, savedir='topzoo_res/SeparateWPk/PERS/PERS-0', dump_bdd=False)
Running 5Epoch.gml
Policy: ((((((WP(32-35) | WP(6-35)) | WP(11-35)) | WP(13-35)) | WP(16-35)) | WP(23-35)) & (Reach 35))
Initial path of nodes: [2, 0, 1, 5, 7, 6, 8, 9, 14, 12, 13, 17, 20, 18, 19, 23, 26, 24, 25, 29, 32, 30, 31, 35]
Final path of nodes: [2, 0, 4, 5, 7, 11, 10, 9, 14, 15, 16, 17, 20, 21, 22, 23, 26, 27, 28, 29, 32, 33, 34, 35]
Persimmon problem:  {"Initial_routing":[[2, 0], [0, 1], [1, 5], [5, 7], [7, 6], [6, 8], [8, 9], [9, 14], [14, 12], [12, 13], [13, 17], [17, 20], [20, 18], [18, 19], [19, 23], [23, 26], [26, 24], [24, 25], [25, 29], [29, 32], [32, 30], [30, 31], [31, 35]],"Final_routing":[[2, 0], [0, 4], [4, 5], [5, 7], [7, 11], [11, 10], [10, 9], [9, 14], [14, 15], [15, 16], [16, 17], [17, 20], [20, 21], [21, 22], [22, 23], [23, 26], [26, 27], [27, 28], [28, 29], [29, 32], [32, 33], [33, 34], [34, 35]],"Properties":{"MultiAlternativeWaypoint": {"waypoint": [32,6,11,13,16,23]},"Reachability":{"startNode":2,"finalNode":35}}}
Persimmon stdout:  Chain equivalence reduction: 35 -> 29
Constructing all update BDD
Solution: Some([[10, 27, 28, 4, 11, 15, 21, 22, 33, 34, 16], [14, 20, 0, 7, 26, 32], [8, 12, 18, 19, 1, 6, 24, 25, 13, 30, 31]])
Time elapsed: 1.50ms
Time elapsed(s): 0.001501s

Persimmon stderr:  
Time: 0.001501
Solution: [[10, 27, 28, 4, 11, 15, 21, 22, 33, 34, 16], [14, 20, 0, 7, 26, 32], [8, 12, 18, 19, 1, 6, 24, 25, 13, 30, 31]]
	Command being timed: "python3 allsynth/run.py -t PERS --GML topologies/topzoo/Epoch.gml 5 --dir topzoo_res/SeparateWPk/PERS/PERS-0 --e-prop SeparateWPk --repeat 1"
	User time (seconds): 0.88
	System time (seconds): 1.31
	Percent of CPU this job got: 373%
	Elapsed (wall clock) time (h:mm:ss or m:ss): 0:00.58
	Average shared text size (kbytes): 0
	Average unshared data size (kbytes): 0
	Average stack size (kbytes): 0
	Average total size (kbytes): 0
	Maximum resident set size (kbytes): 72368
	Average resident set size (kbytes): 0
	Major (requiring I/O) page faults: 0
	Minor (reclaiming a frame) page faults: 12908
	Voluntary context switches: 41
	Involuntary context switches: 109
	Swaps: 0
	File system inputs: 0
	File system outputs: 24
	Socket messages sent: 0
	Socket messages received: 0
	Signals delivered: 0
	Page size (bytes): 4096
	Exit status: 0
