Namespace(tool='PERS', exper=None, gml=['topologies/topzoo/Forthnet.gml', '5'], index=None, prop='SeparateWPk', prop_file=None, op_req=None, repeat=1, reduce=False, opt=False, u=False, some=False, count=False, weight_bound=None, savedir='topzoo_res/SeparateWPk/PERS/PERS-0', dump_bdd=False)
Running 5Forthnet.gml
Policy: ((((((((((((((((((WP(32-363) | WP(65-363)) | WP(131-363)) | WP(291-363)) | WP(229-363)) | WP(166-363)) | WP(255-363)) | WP(104-363)) | WP(331-363)) | WP(365-363)) | WP(206-363)) | WP(239-363)) | WP(84-363)) | WP(117-363)) | WP(342-363)) | WP(55-363)) | WP(189-363)) | WP(127-363)) & (Reach 363))
Initial path of nodes: [21, 20, 42, 43, 7, 55, 3, 53, 64, 65, 117, 69, 105, 104, 82, 84, 145, 144, 166, 167, 131, 179, 127, 177, 207, 206, 228, 229, 193, 241, 189, 239, 269, 268, 290, 291, 255, 303, 251, 301, 331, 330, 352, 353, 317, 365, 313, 363]
Final path of nodes: [21, 20, 42, 43, 7, 32, 55, 3, 53, 64, 65, 117, 94, 69, 105, 104, 82, 84, 145, 144, 166, 167, 131, 156, 179, 127, 177, 207, 206, 228, 229, 193, 218, 241, 189, 239, 269, 268, 290, 291, 255, 280, 303, 251, 301, 331, 330, 352, 353, 317, 342, 365, 313, 363]
Persimmon problem:  {"Initial_routing":[[21, 20], [20, 42], [42, 43], [43, 7], [7, 55], [55, 3], [3, 53], [53, 64], [64, 65], [65, 117], [117, 69], [69, 105], [105, 104], [104, 82], [82, 84], [84, 145], [145, 144], [144, 166], [166, 167], [167, 131], [131, 179], [179, 127], [127, 177], [177, 207], [207, 206], [206, 228], [228, 229], [229, 193], [193, 241], [241, 189], [189, 239], [239, 269], [269, 268], [268, 290], [290, 291], [291, 255], [255, 303], [303, 251], [251, 301], [301, 331], [331, 330], [330, 352], [352, 353], [353, 317], [317, 365], [365, 313], [313, 363]],"Final_routing":[[21, 20], [20, 42], [42, 43], [43, 7], [7, 32], [32, 55], [55, 3], [3, 53], [53, 64], [64, 65], [65, 117], [117, 94], [94, 69], [69, 105], [105, 104], [104, 82], [82, 84], [84, 145], [145, 144], [144, 166], [166, 167], [167, 131], [131, 156], [156, 179], [179, 127], [127, 177], [177, 207], [207, 206], [206, 228], [228, 229], [229, 193], [193, 218], [218, 241], [241, 189], [189, 239], [239, 269], [269, 268], [268, 290], [290, 291], [291, 255], [255, 280], [280, 303], [303, 251], [251, 301], [301, 331], [331, 330], [330, 352], [352, 353], [353, 317], [317, 342], [342, 365], [365, 313], [313, 363]],"Properties":{"MultiAlternativeWaypoint": {"waypoint": [32,65,131,291,229,166,255,104,331,365,206,239,84,117,342,55,189,127]},"Reachability":{"startNode":21,"finalNode":363}}}
Persimmon stdout:  Chain equivalence reduction: 54 -> 39
Constructing all update BDD
Solution: Some([[94, 156, 32, 342, 280, 218], [193, 7, 117, 317, 255, 131]])
Time elapsed: 2.21ms
Time elapsed(s): 0.002207s

Persimmon stderr:  
Time: 0.002207
Solution: [[94, 156, 32, 342, 280, 218], [193, 7, 117, 317, 255, 131]]
	Command being timed: "python3 allsynth/run.py -t PERS --GML topologies/topzoo/Forthnet.gml 5 --dir topzoo_res/SeparateWPk/PERS/PERS-0 --e-prop SeparateWPk --repeat 1"
	User time (seconds): 1.06
	System time (seconds): 1.30
	Percent of CPU this job got: 311%
	Elapsed (wall clock) time (h:mm:ss or m:ss): 0:00.75
	Average shared text size (kbytes): 0
	Average unshared data size (kbytes): 0
	Average stack size (kbytes): 0
	Average total size (kbytes): 0
	Maximum resident set size (kbytes): 72556
	Average resident set size (kbytes): 0
	Major (requiring I/O) page faults: 0
	Minor (reclaiming a frame) page faults: 13555
	Voluntary context switches: 29
	Involuntary context switches: 109
	Swaps: 0
	File system inputs: 0
	File system outputs: 24
	Socket messages sent: 0
	Socket messages received: 0
	Signals delivered: 0
	Page size (bytes): 4096
	Exit status: 0
