Namespace(tool='PERS', exper=None, gml=['topologies/topzoo/Garr201107.gml', '5'], index=None, prop='SeparateWPk', prop_file=None, op_req=None, repeat=1, reduce=False, opt=False, u=False, some=False, count=False, weight_bound=None, savedir='topzoo_res/SeparateWPk/PERS/PERS-0', dump_bdd=False)
Running 5Garr201107.gml
Policy: (((((((((((((((((((WP(257-326) | WP(266-326)) | WP(139-326)) | WP(140-326)) | WP(14-326)) | WP(148-326)) | WP(150-326)) | WP(280-326)) | WP(303-326)) | WP(305-326)) | WP(309-326)) | WP(187-326)) | WP(325-326)) | WP(198-326)) | WP(208-326)) | WP(81-326)) | WP(209-326)) | WP(91-326)) | WP(92-326)) & (Reach 326))
Initial path of nodes: [8, 22, 21, 10, 44, 14, 32, 30, 31, 67, 81, 80, 69, 103, 73, 91, 89, 90, 126, 140, 139, 128, 162, 132, 150, 148, 149, 185, 199, 198, 187, 221, 191, 209, 207, 208, 244, 258, 257, 246, 280, 250, 268, 266, 267, 303, 317, 316, 305, 339, 309, 327, 325, 326]
Final path of nodes: [8, 22, 21, 18, 53, 14, 32, 30, 31, 67, 81, 80, 69, 112, 73, 92, 91, 89, 90, 126, 140, 139, 136, 171, 132, 150, 148, 149, 185, 199, 198, 187, 230, 191, 210, 209, 207, 208, 244, 258, 257, 254, 289, 250, 268, 266, 267, 303, 317, 316, 305, 348, 309, 328, 327, 325, 326]
Persimmon problem:  {"Initial_routing":[[8, 22], [22, 21], [21, 10], [10, 44], [44, 14], [14, 32], [32, 30], [30, 31], [31, 67], [67, 81], [81, 80], [80, 69], [69, 103], [103, 73], [73, 91], [91, 89], [89, 90], [90, 126], [126, 140], [140, 139], [139, 128], [128, 162], [162, 132], [132, 150], [150, 148], [148, 149], [149, 185], [185, 199], [199, 198], [198, 187], [187, 221], [221, 191], [191, 209], [209, 207], [207, 208], [208, 244], [244, 258], [258, 257], [257, 246], [246, 280], [280, 250], [250, 268], [268, 266], [266, 267], [267, 303], [303, 317], [317, 316], [316, 305], [305, 339], [339, 309], [309, 327], [327, 325], [325, 326]],"Final_routing":[[8, 22], [22, 21], [21, 18], [18, 53], [53, 14], [14, 32], [32, 30], [30, 31], [31, 67], [67, 81], [81, 80], [80, 69], [69, 112], [112, 73], [73, 92], [92, 91], [91, 89], [89, 90], [90, 126], [126, 140], [140, 139], [139, 136], [136, 171], [171, 132], [132, 150], [150, 148], [148, 149], [149, 185], [185, 199], [199, 198], [198, 187], [187, 230], [230, 191], [191, 210], [210, 209], [209, 207], [207, 208], [208, 244], [244, 258], [258, 257], [257, 254], [254, 289], [289, 250], [250, 268], [268, 266], [266, 267], [267, 303], [303, 317], [317, 316], [316, 305], [305, 348], [348, 309], [309, 328], [328, 327], [327, 325], [325, 326]],"Properties":{"MultiAlternativeWaypoint": {"waypoint": [257,266,139,140,14,148,150,280,303,305,309,187,325,198,208,81,209,91,92]},"Reachability":{"startNode":8,"finalNode":326}}}
Persimmon stdout:  Chain equivalence reduction: 66 -> 49
Constructing all update BDD
Solution: Some([[348, 254, 289, 230, 136, 171, 112, 18, 53], [92, 328, 69, 187, 305, 210, 21, 257, 139], [280, 10, 44, 246, 191, 73, 128, 162, 221, 309, 103, 339]])
Time elapsed: 3.38ms
Time elapsed(s): 0.003378s

Persimmon stderr:  
Time: 0.003378
Solution: [[348, 254, 289, 230, 136, 171, 112, 18, 53], [92, 328, 69, 187, 305, 210, 21, 257, 139], [280, 10, 44, 246, 191, 73, 128, 162, 221, 309, 103, 339]]
	Command being timed: "python3 allsynth/run.py -t PERS --GML topologies/topzoo/Garr201107.gml 5 --dir topzoo_res/SeparateWPk/PERS/PERS-0 --e-prop SeparateWPk --repeat 1"
	User time (seconds): 1.07
	System time (seconds): 1.21
	Percent of CPU this job got: 312%
	Elapsed (wall clock) time (h:mm:ss or m:ss): 0:00.73
	Average shared text size (kbytes): 0
	Average unshared data size (kbytes): 0
	Average stack size (kbytes): 0
	Average total size (kbytes): 0
	Maximum resident set size (kbytes): 72764
	Average resident set size (kbytes): 0
	Major (requiring I/O) page faults: 0
	Minor (reclaiming a frame) page faults: 13494
	Voluntary context switches: 32
	Involuntary context switches: 209
	Swaps: 0
	File system inputs: 0
	File system outputs: 24
	Socket messages sent: 0
	Socket messages received: 0
	Signals delivered: 0
	Page size (bytes): 4096
	Exit status: 0
