Namespace(tool='PERS', exper=None, gml=['topologies/topzoo/Garr201010.gml', '5'], index=None, prop='SeparateWPk', prop_file=None, op_req=None, repeat=1, reduce=False, opt=False, u=False, some=False, count=False, weight_bound=None, savedir='topzoo_res/SeparateWPk/PERS/PERS-0', dump_bdd=False)
Running 5Garr201010.gml
Policy: (((((((((((((((((((WP(128-333) | WP(12-333)) | WP(32-333)) | WP(162-333)) | WP(290-333)) | WP(165-333)) | WP(298-333)) | WP(181-333)) | WP(310-333)) | WP(312-333)) | WP(186-333)) | WP(66-333)) | WP(68-333)) | WP(74-333)) | WP(212-333)) | WP(86-333)) | WP(232-333)) | WP(234-333)) | WP(236-333)) & (Reach 333))
Initial path of nodes: [10, 18, 19, 8, 50, 32, 13, 53, 56, 86, 68, 97, 64, 75, 74, 66, 122, 130, 131, 120, 162, 144, 125, 165, 178, 186, 187, 176, 218, 200, 181, 221, 234, 242, 243, 232, 274, 256, 237, 277, 290, 298, 299, 288, 330, 312, 293, 333]
Final path of nodes: [10, 18, 19, 16, 44, 12, 30, 13, 53, 56, 86, 68, 100, 72, 75, 74, 66, 122, 130, 131, 128, 156, 124, 142, 125, 165, 178, 186, 187, 184, 212, 180, 198, 181, 221, 234, 242, 243, 240, 268, 236, 254, 237, 277, 290, 298, 299, 296, 324, 292, 310, 293, 333]
Persimmon problem:  {"Initial_routing":[[10, 18], [18, 19], [19, 8], [8, 50], [50, 32], [32, 13], [13, 53], [53, 56], [56, 86], [86, 68], [68, 97], [97, 64], [64, 75], [75, 74], [74, 66], [66, 122], [122, 130], [130, 131], [131, 120], [120, 162], [162, 144], [144, 125], [125, 165], [165, 178], [178, 186], [186, 187], [187, 176], [176, 218], [218, 200], [200, 181], [181, 221], [221, 234], [234, 242], [242, 243], [243, 232], [232, 274], [274, 256], [256, 237], [237, 277], [277, 290], [290, 298], [298, 299], [299, 288], [288, 330], [330, 312], [312, 293], [293, 333]],"Final_routing":[[10, 18], [18, 19], [19, 16], [16, 44], [44, 12], [12, 30], [30, 13], [13, 53], [53, 56], [56, 86], [86, 68], [68, 100], [100, 72], [72, 75], [75, 74], [74, 66], [66, 122], [122, 130], [130, 131], [131, 128], [128, 156], [156, 124], [124, 142], [142, 125], [125, 165], [165, 178], [178, 186], [186, 187], [187, 184], [184, 212], [212, 180], [180, 198], [198, 181], [181, 221], [221, 234], [234, 242], [242, 243], [243, 240], [240, 268], [268, 236], [236, 254], [254, 237], [237, 277], [277, 290], [290, 298], [298, 299], [299, 296], [296, 324], [324, 292], [292, 310], [310, 293], [293, 333]],"Properties":{"MultiAlternativeWaypoint": {"waypoint": [128,12,32,162,290,165,298,181,310,312,186,66,68,74,212,86,232,234,236]},"Reachability":{"startNode":10,"finalNode":333}}}
Persimmon stdout:  Chain equivalence reduction: 70 -> 49
Constructing all update BDD
Solution: Some([[12, 128, 16, 44, 184, 156, 124, 142, 236, 310, 30, 180, 198, 100, 72, 254, 296, 324, 292, 212, 240, 268], [131, 243, 68, 299, 19, 187], [8, 50, 312, 288, 330, 162, 97, 64, 32, 176, 218, 200, 120, 144, 274, 256, 232]])
Time elapsed: 3.19ms
Time elapsed(s): 0.003188s

Persimmon stderr:  
Time: 0.003188
Solution: [[12, 128, 16, 44, 184, 156, 124, 142, 236, 310, 30, 180, 198, 100, 72, 254, 296, 324, 292, 212, 240, 268], [131, 243, 68, 299, 19, 187], [8, 50, 312, 288, 330, 162, 97, 64, 32, 176, 218, 200, 120, 144, 274, 256, 232]]
	Command being timed: "python3 allsynth/run.py -t PERS --GML topologies/topzoo/Garr201010.gml 5 --dir topzoo_res/SeparateWPk/PERS/PERS-0 --e-prop SeparateWPk --repeat 1"
	User time (seconds): 0.98
	System time (seconds): 1.31
	Percent of CPU this job got: 325%
	Elapsed (wall clock) time (h:mm:ss or m:ss): 0:00.70
	Average shared text size (kbytes): 0
	Average unshared data size (kbytes): 0
	Average stack size (kbytes): 0
	Average total size (kbytes): 0
	Maximum resident set size (kbytes): 72632
	Average resident set size (kbytes): 0
	Major (requiring I/O) page faults: 0
	Minor (reclaiming a frame) page faults: 13481
	Voluntary context switches: 30
	Involuntary context switches: 126
	Swaps: 0
	File system inputs: 0
	File system outputs: 24
	Socket messages sent: 0
	Socket messages received: 0
	Signals delivered: 0
	Page size (bytes): 4096
	Exit status: 0
