Namespace(tool='PERS', exper=None, gml=['topologies/topzoo/Garr201005.gml', '5'], index=None, prop='SeparateWPk', prop_file=None, op_req=None, repeat=1, reduce=False, opt=False, u=False, some=False, count=False, weight_bound=None, savedir='topzoo_res/SeparateWPk/PERS/PERS-0', dump_bdd=False)
Running 5Garr201005.gml
Policy: (((((((((((((((((((WP(12-327) | WP(285-327)) | WP(31-327)) | WP(159-327)) | WP(162-327)) | WP(293-327)) | WP(304-327)) | WP(178-327)) | WP(306-327)) | WP(183-327)) | WP(65-327)) | WP(67-327)) | WP(73-327)) | WP(84-327)) | WP(214-327)) | WP(228-327)) | WP(230-327)) | WP(232-327)) | WP(126-327)) & (Reach 327))
Initial path of nodes: [10, 18, 19, 8, 49, 31, 13, 52, 55, 84, 67, 95, 63, 74, 73, 65, 120, 128, 129, 118, 159, 141, 123, 162, 175, 183, 184, 173, 214, 196, 178, 217, 230, 238, 239, 228, 269, 251, 233, 272, 285, 293, 294, 283, 324, 306, 288, 327]
Final path of nodes: [10, 18, 19, 16, 49, 12, 29, 13, 52, 55, 84, 67, 98, 71, 74, 73, 65, 120, 128, 129, 126, 159, 122, 139, 123, 162, 175, 183, 184, 181, 214, 177, 194, 178, 217, 230, 238, 239, 236, 269, 232, 249, 233, 272, 285, 293, 294, 291, 324, 287, 304, 288, 327]
Persimmon problem:  {"Initial_routing":[[10, 18], [18, 19], [19, 8], [8, 49], [49, 31], [31, 13], [13, 52], [52, 55], [55, 84], [84, 67], [67, 95], [95, 63], [63, 74], [74, 73], [73, 65], [65, 120], [120, 128], [128, 129], [129, 118], [118, 159], [159, 141], [141, 123], [123, 162], [162, 175], [175, 183], [183, 184], [184, 173], [173, 214], [214, 196], [196, 178], [178, 217], [217, 230], [230, 238], [238, 239], [239, 228], [228, 269], [269, 251], [251, 233], [233, 272], [272, 285], [285, 293], [293, 294], [294, 283], [283, 324], [324, 306], [306, 288], [288, 327]],"Final_routing":[[10, 18], [18, 19], [19, 16], [16, 49], [49, 12], [12, 29], [29, 13], [13, 52], [52, 55], [55, 84], [84, 67], [67, 98], [98, 71], [71, 74], [74, 73], [73, 65], [65, 120], [120, 128], [128, 129], [129, 126], [126, 159], [159, 122], [122, 139], [139, 123], [123, 162], [162, 175], [175, 183], [183, 184], [184, 181], [181, 214], [214, 177], [177, 194], [194, 178], [178, 217], [217, 230], [230, 238], [238, 239], [239, 236], [236, 269], [269, 232], [232, 249], [249, 233], [233, 272], [272, 285], [285, 293], [293, 294], [294, 291], [291, 324], [324, 287], [287, 304], [304, 288], [288, 327]],"Properties":{"MultiAlternativeWaypoint": {"waypoint": [12,285,31,159,162,293,304,178,306,183,65,67,73,84,214,228,230,232,126]},"Reachability":{"startNode":10,"finalNode":327}}}
Persimmon stdout:  Chain equivalence reduction: 65 -> 54
Constructing all update BDD
Solution: Some([[29, 122, 139, 291, 304, 98, 71, 16, 177, 194, 236, 287, 232, 12, 181, 249, 126], [67, 184, 214, 129, 239, 269, 19, 324, 159, 294, 49], [228, 95, 63, 306, 283, 118, 251, 31, 173, 141, 196, 8]])
Time elapsed: 4.07ms
Time elapsed(s): 0.004071s

Persimmon stderr:  
Time: 0.004071
Solution: [[29, 122, 139, 291, 304, 98, 71, 16, 177, 194, 236, 287, 232, 12, 181, 249, 126], [67, 184, 214, 129, 239, 269, 19, 324, 159, 294, 49], [228, 95, 63, 306, 283, 118, 251, 31, 173, 141, 196, 8]]
	Command being timed: "python3 allsynth/run.py -t PERS --GML topologies/topzoo/Garr201005.gml 5 --dir topzoo_res/SeparateWPk/PERS/PERS-0 --e-prop SeparateWPk --repeat 1"
	User time (seconds): 1.03
	System time (seconds): 1.28
	Percent of CPU this job got: 311%
	Elapsed (wall clock) time (h:mm:ss or m:ss): 0:00.74
	Average shared text size (kbytes): 0
	Average unshared data size (kbytes): 0
	Average stack size (kbytes): 0
	Average total size (kbytes): 0
	Maximum resident set size (kbytes): 72372
	Average resident set size (kbytes): 0
	Major (requiring I/O) page faults: 0
	Minor (reclaiming a frame) page faults: 13477
	Voluntary context switches: 30
	Involuntary context switches: 224
	Swaps: 0
	File system inputs: 0
	File system outputs: 24
	Socket messages sent: 0
	Socket messages received: 0
	Signals delivered: 0
	Page size (bytes): 4096
	Exit status: 0
