Namespace(tool='PERS', exper=None, gml=['topologies/topzoo/GtsCzechRepublic.gml', '5'], index=None, prop='SeparateWPk', prop_file=None, op_req=None, repeat=1, reduce=False, opt=False, u=False, some=False, count=False, weight_bound=None, savedir='topzoo_res/SeparateWPk/PERS/PERS-0', dump_bdd=False)
Running 5GtsCzechRepublic.gml
Policy: (((((((((((((((((((((((((WP(133-183) | WP(6-183)) | WP(11-183)) | WP(139-183)) | WP(12-183)) | WP(144-183)) | WP(156-183)) | WP(32-183)) | WP(36-183)) | WP(166-183)) | WP(171-183)) | WP(43-183)) | WP(172-183)) | WP(176-183)) | WP(48-183)) | WP(55-183)) | WP(68-183)) | WP(75-183)) | WP(80-183)) | WP(91-183)) | WP(98-183)) | WP(107-183)) | WP(112-183)) | WP(113-183)) | WP(126-183)) & (Reach 183))
Initial path of nodes: [16, 15, 14, 25, 26, 11, 30, 22, 3, 23, 32, 35, 54, 62, 38, 36, 37, 41, 49, 48, 80, 79, 78, 89, 90, 75, 94, 86, 67, 87, 112, 111, 110, 121, 122, 107, 126, 118, 99, 119, 144, 143, 142, 153, 154, 139, 158, 150, 131, 151, 176, 175, 174, 185, 186, 171, 190, 182, 163, 183]
Final path of nodes: [16, 17, 9, 5, 4, 6, 30, 11, 28, 27, 12, 2, 23, 32, 35, 55, 34, 44, 59, 60, 43, 58, 57, 46, 47, 48, 80, 81, 73, 69, 68, 70, 94, 75, 92, 91, 76, 66, 87, 112, 113, 105, 101, 100, 102, 126, 107, 124, 123, 108, 98, 119, 144, 145, 137, 133, 132, 134, 158, 139, 156, 155, 140, 130, 151, 176, 177, 169, 165, 164, 166, 190, 171, 188, 187, 172, 162, 183]
Persimmon problem:  {"Initial_routing":[[16, 15], [15, 14], [14, 25], [25, 26], [26, 11], [11, 30], [30, 22], [22, 3], [3, 23], [23, 32], [32, 35], [35, 54], [54, 62], [62, 38], [38, 36], [36, 37], [37, 41], [41, 49], [49, 48], [48, 80], [80, 79], [79, 78], [78, 89], [89, 90], [90, 75], [75, 94], [94, 86], [86, 67], [67, 87], [87, 112], [112, 111], [111, 110], [110, 121], [121, 122], [122, 107], [107, 126], [126, 118], [118, 99], [99, 119], [119, 144], [144, 143], [143, 142], [142, 153], [153, 154], [154, 139], [139, 158], [158, 150], [150, 131], [131, 151], [151, 176], [176, 175], [175, 174], [174, 185], [185, 186], [186, 171], [171, 190], [190, 182], [182, 163], [163, 183]],"Final_routing":[[16, 17], [17, 9], [9, 5], [5, 4], [4, 6], [6, 30], [30, 11], [11, 28], [28, 27], [27, 12], [12, 2], [2, 23], [23, 32], [32, 35], [35, 55], [55, 34], [34, 44], [44, 59], [59, 60], [60, 43], [43, 58], [58, 57], [57, 46], [46, 47], [47, 48], [48, 80], [80, 81], [81, 73], [73, 69], [69, 68], [68, 70], [70, 94], [94, 75], [75, 92], [92, 91], [91, 76], [76, 66], [66, 87], [87, 112], [112, 113], [113, 105], [105, 101], [101, 100], [100, 102], [102, 126], [126, 107], [107, 124], [124, 123], [123, 108], [108, 98], [98, 119], [119, 144], [144, 145], [145, 137], [137, 133], [133, 132], [132, 134], [134, 158], [158, 139], [139, 156], [156, 155], [155, 140], [140, 130], [130, 151], [151, 176], [176, 177], [177, 169], [169, 165], [165, 164], [164, 166], [166, 190], [190, 171], [171, 188], [188, 187], [187, 172], [172, 162], [162, 183]],"Properties":{"MultiAlternativeWaypoint": {"waypoint": [133,6,11,139,12,144,156,32,36,166,171,43,172,176,48,55,68,75,80,91,98,107,112,113,126]},"Reachability":{"startNode":16,"finalNode":183}}}
Persimmon stdout:  Chain equivalence reduction: 115 -> 65
Constructing all update BDD
Solution: Some([[91, 92, 105, 101, 100, 102, 2, 34, 44, 59, 60, 58, 57, 46, 47, 171, 144, 132, 134, 139, 177, 169, 165, 164, 172, 70, 113, 75, 76, 66, 155, 140, 130, 81, 73, 69, 68, 188, 187, 11, 107, 80, 12, 112, 16, 55, 124, 123, 108, 43, 145, 137, 6, 133, 156, 28, 27, 98, 176, 17, 9, 5, 4, 166, 162], [35], [190, 30, 158, 94, 126], [143, 142, 153, 154, 86, 67, 36, 15, 14, 25, 26, 150, 131, 37, 41, 49, 22, 3, 182, 163, 118, 99, 54, 62, 38, 111, 110, 121, 122, 79, 78, 89, 90, 175, 174, 185, 186]])
Time elapsed: 6.97ms
Time elapsed(s): 0.006967s

Persimmon stderr:  
Time: 0.006967
Solution: [[91, 92, 105, 101, 100, 102, 2, 34, 44, 59, 60, 58, 57, 46, 47, 171, 144, 132, 134, 139, 177, 169, 165, 164, 172, 70, 113, 75, 76, 66, 155, 140, 130, 81, 73, 69, 68, 188, 187, 11, 107, 80, 12, 112, 16, 55, 124, 123, 108, 43, 145, 137, 6, 133, 156, 28, 27, 98, 176, 17, 9, 5, 4, 166, 162], [35], [190, 30, 158, 94, 126], [143, 142, 153, 154, 86, 67, 36, 15, 14, 25, 26, 150, 131, 37, 41, 49, 22, 3, 182, 163, 118, 99, 54, 62, 38, 111, 110, 121, 122, 79, 78, 89, 90, 175, 174, 185, 186]]
	Command being timed: "python3 allsynth/run.py -t PERS --GML topologies/topzoo/GtsCzechRepublic.gml 5 --dir topzoo_res/SeparateWPk/PERS/PERS-0 --e-prop SeparateWPk --repeat 1"
	User time (seconds): 0.86
	System time (seconds): 1.32
	Percent of CPU this job got: 370%
	Elapsed (wall clock) time (h:mm:ss or m:ss): 0:00.59
	Average shared text size (kbytes): 0
	Average unshared data size (kbytes): 0
	Average stack size (kbytes): 0
	Average total size (kbytes): 0
	Maximum resident set size (kbytes): 71488
	Average resident set size (kbytes): 0
	Major (requiring I/O) page faults: 0
	Minor (reclaiming a frame) page faults: 13287
	Voluntary context switches: 31
	Involuntary context switches: 97
	Swaps: 0
	File system inputs: 0
	File system outputs: 32
	Socket messages sent: 0
	Socket messages received: 0
	Signals delivered: 0
	Page size (bytes): 4096
	Exit status: 0
