Namespace(tool='PERS', exper=None, gml=['topologies/topzoo/GtsCe.gml', '5'], index=None, prop='SeparateWPk', prop_file=None, op_req=None, repeat=1, reduce=False, opt=False, u=False, some=False, count=False, weight_bound=None, savedir='topzoo_res/SeparateWPk/PERS/PERS-0', dump_bdd=False)
Running 5GtsCe.gml
Policy: ((((((((((((((((((((((((((((((((((((((((((((((((((((((((((((((((WP(131-888) | WP(133-888)) | WP(392-888)) | WP(265-888)) | WP(139-888)) | WP(14-888)) | WP(272-888)) | WP(407-888)) | WP(281-888)) | WP(156-888)) | WP(797-888)) | WP(541-888)) | WP(543-888)) | WP(800-888)) | WP(673-888)) | WP(291-888)) | WP(292-888)) | WP(293-888)) | WP(422-888)) | WP(169-888)) | WP(302-888)) | WP(687-888)) | WP(307-888)) | WP(52-888)) | WP(55-888)) | WP(439-888)) | WP(441-888)) | WP(568-888)) | WP(572-888)) | WP(578-888)) | WP(878-888)) | WP(453-888)) | WP(838-888)) | WP(327-888)) | WP(207-888)) | WP(591-888)) | WP(720-888)) | WP(467-888)) | WP(855-888)) | WP(604-888)) | WP(93-888)) | WP(349-888)) | WP(862-888)) | WP(352-888)) | WP(737-888)) | WP(738-888)) | WP(736-888)) | WP(612-888)) | WP(613-888)) | WP(870-888)) | WP(759-888)) | WP(876-888)) | WP(750-888)) | WP(110-888)) | WP(368-888)) | WP(241-888)) | WP(624-888)) | WP(499-888)) | WP(244-888)) | WP(500-888)) | WP(884-888)) | WP(117-888)) | WP(505-888)) | WP(125-888)) & (Reach 888))
Initial path of nodes: [5, 4, 16, 95, 96, 93, 94, 17, 132, 125, 131, 124, 141, 20, 144, 139, 29, 142, 58, 53, 52, 143, 154, 153, 165, 244, 245, 242, 243, 166, 281, 274, 280, 273, 290, 169, 293, 288, 178, 291, 207, 202, 201, 292, 303, 302, 314, 393, 394, 391, 392, 315, 430, 423, 429, 422, 439, 318, 442, 437, 327, 440, 356, 351, 350, 441, 452, 451, 463, 542, 543, 540, 541, 464, 579, 572, 578, 571, 588, 467, 591, 586, 476, 589, 505, 500, 499, 590, 601, 600, 612, 691, 692, 689, 690, 613, 728, 721, 727, 720, 737, 616, 740, 735, 625, 738, 654, 649, 648, 739, 750, 749, 761, 840, 841, 838, 839, 762, 877, 870, 876, 869, 886, 765, 889, 884, 774, 887, 803, 798, 797, 888]
Final path of nodes: [5, 6, 7, 8, 9, 14, 94, 92, 91, 109, 110, 121, 116, 77, 70, 125, 131, 123, 124, 141, 133, 20, 144, 140, 51, 117, 58, 142, 28, 54, 55, 52, 143, 154, 155, 156, 157, 158, 163, 243, 241, 240, 258, 259, 270, 265, 226, 219, 274, 280, 272, 273, 290, 282, 169, 293, 289, 200, 266, 207, 291, 177, 203, 204, 201, 292, 303, 304, 305, 306, 307, 312, 392, 390, 389, 407, 408, 419, 414, 375, 368, 423, 429, 421, 422, 439, 431, 318, 442, 438, 349, 415, 356, 440, 326, 352, 353, 350, 441, 452, 453, 454, 455, 456, 461, 541, 539, 538, 556, 557, 568, 563, 524, 517, 572, 578, 570, 571, 588, 580, 467, 591, 587, 498, 564, 505, 589, 475, 501, 502, 499, 590, 601, 602, 603, 604, 605, 610, 690, 688, 687, 705, 706, 717, 712, 673, 666, 721, 727, 719, 720, 737, 729, 616, 740, 736, 647, 713, 654, 738, 624, 650, 651, 648, 739, 750, 751, 752, 753, 754, 759, 839, 837, 836, 854, 855, 866, 861, 822, 815, 870, 876, 868, 869, 886, 878, 765, 889, 885, 796, 862, 803, 887, 773, 799, 800, 797, 888]
Persimmon problem:  {"Initial_routing":[[5, 4], [4, 16], [16, 95], [95, 96], [96, 93], [93, 94], [94, 17], [17, 132], [132, 125], [125, 131], [131, 124], [124, 141], [141, 20], [20, 144], [144, 139], [139, 29], [29, 142], [142, 58], [58, 53], [53, 52], [52, 143], [143, 154], [154, 153], [153, 165], [165, 244], [244, 245], [245, 242], [242, 243], [243, 166], [166, 281], [281, 274], [274, 280], [280, 273], [273, 290], [290, 169], [169, 293], [293, 288], [288, 178], [178, 291], [291, 207], [207, 202], [202, 201], [201, 292], [292, 303], [303, 302], [302, 314], [314, 393], [393, 394], [394, 391], [391, 392], [392, 315], [315, 430], [430, 423], [423, 429], [429, 422], [422, 439], [439, 318], [318, 442], [442, 437], [437, 327], [327, 440], [440, 356], [356, 351], [351, 350], [350, 441], [441, 452], [452, 451], [451, 463], [463, 542], [542, 543], [543, 540], [540, 541], [541, 464], [464, 579], [579, 572], [572, 578], [578, 571], [571, 588], [588, 467], [467, 591], [591, 586], [586, 476], [476, 589], [589, 505], [505, 500], [500, 499], [499, 590], [590, 601], [601, 600], [600, 612], [612, 691], [691, 692], [692, 689], [689, 690], [690, 613], [613, 728], [728, 721], [721, 727], [727, 720], [720, 737], [737, 616], [616, 740], [740, 735], [735, 625], [625, 738], [738, 654], [654, 649], [649, 648], [648, 739], [739, 750], [750, 749], [749, 761], [761, 840], [840, 841], [841, 838], [838, 839], [839, 762], [762, 877], [877, 870], [870, 876], [876, 869], [869, 886], [886, 765], [765, 889], [889, 884], [884, 774], [774, 887], [887, 803], [803, 798], [798, 797], [797, 888]],"Final_routing":[[5, 6], [6, 7], [7, 8], [8, 9], [9, 14], [14, 94], [94, 92], [92, 91], [91, 109], [109, 110], [110, 121], [121, 116], [116, 77], [77, 70], [70, 125], [125, 131], [131, 123], [123, 124], [124, 141], [141, 133], [133, 20], [20, 144], [144, 140], [140, 51], [51, 117], [117, 58], [58, 142], [142, 28], [28, 54], [54, 55], [55, 52], [52, 143], [143, 154], [154, 155], [155, 156], [156, 157], [157, 158], [158, 163], [163, 243], [243, 241], [241, 240], [240, 258], [258, 259], [259, 270], [270, 265], [265, 226], [226, 219], [219, 274], [274, 280], [280, 272], [272, 273], [273, 290], [290, 282], [282, 169], [169, 293], [293, 289], [289, 200], [200, 266], [266, 207], [207, 291], [291, 177], [177, 203], [203, 204], [204, 201], [201, 292], [292, 303], [303, 304], [304, 305], [305, 306], [306, 307], [307, 312], [312, 392], [392, 390], [390, 389], [389, 407], [407, 408], [408, 419], [419, 414], [414, 375], [375, 368], [368, 423], [423, 429], [429, 421], [421, 422], [422, 439], [439, 431], [431, 318], [318, 442], [442, 438], [438, 349], [349, 415], [415, 356], [356, 440], [440, 326], [326, 352], [352, 353], [353, 350], [350, 441], [441, 452], [452, 453], [453, 454], [454, 455], [455, 456], [456, 461], [461, 541], [541, 539], [539, 538], [538, 556], [556, 557], [557, 568], [568, 563], [563, 524], [524, 517], [517, 572], [572, 578], [578, 570], [570, 571], [571, 588], [588, 580], [580, 467], [467, 591], [591, 587], [587, 498], [498, 564], [564, 505], [505, 589], [589, 475], [475, 501], [501, 502], [502, 499], [499, 590], [590, 601], [601, 602], [602, 603], [603, 604], [604, 605], [605, 610], [610, 690], [690, 688], [688, 687], [687, 705], [705, 706], [706, 717], [717, 712], [712, 673], [673, 666], [666, 721], [721, 727], [727, 719], [719, 720], [720, 737], [737, 729], [729, 616], [616, 740], [740, 736], [736, 647], [647, 713], [713, 654], [654, 738], [738, 624], [624, 650], [650, 651], [651, 648], [648, 739], [739, 750], [750, 751], [751, 752], [752, 753], [753, 754], [754, 759], [759, 839], [839, 837], [837, 836], [836, 854], [854, 855], [855, 866], [866, 861], [861, 822], [822, 815], [815, 870], [870, 876], [876, 868], [868, 869], [869, 886], [886, 878], [878, 765], [765, 889], [889, 885], [885, 796], [796, 862], [862, 803], [803, 887], [887, 773], [773, 799], [799, 800], [800, 797], [797, 888]],"Properties":{"MultiAlternativeWaypoint": {"waypoint": [131,133,392,265,139,14,272,407,281,156,797,541,543,800,673,291,292,293,422,169,302,687,307,52,55,439,441,568,572,578,878,453,838,327,207,591,720,467,855,604,93,349,862,352,737,738,736,612,613,870,759,876,750,110,368,241,624,499,244,500,884,117,505,125]},"Reachability":{"startNode":5,"finalNode":888}}}
Persimmon stdout:  Chain equivalence reduction: 258 -> 180
Constructing all update BDD
Solution: Some([[326, 454, 455, 456, 461, 738, 589, 602, 603, 352, 291, 862, 887, 307, 407, 293, 353, 155, 687, 688, 539, 538, 556, 557, 390, 389, 440, 759, 605, 610, 475, 501, 502, 800, 14, 885, 796, 408, 419, 414, 375, 368, 563, 524, 517, 140, 51, 117, 591, 265, 28, 54, 289, 200, 266, 453, 773, 799, 156, 855, 587, 498, 564, 92, 91, 109, 6, 7, 8, 9, 121, 116, 77, 70, 240, 258, 259, 270, 304, 305, 306, 650, 651, 624, 55, 568, 442, 736, 666, 157, 158, 163, 705, 706, 717, 712, 837, 836, 854, 415, 751, 752, 753, 754, 226, 219, 438, 866, 861, 822, 815, 673, 144, 142, 889, 110, 349, 604, 177, 203, 204, 241, 740, 647, 713, 312], [541, 94, 154, 601, 5, 690, 750, 303, 452, 392, 839, 243], [282, 123, 570, 207, 505, 878, 133, 729, 356, 421, 272, 431, 868, 580, 58, 719, 654, 803], [600, 578, 649, 586, 476, 886, 588, 351, 749, 761, 840, 841, 202, 540, 290, 288, 178, 280, 53, 153, 165, 314, 393, 394, 391, 798, 762, 877, 876, 737, 735, 625, 131, 437, 612, 613, 166, 93, 302, 884, 141, 727, 4, 16, 95, 96, 451, 463, 542, 464, 579, 245, 242, 500, 429, 244, 838, 774, 327, 17, 132, 29, 281, 728, 691, 692, 689, 543, 439, 315, 430, 139]])
Time elapsed: 34.32ms
Time elapsed(s): 0.034324s

Persimmon stderr:  
Time: 0.034324
Solution: [[326, 454, 455, 456, 461, 738, 589, 602, 603, 352, 291, 862, 887, 307, 407, 293, 353, 155, 687, 688, 539, 538, 556, 557, 390, 389, 440, 759, 605, 610, 475, 501, 502, 800, 14, 885, 796, 408, 419, 414, 375, 368, 563, 524, 517, 140, 51, 117, 591, 265, 28, 54, 289, 200, 266, 453, 773, 799, 156, 855, 587, 498, 564, 92, 91, 109, 6, 7, 8, 9, 121, 116, 77, 70, 240, 258, 259, 270, 304, 305, 306, 650, 651, 624, 55, 568, 442, 736, 666, 157, 158, 163, 705, 706, 717, 712, 837, 836, 854, 415, 751, 752, 753, 754, 226, 219, 438, 866, 861, 822, 815, 673, 144, 142, 889, 110, 349, 604, 177, 203, 204, 241, 740, 647, 713, 312], [541, 94, 154, 601, 5, 690, 750, 303, 452, 392, 839, 243], [282, 123, 570, 207, 505, 878, 133, 729, 356, 421, 272, 431, 868, 580, 58, 719, 654, 803], [600, 578, 649, 586, 476, 886, 588, 351, 749, 761, 840, 841, 202, 540, 290, 288, 178, 280, 53, 153, 165, 314, 393, 394, 391, 798, 762, 877, 876, 737, 735, 625, 131, 437, 612, 613, 166, 93, 302, 884, 141, 727, 4, 16, 95, 96, 451, 463, 542, 464, 579, 245, 242, 500, 429, 244, 838, 774, 327, 17, 132, 29, 281, 728, 691, 692, 689, 543, 439, 315, 430, 139]]
	Command being timed: "python3 allsynth/run.py -t PERS --GML topologies/topzoo/GtsCe.gml 5 --dir topzoo_res/SeparateWPk/PERS/PERS-0 --e-prop SeparateWPk --repeat 1"
	User time (seconds): 1.58
	System time (seconds): 1.26
	Percent of CPU this job got: 222%
	Elapsed (wall clock) time (h:mm:ss or m:ss): 0:01.28
	Average shared text size (kbytes): 0
	Average unshared data size (kbytes): 0
	Average stack size (kbytes): 0
	Average total size (kbytes): 0
	Maximum resident set size (kbytes): 76736
	Average resident set size (kbytes): 0
	Major (requiring I/O) page faults: 0
	Minor (reclaiming a frame) page faults: 14845
	Voluntary context switches: 30
	Involuntary context switches: 95
	Swaps: 0
	File system inputs: 0
	File system outputs: 40
	Socket messages sent: 0
	Socket messages received: 0
	Signals delivered: 0
	Page size (bytes): 4096
	Exit status: 0
