Namespace(tool='PERS', exper=None, gml=['topologies/topzoo/HiberniaCanada.gml', '5'], index=None, prop='SeparateWPk', prop_file=None, op_req=None, repeat=1, reduce=False, opt=False, u=False, some=False, count=False, weight_bound=None, savedir='topzoo_res/SeparateWPk/PERS/PERS-0', dump_bdd=False)
Running 5HiberniaCanada.gml
Policy: ((((((((((((((((WP(64-74) | WP(35-74)) | WP(67-74)) | WP(38-74)) | WP(39-74)) | WP(7-74)) | WP(70-74)) | WP(10-74)) | WP(75-74)) | WP(13-74)) | WP(45-74)) | WP(23-74)) | WP(56-74)) | WP(25-74)) | WP(60-74)) | WP(29-74)) & (Reach 74))
Initial path of nodes: [2, 12, 4, 11, 0, 10, 9, 14, 17, 24, 13, 23, 20, 21, 28, 38, 30, 37, 26, 36, 35, 41, 51, 43, 50, 39, 49, 48, 54, 64, 56, 63, 52, 62, 61, 67, 77, 69, 76, 65, 75, 74]
Final path of nodes: [2, 12, 3, 5, 6, 7, 8, 9, 14, 17, 25, 16, 18, 19, 20, 23, 22, 21, 28, 38, 29, 31, 32, 33, 34, 35, 41, 51, 42, 44, 45, 46, 47, 48, 54, 64, 55, 57, 58, 59, 60, 61, 67, 77, 68, 70, 71, 72, 73, 74]
Persimmon problem:  {"Initial_routing":[[2, 12], [12, 4], [4, 11], [11, 0], [0, 10], [10, 9], [9, 14], [14, 17], [17, 24], [24, 13], [13, 23], [23, 20], [20, 21], [21, 28], [28, 38], [38, 30], [30, 37], [37, 26], [26, 36], [36, 35], [35, 41], [41, 51], [51, 43], [43, 50], [50, 39], [39, 49], [49, 48], [48, 54], [54, 64], [64, 56], [56, 63], [63, 52], [52, 62], [62, 61], [61, 67], [67, 77], [77, 69], [69, 76], [76, 65], [65, 75], [75, 74]],"Final_routing":[[2, 12], [12, 3], [3, 5], [5, 6], [6, 7], [7, 8], [8, 9], [9, 14], [14, 17], [17, 25], [25, 16], [16, 18], [18, 19], [19, 20], [20, 23], [23, 22], [22, 21], [21, 28], [28, 38], [38, 29], [29, 31], [31, 32], [32, 33], [33, 34], [34, 35], [35, 41], [41, 51], [51, 42], [42, 44], [44, 45], [45, 46], [46, 47], [47, 48], [48, 54], [54, 64], [64, 55], [55, 57], [57, 58], [58, 59], [59, 60], [60, 61], [61, 67], [67, 77], [77, 68], [68, 70], [70, 71], [71, 72], [72, 73], [73, 74]],"Properties":{"MultiAlternativeWaypoint": {"waypoint": [64,35,67,38,39,7,70,10,75,13,45,23,56,25,60,29]},"Reachability":{"startNode":2,"finalNode":74}}}
Persimmon stdout:  Chain equivalence reduction: 72 -> 45
Constructing all update BDD
Solution: Some([[17, 8, 16, 18, 19, 22, 68, 31, 32, 33, 34, 70, 45, 42, 44, 7, 3, 5, 6, 71, 72, 73, 29, 46, 47, 55, 57, 58, 59, 25, 23, 60], [38, 12, 64, 77, 51], [75, 30, 37, 26, 36, 4, 11, 0, 69, 76, 65, 49, 24, 13, 43, 50, 20, 39, 63, 52, 62, 56, 10]])
Time elapsed: 3.15ms
Time elapsed(s): 0.003153s

Persimmon stderr:  
Time: 0.003153
Solution: [[17, 8, 16, 18, 19, 22, 68, 31, 32, 33, 34, 70, 45, 42, 44, 7, 3, 5, 6, 71, 72, 73, 29, 46, 47, 55, 57, 58, 59, 25, 23, 60], [38, 12, 64, 77, 51], [75, 30, 37, 26, 36, 4, 11, 0, 69, 76, 65, 49, 24, 13, 43, 50, 20, 39, 63, 52, 62, 56, 10]]
	Command being timed: "python3 allsynth/run.py -t PERS --GML topologies/topzoo/HiberniaCanada.gml 5 --dir topzoo_res/SeparateWPk/PERS/PERS-0 --e-prop SeparateWPk --repeat 1"
	User time (seconds): 0.91
	System time (seconds): 1.31
	Percent of CPU this job got: 359%
	Elapsed (wall clock) time (h:mm:ss or m:ss): 0:00.61
	Average shared text size (kbytes): 0
	Average unshared data size (kbytes): 0
	Average stack size (kbytes): 0
	Average total size (kbytes): 0
	Maximum resident set size (kbytes): 70168
	Average resident set size (kbytes): 0
	Major (requiring I/O) page faults: 0
	Minor (reclaiming a frame) page faults: 12983
	Voluntary context switches: 31
	Involuntary context switches: 130
	Swaps: 0
	File system inputs: 0
	File system outputs: 24
	Socket messages sent: 0
	Socket messages received: 0
	Signals delivered: 0
	Page size (bytes): 4096
	Exit status: 0
