Namespace(tool='PERS', exper=None, gml=['topologies/topzoo/Netrail.gml', '5'], index=None, prop='SeparateWPk', prop_file=None, op_req=None, repeat=1, reduce=False, opt=False, u=False, some=False, count=False, weight_bound=None, savedir='topzoo_res/SeparateWPk/PERS/PERS-0', dump_bdd=False)
Running 5Netrail.gml
Policy: ((((WP(25-41) | WP(12-41)) | WP(37-41)) | WP(22-41)) & (Reach 41))
Initial path of nodes: [2, 1, 6, 7, 11, 12, 16, 15, 20, 23, 22, 27, 30, 29, 34, 37, 36, 41]
Final path of nodes: [2, 1, 6, 7, 13, 12, 16, 18, 20, 23, 25, 27, 30, 32, 34, 37, 39, 41]
Persimmon problem:  {"Initial_routing":[[2, 1], [1, 6], [6, 7], [7, 11], [11, 12], [12, 16], [16, 15], [15, 20], [20, 23], [23, 22], [22, 27], [27, 30], [30, 29], [29, 34], [34, 37], [37, 36], [36, 41]],"Final_routing":[[2, 1], [1, 6], [6, 7], [7, 13], [13, 12], [12, 16], [16, 18], [18, 20], [20, 23], [23, 25], [25, 27], [27, 30], [30, 32], [32, 34], [34, 37], [37, 39], [39, 41]],"Properties":{"MultiAlternativeWaypoint": {"waypoint": [25,12,37,22]},"Reachability":{"startNode":2,"finalNode":41}}}
Persimmon stdout:  Chain equivalence reduction: 23 -> 21
Constructing all update BDD
Solution: Some([[32, 39, 25, 13, 18], [30, 7, 23, 16, 37], [29, 22, 15, 36, 11]])
Time elapsed: 941.30µs
Time elapsed(s): 0.000941s

Persimmon stderr:  
Time: 0.000941
Solution: [[32, 39, 25, 13, 18], [30, 7, 23, 16, 37], [29, 22, 15, 36, 11]]
	Command being timed: "python3 allsynth/run.py -t PERS --GML topologies/topzoo/Netrail.gml 5 --dir topzoo_res/SeparateWPk/PERS/PERS-0 --e-prop SeparateWPk --repeat 1"
	User time (seconds): 0.85
	System time (seconds): 1.32
	Percent of CPU this job got: 380%
	Elapsed (wall clock) time (h:mm:ss or m:ss): 0:00.57
	Average shared text size (kbytes): 0
	Average unshared data size (kbytes): 0
	Average stack size (kbytes): 0
	Average total size (kbytes): 0
	Maximum resident set size (kbytes): 72308
	Average resident set size (kbytes): 0
	Major (requiring I/O) page faults: 0
	Minor (reclaiming a frame) page faults: 12914
	Voluntary context switches: 43
	Involuntary context switches: 70
	Swaps: 0
	File system inputs: 0
	File system outputs: 24
	Socket messages sent: 0
	Socket messages received: 0
	Signals delivered: 0
	Page size (bytes): 4096
	Exit status: 0
