Namespace(tool='PERS', exper=None, gml=['topologies/topzoo/Marwan.gml', '5'], index=None, prop='SC', prop_file=None, op_req=None, repeat=1, reduce=False, opt=False, u=False, some=False, count=False, weight_bound=None, savedir='topzoo_res/SC/PERS/PERS-2', dump_bdd=False)
Running 5Marwan.gml
Policy: (Service([17, 34, 63, 79, 93]-92) & (Reach 92))
Initial path of nodes: [1, 0, 3, 2, 15, 13, 12, 17, 16, 19, 18, 31, 29, 28, 33, 32, 35, 34, 47, 45, 44, 49, 48, 51, 50, 63, 61, 60, 65, 64, 67, 66, 79, 77, 76, 81, 80, 83, 82, 95, 93, 92]
Final path of nodes: [1, 4, 7, 2, 15, 13, 12, 17, 20, 23, 22, 31, 29, 28, 33, 36, 39, 34, 47, 45, 44, 49, 52, 55, 54, 63, 61, 60, 65, 68, 71, 66, 79, 77, 76, 81, 84, 87, 86, 95, 93, 92]
Persimmon problem:  {"Initial_routing":[[1, 0], [0, 3], [3, 2], [2, 15], [15, 13], [13, 12], [12, 17], [17, 16], [16, 19], [19, 18], [18, 31], [31, 29], [29, 28], [28, 33], [33, 32], [32, 35], [35, 34], [34, 47], [47, 45], [45, 44], [44, 49], [49, 48], [48, 51], [51, 50], [50, 63], [63, 61], [61, 60], [60, 65], [65, 64], [64, 67], [67, 66], [66, 79], [79, 77], [77, 76], [76, 81], [81, 80], [80, 83], [83, 82], [82, 95], [95, 93], [93, 92]],"Final_routing":[[1, 4], [4, 7], [7, 2], [2, 15], [15, 13], [13, 12], [12, 17], [17, 20], [20, 23], [23, 22], [22, 31], [31, 29], [29, 28], [28, 33], [33, 36], [36, 39], [39, 34], [34, 47], [47, 45], [45, 44], [44, 49], [49, 52], [52, 55], [55, 54], [54, 63], [63, 61], [61, 60], [60, 65], [65, 68], [68, 71], [71, 66], [66, 79], [79, 77], [77, 76], [76, 81], [81, 84], [84, 87], [87, 86], [86, 95], [95, 93], [93, 92]],"Properties":{"ServiceChain": {"waypoint": [17,34,63,79,93]},"Reachability":{"startNode":1,"finalNode":92}}}
Persimmon stdout:  Chain equivalence reduction: 57 -> 30
Constructing all update BDD
Solution: Some([[52, 55, 54, 20, 23, 22, 4, 7, 36, 39, 84, 87, 86, 68, 71], [33, 81, 17, 49, 65, 1], [32, 35, 64, 67, 0, 3, 80, 83, 82, 16, 19, 18, 48, 51, 50]])
Time elapsed: 1.57ms
Time elapsed(s): 0.001570s

Persimmon stderr:  
Time: 0.00157
Solution: [[52, 55, 54, 20, 23, 22, 4, 7, 36, 39, 84, 87, 86, 68, 71], [33, 81, 17, 49, 65, 1], [32, 35, 64, 67, 0, 3, 80, 83, 82, 16, 19, 18, 48, 51, 50]]
	Command being timed: "python3 allsynth/run.py -t PERS --GML topologies/topzoo/Marwan.gml 5 --dir topzoo_res/SC/PERS/PERS-2 --e-prop SC --repeat 1"
	User time (seconds): 0.81
	System time (seconds): 1.37
	Percent of CPU this job got: 378%
	Elapsed (wall clock) time (h:mm:ss or m:ss): 0:00.57
	Average shared text size (kbytes): 0
	Average unshared data size (kbytes): 0
	Average stack size (kbytes): 0
	Average total size (kbytes): 0
	Maximum resident set size (kbytes): 70716
	Average resident set size (kbytes): 0
	Major (requiring I/O) page faults: 0
	Minor (reclaiming a frame) page faults: 13008
	Voluntary context switches: 31
	Involuntary context switches: 73
	Swaps: 0
	File system inputs: 0
	File system outputs: 24
	Socket messages sent: 0
	Socket messages received: 0
	Signals delivered: 0
	Page size (bytes): 4096
	Exit status: 0
