Namespace(tool='PERS', exper=None, gml=['topologies/topzoo/Sanren.gml', '5'], index=None, prop='SC', prop_file=None, op_req=None, repeat=1, reduce=False, opt=False, u=False, some=False, count=False, weight_bound=None, savedir='topzoo_res/SC/PERS/PERS-2', dump_bdd=False)
Running 5Sanren.gml
Policy: (Service([20, 36]-41) & (Reach 41))
Initial path of nodes: [1, 0, 3, 6, 7, 10, 13, 12, 15, 14, 17, 20, 22, 21, 24, 27, 29, 28, 31, 34, 36, 35, 38, 41]
Final path of nodes: [1, 2, 4, 5, 6, 7, 8, 9, 11, 12, 15, 16, 18, 19, 20, 22, 23, 25, 26, 27, 29, 30, 32, 33, 34, 36, 37, 39, 40, 41]
Persimmon problem:  {"Initial_routing":[[1, 0], [0, 3], [3, 6], [6, 7], [7, 10], [10, 13], [13, 12], [12, 15], [15, 14], [14, 17], [17, 20], [20, 22], [22, 21], [21, 24], [24, 27], [27, 29], [29, 28], [28, 31], [31, 34], [34, 36], [36, 35], [35, 38], [38, 41]],"Final_routing":[[1, 2], [2, 4], [4, 5], [5, 6], [6, 7], [7, 8], [8, 9], [9, 11], [11, 12], [12, 15], [15, 16], [16, 18], [18, 19], [19, 20], [20, 22], [22, 23], [23, 25], [25, 26], [26, 27], [27, 29], [29, 30], [30, 32], [32, 33], [33, 34], [34, 36], [36, 37], [37, 39], [39, 40], [40, 41]],"Properties":{"ServiceChain": {"waypoint": [20,36]},"Reachability":{"startNode":1,"finalNode":41}}}
Persimmon stdout:  Chain equivalence reduction: 42 -> 24
Constructing all update BDD
Solution: Some([[23, 25, 26, 2, 4, 5, 16, 18, 19, 37, 39, 40, 30, 32, 33, 8, 9, 11], [7, 36, 22, 15, 1, 29], [0, 3, 10, 13, 21, 24, 35, 38, 14, 17, 28, 31]])
Time elapsed: 1.18ms
Time elapsed(s): 0.001182s

Persimmon stderr:  
Time: 0.001182
Solution: [[23, 25, 26, 2, 4, 5, 16, 18, 19, 37, 39, 40, 30, 32, 33, 8, 9, 11], [7, 36, 22, 15, 1, 29], [0, 3, 10, 13, 21, 24, 35, 38, 14, 17, 28, 31]]
	Command being timed: "python3 allsynth/run.py -t PERS --GML topologies/topzoo/Sanren.gml 5 --dir topzoo_res/SC/PERS/PERS-2 --e-prop SC --repeat 1"
	User time (seconds): 0.84
	System time (seconds): 1.33
	Percent of CPU this job got: 383%
	Elapsed (wall clock) time (h:mm:ss or m:ss): 0:00.56
	Average shared text size (kbytes): 0
	Average unshared data size (kbytes): 0
	Average stack size (kbytes): 0
	Average total size (kbytes): 0
	Maximum resident set size (kbytes): 70456
	Average resident set size (kbytes): 0
	Major (requiring I/O) page faults: 0
	Minor (reclaiming a frame) page faults: 12907
	Voluntary context switches: 30
	Involuntary context switches: 80
	Swaps: 0
	File system inputs: 0
	File system outputs: 24
	Socket messages sent: 0
	Socket messages received: 0
	Signals delivered: 0
	Page size (bytes): 4096
	Exit status: 0
