Namespace(tool='PERS', exper=None, gml=['topologies/topzoo/Telecomserbia.gml', '5'], index=None, prop='SC', prop_file=None, op_req=None, repeat=1, reduce=False, opt=False, u=False, some=False, count=False, weight_bound=None, savedir='topzoo_res/SC/PERS/PERS-2', dump_bdd=False)
Running 5Telecomserbia.gml
Policy: (Service([17, 32]-35) & (Reach 35))
Initial path of nodes: [2, 1, 0, 5, 6, 7, 8, 9, 14, 13, 12, 17, 20, 19, 18, 23, 26, 25, 24, 29, 32, 31, 30, 35]
Final path of nodes: [2, 3, 4, 5, 6, 11, 10, 9, 14, 15, 16, 17, 20, 21, 22, 23, 26, 27, 28, 29, 32, 33, 34, 35]
Persimmon problem:  {"Initial_routing":[[2, 1], [1, 0], [0, 5], [5, 6], [6, 7], [7, 8], [8, 9], [9, 14], [14, 13], [13, 12], [12, 17], [17, 20], [20, 19], [19, 18], [18, 23], [23, 26], [26, 25], [25, 24], [24, 29], [29, 32], [32, 31], [31, 30], [30, 35]],"Final_routing":[[2, 3], [3, 4], [4, 5], [5, 6], [6, 11], [11, 10], [10, 9], [9, 14], [14, 15], [15, 16], [16, 17], [17, 20], [20, 21], [21, 22], [22, 23], [23, 26], [26, 27], [27, 28], [28, 29], [29, 32], [32, 33], [33, 34], [34, 35]],"Properties":{"ServiceChain": {"waypoint": [17,32]},"Reachability":{"startNode":2,"finalNode":35}}}
Persimmon stdout:  Chain equivalence reduction: 36 -> 24
Constructing all update BDD
Solution: Some([[21, 22, 11, 10, 33, 34, 15, 16, 3, 4, 27, 28], [20, 26, 2, 32, 6, 14], [13, 12, 25, 24, 19, 18, 31, 30, 7, 8, 1, 0]])
Time elapsed: 1.10ms
Time elapsed(s): 0.001097s

Persimmon stderr:  
Time: 0.001097
Solution: [[21, 22, 11, 10, 33, 34, 15, 16, 3, 4, 27, 28], [20, 26, 2, 32, 6, 14], [13, 12, 25, 24, 19, 18, 31, 30, 7, 8, 1, 0]]
	Command being timed: "python3 allsynth/run.py -t PERS --GML topologies/topzoo/Telecomserbia.gml 5 --dir topzoo_res/SC/PERS/PERS-2 --e-prop SC --repeat 1"
	User time (seconds): 0.86
	System time (seconds): 1.30
	Percent of CPU this job got: 384%
	Elapsed (wall clock) time (h:mm:ss or m:ss): 0:00.56
	Average shared text size (kbytes): 0
	Average unshared data size (kbytes): 0
	Average stack size (kbytes): 0
	Average total size (kbytes): 0
	Maximum resident set size (kbytes): 70592
	Average resident set size (kbytes): 0
	Major (requiring I/O) page faults: 0
	Minor (reclaiming a frame) page faults: 12905
	Voluntary context switches: 33
	Involuntary context switches: 95
	Swaps: 0
	File system inputs: 0
	File system outputs: 24
	Socket messages sent: 0
	Socket messages received: 0
	Signals delivered: 0
	Page size (bytes): 4096
	Exit status: 0
