Namespace(tool='PERS', exper=None, gml=['topologies/topzoo/Airtel.gml', '5'], index=None, prop='SeparateWPk', prop_file=None, op_req=None, repeat=1, reduce=False, opt=False, u=False, some=False, count=False, weight_bound=None, savedir='topzoo_res/SeparateWPk/PERS/PERS-1', dump_bdd=False)
Running 5Airtel.gml
Policy: (((((WP(36-95) | WP(68-95)) | WP(18-95)) | WP(84-95)) | WP(52-95)) & (Reach 95))
Initial path of nodes: [4, 9, 1, 14, 15, 18, 23, 16, 29, 28, 36, 41, 33, 46, 47, 52, 57, 49, 62, 63, 68, 73, 65, 78, 79, 84, 89, 81, 94, 95]
Final path of nodes: [4, 9, 7, 14, 15, 18, 23, 17, 29, 28, 36, 41, 39, 46, 47, 52, 57, 55, 62, 63, 68, 73, 71, 78, 79, 84, 89, 87, 94, 95]
Persimmon problem:  {"Initial_routing":[[4, 9], [9, 1], [1, 14], [14, 15], [15, 18], [18, 23], [23, 16], [16, 29], [29, 28], [28, 36], [36, 41], [41, 33], [33, 46], [46, 47], [47, 52], [52, 57], [57, 49], [49, 62], [62, 63], [63, 68], [68, 73], [73, 65], [65, 78], [78, 79], [79, 84], [84, 89], [89, 81], [81, 94], [94, 95]],"Final_routing":[[4, 9], [9, 7], [7, 14], [14, 15], [15, 18], [18, 23], [23, 17], [17, 29], [29, 28], [28, 36], [36, 41], [41, 39], [39, 46], [46, 47], [47, 52], [52, 57], [57, 55], [55, 62], [62, 63], [63, 68], [68, 73], [73, 71], [71, 78], [78, 79], [79, 84], [84, 89], [89, 87], [87, 94], [94, 95]],"Properties":{"MultiAlternativeWaypoint": {"waypoint": [36,68,18,84,52]},"Reachability":{"startNode":4,"finalNode":95}}}
Persimmon stdout:  Chain equivalence reduction: 36 -> 31
Constructing all update BDD
Solution: Some([[87, 17, 71, 7, 55, 39], [41, 57, 9, 73, 89, 23], [16, 1, 65, 49, 81, 33]])
Time elapsed: 1.69ms
Time elapsed(s): 0.001686s

Persimmon stderr:  
Time: 0.001686
Solution: [[87, 17, 71, 7, 55, 39], [41, 57, 9, 73, 89, 23], [16, 1, 65, 49, 81, 33]]
	Command being timed: "python3 allsynth/run.py -t PERS --GML topologies/topzoo/Airtel.gml 5 --dir topzoo_res/SeparateWPk/PERS/PERS-1 --e-prop SeparateWPk --repeat 1"
	User time (seconds): 0.90
	System time (seconds): 1.28
	Percent of CPU this job got: 366%
	Elapsed (wall clock) time (h:mm:ss or m:ss): 0:00.59
	Average shared text size (kbytes): 0
	Average unshared data size (kbytes): 0
	Average stack size (kbytes): 0
	Average total size (kbytes): 0
	Maximum resident set size (kbytes): 70844
	Average resident set size (kbytes): 0
	Major (requiring I/O) page faults: 0
	Minor (reclaiming a frame) page faults: 13062
	Voluntary context switches: 36
	Involuntary context switches: 114
	Swaps: 0
	File system inputs: 0
	File system outputs: 24
	Socket messages sent: 0
	Socket messages received: 0
	Signals delivered: 0
	Page size (bytes): 4096
	Exit status: 0
