Namespace(tool='PERS', exper=None, gml=['topologies/topzoo/AsnetAm.gml', '5'], index=None, prop='SeparateWPk', prop_file=None, op_req=None, repeat=1, reduce=False, opt=False, u=False, some=False, count=False, weight_bound=None, savedir='topzoo_res/SeparateWPk/PERS/PERS-1', dump_bdd=False)
Running 5AsnetAm.gml
Policy: ((((((((((((((((((((WP(267-383) | WP(22-383)) | WP(157-383)) | WP(162-383)) | WP(292-383)) | WP(56-383)) | WP(186-383)) | WP(187-383)) | WP(316-383)) | WP(72-383)) | WP(202-383)) | WP(203-383)) | WP(332-383)) | WP(347-383)) | WP(96-383)) | WP(226-383)) | WP(356-383)) | WP(357-383)) | WP(119-383)) | WP(253-383)) & (Reach 383))
Initial path of nodes: [32, 31, 27, 8, 7, 22, 54, 57, 58, 97, 96, 92, 73, 72, 87, 119, 122, 123, 162, 161, 157, 138, 137, 152, 184, 187, 188, 227, 226, 222, 203, 202, 217, 249, 252, 253, 292, 291, 287, 268, 267, 282, 314, 317, 318, 357, 356, 352, 333, 332, 347, 379, 382, 383]
Final path of nodes: [32, 31, 27, 8, 7, 56, 60, 59, 58, 97, 96, 92, 73, 90, 87, 72, 121, 125, 124, 123, 162, 161, 157, 138, 137, 186, 190, 189, 188, 227, 226, 222, 203, 220, 217, 202, 251, 255, 254, 253, 292, 291, 287, 268, 267, 316, 320, 319, 318, 357, 356, 352, 333, 350, 347, 332, 381, 385, 384, 383]
Persimmon problem:  {"Initial_routing":[[32, 31], [31, 27], [27, 8], [8, 7], [7, 22], [22, 54], [54, 57], [57, 58], [58, 97], [97, 96], [96, 92], [92, 73], [73, 72], [72, 87], [87, 119], [119, 122], [122, 123], [123, 162], [162, 161], [161, 157], [157, 138], [138, 137], [137, 152], [152, 184], [184, 187], [187, 188], [188, 227], [227, 226], [226, 222], [222, 203], [203, 202], [202, 217], [217, 249], [249, 252], [252, 253], [253, 292], [292, 291], [291, 287], [287, 268], [268, 267], [267, 282], [282, 314], [314, 317], [317, 318], [318, 357], [357, 356], [356, 352], [352, 333], [333, 332], [332, 347], [347, 379], [379, 382], [382, 383]],"Final_routing":[[32, 31], [31, 27], [27, 8], [8, 7], [7, 56], [56, 60], [60, 59], [59, 58], [58, 97], [97, 96], [96, 92], [92, 73], [73, 90], [90, 87], [87, 72], [72, 121], [121, 125], [125, 124], [124, 123], [123, 162], [162, 161], [161, 157], [157, 138], [138, 137], [137, 186], [186, 190], [190, 189], [189, 188], [188, 227], [227, 226], [226, 222], [222, 203], [203, 220], [220, 217], [217, 202], [202, 251], [251, 255], [255, 254], [254, 253], [253, 292], [292, 291], [291, 287], [287, 268], [268, 267], [267, 316], [316, 320], [320, 319], [319, 318], [318, 357], [357, 356], [356, 352], [352, 333], [333, 350], [350, 347], [347, 332], [332, 381], [381, 385], [385, 384], [384, 383]],"Properties":{"MultiAlternativeWaypoint": {"waypoint": [267,22,157,162,292,56,186,187,316,72,202,203,332,347,96,226,356,357,119,253]},"Reachability":{"startNode":32,"finalNode":383}}}
Persimmon stdout:  Chain equivalence reduction: 75 -> 51
Constructing all update BDD
Solution: Some([[190, 189, 320, 319, 316, 381, 385, 384, 60, 59, 56, 121, 125, 124, 186, 251, 255, 254], [202, 332, 267, 137, 72, 7], [217, 90, 350, 347, 87, 220], [379, 382, 22, 119, 333, 187, 282, 314, 317, 152, 184, 203, 54, 57, 73, 122, 249, 252]])
Time elapsed: 4.24ms
Time elapsed(s): 0.004244s

Persimmon stderr:  
Time: 0.004244
Solution: [[190, 189, 320, 319, 316, 381, 385, 384, 60, 59, 56, 121, 125, 124, 186, 251, 255, 254], [202, 332, 267, 137, 72, 7], [217, 90, 350, 347, 87, 220], [379, 382, 22, 119, 333, 187, 282, 314, 317, 152, 184, 203, 54, 57, 73, 122, 249, 252]]
	Command being timed: "python3 allsynth/run.py -t PERS --GML topologies/topzoo/AsnetAm.gml 5 --dir topzoo_res/SeparateWPk/PERS/PERS-1 --e-prop SeparateWPk --repeat 1"
	User time (seconds): 0.96
	System time (seconds): 1.36
	Percent of CPU this job got: 323%
	Elapsed (wall clock) time (h:mm:ss or m:ss): 0:00.71
	Average shared text size (kbytes): 0
	Average unshared data size (kbytes): 0
	Average stack size (kbytes): 0
	Average total size (kbytes): 0
	Maximum resident set size (kbytes): 72640
	Average resident set size (kbytes): 0
	Major (requiring I/O) page faults: 0
	Minor (reclaiming a frame) page faults: 13485
	Voluntary context switches: 29
	Involuntary context switches: 64
	Swaps: 0
	File system inputs: 0
	File system outputs: 24
	Socket messages sent: 0
	Socket messages received: 0
	Signals delivered: 0
	Page size (bytes): 4096
	Exit status: 0
