Namespace(tool='PERS', exper=None, gml=['topologies/topzoo/Cesnet200706.gml', '5'], index=None, prop='SeparateWPk', prop_file=None, op_req=None, repeat=1, reduce=False, opt=False, u=False, some=False, count=False, weight_bound=None, savedir='topzoo_res/SeparateWPk/PERS/PERS-1', dump_bdd=False)
Running 5Cesnet200706.gml
Policy: ((((((((((((((((WP(160-258) | WP(259-258)) | WP(260-258)) | WP(39-258)) | WP(41-258)) | WP(171-258)) | WP(172-258)) | WP(236-258)) | WP(51-258)) | WP(116-258)) | WP(85-258)) | WP(182-258)) | WP(88-258)) | WP(185-258)) | WP(60-258)) | WP(126-258)) & (Reach 258))
Initial path of nodes: [16, 28, 9, 7, 40, 39, 38, 58, 83, 84, 51, 53, 72, 60, 104, 116, 97, 95, 128, 127, 126, 148, 160, 141, 139, 172, 171, 170, 192, 204, 185, 183, 216, 215, 214, 236, 248, 229, 227, 260, 259, 258]
Final path of nodes: [16, 28, 9, 6, 0, 41, 39, 38, 58, 83, 85, 44, 50, 53, 72, 60, 104, 116, 97, 94, 88, 129, 127, 126, 148, 160, 141, 138, 132, 172, 171, 170, 192, 204, 185, 182, 176, 217, 215, 214, 236, 248, 229, 226, 220, 260, 259, 258]
Persimmon problem:  {"Initial_routing":[[16, 28], [28, 9], [9, 7], [7, 40], [40, 39], [39, 38], [38, 58], [58, 83], [83, 84], [84, 51], [51, 53], [53, 72], [72, 60], [60, 104], [104, 116], [116, 97], [97, 95], [95, 128], [128, 127], [127, 126], [126, 148], [148, 160], [160, 141], [141, 139], [139, 172], [172, 171], [171, 170], [170, 192], [192, 204], [204, 185], [185, 183], [183, 216], [216, 215], [215, 214], [214, 236], [236, 248], [248, 229], [229, 227], [227, 260], [260, 259], [259, 258]],"Final_routing":[[16, 28], [28, 9], [9, 6], [6, 0], [0, 41], [41, 39], [39, 38], [38, 58], [58, 83], [83, 85], [85, 44], [44, 50], [50, 53], [53, 72], [72, 60], [60, 104], [104, 116], [116, 97], [97, 94], [94, 88], [88, 129], [129, 127], [127, 126], [126, 148], [148, 160], [160, 141], [141, 138], [138, 132], [132, 172], [172, 171], [171, 170], [170, 192], [192, 204], [204, 185], [185, 182], [182, 176], [176, 217], [217, 215], [215, 214], [214, 236], [236, 248], [248, 229], [229, 226], [226, 220], [220, 260], [260, 259], [259, 258]],"Properties":{"MultiAlternativeWaypoint": {"waypoint": [160,259,260,39,41,171,172,236,51,116,85,182,88,185,60,126]},"Reachability":{"startNode":16,"finalNode":258}}}
Persimmon stdout:  Chain equivalence reduction: 58 -> 42
Constructing all update BDD
Solution: Some([[182, 41, 6, 0, 226, 220, 88, 85, 129, 44, 50, 94, 138, 132, 176, 217], [83, 97, 141, 9, 185, 229], [51, 139, 7, 40, 183, 216, 84, 95, 128, 227]])
Time elapsed: 2.61ms
Time elapsed(s): 0.002608s

Persimmon stderr:  
Time: 0.002608
Solution: [[182, 41, 6, 0, 226, 220, 88, 85, 129, 44, 50, 94, 138, 132, 176, 217], [83, 97, 141, 9, 185, 229], [51, 139, 7, 40, 183, 216, 84, 95, 128, 227]]
	Command being timed: "python3 allsynth/run.py -t PERS --GML topologies/topzoo/Cesnet200706.gml 5 --dir topzoo_res/SeparateWPk/PERS/PERS-1 --e-prop SeparateWPk --repeat 1"
	User time (seconds): 0.86
	System time (seconds): 1.40
	Percent of CPU this job got: 343%
	Elapsed (wall clock) time (h:mm:ss or m:ss): 0:00.66
	Average shared text size (kbytes): 0
	Average unshared data size (kbytes): 0
	Average stack size (kbytes): 0
	Average total size (kbytes): 0
	Maximum resident set size (kbytes): 71996
	Average resident set size (kbytes): 0
	Major (requiring I/O) page faults: 0
	Minor (reclaiming a frame) page faults: 13322
	Voluntary context switches: 36
	Involuntary context switches: 78
	Swaps: 0
	File system inputs: 0
	File system outputs: 24
	Socket messages sent: 0
	Socket messages received: 0
	Signals delivered: 0
	Page size (bytes): 4096
	Exit status: 0
