Namespace(tool='PERS', exper=None, gml=['topologies/topzoo/Internode.gml', '5'], index=None, prop='SeparateWPk', prop_file=None, op_req=None, repeat=1, reduce=False, opt=False, u=False, some=False, count=False, weight_bound=None, savedir='topzoo_res/SeparateWPk/PERS/PERS-1', dump_bdd=False)
Running 5Internode.gml
Policy: ((((((((((WP(258-395) | WP(67-395)) | WP(197-395)) | WP(389-395)) | WP(265-395)) | WP(371-395)) | WP(214-395)) | WP(152-395)) | WP(59-395)) | WP(126-395)) & (Reach 395))
Initial path of nodes: [41, 20, 1, 6, 60, 59, 65, 77, 66, 69, 67, 84, 82, 104, 173, 152, 133, 138, 192, 191, 197, 239, 218, 199, 204, 258, 257, 263, 305, 284, 265, 270, 324, 323, 329, 371, 350, 331, 336, 390, 389, 395]
Final path of nodes: [41, 20, 1, 18, 16, 59, 65, 77, 66, 72, 126, 125, 82, 104, 173, 152, 133, 150, 148, 191, 197, 239, 218, 217, 223, 214, 257, 263, 305, 284, 265, 282, 280, 323, 329, 371, 350, 349, 355, 346, 389, 395]
Persimmon problem:  {"Initial_routing":[[41, 20], [20, 1], [1, 6], [6, 60], [60, 59], [59, 65], [65, 77], [77, 66], [66, 69], [69, 67], [67, 84], [84, 82], [82, 104], [104, 173], [173, 152], [152, 133], [133, 138], [138, 192], [192, 191], [191, 197], [197, 239], [239, 218], [218, 199], [199, 204], [204, 258], [258, 257], [257, 263], [263, 305], [305, 284], [284, 265], [265, 270], [270, 324], [324, 323], [323, 329], [329, 371], [371, 350], [350, 331], [331, 336], [336, 390], [390, 389], [389, 395]],"Final_routing":[[41, 20], [20, 1], [1, 18], [18, 16], [16, 59], [59, 65], [65, 77], [77, 66], [66, 72], [72, 126], [126, 125], [125, 82], [82, 104], [104, 173], [173, 152], [152, 133], [133, 150], [150, 148], [148, 191], [191, 197], [197, 239], [239, 218], [218, 217], [217, 223], [223, 214], [214, 257], [257, 263], [263, 305], [305, 284], [284, 265], [265, 282], [282, 280], [280, 323], [323, 329], [329, 371], [371, 350], [350, 349], [349, 355], [355, 346], [346, 389], [389, 395]],"Properties":{"MultiAlternativeWaypoint": {"waypoint": [258,67,197,389,265,371,214,152,59,126]},"Reachability":{"startNode":41,"finalNode":395}}}
Persimmon stdout:  Chain equivalence reduction: 57 -> 37
Constructing all update BDD
Solution: Some([[214, 217, 223, 282, 280, 72, 18, 16, 126, 125, 349, 355, 346, 150, 148], [265, 350, 218, 66, 1, 133], [199, 204, 138, 192, 67, 270, 324, 331, 336, 390, 84, 258, 69, 6, 60]])
Time elapsed: 1.98ms
Time elapsed(s): 0.001978s

Persimmon stderr:  
Time: 0.001978
Solution: [[214, 217, 223, 282, 280, 72, 18, 16, 126, 125, 349, 355, 346, 150, 148], [265, 350, 218, 66, 1, 133], [199, 204, 138, 192, 67, 270, 324, 331, 336, 390, 84, 258, 69, 6, 60]]
	Command being timed: "python3 allsynth/run.py -t PERS --GML topologies/topzoo/Internode.gml 5 --dir topzoo_res/SeparateWPk/PERS/PERS-1 --e-prop SeparateWPk --repeat 1"
	User time (seconds): 0.97
	System time (seconds): 1.36
	Percent of CPU this job got: 317%
	Elapsed (wall clock) time (h:mm:ss or m:ss): 0:00.73
	Average shared text size (kbytes): 0
	Average unshared data size (kbytes): 0
	Average stack size (kbytes): 0
	Average total size (kbytes): 0
	Maximum resident set size (kbytes): 72512
	Average resident set size (kbytes): 0
	Major (requiring I/O) page faults: 0
	Minor (reclaiming a frame) page faults: 13477
	Voluntary context switches: 30
	Involuntary context switches: 58
	Swaps: 0
	File system inputs: 0
	File system outputs: 24
	Socket messages sent: 0
	Socket messages received: 0
	Signals delivered: 0
	Page size (bytes): 4096
	Exit status: 0
