Namespace(tool='PERS', exper=None, gml=['topologies/topzoo/Intellifiber.gml', '5'], index=None, prop='SeparateWPk', prop_file=None, op_req=None, repeat=1, reduce=False, opt=False, u=False, some=False, count=False, weight_bound=None, savedir='topzoo_res/SeparateWPk/PERS/PERS-1', dump_bdd=False)
Running 5Intellifiber.gml
Policy: (((((((((((((((((((((((((((((((((((((((WP(1-434) | WP(386-434)) | WP(391-434)) | WP(138-434)) | WP(139-434)) | WP(16-434)) | WP(144-434)) | WP(149-434)) | WP(21-434)) | WP(26-434)) | WP(155-434)) | WP(285-434)) | WP(298-434)) | WP(430-434)) | WP(302-434)) | WP(434-434)) | WP(436-434)) | WP(315-434)) | WP(187-434)) | WP(316-434)) | WP(69-434)) | WP(71-434)) | WP(201-434)) | WP(79-434)) | WP(207-434)) | WP(216-434)) | WP(220-434)) | WP(221-434)) | WP(223-434)) | WP(96-434)) | WP(358-434)) | WP(102-434)) | WP(360-434)) | WP(366-434)) | WP(241-434)) | WP(243-434)) | WP(248-434)) | WP(381-434)) | WP(126-434)) & (Reach 434))
Initial path of nodes: [65, 66, 2, 3, 0, 1, 6, 4, 41, 44, 16, 23, 24, 9, 29, 69, 81, 99, 134, 97, 96, 89, 90, 115, 78, 79, 74, 73, 76, 75, 139, 138, 211, 212, 148, 149, 146, 147, 152, 150, 187, 190, 162, 169, 170, 155, 175, 215, 284, 285, 221, 222, 219, 220, 225, 223, 260, 263, 235, 242, 243, 228, 248, 288, 357, 358, 294, 295, 292, 293, 298, 296, 333, 336, 308, 315, 316, 301, 321, 361, 430, 431, 367, 368, 365, 366, 371, 369, 406, 409, 381, 388, 389, 374, 394, 434]
Final path of nodes: [65, 66, 67, 68, 70, 71, 1, 6, 10, 55, 21, 22, 25, 24, 61, 26, 29, 69, 81, 99, 102, 82, 97, 96, 92, 126, 128, 83, 79, 74, 144, 143, 141, 140, 139, 138, 211, 212, 213, 214, 216, 217, 147, 152, 156, 201, 167, 168, 171, 170, 207, 172, 175, 215, 284, 285, 286, 287, 289, 290, 220, 225, 229, 274, 240, 241, 244, 243, 280, 245, 248, 288, 357, 358, 359, 360, 362, 363, 293, 298, 302, 347, 313, 314, 317, 316, 353, 318, 321, 361, 430, 431, 432, 433, 435, 436, 366, 371, 375, 420, 386, 387, 390, 389, 426, 391, 394, 434]
Persimmon problem:  {"Initial_routing":[[65, 66], [66, 2], [2, 3], [3, 0], [0, 1], [1, 6], [6, 4], [4, 41], [41, 44], [44, 16], [16, 23], [23, 24], [24, 9], [9, 29], [29, 69], [69, 81], [81, 99], [99, 134], [134, 97], [97, 96], [96, 89], [89, 90], [90, 115], [115, 78], [78, 79], [79, 74], [74, 73], [73, 76], [76, 75], [75, 139], [139, 138], [138, 211], [211, 212], [212, 148], [148, 149], [149, 146], [146, 147], [147, 152], [152, 150], [150, 187], [187, 190], [190, 162], [162, 169], [169, 170], [170, 155], [155, 175], [175, 215], [215, 284], [284, 285], [285, 221], [221, 222], [222, 219], [219, 220], [220, 225], [225, 223], [223, 260], [260, 263], [263, 235], [235, 242], [242, 243], [243, 228], [228, 248], [248, 288], [288, 357], [357, 358], [358, 294], [294, 295], [295, 292], [292, 293], [293, 298], [298, 296], [296, 333], [333, 336], [336, 308], [308, 315], [315, 316], [316, 301], [301, 321], [321, 361], [361, 430], [430, 431], [431, 367], [367, 368], [368, 365], [365, 366], [366, 371], [371, 369], [369, 406], [406, 409], [409, 381], [381, 388], [388, 389], [389, 374], [374, 394], [394, 434]],"Final_routing":[[65, 66], [66, 67], [67, 68], [68, 70], [70, 71], [71, 1], [1, 6], [6, 10], [10, 55], [55, 21], [21, 22], [22, 25], [25, 24], [24, 61], [61, 26], [26, 29], [29, 69], [69, 81], [81, 99], [99, 102], [102, 82], [82, 97], [97, 96], [96, 92], [92, 126], [126, 128], [128, 83], [83, 79], [79, 74], [74, 144], [144, 143], [143, 141], [141, 140], [140, 139], [139, 138], [138, 211], [211, 212], [212, 213], [213, 214], [214, 216], [216, 217], [217, 147], [147, 152], [152, 156], [156, 201], [201, 167], [167, 168], [168, 171], [171, 170], [170, 207], [207, 172], [172, 175], [175, 215], [215, 284], [284, 285], [285, 286], [286, 287], [287, 289], [289, 290], [290, 220], [220, 225], [225, 229], [229, 274], [274, 240], [240, 241], [241, 244], [244, 243], [243, 280], [280, 245], [245, 248], [248, 288], [288, 357], [357, 358], [358, 359], [359, 360], [360, 362], [362, 363], [363, 293], [293, 298], [298, 302], [302, 347], [347, 313], [313, 314], [314, 317], [317, 316], [316, 353], [353, 318], [318, 321], [321, 361], [361, 430], [430, 431], [431, 432], [432, 433], [433, 435], [435, 436], [436, 366], [366, 371], [371, 375], [375, 420], [420, 386], [386, 387], [387, 390], [390, 389], [389, 426], [426, 391], [391, 394], [394, 434]],"Properties":{"MultiAlternativeWaypoint": {"waypoint": [1,386,391,138,139,16,144,149,21,26,155,285,298,430,302,434,436,315,187,316,69,71,201,79,207,216,220,221,223,96,358,102,360,366,241,243,248,381,126]},"Reachability":{"startNode":65,"finalNode":434}}}
Persimmon stdout:  Chain equivalence reduction: 161 -> 107
Constructing all update BDD
Solution: Some([[128, 83, 26, 286, 287, 289, 290, 241, 244, 347, 313, 314, 317, 207, 67, 68, 70, 102, 302, 144, 217, 353, 318, 386, 436, 71, 216, 426, 172, 143, 141, 140, 10, 55, 61, 156, 360, 126, 82, 229, 274, 240, 92, 21, 201, 362, 363, 280, 245, 375, 420, 387, 390, 391, 213, 214, 432, 433, 435, 359, 22, 25, 167, 168, 171], [298, 431, 66, 225, 389, 96, 99, 243, 24, 316, 371, 212, 152, 74, 358, 285, 6, 170], [150, 260, 263, 235, 242, 296, 333, 336, 308, 388, 148, 149, 155, 369, 406, 409, 2, 3, 0, 4, 41, 44, 187, 294, 295, 292, 23, 315, 381, 146, 374, 222, 219, 228, 367, 368, 365, 89, 90, 115, 78, 134, 16, 301, 73, 76, 75, 221, 190, 162, 169, 223, 9]])
Time elapsed: 11.25ms
Time elapsed(s): 0.011254s

Persimmon stderr:  
Time: 0.011254
Solution: [[128, 83, 26, 286, 287, 289, 290, 241, 244, 347, 313, 314, 317, 207, 67, 68, 70, 102, 302, 144, 217, 353, 318, 386, 436, 71, 216, 426, 172, 143, 141, 140, 10, 55, 61, 156, 360, 126, 82, 229, 274, 240, 92, 21, 201, 362, 363, 280, 245, 375, 420, 387, 390, 391, 213, 214, 432, 433, 435, 359, 22, 25, 167, 168, 171], [298, 431, 66, 225, 389, 96, 99, 243, 24, 316, 371, 212, 152, 74, 358, 285, 6, 170], [150, 260, 263, 235, 242, 296, 333, 336, 308, 388, 148, 149, 155, 369, 406, 409, 2, 3, 0, 4, 41, 44, 187, 294, 295, 292, 23, 315, 381, 146, 374, 222, 219, 228, 367, 368, 365, 89, 90, 115, 78, 134, 16, 301, 73, 76, 75, 221, 190, 162, 169, 223, 9]]
	Command being timed: "python3 allsynth/run.py -t PERS --GML topologies/topzoo/Intellifiber.gml 5 --dir topzoo_res/SeparateWPk/PERS/PERS-1 --e-prop SeparateWPk --repeat 1"
	User time (seconds): 1.10
	System time (seconds): 1.28
	Percent of CPU this job got: 306%
	Elapsed (wall clock) time (h:mm:ss or m:ss): 0:00.78
	Average shared text size (kbytes): 0
	Average unshared data size (kbytes): 0
	Average stack size (kbytes): 0
	Average total size (kbytes): 0
	Maximum resident set size (kbytes): 72384
	Average resident set size (kbytes): 0
	Major (requiring I/O) page faults: 0
	Minor (reclaiming a frame) page faults: 13540
	Voluntary context switches: 31
	Involuntary context switches: 105
	Swaps: 0
	File system inputs: 0
	File system outputs: 32
	Socket messages sent: 0
	Socket messages received: 0
	Signals delivered: 0
	Page size (bytes): 4096
	Exit status: 0
