Namespace(tool='PERS', exper=None, gml=['topologies/topzoo/Internetmci.gml', '5'], index=None, prop='SeparateWPk', prop_file=None, op_req=None, repeat=1, reduce=False, opt=False, u=False, some=False, count=False, weight_bound=None, savedir='topzoo_res/SeparateWPk/PERS/PERS-1', dump_bdd=False)
Running 5Internetmci.gml
Policy: ((((((((((WP(98-113) | WP(37-113)) | WP(38-113)) | WP(73-113)) | WP(76-113)) | WP(46-113)) | WP(78-113)) | WP(19-113)) | WP(57-113)) | WP(95-113)) & (Reach 113))
Initial path of nodes: [0, 3, 16, 8, 18, 19, 22, 35, 27, 37, 38, 41, 54, 46, 56, 57, 60, 73, 65, 75, 76, 79, 92, 84, 94, 95, 98, 111, 103, 113]
Final path of nodes: [0, 3, 16, 17, 18, 19, 22, 34, 35, 36, 37, 38, 39, 40, 47, 46, 56, 57, 60, 72, 73, 74, 75, 76, 77, 78, 85, 84, 94, 95, 98, 110, 111, 112, 113]
Persimmon problem:  {"Initial_routing":[[0, 3], [3, 16], [16, 8], [8, 18], [18, 19], [19, 22], [22, 35], [35, 27], [27, 37], [37, 38], [38, 41], [41, 54], [54, 46], [46, 56], [56, 57], [57, 60], [60, 73], [73, 65], [65, 75], [75, 76], [76, 79], [79, 92], [92, 84], [84, 94], [94, 95], [95, 98], [98, 111], [111, 103], [103, 113]],"Final_routing":[[0, 3], [3, 16], [16, 17], [17, 18], [18, 19], [19, 22], [22, 34], [34, 35], [35, 36], [36, 37], [37, 38], [38, 39], [39, 40], [40, 47], [47, 46], [46, 56], [56, 57], [57, 60], [60, 72], [72, 73], [73, 74], [74, 75], [75, 76], [76, 77], [77, 78], [78, 85], [85, 84], [84, 94], [94, 95], [95, 98], [98, 110], [110, 111], [111, 112], [112, 113]],"Properties":{"MultiAlternativeWaypoint": {"waypoint": [98,37,38,73,76,46,78,19,57,95]},"Reachability":{"startNode":0,"finalNode":113}}}
Persimmon stdout:  Chain equivalence reduction: 43 -> 37
Constructing all update BDD
Solution: Some([[112, 17, 77, 85, 78, 39, 40, 47, 74, 36], [73, 110, 72, 34, 16, 76, 111, 38, 35], [27, 103, 41, 54, 22, 98, 65, 60, 8, 79, 92]])
Time elapsed: 2.17ms
Time elapsed(s): 0.002168s

Persimmon stderr:  
Time: 0.002168
Solution: [[112, 17, 77, 85, 78, 39, 40, 47, 74, 36], [73, 110, 72, 34, 16, 76, 111, 38, 35], [27, 103, 41, 54, 22, 98, 65, 60, 8, 79, 92]]
	Command being timed: "python3 allsynth/run.py -t PERS --GML topologies/topzoo/Internetmci.gml 5 --dir topzoo_res/SeparateWPk/PERS/PERS-1 --e-prop SeparateWPk --repeat 1"
	User time (seconds): 0.89
	System time (seconds): 1.29
	Percent of CPU this job got: 377%
	Elapsed (wall clock) time (h:mm:ss or m:ss): 0:00.58
	Average shared text size (kbytes): 0
	Average unshared data size (kbytes): 0
	Average stack size (kbytes): 0
	Average total size (kbytes): 0
	Maximum resident set size (kbytes): 71356
	Average resident set size (kbytes): 0
	Major (requiring I/O) page faults: 0
	Minor (reclaiming a frame) page faults: 13146
	Voluntary context switches: 28
	Involuntary context switches: 88
	Swaps: 0
	File system inputs: 0
	File system outputs: 24
	Socket messages sent: 0
	Socket messages received: 0
	Signals delivered: 0
	Page size (bytes): 4096
	Exit status: 0
