Namespace(tool='PERS', exper=None, gml=['topologies/topzoo/Litnet.gml', '5'], index=None, prop='SeparateWPk', prop_file=None, op_req=None, repeat=1, reduce=False, opt=False, u=False, some=False, count=False, weight_bound=None, savedir='topzoo_res/SeparateWPk/PERS/PERS-1', dump_bdd=False)
Running 5Litnet.gml
Policy: (((((((((((WP(129-257) | WP(161-257)) | WP(257-257)) | WP(42-257)) | WP(43-257)) | WP(172-257)) | WP(76-257)) | WP(173-257)) | WP(112-257)) | WP(86-257)) | WP(215-257)) & (Reach 257))
Initial path of nodes: [0, 1, 39, 33, 42, 43, 44, 82, 76, 85, 86, 87, 125, 119, 128, 129, 130, 168, 162, 171, 172, 173, 211, 205, 214, 215, 216, 254, 248, 257]
Final path of nodes: [0, 1, 32, 26, 33, 42, 43, 44, 75, 69, 76, 85, 86, 87, 118, 112, 119, 128, 129, 130, 161, 155, 162, 171, 172, 173, 204, 198, 205, 214, 215, 216, 247, 241, 248, 257]
Persimmon problem:  {"Initial_routing":[[0, 1], [1, 39], [39, 33], [33, 42], [42, 43], [43, 44], [44, 82], [82, 76], [76, 85], [85, 86], [86, 87], [87, 125], [125, 119], [119, 128], [128, 129], [129, 130], [130, 168], [168, 162], [162, 171], [171, 172], [172, 173], [173, 211], [211, 205], [205, 214], [214, 215], [215, 216], [216, 254], [254, 248], [248, 257]],"Final_routing":[[0, 1], [1, 32], [32, 26], [26, 33], [33, 42], [42, 43], [43, 44], [44, 75], [75, 69], [69, 76], [76, 85], [85, 86], [86, 87], [87, 118], [118, 112], [112, 119], [119, 128], [128, 129], [129, 130], [130, 161], [161, 155], [155, 162], [162, 171], [171, 172], [172, 173], [173, 204], [204, 198], [198, 205], [205, 214], [214, 215], [215, 216], [216, 247], [247, 241], [241, 248], [248, 257]],"Properties":{"MultiAlternativeWaypoint": {"waypoint": [129,161,257,42,43,172,76,173,112,86,215]},"Reachability":{"startNode":0,"finalNode":257}}}
Persimmon stdout:  Chain equivalence reduction: 42 -> 34
Constructing all update BDD
Solution: Some([[155, 75, 69, 32, 26, 161, 247, 241, 118, 112, 204, 198], [1, 173, 87, 130, 44, 216], [82, 211, 254, 125, 39, 168]])
Time elapsed: 2.02ms
Time elapsed(s): 0.002021s

Persimmon stderr:  
Time: 0.002021
Solution: [[155, 75, 69, 32, 26, 161, 247, 241, 118, 112, 204, 198], [1, 173, 87, 130, 44, 216], [82, 211, 254, 125, 39, 168]]
	Command being timed: "python3 allsynth/run.py -t PERS --GML topologies/topzoo/Litnet.gml 5 --dir topzoo_res/SeparateWPk/PERS/PERS-1 --e-prop SeparateWPk --repeat 1"
	User time (seconds): 0.88
	System time (seconds): 1.36
	Percent of CPU this job got: 352%
	Elapsed (wall clock) time (h:mm:ss or m:ss): 0:00.63
	Average shared text size (kbytes): 0
	Average unshared data size (kbytes): 0
	Average stack size (kbytes): 0
	Average total size (kbytes): 0
	Maximum resident set size (kbytes): 71992
	Average resident set size (kbytes): 0
	Major (requiring I/O) page faults: 0
	Minor (reclaiming a frame) page faults: 13315
	Voluntary context switches: 31
	Involuntary context switches: 101
	Swaps: 0
	File system inputs: 0
	File system outputs: 24
	Socket messages sent: 0
	Socket messages received: 0
	Signals delivered: 0
	Page size (bytes): 4096
	Exit status: 0
