Namespace(tool='PERS', exper=None, gml=['topologies/topzoo/Rhnet.gml', '5'], index=None, prop='SeparateWPk', prop_file=None, op_req=None, repeat=1, reduce=False, opt=False, u=False, some=False, count=False, weight_bound=None, savedir='topzoo_res/SeparateWPk/PERS/PERS-1', dump_bdd=False)
Running 5Rhnet.gml
Policy: ((((((((((((((((((((((WP(7-87) | WP(8-87)) | WP(12-87)) | WP(19-87)) | WP(22-87)) | WP(27-87)) | WP(31-87)) | WP(33-87)) | WP(38-87)) | WP(46-87)) | WP(51-87)) | WP(55-87)) | WP(58-87)) | WP(61-87)) | WP(64-87)) | WP(70-87)) | WP(73-87)) | WP(75-87)) | WP(80-87)) | WP(88-87)) | WP(90-87)) | WP(95-87)) & (Reach 87))
Initial path of nodes: [0, 3, 1, 10, 9, 8, 15, 6, 7, 16, 19, 17, 26, 25, 24, 31, 22, 23, 32, 35, 33, 42, 41, 40, 47, 38, 39, 48, 51, 49, 58, 57, 56, 63, 54, 55, 64, 67, 65, 74, 73, 72, 79, 70, 71, 80, 83, 81, 90, 89, 88, 95, 86, 87]
Final path of nodes: [0, 3, 1, 10, 11, 12, 13, 14, 15, 6, 7, 16, 19, 17, 26, 27, 28, 29, 30, 31, 22, 23, 32, 34, 35, 33, 42, 43, 44, 45, 46, 47, 38, 39, 48, 51, 49, 58, 59, 60, 61, 62, 63, 54, 55, 64, 66, 67, 65, 74, 75, 76, 77, 78, 79, 70, 71, 80, 83, 81, 90, 91, 92, 93, 94, 95, 86, 87]
Persimmon problem:  {"Initial_routing":[[0, 3], [3, 1], [1, 10], [10, 9], [9, 8], [8, 15], [15, 6], [6, 7], [7, 16], [16, 19], [19, 17], [17, 26], [26, 25], [25, 24], [24, 31], [31, 22], [22, 23], [23, 32], [32, 35], [35, 33], [33, 42], [42, 41], [41, 40], [40, 47], [47, 38], [38, 39], [39, 48], [48, 51], [51, 49], [49, 58], [58, 57], [57, 56], [56, 63], [63, 54], [54, 55], [55, 64], [64, 67], [67, 65], [65, 74], [74, 73], [73, 72], [72, 79], [79, 70], [70, 71], [71, 80], [80, 83], [83, 81], [81, 90], [90, 89], [89, 88], [88, 95], [95, 86], [86, 87]],"Final_routing":[[0, 3], [3, 1], [1, 10], [10, 11], [11, 12], [12, 13], [13, 14], [14, 15], [15, 6], [6, 7], [7, 16], [16, 19], [19, 17], [17, 26], [26, 27], [27, 28], [28, 29], [29, 30], [30, 31], [31, 22], [22, 23], [23, 32], [32, 34], [34, 35], [35, 33], [33, 42], [42, 43], [43, 44], [44, 45], [45, 46], [46, 47], [47, 38], [38, 39], [39, 48], [48, 51], [51, 49], [49, 58], [58, 59], [59, 60], [60, 61], [61, 62], [62, 63], [63, 54], [54, 55], [55, 64], [64, 66], [66, 67], [67, 65], [65, 74], [74, 75], [75, 76], [76, 77], [77, 78], [78, 79], [79, 70], [70, 71], [71, 80], [80, 83], [83, 81], [81, 90], [90, 91], [91, 92], [92, 93], [93, 94], [94, 95], [95, 86], [86, 87]],"Properties":{"MultiAlternativeWaypoint": {"waypoint": [7,8,12,19,22,27,31,33,38,46,51,55,58,61,64,70,73,75,80,88,90,95]},"Reachability":{"startNode":0,"finalNode":87}}}
Persimmon stdout:  Chain equivalence reduction: 80 -> 58
Constructing all update BDD
Solution: Some([[13, 14, 28, 29, 30, 12, 91, 92, 93, 94, 43, 44, 45, 75, 76, 77, 78, 61, 59, 60, 27, 46, 11, 62], [34, 58, 66, 90, 74, 26, 42, 10], [9, 88, 64, 72, 73, 8, 41, 40, 57, 56, 89, 32, 25, 24]])
Time elapsed: 4.52ms
Time elapsed(s): 0.004519s

Persimmon stderr:  
Time: 0.004519
Solution: [[13, 14, 28, 29, 30, 12, 91, 92, 93, 94, 43, 44, 45, 75, 76, 77, 78, 61, 59, 60, 27, 46, 11, 62], [34, 58, 66, 90, 74, 26, 42, 10], [9, 88, 64, 72, 73, 8, 41, 40, 57, 56, 89, 32, 25, 24]]
	Command being timed: "python3 allsynth/run.py -t PERS --GML topologies/topzoo/Rhnet.gml 5 --dir topzoo_res/SeparateWPk/PERS/PERS-1 --e-prop SeparateWPk --repeat 1"
	User time (seconds): 0.94
	System time (seconds): 1.20
	Percent of CPU this job got: 363%
	Elapsed (wall clock) time (h:mm:ss or m:ss): 0:00.59
	Average shared text size (kbytes): 0
	Average unshared data size (kbytes): 0
	Average stack size (kbytes): 0
	Average total size (kbytes): 0
	Maximum resident set size (kbytes): 70720
	Average resident set size (kbytes): 0
	Major (requiring I/O) page faults: 0
	Minor (reclaiming a frame) page faults: 13042
	Voluntary context switches: 29
	Involuntary context switches: 157
	Swaps: 0
	File system inputs: 0
	File system outputs: 24
	Socket messages sent: 0
	Socket messages received: 0
	Signals delivered: 0
	Page size (bytes): 4096
	Exit status: 0
