Namespace(tool='PERS', exper=None, gml=['topologies/topzoo/UniC.gml', '5'], index=None, prop='SeparateWPk', prop_file=None, op_req=None, repeat=1, reduce=False, opt=False, u=False, some=False, count=False, weight_bound=None, savedir='topzoo_res/SeparateWPk/PERS/PERS-1', dump_bdd=False)
Running 5UniC.gml
Policy: (((((((((((((((((((((((((((WP(1-142) | WP(134-142)) | WP(143-142)) | WP(18-142)) | WP(146-142)) | WP(21-142)) | WP(25-142)) | WP(29-142)) | WP(38-142)) | WP(44-142)) | WP(47-142)) | WP(50-142)) | WP(53-142)) | WP(55-142)) | WP(63-142)) | WP(67-142)) | WP(68-142)) | WP(77-142)) | WP(81-142)) | WP(83-142)) | WP(92-142)) | WP(95-142)) | WP(102-142)) | WP(105-142)) | WP(107-142)) | WP(116-142)) | WP(126-142)) & (Reach 142))
Initial path of nodes: [9, 13, 5, 4, 6, 1, 0, 2, 22, 20, 18, 17, 34, 38, 30, 29, 31, 26, 25, 27, 47, 45, 43, 42, 59, 63, 55, 54, 56, 51, 50, 52, 72, 70, 68, 67, 84, 88, 80, 79, 81, 76, 75, 77, 97, 95, 93, 92, 109, 113, 105, 104, 106, 101, 100, 102, 122, 120, 118, 117, 134, 138, 130, 129, 131, 126, 125, 127, 147, 145, 143, 142]
Final path of nodes: [9, 13, 5, 8, 7, 1, 0, 3, 2, 16, 21, 19, 18, 17, 34, 38, 30, 33, 32, 26, 25, 28, 27, 41, 46, 44, 43, 42, 59, 63, 55, 58, 57, 51, 50, 53, 52, 66, 71, 69, 68, 67, 84, 88, 80, 83, 82, 76, 75, 78, 77, 91, 96, 94, 93, 92, 109, 113, 105, 108, 107, 101, 100, 103, 102, 116, 121, 119, 118, 117, 134, 138, 130, 133, 132, 126, 125, 128, 127, 141, 146, 144, 143, 142]
Persimmon problem:  {"Initial_routing":[[9, 13], [13, 5], [5, 4], [4, 6], [6, 1], [1, 0], [0, 2], [2, 22], [22, 20], [20, 18], [18, 17], [17, 34], [34, 38], [38, 30], [30, 29], [29, 31], [31, 26], [26, 25], [25, 27], [27, 47], [47, 45], [45, 43], [43, 42], [42, 59], [59, 63], [63, 55], [55, 54], [54, 56], [56, 51], [51, 50], [50, 52], [52, 72], [72, 70], [70, 68], [68, 67], [67, 84], [84, 88], [88, 80], [80, 79], [79, 81], [81, 76], [76, 75], [75, 77], [77, 97], [97, 95], [95, 93], [93, 92], [92, 109], [109, 113], [113, 105], [105, 104], [104, 106], [106, 101], [101, 100], [100, 102], [102, 122], [122, 120], [120, 118], [118, 117], [117, 134], [134, 138], [138, 130], [130, 129], [129, 131], [131, 126], [126, 125], [125, 127], [127, 147], [147, 145], [145, 143], [143, 142]],"Final_routing":[[9, 13], [13, 5], [5, 8], [8, 7], [7, 1], [1, 0], [0, 3], [3, 2], [2, 16], [16, 21], [21, 19], [19, 18], [18, 17], [17, 34], [34, 38], [38, 30], [30, 33], [33, 32], [32, 26], [26, 25], [25, 28], [28, 27], [27, 41], [41, 46], [46, 44], [44, 43], [43, 42], [42, 59], [59, 63], [63, 55], [55, 58], [58, 57], [57, 51], [51, 50], [50, 53], [53, 52], [52, 66], [66, 71], [71, 69], [69, 68], [68, 67], [67, 84], [84, 88], [88, 80], [80, 83], [83, 82], [82, 76], [76, 75], [75, 78], [78, 77], [77, 91], [91, 96], [96, 94], [94, 93], [93, 92], [92, 109], [109, 113], [113, 105], [105, 108], [108, 107], [107, 101], [101, 100], [100, 103], [103, 102], [102, 116], [116, 121], [121, 119], [119, 118], [118, 117], [117, 134], [134, 138], [138, 130], [130, 133], [133, 132], [132, 126], [126, 125], [125, 128], [128, 127], [127, 141], [141, 146], [146, 144], [144, 143], [143, 142]],"Properties":{"MultiAlternativeWaypoint": {"waypoint": [1,134,143,18,146,21,25,29,38,44,47,50,53,55,63,67,68,77,81,83,92,95,102,105,107,116,126]},"Reachability":{"startNode":9,"finalNode":142}}}
Persimmon stdout:  Chain equivalence reduction: 108 -> 82
Constructing all update BDD
Solution: Some([[82, 144, 141, 16, 21, 41, 46, 91, 96, 94, 146, 33, 32, 121, 119, 108, 58, 57, 83, 116, 66, 71, 69, 133, 132, 107, 19, 44, 8, 7], [80, 55, 105, 130, 28, 78, 3, 53, 77, 127, 52, 128, 2, 102, 5, 27, 103, 30], [31, 95, 22, 20, 0, 45, 75, 29, 104, 106, 47, 129, 131, 147, 145, 122, 120, 81, 50, 79, 4, 6, 100, 97, 25, 125, 72, 70, 54, 56]])
Time elapsed: 8.06ms
Time elapsed(s): 0.008063s

Persimmon stderr:  
Time: 0.008063
Solution: [[82, 144, 141, 16, 21, 41, 46, 91, 96, 94, 146, 33, 32, 121, 119, 108, 58, 57, 83, 116, 66, 71, 69, 133, 132, 107, 19, 44, 8, 7], [80, 55, 105, 130, 28, 78, 3, 53, 77, 127, 52, 128, 2, 102, 5, 27, 103, 30], [31, 95, 22, 20, 0, 45, 75, 29, 104, 106, 47, 129, 131, 147, 145, 122, 120, 81, 50, 79, 4, 6, 100, 97, 25, 125, 72, 70, 54, 56]]
	Command being timed: "python3 allsynth/run.py -t PERS --GML topologies/topzoo/UniC.gml 5 --dir topzoo_res/SeparateWPk/PERS/PERS-1 --e-prop SeparateWPk --repeat 1"
	User time (seconds): 0.96
	System time (seconds): 1.24
	Percent of CPU this job got: 368%
	Elapsed (wall clock) time (h:mm:ss or m:ss): 0:00.60
	Average shared text size (kbytes): 0
	Average unshared data size (kbytes): 0
	Average stack size (kbytes): 0
	Average total size (kbytes): 0
	Maximum resident set size (kbytes): 71352
	Average resident set size (kbytes): 0
	Major (requiring I/O) page faults: 0
	Minor (reclaiming a frame) page faults: 13198
	Voluntary context switches: 27
	Involuntary context switches: 100
	Swaps: 0
	File system inputs: 0
	File system outputs: 32
	Socket messages sent: 0
	Socket messages received: 0
	Signals delivered: 0
	Page size (bytes): 4096
	Exit status: 0
