Namespace(tool='BDD', exper=None, gml=['topologies/topzoo/AsnetAm.gml', '5'], index=None, prop='SeparateWPk', prop_file=None, op_req=None, repeat=1, reduce=True, opt=False, u=False, some=False, count=False, weight_bound=None, savedir='topzoo_res/SeparateWPk/reduce/BDD-2', dump_bdd=False)
Running 5AsnetAm.gml
Policy: ((((((((((((((((((((WP(267-383) | WP(22-383)) | WP(157-383)) | WP(162-383)) | WP(292-383)) | WP(56-383)) | WP(186-383)) | WP(187-383)) | WP(316-383)) | WP(72-383)) | WP(202-383)) | WP(203-383)) | WP(332-383)) | WP(347-383)) | WP(96-383)) | WP(226-383)) | WP(356-383)) | WP(357-383)) | WP(119-383)) | WP(253-383)) & (Reach 383))
Initial path of nodes: [32, 31, 27, 8, 7, 22, 54, 57, 58, 97, 96, 92, 73, 72, 87, 119, 122, 123, 162, 161, 157, 138, 137, 152, 184, 187, 188, 227, 226, 222, 203, 202, 217, 249, 252, 253, 292, 291, 287, 268, 267, 282, 314, 317, 318, 357, 356, 352, 333, 332, 347, 379, 382, 383]
Final path of nodes: [32, 31, 27, 8, 7, 56, 60, 59, 58, 97, 96, 92, 73, 90, 87, 72, 121, 125, 124, 123, 162, 161, 157, 138, 137, 186, 190, 189, 188, 227, 226, 222, 203, 220, 217, 202, 251, 255, 254, 253, 292, 291, 287, 268, 267, 316, 320, 319, 318, 357, 356, 352, 333, 350, 347, 332, 381, 385, 384, 383]
Time: 0.19845962524414062
Solution: non-empty
	Command being timed: "python3 allsynth/run.py -t BDD --GML topologies/topzoo/AsnetAm.gml 5 --dir topzoo_res/SeparateWPk/reduce/BDD-2 --e-prop SeparateWPk --repeat 1 --reduce"
	User time (seconds): 1.16
	System time (seconds): 1.33
	Percent of CPU this job got: 280%
	Elapsed (wall clock) time (h:mm:ss or m:ss): 0:00.89
	Average shared text size (kbytes): 0
	Average unshared data size (kbytes): 0
	Average stack size (kbytes): 0
	Average total size (kbytes): 0
	Maximum resident set size (kbytes): 89268
	Average resident set size (kbytes): 0
	Major (requiring I/O) page faults: 0
	Minor (reclaiming a frame) page faults: 14621
	Voluntary context switches: 28
	Involuntary context switches: 36
	Swaps: 0
	File system inputs: 0
	File system outputs: 24
	Socket messages sent: 0
	Socket messages received: 0
	Signals delivered: 0
	Page size (bytes): 4096
	Exit status: 0
