Namespace(tool='BDD', exper=None, gml=['topologies/topzoo/Compuserve.gml', '5'], index=None, prop='SeparateWPk', prop_file=None, op_req=None, repeat=1, reduce=True, opt=False, u=False, some=False, count=False, weight_bound=None, savedir='topzoo_res/SeparateWPk/reduce/BDD-2', dump_bdd=False)
Running 5Compuserve.gml
Policy: (((((((((((WP(64-81) | WP(34-81)) | WP(38-81)) | WP(11-81)) | WP(76-81)) | WP(77-81)) | WP(48-81)) | WP(18-81)) | WP(51-81)) | WP(24-81)) | WP(62-81)) & (Reach 81))
Initial path of nodes: [6, 13, 12, 2, 11, 18, 19, 16, 25, 24, 34, 41, 40, 30, 39, 48, 55, 54, 44, 53, 62, 69, 68, 58, 67, 76, 83, 82, 72, 81]
Final path of nodes: [6, 13, 4, 5, 2, 11, 18, 27, 26, 23, 24, 34, 35, 36, 37, 38, 39, 48, 49, 50, 51, 52, 53, 62, 63, 64, 65, 66, 67, 76, 77, 78, 79, 80, 81]
Time: 0.024260759353637695
Solution: non-empty
	Command being timed: "python3 allsynth/run.py -t BDD --GML topologies/topzoo/Compuserve.gml 5 --dir topzoo_res/SeparateWPk/reduce/BDD-2 --e-prop SeparateWPk --repeat 1 --reduce"
	User time (seconds): 0.85
	System time (seconds): 1.31
	Percent of CPU this job got: 387%
	Elapsed (wall clock) time (h:mm:ss or m:ss): 0:00.55
	Average shared text size (kbytes): 0
	Average unshared data size (kbytes): 0
	Average stack size (kbytes): 0
	Average total size (kbytes): 0
	Maximum resident set size (kbytes): 89208
	Average resident set size (kbytes): 0
	Major (requiring I/O) page faults: 0
	Minor (reclaiming a frame) page faults: 13968
	Voluntary context switches: 33
	Involuntary context switches: 71
	Swaps: 0
	File system inputs: 0
	File system outputs: 24
	Socket messages sent: 0
	Socket messages received: 0
	Signals delivered: 0
	Page size (bytes): 4096
	Exit status: 0
