Namespace(tool='BDD', exper=None, gml=['topologies/topzoo/CrlNetworkServices.gml', '5'], index=None, prop='SeparateWPk', prop_file=None, op_req=None, repeat=1, reduce=True, opt=False, u=False, some=False, count=False, weight_bound=None, savedir='topzoo_res/SeparateWPk/reduce/BDD-2', dump_bdd=False)
Running 5CrlNetworkServices.gml
Policy: ((((((((((((((((((((((((((((WP(132-195) | WP(6-195)) | WP(145-195)) | WP(19-195)) | WP(147-195)) | WP(150-195)) | WP(24-195)) | WP(30-195)) | WP(164-195)) | WP(39-195)) | WP(46-195)) | WP(48-195)) | WP(49-195)) | WP(179-195)) | WP(181-195)) | WP(184-195)) | WP(57-195)) | WP(191-195)) | WP(195-195)) | WP(68-195)) | WP(74-195)) | WP(77-195)) | WP(87-195)) | WP(109-195)) | WP(115-195)) | WP(119-195)) | WP(121-195)) | WP(127-195)) & (Reach 195))
Initial path of nodes: [16, 15, 22, 21, 20, 19, 13, 10, 11, 32, 30, 35, 36, 33, 34, 39, 41, 42, 51, 50, 49, 48, 82, 81, 88, 87, 86, 85, 79, 76, 77, 98, 96, 115, 114, 121, 120, 119, 118, 112, 109, 110, 131, 129, 148, 147, 154, 153, 152, 151, 145, 142, 143, 164, 162, 181, 180, 187, 186, 185, 184, 178, 175, 176, 197, 195]
Final path of nodes: [16, 17, 18, 9, 8, 6, 1, 0, 3, 2, 24, 23, 32, 30, 35, 57, 56, 65, 44, 43, 46, 52, 53, 54, 55, 48, 82, 83, 84, 75, 74, 72, 67, 66, 69, 68, 90, 89, 98, 96, 115, 116, 117, 113, 120, 119, 118, 124, 125, 126, 127, 128, 129, 148, 149, 150, 141, 140, 138, 133, 132, 135, 134, 156, 155, 164, 162, 181, 182, 183, 179, 186, 185, 184, 190, 191, 192, 193, 194, 195]
Time: 0.1722581386566162
Solution: non-empty
	Command being timed: "python3 allsynth/run.py -t BDD --GML topologies/topzoo/CrlNetworkServices.gml 5 --dir topzoo_res/SeparateWPk/reduce/BDD-2 --e-prop SeparateWPk --repeat 1 --reduce"
	User time (seconds): 1.05
	System time (seconds): 1.29
	Percent of CPU this job got: 303%
	Elapsed (wall clock) time (h:mm:ss or m:ss): 0:00.77
	Average shared text size (kbytes): 0
	Average unshared data size (kbytes): 0
	Average stack size (kbytes): 0
	Average total size (kbytes): 0
	Maximum resident set size (kbytes): 88232
	Average resident set size (kbytes): 0
	Major (requiring I/O) page faults: 0
	Minor (reclaiming a frame) page faults: 14409
	Voluntary context switches: 30
	Involuntary context switches: 176
	Swaps: 0
	File system inputs: 0
	File system outputs: 24
	Socket messages sent: 0
	Socket messages received: 0
	Signals delivered: 0
	Page size (bytes): 4096
	Exit status: 0
