Namespace(tool='BDD', exper=None, gml=['topologies/topzoo/EliBackbone.gml', '5'], index=None, prop='SeparateWPk', prop_file=None, op_req=None, repeat=1, reduce=True, opt=False, u=False, some=False, count=False, weight_bound=None, savedir='topzoo_res/SeparateWPk/reduce/BDD-2', dump_bdd=False)
Running 5EliBackbone.gml
Policy: ((((((((((((((((WP(36-112) | WP(69-112)) | WP(70-112)) | WP(39-112)) | WP(9-112)) | WP(74-112)) | WP(43-112)) | WP(109-112)) | WP(110-112)) | WP(14-112)) | WP(82-112)) | WP(51-112)) | WP(52-112)) | WP(115-112)) | WP(92-112)) | WP(29-112)) & (Reach 112))
Initial path of nodes: [10, 11, 2, 16, 14, 9, 12, 25, 26, 34, 36, 22, 31, 30, 50, 51, 42, 56, 54, 49, 52, 70, 71, 62, 76, 74, 69, 72, 90, 91, 82, 96, 94, 89, 92, 110, 111, 102, 116, 114, 109, 112]
Final path of nodes: [10, 11, 2, 3, 0, 14, 13, 12, 25, 28, 29, 34, 20, 23, 22, 39, 30, 50, 59, 42, 43, 40, 54, 53, 52, 70, 79, 62, 76, 75, 69, 73, 72, 90, 99, 82, 83, 80, 94, 93, 92, 110, 119, 102, 116, 115, 109, 113, 112]
Time: 0.09985804557800293
Solution: non-empty
	Command being timed: "python3 allsynth/run.py -t BDD --GML topologies/topzoo/EliBackbone.gml 5 --dir topzoo_res/SeparateWPk/reduce/BDD-2 --e-prop SeparateWPk --repeat 1 --reduce"
	User time (seconds): 0.90
	System time (seconds): 1.38
	Percent of CPU this job got: 337%
	Elapsed (wall clock) time (h:mm:ss or m:ss): 0:00.67
	Average shared text size (kbytes): 0
	Average unshared data size (kbytes): 0
	Average stack size (kbytes): 0
	Average total size (kbytes): 0
	Maximum resident set size (kbytes): 89820
	Average resident set size (kbytes): 0
	Major (requiring I/O) page faults: 0
	Minor (reclaiming a frame) page faults: 14154
	Voluntary context switches: 32
	Involuntary context switches: 44
	Swaps: 0
	File system inputs: 0
	File system outputs: 24
	Socket messages sent: 0
	Socket messages received: 0
	Signals delivered: 0
	Page size (bytes): 4096
	Exit status: 0
