Namespace(tool='BDD', exper=None, gml=['topologies/topzoo/Garr201110.gml', '5'], index=None, prop='SeparateWPk', prop_file=None, op_req=None, repeat=1, reduce=True, opt=False, u=False, some=False, count=False, weight_bound=None, savedir='topzoo_res/SeparateWPk/reduce/BDD-2', dump_bdd=False)
Running 5Garr201110.gml
Policy: (((((((((((((((((((WP(257-326) | WP(266-326)) | WP(139-326)) | WP(140-326)) | WP(14-326)) | WP(148-326)) | WP(150-326)) | WP(280-326)) | WP(303-326)) | WP(305-326)) | WP(309-326)) | WP(187-326)) | WP(325-326)) | WP(198-326)) | WP(208-326)) | WP(81-326)) | WP(209-326)) | WP(91-326)) | WP(92-326)) & (Reach 326))
Initial path of nodes: [8, 22, 21, 10, 44, 14, 32, 30, 31, 67, 81, 80, 69, 103, 73, 91, 89, 90, 126, 140, 139, 128, 162, 132, 150, 148, 149, 185, 199, 198, 187, 221, 191, 209, 207, 208, 244, 258, 257, 246, 280, 250, 268, 266, 267, 303, 317, 316, 305, 339, 309, 327, 325, 326]
Final path of nodes: [8, 22, 21, 18, 53, 14, 32, 30, 31, 67, 81, 80, 69, 112, 73, 92, 91, 89, 90, 126, 140, 139, 136, 171, 132, 150, 148, 149, 185, 199, 198, 187, 230, 191, 210, 209, 207, 208, 244, 258, 257, 254, 289, 250, 268, 266, 267, 303, 317, 316, 305, 348, 309, 328, 327, 325, 326]
Time: 0.07635331153869629
Solution: non-empty
	Command being timed: "python3 allsynth/run.py -t BDD --GML topologies/topzoo/Garr201110.gml 5 --dir topzoo_res/SeparateWPk/reduce/BDD-2 --e-prop SeparateWPk --repeat 1 --reduce"
	User time (seconds): 1.01
	System time (seconds): 1.34
	Percent of CPU this job got: 315%
	Elapsed (wall clock) time (h:mm:ss or m:ss): 0:00.74
	Average shared text size (kbytes): 0
	Average unshared data size (kbytes): 0
	Average stack size (kbytes): 0
	Average total size (kbytes): 0
	Maximum resident set size (kbytes): 89372
	Average resident set size (kbytes): 0
	Major (requiring I/O) page faults: 0
	Minor (reclaiming a frame) page faults: 14450
	Voluntary context switches: 24
	Involuntary context switches: 47
	Swaps: 0
	File system inputs: 0
	File system outputs: 24
	Socket messages sent: 0
	Socket messages received: 0
	Signals delivered: 0
	Page size (bytes): 4096
	Exit status: 0
