Namespace(tool='BDD', exper=None, gml=['topologies/topzoo/Garr201112.gml', '5'], index=None, prop='SeparateWPk', prop_file=None, op_req=None, repeat=1, reduce=True, opt=False, u=False, some=False, count=False, weight_bound=None, savedir='topzoo_res/SeparateWPk/reduce/BDD-2', dump_bdd=False)
Running 5Garr201112.gml
Policy: (((((((((((((((((((WP(265-338) | WP(14-338)) | WP(143-338)) | WP(144-338)) | WP(275-338)) | WP(153-338)) | WP(156-338)) | WP(299-338)) | WP(313-338)) | WP(319-338)) | WP(193-338)) | WP(323-338)) | WP(204-338)) | WP(336-338)) | WP(83-338)) | WP(216-338)) | WP(217-338)) | WP(95-338)) | WP(96-338)) & (Reach 338))
Initial path of nodes: [8, 22, 21, 10, 55, 14, 34, 31, 33, 69, 83, 82, 71, 116, 75, 95, 92, 94, 130, 144, 143, 132, 177, 136, 156, 153, 155, 191, 205, 204, 193, 238, 197, 217, 214, 216, 252, 266, 265, 254, 299, 258, 278, 275, 277, 313, 327, 326, 315, 360, 319, 339, 336, 338]
Final path of nodes: [8, 22, 21, 18, 49, 14, 34, 31, 33, 69, 83, 82, 79, 110, 75, 96, 95, 92, 94, 130, 144, 143, 140, 171, 136, 156, 153, 155, 191, 205, 204, 201, 232, 197, 218, 217, 214, 216, 252, 266, 265, 262, 293, 258, 278, 275, 277, 313, 327, 326, 323, 354, 319, 340, 339, 336, 338]
Time: 0.08827590942382812
Solution: non-empty
	Command being timed: "python3 allsynth/run.py -t BDD --GML topologies/topzoo/Garr201112.gml 5 --dir topzoo_res/SeparateWPk/reduce/BDD-2 --e-prop SeparateWPk --repeat 1 --reduce"
	User time (seconds): 0.99
	System time (seconds): 1.38
	Percent of CPU this job got: 309%
	Elapsed (wall clock) time (h:mm:ss or m:ss): 0:00.76
	Average shared text size (kbytes): 0
	Average unshared data size (kbytes): 0
	Average stack size (kbytes): 0
	Average total size (kbytes): 0
	Maximum resident set size (kbytes): 89292
	Average resident set size (kbytes): 0
	Major (requiring I/O) page faults: 0
	Minor (reclaiming a frame) page faults: 14449
	Voluntary context switches: 28
	Involuntary context switches: 57
	Swaps: 0
	File system inputs: 0
	File system outputs: 24
	Socket messages sent: 0
	Socket messages received: 0
	Signals delivered: 0
	Page size (bytes): 4096
	Exit status: 0
