Namespace(tool='BDD', exper=None, gml=['topologies/topzoo/GtsRomania.gml', '5'], index=None, prop='SeparateWPk', prop_file=None, op_req=None, repeat=1, reduce=True, opt=False, u=False, some=False, count=False, weight_bound=None, savedir='topzoo_res/SeparateWPk/reduce/BDD-2', dump_bdd=False)
Running 5GtsRomania.gml
Policy: ((((((((((((((WP(32-121) | WP(58-121)) | WP(102-121)) | WP(103-121)) | WP(11-121)) | WP(16-121)) | WP(81-121)) | WP(113-121)) | WP(116-121)) | WP(121-121)) | WP(26-121)) | WP(61-121)) | WP(62-121)) | WP(63-121)) & (Reach 121))
Initial path of nodes: [8, 19, 18, 20, 11, 16, 29, 40, 39, 41, 32, 37, 50, 61, 60, 62, 53, 58, 71, 82, 81, 83, 74, 79, 92, 103, 102, 104, 95, 100, 113, 124, 123, 125, 116, 121]
Final path of nodes: [8, 19, 18, 5, 0, 11, 16, 29, 40, 39, 26, 21, 32, 37, 50, 61, 60, 47, 42, 53, 58, 71, 82, 81, 68, 63, 74, 79, 92, 103, 102, 89, 84, 95, 100, 113, 124, 123, 110, 105, 116, 121]
Time: 0.030527114868164062
Solution: non-empty
	Command being timed: "python3 allsynth/run.py -t BDD --GML topologies/topzoo/GtsRomania.gml 5 --dir topzoo_res/SeparateWPk/reduce/BDD-2 --e-prop SeparateWPk --repeat 1 --reduce"
	User time (seconds): 0.85
	System time (seconds): 1.34
	Percent of CPU this job got: 371%
	Elapsed (wall clock) time (h:mm:ss or m:ss): 0:00.59
	Average shared text size (kbytes): 0
	Average unshared data size (kbytes): 0
	Average stack size (kbytes): 0
	Average total size (kbytes): 0
	Maximum resident set size (kbytes): 87500
	Average resident set size (kbytes): 0
	Major (requiring I/O) page faults: 0
	Minor (reclaiming a frame) page faults: 14075
	Voluntary context switches: 24
	Involuntary context switches: 95
	Swaps: 0
	File system inputs: 0
	File system outputs: 24
	Socket messages sent: 0
	Socket messages received: 0
	Signals delivered: 0
	Page size (bytes): 4096
	Exit status: 0
