Namespace(tool='BDD', exper=None, gml=['topologies/topzoo/GtsSlovakia.gml', '5'], index=None, prop='SeparateWPk', prop_file=None, op_req=None, repeat=1, reduce=True, opt=False, u=False, some=False, count=False, weight_bound=None, savedir='topzoo_res/SeparateWPk/reduce/BDD-2', dump_bdd=False)
Running 5GtsSlovakia.gml
Policy: ((((((((((WP(131-206) | WP(101-206)) | WP(134-206)) | WP(167-206)) | WP(41-206)) | WP(74-206)) | WP(205-206)) | WP(183-206)) | WP(30-206)) | WP(63-206)) & (Reach 206))
Initial path of nodes: [8, 4, 27, 6, 26, 30, 31, 43, 39, 62, 41, 61, 65, 66, 78, 74, 97, 76, 96, 100, 101, 113, 109, 132, 111, 131, 135, 136, 148, 144, 167, 146, 166, 170, 171, 183, 179, 202, 181, 201, 205, 206]
Final path of nodes: [8, 4, 27, 28, 29, 30, 31, 43, 39, 62, 63, 64, 65, 66, 78, 74, 97, 98, 99, 100, 101, 113, 109, 132, 133, 134, 135, 136, 148, 144, 167, 168, 169, 170, 171, 183, 179, 202, 203, 204, 205, 206]
Time: 0.023255109786987305
Solution: non-empty
	Command being timed: "python3 allsynth/run.py -t BDD --GML topologies/topzoo/GtsSlovakia.gml 5 --dir topzoo_res/SeparateWPk/reduce/BDD-2 --e-prop SeparateWPk --repeat 1 --reduce"
	User time (seconds): 0.92
	System time (seconds): 1.31
	Percent of CPU this job got: 357%
	Elapsed (wall clock) time (h:mm:ss or m:ss): 0:00.62
	Average shared text size (kbytes): 0
	Average unshared data size (kbytes): 0
	Average stack size (kbytes): 0
	Average total size (kbytes): 0
	Maximum resident set size (kbytes): 88364
	Average resident set size (kbytes): 0
	Major (requiring I/O) page faults: 0
	Minor (reclaiming a frame) page faults: 14200
	Voluntary context switches: 26
	Involuntary context switches: 37
	Swaps: 0
	File system inputs: 0
	File system outputs: 24
	Socket messages sent: 0
	Socket messages received: 0
	Signals delivered: 0
	Page size (bytes): 4096
	Exit status: 0
