Namespace(tool='BDD', exper=None, gml=['topologies/topzoo/GtsHungary.gml', '5'], index=None, prop='SeparateWPk', prop_file=None, op_req=None, repeat=1, reduce=True, opt=False, u=False, some=False, count=False, weight_bound=None, savedir='topzoo_res/SeparateWPk/reduce/BDD-2', dump_bdd=False)
Running 5GtsHungary.gml
Policy: ((((((((((((((((WP(161-173) | WP(67-173)) | WP(58-173)) | WP(68-173)) | WP(42-173)) | WP(140-173)) | WP(176-173)) | WP(113-173)) | WP(82-173)) | WP(179-173)) | WP(84-173)) | WP(57-173)) | WP(26-173)) | WP(29-173)) | WP(94-173)) | WP(95-173)) & (Reach 173))
Initial path of nodes: [11, 12, 7, 4, 20, 26, 27, 24, 23, 41, 42, 37, 34, 50, 56, 57, 54, 53, 71, 72, 67, 64, 80, 86, 87, 84, 83, 101, 102, 97, 94, 110, 116, 117, 114, 113, 131, 132, 127, 124, 140, 146, 147, 144, 143, 161, 162, 157, 154, 170, 176, 177, 174, 173]
Final path of nodes: [11, 12, 8, 5, 20, 29, 28, 22, 23, 41, 42, 38, 35, 50, 59, 58, 52, 53, 71, 72, 68, 65, 80, 89, 88, 82, 83, 101, 102, 98, 95, 110, 119, 118, 112, 113, 131, 132, 128, 125, 140, 149, 148, 142, 143, 161, 162, 158, 155, 170, 179, 178, 172, 173]
Time: 0.07718539237976074
Solution: non-empty
	Command being timed: "python3 allsynth/run.py -t BDD --GML topologies/topzoo/GtsHungary.gml 5 --dir topzoo_res/SeparateWPk/reduce/BDD-2 --e-prop SeparateWPk --repeat 1 --reduce"
	User time (seconds): 0.94
	System time (seconds): 1.31
	Percent of CPU this job got: 350%
	Elapsed (wall clock) time (h:mm:ss or m:ss): 0:00.64
	Average shared text size (kbytes): 0
	Average unshared data size (kbytes): 0
	Average stack size (kbytes): 0
	Average total size (kbytes): 0
	Maximum resident set size (kbytes): 88152
	Average resident set size (kbytes): 0
	Major (requiring I/O) page faults: 0
	Minor (reclaiming a frame) page faults: 14204
	Voluntary context switches: 28
	Involuntary context switches: 75
	Swaps: 0
	File system inputs: 0
	File system outputs: 24
	Socket messages sent: 0
	Socket messages received: 0
	Signals delivered: 0
	Page size (bytes): 4096
	Exit status: 0
