Namespace(tool='BDD', exper=None, gml=['topologies/topzoo/Intranetwork.gml', '5'], index=None, prop='SeparateWPk', prop_file=None, op_req=None, repeat=1, reduce=True, opt=False, u=False, some=False, count=False, weight_bound=None, savedir='topzoo_res/SeparateWPk/reduce/BDD-2', dump_bdd=False)
Running 5Intranetwork.gml
Policy: (((((((((((((((((((((((((((((((((((((((WP(2-225) | WP(4-225)) | WP(133-225)) | WP(138-225)) | WP(13-225)) | WP(17-225)) | WP(147-225)) | WP(23-225)) | WP(153-225)) | WP(155-225)) | WP(163-225)) | WP(164-225)) | WP(37-225)) | WP(44-225)) | WP(174-225)) | WP(178-225)) | WP(52-225)) | WP(56-225)) | WP(57-225)) | WP(58-225)) | WP(192-225)) | WP(197-225)) | WP(199-225)) | WP(76-225)) | WP(77-225)) | WP(206-225)) | WP(208-225)) | WP(209-225)) | WP(212-225)) | WP(90-225)) | WP(218-225)) | WP(98-225)) | WP(102-225)) | WP(107-225)) | WP(108-225)) | WP(112-225)) | WP(113-225)) | WP(123-225)) | WP(127-225)) & (Reach 225))
Initial path of nodes: [11, 12, 22, 18, 10, 17, 24, 8, 5, 6, 13, 35, 36, 37, 38, 2, 30, 50, 51, 61, 57, 49, 56, 63, 47, 44, 45, 52, 74, 75, 76, 77, 41, 69, 89, 90, 100, 96, 88, 95, 102, 86, 83, 84, 91, 113, 114, 115, 116, 80, 108, 128, 129, 139, 135, 127, 134, 141, 125, 122, 123, 130, 152, 153, 154, 155, 119, 147, 167, 168, 178, 174, 166, 173, 180, 164, 161, 162, 169, 191, 192, 193, 194, 158, 186, 206, 207, 217, 213, 205, 212, 219, 203, 200, 201, 208, 230, 231, 232, 233, 197, 225]
Final path of nodes: [11, 19, 20, 21, 18, 23, 17, 24, 16, 7, 4, 13, 34, 35, 36, 37, 38, 29, 30, 50, 58, 59, 60, 57, 62, 56, 63, 55, 46, 43, 52, 74, 75, 76, 53, 77, 68, 69, 89, 97, 98, 99, 96, 101, 95, 102, 94, 85, 82, 91, 112, 113, 114, 115, 116, 107, 108, 128, 136, 137, 138, 135, 140, 134, 141, 133, 124, 121, 130, 152, 153, 154, 131, 155, 146, 147, 167, 175, 176, 177, 174, 179, 173, 180, 172, 163, 160, 169, 190, 191, 192, 193, 194, 185, 186, 206, 214, 215, 216, 213, 218, 212, 219, 211, 202, 199, 208, 230, 231, 232, 209, 233, 224, 225]
Time: 1.2801241874694824
Solution: non-empty
	Command being timed: "python3 allsynth/run.py -t BDD --GML topologies/topzoo/Intranetwork.gml 5 --dir topzoo_res/SeparateWPk/reduce/BDD-2 --e-prop SeparateWPk --repeat 1 --reduce"
	User time (seconds): 2.11
	System time (seconds): 1.34
	Percent of CPU this job got: 186%
	Elapsed (wall clock) time (h:mm:ss or m:ss): 0:01.86
	Average shared text size (kbytes): 0
	Average unshared data size (kbytes): 0
	Average stack size (kbytes): 0
	Average total size (kbytes): 0
	Maximum resident set size (kbytes): 88768
	Average resident set size (kbytes): 0
	Major (requiring I/O) page faults: 0
	Minor (reclaiming a frame) page faults: 15082
	Voluntary context switches: 21
	Involuntary context switches: 59
	Swaps: 0
	File system inputs: 0
	File system outputs: 24
	Socket messages sent: 0
	Socket messages received: 0
	Signals delivered: 0
	Page size (bytes): 4096
	Exit status: 0
