Namespace(tool='BDD', exper=None, gml=['topologies/topzoo/Janetlense.gml', '5'], index=None, prop='SeparateWPk', prop_file=None, op_req=None, repeat=1, reduce=True, opt=False, u=False, some=False, count=False, weight_bound=None, savedir='topzoo_res/SeparateWPk/reduce/BDD-2', dump_bdd=False)
Running 5Janetlense.gml
Policy: (((((WP(65-109) | WP(105-109)) | WP(45-109)) | WP(85-109)) | WP(25-109)) & (Reach 109))
Initial path of nodes: [5, 7, 14, 15, 9, 25, 27, 34, 35, 29, 45, 47, 54, 55, 49, 65, 67, 74, 75, 69, 85, 87, 94, 95, 89, 105, 107, 114, 115, 109]
Final path of nodes: [5, 7, 13, 15, 9, 25, 27, 33, 35, 29, 45, 47, 53, 55, 49, 65, 67, 73, 75, 69, 85, 87, 93, 95, 89, 105, 107, 113, 115, 109]
Time: 0.012944936752319336
Solution: non-empty
	Command being timed: "python3 allsynth/run.py -t BDD --GML topologies/topzoo/Janetlense.gml 5 --dir topzoo_res/SeparateWPk/reduce/BDD-2 --e-prop SeparateWPk --repeat 1 --reduce"
	User time (seconds): 0.89
	System time (seconds): 1.31
	Percent of CPU this job got: 367%
	Elapsed (wall clock) time (h:mm:ss or m:ss): 0:00.60
	Average shared text size (kbytes): 0
	Average unshared data size (kbytes): 0
	Average stack size (kbytes): 0
	Average total size (kbytes): 0
	Maximum resident set size (kbytes): 91760
	Average resident set size (kbytes): 0
	Major (requiring I/O) page faults: 0
	Minor (reclaiming a frame) page faults: 14102
	Voluntary context switches: 38
	Involuntary context switches: 41
	Swaps: 0
	File system inputs: 0
	File system outputs: 24
	Socket messages sent: 0
	Socket messages received: 0
	Signals delivered: 0
	Page size (bytes): 4096
	Exit status: 0
