Namespace(tool='BDD', exper=None, gml=['topologies/topzoo/Marnet.gml', '5'], index=None, prop='SeparateWPk', prop_file=None, op_req=None, repeat=1, reduce=True, opt=False, u=False, some=False, count=False, weight_bound=None, savedir='topzoo_res/SeparateWPk/reduce/BDD-2', dump_bdd=False)
Running 5Marnet.gml
Policy: (((((WP(42-119) | WP(108-119)) | WP(44-119)) | WP(79-119)) | WP(22-119)) & (Reach 119))
Initial path of nodes: [8, 17, 2, 19, 20, 22, 37, 28, 48, 57, 42, 59, 68, 77, 62, 79, 88, 97, 82, 99, 108, 117, 102, 119]
Final path of nodes: [8, 17, 4, 19, 20, 22, 37, 28, 48, 57, 44, 59, 68, 77, 64, 79, 88, 97, 84, 99, 108, 117, 104, 119]
Time: 0.010631799697875977
Solution: non-empty
	Command being timed: "python3 allsynth/run.py -t BDD --GML topologies/topzoo/Marnet.gml 5 --dir topzoo_res/SeparateWPk/reduce/BDD-2 --e-prop SeparateWPk --repeat 1 --reduce"
	User time (seconds): 0.85
	System time (seconds): 1.33
	Percent of CPU this job got: 375%
	Elapsed (wall clock) time (h:mm:ss or m:ss): 0:00.58
	Average shared text size (kbytes): 0
	Average unshared data size (kbytes): 0
	Average stack size (kbytes): 0
	Average total size (kbytes): 0
	Maximum resident set size (kbytes): 87740
	Average resident set size (kbytes): 0
	Major (requiring I/O) page faults: 0
	Minor (reclaiming a frame) page faults: 14015
	Voluntary context switches: 23
	Involuntary context switches: 54
	Swaps: 0
	File system inputs: 0
	File system outputs: 24
	Socket messages sent: 0
	Socket messages received: 0
	Signals delivered: 0
	Page size (bytes): 4096
	Exit status: 0
