Namespace(tool='BDD', exper=None, gml=['topologies/topzoo/Navigata.gml', '5'], index=None, prop='SeparateWPk', prop_file=None, op_req=None, repeat=1, reduce=True, opt=False, u=False, some=False, count=False, weight_bound=None, savedir='topzoo_res/SeparateWPk/reduce/BDD-2', dump_bdd=False)
Running 5Navigata.gml
Policy: (((((WP(65-74) | WP(39-74)) | WP(13-74)) | WP(52-74)) | WP(26-74)) & (Reach 74))
Initial path of nodes: [0, 4, 11, 5, 9, 13, 17, 24, 18, 22, 26, 30, 37, 31, 35, 39, 43, 50, 44, 48, 52, 56, 63, 57, 61, 65, 69, 76, 70, 74]
Final path of nodes: [0, 4, 11, 8, 9, 13, 17, 23, 21, 22, 26, 30, 37, 34, 35, 39, 43, 49, 47, 48, 52, 56, 63, 60, 61, 65, 69, 75, 73, 74]
Time: 0.013149023056030273
Solution: non-empty
	Command being timed: "python3 allsynth/run.py -t BDD --GML topologies/topzoo/Navigata.gml 5 --dir topzoo_res/SeparateWPk/reduce/BDD-2 --e-prop SeparateWPk --repeat 1 --reduce"
	User time (seconds): 0.88
	System time (seconds): 1.30
	Percent of CPU this job got: 375%
	Elapsed (wall clock) time (h:mm:ss or m:ss): 0:00.58
	Average shared text size (kbytes): 0
	Average unshared data size (kbytes): 0
	Average stack size (kbytes): 0
	Average total size (kbytes): 0
	Maximum resident set size (kbytes): 89288
	Average resident set size (kbytes): 0
	Major (requiring I/O) page faults: 0
	Minor (reclaiming a frame) page faults: 13944
	Voluntary context switches: 30
	Involuntary context switches: 414
	Swaps: 0
	File system inputs: 0
	File system outputs: 24
	Socket messages sent: 0
	Socket messages received: 0
	Signals delivered: 0
	Page size (bytes): 4096
	Exit status: 0
