Namespace(tool='BDD', exper=None, gml=['topologies/topzoo/Peer1.gml', '5'], index=None, prop='SeparateWPk', prop_file=None, op_req=None, repeat=1, reduce=True, opt=False, u=False, some=False, count=False, weight_bound=None, savedir='topzoo_res/SeparateWPk/reduce/BDD-2', dump_bdd=False)
Running 5Peer1.gml
Policy: ((((((((((((((((WP(67-91) | WP(36-91)) | WP(37-91)) | WP(69-91)) | WP(10-91)) | WP(43-91)) | WP(13-91)) | WP(45-91)) | WP(77-91)) | WP(19-91)) | WP(51-91)) | WP(85-91)) | WP(22-91)) | WP(83-91)) | WP(57-91)) | WP(90-91)) & (Reach 91))
Initial path of nodes: [5, 4, 3, 6, 9, 10, 11, 21, 20, 19, 22, 25, 26, 27, 37, 36, 35, 38, 41, 42, 43, 53, 52, 51, 54, 57, 58, 59, 69, 68, 67, 70, 73, 74, 75, 85, 84, 83, 86, 89, 90, 91]
Final path of nodes: [5, 4, 3, 0, 15, 13, 12, 11, 21, 20, 19, 22, 29, 28, 27, 37, 36, 35, 32, 47, 45, 44, 43, 53, 52, 51, 54, 61, 60, 59, 69, 68, 67, 64, 79, 77, 76, 75, 85, 84, 83, 86, 93, 92, 91]
Time: 0.03768134117126465
Solution: non-empty
	Command being timed: "python3 allsynth/run.py -t BDD --GML topologies/topzoo/Peer1.gml 5 --dir topzoo_res/SeparateWPk/reduce/BDD-2 --e-prop SeparateWPk --repeat 1 --reduce"
	User time (seconds): 0.91
	System time (seconds): 1.28
	Percent of CPU this job got: 372%
	Elapsed (wall clock) time (h:mm:ss or m:ss): 0:00.58
	Average shared text size (kbytes): 0
	Average unshared data size (kbytes): 0
	Average stack size (kbytes): 0
	Average total size (kbytes): 0
	Maximum resident set size (kbytes): 87216
	Average resident set size (kbytes): 0
	Major (requiring I/O) page faults: 0
	Minor (reclaiming a frame) page faults: 13988
	Voluntary context switches: 23
	Involuntary context switches: 62
	Swaps: 0
	File system inputs: 0
	File system outputs: 24
	Socket messages sent: 0
	Socket messages received: 0
	Signals delivered: 0
	Page size (bytes): 4096
	Exit status: 0
