Namespace(tool='BDD', exper=None, gml=['topologies/topzoo/WideJpn.gml', '5'], index=None, prop='SeparateWPk', prop_file=None, op_req=None, repeat=1, reduce=True, opt=False, u=False, some=False, count=False, weight_bound=None, savedir='topzoo_res/SeparateWPk/reduce/BDD-2', dump_bdd=False)
Running 5WideJpn.gml
Policy: ((((((((((((((((((WP(160-165) | WP(161-165)) | WP(2-165)) | WP(105-165)) | WP(10-165)) | WP(45-165)) | WP(111-165)) | WP(80-165)) | WP(81-165)) | WP(50-165)) | WP(152-165)) | WP(52-165)) | WP(119-165)) | WP(120-165)) | WP(90-165)) | WP(59-165)) | WP(61-165)) | WP(126-165)) & (Reach 165))
Initial path of nodes: [11, 29, 20, 0, 1, 2, 21, 15, 41, 59, 50, 30, 31, 32, 51, 45, 71, 89, 80, 60, 61, 62, 81, 75, 101, 119, 110, 90, 91, 92, 111, 105, 131, 149, 140, 120, 121, 122, 141, 135, 161, 179, 170, 150, 151, 152, 171, 165]
Final path of nodes: [11, 29, 20, 0, 6, 10, 22, 21, 15, 41, 59, 50, 30, 36, 40, 52, 51, 45, 71, 89, 80, 60, 66, 70, 82, 81, 75, 101, 119, 110, 90, 96, 100, 112, 111, 105, 131, 149, 140, 120, 126, 130, 142, 141, 135, 161, 179, 170, 150, 156, 160, 172, 171, 165]
Time: 0.05495309829711914
Solution: non-empty
	Command being timed: "python3 allsynth/run.py -t BDD --GML topologies/topzoo/WideJpn.gml 5 --dir topzoo_res/SeparateWPk/reduce/BDD-2 --e-prop SeparateWPk --repeat 1 --reduce"
	User time (seconds): 0.92
	System time (seconds): 1.30
	Percent of CPU this job got: 359%
	Elapsed (wall clock) time (h:mm:ss or m:ss): 0:00.61
	Average shared text size (kbytes): 0
	Average unshared data size (kbytes): 0
	Average stack size (kbytes): 0
	Average total size (kbytes): 0
	Maximum resident set size (kbytes): 89800
	Average resident set size (kbytes): 0
	Major (requiring I/O) page faults: 0
	Minor (reclaiming a frame) page faults: 14182
	Voluntary context switches: 41
	Involuntary context switches: 65
	Swaps: 0
	File system inputs: 0
	File system outputs: 24
	Socket messages sent: 0
	Socket messages received: 0
	Signals delivered: 0
	Page size (bytes): 4096
	Exit status: 0
