Namespace(tool='kaki', exper=None, gml=['topologies/topzoo/Abilene.gml', '5'], index=None, prop='Reach', prop_file=None, op_req=None, repeat=1, reduce=False, opt=False, u=False, some=False, count=False, weight_bound=None, savedir='topzoo_res/Reach/kaki/kaki-1', dump_bdd=False)
Running 5Abilene.gml
Policy: (Reach 59)
Initial path of nodes: [0, 1, 10, 7, 6, 4, 11, 12, 21, 18, 17, 15, 22, 23, 32, 29, 28, 26, 33, 34, 43, 40, 39, 37, 44, 45, 54, 51, 50, 48, 55, 56, 65, 62, 61, 59]
Final path of nodes: [0, 2, 9, 8, 5, 4, 11, 13, 20, 19, 16, 15, 22, 24, 31, 30, 27, 26, 33, 35, 42, 41, 38, 37, 44, 46, 53, 52, 49, 48, 55, 57, 64, 63, 60, 59]
{"Initial_routing":[[0, 1], [1, 10], [10, 7], [7, 6], [6, 4], [4, 11], [11, 12], [12, 21], [21, 18], [18, 17], [17, 15], [15, 22], [22, 23], [23, 32], [32, 29], [29, 28], [28, 26], [26, 33], [33, 34], [34, 43], [43, 40], [40, 39], [39, 37], [37, 44], [44, 45], [45, 54], [54, 51], [51, 50], [50, 48], [48, 55], [55, 56], [56, 65], [65, 62], [62, 61], [61, 59]],"Final_routing":[[0, 2], [2, 9], [9, 8], [8, 5], [5, 4], [4, 11], [11, 13], [13, 20], [20, 19], [19, 16], [16, 15], [15, 22], [22, 24], [24, 31], [31, 30], [30, 27], [27, 26], [26, 33], [33, 35], [35, 42], [42, 41], [41, 38], [38, 37], [37, 44], [44, 46], [46, 53], [53, 52], [52, 49], [49, 48], [48, 55], [55, 57], [57, 64], [64, 63], [63, 60], [60, 59]],"Properties":{"Waypoint": { "startNode": -1, "finalNode": -1, "waypoint": []}, "LoopFreedom": { "startNode": -1},"Reachability":{"startNode":0,"finalNode":59}}}
Kaki stdout:  Version: 1.15 
 kaki/verifypn-linux64 /tmp/tmp7doinu1r
DFA generation time: 0.007 seconds 
DFA states: 3 
DFA transitions: 61
Problem file: /tmp/tmp7doinu1r
Switches to update: 54

Decomposed topology into 6 subproblems
Topological decomposition took 0.004 seconds
Subproblem verification time: 0.031 seconds
Subproblem verification time: 0.008 seconds
Subproblem verification time: 0.009 seconds
Subproblem verification time: 0.008 seconds
Subproblem verification time: 0.009 seconds
Subproblem verification time: 0.008 seconds
Minimum batches required: 3
[[2, 9, 8, 5, 13, 20, 19, 16, 24, 31, 30, 27, 35, 42, 41, 38, 46, 53, 52, 49, 57, 64, 63, 60], [0, 11, 22, 33, 44, 55], [1, 10, 7, 6, 12, 21, 18, 17, 23, 32, 29, 28, 34, 43, 40, 39, 45, 54, 51, 50, 56, 65, 62, 61]]
Total program runtime: 0.19 seconds

Kaki stderr:  
Time: 0.19
Solution: None
	Command being timed: "python3 allsynth/run.py -t kaki --GML topologies/topzoo/Abilene.gml 5 --dir topzoo_res/Reach/kaki/kaki-1 --e-prop Reach --repeat 1"
	User time (seconds): 1.39
	System time (seconds): 1.35
	Percent of CPU this job got: 400%
	Elapsed (wall clock) time (h:mm:ss or m:ss): 0:00.68
	Average shared text size (kbytes): 0
	Average unshared data size (kbytes): 0
	Average stack size (kbytes): 0
	Average total size (kbytes): 0
	Maximum resident set size (kbytes): 93376
	Average resident set size (kbytes): 0
	Major (requiring I/O) page faults: 0
	Minor (reclaiming a frame) page faults: 36491
	Voluntary context switches: 3351
	Involuntary context switches: 233
	Swaps: 0
	File system inputs: 0
	File system outputs: 24
	Socket messages sent: 0
	Socket messages received: 0
	Signals delivered: 0
	Page size (bytes): 4096
	Exit status: 0
