Namespace(tool='kaki', exper=None, gml=['topologies/topzoo/Aconet.gml', '5'], index=None, prop='Reach', prop_file=None, op_req=None, repeat=1, reduce=False, opt=False, u=False, some=False, count=False, weight_bound=None, savedir='topzoo_res/Reach/kaki/kaki-1', dump_bdd=False)
Running 5Aconet.gml
Policy: (Reach 136)
Initial path of nodes: [3, 2, 7, 20, 21, 26, 25, 30, 43, 44, 49, 48, 53, 66, 67, 72, 71, 76, 89, 90, 95, 94, 99, 112, 113, 118, 117, 122, 135, 136]
Final path of nodes: [3, 14, 4, 19, 21, 26, 37, 27, 42, 44, 49, 60, 50, 65, 67, 72, 83, 73, 88, 90, 95, 106, 96, 111, 113, 118, 129, 119, 134, 136]
{"Initial_routing":[[3, 2], [2, 7], [7, 20], [20, 21], [21, 26], [26, 25], [25, 30], [30, 43], [43, 44], [44, 49], [49, 48], [48, 53], [53, 66], [66, 67], [67, 72], [72, 71], [71, 76], [76, 89], [89, 90], [90, 95], [95, 94], [94, 99], [99, 112], [112, 113], [113, 118], [118, 117], [117, 122], [122, 135], [135, 136]],"Final_routing":[[3, 14], [14, 4], [4, 19], [19, 21], [21, 26], [26, 37], [37, 27], [27, 42], [42, 44], [44, 49], [49, 60], [60, 50], [50, 65], [65, 67], [67, 72], [72, 83], [83, 73], [73, 88], [88, 90], [90, 95], [95, 106], [106, 96], [96, 111], [111, 113], [113, 118], [118, 129], [129, 119], [119, 134], [134, 136]],"Properties":{"Waypoint": { "startNode": -1, "finalNode": -1, "waypoint": []}, "LoopFreedom": { "startNode": -1},"Reachability":{"startNode":3,"finalNode":136}}}
Kaki stdout:  Version: 1.15 
 kaki/verifypn-linux64 /tmp/tmp1yfe8yh6
DFA generation time: 0.007 seconds 
DFA states: 3 
DFA transitions: 49
Problem file: /tmp/tmp1yfe8yh6
Switches to update: 42

Decomposed topology into 6 subproblems
Topological decomposition took 0.004 seconds
Subproblem verification time: 0.028 seconds
Subproblem verification time: 0.009 seconds
Subproblem verification time: 0.009 seconds
Subproblem verification time: 0.009 seconds
Subproblem verification time: 0.009 seconds
Subproblem verification time: 0.01 seconds
Minimum batches required: 3
[[14, 4, 19, 37, 27, 42, 60, 50, 65, 83, 73, 88, 106, 96, 111, 129, 119, 134], [3, 26, 49, 72, 95, 118], [2, 7, 20, 25, 30, 43, 48, 53, 66, 71, 76, 89, 94, 99, 112, 117, 122, 135]]
Total program runtime: 0.189 seconds

Kaki stderr:  
Time: 0.189
Solution: None
	Command being timed: "python3 allsynth/run.py -t kaki --GML topologies/topzoo/Aconet.gml 5 --dir topzoo_res/Reach/kaki/kaki-1 --e-prop Reach --repeat 1"
	User time (seconds): 1.37
	System time (seconds): 1.37
	Percent of CPU this job got: 398%
	Elapsed (wall clock) time (h:mm:ss or m:ss): 0:00.69
	Average shared text size (kbytes): 0
	Average unshared data size (kbytes): 0
	Average stack size (kbytes): 0
	Average total size (kbytes): 0
	Maximum resident set size (kbytes): 92432
	Average resident set size (kbytes): 0
	Major (requiring I/O) page faults: 0
	Minor (reclaiming a frame) page faults: 35197
	Voluntary context switches: 3246
	Involuntary context switches: 200
	Swaps: 0
	File system inputs: 0
	File system outputs: 24
	Socket messages sent: 0
	Socket messages received: 0
	Signals delivered: 0
	Page size (bytes): 4096
	Exit status: 0
