Namespace(tool='kaki', exper=None, gml=['topologies/topzoo/BeyondTheNetwork.gml', '5'], index=None, prop='Reach', prop_file=None, op_req=None, repeat=1, reduce=False, opt=False, u=False, some=False, count=False, weight_bound=None, savedir='topzoo_res/Reach/kaki/kaki-1', dump_bdd=False)
Running 5BeyondTheNetwork.gml
Policy: (Reach 291)
Initial path of nodes: [18, 40, 49, 35, 48, 47, 6, 26, 57, 58, 61, 62, 88, 102, 93, 77, 124, 146, 155, 141, 154, 153, 112, 132, 177, 199, 208, 194, 207, 206, 165, 185, 230, 252, 261, 247, 260, 259, 218, 238, 283, 305, 314, 300, 313, 312, 271, 291]
Final path of nodes: [18, 40, 49, 50, 43, 25, 47, 6, 26, 57, 60, 59, 100, 56, 55, 104, 102, 93, 77, 124, 146, 155, 156, 149, 131, 153, 112, 132, 177, 199, 208, 209, 202, 184, 206, 165, 185, 230, 252, 261, 262, 255, 237, 259, 218, 238, 283, 305, 314, 315, 308, 290, 312, 271, 291]
{"Initial_routing":[[18, 40], [40, 49], [49, 35], [35, 48], [48, 47], [47, 6], [6, 26], [26, 57], [57, 58], [58, 61], [61, 62], [62, 88], [88, 102], [102, 93], [93, 77], [77, 124], [124, 146], [146, 155], [155, 141], [141, 154], [154, 153], [153, 112], [112, 132], [132, 177], [177, 199], [199, 208], [208, 194], [194, 207], [207, 206], [206, 165], [165, 185], [185, 230], [230, 252], [252, 261], [261, 247], [247, 260], [260, 259], [259, 218], [218, 238], [238, 283], [283, 305], [305, 314], [314, 300], [300, 313], [313, 312], [312, 271], [271, 291]],"Final_routing":[[18, 40], [40, 49], [49, 50], [50, 43], [43, 25], [25, 47], [47, 6], [6, 26], [26, 57], [57, 60], [60, 59], [59, 100], [100, 56], [56, 55], [55, 104], [104, 102], [102, 93], [93, 77], [77, 124], [124, 146], [146, 155], [155, 156], [156, 149], [149, 131], [131, 153], [153, 112], [112, 132], [132, 177], [177, 199], [199, 208], [208, 209], [209, 202], [202, 184], [184, 206], [206, 165], [165, 185], [185, 230], [230, 252], [252, 261], [261, 262], [262, 255], [255, 237], [237, 259], [259, 218], [218, 238], [238, 283], [283, 305], [305, 314], [314, 315], [315, 308], [308, 290], [290, 312], [312, 271], [271, 291]],"Properties":{"Waypoint": { "startNode": -1, "finalNode": -1, "waypoint": []}, "LoopFreedom": { "startNode": -1},"Reachability":{"startNode":18,"finalNode":291}}}
Kaki stdout:  Version: 1.15 
 kaki/verifypn-linux64 /tmp/tmpu86y1f7_
DFA generation time: 0.008 seconds 
DFA states: 3 
DFA transitions: 70
Problem file: /tmp/tmpu86y1f7_
Switches to update: 41

Decomposed topology into 6 subproblems
Topological decomposition took 0.005 seconds
Subproblem verification time: 0.028 seconds
Subproblem verification time: 0.01 seconds
Subproblem verification time: 0.008 seconds
Subproblem verification time: 0.008 seconds
Subproblem verification time: 0.008 seconds
Subproblem verification time: 0.008 seconds
Minimum batches required: 3
[[50, 43, 25, 60, 59, 100, 56, 55, 104, 156, 149, 131, 209, 202, 184, 262, 255, 237, 315, 308, 290], [49, 57, 155, 208, 261, 314], [35, 48, 58, 61, 62, 88, 141, 154, 194, 207, 247, 260, 300, 313]]
Total program runtime: 0.184 seconds

Kaki stderr:  
Time: 0.184
Solution: None
	Command being timed: "python3 allsynth/run.py -t kaki --GML topologies/topzoo/BeyondTheNetwork.gml 5 --dir topzoo_res/Reach/kaki/kaki-1 --e-prop Reach --repeat 1"
	User time (seconds): 1.45
	System time (seconds): 1.34
	Percent of CPU this job got: 374%
	Elapsed (wall clock) time (h:mm:ss or m:ss): 0:00.74
	Average shared text size (kbytes): 0
	Average unshared data size (kbytes): 0
	Average stack size (kbytes): 0
	Average total size (kbytes): 0
	Maximum resident set size (kbytes): 95768
	Average resident set size (kbytes): 0
	Major (requiring I/O) page faults: 0
	Minor (reclaiming a frame) page faults: 37863
	Voluntary context switches: 3533
	Involuntary context switches: 637
	Swaps: 0
	File system inputs: 0
	File system outputs: 24
	Socket messages sent: 0
	Socket messages received: 0
	Signals delivered: 0
	Page size (bytes): 4096
	Exit status: 0
