Namespace(tool='kaki', exper=None, gml=['topologies/topzoo/Biznet.gml', '5'], index=None, prop='Reach', prop_file=None, op_req=None, repeat=1, reduce=False, opt=False, u=False, some=False, count=False, weight_bound=None, savedir='topzoo_res/Reach/kaki/kaki-1', dump_bdd=False)
Running 5Biznet.gml
Policy: (Reach 164)
Initial path of nodes: [10, 15, 16, 17, 11, 14, 8, 5, 4, 21, 22, 23, 2, 26, 20, 28, 19, 39, 44, 45, 46, 40, 43, 37, 34, 33, 50, 51, 52, 31, 55, 49, 57, 48, 68, 73, 74, 75, 69, 72, 66, 63, 62, 79, 80, 81, 60, 84, 78, 86, 77, 97, 102, 103, 104, 98, 101, 95, 92, 91, 108, 109, 110, 89, 113, 107, 115, 106, 126, 131, 132, 133, 127, 130, 124, 121, 120, 137, 138, 139, 118, 142, 136, 144, 135, 155, 160, 161, 162, 156, 159, 153, 150, 149, 166, 167, 168, 147, 171, 165, 173, 164]
Final path of nodes: [10, 15, 16, 18, 12, 13, 9, 7, 6, 1, 0, 3, 23, 24, 25, 27, 28, 19, 39, 44, 45, 47, 41, 42, 38, 36, 35, 30, 29, 32, 52, 53, 54, 56, 57, 48, 68, 73, 74, 76, 70, 71, 67, 65, 64, 59, 58, 61, 81, 82, 83, 85, 86, 77, 97, 102, 103, 105, 99, 100, 96, 94, 93, 88, 87, 90, 110, 111, 112, 114, 115, 106, 126, 131, 132, 134, 128, 129, 125, 123, 122, 117, 116, 119, 139, 140, 141, 143, 144, 135, 155, 160, 161, 163, 157, 158, 154, 152, 151, 146, 145, 148, 168, 169, 170, 172, 173, 164]
{"Initial_routing":[[10, 15], [15, 16], [16, 17], [17, 11], [11, 14], [14, 8], [8, 5], [5, 4], [4, 21], [21, 22], [22, 23], [23, 2], [2, 26], [26, 20], [20, 28], [28, 19], [19, 39], [39, 44], [44, 45], [45, 46], [46, 40], [40, 43], [43, 37], [37, 34], [34, 33], [33, 50], [50, 51], [51, 52], [52, 31], [31, 55], [55, 49], [49, 57], [57, 48], [48, 68], [68, 73], [73, 74], [74, 75], [75, 69], [69, 72], [72, 66], [66, 63], [63, 62], [62, 79], [79, 80], [80, 81], [81, 60], [60, 84], [84, 78], [78, 86], [86, 77], [77, 97], [97, 102], [102, 103], [103, 104], [104, 98], [98, 101], [101, 95], [95, 92], [92, 91], [91, 108], [108, 109], [109, 110], [110, 89], [89, 113], [113, 107], [107, 115], [115, 106], [106, 126], [126, 131], [131, 132], [132, 133], [133, 127], [127, 130], [130, 124], [124, 121], [121, 120], [120, 137], [137, 138], [138, 139], [139, 118], [118, 142], [142, 136], [136, 144], [144, 135], [135, 155], [155, 160], [160, 161], [161, 162], [162, 156], [156, 159], [159, 153], [153, 150], [150, 149], [149, 166], [166, 167], [167, 168], [168, 147], [147, 171], [171, 165], [165, 173], [173, 164]],"Final_routing":[[10, 15], [15, 16], [16, 18], [18, 12], [12, 13], [13, 9], [9, 7], [7, 6], [6, 1], [1, 0], [0, 3], [3, 23], [23, 24], [24, 25], [25, 27], [27, 28], [28, 19], [19, 39], [39, 44], [44, 45], [45, 47], [47, 41], [41, 42], [42, 38], [38, 36], [36, 35], [35, 30], [30, 29], [29, 32], [32, 52], [52, 53], [53, 54], [54, 56], [56, 57], [57, 48], [48, 68], [68, 73], [73, 74], [74, 76], [76, 70], [70, 71], [71, 67], [67, 65], [65, 64], [64, 59], [59, 58], [58, 61], [61, 81], [81, 82], [82, 83], [83, 85], [85, 86], [86, 77], [77, 97], [97, 102], [102, 103], [103, 105], [105, 99], [99, 100], [100, 96], [96, 94], [94, 93], [93, 88], [88, 87], [87, 90], [90, 110], [110, 111], [111, 112], [112, 114], [114, 115], [115, 106], [106, 126], [126, 131], [131, 132], [132, 134], [134, 128], [128, 129], [129, 125], [125, 123], [123, 122], [122, 117], [117, 116], [116, 119], [119, 139], [139, 140], [140, 141], [141, 143], [143, 144], [144, 135], [135, 155], [155, 160], [160, 161], [161, 163], [163, 157], [157, 158], [158, 154], [154, 152], [152, 151], [151, 146], [146, 145], [145, 148], [148, 168], [168, 169], [169, 170], [170, 172], [172, 173], [173, 164]],"Properties":{"Waypoint": { "startNode": -1, "finalNode": -1, "waypoint": []}, "LoopFreedom": { "startNode": -1},"Reachability":{"startNode":10,"finalNode":164}}}
Kaki stdout:  Version: 1.15 
 kaki/verifypn-linux64 /tmp/tmpstkrmx_l
DFA generation time: 0.013 seconds 
DFA states: 3 
DFA transitions: 175
Problem file: /tmp/tmpstkrmx_l
Switches to update: 150

Decomposed topology into 6 subproblems
Topological decomposition took 0.01 seconds
Subproblem verification time: 0.046 seconds
Subproblem verification time: 0.011 seconds
Subproblem verification time: 0.011 seconds
Subproblem verification time: 0.012 seconds
Subproblem verification time: 0.012 seconds
Subproblem verification time: 0.014 seconds
Minimum batches required: 3
[[18, 24, 12, 13, 9, 7, 6, 1, 0, 3, 25, 27, 47, 53, 41, 42, 38, 36, 35, 30, 29, 32, 54, 56, 76, 82, 70, 71, 67, 65, 64, 59, 58, 61, 83, 85, 105, 111, 99, 100, 96, 94, 93, 88, 87, 90, 112, 114, 134, 140, 128, 129, 125, 123, 122, 117, 116, 119, 141, 143, 163, 169, 157, 158, 154, 152, 151, 146, 145, 148, 170, 172], [23, 16, 52, 45, 81, 74, 110, 103, 139, 132, 168, 161], [17, 11, 14, 8, 5, 4, 21, 22, 2, 26, 20, 46, 40, 43, 37, 34, 33, 50, 51, 31, 55, 49, 75, 69, 72, 66, 63, 62, 79, 80, 60, 84, 78, 104, 98, 101, 95, 92, 91, 108, 109, 89, 113, 107, 133, 127, 130, 124, 121, 120, 137, 138, 118, 142, 136, 162, 156, 159, 153, 150, 149, 166, 167, 147, 171, 165]]
Total program runtime: 0.275 seconds

Kaki stderr:  
Time: 0.275
Solution: None
	Command being timed: "python3 allsynth/run.py -t kaki --GML topologies/topzoo/Biznet.gml 5 --dir topzoo_res/Reach/kaki/kaki-1 --e-prop Reach --repeat 1"
	User time (seconds): 1.99
	System time (seconds): 1.41
	Percent of CPU this job got: 425%
	Elapsed (wall clock) time (h:mm:ss or m:ss): 0:00.80
	Average shared text size (kbytes): 0
	Average unshared data size (kbytes): 0
	Average stack size (kbytes): 0
	Average total size (kbytes): 0
	Maximum resident set size (kbytes): 118968
	Average resident set size (kbytes): 0
	Major (requiring I/O) page faults: 0
	Minor (reclaiming a frame) page faults: 48093
	Voluntary context switches: 5502
	Involuntary context switches: 211
	Swaps: 0
	File system inputs: 0
	File system outputs: 32
	Socket messages sent: 0
	Socket messages received: 0
	Signals delivered: 0
	Page size (bytes): 4096
	Exit status: 0
