Namespace(tool='kaki', exper=None, gml=['topologies/topzoo/Darkstrand.gml', '5'], index=None, prop='Reach', prop_file=None, op_req=None, repeat=1, reduce=False, opt=False, u=False, some=False, count=False, weight_bound=None, savedir='topzoo_res/Reach/kaki/kaki-1', dump_bdd=False)
Running 5Darkstrand.gml
Policy: (Reach 162)
Initial path of nodes: [17, 10, 11, 12, 13, 1, 25, 24, 23, 20, 21, 22, 45, 38, 39, 40, 41, 29, 53, 52, 51, 48, 49, 50, 73, 66, 67, 68, 69, 57, 81, 80, 79, 76, 77, 78, 101, 94, 95, 96, 97, 85, 109, 108, 107, 104, 105, 106, 129, 122, 123, 124, 125, 113, 137, 136, 135, 132, 133, 134, 157, 150, 151, 152, 153, 141, 165, 164, 163, 160, 161, 162]
Final path of nodes: [17, 16, 9, 8, 5, 4, 7, 6, 2, 19, 27, 18, 22, 45, 44, 37, 36, 33, 32, 35, 34, 30, 47, 55, 46, 50, 73, 72, 65, 64, 61, 60, 63, 62, 58, 75, 83, 74, 78, 101, 100, 93, 92, 89, 88, 91, 90, 86, 103, 111, 102, 106, 129, 128, 121, 120, 117, 116, 119, 118, 114, 131, 139, 130, 134, 157, 156, 149, 148, 145, 144, 147, 146, 142, 159, 167, 158, 162]
{"Initial_routing":[[17, 10], [10, 11], [11, 12], [12, 13], [13, 1], [1, 25], [25, 24], [24, 23], [23, 20], [20, 21], [21, 22], [22, 45], [45, 38], [38, 39], [39, 40], [40, 41], [41, 29], [29, 53], [53, 52], [52, 51], [51, 48], [48, 49], [49, 50], [50, 73], [73, 66], [66, 67], [67, 68], [68, 69], [69, 57], [57, 81], [81, 80], [80, 79], [79, 76], [76, 77], [77, 78], [78, 101], [101, 94], [94, 95], [95, 96], [96, 97], [97, 85], [85, 109], [109, 108], [108, 107], [107, 104], [104, 105], [105, 106], [106, 129], [129, 122], [122, 123], [123, 124], [124, 125], [125, 113], [113, 137], [137, 136], [136, 135], [135, 132], [132, 133], [133, 134], [134, 157], [157, 150], [150, 151], [151, 152], [152, 153], [153, 141], [141, 165], [165, 164], [164, 163], [163, 160], [160, 161], [161, 162]],"Final_routing":[[17, 16], [16, 9], [9, 8], [8, 5], [5, 4], [4, 7], [7, 6], [6, 2], [2, 19], [19, 27], [27, 18], [18, 22], [22, 45], [45, 44], [44, 37], [37, 36], [36, 33], [33, 32], [32, 35], [35, 34], [34, 30], [30, 47], [47, 55], [55, 46], [46, 50], [50, 73], [73, 72], [72, 65], [65, 64], [64, 61], [61, 60], [60, 63], [63, 62], [62, 58], [58, 75], [75, 83], [83, 74], [74, 78], [78, 101], [101, 100], [100, 93], [93, 92], [92, 89], [89, 88], [88, 91], [91, 90], [90, 86], [86, 103], [103, 111], [111, 102], [102, 106], [106, 129], [129, 128], [128, 121], [121, 120], [120, 117], [117, 116], [116, 119], [119, 118], [118, 114], [114, 131], [131, 139], [139, 130], [130, 134], [134, 157], [157, 156], [156, 149], [149, 148], [148, 145], [145, 144], [144, 147], [147, 146], [146, 142], [142, 159], [159, 167], [167, 158], [158, 162]],"Properties":{"Waypoint": { "startNode": -1, "finalNode": -1, "waypoint": []}, "LoopFreedom": { "startNode": -1},"Reachability":{"startNode":17,"finalNode":162}}}
Kaki stdout:  Version: 1.15 
 kaki/verifypn-linux64 /tmp/tmpr7prwe4k
DFA generation time: 0.011 seconds 
DFA states: 3 
DFA transitions: 139
Problem file: /tmp/tmpr7prwe4k
Switches to update: 132

Decomposed topology into 6 subproblems
Topological decomposition took 0.015 seconds
Subproblem verification time: 0.03 seconds
Subproblem verification time: 0.009 seconds
Subproblem verification time: 0.009 seconds
Subproblem verification time: 0.01 seconds
Subproblem verification time: 0.01 seconds
Subproblem verification time: 0.01 seconds
Minimum batches required: 3
[[16, 9, 8, 5, 4, 7, 6, 2, 19, 27, 18, 44, 37, 36, 33, 32, 35, 34, 30, 47, 55, 46, 72, 65, 64, 61, 60, 63, 62, 58, 75, 83, 74, 100, 93, 92, 89, 88, 91, 90, 86, 103, 111, 102, 128, 121, 120, 117, 116, 119, 118, 114, 131, 139, 130, 156, 149, 148, 145, 144, 147, 146, 142, 159, 167, 158], [17, 45, 73, 101, 129, 157], [10, 11, 12, 13, 1, 25, 24, 23, 20, 21, 38, 39, 40, 41, 29, 53, 52, 51, 48, 49, 66, 67, 68, 69, 57, 81, 80, 79, 76, 77, 94, 95, 96, 97, 85, 109, 108, 107, 104, 105, 122, 123, 124, 125, 113, 137, 136, 135, 132, 133, 150, 151, 152, 153, 141, 165, 164, 163, 160, 161]]
Total program runtime: 0.233 seconds

Kaki stderr:  
Time: 0.233
Solution: None
	Command being timed: "python3 allsynth/run.py -t kaki --GML topologies/topzoo/Darkstrand.gml 5 --dir topzoo_res/Reach/kaki/kaki-1 --e-prop Reach --repeat 1"
	User time (seconds): 1.70
	System time (seconds): 1.39
	Percent of CPU this job got: 414%
	Elapsed (wall clock) time (h:mm:ss or m:ss): 0:00.74
	Average shared text size (kbytes): 0
	Average unshared data size (kbytes): 0
	Average stack size (kbytes): 0
	Average total size (kbytes): 0
	Maximum resident set size (kbytes): 108056
	Average resident set size (kbytes): 0
	Major (requiring I/O) page faults: 0
	Minor (reclaiming a frame) page faults: 40962
	Voluntary context switches: 5616
	Involuntary context switches: 219
	Swaps: 0
	File system inputs: 0
	File system outputs: 24
	Socket messages sent: 0
	Socket messages received: 0
	Signals delivered: 0
	Page size (bytes): 4096
	Exit status: 0
