Namespace(tool='kaki', exper=None, gml=['topologies/topzoo/Dfn.gml', '5'], index=None, prop='Reach', prop_file=None, op_req=None, repeat=1, reduce=False, opt=False, u=False, some=False, count=False, weight_bound=None, savedir='topzoo_res/Reach/kaki/kaki-1', dump_bdd=False)
Running 5Dfn.gml
Policy: (Reach 347)
Initial path of nodes: [38, 18, 19, 51, 52, 48, 57, 58, 59, 111, 108, 102, 97, 96, 154, 134, 135, 167, 168, 164, 173, 212, 192, 193, 225, 226, 222, 231, 270, 250, 251, 283, 284, 280, 289, 328, 308, 309, 341, 342, 338, 347]
Final path of nodes: [38, 39, 44, 50, 52, 56, 57, 58, 61, 110, 109, 77, 76, 96, 154, 155, 160, 166, 168, 172, 173, 212, 213, 218, 224, 226, 230, 231, 270, 271, 276, 282, 284, 288, 289, 328, 329, 334, 340, 342, 346, 347]
{"Initial_routing":[[38, 18], [18, 19], [19, 51], [51, 52], [52, 48], [48, 57], [57, 58], [58, 59], [59, 111], [111, 108], [108, 102], [102, 97], [97, 96], [96, 154], [154, 134], [134, 135], [135, 167], [167, 168], [168, 164], [164, 173], [173, 212], [212, 192], [192, 193], [193, 225], [225, 226], [226, 222], [222, 231], [231, 270], [270, 250], [250, 251], [251, 283], [283, 284], [284, 280], [280, 289], [289, 328], [328, 308], [308, 309], [309, 341], [341, 342], [342, 338], [338, 347]],"Final_routing":[[38, 39], [39, 44], [44, 50], [50, 52], [52, 56], [56, 57], [57, 58], [58, 61], [61, 110], [110, 109], [109, 77], [77, 76], [76, 96], [96, 154], [154, 155], [155, 160], [160, 166], [166, 168], [168, 172], [172, 173], [173, 212], [212, 213], [213, 218], [218, 224], [224, 226], [226, 230], [230, 231], [231, 270], [270, 271], [271, 276], [276, 282], [282, 284], [284, 288], [288, 289], [289, 328], [328, 329], [329, 334], [334, 340], [340, 342], [342, 346], [346, 347]],"Properties":{"Waypoint": { "startNode": -1, "finalNode": -1, "waypoint": []}, "LoopFreedom": { "startNode": -1},"Reachability":{"startNode":38,"finalNode":347}}}
Kaki stdout:  Version: 1.15 
 kaki/verifypn-linux64 /tmp/tmphj3bz75b
DFA generation time: 0.008 seconds 
DFA states: 3 
DFA transitions: 68
Problem file: /tmp/tmphj3bz75b
Switches to update: 61

Decomposed topology into 6 subproblems
Topological decomposition took 0.005 seconds
Subproblem verification time: 0.039 seconds
Subproblem verification time: 0.009 seconds
Subproblem verification time: 0.01 seconds
Subproblem verification time: 0.009 seconds
Subproblem verification time: 0.01 seconds
Subproblem verification time: 0.01 seconds
Minimum batches required: 3
[[39, 56, 44, 50, 61, 110, 109, 77, 76, 155, 172, 160, 166, 213, 230, 218, 224, 271, 288, 276, 282, 329, 346, 334, 340], [52, 38, 58, 168, 154, 226, 212, 284, 270, 342, 328], [18, 19, 51, 48, 59, 111, 108, 102, 97, 134, 135, 167, 164, 192, 193, 225, 222, 250, 251, 283, 280, 308, 309, 341, 338]]
Total program runtime: 0.203 seconds

Kaki stderr:  
Time: 0.203
Solution: None
	Command being timed: "python3 allsynth/run.py -t kaki --GML topologies/topzoo/Dfn.gml 5 --dir topzoo_res/Reach/kaki/kaki-1 --e-prop Reach --repeat 1"
	User time (seconds): 1.50
	System time (seconds): 1.38
	Percent of CPU this job got: 360%
	Elapsed (wall clock) time (h:mm:ss or m:ss): 0:00.80
	Average shared text size (kbytes): 0
	Average unshared data size (kbytes): 0
	Average stack size (kbytes): 0
	Average total size (kbytes): 0
	Maximum resident set size (kbytes): 94408
	Average resident set size (kbytes): 0
	Major (requiring I/O) page faults: 0
	Minor (reclaiming a frame) page faults: 40611
	Voluntary context switches: 3318
	Involuntary context switches: 553
	Swaps: 0
	File system inputs: 0
	File system outputs: 24
	Socket messages sent: 0
	Socket messages received: 0
	Signals delivered: 0
	Page size (bytes): 4096
	Exit status: 0
