Namespace(tool='kaki', exper=None, gml=['topologies/topzoo/Forthnet.gml', '5'], index=None, prop='Reach', prop_file=None, op_req=None, repeat=1, reduce=False, opt=False, u=False, some=False, count=False, weight_bound=None, savedir='topzoo_res/Reach/kaki/kaki-1', dump_bdd=False)
Running 5Forthnet.gml
Policy: (Reach 363)
Initial path of nodes: [21, 20, 42, 43, 7, 55, 3, 53, 64, 65, 117, 69, 105, 104, 82, 84, 145, 144, 166, 167, 131, 179, 127, 177, 207, 206, 228, 229, 193, 241, 189, 239, 269, 268, 290, 291, 255, 303, 251, 301, 331, 330, 352, 353, 317, 365, 313, 363]
Final path of nodes: [21, 20, 42, 43, 7, 32, 55, 3, 53, 64, 65, 117, 94, 69, 105, 104, 82, 84, 145, 144, 166, 167, 131, 156, 179, 127, 177, 207, 206, 228, 229, 193, 218, 241, 189, 239, 269, 268, 290, 291, 255, 280, 303, 251, 301, 331, 330, 352, 353, 317, 342, 365, 313, 363]
{"Initial_routing":[[21, 20], [20, 42], [42, 43], [43, 7], [7, 55], [55, 3], [3, 53], [53, 64], [64, 65], [65, 117], [117, 69], [69, 105], [105, 104], [104, 82], [82, 84], [84, 145], [145, 144], [144, 166], [166, 167], [167, 131], [131, 179], [179, 127], [127, 177], [177, 207], [207, 206], [206, 228], [228, 229], [229, 193], [193, 241], [241, 189], [189, 239], [239, 269], [269, 268], [268, 290], [290, 291], [291, 255], [255, 303], [303, 251], [251, 301], [301, 331], [331, 330], [330, 352], [352, 353], [353, 317], [317, 365], [365, 313], [313, 363]],"Final_routing":[[21, 20], [20, 42], [42, 43], [43, 7], [7, 32], [32, 55], [55, 3], [3, 53], [53, 64], [64, 65], [65, 117], [117, 94], [94, 69], [69, 105], [105, 104], [104, 82], [82, 84], [84, 145], [145, 144], [144, 166], [166, 167], [167, 131], [131, 156], [156, 179], [179, 127], [127, 177], [177, 207], [207, 206], [206, 228], [228, 229], [229, 193], [193, 218], [218, 241], [241, 189], [189, 239], [239, 269], [269, 268], [268, 290], [290, 291], [291, 255], [255, 280], [280, 303], [303, 251], [251, 301], [301, 331], [331, 330], [330, 352], [352, 353], [353, 317], [317, 342], [342, 365], [365, 313], [313, 363]],"Properties":{"Waypoint": { "startNode": -1, "finalNode": -1, "waypoint": []}, "LoopFreedom": { "startNode": -1},"Reachability":{"startNode":21,"finalNode":363}}}
Kaki stdout:  Version: 1.15 
 kaki/verifypn-linux64 /tmp/tmpcrmlas09
DFA generation time: 0.008 seconds 
DFA states: 3 
DFA transitions: 55
Problem file: /tmp/tmpcrmlas09
Switches to update: 12

Decomposed topology into 6 subproblems
Topological decomposition took 0.004 seconds
Subproblem verification time: 0.028 seconds
Subproblem verification time: 0.008 seconds
Subproblem verification time: 0.008 seconds
Subproblem verification time: 0.008 seconds
Subproblem verification time: 0.009 seconds
Subproblem verification time: 0.009 seconds
Minimum batches required: 2
[[32, 94, 156, 218, 280, 342], [7, 117, 131, 193, 255, 317]]
Total program runtime: 0.17 seconds

Kaki stderr:  
Time: 0.17
Solution: None
	Command being timed: "python3 allsynth/run.py -t kaki --GML topologies/topzoo/Forthnet.gml 5 --dir topzoo_res/Reach/kaki/kaki-1 --e-prop Reach --repeat 1"
	User time (seconds): 1.45
	System time (seconds): 1.29
	Percent of CPU this job got: 373%
	Elapsed (wall clock) time (h:mm:ss or m:ss): 0:00.73
	Average shared text size (kbytes): 0
	Average unshared data size (kbytes): 0
	Average stack size (kbytes): 0
	Average total size (kbytes): 0
	Maximum resident set size (kbytes): 89000
	Average resident set size (kbytes): 0
	Major (requiring I/O) page faults: 0
	Minor (reclaiming a frame) page faults: 38112
	Voluntary context switches: 3111
	Involuntary context switches: 184
	Swaps: 0
	File system inputs: 0
	File system outputs: 24
	Socket messages sent: 0
	Socket messages received: 0
	Signals delivered: 0
	Page size (bytes): 4096
	Exit status: 0
