Namespace(tool='kaki', exper=None, gml=['topologies/topzoo/Garr201109.gml', '5'], index=None, prop='Reach', prop_file=None, op_req=None, repeat=1, reduce=False, opt=False, u=False, some=False, count=False, weight_bound=None, savedir='topzoo_res/Reach/kaki/kaki-1', dump_bdd=False)
Running 5Garr201109.gml
Policy: (Reach 326)
Initial path of nodes: [8, 22, 21, 10, 44, 14, 32, 30, 31, 67, 81, 80, 69, 103, 73, 91, 89, 90, 126, 140, 139, 128, 162, 132, 150, 148, 149, 185, 199, 198, 187, 221, 191, 209, 207, 208, 244, 258, 257, 246, 280, 250, 268, 266, 267, 303, 317, 316, 305, 339, 309, 327, 325, 326]
Final path of nodes: [8, 22, 21, 18, 53, 14, 32, 30, 31, 67, 81, 80, 69, 112, 73, 92, 91, 89, 90, 126, 140, 139, 136, 171, 132, 150, 148, 149, 185, 199, 198, 187, 230, 191, 210, 209, 207, 208, 244, 258, 257, 254, 289, 250, 268, 266, 267, 303, 317, 316, 305, 348, 309, 328, 327, 325, 326]
{"Initial_routing":[[8, 22], [22, 21], [21, 10], [10, 44], [44, 14], [14, 32], [32, 30], [30, 31], [31, 67], [67, 81], [81, 80], [80, 69], [69, 103], [103, 73], [73, 91], [91, 89], [89, 90], [90, 126], [126, 140], [140, 139], [139, 128], [128, 162], [162, 132], [132, 150], [150, 148], [148, 149], [149, 185], [185, 199], [199, 198], [198, 187], [187, 221], [221, 191], [191, 209], [209, 207], [207, 208], [208, 244], [244, 258], [258, 257], [257, 246], [246, 280], [280, 250], [250, 268], [268, 266], [266, 267], [267, 303], [303, 317], [317, 316], [316, 305], [305, 339], [339, 309], [309, 327], [327, 325], [325, 326]],"Final_routing":[[8, 22], [22, 21], [21, 18], [18, 53], [53, 14], [14, 32], [32, 30], [30, 31], [31, 67], [67, 81], [81, 80], [80, 69], [69, 112], [112, 73], [73, 92], [92, 91], [91, 89], [89, 90], [90, 126], [126, 140], [140, 139], [139, 136], [136, 171], [171, 132], [132, 150], [150, 148], [148, 149], [149, 185], [185, 199], [199, 198], [198, 187], [187, 230], [230, 191], [191, 210], [210, 209], [209, 207], [207, 208], [208, 244], [244, 258], [258, 257], [257, 254], [254, 289], [289, 250], [250, 268], [268, 266], [266, 267], [267, 303], [303, 317], [317, 316], [316, 305], [305, 348], [348, 309], [309, 328], [328, 327], [327, 325], [325, 326]],"Properties":{"Waypoint": { "startNode": -1, "finalNode": -1, "waypoint": []}, "LoopFreedom": { "startNode": -1},"Reachability":{"startNode":8,"finalNode":326}}}
Kaki stdout:  Version: 1.15 
 kaki/verifypn-linux64 /tmp/tmpt2k4fcy9
DFA generation time: 0.008 seconds 
DFA states: 3 
DFA transitions: 67
Problem file: /tmp/tmpt2k4fcy9
Switches to update: 30

Decomposed topology into 6 subproblems
Topological decomposition took 0.005 seconds
Subproblem verification time: 0.034 seconds
Subproblem verification time: 0.009 seconds
Subproblem verification time: 0.009 seconds
Subproblem verification time: 0.009 seconds
Subproblem verification time: 0.009 seconds
Subproblem verification time: 0.01 seconds
Minimum batches required: 3
[[18, 53, 112, 92, 136, 171, 230, 210, 254, 289, 348, 328], [21, 73, 69, 139, 191, 187, 257, 309, 305], [10, 44, 103, 128, 162, 221, 246, 280, 339]]
Total program runtime: 0.208 seconds

Kaki stderr:  
Time: 0.208
Solution: None
	Command being timed: "python3 allsynth/run.py -t kaki --GML topologies/topzoo/Garr201109.gml 5 --dir topzoo_res/Reach/kaki/kaki-1 --e-prop Reach --repeat 1"
	User time (seconds): 1.56
	System time (seconds): 1.37
	Percent of CPU this job got: 367%
	Elapsed (wall clock) time (h:mm:ss or m:ss): 0:00.79
	Average shared text size (kbytes): 0
	Average unshared data size (kbytes): 0
	Average stack size (kbytes): 0
	Average total size (kbytes): 0
	Maximum resident set size (kbytes): 96028
	Average resident set size (kbytes): 0
	Major (requiring I/O) page faults: 0
	Minor (reclaiming a frame) page faults: 38585
	Voluntary context switches: 4176
	Involuntary context switches: 224
	Swaps: 0
	File system inputs: 0
	File system outputs: 24
	Socket messages sent: 0
	Socket messages received: 0
	Signals delivered: 0
	Page size (bytes): 4096
	Exit status: 0
