Namespace(tool='kaki', exper=None, gml=['topologies/topzoo/Garr200912.gml', '5'], index=None, prop='Reach', prop_file=None, op_req=None, repeat=1, reduce=False, opt=False, u=False, some=False, count=False, weight_bound=None, savedir='topzoo_res/Reach/kaki/kaki-1', dump_bdd=False)
Running 5Garr200912.gml
Policy: (Reach 321)
Initial path of nodes: [10, 18, 19, 8, 48, 30, 13, 51, 54, 82, 66, 93, 62, 73, 72, 64, 118, 126, 127, 116, 156, 138, 121, 159, 172, 180, 181, 170, 210, 192, 175, 213, 226, 234, 235, 224, 264, 246, 229, 267, 280, 288, 289, 278, 318, 300, 283, 321]
Final path of nodes: [10, 18, 19, 16, 48, 12, 28, 13, 51, 54, 82, 66, 96, 70, 73, 72, 64, 118, 126, 127, 124, 156, 120, 136, 121, 159, 172, 180, 181, 178, 210, 174, 190, 175, 213, 226, 234, 235, 232, 264, 228, 244, 229, 267, 280, 288, 289, 286, 318, 282, 298, 283, 321]
{"Initial_routing":[[10, 18], [18, 19], [19, 8], [8, 48], [48, 30], [30, 13], [13, 51], [51, 54], [54, 82], [82, 66], [66, 93], [93, 62], [62, 73], [73, 72], [72, 64], [64, 118], [118, 126], [126, 127], [127, 116], [116, 156], [156, 138], [138, 121], [121, 159], [159, 172], [172, 180], [180, 181], [181, 170], [170, 210], [210, 192], [192, 175], [175, 213], [213, 226], [226, 234], [234, 235], [235, 224], [224, 264], [264, 246], [246, 229], [229, 267], [267, 280], [280, 288], [288, 289], [289, 278], [278, 318], [318, 300], [300, 283], [283, 321]],"Final_routing":[[10, 18], [18, 19], [19, 16], [16, 48], [48, 12], [12, 28], [28, 13], [13, 51], [51, 54], [54, 82], [82, 66], [66, 96], [96, 70], [70, 73], [73, 72], [72, 64], [64, 118], [118, 126], [126, 127], [127, 124], [124, 156], [156, 120], [120, 136], [136, 121], [121, 159], [159, 172], [172, 180], [180, 181], [181, 178], [178, 210], [210, 174], [174, 190], [190, 175], [175, 213], [213, 226], [226, 234], [234, 235], [235, 232], [232, 264], [264, 228], [228, 244], [244, 229], [229, 267], [267, 280], [280, 288], [288, 289], [289, 286], [286, 318], [318, 282], [282, 298], [298, 283], [283, 321]],"Properties":{"Waypoint": { "startNode": -1, "finalNode": -1, "waypoint": []}, "LoopFreedom": { "startNode": -1},"Reachability":{"startNode":10,"finalNode":321}}}
Kaki stdout:  Version: 1.15 
 kaki/verifypn-linux64 /tmp/tmpi4_mclov
DFA generation time: 0.008 seconds 
DFA states: 3 
DFA transitions: 66
Problem file: /tmp/tmpi4_mclov
Switches to update: 40

Decomposed topology into 6 subproblems
Topological decomposition took 0.004 seconds
Subproblem verification time: 0.043 seconds
Subproblem verification time: 0.009 seconds
Subproblem verification time: 0.008 seconds
Subproblem verification time: 0.009 seconds
Subproblem verification time: 0.009 seconds
Subproblem verification time: 0.009 seconds
Minimum batches required: 3
[[16, 12, 28, 96, 70, 124, 120, 136, 178, 174, 190, 232, 228, 244, 286, 282, 298], [48, 19, 66, 156, 127, 210, 181, 264, 235, 318, 289], [8, 30, 93, 62, 116, 138, 170, 192, 224, 246, 278, 300]]
Total program runtime: 0.213 seconds

Kaki stderr:  
Time: 0.213
Solution: None
	Command being timed: "python3 allsynth/run.py -t kaki --GML topologies/topzoo/Garr200912.gml 5 --dir topzoo_res/Reach/kaki/kaki-1 --e-prop Reach --repeat 1"
	User time (seconds): 1.41
	System time (seconds): 1.40
	Percent of CPU this job got: 368%
	Elapsed (wall clock) time (h:mm:ss or m:ss): 0:00.76
	Average shared text size (kbytes): 0
	Average unshared data size (kbytes): 0
	Average stack size (kbytes): 0
	Average total size (kbytes): 0
	Maximum resident set size (kbytes): 91572
	Average resident set size (kbytes): 0
	Major (requiring I/O) page faults: 0
	Minor (reclaiming a frame) page faults: 38798
	Voluntary context switches: 3573
	Involuntary context switches: 215
	Swaps: 0
	File system inputs: 0
	File system outputs: 24
	Socket messages sent: 0
	Socket messages received: 0
	Signals delivered: 0
	Page size (bytes): 4096
	Exit status: 0
