Namespace(tool='kaki', exper=None, gml=['topologies/topzoo/Goodnet.gml', '5'], index=None, prop='Reach', prop_file=None, op_req=None, repeat=1, reduce=False, opt=False, u=False, some=False, count=False, weight_bound=None, savedir='topzoo_res/Reach/kaki/kaki-1', dump_bdd=False)
Running 5Goodnet.gml
Policy: (Reach 98)
Initial path of nodes: [0, 3, 9, 14, 13, 17, 20, 26, 31, 30, 34, 37, 43, 48, 47, 51, 54, 60, 65, 64, 68, 71, 77, 82, 81, 85, 88, 94, 99, 98]
Final path of nodes: [0, 3, 15, 14, 13, 17, 20, 32, 31, 30, 34, 41, 46, 48, 47, 51, 54, 66, 65, 64, 68, 75, 80, 82, 81, 85, 88, 100, 99, 98]
{"Initial_routing":[[0, 3], [3, 9], [9, 14], [14, 13], [13, 17], [17, 20], [20, 26], [26, 31], [31, 30], [30, 34], [34, 37], [37, 43], [43, 48], [48, 47], [47, 51], [51, 54], [54, 60], [60, 65], [65, 64], [64, 68], [68, 71], [71, 77], [77, 82], [82, 81], [81, 85], [85, 88], [88, 94], [94, 99], [99, 98]],"Final_routing":[[0, 3], [3, 15], [15, 14], [14, 13], [13, 17], [17, 20], [20, 32], [32, 31], [31, 30], [30, 34], [34, 41], [41, 46], [46, 48], [48, 47], [47, 51], [51, 54], [54, 66], [66, 65], [65, 64], [64, 68], [68, 75], [75, 80], [80, 82], [82, 81], [81, 85], [85, 88], [88, 100], [100, 99], [99, 98]],"Properties":{"Waypoint": { "startNode": -1, "finalNode": -1, "waypoint": []}, "LoopFreedom": { "startNode": -1},"Reachability":{"startNode":0,"finalNode":98}}}
Kaki stdout:  Version: 1.15 
 kaki/verifypn-linux64 /tmp/tmp9hg7f8lb
DFA generation time: 0.007 seconds 
DFA states: 3 
DFA transitions: 39
Problem file: /tmp/tmp9hg7f8lb
Switches to update: 22

Decomposed topology into 6 subproblems
Topological decomposition took 0.004 seconds
Subproblem verification time: 0.03 seconds
Subproblem verification time: 0.009 seconds
Subproblem verification time: 0.01 seconds
Subproblem verification time: 0.009 seconds
Subproblem verification time: 0.008 seconds
Subproblem verification time: 0.009 seconds
Minimum batches required: 3
[[15, 32, 41, 46, 66, 75, 80, 100], [3, 20, 34, 54, 68, 88], [9, 26, 37, 43, 60, 71, 77, 94]]
Total program runtime: 0.177 seconds

Kaki stderr:  
Time: 0.177
Solution: None
	Command being timed: "python3 allsynth/run.py -t kaki --GML topologies/topzoo/Goodnet.gml 5 --dir topzoo_res/Reach/kaki/kaki-1 --e-prop Reach --repeat 1"
	User time (seconds): 1.30
	System time (seconds): 1.35
	Percent of CPU this job got: 389%
	Elapsed (wall clock) time (h:mm:ss or m:ss): 0:00.68
	Average shared text size (kbytes): 0
	Average unshared data size (kbytes): 0
	Average stack size (kbytes): 0
	Average total size (kbytes): 0
	Maximum resident set size (kbytes): 86424
	Average resident set size (kbytes): 0
	Major (requiring I/O) page faults: 0
	Minor (reclaiming a frame) page faults: 36744
	Voluntary context switches: 3182
	Involuntary context switches: 179
	Swaps: 0
	File system inputs: 0
	File system outputs: 24
	Socket messages sent: 0
	Socket messages received: 0
	Signals delivered: 0
	Page size (bytes): 4096
	Exit status: 0
