Namespace(tool='kaki', exper=None, gml=['topologies/topzoo/Gridnet.gml', '5'], index=None, prop='Reach', prop_file=None, op_req=None, repeat=1, reduce=False, opt=False, u=False, some=False, count=False, weight_bound=None, savedir='topzoo_res/Reach/kaki/kaki-1', dump_bdd=False)
Running 5Gridnet.gml
Policy: (Reach 53)
Initial path of nodes: [1, 2, 8, 9, 17, 15, 19, 20, 26, 28, 29, 35, 37, 38, 44, 46, 47, 53]
Final path of nodes: [1, 2, 8, 9, 16, 15, 19, 24, 26, 28, 33, 35, 37, 42, 44, 46, 51, 53]
{"Initial_routing":[[1, 2], [2, 8], [8, 9], [9, 17], [17, 15], [15, 19], [19, 20], [20, 26], [26, 28], [28, 29], [29, 35], [35, 37], [37, 38], [38, 44], [44, 46], [46, 47], [47, 53]],"Final_routing":[[1, 2], [2, 8], [8, 9], [9, 16], [16, 15], [15, 19], [19, 24], [24, 26], [26, 28], [28, 33], [33, 35], [35, 37], [37, 42], [42, 44], [44, 46], [46, 51], [51, 53]],"Properties":{"Waypoint": { "startNode": -1, "finalNode": -1, "waypoint": []}, "LoopFreedom": { "startNode": -1},"Reachability":{"startNode":1,"finalNode":53}}}
Kaki stdout:  Version: 1.15 
 kaki/verifypn-linux64 /tmp/tmpfugphs6u
DFA generation time: 0.007 seconds 
DFA states: 3 
DFA transitions: 24
Problem file: /tmp/tmpfugphs6u
Switches to update: 15

Decomposed topology into 5 subproblems
Topological decomposition took 0.003 seconds
Subproblem verification time: 0.028 seconds
Subproblem verification time: 0.008 seconds
Subproblem verification time: 0.009 seconds
Subproblem verification time: 0.008 seconds
Subproblem verification time: 0.009 seconds
Minimum batches required: 3
[[16, 24, 33, 42, 51], [9, 19, 28, 37, 46], [17, 20, 29, 38, 47]]
Total program runtime: 0.159 seconds

Kaki stderr:  
Time: 0.159
Solution: None
	Command being timed: "python3 allsynth/run.py -t kaki --GML topologies/topzoo/Gridnet.gml 5 --dir topzoo_res/Reach/kaki/kaki-1 --e-prop Reach --repeat 1"
	User time (seconds): 1.18
	System time (seconds): 1.38
	Percent of CPU this job got: 393%
	Elapsed (wall clock) time (h:mm:ss or m:ss): 0:00.65
	Average shared text size (kbytes): 0
	Average unshared data size (kbytes): 0
	Average stack size (kbytes): 0
	Average total size (kbytes): 0
	Maximum resident set size (kbytes): 84168
	Average resident set size (kbytes): 0
	Major (requiring I/O) page faults: 0
	Minor (reclaiming a frame) page faults: 34254
	Voluntary context switches: 3207
	Involuntary context switches: 519
	Swaps: 0
	File system inputs: 0
	File system outputs: 24
	Socket messages sent: 0
	Socket messages received: 0
	Signals delivered: 0
	Page size (bytes): 4096
	Exit status: 0
