Namespace(tool='kaki', exper=None, gml=['topologies/topzoo/Janetlense.gml', '5'], index=None, prop='Reach', prop_file=None, op_req=None, repeat=1, reduce=False, opt=False, u=False, some=False, count=False, weight_bound=None, savedir='topzoo_res/Reach/kaki/kaki-1', dump_bdd=False)
Running 5Janetlense.gml
Policy: (Reach 109)
Initial path of nodes: [5, 7, 14, 15, 9, 25, 27, 34, 35, 29, 45, 47, 54, 55, 49, 65, 67, 74, 75, 69, 85, 87, 94, 95, 89, 105, 107, 114, 115, 109]
Final path of nodes: [5, 7, 13, 15, 9, 25, 27, 33, 35, 29, 45, 47, 53, 55, 49, 65, 67, 73, 75, 69, 85, 87, 93, 95, 89, 105, 107, 113, 115, 109]
{"Initial_routing":[[5, 7], [7, 14], [14, 15], [15, 9], [9, 25], [25, 27], [27, 34], [34, 35], [35, 29], [29, 45], [45, 47], [47, 54], [54, 55], [55, 49], [49, 65], [65, 67], [67, 74], [74, 75], [75, 69], [69, 85], [85, 87], [87, 94], [94, 95], [95, 89], [89, 105], [105, 107], [107, 114], [114, 115], [115, 109]],"Final_routing":[[5, 7], [7, 13], [13, 15], [15, 9], [9, 25], [25, 27], [27, 33], [33, 35], [35, 29], [29, 45], [45, 47], [47, 53], [53, 55], [55, 49], [49, 65], [65, 67], [67, 73], [73, 75], [75, 69], [69, 85], [85, 87], [87, 93], [93, 95], [95, 89], [89, 105], [105, 107], [107, 113], [113, 115], [115, 109]],"Properties":{"Waypoint": { "startNode": -1, "finalNode": -1, "waypoint": []}, "LoopFreedom": { "startNode": -1},"Reachability":{"startNode":5,"finalNode":109}}}
Kaki stdout:  Version: 1.15 
 kaki/verifypn-linux64 /tmp/tmpa26weaix
DFA generation time: 0.007 seconds 
DFA states: 3 
DFA transitions: 37
Problem file: /tmp/tmpa26weaix
Switches to update: 18

Decomposed topology into 6 subproblems
Topological decomposition took 0.004 seconds
Subproblem verification time: 0.03 seconds
Subproblem verification time: 0.009 seconds
Subproblem verification time: 0.008 seconds
Subproblem verification time: 0.008 seconds
Subproblem verification time: 0.008 seconds
Subproblem verification time: 0.007 seconds
Minimum batches required: 3
[[13, 33, 53, 73, 93, 113], [7, 27, 47, 67, 87, 107], [14, 34, 54, 74, 94, 114]]
Total program runtime: 0.178 seconds

Kaki stderr:  
Time: 0.178
Solution: None
	Command being timed: "python3 allsynth/run.py -t kaki --GML topologies/topzoo/Janetlense.gml 5 --dir topzoo_res/Reach/kaki/kaki-1 --e-prop Reach --repeat 1"
	User time (seconds): 1.29
	System time (seconds): 1.33
	Percent of CPU this job got: 380%
	Elapsed (wall clock) time (h:mm:ss or m:ss): 0:00.69
	Average shared text size (kbytes): 0
	Average unshared data size (kbytes): 0
	Average stack size (kbytes): 0
	Average total size (kbytes): 0
	Maximum resident set size (kbytes): 88840
	Average resident set size (kbytes): 0
	Major (requiring I/O) page faults: 3
	Minor (reclaiming a frame) page faults: 35791
	Voluntary context switches: 3256
	Involuntary context switches: 631
	Swaps: 0
	File system inputs: 0
	File system outputs: 24
	Socket messages sent: 0
	Socket messages received: 0
	Signals delivered: 0
	Page size (bytes): 4096
	Exit status: 0
