Namespace(tool='kaki', exper=None, gml=['topologies/topzoo/KentmanJul2005.gml', '5'], index=None, prop='Reach', prop_file=None, op_req=None, repeat=1, reduce=False, opt=False, u=False, some=False, count=False, weight_bound=None, savedir='topzoo_res/Reach/kaki/kaki-1', dump_bdd=False)
Running 5KentmanJul2005.gml
Policy: (Reach 93)
Initial path of nodes: [10, 15, 0, 3, 2, 4, 13, 25, 20, 18, 19, 16, 31, 26, 42, 47, 32, 35, 34, 36, 45, 58, 63, 48, 51, 50, 52, 61, 74, 79, 64, 67, 66, 68, 77, 90, 95, 80, 83, 82, 84, 93]
Final path of nodes: [10, 15, 0, 6, 7, 1, 4, 13, 25, 20, 17, 23, 22, 16, 31, 26, 42, 47, 32, 38, 39, 33, 36, 45, 58, 63, 48, 54, 55, 49, 52, 61, 74, 79, 64, 70, 71, 65, 68, 77, 90, 95, 80, 86, 87, 81, 84, 93]
{"Initial_routing":[[10, 15], [15, 0], [0, 3], [3, 2], [2, 4], [4, 13], [13, 25], [25, 20], [20, 18], [18, 19], [19, 16], [16, 31], [31, 26], [26, 42], [42, 47], [47, 32], [32, 35], [35, 34], [34, 36], [36, 45], [45, 58], [58, 63], [63, 48], [48, 51], [51, 50], [50, 52], [52, 61], [61, 74], [74, 79], [79, 64], [64, 67], [67, 66], [66, 68], [68, 77], [77, 90], [90, 95], [95, 80], [80, 83], [83, 82], [82, 84], [84, 93]],"Final_routing":[[10, 15], [15, 0], [0, 6], [6, 7], [7, 1], [1, 4], [4, 13], [13, 25], [25, 20], [20, 17], [17, 23], [23, 22], [22, 16], [16, 31], [31, 26], [26, 42], [42, 47], [47, 32], [32, 38], [38, 39], [39, 33], [33, 36], [36, 45], [45, 58], [58, 63], [63, 48], [48, 54], [54, 55], [55, 49], [49, 52], [52, 61], [61, 74], [74, 79], [79, 64], [64, 70], [70, 71], [71, 65], [65, 68], [68, 77], [77, 90], [90, 95], [95, 80], [80, 86], [86, 87], [87, 81], [81, 84], [84, 93]],"Properties":{"Waypoint": { "startNode": -1, "finalNode": -1, "waypoint": []}, "LoopFreedom": { "startNode": -1},"Reachability":{"startNode":10,"finalNode":93}}}
Kaki stdout:  Version: 1.15 
 kaki/verifypn-linux64 /tmp/tmpspmej0x5
DFA generation time: 0.008 seconds 
DFA states: 3 
DFA transitions: 61
Problem file: /tmp/tmpspmej0x5
Switches to update: 36

Decomposed topology into 6 subproblems
Topological decomposition took 0.004 seconds
Subproblem verification time: 0.029 seconds
Subproblem verification time: 0.008 seconds
Subproblem verification time: 0.009 seconds
Subproblem verification time: 0.008 seconds
Subproblem verification time: 0.008 seconds
Subproblem verification time: 0.009 seconds
Minimum batches required: 3
[[6, 7, 1, 17, 23, 22, 38, 39, 33, 54, 55, 49, 70, 71, 65, 86, 87, 81], [0, 20, 32, 48, 64, 80], [3, 2, 18, 19, 35, 34, 51, 50, 67, 66, 83, 82]]
Total program runtime: 0.198 seconds

Kaki stderr:  
Time: 0.198
Solution: None
	Command being timed: "python3 allsynth/run.py -t kaki --GML topologies/topzoo/KentmanJul2005.gml 5 --dir topzoo_res/Reach/kaki/kaki-1 --e-prop Reach --repeat 1"
	User time (seconds): 1.39
	System time (seconds): 1.37
	Percent of CPU this job got: 390%
	Elapsed (wall clock) time (h:mm:ss or m:ss): 0:00.70
	Average shared text size (kbytes): 0
	Average unshared data size (kbytes): 0
	Average stack size (kbytes): 0
	Average total size (kbytes): 0
	Maximum resident set size (kbytes): 95472
	Average resident set size (kbytes): 0
	Major (requiring I/O) page faults: 0
	Minor (reclaiming a frame) page faults: 36469
	Voluntary context switches: 3309
	Involuntary context switches: 156
	Swaps: 0
	File system inputs: 0
	File system outputs: 24
	Socket messages sent: 0
	Socket messages received: 0
	Signals delivered: 0
	Page size (bytes): 4096
	Exit status: 0
