Namespace(tool='kaki', exper=None, gml=['topologies/topzoo/Xeex.gml', '5'], index=None, prop='Reach', prop_file=None, op_req=None, repeat=1, reduce=False, opt=False, u=False, some=False, count=False, weight_bound=None, savedir='topzoo_res/Reach/kaki/kaki-1', dump_bdd=False)
Running 5Xeex.gml
Policy: (Reach 134)
Initial path of nodes: [9, 5, 18, 4, 23, 22, 14, 29, 32, 41, 43, 45, 44, 37, 57, 53, 66, 52, 71, 70, 62, 81, 77, 90, 76, 95, 94, 86, 105, 101, 114, 100, 119, 118, 110, 129, 125, 138, 124, 143, 142, 134]
Final path of nodes: [9, 8, 17, 19, 21, 20, 14, 29, 42, 28, 47, 46, 44, 37, 57, 56, 65, 67, 69, 68, 62, 81, 80, 89, 91, 93, 92, 86, 105, 104, 113, 115, 117, 116, 110, 129, 128, 137, 139, 141, 140, 134]
{"Initial_routing":[[9, 5], [5, 18], [18, 4], [4, 23], [23, 22], [22, 14], [14, 29], [29, 32], [32, 41], [41, 43], [43, 45], [45, 44], [44, 37], [37, 57], [57, 53], [53, 66], [66, 52], [52, 71], [71, 70], [70, 62], [62, 81], [81, 77], [77, 90], [90, 76], [76, 95], [95, 94], [94, 86], [86, 105], [105, 101], [101, 114], [114, 100], [100, 119], [119, 118], [118, 110], [110, 129], [129, 125], [125, 138], [138, 124], [124, 143], [143, 142], [142, 134]],"Final_routing":[[9, 8], [8, 17], [17, 19], [19, 21], [21, 20], [20, 14], [14, 29], [29, 42], [42, 28], [28, 47], [47, 46], [46, 44], [44, 37], [37, 57], [57, 56], [56, 65], [65, 67], [67, 69], [69, 68], [68, 62], [62, 81], [81, 80], [80, 89], [89, 91], [91, 93], [93, 92], [92, 86], [86, 105], [105, 104], [104, 113], [113, 115], [115, 117], [117, 116], [116, 110], [110, 129], [129, 128], [128, 137], [137, 139], [139, 141], [141, 140], [140, 134]],"Properties":{"Waypoint": { "startNode": -1, "finalNode": -1, "waypoint": []}, "LoopFreedom": { "startNode": -1},"Reachability":{"startNode":9,"finalNode":134}}}
Kaki stdout:  Version: 1.15 
 kaki/verifypn-linux64 /tmp/tmpk2kmi9gd
DFA generation time: 0.008 seconds 
DFA states: 3 
DFA transitions: 72
Problem file: /tmp/tmpk2kmi9gd
Switches to update: 64

Decomposed topology into 6 subproblems
Topological decomposition took 0.004 seconds
Subproblem verification time: 0.033 seconds
Subproblem verification time: 0.008 seconds
Subproblem verification time: 0.009 seconds
Subproblem verification time: 0.008 seconds
Subproblem verification time: 0.009 seconds
Subproblem verification time: 0.009 seconds
Minimum batches required: 3
[[8, 17, 19, 21, 20, 42, 28, 47, 46, 56, 65, 67, 69, 68, 80, 89, 91, 93, 92, 104, 113, 115, 117, 116, 128, 137, 139, 141, 140], [9, 29, 57, 81, 105, 129], [5, 18, 4, 23, 22, 32, 41, 43, 45, 53, 66, 52, 71, 70, 77, 90, 76, 95, 94, 101, 114, 100, 119, 118, 125, 138, 124, 143, 142]]
Total program runtime: 0.201 seconds

Kaki stderr:  
Time: 0.201
Solution: None
	Command being timed: "python3 allsynth/run.py -t kaki --GML topologies/topzoo/Xeex.gml 5 --dir topzoo_res/Reach/kaki/kaki-1 --e-prop Reach --repeat 1"
	User time (seconds): 1.42
	System time (seconds): 1.36
	Percent of CPU this job got: 388%
	Elapsed (wall clock) time (h:mm:ss or m:ss): 0:00.71
	Average shared text size (kbytes): 0
	Average unshared data size (kbytes): 0
	Average stack size (kbytes): 0
	Average total size (kbytes): 0
	Maximum resident set size (kbytes): 92412
	Average resident set size (kbytes): 0
	Major (requiring I/O) page faults: 0
	Minor (reclaiming a frame) page faults: 37460
	Voluntary context switches: 4016
	Involuntary context switches: 173
	Swaps: 0
	File system inputs: 0
	File system outputs: 24
	Socket messages sent: 0
	Socket messages received: 0
	Signals delivered: 0
	Page size (bytes): 4096
	Exit status: 0
