Namespace(tool='kaki', exper=None, gml=['topologies/topzoo/Xspedius.gml', '5'], index=None, prop='Reach', prop_file=None, op_req=None, repeat=1, reduce=False, opt=False, u=False, some=False, count=False, weight_bound=None, savedir='topzoo_res/Reach/kaki/kaki-1', dump_bdd=False)
Running 5Xspedius.gml
Policy: (Reach 196)
Initial path of nodes: [9, 18, 5, 24, 31, 30, 29, 26, 43, 52, 39, 58, 65, 64, 63, 60, 77, 86, 73, 92, 99, 98, 97, 94, 111, 120, 107, 126, 133, 132, 131, 128, 145, 154, 141, 160, 167, 166, 165, 162, 179, 188, 175, 194, 201, 200, 199, 196]
Final path of nodes: [9, 18, 16, 23, 0, 3, 27, 26, 43, 52, 50, 57, 34, 37, 61, 60, 77, 86, 84, 91, 68, 71, 95, 94, 111, 120, 118, 125, 102, 105, 129, 128, 145, 154, 152, 159, 136, 139, 163, 162, 179, 188, 186, 193, 170, 173, 197, 196]
{"Initial_routing":[[9, 18], [18, 5], [5, 24], [24, 31], [31, 30], [30, 29], [29, 26], [26, 43], [43, 52], [52, 39], [39, 58], [58, 65], [65, 64], [64, 63], [63, 60], [60, 77], [77, 86], [86, 73], [73, 92], [92, 99], [99, 98], [98, 97], [97, 94], [94, 111], [111, 120], [120, 107], [107, 126], [126, 133], [133, 132], [132, 131], [131, 128], [128, 145], [145, 154], [154, 141], [141, 160], [160, 167], [167, 166], [166, 165], [165, 162], [162, 179], [179, 188], [188, 175], [175, 194], [194, 201], [201, 200], [200, 199], [199, 196]],"Final_routing":[[9, 18], [18, 16], [16, 23], [23, 0], [0, 3], [3, 27], [27, 26], [26, 43], [43, 52], [52, 50], [50, 57], [57, 34], [34, 37], [37, 61], [61, 60], [60, 77], [77, 86], [86, 84], [84, 91], [91, 68], [68, 71], [71, 95], [95, 94], [94, 111], [111, 120], [120, 118], [118, 125], [125, 102], [102, 105], [105, 129], [129, 128], [128, 145], [145, 154], [154, 152], [152, 159], [159, 136], [136, 139], [139, 163], [163, 162], [162, 179], [179, 188], [188, 186], [186, 193], [193, 170], [170, 173], [173, 197], [197, 196]],"Properties":{"Waypoint": { "startNode": -1, "finalNode": -1, "waypoint": []}, "LoopFreedom": { "startNode": -1},"Reachability":{"startNode":9,"finalNode":196}}}
Kaki stdout:  Version: 1.15 
 kaki/verifypn-linux64 /tmp/tmpmdcud7ry
DFA generation time: 0.009 seconds 
DFA states: 3 
DFA transitions: 79
Problem file: /tmp/tmpmdcud7ry
Switches to update: 66

Decomposed topology into 6 subproblems
Topological decomposition took 0.005 seconds
Subproblem verification time: 0.03 seconds
Subproblem verification time: 0.009 seconds
Subproblem verification time: 0.009 seconds
Subproblem verification time: 0.008 seconds
Subproblem verification time: 0.011 seconds
Subproblem verification time: 0.009 seconds
Minimum batches required: 3
[[16, 23, 0, 3, 27, 50, 57, 34, 37, 61, 84, 91, 68, 71, 95, 118, 125, 102, 105, 129, 152, 159, 136, 139, 163, 186, 193, 170, 173, 197], [18, 52, 86, 120, 154, 188], [5, 24, 31, 30, 29, 39, 58, 65, 64, 63, 73, 92, 99, 98, 97, 107, 126, 133, 132, 131, 141, 160, 167, 166, 165, 175, 194, 201, 200, 199]]
Total program runtime: 0.197 seconds

Kaki stderr:  
Time: 0.197
Solution: None
	Command being timed: "python3 allsynth/run.py -t kaki --GML topologies/topzoo/Xspedius.gml 5 --dir topzoo_res/Reach/kaki/kaki-1 --e-prop Reach --repeat 1"
	User time (seconds): 1.56
	System time (seconds): 1.36
	Percent of CPU this job got: 401%
	Elapsed (wall clock) time (h:mm:ss or m:ss): 0:00.73
	Average shared text size (kbytes): 0
	Average unshared data size (kbytes): 0
	Average stack size (kbytes): 0
	Average total size (kbytes): 0
	Maximum resident set size (kbytes): 97912
	Average resident set size (kbytes): 0
	Major (requiring I/O) page faults: 0
	Minor (reclaiming a frame) page faults: 37885
	Voluntary context switches: 3624
	Involuntary context switches: 188
	Swaps: 0
	File system inputs: 0
	File system outputs: 24
	Socket messages sent: 0
	Socket messages received: 0
	Signals delivered: 0
	Page size (bytes): 4096
	Exit status: 0
