Namespace(tool='PERS', exper=None, gml=['topologies/topzoo/Abilene.gml', '5'], index=None, prop='Reach', prop_file=None, op_req=None, repeat=1, reduce=False, opt=False, u=False, some=False, count=False, weight_bound=None, savedir='topzoo_res/Reach/PERS/PERS-1', dump_bdd=False)
Running 5Abilene.gml
Policy: (Reach 59)
Initial path of nodes: [0, 1, 10, 7, 6, 4, 11, 12, 21, 18, 17, 15, 22, 23, 32, 29, 28, 26, 33, 34, 43, 40, 39, 37, 44, 45, 54, 51, 50, 48, 55, 56, 65, 62, 61, 59]
Final path of nodes: [0, 2, 9, 8, 5, 4, 11, 13, 20, 19, 16, 15, 22, 24, 31, 30, 27, 26, 33, 35, 42, 41, 38, 37, 44, 46, 53, 52, 49, 48, 55, 57, 64, 63, 60, 59]
Persimmon problem:  {"Initial_routing":[[0, 1], [1, 10], [10, 7], [7, 6], [6, 4], [4, 11], [11, 12], [12, 21], [21, 18], [18, 17], [17, 15], [15, 22], [22, 23], [23, 32], [32, 29], [29, 28], [28, 26], [26, 33], [33, 34], [34, 43], [43, 40], [40, 39], [39, 37], [37, 44], [44, 45], [45, 54], [54, 51], [51, 50], [50, 48], [48, 55], [55, 56], [56, 65], [65, 62], [62, 61], [61, 59]],"Final_routing":[[0, 2], [2, 9], [9, 8], [8, 5], [5, 4], [4, 11], [11, 13], [13, 20], [20, 19], [19, 16], [16, 15], [15, 22], [22, 24], [24, 31], [31, 30], [30, 27], [27, 26], [26, 33], [33, 35], [35, 42], [42, 41], [41, 38], [38, 37], [37, 44], [44, 46], [46, 53], [53, 52], [52, 49], [49, 48], [48, 55], [55, 57], [57, 64], [64, 63], [63, 60], [60, 59]],"Properties":{"Reachability":{"startNode":0,"finalNode":59}}}
Persimmon stdout:  Chain equivalence reduction: 60 -> 24
Constructing all update BDD
Solution: Some([[2, 9, 8, 5, 35, 42, 41, 38, 46, 53, 52, 49, 13, 20, 19, 16, 57, 64, 63, 60, 24, 31, 30, 27], [55, 33, 0, 22, 44, 11], [1, 10, 7, 6, 45, 54, 51, 50, 34, 43, 40, 39, 23, 32, 29, 28, 56, 65, 62, 61, 12, 21, 18, 17]])
Time elapsed: 1.69ms
Time elapsed(s): 0.001689s

Persimmon stderr:  
Time: 0.001689
Solution: [[2, 9, 8, 5, 35, 42, 41, 38, 46, 53, 52, 49, 13, 20, 19, 16, 57, 64, 63, 60, 24, 31, 30, 27], [55, 33, 0, 22, 44, 11], [1, 10, 7, 6, 45, 54, 51, 50, 34, 43, 40, 39, 23, 32, 29, 28, 56, 65, 62, 61, 12, 21, 18, 17]]
	Command being timed: "python3 allsynth/run.py -t PERS --GML topologies/topzoo/Abilene.gml 5 --dir topzoo_res/Reach/PERS/PERS-1 --e-prop Reach --repeat 1"
	User time (seconds): 1.03
	System time (seconds): 1.26
	Percent of CPU this job got: 291%
	Elapsed (wall clock) time (h:mm:ss or m:ss): 0:00.78
	Average shared text size (kbytes): 0
	Average unshared data size (kbytes): 0
	Average stack size (kbytes): 0
	Average total size (kbytes): 0
	Maximum resident set size (kbytes): 69816
	Average resident set size (kbytes): 0
	Major (requiring I/O) page faults: 0
	Minor (reclaiming a frame) page faults: 12957
	Voluntary context switches: 27
	Involuntary context switches: 386
	Swaps: 0
	File system inputs: 0
	File system outputs: 24
	Socket messages sent: 0
	Socket messages received: 0
	Signals delivered: 0
	Page size (bytes): 4096
	Exit status: 0
