Namespace(tool='PERS', exper=None, gml=['topologies/topzoo/EliBackbone.gml', '5'], index=None, prop='Reach', prop_file=None, op_req=None, repeat=1, reduce=False, opt=False, u=False, some=False, count=False, weight_bound=None, savedir='topzoo_res/Reach/PERS/PERS-1', dump_bdd=False)
Running 5EliBackbone.gml
Policy: (Reach 112)
Initial path of nodes: [10, 11, 2, 16, 14, 9, 12, 25, 26, 34, 36, 22, 31, 30, 50, 51, 42, 56, 54, 49, 52, 70, 71, 62, 76, 74, 69, 72, 90, 91, 82, 96, 94, 89, 92, 110, 111, 102, 116, 114, 109, 112]
Final path of nodes: [10, 11, 2, 3, 0, 14, 13, 12, 25, 28, 29, 34, 20, 23, 22, 39, 30, 50, 59, 42, 43, 40, 54, 53, 52, 70, 79, 62, 76, 75, 69, 73, 72, 90, 99, 82, 83, 80, 94, 93, 92, 110, 119, 102, 116, 115, 109, 113, 112]
Persimmon problem:  {"Initial_routing":[[10, 11], [11, 2], [2, 16], [16, 14], [14, 9], [9, 12], [12, 25], [25, 26], [26, 34], [34, 36], [36, 22], [22, 31], [31, 30], [30, 50], [50, 51], [51, 42], [42, 56], [56, 54], [54, 49], [49, 52], [52, 70], [70, 71], [71, 62], [62, 76], [76, 74], [74, 69], [69, 72], [72, 90], [90, 91], [91, 82], [82, 96], [96, 94], [94, 89], [89, 92], [92, 110], [110, 111], [111, 102], [102, 116], [116, 114], [114, 109], [109, 112]],"Final_routing":[[10, 11], [11, 2], [2, 3], [3, 0], [0, 14], [14, 13], [13, 12], [12, 25], [25, 28], [28, 29], [29, 34], [34, 20], [20, 23], [23, 22], [22, 39], [39, 30], [30, 50], [50, 59], [59, 42], [42, 43], [43, 40], [40, 54], [54, 53], [53, 52], [52, 70], [70, 79], [79, 62], [62, 76], [76, 75], [75, 69], [69, 73], [73, 72], [72, 90], [90, 99], [99, 82], [82, 83], [83, 80], [80, 94], [94, 93], [93, 92], [92, 110], [110, 119], [119, 102], [102, 116], [116, 115], [115, 109], [109, 113], [113, 112]],"Properties":{"Reachability":{"startNode":10,"finalNode":112}}}
Persimmon stdout:  Chain equivalence reduction: 64 -> 58
Constructing all update BDD
Solution: Some([[20, 23, 43, 40, 79, 59, 3, 0, 115, 28, 29, 39, 75, 119, 93, 13, 83, 80, 99, 53], [73, 70, 76, 113, 50, 34, 110, 94, 22, 82, 2, 116, 90, 54, 14, 25, 42], [89, 109, 9, 69, 91, 71, 31, 96, 26, 111, 36, 49, 74, 16, 56, 114, 51]])
Time elapsed: 4.35ms
Time elapsed(s): 0.004346s

Persimmon stderr:  
Time: 0.004346
Solution: [[20, 23, 43, 40, 79, 59, 3, 0, 115, 28, 29, 39, 75, 119, 93, 13, 83, 80, 99, 53], [73, 70, 76, 113, 50, 34, 110, 94, 22, 82, 2, 116, 90, 54, 14, 25, 42], [89, 109, 9, 69, 91, 71, 31, 96, 26, 111, 36, 49, 74, 16, 56, 114, 51]]
	Command being timed: "python3 allsynth/run.py -t PERS --GML topologies/topzoo/EliBackbone.gml 5 --dir topzoo_res/Reach/PERS/PERS-1 --e-prop Reach --repeat 1"
	User time (seconds): 0.87
	System time (seconds): 1.34
	Percent of CPU this job got: 362%
	Elapsed (wall clock) time (h:mm:ss or m:ss): 0:00.61
	Average shared text size (kbytes): 0
	Average unshared data size (kbytes): 0
	Average stack size (kbytes): 0
	Average total size (kbytes): 0
	Maximum resident set size (kbytes): 70968
	Average resident set size (kbytes): 0
	Major (requiring I/O) page faults: 0
	Minor (reclaiming a frame) page faults: 13128
	Voluntary context switches: 31
	Involuntary context switches: 179
	Swaps: 0
	File system inputs: 0
	File system outputs: 24
	Socket messages sent: 0
	Socket messages received: 0
	Signals delivered: 0
	Page size (bytes): 4096
	Exit status: 0
