Namespace(tool='PERS', exper=None, gml=['topologies/topzoo/Globalcenter.gml', '5'], index=None, prop='Reach', prop_file=None, op_req=None, repeat=1, reduce=False, opt=False, u=False, some=False, count=False, weight_bound=None, savedir='topzoo_res/Reach/PERS/PERS-1', dump_bdd=False)
Running 5Globalcenter.gml
Policy: (Reach 53)
Initial path of nodes: [0, 8, 9, 17, 18, 26, 27, 35, 36, 44, 45, 53]
Final path of nodes: [0, 8, 9, 10, 17, 18, 19, 26, 27, 28, 35, 36, 37, 44, 45, 46, 53]
Persimmon problem:  {"Initial_routing":[[0, 8], [8, 9], [9, 17], [17, 18], [18, 26], [26, 27], [27, 35], [35, 36], [36, 44], [44, 45], [45, 53]],"Final_routing":[[0, 8], [8, 9], [9, 10], [10, 17], [17, 18], [18, 19], [19, 26], [26, 27], [27, 28], [28, 35], [35, 36], [36, 37], [37, 44], [44, 45], [45, 46], [46, 53]],"Properties":{"Reachability":{"startNode":0,"finalNode":53}}}
Persimmon stdout:  Chain equivalence reduction: 17 -> 16
Constructing all update BDD
Solution: Some([[46, 10, 19, 37, 28], [27, 36, 45, 9, 18]])
Time elapsed: 654.55µs
Time elapsed(s): 0.000655s

Persimmon stderr:  
Time: 0.000655
Solution: [[46, 10, 19, 37, 28], [27, 36, 45, 9, 18]]
	Command being timed: "python3 allsynth/run.py -t PERS --GML topologies/topzoo/Globalcenter.gml 5 --dir topzoo_res/Reach/PERS/PERS-1 --e-prop Reach --repeat 1"
	User time (seconds): 0.88
	System time (seconds): 1.30
	Percent of CPU this job got: 370%
	Elapsed (wall clock) time (h:mm:ss or m:ss): 0:00.59
	Average shared text size (kbytes): 0
	Average unshared data size (kbytes): 0
	Average stack size (kbytes): 0
	Average total size (kbytes): 0
	Maximum resident set size (kbytes): 70728
	Average resident set size (kbytes): 0
	Major (requiring I/O) page faults: 0
	Minor (reclaiming a frame) page faults: 13045
	Voluntary context switches: 30
	Involuntary context switches: 152
	Swaps: 0
	File system inputs: 0
	File system outputs: 24
	Socket messages sent: 0
	Socket messages received: 0
	Signals delivered: 0
	Page size (bytes): 4096
	Exit status: 0
