Namespace(tool='PERS', exper=None, gml=['topologies/topzoo/Peer1.gml', '5'], index=None, prop='Reach', prop_file=None, op_req=None, repeat=1, reduce=False, opt=False, u=False, some=False, count=False, weight_bound=None, savedir='topzoo_res/Reach/PERS/PERS-1', dump_bdd=False)
Running 5Peer1.gml
Policy: (Reach 91)
Initial path of nodes: [5, 4, 3, 6, 9, 10, 11, 21, 20, 19, 22, 25, 26, 27, 37, 36, 35, 38, 41, 42, 43, 53, 52, 51, 54, 57, 58, 59, 69, 68, 67, 70, 73, 74, 75, 85, 84, 83, 86, 89, 90, 91]
Final path of nodes: [5, 4, 3, 0, 15, 13, 12, 11, 21, 20, 19, 22, 29, 28, 27, 37, 36, 35, 32, 47, 45, 44, 43, 53, 52, 51, 54, 61, 60, 59, 69, 68, 67, 64, 79, 77, 76, 75, 85, 84, 83, 86, 93, 92, 91]
Persimmon problem:  {"Initial_routing":[[5, 4], [4, 3], [3, 6], [6, 9], [9, 10], [10, 11], [11, 21], [21, 20], [20, 19], [19, 22], [22, 25], [25, 26], [26, 27], [27, 37], [37, 36], [36, 35], [35, 38], [38, 41], [41, 42], [42, 43], [43, 53], [53, 52], [52, 51], [51, 54], [54, 57], [57, 58], [58, 59], [59, 69], [69, 68], [68, 67], [67, 70], [70, 73], [73, 74], [74, 75], [75, 85], [85, 84], [84, 83], [83, 86], [86, 89], [89, 90], [90, 91]],"Final_routing":[[5, 4], [4, 3], [3, 0], [0, 15], [15, 13], [13, 12], [12, 11], [11, 21], [21, 20], [20, 19], [19, 22], [22, 29], [29, 28], [28, 27], [27, 37], [37, 36], [36, 35], [35, 32], [32, 47], [47, 45], [45, 44], [44, 43], [43, 53], [53, 52], [52, 51], [51, 54], [54, 61], [61, 60], [60, 59], [59, 69], [69, 68], [68, 67], [67, 64], [64, 79], [79, 77], [77, 76], [76, 75], [75, 85], [85, 84], [84, 83], [83, 86], [86, 93], [93, 92], [92, 91]],"Properties":{"Reachability":{"startNode":5,"finalNode":91}}}
Persimmon stdout:  Chain equivalence reduction: 60 -> 25
Constructing all update BDD
Solution: Some([[32, 47, 45, 44, 29, 28, 61, 60, 64, 79, 77, 76, 93, 92, 0, 15, 13, 12], [22, 35, 86, 67, 54, 3], [89, 90, 57, 58, 6, 9, 10, 38, 41, 42, 70, 73, 74, 25, 26]])
Time elapsed: 1.19ms
Time elapsed(s): 0.001190s

Persimmon stderr:  
Time: 0.00119
Solution: [[32, 47, 45, 44, 29, 28, 61, 60, 64, 79, 77, 76, 93, 92, 0, 15, 13, 12], [22, 35, 86, 67, 54, 3], [89, 90, 57, 58, 6, 9, 10, 38, 41, 42, 70, 73, 74, 25, 26]]
	Command being timed: "python3 allsynth/run.py -t PERS --GML topologies/topzoo/Peer1.gml 5 --dir topzoo_res/Reach/PERS/PERS-1 --e-prop Reach --repeat 1"
	User time (seconds): 0.89
	System time (seconds): 1.29
	Percent of CPU this job got: 374%
	Elapsed (wall clock) time (h:mm:ss or m:ss): 0:00.58
	Average shared text size (kbytes): 0
	Average unshared data size (kbytes): 0
	Average stack size (kbytes): 0
	Average total size (kbytes): 0
	Maximum resident set size (kbytes): 70716
	Average resident set size (kbytes): 0
	Major (requiring I/O) page faults: 0
	Minor (reclaiming a frame) page faults: 12991
	Voluntary context switches: 29
	Involuntary context switches: 165
	Swaps: 0
	File system inputs: 0
	File system outputs: 24
	Socket messages sent: 0
	Socket messages received: 0
	Signals delivered: 0
	Page size (bytes): 4096
	Exit status: 0
