Namespace(tool='PERS', exper=None, gml=['topologies/topzoo/Renater2004.gml', '5'], index=None, prop='Reach', prop_file=None, op_req=None, repeat=1, reduce=False, opt=False, u=False, some=False, count=False, weight_bound=None, savedir='topzoo_res/Reach/PERS/PERS-1', dump_bdd=False)
Running 5Renater2004.gml
Policy: (Reach 179)
Initial path of nodes: [14, 9, 8, 12, 13, 21, 20, 29, 44, 39, 38, 42, 43, 51, 50, 59, 74, 69, 68, 72, 73, 81, 80, 89, 104, 99, 98, 102, 103, 111, 110, 119, 134, 129, 128, 132, 133, 141, 140, 149, 164, 159, 158, 162, 163, 171, 170, 179]
Final path of nodes: [14, 9, 15, 12, 13, 27, 28, 29, 44, 39, 45, 42, 43, 57, 58, 59, 74, 69, 75, 72, 73, 87, 88, 89, 104, 99, 105, 102, 103, 117, 118, 119, 134, 129, 135, 132, 133, 147, 148, 149, 164, 159, 165, 162, 163, 177, 178, 179]
Persimmon problem:  {"Initial_routing":[[14, 9], [9, 8], [8, 12], [12, 13], [13, 21], [21, 20], [20, 29], [29, 44], [44, 39], [39, 38], [38, 42], [42, 43], [43, 51], [51, 50], [50, 59], [59, 74], [74, 69], [69, 68], [68, 72], [72, 73], [73, 81], [81, 80], [80, 89], [89, 104], [104, 99], [99, 98], [98, 102], [102, 103], [103, 111], [111, 110], [110, 119], [119, 134], [134, 129], [129, 128], [128, 132], [132, 133], [133, 141], [141, 140], [140, 149], [149, 164], [164, 159], [159, 158], [158, 162], [162, 163], [163, 171], [171, 170], [170, 179]],"Final_routing":[[14, 9], [9, 15], [15, 12], [12, 13], [13, 27], [27, 28], [28, 29], [29, 44], [44, 39], [39, 45], [45, 42], [42, 43], [43, 57], [57, 58], [58, 59], [59, 74], [74, 69], [69, 75], [75, 72], [72, 73], [73, 87], [87, 88], [88, 89], [89, 104], [104, 99], [99, 105], [105, 102], [102, 103], [103, 117], [117, 118], [118, 119], [119, 134], [134, 129], [129, 135], [135, 132], [132, 133], [133, 147], [147, 148], [148, 149], [149, 164], [164, 159], [159, 165], [165, 162], [162, 163], [163, 177], [177, 178], [178, 179]],"Properties":{"Reachability":{"startNode":14,"finalNode":179}}}
Persimmon stdout:  Chain equivalence reduction: 66 -> 49
Constructing all update BDD
Solution: Some([[105, 15, 117, 118, 45, 75, 57, 58, 87, 88, 177, 178, 147, 148, 165, 27, 28, 135], [129, 159, 73, 43, 13, 103, 39, 99, 133, 69, 163, 9], [171, 170, 128, 141, 140, 158, 81, 80, 68, 111, 110, 21, 20, 8, 51, 50, 38, 98]])
Time elapsed: 3.36ms
Time elapsed(s): 0.003363s

Persimmon stderr:  
Time: 0.003363
Solution: [[105, 15, 117, 118, 45, 75, 57, 58, 87, 88, 177, 178, 147, 148, 165, 27, 28, 135], [129, 159, 73, 43, 13, 103, 39, 99, 133, 69, 163, 9], [171, 170, 128, 141, 140, 158, 81, 80, 68, 111, 110, 21, 20, 8, 51, 50, 38, 98]]
	Command being timed: "python3 allsynth/run.py -t PERS --GML topologies/topzoo/Renater2004.gml 5 --dir topzoo_res/Reach/PERS/PERS-1 --e-prop Reach --repeat 1"
	User time (seconds): 0.93
	System time (seconds): 1.28
	Percent of CPU this job got: 356%
	Elapsed (wall clock) time (h:mm:ss or m:ss): 0:00.62
	Average shared text size (kbytes): 0
	Average unshared data size (kbytes): 0
	Average stack size (kbytes): 0
	Average total size (kbytes): 0
	Maximum resident set size (kbytes): 71352
	Average resident set size (kbytes): 0
	Major (requiring I/O) page faults: 0
	Minor (reclaiming a frame) page faults: 13231
	Voluntary context switches: 30
	Involuntary context switches: 198
	Swaps: 0
	File system inputs: 0
	File system outputs: 24
	Socket messages sent: 0
	Socket messages received: 0
	Signals delivered: 0
	Page size (bytes): 4096
	Exit status: 0
