Namespace(tool='PERS', exper=None, gml=['topologies/topzoo/Telecomserbia.gml', '5'], index=None, prop='Reach', prop_file=None, op_req=None, repeat=1, reduce=False, opt=False, u=False, some=False, count=False, weight_bound=None, savedir='topzoo_res/Reach/PERS/PERS-1', dump_bdd=False)
Running 5Telecomserbia.gml
Policy: (Reach 35)
Initial path of nodes: [2, 1, 0, 5, 6, 7, 8, 9, 14, 13, 12, 17, 20, 19, 18, 23, 26, 25, 24, 29, 32, 31, 30, 35]
Final path of nodes: [2, 3, 4, 5, 6, 11, 10, 9, 14, 15, 16, 17, 20, 21, 22, 23, 26, 27, 28, 29, 32, 33, 34, 35]
Persimmon problem:  {"Initial_routing":[[2, 1], [1, 0], [0, 5], [5, 6], [6, 7], [7, 8], [8, 9], [9, 14], [14, 13], [13, 12], [12, 17], [17, 20], [20, 19], [19, 18], [18, 23], [23, 26], [26, 25], [25, 24], [24, 29], [29, 32], [32, 31], [31, 30], [30, 35]],"Final_routing":[[2, 3], [3, 4], [4, 5], [5, 6], [6, 11], [11, 10], [10, 9], [9, 14], [14, 15], [15, 16], [16, 17], [17, 20], [20, 21], [21, 22], [22, 23], [23, 26], [26, 27], [27, 28], [28, 29], [29, 32], [32, 33], [33, 34], [34, 35]],"Properties":{"Reachability":{"startNode":2,"finalNode":35}}}
Persimmon stdout:  Chain equivalence reduction: 36 -> 24
Constructing all update BDD
Solution: Some([[33, 34, 15, 16, 11, 10, 27, 28, 21, 22, 3, 4], [2, 20, 6, 26, 32, 14], [7, 8, 13, 12, 31, 30, 1, 0, 19, 18, 25, 24]])
Time elapsed: 1.26ms
Time elapsed(s): 0.001258s

Persimmon stderr:  
Time: 0.001258
Solution: [[33, 34, 15, 16, 11, 10, 27, 28, 21, 22, 3, 4], [2, 20, 6, 26, 32, 14], [7, 8, 13, 12, 31, 30, 1, 0, 19, 18, 25, 24]]
	Command being timed: "python3 allsynth/run.py -t PERS --GML topologies/topzoo/Telecomserbia.gml 5 --dir topzoo_res/Reach/PERS/PERS-1 --e-prop Reach --repeat 1"
	User time (seconds): 0.92
	System time (seconds): 1.23
	Percent of CPU this job got: 344%
	Elapsed (wall clock) time (h:mm:ss or m:ss): 0:00.62
	Average shared text size (kbytes): 0
	Average unshared data size (kbytes): 0
	Average stack size (kbytes): 0
	Average total size (kbytes): 0
	Maximum resident set size (kbytes): 70460
	Average resident set size (kbytes): 0
	Major (requiring I/O) page faults: 0
	Minor (reclaiming a frame) page faults: 12898
	Voluntary context switches: 26
	Involuntary context switches: 248
	Swaps: 0
	File system inputs: 0
	File system outputs: 24
	Socket messages sent: 0
	Socket messages received: 0
	Signals delivered: 0
	Page size (bytes): 4096
	Exit status: 0
