Namespace(tool='PERS', exper=None, gml=['topologies/topzoo/Aconet.gml', '5'], index=None, prop='SC', prop_file=None, op_req=None, repeat=1, reduce=False, opt=False, u=False, some=False, count=False, weight_bound=None, savedir='topzoo_res/SC/PERS/PERS-0', dump_bdd=False)
Running 5Aconet.gml
Policy: (Service([67, 118]-136) & (Reach 136))
Initial path of nodes: [3, 2, 7, 20, 21, 26, 25, 30, 43, 44, 49, 48, 53, 66, 67, 72, 71, 76, 89, 90, 95, 94, 99, 112, 113, 118, 117, 122, 135, 136]
Final path of nodes: [3, 14, 4, 19, 21, 26, 37, 27, 42, 44, 49, 60, 50, 65, 67, 72, 83, 73, 88, 90, 95, 106, 96, 111, 113, 118, 129, 119, 134, 136]
Persimmon problem:  {"Initial_routing":[[3, 2], [2, 7], [7, 20], [20, 21], [21, 26], [26, 25], [25, 30], [30, 43], [43, 44], [44, 49], [49, 48], [48, 53], [53, 66], [66, 67], [67, 72], [72, 71], [71, 76], [76, 89], [89, 90], [90, 95], [95, 94], [94, 99], [99, 112], [112, 113], [113, 118], [118, 117], [117, 122], [122, 135], [135, 136]],"Final_routing":[[3, 14], [14, 4], [4, 19], [19, 21], [21, 26], [26, 37], [37, 27], [27, 42], [42, 44], [44, 49], [49, 60], [60, 50], [50, 65], [65, 67], [67, 72], [72, 83], [83, 73], [73, 88], [88, 90], [90, 95], [95, 106], [106, 96], [96, 111], [111, 113], [113, 118], [118, 129], [129, 119], [119, 134], [134, 136]],"Properties":{"ServiceChain": {"waypoint": [67,118]},"Reachability":{"startNode":3,"finalNode":136}}}
Persimmon stdout:  Chain equivalence reduction: 48 -> 24
<=== Starting iteration 0 ===>
<=== Starting iteration 1 ===>
<=== Starting iteration 2 ===>
Solution: Some([[37, 27, 42, 106, 96, 111, 14, 4, 19, 129, 119, 134, 83, 73, 88, 60, 50, 65], [118, 49, 95, 3, 26, 72], [48, 53, 66, 117, 122, 135, 2, 7, 20, 25, 30, 43, 71, 76, 89, 94, 99, 112]])
Time elapsed: 878.40µs
Time elapsed(s): 0.000878s

Persimmon stderr:  
Time: 0.000878
Solution: [[37, 27, 42, 106, 96, 111, 14, 4, 19, 129, 119, 134, 83, 73, 88, 60, 50, 65], [118, 49, 95, 3, 26, 72], [48, 53, 66, 117, 122, 135, 2, 7, 20, 25, 30, 43, 71, 76, 89, 94, 99, 112]]
	Command being timed: "python3 allsynth/run.py -t PERS --GML topologies/topzoo/Aconet.gml 5 --dir topzoo_res/SC/PERS/PERS-0 --e-prop SC --repeat 1"
	User time (seconds): 0.69
	System time (seconds): 1.25
	Percent of CPU this job got: 573%
	Elapsed (wall clock) time (h:mm:ss or m:ss): 0:00.34
	Average shared text size (kbytes): 0
	Average unshared data size (kbytes): 0
	Average stack size (kbytes): 0
	Average total size (kbytes): 0
	Maximum resident set size (kbytes): 71284
	Average resident set size (kbytes): 0
	Major (requiring I/O) page faults: 0
	Minor (reclaiming a frame) page faults: 13098
	Voluntary context switches: 36
	Involuntary context switches: 133
	Swaps: 0
	File system inputs: 0
	File system outputs: 24
	Socket messages sent: 0
	Socket messages received: 0
	Signals delivered: 0
	Page size (bytes): 4096
	Exit status: 0
