Namespace(tool='PERS', exper=None, gml=['topologies/topzoo/Cernet.gml', '5'], index=None, prop='SC', prop_file=None, op_req=None, repeat=1, reduce=False, opt=False, u=False, some=False, count=False, weight_bound=None, savedir='topzoo_res/SC/PERS/PERS-0', dump_bdd=False)
Running 5Cernet.gml
Policy: (Service([41, 82, 123, 164, 205]-243) & (Reach 243))
Initial path of nodes: [0, 7, 24, 21, 37, 38, 41, 48, 65, 62, 78, 79, 82, 89, 106, 103, 119, 120, 123, 130, 147, 144, 160, 161, 164, 171, 188, 185, 201, 202, 205, 212, 229, 226, 242, 243]
Final path of nodes: [0, 7, 24, 32, 37, 33, 38, 41, 47, 48, 65, 73, 78, 74, 79, 82, 88, 89, 106, 114, 119, 115, 120, 123, 129, 130, 147, 155, 160, 156, 161, 164, 170, 171, 188, 196, 201, 197, 202, 205, 211, 212, 229, 237, 242, 238, 243]
Persimmon problem:  {"Initial_routing":[[0, 7], [7, 24], [24, 21], [21, 37], [37, 38], [38, 41], [41, 48], [48, 65], [65, 62], [62, 78], [78, 79], [79, 82], [82, 89], [89, 106], [106, 103], [103, 119], [119, 120], [120, 123], [123, 130], [130, 147], [147, 144], [144, 160], [160, 161], [161, 164], [164, 171], [171, 188], [188, 185], [185, 201], [201, 202], [202, 205], [205, 212], [212, 229], [229, 226], [226, 242], [242, 243]],"Final_routing":[[0, 7], [7, 24], [24, 32], [32, 37], [37, 33], [33, 38], [38, 41], [41, 47], [47, 48], [48, 65], [65, 73], [73, 78], [78, 74], [74, 79], [79, 82], [82, 88], [88, 89], [89, 106], [106, 114], [114, 119], [119, 115], [115, 120], [120, 123], [123, 129], [129, 130], [130, 147], [147, 155], [155, 160], [160, 156], [156, 161], [161, 164], [164, 170], [170, 171], [171, 188], [188, 196], [196, 201], [201, 197], [197, 202], [202, 205], [205, 211], [211, 212], [212, 229], [229, 237], [237, 242], [242, 238], [238, 243]],"Properties":{"ServiceChain": {"waypoint": [41,82,123,164,205]},"Reachability":{"startNode":0,"finalNode":243}}}
Persimmon stdout:  Chain equivalence reduction: 53 -> 52
<=== Starting iteration 0 ===>
<=== Starting iteration 1 ===>
<=== Starting iteration 2 ===>
Solution: Some([[115, 211, 88, 155, 197, 237, 238, 73, 74, 114, 129, 47, 196, 32, 33, 170, 156], [65, 147, 188, 106, 229, 24], [164, 82, 62, 242, 119, 37, 144, 205, 78, 103, 41, 201, 226, 123, 160, 21, 185]])
Time elapsed: 3.03ms
Time elapsed(s): 0.003033s

Persimmon stderr:  
Time: 0.003033
Solution: [[115, 211, 88, 155, 197, 237, 238, 73, 74, 114, 129, 47, 196, 32, 33, 170, 156], [65, 147, 188, 106, 229, 24], [164, 82, 62, 242, 119, 37, 144, 205, 78, 103, 41, 201, 226, 123, 160, 21, 185]]
	Command being timed: "python3 allsynth/run.py -t PERS --GML topologies/topzoo/Cernet.gml 5 --dir topzoo_res/SC/PERS/PERS-0 --e-prop SC --repeat 1"
	User time (seconds): 0.68
	System time (seconds): 1.27
	Percent of CPU this job got: 530%
	Elapsed (wall clock) time (h:mm:ss or m:ss): 0:00.36
	Average shared text size (kbytes): 0
	Average unshared data size (kbytes): 0
	Average stack size (kbytes): 0
	Average total size (kbytes): 0
	Maximum resident set size (kbytes): 72260
	Average resident set size (kbytes): 0
	Major (requiring I/O) page faults: 0
	Minor (reclaiming a frame) page faults: 13401
	Voluntary context switches: 27
	Involuntary context switches: 231
	Swaps: 0
	File system inputs: 0
	File system outputs: 24
	Socket messages sent: 0
	Socket messages received: 0
	Signals delivered: 0
	Page size (bytes): 4096
	Exit status: 0
