Namespace(tool='PERS', exper=None, gml=['topologies/topzoo/Ilan.gml', '5'], index=None, prop='SC', prop_file=None, op_req=None, repeat=1, reduce=False, opt=False, u=False, some=False, count=False, weight_bound=None, savedir='topzoo_res/SC/PERS/PERS-0', dump_bdd=False)
Running 5Ilan.gml
Policy: (Service([14, 28, 54, 72]-82) & (Reach 82))
Initial path of nodes: [2, 3, 7, 0, 12, 15, 14, 21, 17, 20, 30, 31, 35, 28, 40, 44, 45, 49, 42, 54, 58, 59, 63, 56, 68, 72, 73, 77, 70, 82]
Final path of nodes: [2, 3, 9, 0, 12, 15, 14, 23, 17, 20, 30, 31, 37, 28, 40, 44, 45, 51, 42, 54, 58, 59, 65, 56, 68, 72, 73, 79, 70, 82]
Persimmon problem:  {"Initial_routing":[[2, 3], [3, 7], [7, 0], [0, 12], [12, 15], [15, 14], [14, 21], [21, 17], [17, 20], [20, 30], [30, 31], [31, 35], [35, 28], [28, 40], [40, 44], [44, 45], [45, 49], [49, 42], [42, 54], [54, 58], [58, 59], [59, 63], [63, 56], [56, 68], [68, 72], [72, 73], [73, 77], [77, 70], [70, 82]],"Final_routing":[[2, 3], [3, 9], [9, 0], [0, 12], [12, 15], [15, 14], [14, 23], [23, 17], [17, 20], [20, 30], [30, 31], [31, 37], [37, 28], [28, 40], [40, 44], [44, 45], [45, 51], [51, 42], [42, 54], [54, 58], [58, 59], [59, 65], [65, 56], [56, 68], [68, 72], [72, 73], [73, 79], [79, 70], [70, 82]],"Properties":{"ServiceChain": {"waypoint": [14,28,54,72]},"Reachability":{"startNode":2,"finalNode":82}}}
Persimmon stdout:  Chain equivalence reduction: 36 -> 30
<=== Starting iteration 0 ===>
<=== Starting iteration 1 ===>
<=== Starting iteration 2 ===>
Solution: Some([[37, 65, 23, 9, 79, 51], [3, 73, 31, 59, 14, 45], [21, 35, 49, 63, 7, 77]])
Time elapsed: 1.59ms
Time elapsed(s): 0.001592s

Persimmon stderr:  
Time: 0.001592
Solution: [[37, 65, 23, 9, 79, 51], [3, 73, 31, 59, 14, 45], [21, 35, 49, 63, 7, 77]]
	Command being timed: "python3 allsynth/run.py -t PERS --GML topologies/topzoo/Ilan.gml 5 --dir topzoo_res/SC/PERS/PERS-0 --e-prop SC --repeat 1"
	User time (seconds): 0.71
	System time (seconds): 1.29
	Percent of CPU this job got: 503%
	Elapsed (wall clock) time (h:mm:ss or m:ss): 0:00.39
	Average shared text size (kbytes): 0
	Average unshared data size (kbytes): 0
	Average stack size (kbytes): 0
	Average total size (kbytes): 0
	Maximum resident set size (kbytes): 70700
	Average resident set size (kbytes): 0
	Major (requiring I/O) page faults: 0
	Minor (reclaiming a frame) page faults: 12981
	Voluntary context switches: 38
	Involuntary context switches: 112
	Swaps: 0
	File system inputs: 0
	File system outputs: 24
	Socket messages sent: 0
	Socket messages received: 0
	Signals delivered: 0
	Page size (bytes): 4096
	Exit status: 0
