Namespace(tool='PERS', exper=None, gml=['topologies/topzoo/Napnet.gml', '5'], index=None, prop='SC', prop_file=None, op_req=None, repeat=1, reduce=False, opt=False, u=False, some=False, count=False, weight_bound=None, savedir='topzoo_res/SC/PERS/PERS-0', dump_bdd=False)
Running 5Napnet.gml
Policy: (Service([11, 21, 30]-35) & (Reach 35))
Initial path of nodes: [0, 3, 5, 6, 9, 11, 12, 15, 17, 18, 21, 23, 24, 27, 29, 30, 33, 35]
Final path of nodes: [0, 3, 5, 6, 9, 11, 12, 13, 15, 17, 18, 21, 23, 24, 25, 27, 29, 30, 33, 35]
Persimmon problem:  {"Initial_routing":[[0, 3], [3, 5], [5, 6], [6, 9], [9, 11], [11, 12], [12, 15], [15, 17], [17, 18], [18, 21], [21, 23], [23, 24], [24, 27], [27, 29], [29, 30], [30, 33], [33, 35]],"Final_routing":[[0, 3], [3, 5], [5, 6], [6, 9], [9, 11], [11, 12], [12, 13], [13, 15], [15, 17], [17, 18], [18, 21], [21, 23], [23, 24], [24, 25], [25, 27], [27, 29], [29, 30], [30, 33], [33, 35]],"Properties":{"ServiceChain": {"waypoint": [11,21,30]},"Reachability":{"startNode":0,"finalNode":35}}}
Persimmon stdout:  Chain equivalence reduction: 20 -> 13
<=== Starting iteration 0 ===>
<=== Starting iteration 1 ===>
Solution: Some([[13, 25], [12, 24]])
Time elapsed: 344.08µs
Time elapsed(s): 0.000344s

Persimmon stderr:  
Time: 0.000344
Solution: [[13, 25], [12, 24]]
	Command being timed: "python3 allsynth/run.py -t PERS --GML topologies/topzoo/Napnet.gml 5 --dir topzoo_res/SC/PERS/PERS-0 --e-prop SC --repeat 1"
	User time (seconds): 0.71
	System time (seconds): 1.20
	Percent of CPU this job got: 474%
	Elapsed (wall clock) time (h:mm:ss or m:ss): 0:00.40
	Average shared text size (kbytes): 0
	Average unshared data size (kbytes): 0
	Average stack size (kbytes): 0
	Average total size (kbytes): 0
	Maximum resident set size (kbytes): 70456
	Average resident set size (kbytes): 0
	Major (requiring I/O) page faults: 0
	Minor (reclaiming a frame) page faults: 12889
	Voluntary context switches: 24
	Involuntary context switches: 51686
	Swaps: 0
	File system inputs: 0
	File system outputs: 24
	Socket messages sent: 0
	Socket messages received: 0
	Signals delivered: 0
	Page size (bytes): 4096
	Exit status: 0
