Namespace(tool='PERS', exper=None, gml=['topologies/topzoo/Nsfnet.gml', '5'], index=None, prop='SC', prop_file=None, op_req=None, repeat=1, reduce=False, opt=False, u=False, some=False, count=False, weight_bound=None, savedir='topzoo_res/SC/PERS/PERS-0', dump_bdd=False)
Running 5Nsfnet.gml
Policy: (Service([24, 35, 47, 66]-73) & (Reach 73))
Initial path of nodes: [1, 2, 0, 11, 9, 8, 14, 15, 13, 24, 22, 21, 27, 28, 26, 37, 35, 34, 40, 41, 39, 50, 48, 47, 53, 54, 52, 63, 61, 60, 66, 67, 65, 76, 74, 73]
Final path of nodes: [1, 4, 12, 11, 9, 8, 14, 17, 25, 24, 22, 21, 27, 30, 38, 37, 35, 34, 40, 43, 51, 50, 48, 47, 53, 56, 64, 63, 61, 60, 66, 69, 77, 76, 74, 73]
Persimmon problem:  {"Initial_routing":[[1, 2], [2, 0], [0, 11], [11, 9], [9, 8], [8, 14], [14, 15], [15, 13], [13, 24], [24, 22], [22, 21], [21, 27], [27, 28], [28, 26], [26, 37], [37, 35], [35, 34], [34, 40], [40, 41], [41, 39], [39, 50], [50, 48], [48, 47], [47, 53], [53, 54], [54, 52], [52, 63], [63, 61], [61, 60], [60, 66], [66, 67], [67, 65], [65, 76], [76, 74], [74, 73]],"Final_routing":[[1, 4], [4, 12], [12, 11], [11, 9], [9, 8], [8, 14], [14, 17], [17, 25], [25, 24], [24, 22], [22, 21], [21, 27], [27, 30], [30, 38], [38, 37], [37, 35], [35, 34], [34, 40], [40, 43], [43, 51], [51, 50], [50, 48], [48, 47], [47, 53], [53, 56], [56, 64], [64, 63], [63, 61], [61, 60], [60, 66], [66, 69], [69, 77], [77, 76], [76, 74], [74, 73]],"Properties":{"ServiceChain": {"waypoint": [24,35,47,66]},"Reachability":{"startNode":1,"finalNode":73}}}
Persimmon stdout:  Chain equivalence reduction: 48 -> 29
<=== Starting iteration 0 ===>
<=== Starting iteration 1 ===>
<=== Starting iteration 2 ===>
Solution: Some([[30, 38, 43, 51, 56, 64, 4, 12, 69, 77, 17, 25], [27, 14, 40, 66, 1, 53], [15, 13, 41, 39, 67, 65, 54, 52, 2, 0, 28, 26]])
Time elapsed: 1.48ms
Time elapsed(s): 0.001483s

Persimmon stderr:  
Time: 0.001483
Solution: [[30, 38, 43, 51, 56, 64, 4, 12, 69, 77, 17, 25], [27, 14, 40, 66, 1, 53], [15, 13, 41, 39, 67, 65, 54, 52, 2, 0, 28, 26]]
	Command being timed: "python3 allsynth/run.py -t PERS --GML topologies/topzoo/Nsfnet.gml 5 --dir topzoo_res/SC/PERS/PERS-0 --e-prop SC --repeat 1"
	User time (seconds): 0.70
	System time (seconds): 1.31
	Percent of CPU this job got: 491%
	Elapsed (wall clock) time (h:mm:ss or m:ss): 0:00.41
	Average shared text size (kbytes): 0
	Average unshared data size (kbytes): 0
	Average stack size (kbytes): 0
	Average total size (kbytes): 0
	Maximum resident set size (kbytes): 70320
	Average resident set size (kbytes): 0
	Major (requiring I/O) page faults: 0
	Minor (reclaiming a frame) page faults: 12959
	Voluntary context switches: 30
	Involuntary context switches: 127
	Swaps: 0
	File system inputs: 0
	File system outputs: 24
	Socket messages sent: 0
	Socket messages received: 0
	Signals delivered: 0
	Page size (bytes): 4096
	Exit status: 0
