Namespace(tool='BDD', exper=None, gml=['topologies/topzoo/Abilene.gml', '5'], index=None, prop='SC', prop_file=None, op_req=None, repeat=1, reduce=True, opt=False, u=False, some=False, count=False, weight_bound=None, savedir='topzoo_res/SC/reduce/BDD-2', dump_bdd=False)
Running 5Abilene.gml
Policy: (Service([26, 55]-59) & (Reach 59))
Initial path of nodes: [0, 1, 10, 7, 6, 4, 11, 12, 21, 18, 17, 15, 22, 23, 32, 29, 28, 26, 33, 34, 43, 40, 39, 37, 44, 45, 54, 51, 50, 48, 55, 56, 65, 62, 61, 59]
Final path of nodes: [0, 2, 9, 8, 5, 4, 11, 13, 20, 19, 16, 15, 22, 24, 31, 30, 27, 26, 33, 35, 42, 41, 38, 37, 44, 46, 53, 52, 49, 48, 55, 57, 64, 63, 60, 59]
Time: 0.010805368423461914
Solution: non-empty
	Command being timed: "python3 allsynth/run.py -t BDD --GML topologies/topzoo/Abilene.gml 5 --dir topzoo_res/SC/reduce/BDD-2 --e-prop SC --repeat 1 --reduce"
	User time (seconds): 0.89
	System time (seconds): 1.30
	Percent of CPU this job got: 371%
	Elapsed (wall clock) time (h:mm:ss or m:ss): 0:00.59
	Average shared text size (kbytes): 0
	Average unshared data size (kbytes): 0
	Average stack size (kbytes): 0
	Average total size (kbytes): 0
	Maximum resident set size (kbytes): 87264
	Average resident set size (kbytes): 0
	Major (requiring I/O) page faults: 0
	Minor (reclaiming a frame) page faults: 13907
	Voluntary context switches: 24
	Involuntary context switches: 38
	Swaps: 0
	File system inputs: 0
	File system outputs: 24
	Socket messages sent: 0
	Socket messages received: 0
	Signals delivered: 0
	Page size (bytes): 4096
	Exit status: 0
