Namespace(tool='BDD', exper=None, gml=['topologies/topzoo/Arpanet19706.gml', '5'], index=None, prop='SC', prop_file=None, op_req=None, repeat=1, reduce=True, opt=False, u=False, some=False, count=False, weight_bound=None, savedir='topzoo_res/SC/reduce/BDD-2', dump_bdd=False)
Running 5Arpanet19706.gml
Policy: (Service([17, 21, 31, 43]-52) & (Reach 52))
Initial path of nodes: [1, 3, 4, 8, 7, 9, 17, 13, 12, 11, 19, 21, 22, 26, 25, 28, 30, 31, 35, 34, 37, 39, 40, 44, 43, 46, 48, 49, 53, 52]
Final path of nodes: [1, 3, 4, 5, 6, 7, 9, 17, 16, 15, 14, 13, 12, 10, 11, 19, 20, 21, 22, 23, 24, 25, 28, 30, 31, 32, 33, 34, 37, 38, 39, 40, 41, 42, 43, 46, 48, 49, 50, 51, 52]
Time: 0.02713489532470703
Solution: non-empty
	Command being timed: "python3 allsynth/run.py -t BDD --GML topologies/topzoo/Arpanet19706.gml 5 --dir topzoo_res/SC/reduce/BDD-2 --e-prop SC --repeat 1 --reduce"
	User time (seconds): 0.90
	System time (seconds): 1.29
	Percent of CPU this job got: 369%
	Elapsed (wall clock) time (h:mm:ss or m:ss): 0:00.59
	Average shared text size (kbytes): 0
	Average unshared data size (kbytes): 0
	Average stack size (kbytes): 0
	Average total size (kbytes): 0
	Maximum resident set size (kbytes): 87160
	Average resident set size (kbytes): 0
	Major (requiring I/O) page faults: 0
	Minor (reclaiming a frame) page faults: 13942
	Voluntary context switches: 27
	Involuntary context switches: 71
	Swaps: 0
	File system inputs: 0
	File system outputs: 24
	Socket messages sent: 0
	Socket messages received: 0
	Signals delivered: 0
	Page size (bytes): 4096
	Exit status: 0
