Namespace(tool='BDD', exper=None, gml=['topologies/topzoo/Chinanet.gml', '5'], index=None, prop='SC', prop_file=None, op_req=None, repeat=1, reduce=True, opt=False, u=False, some=False, count=False, weight_bound=None, savedir='topzoo_res/SC/reduce/BDD-2', dump_bdd=False)
Running 5Chinanet.gml
Policy: (Service([75, 122, 163, 212]-247) & (Reach 247))
Initial path of nodes: [2, 33, 39, 38, 37, 44, 75, 81, 80, 79, 86, 117, 123, 122, 121, 128, 159, 165, 164, 163, 170, 201, 207, 206, 205, 212, 243, 249, 248, 247]
Final path of nodes: [2, 33, 18, 8, 38, 37, 44, 75, 60, 50, 80, 79, 86, 117, 102, 92, 122, 121, 128, 159, 144, 134, 164, 163, 170, 201, 186, 176, 206, 205, 212, 243, 228, 218, 248, 247]
Time: 0.011669158935546875
Solution: non-empty
	Command being timed: "python3 allsynth/run.py -t BDD --GML topologies/topzoo/Chinanet.gml 5 --dir topzoo_res/SC/reduce/BDD-2 --e-prop SC --repeat 1 --reduce"
	User time (seconds): 0.96
	System time (seconds): 1.24
	Percent of CPU this job got: 345%
	Elapsed (wall clock) time (h:mm:ss or m:ss): 0:00.63
	Average shared text size (kbytes): 0
	Average unshared data size (kbytes): 0
	Average stack size (kbytes): 0
	Average total size (kbytes): 0
	Maximum resident set size (kbytes): 89008
	Average resident set size (kbytes): 0
	Major (requiring I/O) page faults: 0
	Minor (reclaiming a frame) page faults: 14361
	Voluntary context switches: 28
	Involuntary context switches: 123
	Swaps: 0
	File system inputs: 0
	File system outputs: 24
	Socket messages sent: 0
	Socket messages received: 0
	Signals delivered: 0
	Page size (bytes): 4096
	Exit status: 0
