Namespace(tool='BDD', exper=None, gml=['topologies/topzoo/Darkstrand.gml', '5'], index=None, prop='SC', prop_file=None, op_req=None, repeat=1, reduce=True, opt=False, u=False, some=False, count=False, weight_bound=None, savedir='topzoo_res/SC/reduce/BDD-2', dump_bdd=False)
Running 5Darkstrand.gml
Policy: (Service([78, 157]-162) & (Reach 162))
Initial path of nodes: [17, 10, 11, 12, 13, 1, 25, 24, 23, 20, 21, 22, 45, 38, 39, 40, 41, 29, 53, 52, 51, 48, 49, 50, 73, 66, 67, 68, 69, 57, 81, 80, 79, 76, 77, 78, 101, 94, 95, 96, 97, 85, 109, 108, 107, 104, 105, 106, 129, 122, 123, 124, 125, 113, 137, 136, 135, 132, 133, 134, 157, 150, 151, 152, 153, 141, 165, 164, 163, 160, 161, 162]
Final path of nodes: [17, 16, 9, 8, 5, 4, 7, 6, 2, 19, 27, 18, 22, 45, 44, 37, 36, 33, 32, 35, 34, 30, 47, 55, 46, 50, 73, 72, 65, 64, 61, 60, 63, 62, 58, 75, 83, 74, 78, 101, 100, 93, 92, 89, 88, 91, 90, 86, 103, 111, 102, 106, 129, 128, 121, 120, 117, 116, 119, 118, 114, 131, 139, 130, 134, 157, 156, 149, 148, 145, 144, 147, 146, 142, 159, 167, 158, 162]
Time: 0.020866870880126953
Solution: non-empty
	Command being timed: "python3 allsynth/run.py -t BDD --GML topologies/topzoo/Darkstrand.gml 5 --dir topzoo_res/SC/reduce/BDD-2 --e-prop SC --repeat 1 --reduce"
	User time (seconds): 0.93
	System time (seconds): 1.29
	Percent of CPU this job got: 360%
	Elapsed (wall clock) time (h:mm:ss or m:ss): 0:00.61
	Average shared text size (kbytes): 0
	Average unshared data size (kbytes): 0
	Average stack size (kbytes): 0
	Average total size (kbytes): 0
	Maximum resident set size (kbytes): 88028
	Average resident set size (kbytes): 0
	Major (requiring I/O) page faults: 0
	Minor (reclaiming a frame) page faults: 14170
	Voluntary context switches: 28
	Involuntary context switches: 47
	Swaps: 0
	File system inputs: 0
	File system outputs: 24
	Socket messages sent: 0
	Socket messages received: 0
	Signals delivered: 0
	Page size (bytes): 4096
	Exit status: 0
