Namespace(tool='BDD', exper=None, gml=['topologies/topzoo/Forthnet.gml', '5'], index=None, prop='SC', prop_file=None, op_req=None, repeat=1, reduce=True, opt=False, u=False, some=False, count=False, weight_bound=None, savedir='topzoo_res/SC/reduce/BDD-2', dump_bdd=False)
Running 5Forthnet.gml
Policy: (Service([55, 117, 84, 131, 206, 189, 291, 331, 365]-363) & (Reach 363))
Initial path of nodes: [21, 20, 42, 43, 7, 55, 3, 53, 64, 65, 117, 69, 105, 104, 82, 84, 145, 144, 166, 167, 131, 179, 127, 177, 207, 206, 228, 229, 193, 241, 189, 239, 269, 268, 290, 291, 255, 303, 251, 301, 331, 330, 352, 353, 317, 365, 313, 363]
Final path of nodes: [21, 20, 42, 43, 7, 32, 55, 3, 53, 64, 65, 117, 94, 69, 105, 104, 82, 84, 145, 144, 166, 167, 131, 156, 179, 127, 177, 207, 206, 228, 229, 193, 218, 241, 189, 239, 269, 268, 290, 291, 255, 280, 303, 251, 301, 331, 330, 352, 353, 317, 342, 365, 313, 363]
Time: 0.021538257598876953
Solution: non-empty
	Command being timed: "python3 allsynth/run.py -t BDD --GML topologies/topzoo/Forthnet.gml 5 --dir topzoo_res/SC/reduce/BDD-2 --e-prop SC --repeat 1 --reduce"
	User time (seconds): 1.03
	System time (seconds): 1.28
	Percent of CPU this job got: 325%
	Elapsed (wall clock) time (h:mm:ss or m:ss): 0:00.71
	Average shared text size (kbytes): 0
	Average unshared data size (kbytes): 0
	Average stack size (kbytes): 0
	Average total size (kbytes): 0
	Maximum resident set size (kbytes): 89524
	Average resident set size (kbytes): 0
	Major (requiring I/O) page faults: 0
	Minor (reclaiming a frame) page faults: 14456
	Voluntary context switches: 26
	Involuntary context switches: 46
	Swaps: 0
	File system inputs: 0
	File system outputs: 24
	Socket messages sent: 0
	Socket messages received: 0
	Signals delivered: 0
	Page size (bytes): 4096
	Exit status: 0
