Namespace(tool='BDD', exper=None, gml=['topologies/topzoo/Garr201109.gml', '5'], index=None, prop='SC', prop_file=None, op_req=None, repeat=1, reduce=True, opt=False, u=False, some=False, count=False, weight_bound=None, savedir='topzoo_res/SC/reduce/BDD-2', dump_bdd=False)
Running 5Garr201109.gml
Policy: (Service([30, 69, 126, 148, 187, 244, 266, 305]-326) & (Reach 326))
Initial path of nodes: [8, 22, 21, 10, 44, 14, 32, 30, 31, 67, 81, 80, 69, 103, 73, 91, 89, 90, 126, 140, 139, 128, 162, 132, 150, 148, 149, 185, 199, 198, 187, 221, 191, 209, 207, 208, 244, 258, 257, 246, 280, 250, 268, 266, 267, 303, 317, 316, 305, 339, 309, 327, 325, 326]
Final path of nodes: [8, 22, 21, 18, 53, 14, 32, 30, 31, 67, 81, 80, 69, 112, 73, 92, 91, 89, 90, 126, 140, 139, 136, 171, 132, 150, 148, 149, 185, 199, 198, 187, 230, 191, 210, 209, 207, 208, 244, 258, 257, 254, 289, 250, 268, 266, 267, 303, 317, 316, 305, 348, 309, 328, 327, 325, 326]
Time: 0.03055715560913086
Solution: non-empty
	Command being timed: "python3 allsynth/run.py -t BDD --GML topologies/topzoo/Garr201109.gml 5 --dir topzoo_res/SC/reduce/BDD-2 --e-prop SC --repeat 1 --reduce"
	User time (seconds): 0.94
	System time (seconds): 1.18
	Percent of CPU this job got: 294%
	Elapsed (wall clock) time (h:mm:ss or m:ss): 0:00.72
	Average shared text size (kbytes): 0
	Average unshared data size (kbytes): 0
	Average stack size (kbytes): 0
	Average total size (kbytes): 0
	Maximum resident set size (kbytes): 89348
	Average resident set size (kbytes): 0
	Major (requiring I/O) page faults: 0
	Minor (reclaiming a frame) page faults: 14448
	Voluntary context switches: 24
	Involuntary context switches: 50831
	Swaps: 0
	File system inputs: 0
	File system outputs: 24
	Socket messages sent: 0
	Socket messages received: 0
	Signals delivered: 0
	Page size (bytes): 4096
	Exit status: 0
