Namespace(tool='BDD', exper=None, gml=['topologies/topzoo/Garr200908.gml', '5'], index=None, prop='SC', prop_file=None, op_req=None, repeat=1, reduce=True, opt=False, u=False, some=False, count=False, weight_bound=None, savedir='topzoo_res/SC/reduce/BDD-2', dump_bdd=False)
Running 5Garr200908.gml
Policy: (Service([51, 72, 156, 181, 234, 283, 321]-321) & (Reach 321))
Initial path of nodes: [13, 18, 19, 8, 48, 31, 12, 51, 54, 83, 78, 93, 62, 73, 72, 67, 121, 126, 127, 116, 156, 139, 120, 159, 175, 180, 181, 170, 210, 193, 174, 213, 229, 234, 235, 224, 264, 247, 228, 267, 283, 288, 289, 278, 318, 301, 282, 321]
Final path of nodes: [13, 18, 19, 16, 48, 24, 29, 12, 51, 54, 83, 78, 96, 70, 73, 72, 67, 121, 126, 127, 124, 156, 132, 137, 120, 159, 175, 180, 181, 178, 210, 186, 191, 174, 213, 229, 234, 235, 232, 264, 240, 245, 228, 267, 283, 288, 289, 286, 318, 294, 299, 282, 321]
Time: 0.03819394111633301
Solution: non-empty
	Command being timed: "python3 allsynth/run.py -t BDD --GML topologies/topzoo/Garr200908.gml 5 --dir topzoo_res/SC/reduce/BDD-2 --e-prop SC --repeat 1 --reduce"
	User time (seconds): 1.05
	System time (seconds): 1.23
	Percent of CPU this job got: 333%
	Elapsed (wall clock) time (h:mm:ss or m:ss): 0:00.68
	Average shared text size (kbytes): 0
	Average unshared data size (kbytes): 0
	Average stack size (kbytes): 0
	Average total size (kbytes): 0
	Maximum resident set size (kbytes): 89216
	Average resident set size (kbytes): 0
	Major (requiring I/O) page faults: 0
	Minor (reclaiming a frame) page faults: 14399
	Voluntary context switches: 25
	Involuntary context switches: 80
	Swaps: 0
	File system inputs: 0
	File system outputs: 24
	Socket messages sent: 0
	Socket messages received: 0
	Signals delivered: 0
	Page size (bytes): 4096
	Exit status: 0
