Namespace(tool='BDD', exper=None, gml=['topologies/topzoo/Gridnet.gml', '5'], index=None, prop='SC', prop_file=None, op_req=None, repeat=1, reduce=True, opt=False, u=False, some=False, count=False, weight_bound=None, savedir='topzoo_res/SC/reduce/BDD-2', dump_bdd=False)
Running 5Gridnet.gml
Policy: (Service([19, 44]-53) & (Reach 53))
Initial path of nodes: [1, 2, 8, 9, 17, 15, 19, 20, 26, 28, 29, 35, 37, 38, 44, 46, 47, 53]
Final path of nodes: [1, 2, 8, 9, 16, 15, 19, 24, 26, 28, 33, 35, 37, 42, 44, 46, 51, 53]
Time: 0.007399082183837891
Solution: non-empty
	Command being timed: "python3 allsynth/run.py -t BDD --GML topologies/topzoo/Gridnet.gml 5 --dir topzoo_res/SC/reduce/BDD-2 --e-prop SC --repeat 1 --reduce"
	User time (seconds): 0.87
	System time (seconds): 1.30
	Percent of CPU this job got: 379%
	Elapsed (wall clock) time (h:mm:ss or m:ss): 0:00.57
	Average shared text size (kbytes): 0
	Average unshared data size (kbytes): 0
	Average stack size (kbytes): 0
	Average total size (kbytes): 0
	Maximum resident set size (kbytes): 87304
	Average resident set size (kbytes): 0
	Major (requiring I/O) page faults: 0
	Minor (reclaiming a frame) page faults: 13893
	Voluntary context switches: 28
	Involuntary context switches: 158
	Swaps: 0
	File system inputs: 0
	File system outputs: 24
	Socket messages sent: 0
	Socket messages received: 0
	Signals delivered: 0
	Page size (bytes): 4096
	Exit status: 0
