Namespace(tool='BDD', exper=None, gml=['topologies/topzoo/GtsCe.gml', '5'], index=None, prop='SC', prop_file=None, op_req=None, repeat=1, reduce=True, opt=False, u=False, some=False, count=False, weight_bound=None, savedir='topzoo_res/SC/reduce/BDD-2', dump_bdd=False)
Running 5GtsCe.gml
Policy: (Service([141, 52, 280, 291, 392, 318, 441, 571, 505, 721, 740, 750, 886, 797]-888) & (Reach 888))
Initial path of nodes: [5, 4, 16, 95, 96, 93, 94, 17, 132, 125, 131, 124, 141, 20, 144, 139, 29, 142, 58, 53, 52, 143, 154, 153, 165, 244, 245, 242, 243, 166, 281, 274, 280, 273, 290, 169, 293, 288, 178, 291, 207, 202, 201, 292, 303, 302, 314, 393, 394, 391, 392, 315, 430, 423, 429, 422, 439, 318, 442, 437, 327, 440, 356, 351, 350, 441, 452, 451, 463, 542, 543, 540, 541, 464, 579, 572, 578, 571, 588, 467, 591, 586, 476, 589, 505, 500, 499, 590, 601, 600, 612, 691, 692, 689, 690, 613, 728, 721, 727, 720, 737, 616, 740, 735, 625, 738, 654, 649, 648, 739, 750, 749, 761, 840, 841, 838, 839, 762, 877, 870, 876, 869, 886, 765, 889, 884, 774, 887, 803, 798, 797, 888]
Final path of nodes: [5, 6, 7, 8, 9, 14, 94, 92, 91, 109, 110, 121, 116, 77, 70, 125, 131, 123, 124, 141, 133, 20, 144, 140, 51, 117, 58, 142, 28, 54, 55, 52, 143, 154, 155, 156, 157, 158, 163, 243, 241, 240, 258, 259, 270, 265, 226, 219, 274, 280, 272, 273, 290, 282, 169, 293, 289, 200, 266, 207, 291, 177, 203, 204, 201, 292, 303, 304, 305, 306, 307, 312, 392, 390, 389, 407, 408, 419, 414, 375, 368, 423, 429, 421, 422, 439, 431, 318, 442, 438, 349, 415, 356, 440, 326, 352, 353, 350, 441, 452, 453, 454, 455, 456, 461, 541, 539, 538, 556, 557, 568, 563, 524, 517, 572, 578, 570, 571, 588, 580, 467, 591, 587, 498, 564, 505, 589, 475, 501, 502, 499, 590, 601, 602, 603, 604, 605, 610, 690, 688, 687, 705, 706, 717, 712, 673, 666, 721, 727, 719, 720, 737, 729, 616, 740, 736, 647, 713, 654, 738, 624, 650, 651, 648, 739, 750, 751, 752, 753, 754, 759, 839, 837, 836, 854, 855, 866, 861, 822, 815, 870, 876, 868, 869, 886, 878, 765, 889, 885, 796, 862, 803, 887, 773, 799, 800, 797, 888]
Time: 4.653146982192993
Solution: non-empty
	Command being timed: "python3 allsynth/run.py -t BDD --GML topologies/topzoo/GtsCe.gml 5 --dir topzoo_res/SC/reduce/BDD-2 --e-prop SC --repeat 1 --reduce"
	User time (seconds): 6.12
	System time (seconds): 1.35
	Percent of CPU this job got: 127%
	Elapsed (wall clock) time (h:mm:ss or m:ss): 0:05.87
	Average shared text size (kbytes): 0
	Average unshared data size (kbytes): 0
	Average stack size (kbytes): 0
	Average total size (kbytes): 0
	Maximum resident set size (kbytes): 109788
	Average resident set size (kbytes): 0
	Major (requiring I/O) page faults: 0
	Minor (reclaiming a frame) page faults: 18525
	Voluntary context switches: 25
	Involuntary context switches: 84
	Swaps: 0
	File system inputs: 0
	File system outputs: 24
	Socket messages sent: 0
	Socket messages received: 0
	Signals delivered: 0
	Page size (bytes): 4096
	Exit status: 0
