Namespace(tool='BDD', exper=None, gml=['topologies/topzoo/HiberniaIreland.gml', '5'], index=None, prop='SC', prop_file=None, op_req=None, repeat=1, reduce=True, opt=False, u=False, some=False, count=False, weight_bound=None, savedir='topzoo_res/SC/reduce/BDD-2', dump_bdd=False)
Running 5HiberniaIreland.gml
Policy: (Service([10, 16, 31, 41]-47) & (Reach 47))
Initial path of nodes: [1, 2, 5, 0, 7, 9, 10, 13, 8, 15, 17, 18, 21, 16, 23, 25, 26, 29, 24, 31, 33, 34, 37, 32, 39, 41, 42, 45, 40, 47]
Final path of nodes: [1, 2, 3, 4, 0, 7, 9, 10, 11, 12, 8, 15, 17, 18, 19, 20, 16, 23, 25, 26, 27, 28, 24, 31, 33, 34, 35, 36, 32, 39, 41, 42, 43, 44, 40, 47]
Time: 0.011538505554199219
Solution: non-empty
	Command being timed: "python3 allsynth/run.py -t BDD --GML topologies/topzoo/HiberniaIreland.gml 5 --dir topzoo_res/SC/reduce/BDD-2 --e-prop SC --repeat 1 --reduce"
	User time (seconds): 0.84
	System time (seconds): 1.31
	Percent of CPU this job got: 395%
	Elapsed (wall clock) time (h:mm:ss or m:ss): 0:00.54
	Average shared text size (kbytes): 0
	Average unshared data size (kbytes): 0
	Average stack size (kbytes): 0
	Average total size (kbytes): 0
	Maximum resident set size (kbytes): 86984
	Average resident set size (kbytes): 0
	Major (requiring I/O) page faults: 0
	Minor (reclaiming a frame) page faults: 13877
	Voluntary context switches: 23
	Involuntary context switches: 51
	Swaps: 0
	File system inputs: 0
	File system outputs: 24
	Socket messages sent: 0
	Socket messages received: 0
	Signals delivered: 0
	Page size (bytes): 4096
	Exit status: 0
