Namespace(tool='BDD', exper=None, gml=['topologies/topzoo/Packetexchange.gml', '5'], index=None, prop='SC', prop_file=None, op_req=None, repeat=1, reduce=True, opt=False, u=False, some=False, count=False, weight_bound=None, savedir='topzoo_res/SC/reduce/BDD-2', dump_bdd=False)
Running 5Packetexchange.gml
Policy: (Service([17, 31, 44, 64, 91, 110, 122]-122) & (Reach 122))
Initial path of nodes: [5, 7, 4, 1, 2, 20, 19, 18, 10, 17, 26, 28, 25, 22, 23, 41, 40, 39, 31, 38, 47, 49, 46, 43, 44, 62, 61, 60, 52, 59, 68, 70, 67, 64, 65, 83, 82, 81, 73, 80, 89, 91, 88, 85, 86, 104, 103, 102, 94, 101, 110, 112, 109, 106, 107, 125, 124, 123, 115, 122]
Final path of nodes: [5, 7, 6, 1, 2, 12, 11, 14, 15, 10, 17, 26, 28, 27, 22, 23, 33, 32, 35, 36, 31, 38, 47, 49, 48, 43, 44, 54, 53, 56, 57, 52, 59, 68, 70, 69, 64, 65, 75, 74, 77, 78, 73, 80, 89, 91, 90, 85, 86, 96, 95, 98, 99, 94, 101, 110, 112, 111, 106, 107, 117, 116, 119, 120, 115, 122]
Time: 0.057229042053222656
Solution: non-empty
	Command being timed: "python3 allsynth/run.py -t BDD --GML topologies/topzoo/Packetexchange.gml 5 --dir topzoo_res/SC/reduce/BDD-2 --e-prop SC --repeat 1 --reduce"
	User time (seconds): 0.91
	System time (seconds): 1.33
	Percent of CPU this job got: 352%
	Elapsed (wall clock) time (h:mm:ss or m:ss): 0:00.63
	Average shared text size (kbytes): 0
	Average unshared data size (kbytes): 0
	Average stack size (kbytes): 0
	Average total size (kbytes): 0
	Maximum resident set size (kbytes): 87620
	Average resident set size (kbytes): 0
	Major (requiring I/O) page faults: 0
	Minor (reclaiming a frame) page faults: 14118
	Voluntary context switches: 25
	Involuntary context switches: 39
	Swaps: 0
	File system inputs: 0
	File system outputs: 24
	Socket messages sent: 0
	Socket messages received: 0
	Signals delivered: 0
	Page size (bytes): 4096
	Exit status: 0
