Namespace(tool='BDD', exper=None, gml=['topologies/topzoo/Quest.gml', '5'], index=None, prop='SC', prop_file=None, op_req=None, repeat=1, reduce=True, opt=False, u=False, some=False, count=False, weight_bound=None, savedir='topzoo_res/SC/reduce/BDD-2', dump_bdd=False)
Running 5Quest.gml
Policy: (Service([38, 83]-119) & (Reach 119))
Initial path of nodes: [3, 0, 11, 2, 10, 19, 20, 31, 22, 34, 37, 38, 43, 40, 51, 42, 50, 59, 63, 60, 71, 62, 70, 79, 83, 80, 91, 82, 90, 99, 103, 100, 111, 102, 110, 119]
Final path of nodes: [3, 7, 6, 14, 17, 19, 20, 23, 27, 26, 34, 37, 38, 43, 47, 46, 54, 57, 59, 63, 67, 66, 74, 77, 79, 83, 87, 86, 94, 97, 99, 103, 107, 106, 114, 117, 119]
Time: 0.010542631149291992
Solution: non-empty
	Command being timed: "python3 allsynth/run.py -t BDD --GML topologies/topzoo/Quest.gml 5 --dir topzoo_res/SC/reduce/BDD-2 --e-prop SC --repeat 1 --reduce"
	User time (seconds): 0.85
	System time (seconds): 1.32
	Percent of CPU this job got: 377%
	Elapsed (wall clock) time (h:mm:ss or m:ss): 0:00.57
	Average shared text size (kbytes): 0
	Average unshared data size (kbytes): 0
	Average stack size (kbytes): 0
	Average total size (kbytes): 0
	Maximum resident set size (kbytes): 87852
	Average resident set size (kbytes): 0
	Major (requiring I/O) page faults: 0
	Minor (reclaiming a frame) page faults: 14060
	Voluntary context switches: 25
	Involuntary context switches: 57
	Swaps: 0
	File system inputs: 0
	File system outputs: 24
	Socket messages sent: 0
	Socket messages received: 0
	Signals delivered: 0
	Page size (bytes): 4096
	Exit status: 0
