Namespace(tool='BDD', exper=None, gml=['topologies/topzoo/Sanren.gml', '5'], index=None, prop='SC', prop_file=None, op_req=None, repeat=1, reduce=True, opt=False, u=False, some=False, count=False, weight_bound=None, savedir='topzoo_res/SC/reduce/BDD-2', dump_bdd=False)
Running 5Sanren.gml
Policy: (Service([20, 36]-41) & (Reach 41))
Initial path of nodes: [1, 0, 3, 6, 7, 10, 13, 12, 15, 14, 17, 20, 22, 21, 24, 27, 29, 28, 31, 34, 36, 35, 38, 41]
Final path of nodes: [1, 2, 4, 5, 6, 7, 8, 9, 11, 12, 15, 16, 18, 19, 20, 22, 23, 25, 26, 27, 29, 30, 32, 33, 34, 36, 37, 39, 40, 41]
Time: 0.009525060653686523
Solution: non-empty
	Command being timed: "python3 allsynth/run.py -t BDD --GML topologies/topzoo/Sanren.gml 5 --dir topzoo_res/SC/reduce/BDD-2 --e-prop SC --repeat 1 --reduce"
	User time (seconds): 0.81
	System time (seconds): 1.35
	Percent of CPU this job got: 389%
	Elapsed (wall clock) time (h:mm:ss or m:ss): 0:00.55
	Average shared text size (kbytes): 0
	Average unshared data size (kbytes): 0
	Average stack size (kbytes): 0
	Average total size (kbytes): 0
	Maximum resident set size (kbytes): 87096
	Average resident set size (kbytes): 0
	Major (requiring I/O) page faults: 0
	Minor (reclaiming a frame) page faults: 13862
	Voluntary context switches: 23
	Involuntary context switches: 45
	Swaps: 0
	File system inputs: 0
	File system outputs: 24
	Socket messages sent: 0
	Socket messages received: 0
	Signals delivered: 0
	Page size (bytes): 4096
	Exit status: 0
